[2023-09-06T04:26:25.860+0000] {processor.py:153} INFO - Started process (PID=89) to work on /home/airflow/.local/lib/python3.7/site-packages/airflow/example_dags/example_branch_day_of_week_operator.py
[2023-09-06T04:26:25.873+0000] {processor.py:743} INFO - Processing file /home/airflow/.local/lib/python3.7/site-packages/airflow/example_dags/example_branch_day_of_week_operator.py for tasks to queue
[2023-09-06T04:26:25.894+0000] {logging_mixin.py:137} INFO - [2023-09-06T04:26:25.894+0000] {dagbag.py:538} INFO - Filling up the DagBag from /home/airflow/.local/lib/python3.7/site-packages/airflow/example_dags/example_branch_day_of_week_operator.py
[2023-09-06T04:26:26.008+0000] {processor.py:753} INFO - DAG(s) dict_keys(['example_weekday_branch_operator']) retrieved from /home/airflow/.local/lib/python3.7/site-packages/airflow/example_dags/example_branch_day_of_week_operator.py
[2023-09-06T04:26:26.135+0000] {logging_mixin.py:137} INFO - [2023-09-06T04:26:26.134+0000] {dag.py:2690} INFO - Sync 1 DAGs
[2023-09-06T04:26:26.386+0000] {logging_mixin.py:137} INFO - [2023-09-06T04:26:26.386+0000] {dag.py:3441} INFO - Setting next_dagrun for example_weekday_branch_operator to 2023-09-05T00:00:00+00:00, run_after=2023-09-06T00:00:00+00:00
[2023-09-06T04:26:26.565+0000] {processor.py:175} INFO - Processing /home/airflow/.local/lib/python3.7/site-packages/airflow/example_dags/example_branch_day_of_week_operator.py took 0.709 seconds
[2023-09-06T04:26:57.102+0000] {processor.py:153} INFO - Started process (PID=149) to work on /home/airflow/.local/lib/python3.7/site-packages/airflow/example_dags/example_branch_day_of_week_operator.py
[2023-09-06T04:26:57.103+0000] {processor.py:743} INFO - Processing file /home/airflow/.local/lib/python3.7/site-packages/airflow/example_dags/example_branch_day_of_week_operator.py for tasks to queue
[2023-09-06T04:26:57.105+0000] {logging_mixin.py:137} INFO - [2023-09-06T04:26:57.104+0000] {dagbag.py:538} INFO - Filling up the DagBag from /home/airflow/.local/lib/python3.7/site-packages/airflow/example_dags/example_branch_day_of_week_operator.py
[2023-09-06T04:26:57.125+0000] {processor.py:753} INFO - DAG(s) dict_keys(['example_weekday_branch_operator']) retrieved from /home/airflow/.local/lib/python3.7/site-packages/airflow/example_dags/example_branch_day_of_week_operator.py
[2023-09-06T04:26:57.171+0000] {logging_mixin.py:137} INFO - [2023-09-06T04:26:57.171+0000] {dag.py:2690} INFO - Sync 1 DAGs
[2023-09-06T04:26:57.217+0000] {logging_mixin.py:137} INFO - [2023-09-06T04:26:57.217+0000] {dag.py:3441} INFO - Setting next_dagrun for example_weekday_branch_operator to 2023-09-05T00:00:00+00:00, run_after=2023-09-06T00:00:00+00:00
[2023-09-06T04:26:57.288+0000] {processor.py:175} INFO - Processing /home/airflow/.local/lib/python3.7/site-packages/airflow/example_dags/example_branch_day_of_week_operator.py took 0.193 seconds
[2023-09-06T04:27:27.464+0000] {processor.py:153} INFO - Started process (PID=208) to work on /home/airflow/.local/lib/python3.7/site-packages/airflow/example_dags/example_branch_day_of_week_operator.py
[2023-09-06T04:27:27.466+0000] {processor.py:743} INFO - Processing file /home/airflow/.local/lib/python3.7/site-packages/airflow/example_dags/example_branch_day_of_week_operator.py for tasks to queue
[2023-09-06T04:27:27.467+0000] {logging_mixin.py:137} INFO - [2023-09-06T04:27:27.467+0000] {dagbag.py:538} INFO - Filling up the DagBag from /home/airflow/.local/lib/python3.7/site-packages/airflow/example_dags/example_branch_day_of_week_operator.py
[2023-09-06T04:27:27.488+0000] {processor.py:753} INFO - DAG(s) dict_keys(['example_weekday_branch_operator']) retrieved from /home/airflow/.local/lib/python3.7/site-packages/airflow/example_dags/example_branch_day_of_week_operator.py
[2023-09-06T04:27:27.524+0000] {logging_mixin.py:137} INFO - [2023-09-06T04:27:27.523+0000] {dag.py:2690} INFO - Sync 1 DAGs
[2023-09-06T04:27:27.563+0000] {logging_mixin.py:137} INFO - [2023-09-06T04:27:27.563+0000] {dag.py:3441} INFO - Setting next_dagrun for example_weekday_branch_operator to 2023-09-05T00:00:00+00:00, run_after=2023-09-06T00:00:00+00:00
[2023-09-06T04:27:27.593+0000] {processor.py:175} INFO - Processing /home/airflow/.local/lib/python3.7/site-packages/airflow/example_dags/example_branch_day_of_week_operator.py took 0.134 seconds
[2023-09-06T04:27:58.050+0000] {processor.py:153} INFO - Started process (PID=268) to work on /home/airflow/.local/lib/python3.7/site-packages/airflow/example_dags/example_branch_day_of_week_operator.py
[2023-09-06T04:27:58.052+0000] {processor.py:743} INFO - Processing file /home/airflow/.local/lib/python3.7/site-packages/airflow/example_dags/example_branch_day_of_week_operator.py for tasks to queue
[2023-09-06T04:27:58.065+0000] {logging_mixin.py:137} INFO - [2023-09-06T04:27:58.065+0000] {dagbag.py:538} INFO - Filling up the DagBag from /home/airflow/.local/lib/python3.7/site-packages/airflow/example_dags/example_branch_day_of_week_operator.py
[2023-09-06T04:27:58.125+0000] {processor.py:753} INFO - DAG(s) dict_keys(['example_weekday_branch_operator']) retrieved from /home/airflow/.local/lib/python3.7/site-packages/airflow/example_dags/example_branch_day_of_week_operator.py
[2023-09-06T04:27:58.288+0000] {logging_mixin.py:137} INFO - [2023-09-06T04:27:58.287+0000] {dag.py:2690} INFO - Sync 1 DAGs
[2023-09-06T04:27:58.469+0000] {logging_mixin.py:137} INFO - [2023-09-06T04:27:58.468+0000] {dag.py:3441} INFO - Setting next_dagrun for example_weekday_branch_operator to 2023-09-05T00:00:00+00:00, run_after=2023-09-06T00:00:00+00:00
[2023-09-06T04:27:58.605+0000] {processor.py:175} INFO - Processing /home/airflow/.local/lib/python3.7/site-packages/airflow/example_dags/example_branch_day_of_week_operator.py took 0.565 seconds
[2023-09-06T04:29:12.741+0000] {processor.py:153} INFO - Started process (PID=69) to work on /home/airflow/.local/lib/python3.7/site-packages/airflow/example_dags/example_branch_day_of_week_operator.py
[2023-09-06T04:29:12.767+0000] {processor.py:743} INFO - Processing file /home/airflow/.local/lib/python3.7/site-packages/airflow/example_dags/example_branch_day_of_week_operator.py for tasks to queue
[2023-09-06T04:29:12.771+0000] {logging_mixin.py:137} INFO - [2023-09-06T04:29:12.770+0000] {dagbag.py:538} INFO - Filling up the DagBag from /home/airflow/.local/lib/python3.7/site-packages/airflow/example_dags/example_branch_day_of_week_operator.py
[2023-09-06T04:29:12.891+0000] {processor.py:753} INFO - DAG(s) dict_keys(['example_weekday_branch_operator']) retrieved from /home/airflow/.local/lib/python3.7/site-packages/airflow/example_dags/example_branch_day_of_week_operator.py
[2023-09-06T04:29:13.094+0000] {logging_mixin.py:137} INFO - [2023-09-06T04:29:13.094+0000] {dag.py:2690} INFO - Sync 1 DAGs
[2023-09-06T04:29:13.218+0000] {logging_mixin.py:137} INFO - [2023-09-06T04:29:13.218+0000] {dag.py:3441} INFO - Setting next_dagrun for example_weekday_branch_operator to 2023-09-05T00:00:00+00:00, run_after=2023-09-06T00:00:00+00:00
[2023-09-06T04:29:13.376+0000] {processor.py:175} INFO - Processing /home/airflow/.local/lib/python3.7/site-packages/airflow/example_dags/example_branch_day_of_week_operator.py took 0.642 seconds
[2023-09-06T04:29:44.021+0000] {processor.py:153} INFO - Started process (PID=127) to work on /home/airflow/.local/lib/python3.7/site-packages/airflow/example_dags/example_branch_day_of_week_operator.py
[2023-09-06T04:29:44.023+0000] {processor.py:743} INFO - Processing file /home/airflow/.local/lib/python3.7/site-packages/airflow/example_dags/example_branch_day_of_week_operator.py for tasks to queue
[2023-09-06T04:29:44.024+0000] {logging_mixin.py:137} INFO - [2023-09-06T04:29:44.024+0000] {dagbag.py:538} INFO - Filling up the DagBag from /home/airflow/.local/lib/python3.7/site-packages/airflow/example_dags/example_branch_day_of_week_operator.py
[2023-09-06T04:29:44.043+0000] {processor.py:753} INFO - DAG(s) dict_keys(['example_weekday_branch_operator']) retrieved from /home/airflow/.local/lib/python3.7/site-packages/airflow/example_dags/example_branch_day_of_week_operator.py
[2023-09-06T04:29:44.074+0000] {logging_mixin.py:137} INFO - [2023-09-06T04:29:44.074+0000] {dag.py:2690} INFO - Sync 1 DAGs
[2023-09-06T04:29:44.139+0000] {logging_mixin.py:137} INFO - [2023-09-06T04:29:44.139+0000] {dag.py:3441} INFO - Setting next_dagrun for example_weekday_branch_operator to 2023-09-05T00:00:00+00:00, run_after=2023-09-06T00:00:00+00:00
[2023-09-06T04:29:44.170+0000] {processor.py:175} INFO - Processing /home/airflow/.local/lib/python3.7/site-packages/airflow/example_dags/example_branch_day_of_week_operator.py took 0.153 seconds
[2023-09-06T04:30:14.617+0000] {processor.py:153} INFO - Started process (PID=186) to work on /home/airflow/.local/lib/python3.7/site-packages/airflow/example_dags/example_branch_day_of_week_operator.py
[2023-09-06T04:30:14.625+0000] {processor.py:743} INFO - Processing file /home/airflow/.local/lib/python3.7/site-packages/airflow/example_dags/example_branch_day_of_week_operator.py for tasks to queue
[2023-09-06T04:30:14.627+0000] {logging_mixin.py:137} INFO - [2023-09-06T04:30:14.627+0000] {dagbag.py:538} INFO - Filling up the DagBag from /home/airflow/.local/lib/python3.7/site-packages/airflow/example_dags/example_branch_day_of_week_operator.py
[2023-09-06T04:30:14.657+0000] {processor.py:753} INFO - DAG(s) dict_keys(['example_weekday_branch_operator']) retrieved from /home/airflow/.local/lib/python3.7/site-packages/airflow/example_dags/example_branch_day_of_week_operator.py
[2023-09-06T04:30:14.706+0000] {logging_mixin.py:137} INFO - [2023-09-06T04:30:14.706+0000] {dag.py:2690} INFO - Sync 1 DAGs
[2023-09-06T04:30:14.737+0000] {logging_mixin.py:137} INFO - [2023-09-06T04:30:14.737+0000] {dag.py:3441} INFO - Setting next_dagrun for example_weekday_branch_operator to 2023-09-05T00:00:00+00:00, run_after=2023-09-06T00:00:00+00:00
[2023-09-06T04:30:14.758+0000] {processor.py:175} INFO - Processing /home/airflow/.local/lib/python3.7/site-packages/airflow/example_dags/example_branch_day_of_week_operator.py took 0.145 seconds
[2023-09-06T04:30:45.572+0000] {processor.py:153} INFO - Started process (PID=256) to work on /home/airflow/.local/lib/python3.7/site-packages/airflow/example_dags/example_branch_day_of_week_operator.py
[2023-09-06T04:30:45.573+0000] {processor.py:743} INFO - Processing file /home/airflow/.local/lib/python3.7/site-packages/airflow/example_dags/example_branch_day_of_week_operator.py for tasks to queue
[2023-09-06T04:30:45.575+0000] {logging_mixin.py:137} INFO - [2023-09-06T04:30:45.575+0000] {dagbag.py:538} INFO - Filling up the DagBag from /home/airflow/.local/lib/python3.7/site-packages/airflow/example_dags/example_branch_day_of_week_operator.py
[2023-09-06T04:30:45.614+0000] {processor.py:753} INFO - DAG(s) dict_keys(['example_weekday_branch_operator']) retrieved from /home/airflow/.local/lib/python3.7/site-packages/airflow/example_dags/example_branch_day_of_week_operator.py
[2023-09-06T04:30:45.674+0000] {logging_mixin.py:137} INFO - [2023-09-06T04:30:45.673+0000] {dag.py:2690} INFO - Sync 1 DAGs
[2023-09-06T04:30:45.715+0000] {logging_mixin.py:137} INFO - [2023-09-06T04:30:45.714+0000] {dag.py:3441} INFO - Setting next_dagrun for example_weekday_branch_operator to 2023-09-05T00:00:00+00:00, run_after=2023-09-06T00:00:00+00:00
[2023-09-06T04:30:45.742+0000] {processor.py:175} INFO - Processing /home/airflow/.local/lib/python3.7/site-packages/airflow/example_dags/example_branch_day_of_week_operator.py took 0.175 seconds
[2023-09-06T04:31:15.790+0000] {processor.py:153} INFO - Started process (PID=315) to work on /home/airflow/.local/lib/python3.7/site-packages/airflow/example_dags/example_branch_day_of_week_operator.py
[2023-09-06T04:31:15.792+0000] {processor.py:743} INFO - Processing file /home/airflow/.local/lib/python3.7/site-packages/airflow/example_dags/example_branch_day_of_week_operator.py for tasks to queue
[2023-09-06T04:31:15.793+0000] {logging_mixin.py:137} INFO - [2023-09-06T04:31:15.792+0000] {dagbag.py:538} INFO - Filling up the DagBag from /home/airflow/.local/lib/python3.7/site-packages/airflow/example_dags/example_branch_day_of_week_operator.py
[2023-09-06T04:31:15.811+0000] {processor.py:753} INFO - DAG(s) dict_keys(['example_weekday_branch_operator']) retrieved from /home/airflow/.local/lib/python3.7/site-packages/airflow/example_dags/example_branch_day_of_week_operator.py
[2023-09-06T04:31:15.841+0000] {logging_mixin.py:137} INFO - [2023-09-06T04:31:15.841+0000] {dag.py:2690} INFO - Sync 1 DAGs
[2023-09-06T04:31:15.871+0000] {logging_mixin.py:137} INFO - [2023-09-06T04:31:15.871+0000] {dag.py:3441} INFO - Setting next_dagrun for example_weekday_branch_operator to 2023-09-05T00:00:00+00:00, run_after=2023-09-06T00:00:00+00:00
[2023-09-06T04:31:15.895+0000] {processor.py:175} INFO - Processing /home/airflow/.local/lib/python3.7/site-packages/airflow/example_dags/example_branch_day_of_week_operator.py took 0.107 seconds
[2023-09-06T04:31:46.563+0000] {processor.py:153} INFO - Started process (PID=382) to work on /home/airflow/.local/lib/python3.7/site-packages/airflow/example_dags/example_branch_day_of_week_operator.py
[2023-09-06T04:31:46.564+0000] {processor.py:743} INFO - Processing file /home/airflow/.local/lib/python3.7/site-packages/airflow/example_dags/example_branch_day_of_week_operator.py for tasks to queue
[2023-09-06T04:31:46.565+0000] {logging_mixin.py:137} INFO - [2023-09-06T04:31:46.565+0000] {dagbag.py:538} INFO - Filling up the DagBag from /home/airflow/.local/lib/python3.7/site-packages/airflow/example_dags/example_branch_day_of_week_operator.py
[2023-09-06T04:31:46.598+0000] {processor.py:753} INFO - DAG(s) dict_keys(['example_weekday_branch_operator']) retrieved from /home/airflow/.local/lib/python3.7/site-packages/airflow/example_dags/example_branch_day_of_week_operator.py
[2023-09-06T04:31:46.672+0000] {logging_mixin.py:137} INFO - [2023-09-06T04:31:46.672+0000] {dag.py:2690} INFO - Sync 1 DAGs
[2023-09-06T04:31:46.762+0000] {logging_mixin.py:137} INFO - [2023-09-06T04:31:46.762+0000] {dag.py:3441} INFO - Setting next_dagrun for example_weekday_branch_operator to 2023-09-05T00:00:00+00:00, run_after=2023-09-06T00:00:00+00:00
[2023-09-06T04:31:46.801+0000] {processor.py:175} INFO - Processing /home/airflow/.local/lib/python3.7/site-packages/airflow/example_dags/example_branch_day_of_week_operator.py took 0.243 seconds
[2023-09-06T04:32:16.906+0000] {processor.py:153} INFO - Started process (PID=443) to work on /home/airflow/.local/lib/python3.7/site-packages/airflow/example_dags/example_branch_day_of_week_operator.py
[2023-09-06T04:32:16.907+0000] {processor.py:743} INFO - Processing file /home/airflow/.local/lib/python3.7/site-packages/airflow/example_dags/example_branch_day_of_week_operator.py for tasks to queue
[2023-09-06T04:32:16.908+0000] {logging_mixin.py:137} INFO - [2023-09-06T04:32:16.908+0000] {dagbag.py:538} INFO - Filling up the DagBag from /home/airflow/.local/lib/python3.7/site-packages/airflow/example_dags/example_branch_day_of_week_operator.py
[2023-09-06T04:32:16.928+0000] {processor.py:753} INFO - DAG(s) dict_keys(['example_weekday_branch_operator']) retrieved from /home/airflow/.local/lib/python3.7/site-packages/airflow/example_dags/example_branch_day_of_week_operator.py
[2023-09-06T04:32:16.959+0000] {logging_mixin.py:137} INFO - [2023-09-06T04:32:16.959+0000] {dag.py:2690} INFO - Sync 1 DAGs
[2023-09-06T04:32:16.988+0000] {logging_mixin.py:137} INFO - [2023-09-06T04:32:16.988+0000] {dag.py:3441} INFO - Setting next_dagrun for example_weekday_branch_operator to 2023-09-05T00:00:00+00:00, run_after=2023-09-06T00:00:00+00:00
[2023-09-06T04:32:17.011+0000] {processor.py:175} INFO - Processing /home/airflow/.local/lib/python3.7/site-packages/airflow/example_dags/example_branch_day_of_week_operator.py took 0.109 seconds
[2023-09-06T04:32:47.380+0000] {processor.py:153} INFO - Started process (PID=502) to work on /home/airflow/.local/lib/python3.7/site-packages/airflow/example_dags/example_branch_day_of_week_operator.py
[2023-09-06T04:32:47.384+0000] {processor.py:743} INFO - Processing file /home/airflow/.local/lib/python3.7/site-packages/airflow/example_dags/example_branch_day_of_week_operator.py for tasks to queue
[2023-09-06T04:32:47.385+0000] {logging_mixin.py:137} INFO - [2023-09-06T04:32:47.385+0000] {dagbag.py:538} INFO - Filling up the DagBag from /home/airflow/.local/lib/python3.7/site-packages/airflow/example_dags/example_branch_day_of_week_operator.py
[2023-09-06T04:32:47.421+0000] {processor.py:753} INFO - DAG(s) dict_keys(['example_weekday_branch_operator']) retrieved from /home/airflow/.local/lib/python3.7/site-packages/airflow/example_dags/example_branch_day_of_week_operator.py
[2023-09-06T04:32:47.474+0000] {logging_mixin.py:137} INFO - [2023-09-06T04:32:47.474+0000] {dag.py:2690} INFO - Sync 1 DAGs
[2023-09-06T04:32:47.538+0000] {logging_mixin.py:137} INFO - [2023-09-06T04:32:47.537+0000] {dag.py:3441} INFO - Setting next_dagrun for example_weekday_branch_operator to 2023-09-05T00:00:00+00:00, run_after=2023-09-06T00:00:00+00:00
[2023-09-06T04:32:47.583+0000] {processor.py:175} INFO - Processing /home/airflow/.local/lib/python3.7/site-packages/airflow/example_dags/example_branch_day_of_week_operator.py took 0.206 seconds
[2023-09-06T04:33:18.469+0000] {processor.py:153} INFO - Started process (PID=573) to work on /home/airflow/.local/lib/python3.7/site-packages/airflow/example_dags/example_branch_day_of_week_operator.py
[2023-09-06T04:33:18.471+0000] {processor.py:743} INFO - Processing file /home/airflow/.local/lib/python3.7/site-packages/airflow/example_dags/example_branch_day_of_week_operator.py for tasks to queue
[2023-09-06T04:33:18.473+0000] {logging_mixin.py:137} INFO - [2023-09-06T04:33:18.472+0000] {dagbag.py:538} INFO - Filling up the DagBag from /home/airflow/.local/lib/python3.7/site-packages/airflow/example_dags/example_branch_day_of_week_operator.py
[2023-09-06T04:33:18.504+0000] {processor.py:753} INFO - DAG(s) dict_keys(['example_weekday_branch_operator']) retrieved from /home/airflow/.local/lib/python3.7/site-packages/airflow/example_dags/example_branch_day_of_week_operator.py
[2023-09-06T04:33:18.562+0000] {logging_mixin.py:137} INFO - [2023-09-06T04:33:18.562+0000] {dag.py:2690} INFO - Sync 1 DAGs
[2023-09-06T04:33:18.596+0000] {logging_mixin.py:137} INFO - [2023-09-06T04:33:18.596+0000] {dag.py:3441} INFO - Setting next_dagrun for example_weekday_branch_operator to 2023-09-05T00:00:00+00:00, run_after=2023-09-06T00:00:00+00:00
[2023-09-06T04:33:18.621+0000] {processor.py:175} INFO - Processing /home/airflow/.local/lib/python3.7/site-packages/airflow/example_dags/example_branch_day_of_week_operator.py took 0.156 seconds
[2023-09-06T04:33:48.756+0000] {processor.py:153} INFO - Started process (PID=632) to work on /home/airflow/.local/lib/python3.7/site-packages/airflow/example_dags/example_branch_day_of_week_operator.py
[2023-09-06T04:33:48.757+0000] {processor.py:743} INFO - Processing file /home/airflow/.local/lib/python3.7/site-packages/airflow/example_dags/example_branch_day_of_week_operator.py for tasks to queue
[2023-09-06T04:33:48.759+0000] {logging_mixin.py:137} INFO - [2023-09-06T04:33:48.758+0000] {dagbag.py:538} INFO - Filling up the DagBag from /home/airflow/.local/lib/python3.7/site-packages/airflow/example_dags/example_branch_day_of_week_operator.py
[2023-09-06T04:33:48.774+0000] {processor.py:753} INFO - DAG(s) dict_keys(['example_weekday_branch_operator']) retrieved from /home/airflow/.local/lib/python3.7/site-packages/airflow/example_dags/example_branch_day_of_week_operator.py
[2023-09-06T04:33:48.805+0000] {logging_mixin.py:137} INFO - [2023-09-06T04:33:48.805+0000] {dag.py:2690} INFO - Sync 1 DAGs
[2023-09-06T04:33:48.838+0000] {logging_mixin.py:137} INFO - [2023-09-06T04:33:48.838+0000] {dag.py:3441} INFO - Setting next_dagrun for example_weekday_branch_operator to 2023-09-05T00:00:00+00:00, run_after=2023-09-06T00:00:00+00:00
[2023-09-06T04:33:48.874+0000] {processor.py:175} INFO - Processing /home/airflow/.local/lib/python3.7/site-packages/airflow/example_dags/example_branch_day_of_week_operator.py took 0.121 seconds
[2023-09-06T04:34:56.277+0000] {processor.py:153} INFO - Started process (PID=57) to work on /home/airflow/.local/lib/python3.7/site-packages/airflow/example_dags/example_branch_day_of_week_operator.py
[2023-09-06T04:34:56.285+0000] {processor.py:743} INFO - Processing file /home/airflow/.local/lib/python3.7/site-packages/airflow/example_dags/example_branch_day_of_week_operator.py for tasks to queue
[2023-09-06T04:34:56.287+0000] {logging_mixin.py:137} INFO - [2023-09-06T04:34:56.287+0000] {dagbag.py:538} INFO - Filling up the DagBag from /home/airflow/.local/lib/python3.7/site-packages/airflow/example_dags/example_branch_day_of_week_operator.py
[2023-09-06T04:34:56.361+0000] {processor.py:753} INFO - DAG(s) dict_keys(['example_weekday_branch_operator']) retrieved from /home/airflow/.local/lib/python3.7/site-packages/airflow/example_dags/example_branch_day_of_week_operator.py
[2023-09-06T04:34:56.457+0000] {logging_mixin.py:137} INFO - [2023-09-06T04:34:56.456+0000] {dag.py:2690} INFO - Sync 1 DAGs
[2023-09-06T04:34:56.575+0000] {logging_mixin.py:137} INFO - [2023-09-06T04:34:56.575+0000] {dag.py:3441} INFO - Setting next_dagrun for example_weekday_branch_operator to 2023-09-05T00:00:00+00:00, run_after=2023-09-06T00:00:00+00:00
[2023-09-06T04:34:56.620+0000] {processor.py:175} INFO - Processing /home/airflow/.local/lib/python3.7/site-packages/airflow/example_dags/example_branch_day_of_week_operator.py took 0.347 seconds
[2023-09-06T04:35:26.734+0000] {processor.py:153} INFO - Started process (PID=116) to work on /home/airflow/.local/lib/python3.7/site-packages/airflow/example_dags/example_branch_day_of_week_operator.py
[2023-09-06T04:35:26.736+0000] {processor.py:743} INFO - Processing file /home/airflow/.local/lib/python3.7/site-packages/airflow/example_dags/example_branch_day_of_week_operator.py for tasks to queue
[2023-09-06T04:35:26.738+0000] {logging_mixin.py:137} INFO - [2023-09-06T04:35:26.738+0000] {dagbag.py:538} INFO - Filling up the DagBag from /home/airflow/.local/lib/python3.7/site-packages/airflow/example_dags/example_branch_day_of_week_operator.py
[2023-09-06T04:35:26.775+0000] {processor.py:753} INFO - DAG(s) dict_keys(['example_weekday_branch_operator']) retrieved from /home/airflow/.local/lib/python3.7/site-packages/airflow/example_dags/example_branch_day_of_week_operator.py
[2023-09-06T04:35:26.806+0000] {logging_mixin.py:137} INFO - [2023-09-06T04:35:26.806+0000] {dag.py:2690} INFO - Sync 1 DAGs
[2023-09-06T04:35:26.904+0000] {logging_mixin.py:137} INFO - [2023-09-06T04:35:26.904+0000] {dag.py:3441} INFO - Setting next_dagrun for example_weekday_branch_operator to 2023-09-05T00:00:00+00:00, run_after=2023-09-06T00:00:00+00:00
[2023-09-06T04:35:26.992+0000] {processor.py:175} INFO - Processing /home/airflow/.local/lib/python3.7/site-packages/airflow/example_dags/example_branch_day_of_week_operator.py took 0.262 seconds
[2023-09-06T04:35:57.735+0000] {processor.py:153} INFO - Started process (PID=183) to work on /home/airflow/.local/lib/python3.7/site-packages/airflow/example_dags/example_branch_day_of_week_operator.py
[2023-09-06T04:35:57.743+0000] {processor.py:743} INFO - Processing file /home/airflow/.local/lib/python3.7/site-packages/airflow/example_dags/example_branch_day_of_week_operator.py for tasks to queue
[2023-09-06T04:35:57.745+0000] {logging_mixin.py:137} INFO - [2023-09-06T04:35:57.744+0000] {dagbag.py:538} INFO - Filling up the DagBag from /home/airflow/.local/lib/python3.7/site-packages/airflow/example_dags/example_branch_day_of_week_operator.py
[2023-09-06T04:35:57.769+0000] {processor.py:753} INFO - DAG(s) dict_keys(['example_weekday_branch_operator']) retrieved from /home/airflow/.local/lib/python3.7/site-packages/airflow/example_dags/example_branch_day_of_week_operator.py
[2023-09-06T04:35:57.832+0000] {logging_mixin.py:137} INFO - [2023-09-06T04:35:57.831+0000] {dag.py:2690} INFO - Sync 1 DAGs
[2023-09-06T04:35:57.870+0000] {logging_mixin.py:137} INFO - [2023-09-06T04:35:57.870+0000] {dag.py:3441} INFO - Setting next_dagrun for example_weekday_branch_operator to 2023-09-05T00:00:00+00:00, run_after=2023-09-06T00:00:00+00:00
[2023-09-06T04:35:57.909+0000] {processor.py:175} INFO - Processing /home/airflow/.local/lib/python3.7/site-packages/airflow/example_dags/example_branch_day_of_week_operator.py took 0.179 seconds
[2023-09-06T04:36:29.159+0000] {processor.py:153} INFO - Started process (PID=246) to work on /home/airflow/.local/lib/python3.7/site-packages/airflow/example_dags/example_branch_day_of_week_operator.py
[2023-09-06T04:36:29.161+0000] {processor.py:743} INFO - Processing file /home/airflow/.local/lib/python3.7/site-packages/airflow/example_dags/example_branch_day_of_week_operator.py for tasks to queue
[2023-09-06T04:36:29.163+0000] {logging_mixin.py:137} INFO - [2023-09-06T04:36:29.163+0000] {dagbag.py:538} INFO - Filling up the DagBag from /home/airflow/.local/lib/python3.7/site-packages/airflow/example_dags/example_branch_day_of_week_operator.py
[2023-09-06T04:36:29.196+0000] {processor.py:753} INFO - DAG(s) dict_keys(['example_weekday_branch_operator']) retrieved from /home/airflow/.local/lib/python3.7/site-packages/airflow/example_dags/example_branch_day_of_week_operator.py
[2023-09-06T04:36:29.315+0000] {logging_mixin.py:137} INFO - [2023-09-06T04:36:29.315+0000] {dag.py:2690} INFO - Sync 1 DAGs
[2023-09-06T04:36:29.370+0000] {logging_mixin.py:137} INFO - [2023-09-06T04:36:29.369+0000] {dag.py:3441} INFO - Setting next_dagrun for example_weekday_branch_operator to 2023-09-05T00:00:00+00:00, run_after=2023-09-06T00:00:00+00:00
[2023-09-06T04:36:29.463+0000] {processor.py:175} INFO - Processing /home/airflow/.local/lib/python3.7/site-packages/airflow/example_dags/example_branch_day_of_week_operator.py took 0.309 seconds
[2023-09-06T04:37:00.204+0000] {processor.py:153} INFO - Started process (PID=305) to work on /home/airflow/.local/lib/python3.7/site-packages/airflow/example_dags/example_branch_day_of_week_operator.py
[2023-09-06T04:37:00.210+0000] {processor.py:743} INFO - Processing file /home/airflow/.local/lib/python3.7/site-packages/airflow/example_dags/example_branch_day_of_week_operator.py for tasks to queue
[2023-09-06T04:37:00.219+0000] {logging_mixin.py:137} INFO - [2023-09-06T04:37:00.218+0000] {dagbag.py:538} INFO - Filling up the DagBag from /home/airflow/.local/lib/python3.7/site-packages/airflow/example_dags/example_branch_day_of_week_operator.py
[2023-09-06T04:37:00.255+0000] {processor.py:753} INFO - DAG(s) dict_keys(['example_weekday_branch_operator']) retrieved from /home/airflow/.local/lib/python3.7/site-packages/airflow/example_dags/example_branch_day_of_week_operator.py
[2023-09-06T04:37:00.309+0000] {logging_mixin.py:137} INFO - [2023-09-06T04:37:00.309+0000] {dag.py:2690} INFO - Sync 1 DAGs
[2023-09-06T04:37:00.404+0000] {logging_mixin.py:137} INFO - [2023-09-06T04:37:00.404+0000] {dag.py:3441} INFO - Setting next_dagrun for example_weekday_branch_operator to 2023-09-05T00:00:00+00:00, run_after=2023-09-06T00:00:00+00:00
[2023-09-06T04:37:00.461+0000] {processor.py:175} INFO - Processing /home/airflow/.local/lib/python3.7/site-packages/airflow/example_dags/example_branch_day_of_week_operator.py took 0.265 seconds
[2023-09-06T04:37:30.934+0000] {processor.py:153} INFO - Started process (PID=364) to work on /home/airflow/.local/lib/python3.7/site-packages/airflow/example_dags/example_branch_day_of_week_operator.py
[2023-09-06T04:37:30.936+0000] {processor.py:743} INFO - Processing file /home/airflow/.local/lib/python3.7/site-packages/airflow/example_dags/example_branch_day_of_week_operator.py for tasks to queue
[2023-09-06T04:37:30.938+0000] {logging_mixin.py:137} INFO - [2023-09-06T04:37:30.938+0000] {dagbag.py:538} INFO - Filling up the DagBag from /home/airflow/.local/lib/python3.7/site-packages/airflow/example_dags/example_branch_day_of_week_operator.py
[2023-09-06T04:37:30.960+0000] {processor.py:753} INFO - DAG(s) dict_keys(['example_weekday_branch_operator']) retrieved from /home/airflow/.local/lib/python3.7/site-packages/airflow/example_dags/example_branch_day_of_week_operator.py
[2023-09-06T04:37:31.007+0000] {logging_mixin.py:137} INFO - [2023-09-06T04:37:31.007+0000] {dag.py:2690} INFO - Sync 1 DAGs
[2023-09-06T04:37:31.050+0000] {logging_mixin.py:137} INFO - [2023-09-06T04:37:31.050+0000] {dag.py:3441} INFO - Setting next_dagrun for example_weekday_branch_operator to 2023-09-05T00:00:00+00:00, run_after=2023-09-06T00:00:00+00:00
[2023-09-06T04:37:31.078+0000] {processor.py:175} INFO - Processing /home/airflow/.local/lib/python3.7/site-packages/airflow/example_dags/example_branch_day_of_week_operator.py took 0.150 seconds
[2023-09-06T04:38:01.363+0000] {processor.py:153} INFO - Started process (PID=432) to work on /home/airflow/.local/lib/python3.7/site-packages/airflow/example_dags/example_branch_day_of_week_operator.py
[2023-09-06T04:38:01.364+0000] {processor.py:743} INFO - Processing file /home/airflow/.local/lib/python3.7/site-packages/airflow/example_dags/example_branch_day_of_week_operator.py for tasks to queue
[2023-09-06T04:38:01.365+0000] {logging_mixin.py:137} INFO - [2023-09-06T04:38:01.365+0000] {dagbag.py:538} INFO - Filling up the DagBag from /home/airflow/.local/lib/python3.7/site-packages/airflow/example_dags/example_branch_day_of_week_operator.py
[2023-09-06T04:38:01.416+0000] {processor.py:753} INFO - DAG(s) dict_keys(['example_weekday_branch_operator']) retrieved from /home/airflow/.local/lib/python3.7/site-packages/airflow/example_dags/example_branch_day_of_week_operator.py
[2023-09-06T04:38:01.520+0000] {logging_mixin.py:137} INFO - [2023-09-06T04:38:01.520+0000] {dag.py:2690} INFO - Sync 1 DAGs
[2023-09-06T04:38:01.604+0000] {logging_mixin.py:137} INFO - [2023-09-06T04:38:01.604+0000] {dag.py:3441} INFO - Setting next_dagrun for example_weekday_branch_operator to 2023-09-05T00:00:00+00:00, run_after=2023-09-06T00:00:00+00:00
[2023-09-06T04:38:01.648+0000] {processor.py:175} INFO - Processing /home/airflow/.local/lib/python3.7/site-packages/airflow/example_dags/example_branch_day_of_week_operator.py took 0.291 seconds
[2023-09-06T04:38:32.610+0000] {processor.py:153} INFO - Started process (PID=492) to work on /home/airflow/.local/lib/python3.7/site-packages/airflow/example_dags/example_branch_day_of_week_operator.py
[2023-09-06T04:38:32.614+0000] {processor.py:743} INFO - Processing file /home/airflow/.local/lib/python3.7/site-packages/airflow/example_dags/example_branch_day_of_week_operator.py for tasks to queue
[2023-09-06T04:38:32.616+0000] {logging_mixin.py:137} INFO - [2023-09-06T04:38:32.616+0000] {dagbag.py:538} INFO - Filling up the DagBag from /home/airflow/.local/lib/python3.7/site-packages/airflow/example_dags/example_branch_day_of_week_operator.py
[2023-09-06T04:38:32.658+0000] {processor.py:753} INFO - DAG(s) dict_keys(['example_weekday_branch_operator']) retrieved from /home/airflow/.local/lib/python3.7/site-packages/airflow/example_dags/example_branch_day_of_week_operator.py
[2023-09-06T04:38:32.738+0000] {logging_mixin.py:137} INFO - [2023-09-06T04:38:32.738+0000] {dag.py:2690} INFO - Sync 1 DAGs
[2023-09-06T04:38:32.831+0000] {logging_mixin.py:137} INFO - [2023-09-06T04:38:32.831+0000] {dag.py:3441} INFO - Setting next_dagrun for example_weekday_branch_operator to 2023-09-05T00:00:00+00:00, run_after=2023-09-06T00:00:00+00:00
[2023-09-06T04:38:32.895+0000] {processor.py:175} INFO - Processing /home/airflow/.local/lib/python3.7/site-packages/airflow/example_dags/example_branch_day_of_week_operator.py took 0.290 seconds
[2023-09-06T04:39:03.413+0000] {processor.py:153} INFO - Started process (PID=551) to work on /home/airflow/.local/lib/python3.7/site-packages/airflow/example_dags/example_branch_day_of_week_operator.py
[2023-09-06T04:39:03.425+0000] {processor.py:743} INFO - Processing file /home/airflow/.local/lib/python3.7/site-packages/airflow/example_dags/example_branch_day_of_week_operator.py for tasks to queue
[2023-09-06T04:39:03.427+0000] {logging_mixin.py:137} INFO - [2023-09-06T04:39:03.427+0000] {dagbag.py:538} INFO - Filling up the DagBag from /home/airflow/.local/lib/python3.7/site-packages/airflow/example_dags/example_branch_day_of_week_operator.py
[2023-09-06T04:39:03.469+0000] {processor.py:753} INFO - DAG(s) dict_keys(['example_weekday_branch_operator']) retrieved from /home/airflow/.local/lib/python3.7/site-packages/airflow/example_dags/example_branch_day_of_week_operator.py
[2023-09-06T04:39:03.495+0000] {logging_mixin.py:137} INFO - [2023-09-06T04:39:03.495+0000] {dag.py:2690} INFO - Sync 1 DAGs
[2023-09-06T04:39:03.565+0000] {logging_mixin.py:137} INFO - [2023-09-06T04:39:03.565+0000] {dag.py:3441} INFO - Setting next_dagrun for example_weekday_branch_operator to 2023-09-05T00:00:00+00:00, run_after=2023-09-06T00:00:00+00:00
[2023-09-06T04:39:03.611+0000] {processor.py:175} INFO - Processing /home/airflow/.local/lib/python3.7/site-packages/airflow/example_dags/example_branch_day_of_week_operator.py took 0.202 seconds
[2023-09-06T04:39:33.917+0000] {processor.py:153} INFO - Started process (PID=610) to work on /home/airflow/.local/lib/python3.7/site-packages/airflow/example_dags/example_branch_day_of_week_operator.py
[2023-09-06T04:39:33.920+0000] {processor.py:743} INFO - Processing file /home/airflow/.local/lib/python3.7/site-packages/airflow/example_dags/example_branch_day_of_week_operator.py for tasks to queue
[2023-09-06T04:39:33.921+0000] {logging_mixin.py:137} INFO - [2023-09-06T04:39:33.921+0000] {dagbag.py:538} INFO - Filling up the DagBag from /home/airflow/.local/lib/python3.7/site-packages/airflow/example_dags/example_branch_day_of_week_operator.py
[2023-09-06T04:39:33.941+0000] {processor.py:753} INFO - DAG(s) dict_keys(['example_weekday_branch_operator']) retrieved from /home/airflow/.local/lib/python3.7/site-packages/airflow/example_dags/example_branch_day_of_week_operator.py
[2023-09-06T04:39:33.980+0000] {logging_mixin.py:137} INFO - [2023-09-06T04:39:33.980+0000] {dag.py:2690} INFO - Sync 1 DAGs
[2023-09-06T04:39:34.031+0000] {logging_mixin.py:137} INFO - [2023-09-06T04:39:34.031+0000] {dag.py:3441} INFO - Setting next_dagrun for example_weekday_branch_operator to 2023-09-05T00:00:00+00:00, run_after=2023-09-06T00:00:00+00:00
[2023-09-06T04:39:34.088+0000] {processor.py:175} INFO - Processing /home/airflow/.local/lib/python3.7/site-packages/airflow/example_dags/example_branch_day_of_week_operator.py took 0.175 seconds
[2023-09-06T04:40:04.970+0000] {processor.py:153} INFO - Started process (PID=680) to work on /home/airflow/.local/lib/python3.7/site-packages/airflow/example_dags/example_branch_day_of_week_operator.py
[2023-09-06T04:40:04.972+0000] {processor.py:743} INFO - Processing file /home/airflow/.local/lib/python3.7/site-packages/airflow/example_dags/example_branch_day_of_week_operator.py for tasks to queue
[2023-09-06T04:40:04.974+0000] {logging_mixin.py:137} INFO - [2023-09-06T04:40:04.973+0000] {dagbag.py:538} INFO - Filling up the DagBag from /home/airflow/.local/lib/python3.7/site-packages/airflow/example_dags/example_branch_day_of_week_operator.py
[2023-09-06T04:40:04.998+0000] {processor.py:753} INFO - DAG(s) dict_keys(['example_weekday_branch_operator']) retrieved from /home/airflow/.local/lib/python3.7/site-packages/airflow/example_dags/example_branch_day_of_week_operator.py
[2023-09-06T04:40:05.035+0000] {logging_mixin.py:137} INFO - [2023-09-06T04:40:05.035+0000] {dag.py:2690} INFO - Sync 1 DAGs
[2023-09-06T04:40:05.075+0000] {logging_mixin.py:137} INFO - [2023-09-06T04:40:05.074+0000] {dag.py:3441} INFO - Setting next_dagrun for example_weekday_branch_operator to 2023-09-05T00:00:00+00:00, run_after=2023-09-06T00:00:00+00:00
[2023-09-06T04:40:05.101+0000] {processor.py:175} INFO - Processing /home/airflow/.local/lib/python3.7/site-packages/airflow/example_dags/example_branch_day_of_week_operator.py took 0.135 seconds
[2023-09-06T04:40:35.973+0000] {processor.py:153} INFO - Started process (PID=739) to work on /home/airflow/.local/lib/python3.7/site-packages/airflow/example_dags/example_branch_day_of_week_operator.py
[2023-09-06T04:40:35.974+0000] {processor.py:743} INFO - Processing file /home/airflow/.local/lib/python3.7/site-packages/airflow/example_dags/example_branch_day_of_week_operator.py for tasks to queue
[2023-09-06T04:40:35.976+0000] {logging_mixin.py:137} INFO - [2023-09-06T04:40:35.976+0000] {dagbag.py:538} INFO - Filling up the DagBag from /home/airflow/.local/lib/python3.7/site-packages/airflow/example_dags/example_branch_day_of_week_operator.py
[2023-09-06T04:40:36.008+0000] {processor.py:753} INFO - DAG(s) dict_keys(['example_weekday_branch_operator']) retrieved from /home/airflow/.local/lib/python3.7/site-packages/airflow/example_dags/example_branch_day_of_week_operator.py
[2023-09-06T04:40:36.077+0000] {logging_mixin.py:137} INFO - [2023-09-06T04:40:36.077+0000] {dag.py:2690} INFO - Sync 1 DAGs
[2023-09-06T04:40:36.118+0000] {logging_mixin.py:137} INFO - [2023-09-06T04:40:36.118+0000] {dag.py:3441} INFO - Setting next_dagrun for example_weekday_branch_operator to 2023-09-05T00:00:00+00:00, run_after=2023-09-06T00:00:00+00:00
[2023-09-06T04:40:36.193+0000] {processor.py:175} INFO - Processing /home/airflow/.local/lib/python3.7/site-packages/airflow/example_dags/example_branch_day_of_week_operator.py took 0.224 seconds
[2023-09-06T04:41:06.286+0000] {processor.py:153} INFO - Started process (PID=799) to work on /home/airflow/.local/lib/python3.7/site-packages/airflow/example_dags/example_branch_day_of_week_operator.py
[2023-09-06T04:41:06.287+0000] {processor.py:743} INFO - Processing file /home/airflow/.local/lib/python3.7/site-packages/airflow/example_dags/example_branch_day_of_week_operator.py for tasks to queue
[2023-09-06T04:41:06.288+0000] {logging_mixin.py:137} INFO - [2023-09-06T04:41:06.288+0000] {dagbag.py:538} INFO - Filling up the DagBag from /home/airflow/.local/lib/python3.7/site-packages/airflow/example_dags/example_branch_day_of_week_operator.py
[2023-09-06T04:41:06.306+0000] {processor.py:753} INFO - DAG(s) dict_keys(['example_weekday_branch_operator']) retrieved from /home/airflow/.local/lib/python3.7/site-packages/airflow/example_dags/example_branch_day_of_week_operator.py
[2023-09-06T04:41:06.337+0000] {logging_mixin.py:137} INFO - [2023-09-06T04:41:06.336+0000] {dag.py:2690} INFO - Sync 1 DAGs
[2023-09-06T04:41:06.376+0000] {logging_mixin.py:137} INFO - [2023-09-06T04:41:06.376+0000] {dag.py:3441} INFO - Setting next_dagrun for example_weekday_branch_operator to 2023-09-05T00:00:00+00:00, run_after=2023-09-06T00:00:00+00:00
[2023-09-06T04:41:06.409+0000] {processor.py:175} INFO - Processing /home/airflow/.local/lib/python3.7/site-packages/airflow/example_dags/example_branch_day_of_week_operator.py took 0.127 seconds
[2023-09-06T04:41:36.931+0000] {processor.py:153} INFO - Started process (PID=868) to work on /home/airflow/.local/lib/python3.7/site-packages/airflow/example_dags/example_branch_day_of_week_operator.py
[2023-09-06T04:41:36.932+0000] {processor.py:743} INFO - Processing file /home/airflow/.local/lib/python3.7/site-packages/airflow/example_dags/example_branch_day_of_week_operator.py for tasks to queue
[2023-09-06T04:41:36.933+0000] {logging_mixin.py:137} INFO - [2023-09-06T04:41:36.933+0000] {dagbag.py:538} INFO - Filling up the DagBag from /home/airflow/.local/lib/python3.7/site-packages/airflow/example_dags/example_branch_day_of_week_operator.py
[2023-09-06T04:41:36.955+0000] {processor.py:753} INFO - DAG(s) dict_keys(['example_weekday_branch_operator']) retrieved from /home/airflow/.local/lib/python3.7/site-packages/airflow/example_dags/example_branch_day_of_week_operator.py
[2023-09-06T04:41:36.986+0000] {logging_mixin.py:137} INFO - [2023-09-06T04:41:36.986+0000] {dag.py:2690} INFO - Sync 1 DAGs
[2023-09-06T04:41:37.023+0000] {logging_mixin.py:137} INFO - [2023-09-06T04:41:37.023+0000] {dag.py:3441} INFO - Setting next_dagrun for example_weekday_branch_operator to 2023-09-05T00:00:00+00:00, run_after=2023-09-06T00:00:00+00:00
[2023-09-06T04:41:37.045+0000] {processor.py:175} INFO - Processing /home/airflow/.local/lib/python3.7/site-packages/airflow/example_dags/example_branch_day_of_week_operator.py took 0.118 seconds
[2023-09-06T04:42:07.918+0000] {processor.py:153} INFO - Started process (PID=929) to work on /home/airflow/.local/lib/python3.7/site-packages/airflow/example_dags/example_branch_day_of_week_operator.py
[2023-09-06T04:42:07.919+0000] {processor.py:743} INFO - Processing file /home/airflow/.local/lib/python3.7/site-packages/airflow/example_dags/example_branch_day_of_week_operator.py for tasks to queue
[2023-09-06T04:42:07.921+0000] {logging_mixin.py:137} INFO - [2023-09-06T04:42:07.921+0000] {dagbag.py:538} INFO - Filling up the DagBag from /home/airflow/.local/lib/python3.7/site-packages/airflow/example_dags/example_branch_day_of_week_operator.py
[2023-09-06T04:42:07.950+0000] {processor.py:753} INFO - DAG(s) dict_keys(['example_weekday_branch_operator']) retrieved from /home/airflow/.local/lib/python3.7/site-packages/airflow/example_dags/example_branch_day_of_week_operator.py
[2023-09-06T04:42:07.986+0000] {logging_mixin.py:137} INFO - [2023-09-06T04:42:07.985+0000] {dag.py:2690} INFO - Sync 1 DAGs
[2023-09-06T04:42:08.058+0000] {logging_mixin.py:137} INFO - [2023-09-06T04:42:08.057+0000] {dag.py:3441} INFO - Setting next_dagrun for example_weekday_branch_operator to 2023-09-05T00:00:00+00:00, run_after=2023-09-06T00:00:00+00:00
[2023-09-06T04:42:08.138+0000] {processor.py:175} INFO - Processing /home/airflow/.local/lib/python3.7/site-packages/airflow/example_dags/example_branch_day_of_week_operator.py took 0.227 seconds
[2023-09-06T04:42:38.394+0000] {processor.py:153} INFO - Started process (PID=989) to work on /home/airflow/.local/lib/python3.7/site-packages/airflow/example_dags/example_branch_day_of_week_operator.py
[2023-09-06T04:42:38.396+0000] {processor.py:743} INFO - Processing file /home/airflow/.local/lib/python3.7/site-packages/airflow/example_dags/example_branch_day_of_week_operator.py for tasks to queue
[2023-09-06T04:42:38.397+0000] {logging_mixin.py:137} INFO - [2023-09-06T04:42:38.397+0000] {dagbag.py:538} INFO - Filling up the DagBag from /home/airflow/.local/lib/python3.7/site-packages/airflow/example_dags/example_branch_day_of_week_operator.py
[2023-09-06T04:42:38.452+0000] {processor.py:753} INFO - DAG(s) dict_keys(['example_weekday_branch_operator']) retrieved from /home/airflow/.local/lib/python3.7/site-packages/airflow/example_dags/example_branch_day_of_week_operator.py
[2023-09-06T04:42:38.567+0000] {logging_mixin.py:137} INFO - [2023-09-06T04:42:38.567+0000] {dag.py:2690} INFO - Sync 1 DAGs
[2023-09-06T04:42:38.657+0000] {logging_mixin.py:137} INFO - [2023-09-06T04:42:38.657+0000] {dag.py:3441} INFO - Setting next_dagrun for example_weekday_branch_operator to 2023-09-05T00:00:00+00:00, run_after=2023-09-06T00:00:00+00:00
[2023-09-06T04:42:38.719+0000] {processor.py:175} INFO - Processing /home/airflow/.local/lib/python3.7/site-packages/airflow/example_dags/example_branch_day_of_week_operator.py took 0.335 seconds
