[2023-09-06T04:26:30.010+0000] {processor.py:153} INFO - Started process (PID=97) to work on /home/airflow/.local/lib/python3.7/site-packages/airflow/example_dags/example_bash_operator.py
[2023-09-06T04:26:30.025+0000] {processor.py:743} INFO - Processing file /home/airflow/.local/lib/python3.7/site-packages/airflow/example_dags/example_bash_operator.py for tasks to queue
[2023-09-06T04:26:30.034+0000] {logging_mixin.py:137} INFO - [2023-09-06T04:26:30.034+0000] {dagbag.py:538} INFO - Filling up the DagBag from /home/airflow/.local/lib/python3.7/site-packages/airflow/example_dags/example_bash_operator.py
[2023-09-06T04:26:30.247+0000] {processor.py:753} INFO - DAG(s) dict_keys(['example_bash_operator']) retrieved from /home/airflow/.local/lib/python3.7/site-packages/airflow/example_dags/example_bash_operator.py
[2023-09-06T04:26:30.426+0000] {logging_mixin.py:137} INFO - [2023-09-06T04:26:30.426+0000] {dag.py:2690} INFO - Sync 1 DAGs
[2023-09-06T04:26:30.657+0000] {logging_mixin.py:137} INFO - [2023-09-06T04:26:30.657+0000] {dag.py:3441} INFO - Setting next_dagrun for example_bash_operator to 2023-09-05T00:00:00+00:00, run_after=2023-09-06T00:00:00+00:00
[2023-09-06T04:26:30.835+0000] {processor.py:175} INFO - Processing /home/airflow/.local/lib/python3.7/site-packages/airflow/example_dags/example_bash_operator.py took 0.830 seconds
[2023-09-06T04:27:00.960+0000] {processor.py:153} INFO - Started process (PID=157) to work on /home/airflow/.local/lib/python3.7/site-packages/airflow/example_dags/example_bash_operator.py
[2023-09-06T04:27:00.961+0000] {processor.py:743} INFO - Processing file /home/airflow/.local/lib/python3.7/site-packages/airflow/example_dags/example_bash_operator.py for tasks to queue
[2023-09-06T04:27:00.964+0000] {logging_mixin.py:137} INFO - [2023-09-06T04:27:00.964+0000] {dagbag.py:538} INFO - Filling up the DagBag from /home/airflow/.local/lib/python3.7/site-packages/airflow/example_dags/example_bash_operator.py
[2023-09-06T04:27:00.995+0000] {processor.py:753} INFO - DAG(s) dict_keys(['example_bash_operator']) retrieved from /home/airflow/.local/lib/python3.7/site-packages/airflow/example_dags/example_bash_operator.py
[2023-09-06T04:27:01.031+0000] {logging_mixin.py:137} INFO - [2023-09-06T04:27:01.031+0000] {dag.py:2690} INFO - Sync 1 DAGs
[2023-09-06T04:27:01.060+0000] {logging_mixin.py:137} INFO - [2023-09-06T04:27:01.060+0000] {dag.py:3441} INFO - Setting next_dagrun for example_bash_operator to 2023-09-05T00:00:00+00:00, run_after=2023-09-06T00:00:00+00:00
[2023-09-06T04:27:01.082+0000] {processor.py:175} INFO - Processing /home/airflow/.local/lib/python3.7/site-packages/airflow/example_dags/example_bash_operator.py took 0.125 seconds
[2023-09-06T04:27:31.317+0000] {processor.py:153} INFO - Started process (PID=216) to work on /home/airflow/.local/lib/python3.7/site-packages/airflow/example_dags/example_bash_operator.py
[2023-09-06T04:27:31.319+0000] {processor.py:743} INFO - Processing file /home/airflow/.local/lib/python3.7/site-packages/airflow/example_dags/example_bash_operator.py for tasks to queue
[2023-09-06T04:27:31.320+0000] {logging_mixin.py:137} INFO - [2023-09-06T04:27:31.320+0000] {dagbag.py:538} INFO - Filling up the DagBag from /home/airflow/.local/lib/python3.7/site-packages/airflow/example_dags/example_bash_operator.py
[2023-09-06T04:27:31.346+0000] {processor.py:753} INFO - DAG(s) dict_keys(['example_bash_operator']) retrieved from /home/airflow/.local/lib/python3.7/site-packages/airflow/example_dags/example_bash_operator.py
[2023-09-06T04:27:31.397+0000] {logging_mixin.py:137} INFO - [2023-09-06T04:27:31.397+0000] {dag.py:2690} INFO - Sync 1 DAGs
[2023-09-06T04:27:31.432+0000] {logging_mixin.py:137} INFO - [2023-09-06T04:27:31.432+0000] {dag.py:3441} INFO - Setting next_dagrun for example_bash_operator to 2023-09-05T00:00:00+00:00, run_after=2023-09-06T00:00:00+00:00
[2023-09-06T04:27:31.459+0000] {processor.py:175} INFO - Processing /home/airflow/.local/lib/python3.7/site-packages/airflow/example_dags/example_bash_operator.py took 0.145 seconds
[2023-09-06T04:28:02.118+0000] {processor.py:153} INFO - Started process (PID=286) to work on /home/airflow/.local/lib/python3.7/site-packages/airflow/example_dags/example_bash_operator.py
[2023-09-06T04:28:02.125+0000] {processor.py:743} INFO - Processing file /home/airflow/.local/lib/python3.7/site-packages/airflow/example_dags/example_bash_operator.py for tasks to queue
[2023-09-06T04:28:02.131+0000] {logging_mixin.py:137} INFO - [2023-09-06T04:28:02.130+0000] {dagbag.py:538} INFO - Filling up the DagBag from /home/airflow/.local/lib/python3.7/site-packages/airflow/example_dags/example_bash_operator.py
[2023-09-06T04:28:02.217+0000] {processor.py:753} INFO - DAG(s) dict_keys(['example_bash_operator']) retrieved from /home/airflow/.local/lib/python3.7/site-packages/airflow/example_dags/example_bash_operator.py
[2023-09-06T04:28:02.266+0000] {logging_mixin.py:137} INFO - [2023-09-06T04:28:02.266+0000] {dag.py:2690} INFO - Sync 1 DAGs
[2023-09-06T04:28:02.306+0000] {logging_mixin.py:137} INFO - [2023-09-06T04:28:02.305+0000] {dag.py:3441} INFO - Setting next_dagrun for example_bash_operator to 2023-09-05T00:00:00+00:00, run_after=2023-09-06T00:00:00+00:00
[2023-09-06T04:28:02.332+0000] {processor.py:175} INFO - Processing /home/airflow/.local/lib/python3.7/site-packages/airflow/example_dags/example_bash_operator.py took 0.219 seconds
[2023-09-06T04:29:15.511+0000] {processor.py:153} INFO - Started process (PID=77) to work on /home/airflow/.local/lib/python3.7/site-packages/airflow/example_dags/example_bash_operator.py
[2023-09-06T04:29:15.523+0000] {processor.py:743} INFO - Processing file /home/airflow/.local/lib/python3.7/site-packages/airflow/example_dags/example_bash_operator.py for tasks to queue
[2023-09-06T04:29:15.527+0000] {logging_mixin.py:137} INFO - [2023-09-06T04:29:15.526+0000] {dagbag.py:538} INFO - Filling up the DagBag from /home/airflow/.local/lib/python3.7/site-packages/airflow/example_dags/example_bash_operator.py
[2023-09-06T04:29:15.598+0000] {processor.py:753} INFO - DAG(s) dict_keys(['example_bash_operator']) retrieved from /home/airflow/.local/lib/python3.7/site-packages/airflow/example_dags/example_bash_operator.py
[2023-09-06T04:29:15.705+0000] {logging_mixin.py:137} INFO - [2023-09-06T04:29:15.705+0000] {dag.py:2690} INFO - Sync 1 DAGs
[2023-09-06T04:29:15.781+0000] {logging_mixin.py:137} INFO - [2023-09-06T04:29:15.781+0000] {dag.py:3441} INFO - Setting next_dagrun for example_bash_operator to 2023-09-05T00:00:00+00:00, run_after=2023-09-06T00:00:00+00:00
[2023-09-06T04:29:15.829+0000] {processor.py:175} INFO - Processing /home/airflow/.local/lib/python3.7/site-packages/airflow/example_dags/example_bash_operator.py took 0.323 seconds
[2023-09-06T04:29:45.901+0000] {processor.py:153} INFO - Started process (PID=135) to work on /home/airflow/.local/lib/python3.7/site-packages/airflow/example_dags/example_bash_operator.py
[2023-09-06T04:29:45.902+0000] {processor.py:743} INFO - Processing file /home/airflow/.local/lib/python3.7/site-packages/airflow/example_dags/example_bash_operator.py for tasks to queue
[2023-09-06T04:29:45.903+0000] {logging_mixin.py:137} INFO - [2023-09-06T04:29:45.903+0000] {dagbag.py:538} INFO - Filling up the DagBag from /home/airflow/.local/lib/python3.7/site-packages/airflow/example_dags/example_bash_operator.py
[2023-09-06T04:29:45.930+0000] {processor.py:753} INFO - DAG(s) dict_keys(['example_bash_operator']) retrieved from /home/airflow/.local/lib/python3.7/site-packages/airflow/example_dags/example_bash_operator.py
[2023-09-06T04:29:45.975+0000] {logging_mixin.py:137} INFO - [2023-09-06T04:29:45.974+0000] {dag.py:2690} INFO - Sync 1 DAGs
[2023-09-06T04:29:46.008+0000] {logging_mixin.py:137} INFO - [2023-09-06T04:29:46.008+0000] {dag.py:3441} INFO - Setting next_dagrun for example_bash_operator to 2023-09-05T00:00:00+00:00, run_after=2023-09-06T00:00:00+00:00
[2023-09-06T04:29:46.053+0000] {processor.py:175} INFO - Processing /home/airflow/.local/lib/python3.7/site-packages/airflow/example_dags/example_bash_operator.py took 0.156 seconds
[2023-09-06T04:30:16.569+0000] {processor.py:153} INFO - Started process (PID=204) to work on /home/airflow/.local/lib/python3.7/site-packages/airflow/example_dags/example_bash_operator.py
[2023-09-06T04:30:16.571+0000] {processor.py:743} INFO - Processing file /home/airflow/.local/lib/python3.7/site-packages/airflow/example_dags/example_bash_operator.py for tasks to queue
[2023-09-06T04:30:16.572+0000] {logging_mixin.py:137} INFO - [2023-09-06T04:30:16.572+0000] {dagbag.py:538} INFO - Filling up the DagBag from /home/airflow/.local/lib/python3.7/site-packages/airflow/example_dags/example_bash_operator.py
[2023-09-06T04:30:16.607+0000] {processor.py:753} INFO - DAG(s) dict_keys(['example_bash_operator']) retrieved from /home/airflow/.local/lib/python3.7/site-packages/airflow/example_dags/example_bash_operator.py
[2023-09-06T04:30:16.659+0000] {logging_mixin.py:137} INFO - [2023-09-06T04:30:16.659+0000] {dag.py:2690} INFO - Sync 1 DAGs
[2023-09-06T04:30:16.694+0000] {logging_mixin.py:137} INFO - [2023-09-06T04:30:16.694+0000] {dag.py:3441} INFO - Setting next_dagrun for example_bash_operator to 2023-09-05T00:00:00+00:00, run_after=2023-09-06T00:00:00+00:00
[2023-09-06T04:30:16.718+0000] {processor.py:175} INFO - Processing /home/airflow/.local/lib/python3.7/site-packages/airflow/example_dags/example_bash_operator.py took 0.153 seconds
[2023-09-06T04:30:47.209+0000] {processor.py:153} INFO - Started process (PID=264) to work on /home/airflow/.local/lib/python3.7/site-packages/airflow/example_dags/example_bash_operator.py
[2023-09-06T04:30:47.211+0000] {processor.py:743} INFO - Processing file /home/airflow/.local/lib/python3.7/site-packages/airflow/example_dags/example_bash_operator.py for tasks to queue
[2023-09-06T04:30:47.213+0000] {logging_mixin.py:137} INFO - [2023-09-06T04:30:47.213+0000] {dagbag.py:538} INFO - Filling up the DagBag from /home/airflow/.local/lib/python3.7/site-packages/airflow/example_dags/example_bash_operator.py
[2023-09-06T04:30:47.253+0000] {processor.py:753} INFO - DAG(s) dict_keys(['example_bash_operator']) retrieved from /home/airflow/.local/lib/python3.7/site-packages/airflow/example_dags/example_bash_operator.py
[2023-09-06T04:30:47.349+0000] {logging_mixin.py:137} INFO - [2023-09-06T04:30:47.349+0000] {dag.py:2690} INFO - Sync 1 DAGs
[2023-09-06T04:30:47.426+0000] {logging_mixin.py:137} INFO - [2023-09-06T04:30:47.425+0000] {dag.py:3441} INFO - Setting next_dagrun for example_bash_operator to 2023-09-05T00:00:00+00:00, run_after=2023-09-06T00:00:00+00:00
[2023-09-06T04:30:47.453+0000] {processor.py:175} INFO - Processing /home/airflow/.local/lib/python3.7/site-packages/airflow/example_dags/example_bash_operator.py took 0.251 seconds
[2023-09-06T04:31:17.748+0000] {processor.py:153} INFO - Started process (PID=323) to work on /home/airflow/.local/lib/python3.7/site-packages/airflow/example_dags/example_bash_operator.py
[2023-09-06T04:31:17.751+0000] {processor.py:743} INFO - Processing file /home/airflow/.local/lib/python3.7/site-packages/airflow/example_dags/example_bash_operator.py for tasks to queue
[2023-09-06T04:31:17.756+0000] {logging_mixin.py:137} INFO - [2023-09-06T04:31:17.756+0000] {dagbag.py:538} INFO - Filling up the DagBag from /home/airflow/.local/lib/python3.7/site-packages/airflow/example_dags/example_bash_operator.py
[2023-09-06T04:31:17.792+0000] {processor.py:753} INFO - DAG(s) dict_keys(['example_bash_operator']) retrieved from /home/airflow/.local/lib/python3.7/site-packages/airflow/example_dags/example_bash_operator.py
[2023-09-06T04:31:17.857+0000] {logging_mixin.py:137} INFO - [2023-09-06T04:31:17.857+0000] {dag.py:2690} INFO - Sync 1 DAGs
[2023-09-06T04:31:17.892+0000] {logging_mixin.py:137} INFO - [2023-09-06T04:31:17.892+0000] {dag.py:3441} INFO - Setting next_dagrun for example_bash_operator to 2023-09-05T00:00:00+00:00, run_after=2023-09-06T00:00:00+00:00
[2023-09-06T04:31:17.924+0000] {processor.py:175} INFO - Processing /home/airflow/.local/lib/python3.7/site-packages/airflow/example_dags/example_bash_operator.py took 0.180 seconds
[2023-09-06T04:31:48.750+0000] {processor.py:153} INFO - Started process (PID=391) to work on /home/airflow/.local/lib/python3.7/site-packages/airflow/example_dags/example_bash_operator.py
[2023-09-06T04:31:48.751+0000] {processor.py:743} INFO - Processing file /home/airflow/.local/lib/python3.7/site-packages/airflow/example_dags/example_bash_operator.py for tasks to queue
[2023-09-06T04:31:48.752+0000] {logging_mixin.py:137} INFO - [2023-09-06T04:31:48.752+0000] {dagbag.py:538} INFO - Filling up the DagBag from /home/airflow/.local/lib/python3.7/site-packages/airflow/example_dags/example_bash_operator.py
[2023-09-06T04:31:48.777+0000] {processor.py:753} INFO - DAG(s) dict_keys(['example_bash_operator']) retrieved from /home/airflow/.local/lib/python3.7/site-packages/airflow/example_dags/example_bash_operator.py
[2023-09-06T04:31:48.845+0000] {logging_mixin.py:137} INFO - [2023-09-06T04:31:48.845+0000] {dag.py:2690} INFO - Sync 1 DAGs
[2023-09-06T04:31:48.879+0000] {logging_mixin.py:137} INFO - [2023-09-06T04:31:48.879+0000] {dag.py:3441} INFO - Setting next_dagrun for example_bash_operator to 2023-09-05T00:00:00+00:00, run_after=2023-09-06T00:00:00+00:00
[2023-09-06T04:31:48.912+0000] {processor.py:175} INFO - Processing /home/airflow/.local/lib/python3.7/site-packages/airflow/example_dags/example_bash_operator.py took 0.165 seconds
[2023-09-06T04:32:19.718+0000] {processor.py:153} INFO - Started process (PID=451) to work on /home/airflow/.local/lib/python3.7/site-packages/airflow/example_dags/example_bash_operator.py
[2023-09-06T04:32:19.719+0000] {processor.py:743} INFO - Processing file /home/airflow/.local/lib/python3.7/site-packages/airflow/example_dags/example_bash_operator.py for tasks to queue
[2023-09-06T04:32:19.720+0000] {logging_mixin.py:137} INFO - [2023-09-06T04:32:19.720+0000] {dagbag.py:538} INFO - Filling up the DagBag from /home/airflow/.local/lib/python3.7/site-packages/airflow/example_dags/example_bash_operator.py
[2023-09-06T04:32:19.741+0000] {processor.py:753} INFO - DAG(s) dict_keys(['example_bash_operator']) retrieved from /home/airflow/.local/lib/python3.7/site-packages/airflow/example_dags/example_bash_operator.py
[2023-09-06T04:32:19.787+0000] {logging_mixin.py:137} INFO - [2023-09-06T04:32:19.786+0000] {dag.py:2690} INFO - Sync 1 DAGs
[2023-09-06T04:32:19.822+0000] {logging_mixin.py:137} INFO - [2023-09-06T04:32:19.822+0000] {dag.py:3441} INFO - Setting next_dagrun for example_bash_operator to 2023-09-05T00:00:00+00:00, run_after=2023-09-06T00:00:00+00:00
[2023-09-06T04:32:19.848+0000] {processor.py:175} INFO - Processing /home/airflow/.local/lib/python3.7/site-packages/airflow/example_dags/example_bash_operator.py took 0.134 seconds
[2023-09-06T04:32:50.200+0000] {processor.py:153} INFO - Started process (PID=510) to work on /home/airflow/.local/lib/python3.7/site-packages/airflow/example_dags/example_bash_operator.py
[2023-09-06T04:32:50.202+0000] {processor.py:743} INFO - Processing file /home/airflow/.local/lib/python3.7/site-packages/airflow/example_dags/example_bash_operator.py for tasks to queue
[2023-09-06T04:32:50.203+0000] {logging_mixin.py:137} INFO - [2023-09-06T04:32:50.203+0000] {dagbag.py:538} INFO - Filling up the DagBag from /home/airflow/.local/lib/python3.7/site-packages/airflow/example_dags/example_bash_operator.py
[2023-09-06T04:32:50.226+0000] {processor.py:753} INFO - DAG(s) dict_keys(['example_bash_operator']) retrieved from /home/airflow/.local/lib/python3.7/site-packages/airflow/example_dags/example_bash_operator.py
[2023-09-06T04:32:50.264+0000] {logging_mixin.py:137} INFO - [2023-09-06T04:32:50.264+0000] {dag.py:2690} INFO - Sync 1 DAGs
[2023-09-06T04:32:50.288+0000] {logging_mixin.py:137} INFO - [2023-09-06T04:32:50.288+0000] {dag.py:3441} INFO - Setting next_dagrun for example_bash_operator to 2023-09-05T00:00:00+00:00, run_after=2023-09-06T00:00:00+00:00
[2023-09-06T04:32:50.316+0000] {processor.py:175} INFO - Processing /home/airflow/.local/lib/python3.7/site-packages/airflow/example_dags/example_bash_operator.py took 0.120 seconds
[2023-09-06T04:33:20.469+0000] {processor.py:153} INFO - Started process (PID=581) to work on /home/airflow/.local/lib/python3.7/site-packages/airflow/example_dags/example_bash_operator.py
[2023-09-06T04:33:20.470+0000] {processor.py:743} INFO - Processing file /home/airflow/.local/lib/python3.7/site-packages/airflow/example_dags/example_bash_operator.py for tasks to queue
[2023-09-06T04:33:20.471+0000] {logging_mixin.py:137} INFO - [2023-09-06T04:33:20.471+0000] {dagbag.py:538} INFO - Filling up the DagBag from /home/airflow/.local/lib/python3.7/site-packages/airflow/example_dags/example_bash_operator.py
[2023-09-06T04:33:20.498+0000] {processor.py:753} INFO - DAG(s) dict_keys(['example_bash_operator']) retrieved from /home/airflow/.local/lib/python3.7/site-packages/airflow/example_dags/example_bash_operator.py
[2023-09-06T04:33:20.553+0000] {logging_mixin.py:137} INFO - [2023-09-06T04:33:20.553+0000] {dag.py:2690} INFO - Sync 1 DAGs
[2023-09-06T04:33:20.588+0000] {logging_mixin.py:137} INFO - [2023-09-06T04:33:20.588+0000] {dag.py:3441} INFO - Setting next_dagrun for example_bash_operator to 2023-09-05T00:00:00+00:00, run_after=2023-09-06T00:00:00+00:00
[2023-09-06T04:33:20.614+0000] {processor.py:175} INFO - Processing /home/airflow/.local/lib/python3.7/site-packages/airflow/example_dags/example_bash_operator.py took 0.150 seconds
[2023-09-06T04:33:50.838+0000] {processor.py:153} INFO - Started process (PID=640) to work on /home/airflow/.local/lib/python3.7/site-packages/airflow/example_dags/example_bash_operator.py
[2023-09-06T04:33:50.840+0000] {processor.py:743} INFO - Processing file /home/airflow/.local/lib/python3.7/site-packages/airflow/example_dags/example_bash_operator.py for tasks to queue
[2023-09-06T04:33:50.849+0000] {logging_mixin.py:137} INFO - [2023-09-06T04:33:50.849+0000] {dagbag.py:538} INFO - Filling up the DagBag from /home/airflow/.local/lib/python3.7/site-packages/airflow/example_dags/example_bash_operator.py
[2023-09-06T04:33:50.879+0000] {processor.py:753} INFO - DAG(s) dict_keys(['example_bash_operator']) retrieved from /home/airflow/.local/lib/python3.7/site-packages/airflow/example_dags/example_bash_operator.py
[2023-09-06T04:33:50.931+0000] {logging_mixin.py:137} INFO - [2023-09-06T04:33:50.930+0000] {dag.py:2690} INFO - Sync 1 DAGs
[2023-09-06T04:33:50.967+0000] {logging_mixin.py:137} INFO - [2023-09-06T04:33:50.967+0000] {dag.py:3441} INFO - Setting next_dagrun for example_bash_operator to 2023-09-05T00:00:00+00:00, run_after=2023-09-06T00:00:00+00:00
[2023-09-06T04:33:50.991+0000] {processor.py:175} INFO - Processing /home/airflow/.local/lib/python3.7/site-packages/airflow/example_dags/example_bash_operator.py took 0.158 seconds
[2023-09-06T04:34:58.294+0000] {processor.py:153} INFO - Started process (PID=65) to work on /home/airflow/.local/lib/python3.7/site-packages/airflow/example_dags/example_bash_operator.py
[2023-09-06T04:34:58.299+0000] {processor.py:743} INFO - Processing file /home/airflow/.local/lib/python3.7/site-packages/airflow/example_dags/example_bash_operator.py for tasks to queue
[2023-09-06T04:34:58.300+0000] {logging_mixin.py:137} INFO - [2023-09-06T04:34:58.300+0000] {dagbag.py:538} INFO - Filling up the DagBag from /home/airflow/.local/lib/python3.7/site-packages/airflow/example_dags/example_bash_operator.py
[2023-09-06T04:34:58.403+0000] {processor.py:753} INFO - DAG(s) dict_keys(['example_bash_operator']) retrieved from /home/airflow/.local/lib/python3.7/site-packages/airflow/example_dags/example_bash_operator.py
[2023-09-06T04:34:58.551+0000] {logging_mixin.py:137} INFO - [2023-09-06T04:34:58.551+0000] {dag.py:2690} INFO - Sync 1 DAGs
[2023-09-06T04:34:58.603+0000] {logging_mixin.py:137} INFO - [2023-09-06T04:34:58.603+0000] {dag.py:3441} INFO - Setting next_dagrun for example_bash_operator to 2023-09-05T00:00:00+00:00, run_after=2023-09-06T00:00:00+00:00
[2023-09-06T04:34:58.728+0000] {processor.py:175} INFO - Processing /home/airflow/.local/lib/python3.7/site-packages/airflow/example_dags/example_bash_operator.py took 0.440 seconds
[2023-09-06T04:35:29.358+0000] {processor.py:153} INFO - Started process (PID=124) to work on /home/airflow/.local/lib/python3.7/site-packages/airflow/example_dags/example_bash_operator.py
[2023-09-06T04:35:29.364+0000] {processor.py:743} INFO - Processing file /home/airflow/.local/lib/python3.7/site-packages/airflow/example_dags/example_bash_operator.py for tasks to queue
[2023-09-06T04:35:29.396+0000] {logging_mixin.py:137} INFO - [2023-09-06T04:35:29.396+0000] {dagbag.py:538} INFO - Filling up the DagBag from /home/airflow/.local/lib/python3.7/site-packages/airflow/example_dags/example_bash_operator.py
[2023-09-06T04:35:29.496+0000] {processor.py:753} INFO - DAG(s) dict_keys(['example_bash_operator']) retrieved from /home/airflow/.local/lib/python3.7/site-packages/airflow/example_dags/example_bash_operator.py
[2023-09-06T04:35:29.539+0000] {logging_mixin.py:137} INFO - [2023-09-06T04:35:29.539+0000] {dag.py:2690} INFO - Sync 1 DAGs
[2023-09-06T04:35:29.636+0000] {logging_mixin.py:137} INFO - [2023-09-06T04:35:29.635+0000] {dag.py:3441} INFO - Setting next_dagrun for example_bash_operator to 2023-09-05T00:00:00+00:00, run_after=2023-09-06T00:00:00+00:00
[2023-09-06T04:35:29.737+0000] {processor.py:175} INFO - Processing /home/airflow/.local/lib/python3.7/site-packages/airflow/example_dags/example_bash_operator.py took 0.387 seconds
[2023-09-06T04:35:59.813+0000] {processor.py:153} INFO - Started process (PID=194) to work on /home/airflow/.local/lib/python3.7/site-packages/airflow/example_dags/example_bash_operator.py
[2023-09-06T04:35:59.825+0000] {processor.py:743} INFO - Processing file /home/airflow/.local/lib/python3.7/site-packages/airflow/example_dags/example_bash_operator.py for tasks to queue
[2023-09-06T04:35:59.826+0000] {logging_mixin.py:137} INFO - [2023-09-06T04:35:59.826+0000] {dagbag.py:538} INFO - Filling up the DagBag from /home/airflow/.local/lib/python3.7/site-packages/airflow/example_dags/example_bash_operator.py
[2023-09-06T04:35:59.856+0000] {processor.py:753} INFO - DAG(s) dict_keys(['example_bash_operator']) retrieved from /home/airflow/.local/lib/python3.7/site-packages/airflow/example_dags/example_bash_operator.py
[2023-09-06T04:35:59.900+0000] {logging_mixin.py:137} INFO - [2023-09-06T04:35:59.900+0000] {dag.py:2690} INFO - Sync 1 DAGs
[2023-09-06T04:35:59.928+0000] {logging_mixin.py:137} INFO - [2023-09-06T04:35:59.928+0000] {dag.py:3441} INFO - Setting next_dagrun for example_bash_operator to 2023-09-05T00:00:00+00:00, run_after=2023-09-06T00:00:00+00:00
[2023-09-06T04:35:59.954+0000] {processor.py:175} INFO - Processing /home/airflow/.local/lib/python3.7/site-packages/airflow/example_dags/example_bash_operator.py took 0.145 seconds
[2023-09-06T04:36:30.487+0000] {processor.py:153} INFO - Started process (PID=254) to work on /home/airflow/.local/lib/python3.7/site-packages/airflow/example_dags/example_bash_operator.py
[2023-09-06T04:36:30.489+0000] {processor.py:743} INFO - Processing file /home/airflow/.local/lib/python3.7/site-packages/airflow/example_dags/example_bash_operator.py for tasks to queue
[2023-09-06T04:36:30.490+0000] {logging_mixin.py:137} INFO - [2023-09-06T04:36:30.490+0000] {dagbag.py:538} INFO - Filling up the DagBag from /home/airflow/.local/lib/python3.7/site-packages/airflow/example_dags/example_bash_operator.py
[2023-09-06T04:36:30.541+0000] {processor.py:753} INFO - DAG(s) dict_keys(['example_bash_operator']) retrieved from /home/airflow/.local/lib/python3.7/site-packages/airflow/example_dags/example_bash_operator.py
[2023-09-06T04:36:30.728+0000] {logging_mixin.py:137} INFO - [2023-09-06T04:36:30.728+0000] {dag.py:2690} INFO - Sync 1 DAGs
[2023-09-06T04:36:30.770+0000] {logging_mixin.py:137} INFO - [2023-09-06T04:36:30.770+0000] {dag.py:3441} INFO - Setting next_dagrun for example_bash_operator to 2023-09-05T00:00:00+00:00, run_after=2023-09-06T00:00:00+00:00
[2023-09-06T04:36:30.813+0000] {processor.py:175} INFO - Processing /home/airflow/.local/lib/python3.7/site-packages/airflow/example_dags/example_bash_operator.py took 0.334 seconds
[2023-09-06T04:37:01.735+0000] {processor.py:153} INFO - Started process (PID=313) to work on /home/airflow/.local/lib/python3.7/site-packages/airflow/example_dags/example_bash_operator.py
[2023-09-06T04:37:01.741+0000] {processor.py:743} INFO - Processing file /home/airflow/.local/lib/python3.7/site-packages/airflow/example_dags/example_bash_operator.py for tasks to queue
[2023-09-06T04:37:01.744+0000] {logging_mixin.py:137} INFO - [2023-09-06T04:37:01.744+0000] {dagbag.py:538} INFO - Filling up the DagBag from /home/airflow/.local/lib/python3.7/site-packages/airflow/example_dags/example_bash_operator.py
[2023-09-06T04:37:01.799+0000] {processor.py:753} INFO - DAG(s) dict_keys(['example_bash_operator']) retrieved from /home/airflow/.local/lib/python3.7/site-packages/airflow/example_dags/example_bash_operator.py
[2023-09-06T04:37:01.986+0000] {logging_mixin.py:137} INFO - [2023-09-06T04:37:01.985+0000] {dag.py:2690} INFO - Sync 1 DAGs
[2023-09-06T04:37:02.108+0000] {logging_mixin.py:137} INFO - [2023-09-06T04:37:02.108+0000] {dag.py:3441} INFO - Setting next_dagrun for example_bash_operator to 2023-09-05T00:00:00+00:00, run_after=2023-09-06T00:00:00+00:00
[2023-09-06T04:37:02.195+0000] {processor.py:175} INFO - Processing /home/airflow/.local/lib/python3.7/site-packages/airflow/example_dags/example_bash_operator.py took 0.467 seconds
[2023-09-06T04:37:32.872+0000] {processor.py:153} INFO - Started process (PID=381) to work on /home/airflow/.local/lib/python3.7/site-packages/airflow/example_dags/example_bash_operator.py
[2023-09-06T04:37:32.875+0000] {processor.py:743} INFO - Processing file /home/airflow/.local/lib/python3.7/site-packages/airflow/example_dags/example_bash_operator.py for tasks to queue
[2023-09-06T04:37:32.877+0000] {logging_mixin.py:137} INFO - [2023-09-06T04:37:32.877+0000] {dagbag.py:538} INFO - Filling up the DagBag from /home/airflow/.local/lib/python3.7/site-packages/airflow/example_dags/example_bash_operator.py
[2023-09-06T04:37:32.931+0000] {processor.py:753} INFO - DAG(s) dict_keys(['example_bash_operator']) retrieved from /home/airflow/.local/lib/python3.7/site-packages/airflow/example_dags/example_bash_operator.py
[2023-09-06T04:37:33.074+0000] {logging_mixin.py:137} INFO - [2023-09-06T04:37:33.073+0000] {dag.py:2690} INFO - Sync 1 DAGs
[2023-09-06T04:37:33.162+0000] {logging_mixin.py:137} INFO - [2023-09-06T04:37:33.162+0000] {dag.py:3441} INFO - Setting next_dagrun for example_bash_operator to 2023-09-05T00:00:00+00:00, run_after=2023-09-06T00:00:00+00:00
[2023-09-06T04:37:33.237+0000] {processor.py:175} INFO - Processing /home/airflow/.local/lib/python3.7/site-packages/airflow/example_dags/example_bash_operator.py took 0.370 seconds
[2023-09-06T04:38:03.875+0000] {processor.py:153} INFO - Started process (PID=441) to work on /home/airflow/.local/lib/python3.7/site-packages/airflow/example_dags/example_bash_operator.py
[2023-09-06T04:38:03.877+0000] {processor.py:743} INFO - Processing file /home/airflow/.local/lib/python3.7/site-packages/airflow/example_dags/example_bash_operator.py for tasks to queue
[2023-09-06T04:38:03.880+0000] {logging_mixin.py:137} INFO - [2023-09-06T04:38:03.879+0000] {dagbag.py:538} INFO - Filling up the DagBag from /home/airflow/.local/lib/python3.7/site-packages/airflow/example_dags/example_bash_operator.py
[2023-09-06T04:38:03.937+0000] {processor.py:753} INFO - DAG(s) dict_keys(['example_bash_operator']) retrieved from /home/airflow/.local/lib/python3.7/site-packages/airflow/example_dags/example_bash_operator.py
[2023-09-06T04:38:04.010+0000] {logging_mixin.py:137} INFO - [2023-09-06T04:38:04.010+0000] {dag.py:2690} INFO - Sync 1 DAGs
[2023-09-06T04:38:04.071+0000] {logging_mixin.py:137} INFO - [2023-09-06T04:38:04.070+0000] {dag.py:3441} INFO - Setting next_dagrun for example_bash_operator to 2023-09-05T00:00:00+00:00, run_after=2023-09-06T00:00:00+00:00
[2023-09-06T04:38:04.129+0000] {processor.py:175} INFO - Processing /home/airflow/.local/lib/python3.7/site-packages/airflow/example_dags/example_bash_operator.py took 0.258 seconds
[2023-09-06T04:38:35.268+0000] {processor.py:153} INFO - Started process (PID=500) to work on /home/airflow/.local/lib/python3.7/site-packages/airflow/example_dags/example_bash_operator.py
[2023-09-06T04:38:35.286+0000] {processor.py:743} INFO - Processing file /home/airflow/.local/lib/python3.7/site-packages/airflow/example_dags/example_bash_operator.py for tasks to queue
[2023-09-06T04:38:35.288+0000] {logging_mixin.py:137} INFO - [2023-09-06T04:38:35.287+0000] {dagbag.py:538} INFO - Filling up the DagBag from /home/airflow/.local/lib/python3.7/site-packages/airflow/example_dags/example_bash_operator.py
[2023-09-06T04:38:35.397+0000] {processor.py:753} INFO - DAG(s) dict_keys(['example_bash_operator']) retrieved from /home/airflow/.local/lib/python3.7/site-packages/airflow/example_dags/example_bash_operator.py
[2023-09-06T04:38:35.545+0000] {logging_mixin.py:137} INFO - [2023-09-06T04:38:35.545+0000] {dag.py:2690} INFO - Sync 1 DAGs
[2023-09-06T04:38:35.650+0000] {logging_mixin.py:137} INFO - [2023-09-06T04:38:35.650+0000] {dag.py:3441} INFO - Setting next_dagrun for example_bash_operator to 2023-09-05T00:00:00+00:00, run_after=2023-09-06T00:00:00+00:00
[2023-09-06T04:38:35.729+0000] {processor.py:175} INFO - Processing /home/airflow/.local/lib/python3.7/site-packages/airflow/example_dags/example_bash_operator.py took 0.465 seconds
[2023-09-06T04:39:06.724+0000] {processor.py:153} INFO - Started process (PID=559) to work on /home/airflow/.local/lib/python3.7/site-packages/airflow/example_dags/example_bash_operator.py
[2023-09-06T04:39:06.732+0000] {processor.py:743} INFO - Processing file /home/airflow/.local/lib/python3.7/site-packages/airflow/example_dags/example_bash_operator.py for tasks to queue
[2023-09-06T04:39:06.734+0000] {logging_mixin.py:137} INFO - [2023-09-06T04:39:06.734+0000] {dagbag.py:538} INFO - Filling up the DagBag from /home/airflow/.local/lib/python3.7/site-packages/airflow/example_dags/example_bash_operator.py
[2023-09-06T04:39:06.766+0000] {processor.py:753} INFO - DAG(s) dict_keys(['example_bash_operator']) retrieved from /home/airflow/.local/lib/python3.7/site-packages/airflow/example_dags/example_bash_operator.py
[2023-09-06T04:39:06.787+0000] {logging_mixin.py:137} INFO - [2023-09-06T04:39:06.787+0000] {dag.py:2690} INFO - Sync 1 DAGs
[2023-09-06T04:39:06.823+0000] {logging_mixin.py:137} INFO - [2023-09-06T04:39:06.823+0000] {dag.py:3441} INFO - Setting next_dagrun for example_bash_operator to 2023-09-05T00:00:00+00:00, run_after=2023-09-06T00:00:00+00:00
[2023-09-06T04:39:06.868+0000] {processor.py:175} INFO - Processing /home/airflow/.local/lib/python3.7/site-packages/airflow/example_dags/example_bash_operator.py took 0.152 seconds
[2023-09-06T04:39:37.162+0000] {processor.py:153} INFO - Started process (PID=629) to work on /home/airflow/.local/lib/python3.7/site-packages/airflow/example_dags/example_bash_operator.py
[2023-09-06T04:39:37.164+0000] {processor.py:743} INFO - Processing file /home/airflow/.local/lib/python3.7/site-packages/airflow/example_dags/example_bash_operator.py for tasks to queue
[2023-09-06T04:39:37.165+0000] {logging_mixin.py:137} INFO - [2023-09-06T04:39:37.165+0000] {dagbag.py:538} INFO - Filling up the DagBag from /home/airflow/.local/lib/python3.7/site-packages/airflow/example_dags/example_bash_operator.py
[2023-09-06T04:39:37.237+0000] {processor.py:753} INFO - DAG(s) dict_keys(['example_bash_operator']) retrieved from /home/airflow/.local/lib/python3.7/site-packages/airflow/example_dags/example_bash_operator.py
[2023-09-06T04:39:37.314+0000] {logging_mixin.py:137} INFO - [2023-09-06T04:39:37.314+0000] {dag.py:2690} INFO - Sync 1 DAGs
[2023-09-06T04:39:37.426+0000] {logging_mixin.py:137} INFO - [2023-09-06T04:39:37.425+0000] {dag.py:3441} INFO - Setting next_dagrun for example_bash_operator to 2023-09-05T00:00:00+00:00, run_after=2023-09-06T00:00:00+00:00
[2023-09-06T04:39:37.509+0000] {processor.py:175} INFO - Processing /home/airflow/.local/lib/python3.7/site-packages/airflow/example_dags/example_bash_operator.py took 0.360 seconds
[2023-09-06T04:40:08.171+0000] {processor.py:153} INFO - Started process (PID=688) to work on /home/airflow/.local/lib/python3.7/site-packages/airflow/example_dags/example_bash_operator.py
[2023-09-06T04:40:08.173+0000] {processor.py:743} INFO - Processing file /home/airflow/.local/lib/python3.7/site-packages/airflow/example_dags/example_bash_operator.py for tasks to queue
[2023-09-06T04:40:08.175+0000] {logging_mixin.py:137} INFO - [2023-09-06T04:40:08.175+0000] {dagbag.py:538} INFO - Filling up the DagBag from /home/airflow/.local/lib/python3.7/site-packages/airflow/example_dags/example_bash_operator.py
[2023-09-06T04:40:08.249+0000] {processor.py:753} INFO - DAG(s) dict_keys(['example_bash_operator']) retrieved from /home/airflow/.local/lib/python3.7/site-packages/airflow/example_dags/example_bash_operator.py
[2023-09-06T04:40:08.365+0000] {logging_mixin.py:137} INFO - [2023-09-06T04:40:08.365+0000] {dag.py:2690} INFO - Sync 1 DAGs
[2023-09-06T04:40:08.420+0000] {logging_mixin.py:137} INFO - [2023-09-06T04:40:08.420+0000] {dag.py:3441} INFO - Setting next_dagrun for example_bash_operator to 2023-09-05T00:00:00+00:00, run_after=2023-09-06T00:00:00+00:00
[2023-09-06T04:40:08.487+0000] {processor.py:175} INFO - Processing /home/airflow/.local/lib/python3.7/site-packages/airflow/example_dags/example_bash_operator.py took 0.326 seconds
[2023-09-06T04:40:38.903+0000] {processor.py:153} INFO - Started process (PID=747) to work on /home/airflow/.local/lib/python3.7/site-packages/airflow/example_dags/example_bash_operator.py
[2023-09-06T04:40:38.907+0000] {processor.py:743} INFO - Processing file /home/airflow/.local/lib/python3.7/site-packages/airflow/example_dags/example_bash_operator.py for tasks to queue
[2023-09-06T04:40:38.908+0000] {logging_mixin.py:137} INFO - [2023-09-06T04:40:38.908+0000] {dagbag.py:538} INFO - Filling up the DagBag from /home/airflow/.local/lib/python3.7/site-packages/airflow/example_dags/example_bash_operator.py
[2023-09-06T04:40:38.949+0000] {processor.py:753} INFO - DAG(s) dict_keys(['example_bash_operator']) retrieved from /home/airflow/.local/lib/python3.7/site-packages/airflow/example_dags/example_bash_operator.py
[2023-09-06T04:40:39.070+0000] {logging_mixin.py:137} INFO - [2023-09-06T04:40:39.070+0000] {dag.py:2690} INFO - Sync 1 DAGs
[2023-09-06T04:40:39.199+0000] {logging_mixin.py:137} INFO - [2023-09-06T04:40:39.199+0000] {dag.py:3441} INFO - Setting next_dagrun for example_bash_operator to 2023-09-05T00:00:00+00:00, run_after=2023-09-06T00:00:00+00:00
[2023-09-06T04:40:39.277+0000] {processor.py:175} INFO - Processing /home/airflow/.local/lib/python3.7/site-packages/airflow/example_dags/example_bash_operator.py took 0.377 seconds
[2023-09-06T04:41:10.172+0000] {processor.py:153} INFO - Started process (PID=817) to work on /home/airflow/.local/lib/python3.7/site-packages/airflow/example_dags/example_bash_operator.py
[2023-09-06T04:41:10.181+0000] {processor.py:743} INFO - Processing file /home/airflow/.local/lib/python3.7/site-packages/airflow/example_dags/example_bash_operator.py for tasks to queue
[2023-09-06T04:41:10.182+0000] {logging_mixin.py:137} INFO - [2023-09-06T04:41:10.182+0000] {dagbag.py:538} INFO - Filling up the DagBag from /home/airflow/.local/lib/python3.7/site-packages/airflow/example_dags/example_bash_operator.py
[2023-09-06T04:41:10.240+0000] {processor.py:753} INFO - DAG(s) dict_keys(['example_bash_operator']) retrieved from /home/airflow/.local/lib/python3.7/site-packages/airflow/example_dags/example_bash_operator.py
[2023-09-06T04:41:10.339+0000] {logging_mixin.py:137} INFO - [2023-09-06T04:41:10.339+0000] {dag.py:2690} INFO - Sync 1 DAGs
[2023-09-06T04:41:10.401+0000] {logging_mixin.py:137} INFO - [2023-09-06T04:41:10.400+0000] {dag.py:3441} INFO - Setting next_dagrun for example_bash_operator to 2023-09-05T00:00:00+00:00, run_after=2023-09-06T00:00:00+00:00
[2023-09-06T04:41:10.447+0000] {processor.py:175} INFO - Processing /home/airflow/.local/lib/python3.7/site-packages/airflow/example_dags/example_bash_operator.py took 0.278 seconds
[2023-09-06T04:41:40.824+0000] {processor.py:153} INFO - Started process (PID=876) to work on /home/airflow/.local/lib/python3.7/site-packages/airflow/example_dags/example_bash_operator.py
[2023-09-06T04:41:40.825+0000] {processor.py:743} INFO - Processing file /home/airflow/.local/lib/python3.7/site-packages/airflow/example_dags/example_bash_operator.py for tasks to queue
[2023-09-06T04:41:40.827+0000] {logging_mixin.py:137} INFO - [2023-09-06T04:41:40.827+0000] {dagbag.py:538} INFO - Filling up the DagBag from /home/airflow/.local/lib/python3.7/site-packages/airflow/example_dags/example_bash_operator.py
[2023-09-06T04:41:40.864+0000] {processor.py:753} INFO - DAG(s) dict_keys(['example_bash_operator']) retrieved from /home/airflow/.local/lib/python3.7/site-packages/airflow/example_dags/example_bash_operator.py
[2023-09-06T04:41:40.913+0000] {logging_mixin.py:137} INFO - [2023-09-06T04:41:40.913+0000] {dag.py:2690} INFO - Sync 1 DAGs
[2023-09-06T04:41:40.948+0000] {logging_mixin.py:137} INFO - [2023-09-06T04:41:40.948+0000] {dag.py:3441} INFO - Setting next_dagrun for example_bash_operator to 2023-09-05T00:00:00+00:00, run_after=2023-09-06T00:00:00+00:00
[2023-09-06T04:41:40.973+0000] {processor.py:175} INFO - Processing /home/airflow/.local/lib/python3.7/site-packages/airflow/example_dags/example_bash_operator.py took 0.153 seconds
[2023-09-06T04:42:11.782+0000] {processor.py:153} INFO - Started process (PID=945) to work on /home/airflow/.local/lib/python3.7/site-packages/airflow/example_dags/example_bash_operator.py
[2023-09-06T04:42:11.784+0000] {processor.py:743} INFO - Processing file /home/airflow/.local/lib/python3.7/site-packages/airflow/example_dags/example_bash_operator.py for tasks to queue
[2023-09-06T04:42:11.790+0000] {logging_mixin.py:137} INFO - [2023-09-06T04:42:11.790+0000] {dagbag.py:538} INFO - Filling up the DagBag from /home/airflow/.local/lib/python3.7/site-packages/airflow/example_dags/example_bash_operator.py
[2023-09-06T04:42:11.843+0000] {processor.py:753} INFO - DAG(s) dict_keys(['example_bash_operator']) retrieved from /home/airflow/.local/lib/python3.7/site-packages/airflow/example_dags/example_bash_operator.py
[2023-09-06T04:42:11.912+0000] {logging_mixin.py:137} INFO - [2023-09-06T04:42:11.912+0000] {dag.py:2690} INFO - Sync 1 DAGs
[2023-09-06T04:42:11.971+0000] {logging_mixin.py:137} INFO - [2023-09-06T04:42:11.971+0000] {dag.py:3441} INFO - Setting next_dagrun for example_bash_operator to 2023-09-05T00:00:00+00:00, run_after=2023-09-06T00:00:00+00:00
[2023-09-06T04:42:12.017+0000] {processor.py:175} INFO - Processing /home/airflow/.local/lib/python3.7/site-packages/airflow/example_dags/example_bash_operator.py took 0.239 seconds
[2023-09-06T04:42:42.690+0000] {processor.py:153} INFO - Started process (PID=1007) to work on /home/airflow/.local/lib/python3.7/site-packages/airflow/example_dags/example_bash_operator.py
[2023-09-06T04:42:42.700+0000] {processor.py:743} INFO - Processing file /home/airflow/.local/lib/python3.7/site-packages/airflow/example_dags/example_bash_operator.py for tasks to queue
[2023-09-06T04:42:42.704+0000] {logging_mixin.py:137} INFO - [2023-09-06T04:42:42.704+0000] {dagbag.py:538} INFO - Filling up the DagBag from /home/airflow/.local/lib/python3.7/site-packages/airflow/example_dags/example_bash_operator.py
[2023-09-06T04:42:42.806+0000] {processor.py:753} INFO - DAG(s) dict_keys(['example_bash_operator']) retrieved from /home/airflow/.local/lib/python3.7/site-packages/airflow/example_dags/example_bash_operator.py
[2023-09-06T04:42:42.941+0000] {logging_mixin.py:137} INFO - [2023-09-06T04:42:42.941+0000] {dag.py:2690} INFO - Sync 1 DAGs
[2023-09-06T04:42:43.036+0000] {logging_mixin.py:137} INFO - [2023-09-06T04:42:43.035+0000] {dag.py:3441} INFO - Setting next_dagrun for example_bash_operator to 2023-09-05T00:00:00+00:00, run_after=2023-09-06T00:00:00+00:00
[2023-09-06T04:42:43.106+0000] {processor.py:175} INFO - Processing /home/airflow/.local/lib/python3.7/site-packages/airflow/example_dags/example_bash_operator.py took 0.420 seconds
