[2023-09-06T04:26:31.274+0000] {processor.py:153} INFO - Started process (PID=101) to work on /home/airflow/.local/lib/python3.7/site-packages/airflow/example_dags/example_branch_python_dop_operator_3.py
[2023-09-06T04:26:31.283+0000] {processor.py:743} INFO - Processing file /home/airflow/.local/lib/python3.7/site-packages/airflow/example_dags/example_branch_python_dop_operator_3.py for tasks to queue
[2023-09-06T04:26:31.289+0000] {logging_mixin.py:137} INFO - [2023-09-06T04:26:31.287+0000] {dagbag.py:538} INFO - Filling up the DagBag from /home/airflow/.local/lib/python3.7/site-packages/airflow/example_dags/example_branch_python_dop_operator_3.py
[2023-09-06T04:26:31.497+0000] {processor.py:753} INFO - DAG(s) dict_keys(['example_branch_dop_operator_v3']) retrieved from /home/airflow/.local/lib/python3.7/site-packages/airflow/example_dags/example_branch_python_dop_operator_3.py
[2023-09-06T04:26:31.634+0000] {logging_mixin.py:137} INFO - [2023-09-06T04:26:31.633+0000] {dag.py:2690} INFO - Sync 1 DAGs
[2023-09-06T04:26:32.000+0000] {logging_mixin.py:137} INFO - [2023-09-06T04:26:31.999+0000] {dag.py:3441} INFO - Setting next_dagrun for example_branch_dop_operator_v3 to 2023-09-06T04:25:00+00:00, run_after=2023-09-06T04:26:00+00:00
[2023-09-06T04:26:32.140+0000] {processor.py:175} INFO - Processing /home/airflow/.local/lib/python3.7/site-packages/airflow/example_dags/example_branch_python_dop_operator_3.py took 0.928 seconds
[2023-09-06T04:27:02.279+0000] {processor.py:153} INFO - Started process (PID=160) to work on /home/airflow/.local/lib/python3.7/site-packages/airflow/example_dags/example_branch_python_dop_operator_3.py
[2023-09-06T04:27:02.281+0000] {processor.py:743} INFO - Processing file /home/airflow/.local/lib/python3.7/site-packages/airflow/example_dags/example_branch_python_dop_operator_3.py for tasks to queue
[2023-09-06T04:27:02.282+0000] {logging_mixin.py:137} INFO - [2023-09-06T04:27:02.282+0000] {dagbag.py:538} INFO - Filling up the DagBag from /home/airflow/.local/lib/python3.7/site-packages/airflow/example_dags/example_branch_python_dop_operator_3.py
[2023-09-06T04:27:02.317+0000] {processor.py:753} INFO - DAG(s) dict_keys(['example_branch_dop_operator_v3']) retrieved from /home/airflow/.local/lib/python3.7/site-packages/airflow/example_dags/example_branch_python_dop_operator_3.py
[2023-09-06T04:27:02.347+0000] {logging_mixin.py:137} INFO - [2023-09-06T04:27:02.347+0000] {dag.py:2690} INFO - Sync 1 DAGs
[2023-09-06T04:27:02.384+0000] {logging_mixin.py:137} INFO - [2023-09-06T04:27:02.384+0000] {dag.py:3441} INFO - Setting next_dagrun for example_branch_dop_operator_v3 to 2023-09-06T04:26:00+00:00, run_after=2023-09-06T04:27:00+00:00
[2023-09-06T04:27:02.423+0000] {processor.py:175} INFO - Processing /home/airflow/.local/lib/python3.7/site-packages/airflow/example_dags/example_branch_python_dop_operator_3.py took 0.149 seconds
[2023-09-06T04:27:32.565+0000] {processor.py:153} INFO - Started process (PID=219) to work on /home/airflow/.local/lib/python3.7/site-packages/airflow/example_dags/example_branch_python_dop_operator_3.py
[2023-09-06T04:27:32.567+0000] {processor.py:743} INFO - Processing file /home/airflow/.local/lib/python3.7/site-packages/airflow/example_dags/example_branch_python_dop_operator_3.py for tasks to queue
[2023-09-06T04:27:32.569+0000] {logging_mixin.py:137} INFO - [2023-09-06T04:27:32.569+0000] {dagbag.py:538} INFO - Filling up the DagBag from /home/airflow/.local/lib/python3.7/site-packages/airflow/example_dags/example_branch_python_dop_operator_3.py
[2023-09-06T04:27:32.619+0000] {processor.py:753} INFO - DAG(s) dict_keys(['example_branch_dop_operator_v3']) retrieved from /home/airflow/.local/lib/python3.7/site-packages/airflow/example_dags/example_branch_python_dop_operator_3.py
[2023-09-06T04:27:32.711+0000] {logging_mixin.py:137} INFO - [2023-09-06T04:27:32.710+0000] {dag.py:2690} INFO - Sync 1 DAGs
[2023-09-06T04:27:32.771+0000] {logging_mixin.py:137} INFO - [2023-09-06T04:27:32.771+0000] {dag.py:3441} INFO - Setting next_dagrun for example_branch_dop_operator_v3 to 2023-09-06T04:26:00+00:00, run_after=2023-09-06T04:27:00+00:00
[2023-09-06T04:27:32.828+0000] {processor.py:175} INFO - Processing /home/airflow/.local/lib/python3.7/site-packages/airflow/example_dags/example_branch_python_dop_operator_3.py took 0.268 seconds
[2023-09-06T04:28:03.402+0000] {processor.py:153} INFO - Started process (PID=289) to work on /home/airflow/.local/lib/python3.7/site-packages/airflow/example_dags/example_branch_python_dop_operator_3.py
[2023-09-06T04:28:03.415+0000] {processor.py:743} INFO - Processing file /home/airflow/.local/lib/python3.7/site-packages/airflow/example_dags/example_branch_python_dop_operator_3.py for tasks to queue
[2023-09-06T04:28:03.417+0000] {logging_mixin.py:137} INFO - [2023-09-06T04:28:03.416+0000] {dagbag.py:538} INFO - Filling up the DagBag from /home/airflow/.local/lib/python3.7/site-packages/airflow/example_dags/example_branch_python_dop_operator_3.py
[2023-09-06T04:28:03.474+0000] {processor.py:753} INFO - DAG(s) dict_keys(['example_branch_dop_operator_v3']) retrieved from /home/airflow/.local/lib/python3.7/site-packages/airflow/example_dags/example_branch_python_dop_operator_3.py
[2023-09-06T04:28:03.514+0000] {logging_mixin.py:137} INFO - [2023-09-06T04:28:03.513+0000] {dag.py:2690} INFO - Sync 1 DAGs
[2023-09-06T04:28:03.555+0000] {logging_mixin.py:137} INFO - [2023-09-06T04:28:03.555+0000] {dag.py:3441} INFO - Setting next_dagrun for example_branch_dop_operator_v3 to 2023-09-06T04:27:00+00:00, run_after=2023-09-06T04:28:00+00:00
[2023-09-06T04:28:03.592+0000] {processor.py:175} INFO - Processing /home/airflow/.local/lib/python3.7/site-packages/airflow/example_dags/example_branch_python_dop_operator_3.py took 0.193 seconds
[2023-09-06T04:29:16.429+0000] {processor.py:153} INFO - Started process (PID=80) to work on /home/airflow/.local/lib/python3.7/site-packages/airflow/example_dags/example_branch_python_dop_operator_3.py
[2023-09-06T04:29:16.433+0000] {processor.py:743} INFO - Processing file /home/airflow/.local/lib/python3.7/site-packages/airflow/example_dags/example_branch_python_dop_operator_3.py for tasks to queue
[2023-09-06T04:29:16.435+0000] {logging_mixin.py:137} INFO - [2023-09-06T04:29:16.435+0000] {dagbag.py:538} INFO - Filling up the DagBag from /home/airflow/.local/lib/python3.7/site-packages/airflow/example_dags/example_branch_python_dop_operator_3.py
[2023-09-06T04:29:16.493+0000] {processor.py:753} INFO - DAG(s) dict_keys(['example_branch_dop_operator_v3']) retrieved from /home/airflow/.local/lib/python3.7/site-packages/airflow/example_dags/example_branch_python_dop_operator_3.py
[2023-09-06T04:29:16.583+0000] {logging_mixin.py:137} INFO - [2023-09-06T04:29:16.583+0000] {dag.py:2690} INFO - Sync 1 DAGs
[2023-09-06T04:29:16.671+0000] {logging_mixin.py:137} INFO - [2023-09-06T04:29:16.671+0000] {dag.py:3441} INFO - Setting next_dagrun for example_branch_dop_operator_v3 to 2023-09-06T04:28:00+00:00, run_after=2023-09-06T04:29:00+00:00
[2023-09-06T04:29:16.740+0000] {processor.py:175} INFO - Processing /home/airflow/.local/lib/python3.7/site-packages/airflow/example_dags/example_branch_python_dop_operator_3.py took 0.315 seconds
[2023-09-06T04:29:47.352+0000] {processor.py:153} INFO - Started process (PID=138) to work on /home/airflow/.local/lib/python3.7/site-packages/airflow/example_dags/example_branch_python_dop_operator_3.py
[2023-09-06T04:29:47.355+0000] {processor.py:743} INFO - Processing file /home/airflow/.local/lib/python3.7/site-packages/airflow/example_dags/example_branch_python_dop_operator_3.py for tasks to queue
[2023-09-06T04:29:47.357+0000] {logging_mixin.py:137} INFO - [2023-09-06T04:29:47.357+0000] {dagbag.py:538} INFO - Filling up the DagBag from /home/airflow/.local/lib/python3.7/site-packages/airflow/example_dags/example_branch_python_dop_operator_3.py
[2023-09-06T04:29:47.459+0000] {processor.py:753} INFO - DAG(s) dict_keys(['example_branch_dop_operator_v3']) retrieved from /home/airflow/.local/lib/python3.7/site-packages/airflow/example_dags/example_branch_python_dop_operator_3.py
[2023-09-06T04:29:47.555+0000] {logging_mixin.py:137} INFO - [2023-09-06T04:29:47.555+0000] {dag.py:2690} INFO - Sync 1 DAGs
[2023-09-06T04:29:47.639+0000] {logging_mixin.py:137} INFO - [2023-09-06T04:29:47.639+0000] {dag.py:3441} INFO - Setting next_dagrun for example_branch_dop_operator_v3 to 2023-09-06T04:28:00+00:00, run_after=2023-09-06T04:29:00+00:00
[2023-09-06T04:29:47.717+0000] {processor.py:175} INFO - Processing /home/airflow/.local/lib/python3.7/site-packages/airflow/example_dags/example_branch_python_dop_operator_3.py took 0.369 seconds
[2023-09-06T04:30:17.851+0000] {processor.py:153} INFO - Started process (PID=207) to work on /home/airflow/.local/lib/python3.7/site-packages/airflow/example_dags/example_branch_python_dop_operator_3.py
[2023-09-06T04:30:17.853+0000] {processor.py:743} INFO - Processing file /home/airflow/.local/lib/python3.7/site-packages/airflow/example_dags/example_branch_python_dop_operator_3.py for tasks to queue
[2023-09-06T04:30:17.854+0000] {logging_mixin.py:137} INFO - [2023-09-06T04:30:17.853+0000] {dagbag.py:538} INFO - Filling up the DagBag from /home/airflow/.local/lib/python3.7/site-packages/airflow/example_dags/example_branch_python_dop_operator_3.py
[2023-09-06T04:30:17.878+0000] {processor.py:753} INFO - DAG(s) dict_keys(['example_branch_dop_operator_v3']) retrieved from /home/airflow/.local/lib/python3.7/site-packages/airflow/example_dags/example_branch_python_dop_operator_3.py
[2023-09-06T04:30:17.905+0000] {logging_mixin.py:137} INFO - [2023-09-06T04:30:17.905+0000] {dag.py:2690} INFO - Sync 1 DAGs
[2023-09-06T04:30:17.933+0000] {logging_mixin.py:137} INFO - [2023-09-06T04:30:17.933+0000] {dag.py:3441} INFO - Setting next_dagrun for example_branch_dop_operator_v3 to 2023-09-06T04:29:00+00:00, run_after=2023-09-06T04:30:00+00:00
[2023-09-06T04:30:17.953+0000] {processor.py:175} INFO - Processing /home/airflow/.local/lib/python3.7/site-packages/airflow/example_dags/example_branch_python_dop_operator_3.py took 0.105 seconds
[2023-09-06T04:30:48.644+0000] {processor.py:153} INFO - Started process (PID=267) to work on /home/airflow/.local/lib/python3.7/site-packages/airflow/example_dags/example_branch_python_dop_operator_3.py
[2023-09-06T04:30:48.646+0000] {processor.py:743} INFO - Processing file /home/airflow/.local/lib/python3.7/site-packages/airflow/example_dags/example_branch_python_dop_operator_3.py for tasks to queue
[2023-09-06T04:30:48.647+0000] {logging_mixin.py:137} INFO - [2023-09-06T04:30:48.647+0000] {dagbag.py:538} INFO - Filling up the DagBag from /home/airflow/.local/lib/python3.7/site-packages/airflow/example_dags/example_branch_python_dop_operator_3.py
[2023-09-06T04:30:48.675+0000] {processor.py:753} INFO - DAG(s) dict_keys(['example_branch_dop_operator_v3']) retrieved from /home/airflow/.local/lib/python3.7/site-packages/airflow/example_dags/example_branch_python_dop_operator_3.py
[2023-09-06T04:30:48.708+0000] {logging_mixin.py:137} INFO - [2023-09-06T04:30:48.708+0000] {dag.py:2690} INFO - Sync 1 DAGs
[2023-09-06T04:30:48.743+0000] {logging_mixin.py:137} INFO - [2023-09-06T04:30:48.742+0000] {dag.py:3441} INFO - Setting next_dagrun for example_branch_dop_operator_v3 to 2023-09-06T04:29:00+00:00, run_after=2023-09-06T04:30:00+00:00
[2023-09-06T04:30:48.769+0000] {processor.py:175} INFO - Processing /home/airflow/.local/lib/python3.7/site-packages/airflow/example_dags/example_branch_python_dop_operator_3.py took 0.129 seconds
[2023-09-06T04:31:19.304+0000] {processor.py:153} INFO - Started process (PID=326) to work on /home/airflow/.local/lib/python3.7/site-packages/airflow/example_dags/example_branch_python_dop_operator_3.py
[2023-09-06T04:31:19.306+0000] {processor.py:743} INFO - Processing file /home/airflow/.local/lib/python3.7/site-packages/airflow/example_dags/example_branch_python_dop_operator_3.py for tasks to queue
[2023-09-06T04:31:19.318+0000] {logging_mixin.py:137} INFO - [2023-09-06T04:31:19.309+0000] {dagbag.py:538} INFO - Filling up the DagBag from /home/airflow/.local/lib/python3.7/site-packages/airflow/example_dags/example_branch_python_dop_operator_3.py
[2023-09-06T04:31:19.350+0000] {processor.py:753} INFO - DAG(s) dict_keys(['example_branch_dop_operator_v3']) retrieved from /home/airflow/.local/lib/python3.7/site-packages/airflow/example_dags/example_branch_python_dop_operator_3.py
[2023-09-06T04:31:19.382+0000] {logging_mixin.py:137} INFO - [2023-09-06T04:31:19.382+0000] {dag.py:2690} INFO - Sync 1 DAGs
[2023-09-06T04:31:19.415+0000] {logging_mixin.py:137} INFO - [2023-09-06T04:31:19.415+0000] {dag.py:3441} INFO - Setting next_dagrun for example_branch_dop_operator_v3 to 2023-09-06T04:30:00+00:00, run_after=2023-09-06T04:31:00+00:00
[2023-09-06T04:31:19.452+0000] {processor.py:175} INFO - Processing /home/airflow/.local/lib/python3.7/site-packages/airflow/example_dags/example_branch_python_dop_operator_3.py took 0.152 seconds
[2023-09-06T04:31:49.967+0000] {processor.py:153} INFO - Started process (PID=394) to work on /home/airflow/.local/lib/python3.7/site-packages/airflow/example_dags/example_branch_python_dop_operator_3.py
[2023-09-06T04:31:49.968+0000] {processor.py:743} INFO - Processing file /home/airflow/.local/lib/python3.7/site-packages/airflow/example_dags/example_branch_python_dop_operator_3.py for tasks to queue
[2023-09-06T04:31:49.970+0000] {logging_mixin.py:137} INFO - [2023-09-06T04:31:49.969+0000] {dagbag.py:538} INFO - Filling up the DagBag from /home/airflow/.local/lib/python3.7/site-packages/airflow/example_dags/example_branch_python_dop_operator_3.py
[2023-09-06T04:31:49.993+0000] {processor.py:753} INFO - DAG(s) dict_keys(['example_branch_dop_operator_v3']) retrieved from /home/airflow/.local/lib/python3.7/site-packages/airflow/example_dags/example_branch_python_dop_operator_3.py
[2023-09-06T04:31:50.023+0000] {logging_mixin.py:137} INFO - [2023-09-06T04:31:50.023+0000] {dag.py:2690} INFO - Sync 1 DAGs
[2023-09-06T04:31:50.057+0000] {logging_mixin.py:137} INFO - [2023-09-06T04:31:50.057+0000] {dag.py:3441} INFO - Setting next_dagrun for example_branch_dop_operator_v3 to 2023-09-06T04:30:00+00:00, run_after=2023-09-06T04:31:00+00:00
[2023-09-06T04:31:50.087+0000] {processor.py:175} INFO - Processing /home/airflow/.local/lib/python3.7/site-packages/airflow/example_dags/example_branch_python_dop_operator_3.py took 0.123 seconds
[2023-09-06T04:32:20.912+0000] {processor.py:153} INFO - Started process (PID=454) to work on /home/airflow/.local/lib/python3.7/site-packages/airflow/example_dags/example_branch_python_dop_operator_3.py
[2023-09-06T04:32:20.913+0000] {processor.py:743} INFO - Processing file /home/airflow/.local/lib/python3.7/site-packages/airflow/example_dags/example_branch_python_dop_operator_3.py for tasks to queue
[2023-09-06T04:32:20.914+0000] {logging_mixin.py:137} INFO - [2023-09-06T04:32:20.914+0000] {dagbag.py:538} INFO - Filling up the DagBag from /home/airflow/.local/lib/python3.7/site-packages/airflow/example_dags/example_branch_python_dop_operator_3.py
[2023-09-06T04:32:20.940+0000] {processor.py:753} INFO - DAG(s) dict_keys(['example_branch_dop_operator_v3']) retrieved from /home/airflow/.local/lib/python3.7/site-packages/airflow/example_dags/example_branch_python_dop_operator_3.py
[2023-09-06T04:32:20.969+0000] {logging_mixin.py:137} INFO - [2023-09-06T04:32:20.969+0000] {dag.py:2690} INFO - Sync 1 DAGs
[2023-09-06T04:32:21.012+0000] {logging_mixin.py:137} INFO - [2023-09-06T04:32:21.012+0000] {dag.py:3441} INFO - Setting next_dagrun for example_branch_dop_operator_v3 to 2023-09-06T04:31:00+00:00, run_after=2023-09-06T04:32:00+00:00
[2023-09-06T04:32:21.032+0000] {processor.py:175} INFO - Processing /home/airflow/.local/lib/python3.7/site-packages/airflow/example_dags/example_branch_python_dop_operator_3.py took 0.124 seconds
[2023-09-06T04:32:51.476+0000] {processor.py:153} INFO - Started process (PID=523) to work on /home/airflow/.local/lib/python3.7/site-packages/airflow/example_dags/example_branch_python_dop_operator_3.py
[2023-09-06T04:32:51.478+0000] {processor.py:743} INFO - Processing file /home/airflow/.local/lib/python3.7/site-packages/airflow/example_dags/example_branch_python_dop_operator_3.py for tasks to queue
[2023-09-06T04:32:51.487+0000] {logging_mixin.py:137} INFO - [2023-09-06T04:32:51.487+0000] {dagbag.py:538} INFO - Filling up the DagBag from /home/airflow/.local/lib/python3.7/site-packages/airflow/example_dags/example_branch_python_dop_operator_3.py
[2023-09-06T04:32:51.545+0000] {processor.py:753} INFO - DAG(s) dict_keys(['example_branch_dop_operator_v3']) retrieved from /home/airflow/.local/lib/python3.7/site-packages/airflow/example_dags/example_branch_python_dop_operator_3.py
[2023-09-06T04:32:51.591+0000] {logging_mixin.py:137} INFO - [2023-09-06T04:32:51.591+0000] {dag.py:2690} INFO - Sync 1 DAGs
[2023-09-06T04:32:51.652+0000] {logging_mixin.py:137} INFO - [2023-09-06T04:32:51.652+0000] {dag.py:3441} INFO - Setting next_dagrun for example_branch_dop_operator_v3 to 2023-09-06T04:31:00+00:00, run_after=2023-09-06T04:32:00+00:00
[2023-09-06T04:32:51.703+0000] {processor.py:175} INFO - Processing /home/airflow/.local/lib/python3.7/site-packages/airflow/example_dags/example_branch_python_dop_operator_3.py took 0.231 seconds
[2023-09-06T04:33:21.775+0000] {processor.py:153} INFO - Started process (PID=584) to work on /home/airflow/.local/lib/python3.7/site-packages/airflow/example_dags/example_branch_python_dop_operator_3.py
[2023-09-06T04:33:21.776+0000] {processor.py:743} INFO - Processing file /home/airflow/.local/lib/python3.7/site-packages/airflow/example_dags/example_branch_python_dop_operator_3.py for tasks to queue
[2023-09-06T04:33:21.778+0000] {logging_mixin.py:137} INFO - [2023-09-06T04:33:21.778+0000] {dagbag.py:538} INFO - Filling up the DagBag from /home/airflow/.local/lib/python3.7/site-packages/airflow/example_dags/example_branch_python_dop_operator_3.py
[2023-09-06T04:33:21.804+0000] {processor.py:753} INFO - DAG(s) dict_keys(['example_branch_dop_operator_v3']) retrieved from /home/airflow/.local/lib/python3.7/site-packages/airflow/example_dags/example_branch_python_dop_operator_3.py
[2023-09-06T04:33:21.834+0000] {logging_mixin.py:137} INFO - [2023-09-06T04:33:21.834+0000] {dag.py:2690} INFO - Sync 1 DAGs
[2023-09-06T04:33:21.871+0000] {logging_mixin.py:137} INFO - [2023-09-06T04:33:21.870+0000] {dag.py:3441} INFO - Setting next_dagrun for example_branch_dop_operator_v3 to 2023-09-06T04:32:00+00:00, run_after=2023-09-06T04:33:00+00:00
[2023-09-06T04:33:21.894+0000] {processor.py:175} INFO - Processing /home/airflow/.local/lib/python3.7/site-packages/airflow/example_dags/example_branch_python_dop_operator_3.py took 0.124 seconds
[2023-09-06T04:33:52.092+0000] {processor.py:153} INFO - Started process (PID=643) to work on /home/airflow/.local/lib/python3.7/site-packages/airflow/example_dags/example_branch_python_dop_operator_3.py
[2023-09-06T04:33:52.093+0000] {processor.py:743} INFO - Processing file /home/airflow/.local/lib/python3.7/site-packages/airflow/example_dags/example_branch_python_dop_operator_3.py for tasks to queue
[2023-09-06T04:33:52.095+0000] {logging_mixin.py:137} INFO - [2023-09-06T04:33:52.095+0000] {dagbag.py:538} INFO - Filling up the DagBag from /home/airflow/.local/lib/python3.7/site-packages/airflow/example_dags/example_branch_python_dop_operator_3.py
[2023-09-06T04:33:52.117+0000] {processor.py:753} INFO - DAG(s) dict_keys(['example_branch_dop_operator_v3']) retrieved from /home/airflow/.local/lib/python3.7/site-packages/airflow/example_dags/example_branch_python_dop_operator_3.py
[2023-09-06T04:33:52.142+0000] {logging_mixin.py:137} INFO - [2023-09-06T04:33:52.142+0000] {dag.py:2690} INFO - Sync 1 DAGs
[2023-09-06T04:33:52.170+0000] {logging_mixin.py:137} INFO - [2023-09-06T04:33:52.170+0000] {dag.py:3441} INFO - Setting next_dagrun for example_branch_dop_operator_v3 to 2023-09-06T04:32:00+00:00, run_after=2023-09-06T04:33:00+00:00
[2023-09-06T04:33:52.187+0000] {processor.py:175} INFO - Processing /home/airflow/.local/lib/python3.7/site-packages/airflow/example_dags/example_branch_python_dop_operator_3.py took 0.098 seconds
[2023-09-06T04:34:59.146+0000] {processor.py:153} INFO - Started process (PID=68) to work on /home/airflow/.local/lib/python3.7/site-packages/airflow/example_dags/example_branch_python_dop_operator_3.py
[2023-09-06T04:34:59.148+0000] {processor.py:743} INFO - Processing file /home/airflow/.local/lib/python3.7/site-packages/airflow/example_dags/example_branch_python_dop_operator_3.py for tasks to queue
[2023-09-06T04:34:59.150+0000] {logging_mixin.py:137} INFO - [2023-09-06T04:34:59.150+0000] {dagbag.py:538} INFO - Filling up the DagBag from /home/airflow/.local/lib/python3.7/site-packages/airflow/example_dags/example_branch_python_dop_operator_3.py
[2023-09-06T04:34:59.232+0000] {processor.py:753} INFO - DAG(s) dict_keys(['example_branch_dop_operator_v3']) retrieved from /home/airflow/.local/lib/python3.7/site-packages/airflow/example_dags/example_branch_python_dop_operator_3.py
[2023-09-06T04:34:59.287+0000] {logging_mixin.py:137} INFO - [2023-09-06T04:34:59.286+0000] {dag.py:2690} INFO - Sync 1 DAGs
[2023-09-06T04:34:59.383+0000] {logging_mixin.py:137} INFO - [2023-09-06T04:34:59.383+0000] {dag.py:3441} INFO - Setting next_dagrun for example_branch_dop_operator_v3 to 2023-09-06T04:33:00+00:00, run_after=2023-09-06T04:34:00+00:00
[2023-09-06T04:34:59.467+0000] {processor.py:175} INFO - Processing /home/airflow/.local/lib/python3.7/site-packages/airflow/example_dags/example_branch_python_dop_operator_3.py took 0.325 seconds
[2023-09-06T04:35:30.290+0000] {processor.py:153} INFO - Started process (PID=134) to work on /home/airflow/.local/lib/python3.7/site-packages/airflow/example_dags/example_branch_python_dop_operator_3.py
[2023-09-06T04:35:30.300+0000] {processor.py:743} INFO - Processing file /home/airflow/.local/lib/python3.7/site-packages/airflow/example_dags/example_branch_python_dop_operator_3.py for tasks to queue
[2023-09-06T04:35:30.309+0000] {logging_mixin.py:137} INFO - [2023-09-06T04:35:30.309+0000] {dagbag.py:538} INFO - Filling up the DagBag from /home/airflow/.local/lib/python3.7/site-packages/airflow/example_dags/example_branch_python_dop_operator_3.py
[2023-09-06T04:35:30.458+0000] {processor.py:753} INFO - DAG(s) dict_keys(['example_branch_dop_operator_v3']) retrieved from /home/airflow/.local/lib/python3.7/site-packages/airflow/example_dags/example_branch_python_dop_operator_3.py
[2023-09-06T04:35:30.534+0000] {logging_mixin.py:137} INFO - [2023-09-06T04:35:30.534+0000] {dag.py:2690} INFO - Sync 1 DAGs
[2023-09-06T04:35:30.700+0000] {logging_mixin.py:137} INFO - [2023-09-06T04:35:30.699+0000] {dag.py:3441} INFO - Setting next_dagrun for example_branch_dop_operator_v3 to 2023-09-06T04:34:00+00:00, run_after=2023-09-06T04:35:00+00:00
[2023-09-06T04:35:30.866+0000] {processor.py:175} INFO - Processing /home/airflow/.local/lib/python3.7/site-packages/airflow/example_dags/example_branch_python_dop_operator_3.py took 0.580 seconds
[2023-09-06T04:36:01.008+0000] {processor.py:153} INFO - Started process (PID=197) to work on /home/airflow/.local/lib/python3.7/site-packages/airflow/example_dags/example_branch_python_dop_operator_3.py
[2023-09-06T04:36:01.009+0000] {processor.py:743} INFO - Processing file /home/airflow/.local/lib/python3.7/site-packages/airflow/example_dags/example_branch_python_dop_operator_3.py for tasks to queue
[2023-09-06T04:36:01.010+0000] {logging_mixin.py:137} INFO - [2023-09-06T04:36:01.010+0000] {dagbag.py:538} INFO - Filling up the DagBag from /home/airflow/.local/lib/python3.7/site-packages/airflow/example_dags/example_branch_python_dop_operator_3.py
[2023-09-06T04:36:01.038+0000] {processor.py:753} INFO - DAG(s) dict_keys(['example_branch_dop_operator_v3']) retrieved from /home/airflow/.local/lib/python3.7/site-packages/airflow/example_dags/example_branch_python_dop_operator_3.py
[2023-09-06T04:36:01.065+0000] {logging_mixin.py:137} INFO - [2023-09-06T04:36:01.065+0000] {dag.py:2690} INFO - Sync 1 DAGs
[2023-09-06T04:36:01.102+0000] {logging_mixin.py:137} INFO - [2023-09-06T04:36:01.102+0000] {dag.py:3441} INFO - Setting next_dagrun for example_branch_dop_operator_v3 to 2023-09-06T04:35:00+00:00, run_after=2023-09-06T04:36:00+00:00
[2023-09-06T04:36:01.131+0000] {processor.py:175} INFO - Processing /home/airflow/.local/lib/python3.7/site-packages/airflow/example_dags/example_branch_python_dop_operator_3.py took 0.128 seconds
[2023-09-06T04:36:31.540+0000] {processor.py:153} INFO - Started process (PID=257) to work on /home/airflow/.local/lib/python3.7/site-packages/airflow/example_dags/example_branch_python_dop_operator_3.py
[2023-09-06T04:36:31.543+0000] {processor.py:743} INFO - Processing file /home/airflow/.local/lib/python3.7/site-packages/airflow/example_dags/example_branch_python_dop_operator_3.py for tasks to queue
[2023-09-06T04:36:31.552+0000] {logging_mixin.py:137} INFO - [2023-09-06T04:36:31.552+0000] {dagbag.py:538} INFO - Filling up the DagBag from /home/airflow/.local/lib/python3.7/site-packages/airflow/example_dags/example_branch_python_dop_operator_3.py
[2023-09-06T04:36:31.634+0000] {processor.py:753} INFO - DAG(s) dict_keys(['example_branch_dop_operator_v3']) retrieved from /home/airflow/.local/lib/python3.7/site-packages/airflow/example_dags/example_branch_python_dop_operator_3.py
[2023-09-06T04:36:31.720+0000] {logging_mixin.py:137} INFO - [2023-09-06T04:36:31.720+0000] {dag.py:2690} INFO - Sync 1 DAGs
[2023-09-06T04:36:31.884+0000] {logging_mixin.py:137} INFO - [2023-09-06T04:36:31.873+0000] {dag.py:3441} INFO - Setting next_dagrun for example_branch_dop_operator_v3 to 2023-09-06T04:35:00+00:00, run_after=2023-09-06T04:36:00+00:00
[2023-09-06T04:36:31.928+0000] {processor.py:175} INFO - Processing /home/airflow/.local/lib/python3.7/site-packages/airflow/example_dags/example_branch_python_dop_operator_3.py took 0.393 seconds
[2023-09-06T04:37:02.258+0000] {processor.py:153} INFO - Started process (PID=316) to work on /home/airflow/.local/lib/python3.7/site-packages/airflow/example_dags/example_branch_python_dop_operator_3.py
[2023-09-06T04:37:02.260+0000] {processor.py:743} INFO - Processing file /home/airflow/.local/lib/python3.7/site-packages/airflow/example_dags/example_branch_python_dop_operator_3.py for tasks to queue
[2023-09-06T04:37:02.262+0000] {logging_mixin.py:137} INFO - [2023-09-06T04:37:02.262+0000] {dagbag.py:538} INFO - Filling up the DagBag from /home/airflow/.local/lib/python3.7/site-packages/airflow/example_dags/example_branch_python_dop_operator_3.py
[2023-09-06T04:37:02.329+0000] {processor.py:753} INFO - DAG(s) dict_keys(['example_branch_dop_operator_v3']) retrieved from /home/airflow/.local/lib/python3.7/site-packages/airflow/example_dags/example_branch_python_dop_operator_3.py
[2023-09-06T04:37:02.401+0000] {logging_mixin.py:137} INFO - [2023-09-06T04:37:02.401+0000] {dag.py:2690} INFO - Sync 1 DAGs
[2023-09-06T04:37:02.477+0000] {logging_mixin.py:137} INFO - [2023-09-06T04:37:02.477+0000] {dag.py:3441} INFO - Setting next_dagrun for example_branch_dop_operator_v3 to 2023-09-06T04:36:00+00:00, run_after=2023-09-06T04:37:00+00:00
[2023-09-06T04:37:02.532+0000] {processor.py:175} INFO - Processing /home/airflow/.local/lib/python3.7/site-packages/airflow/example_dags/example_branch_python_dop_operator_3.py took 0.282 seconds
[2023-09-06T04:37:33.300+0000] {processor.py:153} INFO - Started process (PID=384) to work on /home/airflow/.local/lib/python3.7/site-packages/airflow/example_dags/example_branch_python_dop_operator_3.py
[2023-09-06T04:37:33.313+0000] {processor.py:743} INFO - Processing file /home/airflow/.local/lib/python3.7/site-packages/airflow/example_dags/example_branch_python_dop_operator_3.py for tasks to queue
[2023-09-06T04:37:33.315+0000] {logging_mixin.py:137} INFO - [2023-09-06T04:37:33.315+0000] {dagbag.py:538} INFO - Filling up the DagBag from /home/airflow/.local/lib/python3.7/site-packages/airflow/example_dags/example_branch_python_dop_operator_3.py
[2023-09-06T04:37:33.385+0000] {processor.py:753} INFO - DAG(s) dict_keys(['example_branch_dop_operator_v3']) retrieved from /home/airflow/.local/lib/python3.7/site-packages/airflow/example_dags/example_branch_python_dop_operator_3.py
[2023-09-06T04:37:33.474+0000] {logging_mixin.py:137} INFO - [2023-09-06T04:37:33.474+0000] {dag.py:2690} INFO - Sync 1 DAGs
[2023-09-06T04:37:33.552+0000] {logging_mixin.py:137} INFO - [2023-09-06T04:37:33.552+0000] {dag.py:3441} INFO - Setting next_dagrun for example_branch_dop_operator_v3 to 2023-09-06T04:36:00+00:00, run_after=2023-09-06T04:37:00+00:00
[2023-09-06T04:37:33.584+0000] {processor.py:175} INFO - Processing /home/airflow/.local/lib/python3.7/site-packages/airflow/example_dags/example_branch_python_dop_operator_3.py took 0.289 seconds
[2023-09-06T04:38:04.256+0000] {processor.py:153} INFO - Started process (PID=444) to work on /home/airflow/.local/lib/python3.7/site-packages/airflow/example_dags/example_branch_python_dop_operator_3.py
[2023-09-06T04:38:04.257+0000] {processor.py:743} INFO - Processing file /home/airflow/.local/lib/python3.7/site-packages/airflow/example_dags/example_branch_python_dop_operator_3.py for tasks to queue
[2023-09-06T04:38:04.260+0000] {logging_mixin.py:137} INFO - [2023-09-06T04:38:04.259+0000] {dagbag.py:538} INFO - Filling up the DagBag from /home/airflow/.local/lib/python3.7/site-packages/airflow/example_dags/example_branch_python_dop_operator_3.py
[2023-09-06T04:38:04.306+0000] {processor.py:753} INFO - DAG(s) dict_keys(['example_branch_dop_operator_v3']) retrieved from /home/airflow/.local/lib/python3.7/site-packages/airflow/example_dags/example_branch_python_dop_operator_3.py
[2023-09-06T04:38:04.349+0000] {logging_mixin.py:137} INFO - [2023-09-06T04:38:04.349+0000] {dag.py:2690} INFO - Sync 1 DAGs
[2023-09-06T04:38:04.406+0000] {logging_mixin.py:137} INFO - [2023-09-06T04:38:04.405+0000] {dag.py:3441} INFO - Setting next_dagrun for example_branch_dop_operator_v3 to 2023-09-06T04:37:00+00:00, run_after=2023-09-06T04:38:00+00:00
[2023-09-06T04:38:04.441+0000] {processor.py:175} INFO - Processing /home/airflow/.local/lib/python3.7/site-packages/airflow/example_dags/example_branch_python_dop_operator_3.py took 0.197 seconds
[2023-09-06T04:38:36.444+0000] {processor.py:153} INFO - Started process (PID=503) to work on /home/airflow/.local/lib/python3.7/site-packages/airflow/example_dags/example_branch_python_dop_operator_3.py
[2023-09-06T04:38:36.456+0000] {processor.py:743} INFO - Processing file /home/airflow/.local/lib/python3.7/site-packages/airflow/example_dags/example_branch_python_dop_operator_3.py for tasks to queue
[2023-09-06T04:38:36.465+0000] {logging_mixin.py:137} INFO - [2023-09-06T04:38:36.464+0000] {dagbag.py:538} INFO - Filling up the DagBag from /home/airflow/.local/lib/python3.7/site-packages/airflow/example_dags/example_branch_python_dop_operator_3.py
[2023-09-06T04:38:36.643+0000] {processor.py:753} INFO - DAG(s) dict_keys(['example_branch_dop_operator_v3']) retrieved from /home/airflow/.local/lib/python3.7/site-packages/airflow/example_dags/example_branch_python_dop_operator_3.py
[2023-09-06T04:38:36.794+0000] {logging_mixin.py:137} INFO - [2023-09-06T04:38:36.794+0000] {dag.py:2690} INFO - Sync 1 DAGs
[2023-09-06T04:38:36.950+0000] {logging_mixin.py:137} INFO - [2023-09-06T04:38:36.950+0000] {dag.py:3441} INFO - Setting next_dagrun for example_branch_dop_operator_v3 to 2023-09-06T04:37:00+00:00, run_after=2023-09-06T04:38:00+00:00
[2023-09-06T04:38:37.167+0000] {processor.py:175} INFO - Processing /home/airflow/.local/lib/python3.7/site-packages/airflow/example_dags/example_branch_python_dop_operator_3.py took 0.729 seconds
[2023-09-06T04:39:08.035+0000] {processor.py:153} INFO - Started process (PID=562) to work on /home/airflow/.local/lib/python3.7/site-packages/airflow/example_dags/example_branch_python_dop_operator_3.py
[2023-09-06T04:39:08.037+0000] {processor.py:743} INFO - Processing file /home/airflow/.local/lib/python3.7/site-packages/airflow/example_dags/example_branch_python_dop_operator_3.py for tasks to queue
[2023-09-06T04:39:08.038+0000] {logging_mixin.py:137} INFO - [2023-09-06T04:39:08.038+0000] {dagbag.py:538} INFO - Filling up the DagBag from /home/airflow/.local/lib/python3.7/site-packages/airflow/example_dags/example_branch_python_dop_operator_3.py
[2023-09-06T04:39:08.069+0000] {processor.py:753} INFO - DAG(s) dict_keys(['example_branch_dop_operator_v3']) retrieved from /home/airflow/.local/lib/python3.7/site-packages/airflow/example_dags/example_branch_python_dop_operator_3.py
[2023-09-06T04:39:08.084+0000] {logging_mixin.py:137} INFO - [2023-09-06T04:39:08.084+0000] {dag.py:2690} INFO - Sync 1 DAGs
[2023-09-06T04:39:08.121+0000] {logging_mixin.py:137} INFO - [2023-09-06T04:39:08.120+0000] {dag.py:3441} INFO - Setting next_dagrun for example_branch_dop_operator_v3 to 2023-09-06T04:38:00+00:00, run_after=2023-09-06T04:39:00+00:00
[2023-09-06T04:39:08.147+0000] {processor.py:175} INFO - Processing /home/airflow/.local/lib/python3.7/site-packages/airflow/example_dags/example_branch_python_dop_operator_3.py took 0.116 seconds
[2023-09-06T04:39:38.579+0000] {processor.py:153} INFO - Started process (PID=632) to work on /home/airflow/.local/lib/python3.7/site-packages/airflow/example_dags/example_branch_python_dop_operator_3.py
[2023-09-06T04:39:38.580+0000] {processor.py:743} INFO - Processing file /home/airflow/.local/lib/python3.7/site-packages/airflow/example_dags/example_branch_python_dop_operator_3.py for tasks to queue
[2023-09-06T04:39:38.582+0000] {logging_mixin.py:137} INFO - [2023-09-06T04:39:38.581+0000] {dagbag.py:538} INFO - Filling up the DagBag from /home/airflow/.local/lib/python3.7/site-packages/airflow/example_dags/example_branch_python_dop_operator_3.py
[2023-09-06T04:39:38.644+0000] {processor.py:753} INFO - DAG(s) dict_keys(['example_branch_dop_operator_v3']) retrieved from /home/airflow/.local/lib/python3.7/site-packages/airflow/example_dags/example_branch_python_dop_operator_3.py
[2023-09-06T04:39:38.678+0000] {logging_mixin.py:137} INFO - [2023-09-06T04:39:38.678+0000] {dag.py:2690} INFO - Sync 1 DAGs
[2023-09-06T04:39:38.720+0000] {logging_mixin.py:137} INFO - [2023-09-06T04:39:38.719+0000] {dag.py:3441} INFO - Setting next_dagrun for example_branch_dop_operator_v3 to 2023-09-06T04:38:00+00:00, run_after=2023-09-06T04:39:00+00:00
[2023-09-06T04:39:38.752+0000] {processor.py:175} INFO - Processing /home/airflow/.local/lib/python3.7/site-packages/airflow/example_dags/example_branch_python_dop_operator_3.py took 0.178 seconds
[2023-09-06T04:40:09.071+0000] {processor.py:153} INFO - Started process (PID=692) to work on /home/airflow/.local/lib/python3.7/site-packages/airflow/example_dags/example_branch_python_dop_operator_3.py
[2023-09-06T04:40:09.079+0000] {processor.py:743} INFO - Processing file /home/airflow/.local/lib/python3.7/site-packages/airflow/example_dags/example_branch_python_dop_operator_3.py for tasks to queue
[2023-09-06T04:40:09.080+0000] {logging_mixin.py:137} INFO - [2023-09-06T04:40:09.080+0000] {dagbag.py:538} INFO - Filling up the DagBag from /home/airflow/.local/lib/python3.7/site-packages/airflow/example_dags/example_branch_python_dop_operator_3.py
[2023-09-06T04:40:09.126+0000] {processor.py:753} INFO - DAG(s) dict_keys(['example_branch_dop_operator_v3']) retrieved from /home/airflow/.local/lib/python3.7/site-packages/airflow/example_dags/example_branch_python_dop_operator_3.py
[2023-09-06T04:40:09.160+0000] {logging_mixin.py:137} INFO - [2023-09-06T04:40:09.160+0000] {dag.py:2690} INFO - Sync 1 DAGs
[2023-09-06T04:40:09.220+0000] {logging_mixin.py:137} INFO - [2023-09-06T04:40:09.220+0000] {dag.py:3441} INFO - Setting next_dagrun for example_branch_dop_operator_v3 to 2023-09-06T04:39:00+00:00, run_after=2023-09-06T04:40:00+00:00
[2023-09-06T04:40:09.268+0000] {processor.py:175} INFO - Processing /home/airflow/.local/lib/python3.7/site-packages/airflow/example_dags/example_branch_python_dop_operator_3.py took 0.201 seconds
[2023-09-06T04:40:39.632+0000] {processor.py:153} INFO - Started process (PID=750) to work on /home/airflow/.local/lib/python3.7/site-packages/airflow/example_dags/example_branch_python_dop_operator_3.py
[2023-09-06T04:40:39.634+0000] {processor.py:743} INFO - Processing file /home/airflow/.local/lib/python3.7/site-packages/airflow/example_dags/example_branch_python_dop_operator_3.py for tasks to queue
[2023-09-06T04:40:39.636+0000] {logging_mixin.py:137} INFO - [2023-09-06T04:40:39.636+0000] {dagbag.py:538} INFO - Filling up the DagBag from /home/airflow/.local/lib/python3.7/site-packages/airflow/example_dags/example_branch_python_dop_operator_3.py
[2023-09-06T04:40:39.743+0000] {processor.py:753} INFO - DAG(s) dict_keys(['example_branch_dop_operator_v3']) retrieved from /home/airflow/.local/lib/python3.7/site-packages/airflow/example_dags/example_branch_python_dop_operator_3.py
[2023-09-06T04:40:39.864+0000] {logging_mixin.py:137} INFO - [2023-09-06T04:40:39.863+0000] {dag.py:2690} INFO - Sync 1 DAGs
[2023-09-06T04:40:39.996+0000] {logging_mixin.py:137} INFO - [2023-09-06T04:40:39.995+0000] {dag.py:3441} INFO - Setting next_dagrun for example_branch_dop_operator_v3 to 2023-09-06T04:39:00+00:00, run_after=2023-09-06T04:40:00+00:00
[2023-09-06T04:40:40.055+0000] {processor.py:175} INFO - Processing /home/airflow/.local/lib/python3.7/site-packages/airflow/example_dags/example_branch_python_dop_operator_3.py took 0.438 seconds
[2023-09-06T04:41:10.712+0000] {processor.py:153} INFO - Started process (PID=820) to work on /home/airflow/.local/lib/python3.7/site-packages/airflow/example_dags/example_branch_python_dop_operator_3.py
[2023-09-06T04:41:10.720+0000] {processor.py:743} INFO - Processing file /home/airflow/.local/lib/python3.7/site-packages/airflow/example_dags/example_branch_python_dop_operator_3.py for tasks to queue
[2023-09-06T04:41:10.722+0000] {logging_mixin.py:137} INFO - [2023-09-06T04:41:10.721+0000] {dagbag.py:538} INFO - Filling up the DagBag from /home/airflow/.local/lib/python3.7/site-packages/airflow/example_dags/example_branch_python_dop_operator_3.py
[2023-09-06T04:41:10.783+0000] {processor.py:753} INFO - DAG(s) dict_keys(['example_branch_dop_operator_v3']) retrieved from /home/airflow/.local/lib/python3.7/site-packages/airflow/example_dags/example_branch_python_dop_operator_3.py
[2023-09-06T04:41:10.865+0000] {logging_mixin.py:137} INFO - [2023-09-06T04:41:10.864+0000] {dag.py:2690} INFO - Sync 1 DAGs
[2023-09-06T04:41:10.928+0000] {logging_mixin.py:137} INFO - [2023-09-06T04:41:10.928+0000] {dag.py:3441} INFO - Setting next_dagrun for example_branch_dop_operator_v3 to 2023-09-06T04:40:00+00:00, run_after=2023-09-06T04:41:00+00:00
[2023-09-06T04:41:10.991+0000] {processor.py:175} INFO - Processing /home/airflow/.local/lib/python3.7/site-packages/airflow/example_dags/example_branch_python_dop_operator_3.py took 0.284 seconds
[2023-09-06T04:41:41.192+0000] {processor.py:153} INFO - Started process (PID=880) to work on /home/airflow/.local/lib/python3.7/site-packages/airflow/example_dags/example_branch_python_dop_operator_3.py
[2023-09-06T04:41:41.193+0000] {processor.py:743} INFO - Processing file /home/airflow/.local/lib/python3.7/site-packages/airflow/example_dags/example_branch_python_dop_operator_3.py for tasks to queue
[2023-09-06T04:41:41.194+0000] {logging_mixin.py:137} INFO - [2023-09-06T04:41:41.194+0000] {dagbag.py:538} INFO - Filling up the DagBag from /home/airflow/.local/lib/python3.7/site-packages/airflow/example_dags/example_branch_python_dop_operator_3.py
[2023-09-06T04:41:41.215+0000] {processor.py:753} INFO - DAG(s) dict_keys(['example_branch_dop_operator_v3']) retrieved from /home/airflow/.local/lib/python3.7/site-packages/airflow/example_dags/example_branch_python_dop_operator_3.py
[2023-09-06T04:41:41.243+0000] {logging_mixin.py:137} INFO - [2023-09-06T04:41:41.243+0000] {dag.py:2690} INFO - Sync 1 DAGs
[2023-09-06T04:41:41.280+0000] {logging_mixin.py:137} INFO - [2023-09-06T04:41:41.280+0000] {dag.py:3441} INFO - Setting next_dagrun for example_branch_dop_operator_v3 to 2023-09-06T04:40:00+00:00, run_after=2023-09-06T04:41:00+00:00
[2023-09-06T04:41:41.303+0000] {processor.py:175} INFO - Processing /home/airflow/.local/lib/python3.7/site-packages/airflow/example_dags/example_branch_python_dop_operator_3.py took 0.114 seconds
[2023-09-06T04:42:12.093+0000] {processor.py:153} INFO - Started process (PID=950) to work on /home/airflow/.local/lib/python3.7/site-packages/airflow/example_dags/example_branch_python_dop_operator_3.py
[2023-09-06T04:42:12.104+0000] {processor.py:743} INFO - Processing file /home/airflow/.local/lib/python3.7/site-packages/airflow/example_dags/example_branch_python_dop_operator_3.py for tasks to queue
[2023-09-06T04:42:12.106+0000] {logging_mixin.py:137} INFO - [2023-09-06T04:42:12.105+0000] {dagbag.py:538} INFO - Filling up the DagBag from /home/airflow/.local/lib/python3.7/site-packages/airflow/example_dags/example_branch_python_dop_operator_3.py
[2023-09-06T04:42:12.169+0000] {processor.py:753} INFO - DAG(s) dict_keys(['example_branch_dop_operator_v3']) retrieved from /home/airflow/.local/lib/python3.7/site-packages/airflow/example_dags/example_branch_python_dop_operator_3.py
[2023-09-06T04:42:12.221+0000] {logging_mixin.py:137} INFO - [2023-09-06T04:42:12.221+0000] {dag.py:2690} INFO - Sync 1 DAGs
[2023-09-06T04:42:12.285+0000] {logging_mixin.py:137} INFO - [2023-09-06T04:42:12.285+0000] {dag.py:3441} INFO - Setting next_dagrun for example_branch_dop_operator_v3 to 2023-09-06T04:41:00+00:00, run_after=2023-09-06T04:42:00+00:00
[2023-09-06T04:42:12.338+0000] {processor.py:175} INFO - Processing /home/airflow/.local/lib/python3.7/site-packages/airflow/example_dags/example_branch_python_dop_operator_3.py took 0.248 seconds
[2023-09-06T04:42:43.370+0000] {processor.py:153} INFO - Started process (PID=1010) to work on /home/airflow/.local/lib/python3.7/site-packages/airflow/example_dags/example_branch_python_dop_operator_3.py
[2023-09-06T04:42:43.388+0000] {processor.py:743} INFO - Processing file /home/airflow/.local/lib/python3.7/site-packages/airflow/example_dags/example_branch_python_dop_operator_3.py for tasks to queue
[2023-09-06T04:42:43.396+0000] {logging_mixin.py:137} INFO - [2023-09-06T04:42:43.395+0000] {dagbag.py:538} INFO - Filling up the DagBag from /home/airflow/.local/lib/python3.7/site-packages/airflow/example_dags/example_branch_python_dop_operator_3.py
[2023-09-06T04:42:43.453+0000] {processor.py:753} INFO - DAG(s) dict_keys(['example_branch_dop_operator_v3']) retrieved from /home/airflow/.local/lib/python3.7/site-packages/airflow/example_dags/example_branch_python_dop_operator_3.py
[2023-09-06T04:42:43.562+0000] {logging_mixin.py:137} INFO - [2023-09-06T04:42:43.562+0000] {dag.py:2690} INFO - Sync 1 DAGs
[2023-09-06T04:42:43.651+0000] {logging_mixin.py:137} INFO - [2023-09-06T04:42:43.651+0000] {dag.py:3441} INFO - Setting next_dagrun for example_branch_dop_operator_v3 to 2023-09-06T04:41:00+00:00, run_after=2023-09-06T04:42:00+00:00
[2023-09-06T04:42:43.699+0000] {processor.py:175} INFO - Processing /home/airflow/.local/lib/python3.7/site-packages/airflow/example_dags/example_branch_python_dop_operator_3.py took 0.334 seconds
