[2023-09-06T04:26:21.166+0000] {processor.py:153} INFO - Started process (PID=79) to work on /home/airflow/.local/lib/python3.7/site-packages/airflow/example_dags/example_datasets.py
[2023-09-06T04:26:21.175+0000] {processor.py:743} INFO - Processing file /home/airflow/.local/lib/python3.7/site-packages/airflow/example_dags/example_datasets.py for tasks to queue
[2023-09-06T04:26:21.177+0000] {logging_mixin.py:137} INFO - [2023-09-06T04:26:21.176+0000] {dagbag.py:538} INFO - Filling up the DagBag from /home/airflow/.local/lib/python3.7/site-packages/airflow/example_dags/example_datasets.py
[2023-09-06T04:26:21.381+0000] {processor.py:753} INFO - DAG(s) dict_keys(['dataset_consumes_1_never_scheduled', 'dataset_consumes_1', 'dataset_produces_1', 'dataset_consumes_unknown_never_scheduled', 'dataset_consumes_1_and_2', 'dataset_produces_2']) retrieved from /home/airflow/.local/lib/python3.7/site-packages/airflow/example_dags/example_datasets.py
[2023-09-06T04:26:21.545+0000] {logging_mixin.py:137} INFO - [2023-09-06T04:26:21.545+0000] {dag.py:2690} INFO - Sync 6 DAGs
[2023-09-06T04:26:21.906+0000] {logging_mixin.py:137} INFO - [2023-09-06T04:26:21.906+0000] {dag.py:3441} INFO - Setting next_dagrun for dataset_consumes_1 to None, run_after=None
[2023-09-06T04:26:21.967+0000] {logging_mixin.py:137} INFO - [2023-09-06T04:26:21.967+0000] {dag.py:3441} INFO - Setting next_dagrun for dataset_consumes_1_and_2 to None, run_after=None
[2023-09-06T04:26:21.977+0000] {logging_mixin.py:137} INFO - [2023-09-06T04:26:21.977+0000] {dag.py:3441} INFO - Setting next_dagrun for dataset_consumes_1_never_scheduled to None, run_after=None
[2023-09-06T04:26:22.008+0000] {logging_mixin.py:137} INFO - [2023-09-06T04:26:22.007+0000] {dag.py:3441} INFO - Setting next_dagrun for dataset_consumes_unknown_never_scheduled to None, run_after=None
[2023-09-06T04:26:22.089+0000] {logging_mixin.py:137} INFO - [2023-09-06T04:26:22.089+0000] {dag.py:3441} INFO - Setting next_dagrun for dataset_produces_1 to 2023-09-05T00:00:00+00:00, run_after=2023-09-06T00:00:00+00:00
[2023-09-06T04:26:22.163+0000] {logging_mixin.py:137} INFO - [2023-09-06T04:26:22.162+0000] {dag.py:3441} INFO - Setting next_dagrun for dataset_produces_2 to None, run_after=None
[2023-09-06T04:26:22.688+0000] {processor.py:175} INFO - Processing /home/airflow/.local/lib/python3.7/site-packages/airflow/example_dags/example_datasets.py took 1.601 seconds
[2023-09-06T04:26:53.093+0000] {processor.py:153} INFO - Started process (PID=132) to work on /home/airflow/.local/lib/python3.7/site-packages/airflow/example_dags/example_datasets.py
[2023-09-06T04:26:53.095+0000] {processor.py:743} INFO - Processing file /home/airflow/.local/lib/python3.7/site-packages/airflow/example_dags/example_datasets.py for tasks to queue
[2023-09-06T04:26:53.097+0000] {logging_mixin.py:137} INFO - [2023-09-06T04:26:53.096+0000] {dagbag.py:538} INFO - Filling up the DagBag from /home/airflow/.local/lib/python3.7/site-packages/airflow/example_dags/example_datasets.py
[2023-09-06T04:26:53.119+0000] {processor.py:753} INFO - DAG(s) dict_keys(['dataset_consumes_unknown_never_scheduled', 'dataset_consumes_1_and_2', 'dataset_consumes_1', 'dataset_produces_2', 'dataset_consumes_1_never_scheduled', 'dataset_produces_1']) retrieved from /home/airflow/.local/lib/python3.7/site-packages/airflow/example_dags/example_datasets.py
[2023-09-06T04:26:53.265+0000] {logging_mixin.py:137} INFO - [2023-09-06T04:26:53.265+0000] {dag.py:2690} INFO - Sync 6 DAGs
[2023-09-06T04:26:53.296+0000] {logging_mixin.py:137} INFO - [2023-09-06T04:26:53.296+0000] {dag.py:3441} INFO - Setting next_dagrun for dataset_consumes_1 to None, run_after=None
[2023-09-06T04:26:53.300+0000] {logging_mixin.py:137} INFO - [2023-09-06T04:26:53.300+0000] {dag.py:3441} INFO - Setting next_dagrun for dataset_consumes_1_and_2 to None, run_after=None
[2023-09-06T04:26:53.302+0000] {logging_mixin.py:137} INFO - [2023-09-06T04:26:53.302+0000] {dag.py:3441} INFO - Setting next_dagrun for dataset_consumes_1_never_scheduled to None, run_after=None
[2023-09-06T04:26:53.303+0000] {logging_mixin.py:137} INFO - [2023-09-06T04:26:53.303+0000] {dag.py:3441} INFO - Setting next_dagrun for dataset_consumes_unknown_never_scheduled to None, run_after=None
[2023-09-06T04:26:53.317+0000] {logging_mixin.py:137} INFO - [2023-09-06T04:26:53.317+0000] {dag.py:3441} INFO - Setting next_dagrun for dataset_produces_1 to 2023-09-05T00:00:00+00:00, run_after=2023-09-06T00:00:00+00:00
[2023-09-06T04:26:53.330+0000] {logging_mixin.py:137} INFO - [2023-09-06T04:26:53.329+0000] {dag.py:3441} INFO - Setting next_dagrun for dataset_produces_2 to None, run_after=None
[2023-09-06T04:26:53.505+0000] {processor.py:175} INFO - Processing /home/airflow/.local/lib/python3.7/site-packages/airflow/example_dags/example_datasets.py took 0.416 seconds
[2023-09-06T04:27:23.835+0000] {processor.py:153} INFO - Started process (PID=200) to work on /home/airflow/.local/lib/python3.7/site-packages/airflow/example_dags/example_datasets.py
[2023-09-06T04:27:23.842+0000] {processor.py:743} INFO - Processing file /home/airflow/.local/lib/python3.7/site-packages/airflow/example_dags/example_datasets.py for tasks to queue
[2023-09-06T04:27:23.844+0000] {logging_mixin.py:137} INFO - [2023-09-06T04:27:23.844+0000] {dagbag.py:538} INFO - Filling up the DagBag from /home/airflow/.local/lib/python3.7/site-packages/airflow/example_dags/example_datasets.py
[2023-09-06T04:27:23.881+0000] {processor.py:753} INFO - DAG(s) dict_keys(['dataset_consumes_1', 'dataset_consumes_unknown_never_scheduled', 'dataset_produces_2', 'dataset_produces_1', 'dataset_consumes_1_never_scheduled', 'dataset_consumes_1_and_2']) retrieved from /home/airflow/.local/lib/python3.7/site-packages/airflow/example_dags/example_datasets.py
[2023-09-06T04:27:23.981+0000] {logging_mixin.py:137} INFO - [2023-09-06T04:27:23.981+0000] {dag.py:2690} INFO - Sync 6 DAGs
[2023-09-06T04:27:24.008+0000] {logging_mixin.py:137} INFO - [2023-09-06T04:27:24.008+0000] {dag.py:3441} INFO - Setting next_dagrun for dataset_consumes_1 to None, run_after=None
[2023-09-06T04:27:24.013+0000] {logging_mixin.py:137} INFO - [2023-09-06T04:27:24.013+0000] {dag.py:3441} INFO - Setting next_dagrun for dataset_consumes_1_and_2 to None, run_after=None
[2023-09-06T04:27:24.014+0000] {logging_mixin.py:137} INFO - [2023-09-06T04:27:24.014+0000] {dag.py:3441} INFO - Setting next_dagrun for dataset_consumes_1_never_scheduled to None, run_after=None
[2023-09-06T04:27:24.016+0000] {logging_mixin.py:137} INFO - [2023-09-06T04:27:24.016+0000] {dag.py:3441} INFO - Setting next_dagrun for dataset_consumes_unknown_never_scheduled to None, run_after=None
[2023-09-06T04:27:24.021+0000] {logging_mixin.py:137} INFO - [2023-09-06T04:27:24.021+0000] {dag.py:3441} INFO - Setting next_dagrun for dataset_produces_1 to 2023-09-05T00:00:00+00:00, run_after=2023-09-06T00:00:00+00:00
[2023-09-06T04:27:24.022+0000] {logging_mixin.py:137} INFO - [2023-09-06T04:27:24.022+0000] {dag.py:3441} INFO - Setting next_dagrun for dataset_produces_2 to None, run_after=None
[2023-09-06T04:27:24.057+0000] {processor.py:175} INFO - Processing /home/airflow/.local/lib/python3.7/site-packages/airflow/example_dags/example_datasets.py took 0.225 seconds
[2023-09-06T04:27:54.331+0000] {processor.py:153} INFO - Started process (PID=260) to work on /home/airflow/.local/lib/python3.7/site-packages/airflow/example_dags/example_datasets.py
[2023-09-06T04:27:54.332+0000] {processor.py:743} INFO - Processing file /home/airflow/.local/lib/python3.7/site-packages/airflow/example_dags/example_datasets.py for tasks to queue
[2023-09-06T04:27:54.334+0000] {logging_mixin.py:137} INFO - [2023-09-06T04:27:54.333+0000] {dagbag.py:538} INFO - Filling up the DagBag from /home/airflow/.local/lib/python3.7/site-packages/airflow/example_dags/example_datasets.py
[2023-09-06T04:27:54.357+0000] {processor.py:753} INFO - DAG(s) dict_keys(['dataset_produces_1', 'dataset_consumes_1_never_scheduled', 'dataset_consumes_unknown_never_scheduled', 'dataset_consumes_1', 'dataset_consumes_1_and_2', 'dataset_produces_2']) retrieved from /home/airflow/.local/lib/python3.7/site-packages/airflow/example_dags/example_datasets.py
[2023-09-06T04:27:54.409+0000] {logging_mixin.py:137} INFO - [2023-09-06T04:27:54.408+0000] {dag.py:2690} INFO - Sync 6 DAGs
[2023-09-06T04:27:54.440+0000] {logging_mixin.py:137} INFO - [2023-09-06T04:27:54.440+0000] {dag.py:3441} INFO - Setting next_dagrun for dataset_consumes_1 to None, run_after=None
[2023-09-06T04:27:54.446+0000] {logging_mixin.py:137} INFO - [2023-09-06T04:27:54.446+0000] {dag.py:3441} INFO - Setting next_dagrun for dataset_consumes_1_and_2 to None, run_after=None
[2023-09-06T04:27:54.448+0000] {logging_mixin.py:137} INFO - [2023-09-06T04:27:54.448+0000] {dag.py:3441} INFO - Setting next_dagrun for dataset_consumes_1_never_scheduled to None, run_after=None
[2023-09-06T04:27:54.450+0000] {logging_mixin.py:137} INFO - [2023-09-06T04:27:54.450+0000] {dag.py:3441} INFO - Setting next_dagrun for dataset_consumes_unknown_never_scheduled to None, run_after=None
[2023-09-06T04:27:54.454+0000] {logging_mixin.py:137} INFO - [2023-09-06T04:27:54.454+0000] {dag.py:3441} INFO - Setting next_dagrun for dataset_produces_1 to 2023-09-05T00:00:00+00:00, run_after=2023-09-06T00:00:00+00:00
[2023-09-06T04:27:54.457+0000] {logging_mixin.py:137} INFO - [2023-09-06T04:27:54.456+0000] {dag.py:3441} INFO - Setting next_dagrun for dataset_produces_2 to None, run_after=None
[2023-09-06T04:27:54.512+0000] {processor.py:175} INFO - Processing /home/airflow/.local/lib/python3.7/site-packages/airflow/example_dags/example_datasets.py took 0.185 seconds
[2023-09-06T04:28:24.786+0000] {processor.py:153} INFO - Started process (PID=319) to work on /home/airflow/.local/lib/python3.7/site-packages/airflow/example_dags/example_datasets.py
[2023-09-06T04:28:24.793+0000] {processor.py:743} INFO - Processing file /home/airflow/.local/lib/python3.7/site-packages/airflow/example_dags/example_datasets.py for tasks to queue
[2023-09-06T04:28:24.803+0000] {logging_mixin.py:137} INFO - [2023-09-06T04:28:24.803+0000] {dagbag.py:538} INFO - Filling up the DagBag from /home/airflow/.local/lib/python3.7/site-packages/airflow/example_dags/example_datasets.py
[2023-09-06T04:28:24.869+0000] {processor.py:753} INFO - DAG(s) dict_keys(['dataset_consumes_1_never_scheduled', 'dataset_produces_2', 'dataset_consumes_unknown_never_scheduled', 'dataset_consumes_1_and_2', 'dataset_produces_1', 'dataset_consumes_1']) retrieved from /home/airflow/.local/lib/python3.7/site-packages/airflow/example_dags/example_datasets.py
[2023-09-06T04:28:25.109+0000] {logging_mixin.py:137} INFO - [2023-09-06T04:28:25.109+0000] {dag.py:2690} INFO - Sync 6 DAGs
[2023-09-06T04:28:25.233+0000] {logging_mixin.py:137} INFO - [2023-09-06T04:28:25.233+0000] {dag.py:3441} INFO - Setting next_dagrun for dataset_consumes_1 to None, run_after=None
[2023-09-06T04:28:25.253+0000] {logging_mixin.py:137} INFO - [2023-09-06T04:28:25.253+0000] {dag.py:3441} INFO - Setting next_dagrun for dataset_consumes_1_and_2 to None, run_after=None
[2023-09-06T04:28:25.268+0000] {logging_mixin.py:137} INFO - [2023-09-06T04:28:25.267+0000] {dag.py:3441} INFO - Setting next_dagrun for dataset_consumes_1_never_scheduled to None, run_after=None
[2023-09-06T04:28:25.271+0000] {logging_mixin.py:137} INFO - [2023-09-06T04:28:25.270+0000] {dag.py:3441} INFO - Setting next_dagrun for dataset_consumes_unknown_never_scheduled to None, run_after=None
[2023-09-06T04:28:25.289+0000] {logging_mixin.py:137} INFO - [2023-09-06T04:28:25.289+0000] {dag.py:3441} INFO - Setting next_dagrun for dataset_produces_1 to 2023-09-05T00:00:00+00:00, run_after=2023-09-06T00:00:00+00:00
[2023-09-06T04:28:25.295+0000] {logging_mixin.py:137} INFO - [2023-09-06T04:28:25.295+0000] {dag.py:3441} INFO - Setting next_dagrun for dataset_produces_2 to None, run_after=None
[2023-09-06T04:28:25.375+0000] {processor.py:175} INFO - Processing /home/airflow/.local/lib/python3.7/site-packages/airflow/example_dags/example_datasets.py took 0.599 seconds
[2023-09-06T04:29:09.423+0000] {processor.py:153} INFO - Started process (PID=60) to work on /home/airflow/.local/lib/python3.7/site-packages/airflow/example_dags/example_datasets.py
[2023-09-06T04:29:09.434+0000] {processor.py:743} INFO - Processing file /home/airflow/.local/lib/python3.7/site-packages/airflow/example_dags/example_datasets.py for tasks to queue
[2023-09-06T04:29:09.440+0000] {logging_mixin.py:137} INFO - [2023-09-06T04:29:09.440+0000] {dagbag.py:538} INFO - Filling up the DagBag from /home/airflow/.local/lib/python3.7/site-packages/airflow/example_dags/example_datasets.py
[2023-09-06T04:29:09.523+0000] {processor.py:753} INFO - DAG(s) dict_keys(['dataset_produces_1', 'dataset_consumes_1', 'dataset_consumes_1_and_2', 'dataset_consumes_unknown_never_scheduled', 'dataset_produces_2', 'dataset_consumes_1_never_scheduled']) retrieved from /home/airflow/.local/lib/python3.7/site-packages/airflow/example_dags/example_datasets.py
[2023-09-06T04:29:10.303+0000] {logging_mixin.py:137} INFO - [2023-09-06T04:29:10.303+0000] {dag.py:2690} INFO - Sync 6 DAGs
[2023-09-06T04:29:10.469+0000] {logging_mixin.py:137} INFO - [2023-09-06T04:29:10.467+0000] {dag.py:3441} INFO - Setting next_dagrun for dataset_consumes_1 to None, run_after=None
[2023-09-06T04:29:10.484+0000] {logging_mixin.py:137} INFO - [2023-09-06T04:29:10.484+0000] {dag.py:3441} INFO - Setting next_dagrun for dataset_consumes_1_and_2 to None, run_after=None
[2023-09-06T04:29:10.495+0000] {logging_mixin.py:137} INFO - [2023-09-06T04:29:10.494+0000] {dag.py:3441} INFO - Setting next_dagrun for dataset_consumes_1_never_scheduled to None, run_after=None
[2023-09-06T04:29:10.496+0000] {logging_mixin.py:137} INFO - [2023-09-06T04:29:10.496+0000] {dag.py:3441} INFO - Setting next_dagrun for dataset_consumes_unknown_never_scheduled to None, run_after=None
[2023-09-06T04:29:10.500+0000] {logging_mixin.py:137} INFO - [2023-09-06T04:29:10.500+0000] {dag.py:3441} INFO - Setting next_dagrun for dataset_produces_1 to 2023-09-05T00:00:00+00:00, run_after=2023-09-06T00:00:00+00:00
[2023-09-06T04:29:10.510+0000] {logging_mixin.py:137} INFO - [2023-09-06T04:29:10.510+0000] {dag.py:3441} INFO - Setting next_dagrun for dataset_produces_2 to None, run_after=None
[2023-09-06T04:29:10.663+0000] {processor.py:175} INFO - Processing /home/airflow/.local/lib/python3.7/site-packages/airflow/example_dags/example_datasets.py took 1.244 seconds
[2023-09-06T04:29:41.486+0000] {processor.py:153} INFO - Started process (PID=119) to work on /home/airflow/.local/lib/python3.7/site-packages/airflow/example_dags/example_datasets.py
[2023-09-06T04:29:41.487+0000] {processor.py:743} INFO - Processing file /home/airflow/.local/lib/python3.7/site-packages/airflow/example_dags/example_datasets.py for tasks to queue
[2023-09-06T04:29:41.489+0000] {logging_mixin.py:137} INFO - [2023-09-06T04:29:41.488+0000] {dagbag.py:538} INFO - Filling up the DagBag from /home/airflow/.local/lib/python3.7/site-packages/airflow/example_dags/example_datasets.py
[2023-09-06T04:29:41.507+0000] {processor.py:753} INFO - DAG(s) dict_keys(['dataset_produces_1', 'dataset_consumes_unknown_never_scheduled', 'dataset_consumes_1_never_scheduled', 'dataset_consumes_1_and_2', 'dataset_produces_2', 'dataset_consumes_1']) retrieved from /home/airflow/.local/lib/python3.7/site-packages/airflow/example_dags/example_datasets.py
[2023-09-06T04:29:41.554+0000] {logging_mixin.py:137} INFO - [2023-09-06T04:29:41.554+0000] {dag.py:2690} INFO - Sync 6 DAGs
[2023-09-06T04:29:41.582+0000] {logging_mixin.py:137} INFO - [2023-09-06T04:29:41.582+0000] {dag.py:3441} INFO - Setting next_dagrun for dataset_consumes_1 to None, run_after=None
[2023-09-06T04:29:41.586+0000] {logging_mixin.py:137} INFO - [2023-09-06T04:29:41.586+0000] {dag.py:3441} INFO - Setting next_dagrun for dataset_consumes_1_and_2 to None, run_after=None
[2023-09-06T04:29:41.588+0000] {logging_mixin.py:137} INFO - [2023-09-06T04:29:41.588+0000] {dag.py:3441} INFO - Setting next_dagrun for dataset_consumes_1_never_scheduled to None, run_after=None
[2023-09-06T04:29:41.589+0000] {logging_mixin.py:137} INFO - [2023-09-06T04:29:41.589+0000] {dag.py:3441} INFO - Setting next_dagrun for dataset_consumes_unknown_never_scheduled to None, run_after=None
[2023-09-06T04:29:41.592+0000] {logging_mixin.py:137} INFO - [2023-09-06T04:29:41.592+0000] {dag.py:3441} INFO - Setting next_dagrun for dataset_produces_1 to 2023-09-05T00:00:00+00:00, run_after=2023-09-06T00:00:00+00:00
[2023-09-06T04:29:41.594+0000] {logging_mixin.py:137} INFO - [2023-09-06T04:29:41.594+0000] {dag.py:3441} INFO - Setting next_dagrun for dataset_produces_2 to None, run_after=None
[2023-09-06T04:29:41.640+0000] {processor.py:175} INFO - Processing /home/airflow/.local/lib/python3.7/site-packages/airflow/example_dags/example_datasets.py took 0.158 seconds
[2023-09-06T04:30:11.812+0000] {processor.py:153} INFO - Started process (PID=178) to work on /home/airflow/.local/lib/python3.7/site-packages/airflow/example_dags/example_datasets.py
[2023-09-06T04:30:11.824+0000] {processor.py:743} INFO - Processing file /home/airflow/.local/lib/python3.7/site-packages/airflow/example_dags/example_datasets.py for tasks to queue
[2023-09-06T04:30:11.825+0000] {logging_mixin.py:137} INFO - [2023-09-06T04:30:11.825+0000] {dagbag.py:538} INFO - Filling up the DagBag from /home/airflow/.local/lib/python3.7/site-packages/airflow/example_dags/example_datasets.py
[2023-09-06T04:30:11.860+0000] {processor.py:753} INFO - DAG(s) dict_keys(['dataset_produces_1', 'dataset_consumes_unknown_never_scheduled', 'dataset_consumes_1_never_scheduled', 'dataset_consumes_1_and_2', 'dataset_consumes_1', 'dataset_produces_2']) retrieved from /home/airflow/.local/lib/python3.7/site-packages/airflow/example_dags/example_datasets.py
[2023-09-06T04:30:12.023+0000] {logging_mixin.py:137} INFO - [2023-09-06T04:30:12.023+0000] {dag.py:2690} INFO - Sync 6 DAGs
[2023-09-06T04:30:12.108+0000] {logging_mixin.py:137} INFO - [2023-09-06T04:30:12.108+0000] {dag.py:3441} INFO - Setting next_dagrun for dataset_consumes_1 to None, run_after=None
[2023-09-06T04:30:12.120+0000] {logging_mixin.py:137} INFO - [2023-09-06T04:30:12.120+0000] {dag.py:3441} INFO - Setting next_dagrun for dataset_consumes_1_and_2 to None, run_after=None
[2023-09-06T04:30:12.131+0000] {logging_mixin.py:137} INFO - [2023-09-06T04:30:12.131+0000] {dag.py:3441} INFO - Setting next_dagrun for dataset_consumes_1_never_scheduled to None, run_after=None
[2023-09-06T04:30:12.133+0000] {logging_mixin.py:137} INFO - [2023-09-06T04:30:12.132+0000] {dag.py:3441} INFO - Setting next_dagrun for dataset_consumes_unknown_never_scheduled to None, run_after=None
[2023-09-06T04:30:12.138+0000] {logging_mixin.py:137} INFO - [2023-09-06T04:30:12.137+0000] {dag.py:3441} INFO - Setting next_dagrun for dataset_produces_1 to 2023-09-05T00:00:00+00:00, run_after=2023-09-06T00:00:00+00:00
[2023-09-06T04:30:12.156+0000] {logging_mixin.py:137} INFO - [2023-09-06T04:30:12.155+0000] {dag.py:3441} INFO - Setting next_dagrun for dataset_produces_2 to None, run_after=None
[2023-09-06T04:30:12.286+0000] {processor.py:175} INFO - Processing /home/airflow/.local/lib/python3.7/site-packages/airflow/example_dags/example_datasets.py took 0.477 seconds
[2023-09-06T04:30:42.868+0000] {processor.py:153} INFO - Started process (PID=248) to work on /home/airflow/.local/lib/python3.7/site-packages/airflow/example_dags/example_datasets.py
[2023-09-06T04:30:42.870+0000] {processor.py:743} INFO - Processing file /home/airflow/.local/lib/python3.7/site-packages/airflow/example_dags/example_datasets.py for tasks to queue
[2023-09-06T04:30:42.876+0000] {logging_mixin.py:137} INFO - [2023-09-06T04:30:42.875+0000] {dagbag.py:538} INFO - Filling up the DagBag from /home/airflow/.local/lib/python3.7/site-packages/airflow/example_dags/example_datasets.py
[2023-09-06T04:30:42.918+0000] {processor.py:753} INFO - DAG(s) dict_keys(['dataset_produces_1', 'dataset_consumes_unknown_never_scheduled', 'dataset_consumes_1', 'dataset_consumes_1_and_2', 'dataset_produces_2', 'dataset_consumes_1_never_scheduled']) retrieved from /home/airflow/.local/lib/python3.7/site-packages/airflow/example_dags/example_datasets.py
[2023-09-06T04:30:43.032+0000] {logging_mixin.py:137} INFO - [2023-09-06T04:30:43.032+0000] {dag.py:2690} INFO - Sync 6 DAGs
[2023-09-06T04:30:43.067+0000] {logging_mixin.py:137} INFO - [2023-09-06T04:30:43.067+0000] {dag.py:3441} INFO - Setting next_dagrun for dataset_consumes_1 to None, run_after=None
[2023-09-06T04:30:43.072+0000] {logging_mixin.py:137} INFO - [2023-09-06T04:30:43.072+0000] {dag.py:3441} INFO - Setting next_dagrun for dataset_consumes_1_and_2 to None, run_after=None
[2023-09-06T04:30:43.075+0000] {logging_mixin.py:137} INFO - [2023-09-06T04:30:43.074+0000] {dag.py:3441} INFO - Setting next_dagrun for dataset_consumes_1_never_scheduled to None, run_after=None
[2023-09-06T04:30:43.077+0000] {logging_mixin.py:137} INFO - [2023-09-06T04:30:43.077+0000] {dag.py:3441} INFO - Setting next_dagrun for dataset_consumes_unknown_never_scheduled to None, run_after=None
[2023-09-06T04:30:43.080+0000] {logging_mixin.py:137} INFO - [2023-09-06T04:30:43.080+0000] {dag.py:3441} INFO - Setting next_dagrun for dataset_produces_1 to 2023-09-05T00:00:00+00:00, run_after=2023-09-06T00:00:00+00:00
[2023-09-06T04:30:43.082+0000] {logging_mixin.py:137} INFO - [2023-09-06T04:30:43.082+0000] {dag.py:3441} INFO - Setting next_dagrun for dataset_produces_2 to None, run_after=None
[2023-09-06T04:30:43.132+0000] {processor.py:175} INFO - Processing /home/airflow/.local/lib/python3.7/site-packages/airflow/example_dags/example_datasets.py took 0.268 seconds
[2023-09-06T04:31:13.236+0000] {processor.py:153} INFO - Started process (PID=307) to work on /home/airflow/.local/lib/python3.7/site-packages/airflow/example_dags/example_datasets.py
[2023-09-06T04:31:13.238+0000] {processor.py:743} INFO - Processing file /home/airflow/.local/lib/python3.7/site-packages/airflow/example_dags/example_datasets.py for tasks to queue
[2023-09-06T04:31:13.240+0000] {logging_mixin.py:137} INFO - [2023-09-06T04:31:13.239+0000] {dagbag.py:538} INFO - Filling up the DagBag from /home/airflow/.local/lib/python3.7/site-packages/airflow/example_dags/example_datasets.py
[2023-09-06T04:31:13.277+0000] {processor.py:753} INFO - DAG(s) dict_keys(['dataset_produces_2', 'dataset_consumes_1', 'dataset_consumes_unknown_never_scheduled', 'dataset_consumes_1_and_2', 'dataset_consumes_1_never_scheduled', 'dataset_produces_1']) retrieved from /home/airflow/.local/lib/python3.7/site-packages/airflow/example_dags/example_datasets.py
[2023-09-06T04:31:13.337+0000] {logging_mixin.py:137} INFO - [2023-09-06T04:31:13.336+0000] {dag.py:2690} INFO - Sync 6 DAGs
[2023-09-06T04:31:13.376+0000] {logging_mixin.py:137} INFO - [2023-09-06T04:31:13.376+0000] {dag.py:3441} INFO - Setting next_dagrun for dataset_consumes_1 to None, run_after=None
[2023-09-06T04:31:13.381+0000] {logging_mixin.py:137} INFO - [2023-09-06T04:31:13.381+0000] {dag.py:3441} INFO - Setting next_dagrun for dataset_consumes_1_and_2 to None, run_after=None
[2023-09-06T04:31:13.384+0000] {logging_mixin.py:137} INFO - [2023-09-06T04:31:13.383+0000] {dag.py:3441} INFO - Setting next_dagrun for dataset_consumes_1_never_scheduled to None, run_after=None
[2023-09-06T04:31:13.386+0000] {logging_mixin.py:137} INFO - [2023-09-06T04:31:13.386+0000] {dag.py:3441} INFO - Setting next_dagrun for dataset_consumes_unknown_never_scheduled to None, run_after=None
[2023-09-06T04:31:13.389+0000] {logging_mixin.py:137} INFO - [2023-09-06T04:31:13.389+0000] {dag.py:3441} INFO - Setting next_dagrun for dataset_produces_1 to 2023-09-05T00:00:00+00:00, run_after=2023-09-06T00:00:00+00:00
[2023-09-06T04:31:13.396+0000] {logging_mixin.py:137} INFO - [2023-09-06T04:31:13.396+0000] {dag.py:3441} INFO - Setting next_dagrun for dataset_produces_2 to None, run_after=None
[2023-09-06T04:31:13.440+0000] {processor.py:175} INFO - Processing /home/airflow/.local/lib/python3.7/site-packages/airflow/example_dags/example_datasets.py took 0.207 seconds
[2023-09-06T04:31:44.273+0000] {processor.py:153} INFO - Started process (PID=365) to work on /home/airflow/.local/lib/python3.7/site-packages/airflow/example_dags/example_datasets.py
[2023-09-06T04:31:44.275+0000] {processor.py:743} INFO - Processing file /home/airflow/.local/lib/python3.7/site-packages/airflow/example_dags/example_datasets.py for tasks to queue
[2023-09-06T04:31:44.277+0000] {logging_mixin.py:137} INFO - [2023-09-06T04:31:44.276+0000] {dagbag.py:538} INFO - Filling up the DagBag from /home/airflow/.local/lib/python3.7/site-packages/airflow/example_dags/example_datasets.py
[2023-09-06T04:31:44.326+0000] {processor.py:753} INFO - DAG(s) dict_keys(['dataset_consumes_unknown_never_scheduled', 'dataset_produces_1', 'dataset_consumes_1', 'dataset_consumes_1_and_2', 'dataset_consumes_1_never_scheduled', 'dataset_produces_2']) retrieved from /home/airflow/.local/lib/python3.7/site-packages/airflow/example_dags/example_datasets.py
[2023-09-06T04:31:44.471+0000] {logging_mixin.py:137} INFO - [2023-09-06T04:31:44.471+0000] {dag.py:2690} INFO - Sync 6 DAGs
[2023-09-06T04:31:44.527+0000] {logging_mixin.py:137} INFO - [2023-09-06T04:31:44.527+0000] {dag.py:3441} INFO - Setting next_dagrun for dataset_consumes_1 to None, run_after=None
[2023-09-06T04:31:44.537+0000] {logging_mixin.py:137} INFO - [2023-09-06T04:31:44.537+0000] {dag.py:3441} INFO - Setting next_dagrun for dataset_consumes_1_and_2 to None, run_after=None
[2023-09-06T04:31:44.539+0000] {logging_mixin.py:137} INFO - [2023-09-06T04:31:44.539+0000] {dag.py:3441} INFO - Setting next_dagrun for dataset_consumes_1_never_scheduled to None, run_after=None
[2023-09-06T04:31:44.541+0000] {logging_mixin.py:137} INFO - [2023-09-06T04:31:44.541+0000] {dag.py:3441} INFO - Setting next_dagrun for dataset_consumes_unknown_never_scheduled to None, run_after=None
[2023-09-06T04:31:44.547+0000] {logging_mixin.py:137} INFO - [2023-09-06T04:31:44.546+0000] {dag.py:3441} INFO - Setting next_dagrun for dataset_produces_1 to 2023-09-05T00:00:00+00:00, run_after=2023-09-06T00:00:00+00:00
[2023-09-06T04:31:44.550+0000] {logging_mixin.py:137} INFO - [2023-09-06T04:31:44.550+0000] {dag.py:3441} INFO - Setting next_dagrun for dataset_produces_2 to None, run_after=None
[2023-09-06T04:31:44.675+0000] {processor.py:175} INFO - Processing /home/airflow/.local/lib/python3.7/site-packages/airflow/example_dags/example_datasets.py took 0.407 seconds
[2023-09-06T04:32:14.904+0000] {processor.py:153} INFO - Started process (PID=436) to work on /home/airflow/.local/lib/python3.7/site-packages/airflow/example_dags/example_datasets.py
[2023-09-06T04:32:14.911+0000] {processor.py:743} INFO - Processing file /home/airflow/.local/lib/python3.7/site-packages/airflow/example_dags/example_datasets.py for tasks to queue
[2023-09-06T04:32:14.921+0000] {logging_mixin.py:137} INFO - [2023-09-06T04:32:14.915+0000] {dagbag.py:538} INFO - Filling up the DagBag from /home/airflow/.local/lib/python3.7/site-packages/airflow/example_dags/example_datasets.py
[2023-09-06T04:32:14.998+0000] {processor.py:753} INFO - DAG(s) dict_keys(['dataset_consumes_1', 'dataset_consumes_unknown_never_scheduled', 'dataset_consumes_1_never_scheduled', 'dataset_produces_2', 'dataset_produces_1', 'dataset_consumes_1_and_2']) retrieved from /home/airflow/.local/lib/python3.7/site-packages/airflow/example_dags/example_datasets.py
[2023-09-06T04:32:15.128+0000] {logging_mixin.py:137} INFO - [2023-09-06T04:32:15.128+0000] {dag.py:2690} INFO - Sync 6 DAGs
[2023-09-06T04:32:15.194+0000] {logging_mixin.py:137} INFO - [2023-09-06T04:32:15.193+0000] {dag.py:3441} INFO - Setting next_dagrun for dataset_consumes_1 to None, run_after=None
[2023-09-06T04:32:15.205+0000] {logging_mixin.py:137} INFO - [2023-09-06T04:32:15.205+0000] {dag.py:3441} INFO - Setting next_dagrun for dataset_consumes_1_and_2 to None, run_after=None
[2023-09-06T04:32:15.210+0000] {logging_mixin.py:137} INFO - [2023-09-06T04:32:15.210+0000] {dag.py:3441} INFO - Setting next_dagrun for dataset_consumes_1_never_scheduled to None, run_after=None
[2023-09-06T04:32:15.216+0000] {logging_mixin.py:137} INFO - [2023-09-06T04:32:15.216+0000] {dag.py:3441} INFO - Setting next_dagrun for dataset_consumes_unknown_never_scheduled to None, run_after=None
[2023-09-06T04:32:15.220+0000] {logging_mixin.py:137} INFO - [2023-09-06T04:32:15.220+0000] {dag.py:3441} INFO - Setting next_dagrun for dataset_produces_1 to 2023-09-05T00:00:00+00:00, run_after=2023-09-06T00:00:00+00:00
[2023-09-06T04:32:15.224+0000] {logging_mixin.py:137} INFO - [2023-09-06T04:32:15.223+0000] {dag.py:3441} INFO - Setting next_dagrun for dataset_produces_2 to None, run_after=None
[2023-09-06T04:32:15.351+0000] {processor.py:175} INFO - Processing /home/airflow/.local/lib/python3.7/site-packages/airflow/example_dags/example_datasets.py took 0.452 seconds
[2023-09-06T04:32:45.588+0000] {processor.py:153} INFO - Started process (PID=494) to work on /home/airflow/.local/lib/python3.7/site-packages/airflow/example_dags/example_datasets.py
[2023-09-06T04:32:45.589+0000] {processor.py:743} INFO - Processing file /home/airflow/.local/lib/python3.7/site-packages/airflow/example_dags/example_datasets.py for tasks to queue
[2023-09-06T04:32:45.591+0000] {logging_mixin.py:137} INFO - [2023-09-06T04:32:45.591+0000] {dagbag.py:538} INFO - Filling up the DagBag from /home/airflow/.local/lib/python3.7/site-packages/airflow/example_dags/example_datasets.py
[2023-09-06T04:32:45.610+0000] {processor.py:753} INFO - DAG(s) dict_keys(['dataset_consumes_1', 'dataset_consumes_1_and_2', 'dataset_consumes_1_never_scheduled', 'dataset_produces_1', 'dataset_consumes_unknown_never_scheduled', 'dataset_produces_2']) retrieved from /home/airflow/.local/lib/python3.7/site-packages/airflow/example_dags/example_datasets.py
[2023-09-06T04:32:45.656+0000] {logging_mixin.py:137} INFO - [2023-09-06T04:32:45.655+0000] {dag.py:2690} INFO - Sync 6 DAGs
[2023-09-06T04:32:45.686+0000] {logging_mixin.py:137} INFO - [2023-09-06T04:32:45.686+0000] {dag.py:3441} INFO - Setting next_dagrun for dataset_consumes_1 to None, run_after=None
[2023-09-06T04:32:45.690+0000] {logging_mixin.py:137} INFO - [2023-09-06T04:32:45.690+0000] {dag.py:3441} INFO - Setting next_dagrun for dataset_consumes_1_and_2 to None, run_after=None
[2023-09-06T04:32:45.692+0000] {logging_mixin.py:137} INFO - [2023-09-06T04:32:45.692+0000] {dag.py:3441} INFO - Setting next_dagrun for dataset_consumes_1_never_scheduled to None, run_after=None
[2023-09-06T04:32:45.693+0000] {logging_mixin.py:137} INFO - [2023-09-06T04:32:45.693+0000] {dag.py:3441} INFO - Setting next_dagrun for dataset_consumes_unknown_never_scheduled to None, run_after=None
[2023-09-06T04:32:45.697+0000] {logging_mixin.py:137} INFO - [2023-09-06T04:32:45.696+0000] {dag.py:3441} INFO - Setting next_dagrun for dataset_produces_1 to 2023-09-05T00:00:00+00:00, run_after=2023-09-06T00:00:00+00:00
[2023-09-06T04:32:45.700+0000] {logging_mixin.py:137} INFO - [2023-09-06T04:32:45.700+0000] {dag.py:3441} INFO - Setting next_dagrun for dataset_produces_2 to None, run_after=None
[2023-09-06T04:32:45.748+0000] {processor.py:175} INFO - Processing /home/airflow/.local/lib/python3.7/site-packages/airflow/example_dags/example_datasets.py took 0.169 seconds
[2023-09-06T04:33:16.455+0000] {processor.py:153} INFO - Started process (PID=564) to work on /home/airflow/.local/lib/python3.7/site-packages/airflow/example_dags/example_datasets.py
[2023-09-06T04:33:16.457+0000] {processor.py:743} INFO - Processing file /home/airflow/.local/lib/python3.7/site-packages/airflow/example_dags/example_datasets.py for tasks to queue
[2023-09-06T04:33:16.458+0000] {logging_mixin.py:137} INFO - [2023-09-06T04:33:16.458+0000] {dagbag.py:538} INFO - Filling up the DagBag from /home/airflow/.local/lib/python3.7/site-packages/airflow/example_dags/example_datasets.py
[2023-09-06T04:33:16.495+0000] {processor.py:753} INFO - DAG(s) dict_keys(['dataset_consumes_1_never_scheduled', 'dataset_consumes_1', 'dataset_consumes_unknown_never_scheduled', 'dataset_consumes_1_and_2', 'dataset_produces_1', 'dataset_produces_2']) retrieved from /home/airflow/.local/lib/python3.7/site-packages/airflow/example_dags/example_datasets.py
[2023-09-06T04:33:16.604+0000] {logging_mixin.py:137} INFO - [2023-09-06T04:33:16.603+0000] {dag.py:2690} INFO - Sync 6 DAGs
[2023-09-06T04:33:16.664+0000] {logging_mixin.py:137} INFO - [2023-09-06T04:33:16.663+0000] {dag.py:3441} INFO - Setting next_dagrun for dataset_consumes_1 to None, run_after=None
[2023-09-06T04:33:16.673+0000] {logging_mixin.py:137} INFO - [2023-09-06T04:33:16.673+0000] {dag.py:3441} INFO - Setting next_dagrun for dataset_consumes_1_and_2 to None, run_after=None
[2023-09-06T04:33:16.679+0000] {logging_mixin.py:137} INFO - [2023-09-06T04:33:16.679+0000] {dag.py:3441} INFO - Setting next_dagrun for dataset_consumes_1_never_scheduled to None, run_after=None
[2023-09-06T04:33:16.681+0000] {logging_mixin.py:137} INFO - [2023-09-06T04:33:16.681+0000] {dag.py:3441} INFO - Setting next_dagrun for dataset_consumes_unknown_never_scheduled to None, run_after=None
[2023-09-06T04:33:16.686+0000] {logging_mixin.py:137} INFO - [2023-09-06T04:33:16.686+0000] {dag.py:3441} INFO - Setting next_dagrun for dataset_produces_1 to 2023-09-05T00:00:00+00:00, run_after=2023-09-06T00:00:00+00:00
[2023-09-06T04:33:16.690+0000] {logging_mixin.py:137} INFO - [2023-09-06T04:33:16.690+0000] {dag.py:3441} INFO - Setting next_dagrun for dataset_produces_2 to None, run_after=None
[2023-09-06T04:33:16.799+0000] {processor.py:175} INFO - Processing /home/airflow/.local/lib/python3.7/site-packages/airflow/example_dags/example_datasets.py took 0.348 seconds
[2023-09-06T04:33:46.932+0000] {processor.py:153} INFO - Started process (PID=624) to work on /home/airflow/.local/lib/python3.7/site-packages/airflow/example_dags/example_datasets.py
[2023-09-06T04:33:46.933+0000] {processor.py:743} INFO - Processing file /home/airflow/.local/lib/python3.7/site-packages/airflow/example_dags/example_datasets.py for tasks to queue
[2023-09-06T04:33:46.935+0000] {logging_mixin.py:137} INFO - [2023-09-06T04:33:46.934+0000] {dagbag.py:538} INFO - Filling up the DagBag from /home/airflow/.local/lib/python3.7/site-packages/airflow/example_dags/example_datasets.py
[2023-09-06T04:33:46.953+0000] {processor.py:753} INFO - DAG(s) dict_keys(['dataset_consumes_1', 'dataset_produces_2', 'dataset_consumes_1_and_2', 'dataset_produces_1', 'dataset_consumes_unknown_never_scheduled', 'dataset_consumes_1_never_scheduled']) retrieved from /home/airflow/.local/lib/python3.7/site-packages/airflow/example_dags/example_datasets.py
[2023-09-06T04:33:47.005+0000] {logging_mixin.py:137} INFO - [2023-09-06T04:33:47.005+0000] {dag.py:2690} INFO - Sync 6 DAGs
[2023-09-06T04:33:47.037+0000] {logging_mixin.py:137} INFO - [2023-09-06T04:33:47.037+0000] {dag.py:3441} INFO - Setting next_dagrun for dataset_consumes_1 to None, run_after=None
[2023-09-06T04:33:47.042+0000] {logging_mixin.py:137} INFO - [2023-09-06T04:33:47.042+0000] {dag.py:3441} INFO - Setting next_dagrun for dataset_consumes_1_and_2 to None, run_after=None
[2023-09-06T04:33:47.044+0000] {logging_mixin.py:137} INFO - [2023-09-06T04:33:47.044+0000] {dag.py:3441} INFO - Setting next_dagrun for dataset_consumes_1_never_scheduled to None, run_after=None
[2023-09-06T04:33:47.046+0000] {logging_mixin.py:137} INFO - [2023-09-06T04:33:47.046+0000] {dag.py:3441} INFO - Setting next_dagrun for dataset_consumes_unknown_never_scheduled to None, run_after=None
[2023-09-06T04:33:47.049+0000] {logging_mixin.py:137} INFO - [2023-09-06T04:33:47.049+0000] {dag.py:3441} INFO - Setting next_dagrun for dataset_produces_1 to 2023-09-05T00:00:00+00:00, run_after=2023-09-06T00:00:00+00:00
[2023-09-06T04:33:47.051+0000] {logging_mixin.py:137} INFO - [2023-09-06T04:33:47.051+0000] {dag.py:3441} INFO - Setting next_dagrun for dataset_produces_2 to None, run_after=None
[2023-09-06T04:33:47.088+0000] {processor.py:175} INFO - Processing /home/airflow/.local/lib/python3.7/site-packages/airflow/example_dags/example_datasets.py took 0.161 seconds
[2023-09-06T04:34:54.468+0000] {processor.py:153} INFO - Started process (PID=49) to work on /home/airflow/.local/lib/python3.7/site-packages/airflow/example_dags/example_datasets.py
[2023-09-06T04:34:54.471+0000] {processor.py:743} INFO - Processing file /home/airflow/.local/lib/python3.7/site-packages/airflow/example_dags/example_datasets.py for tasks to queue
[2023-09-06T04:34:54.480+0000] {logging_mixin.py:137} INFO - [2023-09-06T04:34:54.480+0000] {dagbag.py:538} INFO - Filling up the DagBag from /home/airflow/.local/lib/python3.7/site-packages/airflow/example_dags/example_datasets.py
[2023-09-06T04:34:54.515+0000] {processor.py:753} INFO - DAG(s) dict_keys(['dataset_produces_2', 'dataset_produces_1', 'dataset_consumes_1_and_2', 'dataset_consumes_1', 'dataset_consumes_1_never_scheduled', 'dataset_consumes_unknown_never_scheduled']) retrieved from /home/airflow/.local/lib/python3.7/site-packages/airflow/example_dags/example_datasets.py
[2023-09-06T04:34:54.787+0000] {logging_mixin.py:137} INFO - [2023-09-06T04:34:54.786+0000] {dag.py:2690} INFO - Sync 6 DAGs
[2023-09-06T04:34:54.839+0000] {logging_mixin.py:137} INFO - [2023-09-06T04:34:54.839+0000] {dag.py:3441} INFO - Setting next_dagrun for dataset_consumes_1 to None, run_after=None
[2023-09-06T04:34:54.864+0000] {logging_mixin.py:137} INFO - [2023-09-06T04:34:54.864+0000] {dag.py:3441} INFO - Setting next_dagrun for dataset_consumes_1_and_2 to None, run_after=None
[2023-09-06T04:34:54.868+0000] {logging_mixin.py:137} INFO - [2023-09-06T04:34:54.868+0000] {dag.py:3441} INFO - Setting next_dagrun for dataset_consumes_1_never_scheduled to None, run_after=None
[2023-09-06T04:34:54.875+0000] {logging_mixin.py:137} INFO - [2023-09-06T04:34:54.875+0000] {dag.py:3441} INFO - Setting next_dagrun for dataset_consumes_unknown_never_scheduled to None, run_after=None
[2023-09-06T04:34:54.887+0000] {logging_mixin.py:137} INFO - [2023-09-06T04:34:54.886+0000] {dag.py:3441} INFO - Setting next_dagrun for dataset_produces_1 to 2023-09-05T00:00:00+00:00, run_after=2023-09-06T00:00:00+00:00
[2023-09-06T04:34:54.899+0000] {logging_mixin.py:137} INFO - [2023-09-06T04:34:54.899+0000] {dag.py:3441} INFO - Setting next_dagrun for dataset_produces_2 to None, run_after=None
[2023-09-06T04:34:55.051+0000] {processor.py:175} INFO - Processing /home/airflow/.local/lib/python3.7/site-packages/airflow/example_dags/example_datasets.py took 0.587 seconds
[2023-09-06T04:35:25.467+0000] {processor.py:153} INFO - Started process (PID=108) to work on /home/airflow/.local/lib/python3.7/site-packages/airflow/example_dags/example_datasets.py
[2023-09-06T04:35:25.474+0000] {processor.py:743} INFO - Processing file /home/airflow/.local/lib/python3.7/site-packages/airflow/example_dags/example_datasets.py for tasks to queue
[2023-09-06T04:35:25.476+0000] {logging_mixin.py:137} INFO - [2023-09-06T04:35:25.476+0000] {dagbag.py:538} INFO - Filling up the DagBag from /home/airflow/.local/lib/python3.7/site-packages/airflow/example_dags/example_datasets.py
[2023-09-06T04:35:25.514+0000] {processor.py:753} INFO - DAG(s) dict_keys(['dataset_consumes_1_never_scheduled', 'dataset_consumes_1_and_2', 'dataset_consumes_1', 'dataset_produces_1', 'dataset_produces_2', 'dataset_consumes_unknown_never_scheduled']) retrieved from /home/airflow/.local/lib/python3.7/site-packages/airflow/example_dags/example_datasets.py
[2023-09-06T04:35:25.576+0000] {logging_mixin.py:137} INFO - [2023-09-06T04:35:25.575+0000] {dag.py:2690} INFO - Sync 6 DAGs
[2023-09-06T04:35:25.695+0000] {logging_mixin.py:137} INFO - [2023-09-06T04:35:25.694+0000] {dag.py:3441} INFO - Setting next_dagrun for dataset_consumes_1 to None, run_after=None
[2023-09-06T04:35:25.713+0000] {logging_mixin.py:137} INFO - [2023-09-06T04:35:25.713+0000] {dag.py:3441} INFO - Setting next_dagrun for dataset_consumes_1_and_2 to None, run_after=None
[2023-09-06T04:35:25.726+0000] {logging_mixin.py:137} INFO - [2023-09-06T04:35:25.725+0000] {dag.py:3441} INFO - Setting next_dagrun for dataset_consumes_1_never_scheduled to None, run_after=None
[2023-09-06T04:35:25.727+0000] {logging_mixin.py:137} INFO - [2023-09-06T04:35:25.727+0000] {dag.py:3441} INFO - Setting next_dagrun for dataset_consumes_unknown_never_scheduled to None, run_after=None
[2023-09-06T04:35:25.735+0000] {logging_mixin.py:137} INFO - [2023-09-06T04:35:25.735+0000] {dag.py:3441} INFO - Setting next_dagrun for dataset_produces_1 to 2023-09-05T00:00:00+00:00, run_after=2023-09-06T00:00:00+00:00
[2023-09-06T04:35:25.742+0000] {logging_mixin.py:137} INFO - [2023-09-06T04:35:25.742+0000] {dag.py:3441} INFO - Setting next_dagrun for dataset_produces_2 to None, run_after=None
[2023-09-06T04:35:25.906+0000] {processor.py:175} INFO - Processing /home/airflow/.local/lib/python3.7/site-packages/airflow/example_dags/example_datasets.py took 0.443 seconds
[2023-09-06T04:35:56.790+0000] {processor.py:153} INFO - Started process (PID=168) to work on /home/airflow/.local/lib/python3.7/site-packages/airflow/example_dags/example_datasets.py
[2023-09-06T04:35:56.791+0000] {processor.py:743} INFO - Processing file /home/airflow/.local/lib/python3.7/site-packages/airflow/example_dags/example_datasets.py for tasks to queue
[2023-09-06T04:35:56.798+0000] {logging_mixin.py:137} INFO - [2023-09-06T04:35:56.798+0000] {dagbag.py:538} INFO - Filling up the DagBag from /home/airflow/.local/lib/python3.7/site-packages/airflow/example_dags/example_datasets.py
[2023-09-06T04:35:56.825+0000] {processor.py:753} INFO - DAG(s) dict_keys(['dataset_produces_1', 'dataset_consumes_1_never_scheduled', 'dataset_consumes_1', 'dataset_produces_2', 'dataset_consumes_1_and_2', 'dataset_consumes_unknown_never_scheduled']) retrieved from /home/airflow/.local/lib/python3.7/site-packages/airflow/example_dags/example_datasets.py
[2023-09-06T04:35:57.021+0000] {logging_mixin.py:137} INFO - [2023-09-06T04:35:57.021+0000] {dag.py:2690} INFO - Sync 6 DAGs
[2023-09-06T04:35:57.091+0000] {logging_mixin.py:137} INFO - [2023-09-06T04:35:57.090+0000] {dag.py:3441} INFO - Setting next_dagrun for dataset_consumes_1 to None, run_after=None
[2023-09-06T04:35:57.094+0000] {logging_mixin.py:137} INFO - [2023-09-06T04:35:57.094+0000] {dag.py:3441} INFO - Setting next_dagrun for dataset_consumes_1_and_2 to None, run_after=None
[2023-09-06T04:35:57.097+0000] {logging_mixin.py:137} INFO - [2023-09-06T04:35:57.096+0000] {dag.py:3441} INFO - Setting next_dagrun for dataset_consumes_1_never_scheduled to None, run_after=None
[2023-09-06T04:35:57.099+0000] {logging_mixin.py:137} INFO - [2023-09-06T04:35:57.099+0000] {dag.py:3441} INFO - Setting next_dagrun for dataset_consumes_unknown_never_scheduled to None, run_after=None
[2023-09-06T04:35:57.107+0000] {logging_mixin.py:137} INFO - [2023-09-06T04:35:57.107+0000] {dag.py:3441} INFO - Setting next_dagrun for dataset_produces_1 to 2023-09-05T00:00:00+00:00, run_after=2023-09-06T00:00:00+00:00
[2023-09-06T04:35:57.110+0000] {logging_mixin.py:137} INFO - [2023-09-06T04:35:57.110+0000] {dag.py:3441} INFO - Setting next_dagrun for dataset_produces_2 to None, run_after=None
[2023-09-06T04:35:57.201+0000] {processor.py:175} INFO - Processing /home/airflow/.local/lib/python3.7/site-packages/airflow/example_dags/example_datasets.py took 0.413 seconds
[2023-09-06T04:36:27.694+0000] {processor.py:153} INFO - Started process (PID=238) to work on /home/airflow/.local/lib/python3.7/site-packages/airflow/example_dags/example_datasets.py
[2023-09-06T04:36:27.696+0000] {processor.py:743} INFO - Processing file /home/airflow/.local/lib/python3.7/site-packages/airflow/example_dags/example_datasets.py for tasks to queue
[2023-09-06T04:36:27.698+0000] {logging_mixin.py:137} INFO - [2023-09-06T04:36:27.698+0000] {dagbag.py:538} INFO - Filling up the DagBag from /home/airflow/.local/lib/python3.7/site-packages/airflow/example_dags/example_datasets.py
[2023-09-06T04:36:27.728+0000] {processor.py:753} INFO - DAG(s) dict_keys(['dataset_produces_1', 'dataset_produces_2', 'dataset_consumes_1_and_2', 'dataset_consumes_1', 'dataset_consumes_1_never_scheduled', 'dataset_consumes_unknown_never_scheduled']) retrieved from /home/airflow/.local/lib/python3.7/site-packages/airflow/example_dags/example_datasets.py
[2023-09-06T04:36:27.805+0000] {logging_mixin.py:137} INFO - [2023-09-06T04:36:27.805+0000] {dag.py:2690} INFO - Sync 6 DAGs
[2023-09-06T04:36:27.914+0000] {logging_mixin.py:137} INFO - [2023-09-06T04:36:27.913+0000] {dag.py:3441} INFO - Setting next_dagrun for dataset_consumes_1 to None, run_after=None
[2023-09-06T04:36:27.947+0000] {logging_mixin.py:137} INFO - [2023-09-06T04:36:27.946+0000] {dag.py:3441} INFO - Setting next_dagrun for dataset_consumes_1_and_2 to None, run_after=None
[2023-09-06T04:36:27.958+0000] {logging_mixin.py:137} INFO - [2023-09-06T04:36:27.958+0000] {dag.py:3441} INFO - Setting next_dagrun for dataset_consumes_1_never_scheduled to None, run_after=None
[2023-09-06T04:36:27.964+0000] {logging_mixin.py:137} INFO - [2023-09-06T04:36:27.963+0000] {dag.py:3441} INFO - Setting next_dagrun for dataset_consumes_unknown_never_scheduled to None, run_after=None
[2023-09-06T04:36:27.979+0000] {logging_mixin.py:137} INFO - [2023-09-06T04:36:27.979+0000] {dag.py:3441} INFO - Setting next_dagrun for dataset_produces_1 to 2023-09-05T00:00:00+00:00, run_after=2023-09-06T00:00:00+00:00
[2023-09-06T04:36:27.993+0000] {logging_mixin.py:137} INFO - [2023-09-06T04:36:27.993+0000] {dag.py:3441} INFO - Setting next_dagrun for dataset_produces_2 to None, run_after=None
[2023-09-06T04:36:28.119+0000] {processor.py:175} INFO - Processing /home/airflow/.local/lib/python3.7/site-packages/airflow/example_dags/example_datasets.py took 0.444 seconds
[2023-09-06T04:36:58.918+0000] {processor.py:153} INFO - Started process (PID=297) to work on /home/airflow/.local/lib/python3.7/site-packages/airflow/example_dags/example_datasets.py
[2023-09-06T04:36:58.924+0000] {processor.py:743} INFO - Processing file /home/airflow/.local/lib/python3.7/site-packages/airflow/example_dags/example_datasets.py for tasks to queue
[2023-09-06T04:36:58.926+0000] {logging_mixin.py:137} INFO - [2023-09-06T04:36:58.925+0000] {dagbag.py:538} INFO - Filling up the DagBag from /home/airflow/.local/lib/python3.7/site-packages/airflow/example_dags/example_datasets.py
[2023-09-06T04:36:58.979+0000] {processor.py:753} INFO - DAG(s) dict_keys(['dataset_consumes_unknown_never_scheduled', 'dataset_consumes_1', 'dataset_produces_2', 'dataset_produces_1', 'dataset_consumes_1_and_2', 'dataset_consumes_1_never_scheduled']) retrieved from /home/airflow/.local/lib/python3.7/site-packages/airflow/example_dags/example_datasets.py
[2023-09-06T04:36:59.080+0000] {logging_mixin.py:137} INFO - [2023-09-06T04:36:59.079+0000] {dag.py:2690} INFO - Sync 6 DAGs
[2023-09-06T04:36:59.128+0000] {logging_mixin.py:137} INFO - [2023-09-06T04:36:59.128+0000] {dag.py:3441} INFO - Setting next_dagrun for dataset_consumes_1 to None, run_after=None
[2023-09-06T04:36:59.136+0000] {logging_mixin.py:137} INFO - [2023-09-06T04:36:59.135+0000] {dag.py:3441} INFO - Setting next_dagrun for dataset_consumes_1_and_2 to None, run_after=None
[2023-09-06T04:36:59.138+0000] {logging_mixin.py:137} INFO - [2023-09-06T04:36:59.138+0000] {dag.py:3441} INFO - Setting next_dagrun for dataset_consumes_1_never_scheduled to None, run_after=None
[2023-09-06T04:36:59.140+0000] {logging_mixin.py:137} INFO - [2023-09-06T04:36:59.140+0000] {dag.py:3441} INFO - Setting next_dagrun for dataset_consumes_unknown_never_scheduled to None, run_after=None
[2023-09-06T04:36:59.143+0000] {logging_mixin.py:137} INFO - [2023-09-06T04:36:59.143+0000] {dag.py:3441} INFO - Setting next_dagrun for dataset_produces_1 to 2023-09-05T00:00:00+00:00, run_after=2023-09-06T00:00:00+00:00
[2023-09-06T04:36:59.144+0000] {logging_mixin.py:137} INFO - [2023-09-06T04:36:59.144+0000] {dag.py:3441} INFO - Setting next_dagrun for dataset_produces_2 to None, run_after=None
[2023-09-06T04:36:59.246+0000] {processor.py:175} INFO - Processing /home/airflow/.local/lib/python3.7/site-packages/airflow/example_dags/example_datasets.py took 0.335 seconds
[2023-09-06T04:37:29.572+0000] {processor.py:153} INFO - Started process (PID=357) to work on /home/airflow/.local/lib/python3.7/site-packages/airflow/example_dags/example_datasets.py
[2023-09-06T04:37:29.574+0000] {processor.py:743} INFO - Processing file /home/airflow/.local/lib/python3.7/site-packages/airflow/example_dags/example_datasets.py for tasks to queue
[2023-09-06T04:37:29.575+0000] {logging_mixin.py:137} INFO - [2023-09-06T04:37:29.575+0000] {dagbag.py:538} INFO - Filling up the DagBag from /home/airflow/.local/lib/python3.7/site-packages/airflow/example_dags/example_datasets.py
[2023-09-06T04:37:29.603+0000] {processor.py:753} INFO - DAG(s) dict_keys(['dataset_consumes_1_and_2', 'dataset_produces_1', 'dataset_produces_2', 'dataset_consumes_1_never_scheduled', 'dataset_consumes_1', 'dataset_consumes_unknown_never_scheduled']) retrieved from /home/airflow/.local/lib/python3.7/site-packages/airflow/example_dags/example_datasets.py
[2023-09-06T04:37:29.666+0000] {logging_mixin.py:137} INFO - [2023-09-06T04:37:29.666+0000] {dag.py:2690} INFO - Sync 6 DAGs
[2023-09-06T04:37:29.707+0000] {logging_mixin.py:137} INFO - [2023-09-06T04:37:29.707+0000] {dag.py:3441} INFO - Setting next_dagrun for dataset_consumes_1 to None, run_after=None
[2023-09-06T04:37:29.711+0000] {logging_mixin.py:137} INFO - [2023-09-06T04:37:29.711+0000] {dag.py:3441} INFO - Setting next_dagrun for dataset_consumes_1_and_2 to None, run_after=None
[2023-09-06T04:37:29.713+0000] {logging_mixin.py:137} INFO - [2023-09-06T04:37:29.713+0000] {dag.py:3441} INFO - Setting next_dagrun for dataset_consumes_1_never_scheduled to None, run_after=None
[2023-09-06T04:37:29.716+0000] {logging_mixin.py:137} INFO - [2023-09-06T04:37:29.716+0000] {dag.py:3441} INFO - Setting next_dagrun for dataset_consumes_unknown_never_scheduled to None, run_after=None
[2023-09-06T04:37:29.722+0000] {logging_mixin.py:137} INFO - [2023-09-06T04:37:29.722+0000] {dag.py:3441} INFO - Setting next_dagrun for dataset_produces_1 to 2023-09-05T00:00:00+00:00, run_after=2023-09-06T00:00:00+00:00
[2023-09-06T04:37:29.724+0000] {logging_mixin.py:137} INFO - [2023-09-06T04:37:29.724+0000] {dag.py:3441} INFO - Setting next_dagrun for dataset_produces_2 to None, run_after=None
[2023-09-06T04:37:29.778+0000] {processor.py:175} INFO - Processing /home/airflow/.local/lib/python3.7/site-packages/airflow/example_dags/example_datasets.py took 0.214 seconds
[2023-09-06T04:37:59.867+0000] {processor.py:153} INFO - Started process (PID=423) to work on /home/airflow/.local/lib/python3.7/site-packages/airflow/example_dags/example_datasets.py
[2023-09-06T04:37:59.869+0000] {processor.py:743} INFO - Processing file /home/airflow/.local/lib/python3.7/site-packages/airflow/example_dags/example_datasets.py for tasks to queue
[2023-09-06T04:37:59.871+0000] {logging_mixin.py:137} INFO - [2023-09-06T04:37:59.871+0000] {dagbag.py:538} INFO - Filling up the DagBag from /home/airflow/.local/lib/python3.7/site-packages/airflow/example_dags/example_datasets.py
[2023-09-06T04:37:59.899+0000] {processor.py:753} INFO - DAG(s) dict_keys(['dataset_produces_2', 'dataset_consumes_1_and_2', 'dataset_produces_1', 'dataset_consumes_unknown_never_scheduled', 'dataset_consumes_1', 'dataset_consumes_1_never_scheduled']) retrieved from /home/airflow/.local/lib/python3.7/site-packages/airflow/example_dags/example_datasets.py
[2023-09-06T04:37:59.980+0000] {logging_mixin.py:137} INFO - [2023-09-06T04:37:59.980+0000] {dag.py:2690} INFO - Sync 6 DAGs
[2023-09-06T04:38:00.055+0000] {logging_mixin.py:137} INFO - [2023-09-06T04:38:00.054+0000] {dag.py:3441} INFO - Setting next_dagrun for dataset_consumes_1 to None, run_after=None
[2023-09-06T04:38:00.061+0000] {logging_mixin.py:137} INFO - [2023-09-06T04:38:00.061+0000] {dag.py:3441} INFO - Setting next_dagrun for dataset_consumes_1_and_2 to None, run_after=None
[2023-09-06T04:38:00.064+0000] {logging_mixin.py:137} INFO - [2023-09-06T04:38:00.064+0000] {dag.py:3441} INFO - Setting next_dagrun for dataset_consumes_1_never_scheduled to None, run_after=None
[2023-09-06T04:38:00.067+0000] {logging_mixin.py:137} INFO - [2023-09-06T04:38:00.067+0000] {dag.py:3441} INFO - Setting next_dagrun for dataset_consumes_unknown_never_scheduled to None, run_after=None
[2023-09-06T04:38:00.074+0000] {logging_mixin.py:137} INFO - [2023-09-06T04:38:00.074+0000] {dag.py:3441} INFO - Setting next_dagrun for dataset_produces_1 to 2023-09-05T00:00:00+00:00, run_after=2023-09-06T00:00:00+00:00
[2023-09-06T04:38:00.077+0000] {logging_mixin.py:137} INFO - [2023-09-06T04:38:00.076+0000] {dag.py:3441} INFO - Setting next_dagrun for dataset_produces_2 to None, run_after=None
[2023-09-06T04:38:00.142+0000] {processor.py:175} INFO - Processing /home/airflow/.local/lib/python3.7/site-packages/airflow/example_dags/example_datasets.py took 0.281 seconds
[2023-09-06T04:38:30.798+0000] {processor.py:153} INFO - Started process (PID=484) to work on /home/airflow/.local/lib/python3.7/site-packages/airflow/example_dags/example_datasets.py
[2023-09-06T04:38:30.814+0000] {processor.py:743} INFO - Processing file /home/airflow/.local/lib/python3.7/site-packages/airflow/example_dags/example_datasets.py for tasks to queue
[2023-09-06T04:38:30.816+0000] {logging_mixin.py:137} INFO - [2023-09-06T04:38:30.816+0000] {dagbag.py:538} INFO - Filling up the DagBag from /home/airflow/.local/lib/python3.7/site-packages/airflow/example_dags/example_datasets.py
[2023-09-06T04:38:30.880+0000] {processor.py:753} INFO - DAG(s) dict_keys(['dataset_consumes_1_never_scheduled', 'dataset_produces_1', 'dataset_consumes_1', 'dataset_consumes_1_and_2', 'dataset_produces_2', 'dataset_consumes_unknown_never_scheduled']) retrieved from /home/airflow/.local/lib/python3.7/site-packages/airflow/example_dags/example_datasets.py
[2023-09-06T04:38:31.065+0000] {logging_mixin.py:137} INFO - [2023-09-06T04:38:31.065+0000] {dag.py:2690} INFO - Sync 6 DAGs
[2023-09-06T04:38:31.145+0000] {logging_mixin.py:137} INFO - [2023-09-06T04:38:31.144+0000] {dag.py:3441} INFO - Setting next_dagrun for dataset_consumes_1 to None, run_after=None
[2023-09-06T04:38:31.157+0000] {logging_mixin.py:137} INFO - [2023-09-06T04:38:31.156+0000] {dag.py:3441} INFO - Setting next_dagrun for dataset_consumes_1_and_2 to None, run_after=None
[2023-09-06T04:38:31.160+0000] {logging_mixin.py:137} INFO - [2023-09-06T04:38:31.159+0000] {dag.py:3441} INFO - Setting next_dagrun for dataset_consumes_1_never_scheduled to None, run_after=None
[2023-09-06T04:38:31.172+0000] {logging_mixin.py:137} INFO - [2023-09-06T04:38:31.170+0000] {dag.py:3441} INFO - Setting next_dagrun for dataset_consumes_unknown_never_scheduled to None, run_after=None
[2023-09-06T04:38:31.201+0000] {logging_mixin.py:137} INFO - [2023-09-06T04:38:31.200+0000] {dag.py:3441} INFO - Setting next_dagrun for dataset_produces_1 to 2023-09-05T00:00:00+00:00, run_after=2023-09-06T00:00:00+00:00
[2023-09-06T04:38:31.209+0000] {logging_mixin.py:137} INFO - [2023-09-06T04:38:31.208+0000] {dag.py:3441} INFO - Setting next_dagrun for dataset_produces_2 to None, run_after=None
[2023-09-06T04:38:31.385+0000] {processor.py:175} INFO - Processing /home/airflow/.local/lib/python3.7/site-packages/airflow/example_dags/example_datasets.py took 0.590 seconds
[2023-09-06T04:39:01.775+0000] {processor.py:153} INFO - Started process (PID=543) to work on /home/airflow/.local/lib/python3.7/site-packages/airflow/example_dags/example_datasets.py
[2023-09-06T04:39:01.778+0000] {processor.py:743} INFO - Processing file /home/airflow/.local/lib/python3.7/site-packages/airflow/example_dags/example_datasets.py for tasks to queue
[2023-09-06T04:39:01.779+0000] {logging_mixin.py:137} INFO - [2023-09-06T04:39:01.779+0000] {dagbag.py:538} INFO - Filling up the DagBag from /home/airflow/.local/lib/python3.7/site-packages/airflow/example_dags/example_datasets.py
[2023-09-06T04:39:01.801+0000] {processor.py:753} INFO - DAG(s) dict_keys(['dataset_produces_2', 'dataset_consumes_unknown_never_scheduled', 'dataset_produces_1', 'dataset_consumes_1_and_2', 'dataset_consumes_1_never_scheduled', 'dataset_consumes_1']) retrieved from /home/airflow/.local/lib/python3.7/site-packages/airflow/example_dags/example_datasets.py
[2023-09-06T04:39:01.830+0000] {logging_mixin.py:137} INFO - [2023-09-06T04:39:01.829+0000] {dag.py:2690} INFO - Sync 6 DAGs
[2023-09-06T04:39:01.870+0000] {logging_mixin.py:137} INFO - [2023-09-06T04:39:01.870+0000] {dag.py:3441} INFO - Setting next_dagrun for dataset_consumes_1 to None, run_after=None
[2023-09-06T04:39:01.876+0000] {logging_mixin.py:137} INFO - [2023-09-06T04:39:01.876+0000] {dag.py:3441} INFO - Setting next_dagrun for dataset_consumes_1_and_2 to None, run_after=None
[2023-09-06T04:39:01.878+0000] {logging_mixin.py:137} INFO - [2023-09-06T04:39:01.878+0000] {dag.py:3441} INFO - Setting next_dagrun for dataset_consumes_1_never_scheduled to None, run_after=None
[2023-09-06T04:39:01.880+0000] {logging_mixin.py:137} INFO - [2023-09-06T04:39:01.880+0000] {dag.py:3441} INFO - Setting next_dagrun for dataset_consumes_unknown_never_scheduled to None, run_after=None
[2023-09-06T04:39:01.884+0000] {logging_mixin.py:137} INFO - [2023-09-06T04:39:01.884+0000] {dag.py:3441} INFO - Setting next_dagrun for dataset_produces_1 to 2023-09-05T00:00:00+00:00, run_after=2023-09-06T00:00:00+00:00
[2023-09-06T04:39:01.887+0000] {logging_mixin.py:137} INFO - [2023-09-06T04:39:01.887+0000] {dag.py:3441} INFO - Setting next_dagrun for dataset_produces_2 to None, run_after=None
[2023-09-06T04:39:01.965+0000] {processor.py:175} INFO - Processing /home/airflow/.local/lib/python3.7/site-packages/airflow/example_dags/example_datasets.py took 0.196 seconds
[2023-09-06T04:39:32.784+0000] {processor.py:153} INFO - Started process (PID=602) to work on /home/airflow/.local/lib/python3.7/site-packages/airflow/example_dags/example_datasets.py
[2023-09-06T04:39:32.786+0000] {processor.py:743} INFO - Processing file /home/airflow/.local/lib/python3.7/site-packages/airflow/example_dags/example_datasets.py for tasks to queue
[2023-09-06T04:39:32.790+0000] {logging_mixin.py:137} INFO - [2023-09-06T04:39:32.790+0000] {dagbag.py:538} INFO - Filling up the DagBag from /home/airflow/.local/lib/python3.7/site-packages/airflow/example_dags/example_datasets.py
[2023-09-06T04:39:32.831+0000] {processor.py:753} INFO - DAG(s) dict_keys(['dataset_consumes_1_never_scheduled', 'dataset_consumes_1_and_2', 'dataset_produces_1', 'dataset_produces_2', 'dataset_consumes_unknown_never_scheduled', 'dataset_consumes_1']) retrieved from /home/airflow/.local/lib/python3.7/site-packages/airflow/example_dags/example_datasets.py
[2023-09-06T04:39:32.976+0000] {logging_mixin.py:137} INFO - [2023-09-06T04:39:32.976+0000] {dag.py:2690} INFO - Sync 6 DAGs
[2023-09-06T04:39:33.054+0000] {logging_mixin.py:137} INFO - [2023-09-06T04:39:33.053+0000] {dag.py:3441} INFO - Setting next_dagrun for dataset_consumes_1 to None, run_after=None
[2023-09-06T04:39:33.073+0000] {logging_mixin.py:137} INFO - [2023-09-06T04:39:33.073+0000] {dag.py:3441} INFO - Setting next_dagrun for dataset_consumes_1_and_2 to None, run_after=None
[2023-09-06T04:39:33.075+0000] {logging_mixin.py:137} INFO - [2023-09-06T04:39:33.075+0000] {dag.py:3441} INFO - Setting next_dagrun for dataset_consumes_1_never_scheduled to None, run_after=None
[2023-09-06T04:39:33.077+0000] {logging_mixin.py:137} INFO - [2023-09-06T04:39:33.077+0000] {dag.py:3441} INFO - Setting next_dagrun for dataset_consumes_unknown_never_scheduled to None, run_after=None
[2023-09-06T04:39:33.081+0000] {logging_mixin.py:137} INFO - [2023-09-06T04:39:33.081+0000] {dag.py:3441} INFO - Setting next_dagrun for dataset_produces_1 to 2023-09-05T00:00:00+00:00, run_after=2023-09-06T00:00:00+00:00
[2023-09-06T04:39:33.095+0000] {logging_mixin.py:137} INFO - [2023-09-06T04:39:33.095+0000] {dag.py:3441} INFO - Setting next_dagrun for dataset_produces_2 to None, run_after=None
[2023-09-06T04:39:33.188+0000] {processor.py:175} INFO - Processing /home/airflow/.local/lib/python3.7/site-packages/airflow/example_dags/example_datasets.py took 0.409 seconds
[2023-09-06T04:40:03.636+0000] {processor.py:153} INFO - Started process (PID=672) to work on /home/airflow/.local/lib/python3.7/site-packages/airflow/example_dags/example_datasets.py
[2023-09-06T04:40:03.639+0000] {processor.py:743} INFO - Processing file /home/airflow/.local/lib/python3.7/site-packages/airflow/example_dags/example_datasets.py for tasks to queue
[2023-09-06T04:40:03.641+0000] {logging_mixin.py:137} INFO - [2023-09-06T04:40:03.641+0000] {dagbag.py:538} INFO - Filling up the DagBag from /home/airflow/.local/lib/python3.7/site-packages/airflow/example_dags/example_datasets.py
[2023-09-06T04:40:03.714+0000] {processor.py:753} INFO - DAG(s) dict_keys(['dataset_consumes_1', 'dataset_produces_1', 'dataset_produces_2', 'dataset_consumes_1_and_2', 'dataset_consumes_unknown_never_scheduled', 'dataset_consumes_1_never_scheduled']) retrieved from /home/airflow/.local/lib/python3.7/site-packages/airflow/example_dags/example_datasets.py
[2023-09-06T04:40:03.851+0000] {logging_mixin.py:137} INFO - [2023-09-06T04:40:03.851+0000] {dag.py:2690} INFO - Sync 6 DAGs
[2023-09-06T04:40:03.917+0000] {logging_mixin.py:137} INFO - [2023-09-06T04:40:03.916+0000] {dag.py:3441} INFO - Setting next_dagrun for dataset_consumes_1 to None, run_after=None
[2023-09-06T04:40:03.925+0000] {logging_mixin.py:137} INFO - [2023-09-06T04:40:03.925+0000] {dag.py:3441} INFO - Setting next_dagrun for dataset_consumes_1_and_2 to None, run_after=None
[2023-09-06T04:40:03.928+0000] {logging_mixin.py:137} INFO - [2023-09-06T04:40:03.928+0000] {dag.py:3441} INFO - Setting next_dagrun for dataset_consumes_1_never_scheduled to None, run_after=None
[2023-09-06T04:40:03.931+0000] {logging_mixin.py:137} INFO - [2023-09-06T04:40:03.931+0000] {dag.py:3441} INFO - Setting next_dagrun for dataset_consumes_unknown_never_scheduled to None, run_after=None
[2023-09-06T04:40:03.954+0000] {logging_mixin.py:137} INFO - [2023-09-06T04:40:03.953+0000] {dag.py:3441} INFO - Setting next_dagrun for dataset_produces_1 to 2023-09-05T00:00:00+00:00, run_after=2023-09-06T00:00:00+00:00
[2023-09-06T04:40:03.958+0000] {logging_mixin.py:137} INFO - [2023-09-06T04:40:03.958+0000] {dag.py:3441} INFO - Setting next_dagrun for dataset_produces_2 to None, run_after=None
[2023-09-06T04:40:04.046+0000] {processor.py:175} INFO - Processing /home/airflow/.local/lib/python3.7/site-packages/airflow/example_dags/example_datasets.py took 0.429 seconds
[2023-09-06T04:40:34.248+0000] {processor.py:153} INFO - Started process (PID=731) to work on /home/airflow/.local/lib/python3.7/site-packages/airflow/example_dags/example_datasets.py
[2023-09-06T04:40:34.249+0000] {processor.py:743} INFO - Processing file /home/airflow/.local/lib/python3.7/site-packages/airflow/example_dags/example_datasets.py for tasks to queue
[2023-09-06T04:40:34.250+0000] {logging_mixin.py:137} INFO - [2023-09-06T04:40:34.250+0000] {dagbag.py:538} INFO - Filling up the DagBag from /home/airflow/.local/lib/python3.7/site-packages/airflow/example_dags/example_datasets.py
[2023-09-06T04:40:34.270+0000] {processor.py:753} INFO - DAG(s) dict_keys(['dataset_consumes_1_never_scheduled', 'dataset_consumes_unknown_never_scheduled', 'dataset_consumes_1_and_2', 'dataset_produces_2', 'dataset_consumes_1', 'dataset_produces_1']) retrieved from /home/airflow/.local/lib/python3.7/site-packages/airflow/example_dags/example_datasets.py
[2023-09-06T04:40:34.320+0000] {logging_mixin.py:137} INFO - [2023-09-06T04:40:34.320+0000] {dag.py:2690} INFO - Sync 6 DAGs
[2023-09-06T04:40:34.350+0000] {logging_mixin.py:137} INFO - [2023-09-06T04:40:34.350+0000] {dag.py:3441} INFO - Setting next_dagrun for dataset_consumes_1 to None, run_after=None
[2023-09-06T04:40:34.354+0000] {logging_mixin.py:137} INFO - [2023-09-06T04:40:34.354+0000] {dag.py:3441} INFO - Setting next_dagrun for dataset_consumes_1_and_2 to None, run_after=None
[2023-09-06T04:40:34.356+0000] {logging_mixin.py:137} INFO - [2023-09-06T04:40:34.356+0000] {dag.py:3441} INFO - Setting next_dagrun for dataset_consumes_1_never_scheduled to None, run_after=None
[2023-09-06T04:40:34.357+0000] {logging_mixin.py:137} INFO - [2023-09-06T04:40:34.357+0000] {dag.py:3441} INFO - Setting next_dagrun for dataset_consumes_unknown_never_scheduled to None, run_after=None
[2023-09-06T04:40:34.360+0000] {logging_mixin.py:137} INFO - [2023-09-06T04:40:34.360+0000] {dag.py:3441} INFO - Setting next_dagrun for dataset_produces_1 to 2023-09-05T00:00:00+00:00, run_after=2023-09-06T00:00:00+00:00
[2023-09-06T04:40:34.362+0000] {logging_mixin.py:137} INFO - [2023-09-06T04:40:34.362+0000] {dag.py:3441} INFO - Setting next_dagrun for dataset_produces_2 to None, run_after=None
[2023-09-06T04:40:34.421+0000] {processor.py:175} INFO - Processing /home/airflow/.local/lib/python3.7/site-packages/airflow/example_dags/example_datasets.py took 0.177 seconds
[2023-09-06T04:41:04.496+0000] {processor.py:153} INFO - Started process (PID=791) to work on /home/airflow/.local/lib/python3.7/site-packages/airflow/example_dags/example_datasets.py
[2023-09-06T04:41:04.497+0000] {processor.py:743} INFO - Processing file /home/airflow/.local/lib/python3.7/site-packages/airflow/example_dags/example_datasets.py for tasks to queue
[2023-09-06T04:41:04.498+0000] {logging_mixin.py:137} INFO - [2023-09-06T04:41:04.498+0000] {dagbag.py:538} INFO - Filling up the DagBag from /home/airflow/.local/lib/python3.7/site-packages/airflow/example_dags/example_datasets.py
[2023-09-06T04:41:04.544+0000] {processor.py:753} INFO - DAG(s) dict_keys(['dataset_consumes_1', 'dataset_consumes_unknown_never_scheduled', 'dataset_produces_2', 'dataset_produces_1', 'dataset_consumes_1_and_2', 'dataset_consumes_1_never_scheduled']) retrieved from /home/airflow/.local/lib/python3.7/site-packages/airflow/example_dags/example_datasets.py
[2023-09-06T04:41:04.604+0000] {logging_mixin.py:137} INFO - [2023-09-06T04:41:04.604+0000] {dag.py:2690} INFO - Sync 6 DAGs
[2023-09-06T04:41:04.639+0000] {logging_mixin.py:137} INFO - [2023-09-06T04:41:04.639+0000] {dag.py:3441} INFO - Setting next_dagrun for dataset_consumes_1 to None, run_after=None
[2023-09-06T04:41:04.645+0000] {logging_mixin.py:137} INFO - [2023-09-06T04:41:04.645+0000] {dag.py:3441} INFO - Setting next_dagrun for dataset_consumes_1_and_2 to None, run_after=None
[2023-09-06T04:41:04.647+0000] {logging_mixin.py:137} INFO - [2023-09-06T04:41:04.647+0000] {dag.py:3441} INFO - Setting next_dagrun for dataset_consumes_1_never_scheduled to None, run_after=None
[2023-09-06T04:41:04.649+0000] {logging_mixin.py:137} INFO - [2023-09-06T04:41:04.649+0000] {dag.py:3441} INFO - Setting next_dagrun for dataset_consumes_unknown_never_scheduled to None, run_after=None
[2023-09-06T04:41:04.654+0000] {logging_mixin.py:137} INFO - [2023-09-06T04:41:04.653+0000] {dag.py:3441} INFO - Setting next_dagrun for dataset_produces_1 to 2023-09-05T00:00:00+00:00, run_after=2023-09-06T00:00:00+00:00
[2023-09-06T04:41:04.657+0000] {logging_mixin.py:137} INFO - [2023-09-06T04:41:04.656+0000] {dag.py:3441} INFO - Setting next_dagrun for dataset_produces_2 to None, run_after=None
[2023-09-06T04:41:04.718+0000] {processor.py:175} INFO - Processing /home/airflow/.local/lib/python3.7/site-packages/airflow/example_dags/example_datasets.py took 0.225 seconds
[2023-09-06T04:41:35.194+0000] {processor.py:153} INFO - Started process (PID=860) to work on /home/airflow/.local/lib/python3.7/site-packages/airflow/example_dags/example_datasets.py
[2023-09-06T04:41:35.200+0000] {processor.py:743} INFO - Processing file /home/airflow/.local/lib/python3.7/site-packages/airflow/example_dags/example_datasets.py for tasks to queue
[2023-09-06T04:41:35.202+0000] {logging_mixin.py:137} INFO - [2023-09-06T04:41:35.201+0000] {dagbag.py:538} INFO - Filling up the DagBag from /home/airflow/.local/lib/python3.7/site-packages/airflow/example_dags/example_datasets.py
[2023-09-06T04:41:35.251+0000] {processor.py:753} INFO - DAG(s) dict_keys(['dataset_consumes_1_and_2', 'dataset_consumes_1_never_scheduled', 'dataset_produces_1', 'dataset_consumes_1', 'dataset_consumes_unknown_never_scheduled', 'dataset_produces_2']) retrieved from /home/airflow/.local/lib/python3.7/site-packages/airflow/example_dags/example_datasets.py
[2023-09-06T04:41:35.368+0000] {logging_mixin.py:137} INFO - [2023-09-06T04:41:35.368+0000] {dag.py:2690} INFO - Sync 6 DAGs
[2023-09-06T04:41:35.445+0000] {logging_mixin.py:137} INFO - [2023-09-06T04:41:35.445+0000] {dag.py:3441} INFO - Setting next_dagrun for dataset_consumes_1 to None, run_after=None
[2023-09-06T04:41:35.449+0000] {logging_mixin.py:137} INFO - [2023-09-06T04:41:35.449+0000] {dag.py:3441} INFO - Setting next_dagrun for dataset_consumes_1_and_2 to None, run_after=None
[2023-09-06T04:41:35.456+0000] {logging_mixin.py:137} INFO - [2023-09-06T04:41:35.456+0000] {dag.py:3441} INFO - Setting next_dagrun for dataset_consumes_1_never_scheduled to None, run_after=None
[2023-09-06T04:41:35.466+0000] {logging_mixin.py:137} INFO - [2023-09-06T04:41:35.466+0000] {dag.py:3441} INFO - Setting next_dagrun for dataset_consumes_unknown_never_scheduled to None, run_after=None
[2023-09-06T04:41:35.469+0000] {logging_mixin.py:137} INFO - [2023-09-06T04:41:35.469+0000] {dag.py:3441} INFO - Setting next_dagrun for dataset_produces_1 to 2023-09-05T00:00:00+00:00, run_after=2023-09-06T00:00:00+00:00
[2023-09-06T04:41:35.476+0000] {logging_mixin.py:137} INFO - [2023-09-06T04:41:35.476+0000] {dag.py:3441} INFO - Setting next_dagrun for dataset_produces_2 to None, run_after=None
[2023-09-06T04:41:35.595+0000] {processor.py:175} INFO - Processing /home/airflow/.local/lib/python3.7/site-packages/airflow/example_dags/example_datasets.py took 0.404 seconds
[2023-09-06T04:42:06.249+0000] {processor.py:153} INFO - Started process (PID=921) to work on /home/airflow/.local/lib/python3.7/site-packages/airflow/example_dags/example_datasets.py
[2023-09-06T04:42:06.251+0000] {processor.py:743} INFO - Processing file /home/airflow/.local/lib/python3.7/site-packages/airflow/example_dags/example_datasets.py for tasks to queue
[2023-09-06T04:42:06.252+0000] {logging_mixin.py:137} INFO - [2023-09-06T04:42:06.251+0000] {dagbag.py:538} INFO - Filling up the DagBag from /home/airflow/.local/lib/python3.7/site-packages/airflow/example_dags/example_datasets.py
[2023-09-06T04:42:06.275+0000] {processor.py:753} INFO - DAG(s) dict_keys(['dataset_produces_1', 'dataset_consumes_1_and_2', 'dataset_consumes_unknown_never_scheduled', 'dataset_consumes_1', 'dataset_consumes_1_never_scheduled', 'dataset_produces_2']) retrieved from /home/airflow/.local/lib/python3.7/site-packages/airflow/example_dags/example_datasets.py
[2023-09-06T04:42:06.325+0000] {logging_mixin.py:137} INFO - [2023-09-06T04:42:06.325+0000] {dag.py:2690} INFO - Sync 6 DAGs
[2023-09-06T04:42:06.353+0000] {logging_mixin.py:137} INFO - [2023-09-06T04:42:06.353+0000] {dag.py:3441} INFO - Setting next_dagrun for dataset_consumes_1 to None, run_after=None
[2023-09-06T04:42:06.358+0000] {logging_mixin.py:137} INFO - [2023-09-06T04:42:06.358+0000] {dag.py:3441} INFO - Setting next_dagrun for dataset_consumes_1_and_2 to None, run_after=None
[2023-09-06T04:42:06.361+0000] {logging_mixin.py:137} INFO - [2023-09-06T04:42:06.360+0000] {dag.py:3441} INFO - Setting next_dagrun for dataset_consumes_1_never_scheduled to None, run_after=None
[2023-09-06T04:42:06.362+0000] {logging_mixin.py:137} INFO - [2023-09-06T04:42:06.362+0000] {dag.py:3441} INFO - Setting next_dagrun for dataset_consumes_unknown_never_scheduled to None, run_after=None
[2023-09-06T04:42:06.365+0000] {logging_mixin.py:137} INFO - [2023-09-06T04:42:06.365+0000] {dag.py:3441} INFO - Setting next_dagrun for dataset_produces_1 to 2023-09-05T00:00:00+00:00, run_after=2023-09-06T00:00:00+00:00
[2023-09-06T04:42:06.367+0000] {logging_mixin.py:137} INFO - [2023-09-06T04:42:06.366+0000] {dag.py:3441} INFO - Setting next_dagrun for dataset_produces_2 to None, run_after=None
[2023-09-06T04:42:06.410+0000] {processor.py:175} INFO - Processing /home/airflow/.local/lib/python3.7/site-packages/airflow/example_dags/example_datasets.py took 0.164 seconds
[2023-09-06T04:42:36.582+0000] {processor.py:153} INFO - Started process (PID=981) to work on /home/airflow/.local/lib/python3.7/site-packages/airflow/example_dags/example_datasets.py
[2023-09-06T04:42:36.584+0000] {processor.py:743} INFO - Processing file /home/airflow/.local/lib/python3.7/site-packages/airflow/example_dags/example_datasets.py for tasks to queue
[2023-09-06T04:42:36.585+0000] {logging_mixin.py:137} INFO - [2023-09-06T04:42:36.585+0000] {dagbag.py:538} INFO - Filling up the DagBag from /home/airflow/.local/lib/python3.7/site-packages/airflow/example_dags/example_datasets.py
[2023-09-06T04:42:36.605+0000] {processor.py:753} INFO - DAG(s) dict_keys(['dataset_consumes_unknown_never_scheduled', 'dataset_produces_2', 'dataset_produces_1', 'dataset_consumes_1_never_scheduled', 'dataset_consumes_1', 'dataset_consumes_1_and_2']) retrieved from /home/airflow/.local/lib/python3.7/site-packages/airflow/example_dags/example_datasets.py
[2023-09-06T04:42:36.660+0000] {logging_mixin.py:137} INFO - [2023-09-06T04:42:36.660+0000] {dag.py:2690} INFO - Sync 6 DAGs
[2023-09-06T04:42:36.689+0000] {logging_mixin.py:137} INFO - [2023-09-06T04:42:36.689+0000] {dag.py:3441} INFO - Setting next_dagrun for dataset_consumes_1 to None, run_after=None
[2023-09-06T04:42:36.695+0000] {logging_mixin.py:137} INFO - [2023-09-06T04:42:36.695+0000] {dag.py:3441} INFO - Setting next_dagrun for dataset_consumes_1_and_2 to None, run_after=None
[2023-09-06T04:42:36.697+0000] {logging_mixin.py:137} INFO - [2023-09-06T04:42:36.697+0000] {dag.py:3441} INFO - Setting next_dagrun for dataset_consumes_1_never_scheduled to None, run_after=None
[2023-09-06T04:42:36.699+0000] {logging_mixin.py:137} INFO - [2023-09-06T04:42:36.699+0000] {dag.py:3441} INFO - Setting next_dagrun for dataset_consumes_unknown_never_scheduled to None, run_after=None
[2023-09-06T04:42:36.702+0000] {logging_mixin.py:137} INFO - [2023-09-06T04:42:36.702+0000] {dag.py:3441} INFO - Setting next_dagrun for dataset_produces_1 to 2023-09-05T00:00:00+00:00, run_after=2023-09-06T00:00:00+00:00
[2023-09-06T04:42:36.704+0000] {logging_mixin.py:137} INFO - [2023-09-06T04:42:36.704+0000] {dag.py:3441} INFO - Setting next_dagrun for dataset_produces_2 to None, run_after=None
[2023-09-06T04:42:36.754+0000] {processor.py:175} INFO - Processing /home/airflow/.local/lib/python3.7/site-packages/airflow/example_dags/example_datasets.py took 0.177 seconds
