[2023-09-06T04:26:28.405+0000] {processor.py:153} INFO - Started process (PID=94) to work on /home/airflow/.local/lib/python3.7/site-packages/airflow/example_dags/example_branch_operator.py
[2023-09-06T04:26:28.421+0000] {processor.py:743} INFO - Processing file /home/airflow/.local/lib/python3.7/site-packages/airflow/example_dags/example_branch_operator.py for tasks to queue
[2023-09-06T04:26:28.423+0000] {logging_mixin.py:137} INFO - [2023-09-06T04:26:28.422+0000] {dagbag.py:538} INFO - Filling up the DagBag from /home/airflow/.local/lib/python3.7/site-packages/airflow/example_dags/example_branch_operator.py
[2023-09-06T04:26:28.619+0000] {processor.py:753} INFO - DAG(s) dict_keys(['example_branch_operator']) retrieved from /home/airflow/.local/lib/python3.7/site-packages/airflow/example_dags/example_branch_operator.py
[2023-09-06T04:26:28.755+0000] {logging_mixin.py:137} INFO - [2023-09-06T04:26:28.755+0000] {dag.py:2690} INFO - Sync 1 DAGs
[2023-09-06T04:26:28.932+0000] {logging_mixin.py:137} INFO - [2023-09-06T04:26:28.932+0000] {dag.py:3441} INFO - Setting next_dagrun for example_branch_operator to 2023-09-05T00:00:00+00:00, run_after=2023-09-06T00:00:00+00:00
[2023-09-06T04:26:29.108+0000] {processor.py:175} INFO - Processing /home/airflow/.local/lib/python3.7/site-packages/airflow/example_dags/example_branch_operator.py took 0.709 seconds
[2023-09-06T04:26:59.649+0000] {processor.py:153} INFO - Started process (PID=154) to work on /home/airflow/.local/lib/python3.7/site-packages/airflow/example_dags/example_branch_operator.py
[2023-09-06T04:26:59.651+0000] {processor.py:743} INFO - Processing file /home/airflow/.local/lib/python3.7/site-packages/airflow/example_dags/example_branch_operator.py for tasks to queue
[2023-09-06T04:26:59.652+0000] {logging_mixin.py:137} INFO - [2023-09-06T04:26:59.652+0000] {dagbag.py:538} INFO - Filling up the DagBag from /home/airflow/.local/lib/python3.7/site-packages/airflow/example_dags/example_branch_operator.py
[2023-09-06T04:26:59.678+0000] {processor.py:753} INFO - DAG(s) dict_keys(['example_branch_operator']) retrieved from /home/airflow/.local/lib/python3.7/site-packages/airflow/example_dags/example_branch_operator.py
[2023-09-06T04:26:59.720+0000] {logging_mixin.py:137} INFO - [2023-09-06T04:26:59.720+0000] {dag.py:2690} INFO - Sync 1 DAGs
[2023-09-06T04:26:59.754+0000] {logging_mixin.py:137} INFO - [2023-09-06T04:26:59.754+0000] {dag.py:3441} INFO - Setting next_dagrun for example_branch_operator to 2023-09-05T00:00:00+00:00, run_after=2023-09-06T00:00:00+00:00
[2023-09-06T04:26:59.780+0000] {processor.py:175} INFO - Processing /home/airflow/.local/lib/python3.7/site-packages/airflow/example_dags/example_branch_operator.py took 0.136 seconds
[2023-09-06T04:27:29.944+0000] {processor.py:153} INFO - Started process (PID=213) to work on /home/airflow/.local/lib/python3.7/site-packages/airflow/example_dags/example_branch_operator.py
[2023-09-06T04:27:29.945+0000] {processor.py:743} INFO - Processing file /home/airflow/.local/lib/python3.7/site-packages/airflow/example_dags/example_branch_operator.py for tasks to queue
[2023-09-06T04:27:29.946+0000] {logging_mixin.py:137} INFO - [2023-09-06T04:27:29.946+0000] {dagbag.py:538} INFO - Filling up the DagBag from /home/airflow/.local/lib/python3.7/site-packages/airflow/example_dags/example_branch_operator.py
[2023-09-06T04:27:29.970+0000] {processor.py:753} INFO - DAG(s) dict_keys(['example_branch_operator']) retrieved from /home/airflow/.local/lib/python3.7/site-packages/airflow/example_dags/example_branch_operator.py
[2023-09-06T04:27:30.027+0000] {logging_mixin.py:137} INFO - [2023-09-06T04:27:30.027+0000] {dag.py:2690} INFO - Sync 1 DAGs
[2023-09-06T04:27:30.058+0000] {logging_mixin.py:137} INFO - [2023-09-06T04:27:30.058+0000] {dag.py:3441} INFO - Setting next_dagrun for example_branch_operator to 2023-09-05T00:00:00+00:00, run_after=2023-09-06T00:00:00+00:00
[2023-09-06T04:27:30.085+0000] {processor.py:175} INFO - Processing /home/airflow/.local/lib/python3.7/site-packages/airflow/example_dags/example_branch_operator.py took 0.145 seconds
[2023-09-06T04:28:00.416+0000] {processor.py:153} INFO - Started process (PID=280) to work on /home/airflow/.local/lib/python3.7/site-packages/airflow/example_dags/example_branch_operator.py
[2023-09-06T04:28:00.417+0000] {processor.py:743} INFO - Processing file /home/airflow/.local/lib/python3.7/site-packages/airflow/example_dags/example_branch_operator.py for tasks to queue
[2023-09-06T04:28:00.434+0000] {logging_mixin.py:137} INFO - [2023-09-06T04:28:00.419+0000] {dagbag.py:538} INFO - Filling up the DagBag from /home/airflow/.local/lib/python3.7/site-packages/airflow/example_dags/example_branch_operator.py
[2023-09-06T04:28:00.503+0000] {processor.py:753} INFO - DAG(s) dict_keys(['example_branch_operator']) retrieved from /home/airflow/.local/lib/python3.7/site-packages/airflow/example_dags/example_branch_operator.py
[2023-09-06T04:28:00.655+0000] {logging_mixin.py:137} INFO - [2023-09-06T04:28:00.655+0000] {dag.py:2690} INFO - Sync 1 DAGs
[2023-09-06T04:28:00.769+0000] {logging_mixin.py:137} INFO - [2023-09-06T04:28:00.769+0000] {dag.py:3441} INFO - Setting next_dagrun for example_branch_operator to 2023-09-05T00:00:00+00:00, run_after=2023-09-06T00:00:00+00:00
[2023-09-06T04:28:00.886+0000] {processor.py:175} INFO - Processing /home/airflow/.local/lib/python3.7/site-packages/airflow/example_dags/example_branch_operator.py took 0.474 seconds
[2023-09-06T04:29:14.743+0000] {processor.py:153} INFO - Started process (PID=74) to work on /home/airflow/.local/lib/python3.7/site-packages/airflow/example_dags/example_branch_operator.py
[2023-09-06T04:29:14.745+0000] {processor.py:743} INFO - Processing file /home/airflow/.local/lib/python3.7/site-packages/airflow/example_dags/example_branch_operator.py for tasks to queue
[2023-09-06T04:29:14.746+0000] {logging_mixin.py:137} INFO - [2023-09-06T04:29:14.746+0000] {dagbag.py:538} INFO - Filling up the DagBag from /home/airflow/.local/lib/python3.7/site-packages/airflow/example_dags/example_branch_operator.py
[2023-09-06T04:29:14.768+0000] {processor.py:753} INFO - DAG(s) dict_keys(['example_branch_operator']) retrieved from /home/airflow/.local/lib/python3.7/site-packages/airflow/example_dags/example_branch_operator.py
[2023-09-06T04:29:14.798+0000] {logging_mixin.py:137} INFO - [2023-09-06T04:29:14.798+0000] {dag.py:2690} INFO - Sync 1 DAGs
[2023-09-06T04:29:14.840+0000] {logging_mixin.py:137} INFO - [2023-09-06T04:29:14.840+0000] {dag.py:3441} INFO - Setting next_dagrun for example_branch_operator to 2023-09-05T00:00:00+00:00, run_after=2023-09-06T00:00:00+00:00
[2023-09-06T04:29:14.895+0000] {processor.py:175} INFO - Processing /home/airflow/.local/lib/python3.7/site-packages/airflow/example_dags/example_branch_operator.py took 0.156 seconds
[2023-09-06T04:29:45.440+0000] {processor.py:153} INFO - Started process (PID=132) to work on /home/airflow/.local/lib/python3.7/site-packages/airflow/example_dags/example_branch_operator.py
[2023-09-06T04:29:45.442+0000] {processor.py:743} INFO - Processing file /home/airflow/.local/lib/python3.7/site-packages/airflow/example_dags/example_branch_operator.py for tasks to queue
[2023-09-06T04:29:45.443+0000] {logging_mixin.py:137} INFO - [2023-09-06T04:29:45.443+0000] {dagbag.py:538} INFO - Filling up the DagBag from /home/airflow/.local/lib/python3.7/site-packages/airflow/example_dags/example_branch_operator.py
[2023-09-06T04:29:45.478+0000] {processor.py:753} INFO - DAG(s) dict_keys(['example_branch_operator']) retrieved from /home/airflow/.local/lib/python3.7/site-packages/airflow/example_dags/example_branch_operator.py
[2023-09-06T04:29:45.518+0000] {logging_mixin.py:137} INFO - [2023-09-06T04:29:45.517+0000] {dag.py:2690} INFO - Sync 1 DAGs
[2023-09-06T04:29:45.577+0000] {logging_mixin.py:137} INFO - [2023-09-06T04:29:45.577+0000] {dag.py:3441} INFO - Setting next_dagrun for example_branch_operator to 2023-09-05T00:00:00+00:00, run_after=2023-09-06T00:00:00+00:00
[2023-09-06T04:29:45.625+0000] {processor.py:175} INFO - Processing /home/airflow/.local/lib/python3.7/site-packages/airflow/example_dags/example_branch_operator.py took 0.188 seconds
[2023-09-06T04:30:16.127+0000] {processor.py:153} INFO - Started process (PID=200) to work on /home/airflow/.local/lib/python3.7/site-packages/airflow/example_dags/example_branch_operator.py
[2023-09-06T04:30:16.128+0000] {processor.py:743} INFO - Processing file /home/airflow/.local/lib/python3.7/site-packages/airflow/example_dags/example_branch_operator.py for tasks to queue
[2023-09-06T04:30:16.129+0000] {logging_mixin.py:137} INFO - [2023-09-06T04:30:16.129+0000] {dagbag.py:538} INFO - Filling up the DagBag from /home/airflow/.local/lib/python3.7/site-packages/airflow/example_dags/example_branch_operator.py
[2023-09-06T04:30:16.149+0000] {processor.py:753} INFO - DAG(s) dict_keys(['example_branch_operator']) retrieved from /home/airflow/.local/lib/python3.7/site-packages/airflow/example_dags/example_branch_operator.py
[2023-09-06T04:30:16.181+0000] {logging_mixin.py:137} INFO - [2023-09-06T04:30:16.181+0000] {dag.py:2690} INFO - Sync 1 DAGs
[2023-09-06T04:30:16.212+0000] {logging_mixin.py:137} INFO - [2023-09-06T04:30:16.211+0000] {dag.py:3441} INFO - Setting next_dagrun for example_branch_operator to 2023-09-05T00:00:00+00:00, run_after=2023-09-06T00:00:00+00:00
[2023-09-06T04:30:16.252+0000] {processor.py:175} INFO - Processing /home/airflow/.local/lib/python3.7/site-packages/airflow/example_dags/example_branch_operator.py took 0.129 seconds
[2023-09-06T04:30:47.007+0000] {processor.py:153} INFO - Started process (PID=261) to work on /home/airflow/.local/lib/python3.7/site-packages/airflow/example_dags/example_branch_operator.py
[2023-09-06T04:30:47.008+0000] {processor.py:743} INFO - Processing file /home/airflow/.local/lib/python3.7/site-packages/airflow/example_dags/example_branch_operator.py for tasks to queue
[2023-09-06T04:30:47.009+0000] {logging_mixin.py:137} INFO - [2023-09-06T04:30:47.009+0000] {dagbag.py:538} INFO - Filling up the DagBag from /home/airflow/.local/lib/python3.7/site-packages/airflow/example_dags/example_branch_operator.py
[2023-09-06T04:30:47.033+0000] {processor.py:753} INFO - DAG(s) dict_keys(['example_branch_operator']) retrieved from /home/airflow/.local/lib/python3.7/site-packages/airflow/example_dags/example_branch_operator.py
[2023-09-06T04:30:47.065+0000] {logging_mixin.py:137} INFO - [2023-09-06T04:30:47.065+0000] {dag.py:2690} INFO - Sync 1 DAGs
[2023-09-06T04:30:47.097+0000] {logging_mixin.py:137} INFO - [2023-09-06T04:30:47.097+0000] {dag.py:3441} INFO - Setting next_dagrun for example_branch_operator to 2023-09-05T00:00:00+00:00, run_after=2023-09-06T00:00:00+00:00
[2023-09-06T04:30:47.121+0000] {processor.py:175} INFO - Processing /home/airflow/.local/lib/python3.7/site-packages/airflow/example_dags/example_branch_operator.py took 0.118 seconds
[2023-09-06T04:31:17.379+0000] {processor.py:153} INFO - Started process (PID=320) to work on /home/airflow/.local/lib/python3.7/site-packages/airflow/example_dags/example_branch_operator.py
[2023-09-06T04:31:17.381+0000] {processor.py:743} INFO - Processing file /home/airflow/.local/lib/python3.7/site-packages/airflow/example_dags/example_branch_operator.py for tasks to queue
[2023-09-06T04:31:17.382+0000] {logging_mixin.py:137} INFO - [2023-09-06T04:31:17.381+0000] {dagbag.py:538} INFO - Filling up the DagBag from /home/airflow/.local/lib/python3.7/site-packages/airflow/example_dags/example_branch_operator.py
[2023-09-06T04:31:17.406+0000] {processor.py:753} INFO - DAG(s) dict_keys(['example_branch_operator']) retrieved from /home/airflow/.local/lib/python3.7/site-packages/airflow/example_dags/example_branch_operator.py
[2023-09-06T04:31:17.445+0000] {logging_mixin.py:137} INFO - [2023-09-06T04:31:17.444+0000] {dag.py:2690} INFO - Sync 1 DAGs
[2023-09-06T04:31:17.519+0000] {logging_mixin.py:137} INFO - [2023-09-06T04:31:17.519+0000] {dag.py:3441} INFO - Setting next_dagrun for example_branch_operator to 2023-09-05T00:00:00+00:00, run_after=2023-09-06T00:00:00+00:00
[2023-09-06T04:31:17.570+0000] {processor.py:175} INFO - Processing /home/airflow/.local/lib/python3.7/site-packages/airflow/example_dags/example_branch_operator.py took 0.195 seconds
[2023-09-06T04:31:48.278+0000] {processor.py:153} INFO - Started process (PID=388) to work on /home/airflow/.local/lib/python3.7/site-packages/airflow/example_dags/example_branch_operator.py
[2023-09-06T04:31:48.280+0000] {processor.py:743} INFO - Processing file /home/airflow/.local/lib/python3.7/site-packages/airflow/example_dags/example_branch_operator.py for tasks to queue
[2023-09-06T04:31:48.282+0000] {logging_mixin.py:137} INFO - [2023-09-06T04:31:48.282+0000] {dagbag.py:538} INFO - Filling up the DagBag from /home/airflow/.local/lib/python3.7/site-packages/airflow/example_dags/example_branch_operator.py
[2023-09-06T04:31:48.309+0000] {processor.py:753} INFO - DAG(s) dict_keys(['example_branch_operator']) retrieved from /home/airflow/.local/lib/python3.7/site-packages/airflow/example_dags/example_branch_operator.py
[2023-09-06T04:31:48.342+0000] {logging_mixin.py:137} INFO - [2023-09-06T04:31:48.342+0000] {dag.py:2690} INFO - Sync 1 DAGs
[2023-09-06T04:31:48.373+0000] {logging_mixin.py:137} INFO - [2023-09-06T04:31:48.372+0000] {dag.py:3441} INFO - Setting next_dagrun for example_branch_operator to 2023-09-05T00:00:00+00:00, run_after=2023-09-06T00:00:00+00:00
[2023-09-06T04:31:48.404+0000] {processor.py:175} INFO - Processing /home/airflow/.local/lib/python3.7/site-packages/airflow/example_dags/example_branch_operator.py took 0.133 seconds
[2023-09-06T04:32:18.562+0000] {processor.py:153} INFO - Started process (PID=448) to work on /home/airflow/.local/lib/python3.7/site-packages/airflow/example_dags/example_branch_operator.py
[2023-09-06T04:32:18.563+0000] {processor.py:743} INFO - Processing file /home/airflow/.local/lib/python3.7/site-packages/airflow/example_dags/example_branch_operator.py for tasks to queue
[2023-09-06T04:32:18.564+0000] {logging_mixin.py:137} INFO - [2023-09-06T04:32:18.564+0000] {dagbag.py:538} INFO - Filling up the DagBag from /home/airflow/.local/lib/python3.7/site-packages/airflow/example_dags/example_branch_operator.py
[2023-09-06T04:32:18.584+0000] {processor.py:753} INFO - DAG(s) dict_keys(['example_branch_operator']) retrieved from /home/airflow/.local/lib/python3.7/site-packages/airflow/example_dags/example_branch_operator.py
[2023-09-06T04:32:18.612+0000] {logging_mixin.py:137} INFO - [2023-09-06T04:32:18.612+0000] {dag.py:2690} INFO - Sync 1 DAGs
[2023-09-06T04:32:18.647+0000] {logging_mixin.py:137} INFO - [2023-09-06T04:32:18.647+0000] {dag.py:3441} INFO - Setting next_dagrun for example_branch_operator to 2023-09-05T00:00:00+00:00, run_after=2023-09-06T00:00:00+00:00
[2023-09-06T04:32:18.676+0000] {processor.py:175} INFO - Processing /home/airflow/.local/lib/python3.7/site-packages/airflow/example_dags/example_branch_operator.py took 0.117 seconds
[2023-09-06T04:32:48.985+0000] {processor.py:153} INFO - Started process (PID=507) to work on /home/airflow/.local/lib/python3.7/site-packages/airflow/example_dags/example_branch_operator.py
[2023-09-06T04:32:48.986+0000] {processor.py:743} INFO - Processing file /home/airflow/.local/lib/python3.7/site-packages/airflow/example_dags/example_branch_operator.py for tasks to queue
[2023-09-06T04:32:48.988+0000] {logging_mixin.py:137} INFO - [2023-09-06T04:32:48.987+0000] {dagbag.py:538} INFO - Filling up the DagBag from /home/airflow/.local/lib/python3.7/site-packages/airflow/example_dags/example_branch_operator.py
[2023-09-06T04:32:49.005+0000] {processor.py:753} INFO - DAG(s) dict_keys(['example_branch_operator']) retrieved from /home/airflow/.local/lib/python3.7/site-packages/airflow/example_dags/example_branch_operator.py
[2023-09-06T04:32:49.034+0000] {logging_mixin.py:137} INFO - [2023-09-06T04:32:49.034+0000] {dag.py:2690} INFO - Sync 1 DAGs
[2023-09-06T04:32:49.062+0000] {logging_mixin.py:137} INFO - [2023-09-06T04:32:49.062+0000] {dag.py:3441} INFO - Setting next_dagrun for example_branch_operator to 2023-09-05T00:00:00+00:00, run_after=2023-09-06T00:00:00+00:00
[2023-09-06T04:32:49.112+0000] {processor.py:175} INFO - Processing /home/airflow/.local/lib/python3.7/site-packages/airflow/example_dags/example_branch_operator.py took 0.131 seconds
[2023-09-06T04:33:20.020+0000] {processor.py:153} INFO - Started process (PID=578) to work on /home/airflow/.local/lib/python3.7/site-packages/airflow/example_dags/example_branch_operator.py
[2023-09-06T04:33:20.021+0000] {processor.py:743} INFO - Processing file /home/airflow/.local/lib/python3.7/site-packages/airflow/example_dags/example_branch_operator.py for tasks to queue
[2023-09-06T04:33:20.022+0000] {logging_mixin.py:137} INFO - [2023-09-06T04:33:20.022+0000] {dagbag.py:538} INFO - Filling up the DagBag from /home/airflow/.local/lib/python3.7/site-packages/airflow/example_dags/example_branch_operator.py
[2023-09-06T04:33:20.045+0000] {processor.py:753} INFO - DAG(s) dict_keys(['example_branch_operator']) retrieved from /home/airflow/.local/lib/python3.7/site-packages/airflow/example_dags/example_branch_operator.py
[2023-09-06T04:33:20.103+0000] {logging_mixin.py:137} INFO - [2023-09-06T04:33:20.103+0000] {dag.py:2690} INFO - Sync 1 DAGs
[2023-09-06T04:33:20.155+0000] {logging_mixin.py:137} INFO - [2023-09-06T04:33:20.155+0000] {dag.py:3441} INFO - Setting next_dagrun for example_branch_operator to 2023-09-05T00:00:00+00:00, run_after=2023-09-06T00:00:00+00:00
[2023-09-06T04:33:20.175+0000] {processor.py:175} INFO - Processing /home/airflow/.local/lib/python3.7/site-packages/airflow/example_dags/example_branch_operator.py took 0.160 seconds
[2023-09-06T04:33:50.433+0000] {processor.py:153} INFO - Started process (PID=637) to work on /home/airflow/.local/lib/python3.7/site-packages/airflow/example_dags/example_branch_operator.py
[2023-09-06T04:33:50.434+0000] {processor.py:743} INFO - Processing file /home/airflow/.local/lib/python3.7/site-packages/airflow/example_dags/example_branch_operator.py for tasks to queue
[2023-09-06T04:33:50.436+0000] {logging_mixin.py:137} INFO - [2023-09-06T04:33:50.435+0000] {dagbag.py:538} INFO - Filling up the DagBag from /home/airflow/.local/lib/python3.7/site-packages/airflow/example_dags/example_branch_operator.py
[2023-09-06T04:33:50.461+0000] {processor.py:753} INFO - DAG(s) dict_keys(['example_branch_operator']) retrieved from /home/airflow/.local/lib/python3.7/site-packages/airflow/example_dags/example_branch_operator.py
[2023-09-06T04:33:50.494+0000] {logging_mixin.py:137} INFO - [2023-09-06T04:33:50.494+0000] {dag.py:2690} INFO - Sync 1 DAGs
[2023-09-06T04:33:50.527+0000] {logging_mixin.py:137} INFO - [2023-09-06T04:33:50.527+0000] {dag.py:3441} INFO - Setting next_dagrun for example_branch_operator to 2023-09-05T00:00:00+00:00, run_after=2023-09-06T00:00:00+00:00
[2023-09-06T04:33:50.548+0000] {processor.py:175} INFO - Processing /home/airflow/.local/lib/python3.7/site-packages/airflow/example_dags/example_branch_operator.py took 0.120 seconds
[2023-09-06T04:34:57.570+0000] {processor.py:153} INFO - Started process (PID=62) to work on /home/airflow/.local/lib/python3.7/site-packages/airflow/example_dags/example_branch_operator.py
[2023-09-06T04:34:57.584+0000] {processor.py:743} INFO - Processing file /home/airflow/.local/lib/python3.7/site-packages/airflow/example_dags/example_branch_operator.py for tasks to queue
[2023-09-06T04:34:57.586+0000] {logging_mixin.py:137} INFO - [2023-09-06T04:34:57.586+0000] {dagbag.py:538} INFO - Filling up the DagBag from /home/airflow/.local/lib/python3.7/site-packages/airflow/example_dags/example_branch_operator.py
[2023-09-06T04:34:57.657+0000] {processor.py:753} INFO - DAG(s) dict_keys(['example_branch_operator']) retrieved from /home/airflow/.local/lib/python3.7/site-packages/airflow/example_dags/example_branch_operator.py
[2023-09-06T04:34:57.713+0000] {logging_mixin.py:137} INFO - [2023-09-06T04:34:57.713+0000] {dag.py:2690} INFO - Sync 1 DAGs
[2023-09-06T04:34:57.807+0000] {logging_mixin.py:137} INFO - [2023-09-06T04:34:57.807+0000] {dag.py:3441} INFO - Setting next_dagrun for example_branch_operator to 2023-09-05T00:00:00+00:00, run_after=2023-09-06T00:00:00+00:00
[2023-09-06T04:34:57.876+0000] {processor.py:175} INFO - Processing /home/airflow/.local/lib/python3.7/site-packages/airflow/example_dags/example_branch_operator.py took 0.315 seconds
[2023-09-06T04:35:28.620+0000] {processor.py:153} INFO - Started process (PID=121) to work on /home/airflow/.local/lib/python3.7/site-packages/airflow/example_dags/example_branch_operator.py
[2023-09-06T04:35:28.627+0000] {processor.py:743} INFO - Processing file /home/airflow/.local/lib/python3.7/site-packages/airflow/example_dags/example_branch_operator.py for tasks to queue
[2023-09-06T04:35:28.631+0000] {logging_mixin.py:137} INFO - [2023-09-06T04:35:28.630+0000] {dagbag.py:538} INFO - Filling up the DagBag from /home/airflow/.local/lib/python3.7/site-packages/airflow/example_dags/example_branch_operator.py
[2023-09-06T04:35:28.686+0000] {processor.py:753} INFO - DAG(s) dict_keys(['example_branch_operator']) retrieved from /home/airflow/.local/lib/python3.7/site-packages/airflow/example_dags/example_branch_operator.py
[2023-09-06T04:35:28.723+0000] {logging_mixin.py:137} INFO - [2023-09-06T04:35:28.722+0000] {dag.py:2690} INFO - Sync 1 DAGs
[2023-09-06T04:35:28.835+0000] {logging_mixin.py:137} INFO - [2023-09-06T04:35:28.835+0000] {dag.py:3441} INFO - Setting next_dagrun for example_branch_operator to 2023-09-05T00:00:00+00:00, run_after=2023-09-06T00:00:00+00:00
[2023-09-06T04:35:28.914+0000] {processor.py:175} INFO - Processing /home/airflow/.local/lib/python3.7/site-packages/airflow/example_dags/example_branch_operator.py took 0.302 seconds
[2023-09-06T04:35:59.371+0000] {processor.py:153} INFO - Started process (PID=191) to work on /home/airflow/.local/lib/python3.7/site-packages/airflow/example_dags/example_branch_operator.py
[2023-09-06T04:35:59.375+0000] {processor.py:743} INFO - Processing file /home/airflow/.local/lib/python3.7/site-packages/airflow/example_dags/example_branch_operator.py for tasks to queue
[2023-09-06T04:35:59.377+0000] {logging_mixin.py:137} INFO - [2023-09-06T04:35:59.377+0000] {dagbag.py:538} INFO - Filling up the DagBag from /home/airflow/.local/lib/python3.7/site-packages/airflow/example_dags/example_branch_operator.py
[2023-09-06T04:35:59.423+0000] {processor.py:753} INFO - DAG(s) dict_keys(['example_branch_operator']) retrieved from /home/airflow/.local/lib/python3.7/site-packages/airflow/example_dags/example_branch_operator.py
[2023-09-06T04:35:59.504+0000] {logging_mixin.py:137} INFO - [2023-09-06T04:35:59.504+0000] {dag.py:2690} INFO - Sync 1 DAGs
[2023-09-06T04:35:59.539+0000] {logging_mixin.py:137} INFO - [2023-09-06T04:35:59.539+0000] {dag.py:3441} INFO - Setting next_dagrun for example_branch_operator to 2023-09-05T00:00:00+00:00, run_after=2023-09-06T00:00:00+00:00
[2023-09-06T04:35:59.579+0000] {processor.py:175} INFO - Processing /home/airflow/.local/lib/python3.7/site-packages/airflow/example_dags/example_branch_operator.py took 0.213 seconds
[2023-09-06T04:36:30.060+0000] {processor.py:153} INFO - Started process (PID=251) to work on /home/airflow/.local/lib/python3.7/site-packages/airflow/example_dags/example_branch_operator.py
[2023-09-06T04:36:30.062+0000] {processor.py:743} INFO - Processing file /home/airflow/.local/lib/python3.7/site-packages/airflow/example_dags/example_branch_operator.py for tasks to queue
[2023-09-06T04:36:30.065+0000] {logging_mixin.py:137} INFO - [2023-09-06T04:36:30.065+0000] {dagbag.py:538} INFO - Filling up the DagBag from /home/airflow/.local/lib/python3.7/site-packages/airflow/example_dags/example_branch_operator.py
[2023-09-06T04:36:30.123+0000] {processor.py:753} INFO - DAG(s) dict_keys(['example_branch_operator']) retrieved from /home/airflow/.local/lib/python3.7/site-packages/airflow/example_dags/example_branch_operator.py
[2023-09-06T04:36:30.187+0000] {logging_mixin.py:137} INFO - [2023-09-06T04:36:30.186+0000] {dag.py:2690} INFO - Sync 1 DAGs
[2023-09-06T04:36:30.225+0000] {logging_mixin.py:137} INFO - [2023-09-06T04:36:30.225+0000] {dag.py:3441} INFO - Setting next_dagrun for example_branch_operator to 2023-09-05T00:00:00+00:00, run_after=2023-09-06T00:00:00+00:00
[2023-09-06T04:36:30.260+0000] {processor.py:175} INFO - Processing /home/airflow/.local/lib/python3.7/site-packages/airflow/example_dags/example_branch_operator.py took 0.204 seconds
[2023-09-06T04:37:01.071+0000] {processor.py:153} INFO - Started process (PID=310) to work on /home/airflow/.local/lib/python3.7/site-packages/airflow/example_dags/example_branch_operator.py
[2023-09-06T04:37:01.073+0000] {processor.py:743} INFO - Processing file /home/airflow/.local/lib/python3.7/site-packages/airflow/example_dags/example_branch_operator.py for tasks to queue
[2023-09-06T04:37:01.075+0000] {logging_mixin.py:137} INFO - [2023-09-06T04:37:01.075+0000] {dagbag.py:538} INFO - Filling up the DagBag from /home/airflow/.local/lib/python3.7/site-packages/airflow/example_dags/example_branch_operator.py
[2023-09-06T04:37:01.104+0000] {processor.py:753} INFO - DAG(s) dict_keys(['example_branch_operator']) retrieved from /home/airflow/.local/lib/python3.7/site-packages/airflow/example_dags/example_branch_operator.py
[2023-09-06T04:37:01.144+0000] {logging_mixin.py:137} INFO - [2023-09-06T04:37:01.143+0000] {dag.py:2690} INFO - Sync 1 DAGs
[2023-09-06T04:37:01.218+0000] {logging_mixin.py:137} INFO - [2023-09-06T04:37:01.218+0000] {dag.py:3441} INFO - Setting next_dagrun for example_branch_operator to 2023-09-05T00:00:00+00:00, run_after=2023-09-06T00:00:00+00:00
[2023-09-06T04:37:01.275+0000] {processor.py:175} INFO - Processing /home/airflow/.local/lib/python3.7/site-packages/airflow/example_dags/example_branch_operator.py took 0.208 seconds
[2023-09-06T04:37:31.376+0000] {processor.py:153} INFO - Started process (PID=369) to work on /home/airflow/.local/lib/python3.7/site-packages/airflow/example_dags/example_branch_operator.py
[2023-09-06T04:37:31.378+0000] {processor.py:743} INFO - Processing file /home/airflow/.local/lib/python3.7/site-packages/airflow/example_dags/example_branch_operator.py for tasks to queue
[2023-09-06T04:37:31.379+0000] {logging_mixin.py:137} INFO - [2023-09-06T04:37:31.379+0000] {dagbag.py:538} INFO - Filling up the DagBag from /home/airflow/.local/lib/python3.7/site-packages/airflow/example_dags/example_branch_operator.py
[2023-09-06T04:37:31.410+0000] {processor.py:753} INFO - DAG(s) dict_keys(['example_branch_operator']) retrieved from /home/airflow/.local/lib/python3.7/site-packages/airflow/example_dags/example_branch_operator.py
[2023-09-06T04:37:31.453+0000] {logging_mixin.py:137} INFO - [2023-09-06T04:37:31.453+0000] {dag.py:2690} INFO - Sync 1 DAGs
[2023-09-06T04:37:31.505+0000] {logging_mixin.py:137} INFO - [2023-09-06T04:37:31.505+0000] {dag.py:3441} INFO - Setting next_dagrun for example_branch_operator to 2023-09-05T00:00:00+00:00, run_after=2023-09-06T00:00:00+00:00
[2023-09-06T04:37:31.542+0000] {processor.py:175} INFO - Processing /home/airflow/.local/lib/python3.7/site-packages/airflow/example_dags/example_branch_operator.py took 0.172 seconds
[2023-09-06T04:38:02.421+0000] {processor.py:153} INFO - Started process (PID=438) to work on /home/airflow/.local/lib/python3.7/site-packages/airflow/example_dags/example_branch_operator.py
[2023-09-06T04:38:02.439+0000] {processor.py:743} INFO - Processing file /home/airflow/.local/lib/python3.7/site-packages/airflow/example_dags/example_branch_operator.py for tasks to queue
[2023-09-06T04:38:02.442+0000] {logging_mixin.py:137} INFO - [2023-09-06T04:38:02.442+0000] {dagbag.py:538} INFO - Filling up the DagBag from /home/airflow/.local/lib/python3.7/site-packages/airflow/example_dags/example_branch_operator.py
[2023-09-06T04:38:02.515+0000] {processor.py:753} INFO - DAG(s) dict_keys(['example_branch_operator']) retrieved from /home/airflow/.local/lib/python3.7/site-packages/airflow/example_dags/example_branch_operator.py
[2023-09-06T04:38:02.574+0000] {logging_mixin.py:137} INFO - [2023-09-06T04:38:02.574+0000] {dag.py:2690} INFO - Sync 1 DAGs
[2023-09-06T04:38:02.629+0000] {logging_mixin.py:137} INFO - [2023-09-06T04:38:02.629+0000] {dag.py:3441} INFO - Setting next_dagrun for example_branch_operator to 2023-09-05T00:00:00+00:00, run_after=2023-09-06T00:00:00+00:00
[2023-09-06T04:38:02.670+0000] {processor.py:175} INFO - Processing /home/airflow/.local/lib/python3.7/site-packages/airflow/example_dags/example_branch_operator.py took 0.256 seconds
[2023-09-06T04:38:33.548+0000] {processor.py:153} INFO - Started process (PID=497) to work on /home/airflow/.local/lib/python3.7/site-packages/airflow/example_dags/example_branch_operator.py
[2023-09-06T04:38:33.549+0000] {processor.py:743} INFO - Processing file /home/airflow/.local/lib/python3.7/site-packages/airflow/example_dags/example_branch_operator.py for tasks to queue
[2023-09-06T04:38:33.551+0000] {logging_mixin.py:137} INFO - [2023-09-06T04:38:33.550+0000] {dagbag.py:538} INFO - Filling up the DagBag from /home/airflow/.local/lib/python3.7/site-packages/airflow/example_dags/example_branch_operator.py
[2023-09-06T04:38:33.573+0000] {processor.py:753} INFO - DAG(s) dict_keys(['example_branch_operator']) retrieved from /home/airflow/.local/lib/python3.7/site-packages/airflow/example_dags/example_branch_operator.py
[2023-09-06T04:38:33.607+0000] {logging_mixin.py:137} INFO - [2023-09-06T04:38:33.607+0000] {dag.py:2690} INFO - Sync 1 DAGs
[2023-09-06T04:38:33.638+0000] {logging_mixin.py:137} INFO - [2023-09-06T04:38:33.638+0000] {dag.py:3441} INFO - Setting next_dagrun for example_branch_operator to 2023-09-05T00:00:00+00:00, run_after=2023-09-06T00:00:00+00:00
[2023-09-06T04:38:33.664+0000] {processor.py:175} INFO - Processing /home/airflow/.local/lib/python3.7/site-packages/airflow/example_dags/example_branch_operator.py took 0.119 seconds
[2023-09-06T04:39:04.388+0000] {processor.py:153} INFO - Started process (PID=556) to work on /home/airflow/.local/lib/python3.7/site-packages/airflow/example_dags/example_branch_operator.py
[2023-09-06T04:39:04.396+0000] {processor.py:743} INFO - Processing file /home/airflow/.local/lib/python3.7/site-packages/airflow/example_dags/example_branch_operator.py for tasks to queue
[2023-09-06T04:39:04.405+0000] {logging_mixin.py:137} INFO - [2023-09-06T04:39:04.405+0000] {dagbag.py:538} INFO - Filling up the DagBag from /home/airflow/.local/lib/python3.7/site-packages/airflow/example_dags/example_branch_operator.py
[2023-09-06T04:39:04.468+0000] {processor.py:753} INFO - DAG(s) dict_keys(['example_branch_operator']) retrieved from /home/airflow/.local/lib/python3.7/site-packages/airflow/example_dags/example_branch_operator.py
[2023-09-06T04:39:04.493+0000] {logging_mixin.py:137} INFO - [2023-09-06T04:39:04.492+0000] {dag.py:2690} INFO - Sync 1 DAGs
[2023-09-06T04:39:04.561+0000] {logging_mixin.py:137} INFO - [2023-09-06T04:39:04.560+0000] {dag.py:3441} INFO - Setting next_dagrun for example_branch_operator to 2023-09-05T00:00:00+00:00, run_after=2023-09-06T00:00:00+00:00
[2023-09-06T04:39:04.616+0000] {processor.py:175} INFO - Processing /home/airflow/.local/lib/python3.7/site-packages/airflow/example_dags/example_branch_operator.py took 0.231 seconds
[2023-09-06T04:39:34.841+0000] {processor.py:153} INFO - Started process (PID=625) to work on /home/airflow/.local/lib/python3.7/site-packages/airflow/example_dags/example_branch_operator.py
[2023-09-06T04:39:34.842+0000] {processor.py:743} INFO - Processing file /home/airflow/.local/lib/python3.7/site-packages/airflow/example_dags/example_branch_operator.py for tasks to queue
[2023-09-06T04:39:34.843+0000] {logging_mixin.py:137} INFO - [2023-09-06T04:39:34.843+0000] {dagbag.py:538} INFO - Filling up the DagBag from /home/airflow/.local/lib/python3.7/site-packages/airflow/example_dags/example_branch_operator.py
[2023-09-06T04:39:34.867+0000] {processor.py:753} INFO - DAG(s) dict_keys(['example_branch_operator']) retrieved from /home/airflow/.local/lib/python3.7/site-packages/airflow/example_dags/example_branch_operator.py
[2023-09-06T04:39:34.900+0000] {logging_mixin.py:137} INFO - [2023-09-06T04:39:34.900+0000] {dag.py:2690} INFO - Sync 1 DAGs
[2023-09-06T04:39:34.938+0000] {logging_mixin.py:137} INFO - [2023-09-06T04:39:34.938+0000] {dag.py:3441} INFO - Setting next_dagrun for example_branch_operator to 2023-09-05T00:00:00+00:00, run_after=2023-09-06T00:00:00+00:00
[2023-09-06T04:39:34.962+0000] {processor.py:175} INFO - Processing /home/airflow/.local/lib/python3.7/site-packages/airflow/example_dags/example_branch_operator.py took 0.126 seconds
[2023-09-06T04:40:05.683+0000] {processor.py:153} INFO - Started process (PID=685) to work on /home/airflow/.local/lib/python3.7/site-packages/airflow/example_dags/example_branch_operator.py
[2023-09-06T04:40:05.685+0000] {processor.py:743} INFO - Processing file /home/airflow/.local/lib/python3.7/site-packages/airflow/example_dags/example_branch_operator.py for tasks to queue
[2023-09-06T04:40:05.692+0000] {logging_mixin.py:137} INFO - [2023-09-06T04:40:05.686+0000] {dagbag.py:538} INFO - Filling up the DagBag from /home/airflow/.local/lib/python3.7/site-packages/airflow/example_dags/example_branch_operator.py
[2023-09-06T04:40:05.721+0000] {processor.py:753} INFO - DAG(s) dict_keys(['example_branch_operator']) retrieved from /home/airflow/.local/lib/python3.7/site-packages/airflow/example_dags/example_branch_operator.py
[2023-09-06T04:40:05.766+0000] {logging_mixin.py:137} INFO - [2023-09-06T04:40:05.766+0000] {dag.py:2690} INFO - Sync 1 DAGs
[2023-09-06T04:40:05.807+0000] {logging_mixin.py:137} INFO - [2023-09-06T04:40:05.806+0000] {dag.py:3441} INFO - Setting next_dagrun for example_branch_operator to 2023-09-05T00:00:00+00:00, run_after=2023-09-06T00:00:00+00:00
[2023-09-06T04:40:05.846+0000] {processor.py:175} INFO - Processing /home/airflow/.local/lib/python3.7/site-packages/airflow/example_dags/example_branch_operator.py took 0.173 seconds
[2023-09-06T04:40:36.705+0000] {processor.py:153} INFO - Started process (PID=744) to work on /home/airflow/.local/lib/python3.7/site-packages/airflow/example_dags/example_branch_operator.py
[2023-09-06T04:40:36.706+0000] {processor.py:743} INFO - Processing file /home/airflow/.local/lib/python3.7/site-packages/airflow/example_dags/example_branch_operator.py for tasks to queue
[2023-09-06T04:40:36.707+0000] {logging_mixin.py:137} INFO - [2023-09-06T04:40:36.707+0000] {dagbag.py:538} INFO - Filling up the DagBag from /home/airflow/.local/lib/python3.7/site-packages/airflow/example_dags/example_branch_operator.py
[2023-09-06T04:40:36.726+0000] {processor.py:753} INFO - DAG(s) dict_keys(['example_branch_operator']) retrieved from /home/airflow/.local/lib/python3.7/site-packages/airflow/example_dags/example_branch_operator.py
[2023-09-06T04:40:36.766+0000] {logging_mixin.py:137} INFO - [2023-09-06T04:40:36.766+0000] {dag.py:2690} INFO - Sync 1 DAGs
[2023-09-06T04:40:36.803+0000] {logging_mixin.py:137} INFO - [2023-09-06T04:40:36.803+0000] {dag.py:3441} INFO - Setting next_dagrun for example_branch_operator to 2023-09-05T00:00:00+00:00, run_after=2023-09-06T00:00:00+00:00
[2023-09-06T04:40:36.834+0000] {processor.py:175} INFO - Processing /home/airflow/.local/lib/python3.7/site-packages/airflow/example_dags/example_branch_operator.py took 0.133 seconds
[2023-09-06T04:41:06.954+0000] {processor.py:153} INFO - Started process (PID=811) to work on /home/airflow/.local/lib/python3.7/site-packages/airflow/example_dags/example_branch_operator.py
[2023-09-06T04:41:06.956+0000] {processor.py:743} INFO - Processing file /home/airflow/.local/lib/python3.7/site-packages/airflow/example_dags/example_branch_operator.py for tasks to queue
[2023-09-06T04:41:06.957+0000] {logging_mixin.py:137} INFO - [2023-09-06T04:41:06.957+0000] {dagbag.py:538} INFO - Filling up the DagBag from /home/airflow/.local/lib/python3.7/site-packages/airflow/example_dags/example_branch_operator.py
[2023-09-06T04:41:06.976+0000] {processor.py:753} INFO - DAG(s) dict_keys(['example_branch_operator']) retrieved from /home/airflow/.local/lib/python3.7/site-packages/airflow/example_dags/example_branch_operator.py
[2023-09-06T04:41:07.007+0000] {logging_mixin.py:137} INFO - [2023-09-06T04:41:07.006+0000] {dag.py:2690} INFO - Sync 1 DAGs
[2023-09-06T04:41:07.037+0000] {logging_mixin.py:137} INFO - [2023-09-06T04:41:07.037+0000] {dag.py:3441} INFO - Setting next_dagrun for example_branch_operator to 2023-09-05T00:00:00+00:00, run_after=2023-09-06T00:00:00+00:00
[2023-09-06T04:41:07.067+0000] {processor.py:175} INFO - Processing /home/airflow/.local/lib/python3.7/site-packages/airflow/example_dags/example_branch_operator.py took 0.116 seconds
[2023-09-06T04:41:37.416+0000] {processor.py:153} INFO - Started process (PID=873) to work on /home/airflow/.local/lib/python3.7/site-packages/airflow/example_dags/example_branch_operator.py
[2023-09-06T04:41:37.418+0000] {processor.py:743} INFO - Processing file /home/airflow/.local/lib/python3.7/site-packages/airflow/example_dags/example_branch_operator.py for tasks to queue
[2023-09-06T04:41:37.419+0000] {logging_mixin.py:137} INFO - [2023-09-06T04:41:37.419+0000] {dagbag.py:538} INFO - Filling up the DagBag from /home/airflow/.local/lib/python3.7/site-packages/airflow/example_dags/example_branch_operator.py
[2023-09-06T04:41:37.446+0000] {processor.py:753} INFO - DAG(s) dict_keys(['example_branch_operator']) retrieved from /home/airflow/.local/lib/python3.7/site-packages/airflow/example_dags/example_branch_operator.py
[2023-09-06T04:41:37.482+0000] {logging_mixin.py:137} INFO - [2023-09-06T04:41:37.482+0000] {dag.py:2690} INFO - Sync 1 DAGs
[2023-09-06T04:41:37.512+0000] {logging_mixin.py:137} INFO - [2023-09-06T04:41:37.512+0000] {dag.py:3441} INFO - Setting next_dagrun for example_branch_operator to 2023-09-05T00:00:00+00:00, run_after=2023-09-06T00:00:00+00:00
[2023-09-06T04:41:37.533+0000] {processor.py:175} INFO - Processing /home/airflow/.local/lib/python3.7/site-packages/airflow/example_dags/example_branch_operator.py took 0.121 seconds
[2023-09-06T04:42:08.404+0000] {processor.py:153} INFO - Started process (PID=934) to work on /home/airflow/.local/lib/python3.7/site-packages/airflow/example_dags/example_branch_operator.py
[2023-09-06T04:42:08.406+0000] {processor.py:743} INFO - Processing file /home/airflow/.local/lib/python3.7/site-packages/airflow/example_dags/example_branch_operator.py for tasks to queue
[2023-09-06T04:42:08.407+0000] {logging_mixin.py:137} INFO - [2023-09-06T04:42:08.407+0000] {dagbag.py:538} INFO - Filling up the DagBag from /home/airflow/.local/lib/python3.7/site-packages/airflow/example_dags/example_branch_operator.py
[2023-09-06T04:42:08.434+0000] {processor.py:753} INFO - DAG(s) dict_keys(['example_branch_operator']) retrieved from /home/airflow/.local/lib/python3.7/site-packages/airflow/example_dags/example_branch_operator.py
[2023-09-06T04:42:08.479+0000] {logging_mixin.py:137} INFO - [2023-09-06T04:42:08.479+0000] {dag.py:2690} INFO - Sync 1 DAGs
[2023-09-06T04:42:08.521+0000] {logging_mixin.py:137} INFO - [2023-09-06T04:42:08.521+0000] {dag.py:3441} INFO - Setting next_dagrun for example_branch_operator to 2023-09-05T00:00:00+00:00, run_after=2023-09-06T00:00:00+00:00
[2023-09-06T04:42:08.548+0000] {processor.py:175} INFO - Processing /home/airflow/.local/lib/python3.7/site-packages/airflow/example_dags/example_branch_operator.py took 0.150 seconds
[2023-09-06T04:42:39.333+0000] {processor.py:153} INFO - Started process (PID=1001) to work on /home/airflow/.local/lib/python3.7/site-packages/airflow/example_dags/example_branch_operator.py
[2023-09-06T04:42:39.335+0000] {processor.py:743} INFO - Processing file /home/airflow/.local/lib/python3.7/site-packages/airflow/example_dags/example_branch_operator.py for tasks to queue
[2023-09-06T04:42:39.345+0000] {logging_mixin.py:137} INFO - [2023-09-06T04:42:39.344+0000] {dagbag.py:538} INFO - Filling up the DagBag from /home/airflow/.local/lib/python3.7/site-packages/airflow/example_dags/example_branch_operator.py
[2023-09-06T04:42:39.380+0000] {processor.py:753} INFO - DAG(s) dict_keys(['example_branch_operator']) retrieved from /home/airflow/.local/lib/python3.7/site-packages/airflow/example_dags/example_branch_operator.py
[2023-09-06T04:42:39.455+0000] {logging_mixin.py:137} INFO - [2023-09-06T04:42:39.455+0000] {dag.py:2690} INFO - Sync 1 DAGs
[2023-09-06T04:42:39.521+0000] {logging_mixin.py:137} INFO - [2023-09-06T04:42:39.521+0000] {dag.py:3441} INFO - Setting next_dagrun for example_branch_operator to 2023-09-05T00:00:00+00:00, run_after=2023-09-06T00:00:00+00:00
[2023-09-06T04:42:39.580+0000] {processor.py:175} INFO - Processing /home/airflow/.local/lib/python3.7/site-packages/airflow/example_dags/example_branch_operator.py took 0.251 seconds
