[2023-09-06T04:26:29.012+0000] {processor.py:153} INFO - Started process (PID=95) to work on /home/airflow/.local/lib/python3.7/site-packages/airflow/example_dags/example_nested_branch_dag.py
[2023-09-06T04:26:29.028+0000] {processor.py:743} INFO - Processing file /home/airflow/.local/lib/python3.7/site-packages/airflow/example_dags/example_nested_branch_dag.py for tasks to queue
[2023-09-06T04:26:29.034+0000] {logging_mixin.py:137} INFO - [2023-09-06T04:26:29.034+0000] {dagbag.py:538} INFO - Filling up the DagBag from /home/airflow/.local/lib/python3.7/site-packages/airflow/example_dags/example_nested_branch_dag.py
[2023-09-06T04:26:29.264+0000] {processor.py:753} INFO - DAG(s) dict_keys(['example_nested_branch_dag']) retrieved from /home/airflow/.local/lib/python3.7/site-packages/airflow/example_dags/example_nested_branch_dag.py
[2023-09-06T04:26:29.370+0000] {logging_mixin.py:137} INFO - [2023-09-06T04:26:29.369+0000] {dag.py:2690} INFO - Sync 1 DAGs
[2023-09-06T04:26:29.632+0000] {logging_mixin.py:137} INFO - [2023-09-06T04:26:29.631+0000] {dag.py:3441} INFO - Setting next_dagrun for example_nested_branch_dag to 2023-09-05T00:00:00+00:00, run_after=2023-09-06T00:00:00+00:00
[2023-09-06T04:26:29.835+0000] {processor.py:175} INFO - Processing /home/airflow/.local/lib/python3.7/site-packages/airflow/example_dags/example_nested_branch_dag.py took 0.828 seconds
[2023-09-06T04:27:00.834+0000] {processor.py:153} INFO - Started process (PID=155) to work on /home/airflow/.local/lib/python3.7/site-packages/airflow/example_dags/example_nested_branch_dag.py
[2023-09-06T04:27:00.840+0000] {processor.py:743} INFO - Processing file /home/airflow/.local/lib/python3.7/site-packages/airflow/example_dags/example_nested_branch_dag.py for tasks to queue
[2023-09-06T04:27:00.841+0000] {logging_mixin.py:137} INFO - [2023-09-06T04:27:00.841+0000] {dagbag.py:538} INFO - Filling up the DagBag from /home/airflow/.local/lib/python3.7/site-packages/airflow/example_dags/example_nested_branch_dag.py
[2023-09-06T04:27:00.874+0000] {processor.py:753} INFO - DAG(s) dict_keys(['example_nested_branch_dag']) retrieved from /home/airflow/.local/lib/python3.7/site-packages/airflow/example_dags/example_nested_branch_dag.py
[2023-09-06T04:27:00.905+0000] {logging_mixin.py:137} INFO - [2023-09-06T04:27:00.905+0000] {dag.py:2690} INFO - Sync 1 DAGs
[2023-09-06T04:27:00.936+0000] {logging_mixin.py:137} INFO - [2023-09-06T04:27:00.936+0000] {dag.py:3441} INFO - Setting next_dagrun for example_nested_branch_dag to 2023-09-05T00:00:00+00:00, run_after=2023-09-06T00:00:00+00:00
[2023-09-06T04:27:00.961+0000] {processor.py:175} INFO - Processing /home/airflow/.local/lib/python3.7/site-packages/airflow/example_dags/example_nested_branch_dag.py took 0.134 seconds
[2023-09-06T04:27:31.140+0000] {processor.py:153} INFO - Started process (PID=214) to work on /home/airflow/.local/lib/python3.7/site-packages/airflow/example_dags/example_nested_branch_dag.py
[2023-09-06T04:27:31.142+0000] {processor.py:743} INFO - Processing file /home/airflow/.local/lib/python3.7/site-packages/airflow/example_dags/example_nested_branch_dag.py for tasks to queue
[2023-09-06T04:27:31.143+0000] {logging_mixin.py:137} INFO - [2023-09-06T04:27:31.143+0000] {dagbag.py:538} INFO - Filling up the DagBag from /home/airflow/.local/lib/python3.7/site-packages/airflow/example_dags/example_nested_branch_dag.py
[2023-09-06T04:27:31.208+0000] {processor.py:753} INFO - DAG(s) dict_keys(['example_nested_branch_dag']) retrieved from /home/airflow/.local/lib/python3.7/site-packages/airflow/example_dags/example_nested_branch_dag.py
[2023-09-06T04:27:31.315+0000] {logging_mixin.py:137} INFO - [2023-09-06T04:27:31.315+0000] {dag.py:2690} INFO - Sync 1 DAGs
[2023-09-06T04:27:31.397+0000] {logging_mixin.py:137} INFO - [2023-09-06T04:27:31.397+0000] {dag.py:3441} INFO - Setting next_dagrun for example_nested_branch_dag to 2023-09-05T00:00:00+00:00, run_after=2023-09-06T00:00:00+00:00
[2023-09-06T04:27:31.486+0000] {processor.py:175} INFO - Processing /home/airflow/.local/lib/python3.7/site-packages/airflow/example_dags/example_nested_branch_dag.py took 0.356 seconds
[2023-09-06T04:28:01.944+0000] {processor.py:153} INFO - Started process (PID=284) to work on /home/airflow/.local/lib/python3.7/site-packages/airflow/example_dags/example_nested_branch_dag.py
[2023-09-06T04:28:01.945+0000] {processor.py:743} INFO - Processing file /home/airflow/.local/lib/python3.7/site-packages/airflow/example_dags/example_nested_branch_dag.py for tasks to queue
[2023-09-06T04:28:01.947+0000] {logging_mixin.py:137} INFO - [2023-09-06T04:28:01.946+0000] {dagbag.py:538} INFO - Filling up the DagBag from /home/airflow/.local/lib/python3.7/site-packages/airflow/example_dags/example_nested_branch_dag.py
[2023-09-06T04:28:01.979+0000] {processor.py:753} INFO - DAG(s) dict_keys(['example_nested_branch_dag']) retrieved from /home/airflow/.local/lib/python3.7/site-packages/airflow/example_dags/example_nested_branch_dag.py
[2023-09-06T04:28:02.013+0000] {logging_mixin.py:137} INFO - [2023-09-06T04:28:02.013+0000] {dag.py:2690} INFO - Sync 1 DAGs
[2023-09-06T04:28:02.048+0000] {logging_mixin.py:137} INFO - [2023-09-06T04:28:02.048+0000] {dag.py:3441} INFO - Setting next_dagrun for example_nested_branch_dag to 2023-09-05T00:00:00+00:00, run_after=2023-09-06T00:00:00+00:00
[2023-09-06T04:28:02.068+0000] {processor.py:175} INFO - Processing /home/airflow/.local/lib/python3.7/site-packages/airflow/example_dags/example_nested_branch_dag.py took 0.129 seconds
[2023-09-06T04:29:14.979+0000] {processor.py:153} INFO - Started process (PID=75) to work on /home/airflow/.local/lib/python3.7/site-packages/airflow/example_dags/example_nested_branch_dag.py
[2023-09-06T04:29:14.981+0000] {processor.py:743} INFO - Processing file /home/airflow/.local/lib/python3.7/site-packages/airflow/example_dags/example_nested_branch_dag.py for tasks to queue
[2023-09-06T04:29:14.983+0000] {logging_mixin.py:137} INFO - [2023-09-06T04:29:14.983+0000] {dagbag.py:538} INFO - Filling up the DagBag from /home/airflow/.local/lib/python3.7/site-packages/airflow/example_dags/example_nested_branch_dag.py
[2023-09-06T04:29:15.120+0000] {processor.py:753} INFO - DAG(s) dict_keys(['example_nested_branch_dag']) retrieved from /home/airflow/.local/lib/python3.7/site-packages/airflow/example_dags/example_nested_branch_dag.py
[2023-09-06T04:29:15.235+0000] {logging_mixin.py:137} INFO - [2023-09-06T04:29:15.235+0000] {dag.py:2690} INFO - Sync 1 DAGs
[2023-09-06T04:29:15.369+0000] {logging_mixin.py:137} INFO - [2023-09-06T04:29:15.369+0000] {dag.py:3441} INFO - Setting next_dagrun for example_nested_branch_dag to 2023-09-05T00:00:00+00:00, run_after=2023-09-06T00:00:00+00:00
[2023-09-06T04:29:15.449+0000] {processor.py:175} INFO - Processing /home/airflow/.local/lib/python3.7/site-packages/airflow/example_dags/example_nested_branch_dag.py took 0.474 seconds
[2023-09-06T04:29:45.523+0000] {processor.py:153} INFO - Started process (PID=133) to work on /home/airflow/.local/lib/python3.7/site-packages/airflow/example_dags/example_nested_branch_dag.py
[2023-09-06T04:29:45.534+0000] {processor.py:743} INFO - Processing file /home/airflow/.local/lib/python3.7/site-packages/airflow/example_dags/example_nested_branch_dag.py for tasks to queue
[2023-09-06T04:29:45.536+0000] {logging_mixin.py:137} INFO - [2023-09-06T04:29:45.535+0000] {dagbag.py:538} INFO - Filling up the DagBag from /home/airflow/.local/lib/python3.7/site-packages/airflow/example_dags/example_nested_branch_dag.py
[2023-09-06T04:29:45.582+0000] {processor.py:753} INFO - DAG(s) dict_keys(['example_nested_branch_dag']) retrieved from /home/airflow/.local/lib/python3.7/site-packages/airflow/example_dags/example_nested_branch_dag.py
[2023-09-06T04:29:45.645+0000] {logging_mixin.py:137} INFO - [2023-09-06T04:29:45.642+0000] {dag.py:2690} INFO - Sync 1 DAGs
[2023-09-06T04:29:45.687+0000] {logging_mixin.py:137} INFO - [2023-09-06T04:29:45.687+0000] {dag.py:3441} INFO - Setting next_dagrun for example_nested_branch_dag to 2023-09-05T00:00:00+00:00, run_after=2023-09-06T00:00:00+00:00
[2023-09-06T04:29:45.718+0000] {processor.py:175} INFO - Processing /home/airflow/.local/lib/python3.7/site-packages/airflow/example_dags/example_nested_branch_dag.py took 0.198 seconds
[2023-09-06T04:30:16.236+0000] {processor.py:153} INFO - Started process (PID=202) to work on /home/airflow/.local/lib/python3.7/site-packages/airflow/example_dags/example_nested_branch_dag.py
[2023-09-06T04:30:16.239+0000] {processor.py:743} INFO - Processing file /home/airflow/.local/lib/python3.7/site-packages/airflow/example_dags/example_nested_branch_dag.py for tasks to queue
[2023-09-06T04:30:16.240+0000] {logging_mixin.py:137} INFO - [2023-09-06T04:30:16.240+0000] {dagbag.py:538} INFO - Filling up the DagBag from /home/airflow/.local/lib/python3.7/site-packages/airflow/example_dags/example_nested_branch_dag.py
[2023-09-06T04:30:16.283+0000] {processor.py:753} INFO - DAG(s) dict_keys(['example_nested_branch_dag']) retrieved from /home/airflow/.local/lib/python3.7/site-packages/airflow/example_dags/example_nested_branch_dag.py
[2023-09-06T04:30:16.350+0000] {logging_mixin.py:137} INFO - [2023-09-06T04:30:16.349+0000] {dag.py:2690} INFO - Sync 1 DAGs
[2023-09-06T04:30:16.428+0000] {logging_mixin.py:137} INFO - [2023-09-06T04:30:16.428+0000] {dag.py:3441} INFO - Setting next_dagrun for example_nested_branch_dag to 2023-09-05T00:00:00+00:00, run_after=2023-09-06T00:00:00+00:00
[2023-09-06T04:30:16.480+0000] {processor.py:175} INFO - Processing /home/airflow/.local/lib/python3.7/site-packages/airflow/example_dags/example_nested_branch_dag.py took 0.248 seconds
[2023-09-06T04:30:47.034+0000] {processor.py:153} INFO - Started process (PID=262) to work on /home/airflow/.local/lib/python3.7/site-packages/airflow/example_dags/example_nested_branch_dag.py
[2023-09-06T04:30:47.035+0000] {processor.py:743} INFO - Processing file /home/airflow/.local/lib/python3.7/site-packages/airflow/example_dags/example_nested_branch_dag.py for tasks to queue
[2023-09-06T04:30:47.037+0000] {logging_mixin.py:137} INFO - [2023-09-06T04:30:47.037+0000] {dagbag.py:538} INFO - Filling up the DagBag from /home/airflow/.local/lib/python3.7/site-packages/airflow/example_dags/example_nested_branch_dag.py
[2023-09-06T04:30:47.066+0000] {processor.py:753} INFO - DAG(s) dict_keys(['example_nested_branch_dag']) retrieved from /home/airflow/.local/lib/python3.7/site-packages/airflow/example_dags/example_nested_branch_dag.py
[2023-09-06T04:30:47.100+0000] {logging_mixin.py:137} INFO - [2023-09-06T04:30:47.100+0000] {dag.py:2690} INFO - Sync 1 DAGs
[2023-09-06T04:30:47.133+0000] {logging_mixin.py:137} INFO - [2023-09-06T04:30:47.132+0000] {dag.py:3441} INFO - Setting next_dagrun for example_nested_branch_dag to 2023-09-05T00:00:00+00:00, run_after=2023-09-06T00:00:00+00:00
[2023-09-06T04:30:47.166+0000] {processor.py:175} INFO - Processing /home/airflow/.local/lib/python3.7/site-packages/airflow/example_dags/example_nested_branch_dag.py took 0.136 seconds
[2023-09-06T04:31:17.472+0000] {processor.py:153} INFO - Started process (PID=321) to work on /home/airflow/.local/lib/python3.7/site-packages/airflow/example_dags/example_nested_branch_dag.py
[2023-09-06T04:31:17.480+0000] {processor.py:743} INFO - Processing file /home/airflow/.local/lib/python3.7/site-packages/airflow/example_dags/example_nested_branch_dag.py for tasks to queue
[2023-09-06T04:31:17.481+0000] {logging_mixin.py:137} INFO - [2023-09-06T04:31:17.481+0000] {dagbag.py:538} INFO - Filling up the DagBag from /home/airflow/.local/lib/python3.7/site-packages/airflow/example_dags/example_nested_branch_dag.py
[2023-09-06T04:31:17.514+0000] {processor.py:753} INFO - DAG(s) dict_keys(['example_nested_branch_dag']) retrieved from /home/airflow/.local/lib/python3.7/site-packages/airflow/example_dags/example_nested_branch_dag.py
[2023-09-06T04:31:17.563+0000] {logging_mixin.py:137} INFO - [2023-09-06T04:31:17.561+0000] {dag.py:2690} INFO - Sync 1 DAGs
[2023-09-06T04:31:17.624+0000] {logging_mixin.py:137} INFO - [2023-09-06T04:31:17.623+0000] {dag.py:3441} INFO - Setting next_dagrun for example_nested_branch_dag to 2023-09-05T00:00:00+00:00, run_after=2023-09-06T00:00:00+00:00
[2023-09-06T04:31:17.675+0000] {processor.py:175} INFO - Processing /home/airflow/.local/lib/python3.7/site-packages/airflow/example_dags/example_nested_branch_dag.py took 0.206 seconds
[2023-09-06T04:31:48.467+0000] {processor.py:153} INFO - Started process (PID=389) to work on /home/airflow/.local/lib/python3.7/site-packages/airflow/example_dags/example_nested_branch_dag.py
[2023-09-06T04:31:48.468+0000] {processor.py:743} INFO - Processing file /home/airflow/.local/lib/python3.7/site-packages/airflow/example_dags/example_nested_branch_dag.py for tasks to queue
[2023-09-06T04:31:48.469+0000] {logging_mixin.py:137} INFO - [2023-09-06T04:31:48.469+0000] {dagbag.py:538} INFO - Filling up the DagBag from /home/airflow/.local/lib/python3.7/site-packages/airflow/example_dags/example_nested_branch_dag.py
[2023-09-06T04:31:48.546+0000] {processor.py:753} INFO - DAG(s) dict_keys(['example_nested_branch_dag']) retrieved from /home/airflow/.local/lib/python3.7/site-packages/airflow/example_dags/example_nested_branch_dag.py
[2023-09-06T04:31:48.614+0000] {logging_mixin.py:137} INFO - [2023-09-06T04:31:48.614+0000] {dag.py:2690} INFO - Sync 1 DAGs
[2023-09-06T04:31:48.665+0000] {logging_mixin.py:137} INFO - [2023-09-06T04:31:48.664+0000] {dag.py:3441} INFO - Setting next_dagrun for example_nested_branch_dag to 2023-09-05T00:00:00+00:00, run_after=2023-09-06T00:00:00+00:00
[2023-09-06T04:31:48.700+0000] {processor.py:175} INFO - Processing /home/airflow/.local/lib/python3.7/site-packages/airflow/example_dags/example_nested_branch_dag.py took 0.236 seconds
[2023-09-06T04:32:19.585+0000] {processor.py:153} INFO - Started process (PID=449) to work on /home/airflow/.local/lib/python3.7/site-packages/airflow/example_dags/example_nested_branch_dag.py
[2023-09-06T04:32:19.587+0000] {processor.py:743} INFO - Processing file /home/airflow/.local/lib/python3.7/site-packages/airflow/example_dags/example_nested_branch_dag.py for tasks to queue
[2023-09-06T04:32:19.588+0000] {logging_mixin.py:137} INFO - [2023-09-06T04:32:19.588+0000] {dagbag.py:538} INFO - Filling up the DagBag from /home/airflow/.local/lib/python3.7/site-packages/airflow/example_dags/example_nested_branch_dag.py
[2023-09-06T04:32:19.618+0000] {processor.py:753} INFO - DAG(s) dict_keys(['example_nested_branch_dag']) retrieved from /home/airflow/.local/lib/python3.7/site-packages/airflow/example_dags/example_nested_branch_dag.py
[2023-09-06T04:32:19.647+0000] {logging_mixin.py:137} INFO - [2023-09-06T04:32:19.647+0000] {dag.py:2690} INFO - Sync 1 DAGs
[2023-09-06T04:32:19.676+0000] {logging_mixin.py:137} INFO - [2023-09-06T04:32:19.676+0000] {dag.py:3441} INFO - Setting next_dagrun for example_nested_branch_dag to 2023-09-05T00:00:00+00:00, run_after=2023-09-06T00:00:00+00:00
[2023-09-06T04:32:19.706+0000] {processor.py:175} INFO - Processing /home/airflow/.local/lib/python3.7/site-packages/airflow/example_dags/example_nested_branch_dag.py took 0.125 seconds
[2023-09-06T04:32:50.037+0000] {processor.py:153} INFO - Started process (PID=508) to work on /home/airflow/.local/lib/python3.7/site-packages/airflow/example_dags/example_nested_branch_dag.py
[2023-09-06T04:32:50.038+0000] {processor.py:743} INFO - Processing file /home/airflow/.local/lib/python3.7/site-packages/airflow/example_dags/example_nested_branch_dag.py for tasks to queue
[2023-09-06T04:32:50.040+0000] {logging_mixin.py:137} INFO - [2023-09-06T04:32:50.040+0000] {dagbag.py:538} INFO - Filling up the DagBag from /home/airflow/.local/lib/python3.7/site-packages/airflow/example_dags/example_nested_branch_dag.py
[2023-09-06T04:32:50.069+0000] {processor.py:753} INFO - DAG(s) dict_keys(['example_nested_branch_dag']) retrieved from /home/airflow/.local/lib/python3.7/site-packages/airflow/example_dags/example_nested_branch_dag.py
[2023-09-06T04:32:50.098+0000] {logging_mixin.py:137} INFO - [2023-09-06T04:32:50.098+0000] {dag.py:2690} INFO - Sync 1 DAGs
[2023-09-06T04:32:50.125+0000] {logging_mixin.py:137} INFO - [2023-09-06T04:32:50.125+0000] {dag.py:3441} INFO - Setting next_dagrun for example_nested_branch_dag to 2023-09-05T00:00:00+00:00, run_after=2023-09-06T00:00:00+00:00
[2023-09-06T04:32:50.155+0000] {processor.py:175} INFO - Processing /home/airflow/.local/lib/python3.7/site-packages/airflow/example_dags/example_nested_branch_dag.py took 0.123 seconds
[2023-09-06T04:33:20.231+0000] {processor.py:153} INFO - Started process (PID=579) to work on /home/airflow/.local/lib/python3.7/site-packages/airflow/example_dags/example_nested_branch_dag.py
[2023-09-06T04:33:20.234+0000] {processor.py:743} INFO - Processing file /home/airflow/.local/lib/python3.7/site-packages/airflow/example_dags/example_nested_branch_dag.py for tasks to queue
[2023-09-06T04:33:20.237+0000] {logging_mixin.py:137} INFO - [2023-09-06T04:33:20.236+0000] {dagbag.py:538} INFO - Filling up the DagBag from /home/airflow/.local/lib/python3.7/site-packages/airflow/example_dags/example_nested_branch_dag.py
[2023-09-06T04:33:20.292+0000] {processor.py:753} INFO - DAG(s) dict_keys(['example_nested_branch_dag']) retrieved from /home/airflow/.local/lib/python3.7/site-packages/airflow/example_dags/example_nested_branch_dag.py
[2023-09-06T04:33:20.364+0000] {logging_mixin.py:137} INFO - [2023-09-06T04:33:20.364+0000] {dag.py:2690} INFO - Sync 1 DAGs
[2023-09-06T04:33:20.409+0000] {logging_mixin.py:137} INFO - [2023-09-06T04:33:20.409+0000] {dag.py:3441} INFO - Setting next_dagrun for example_nested_branch_dag to 2023-09-05T00:00:00+00:00, run_after=2023-09-06T00:00:00+00:00
[2023-09-06T04:33:20.433+0000] {processor.py:175} INFO - Processing /home/airflow/.local/lib/python3.7/site-packages/airflow/example_dags/example_nested_branch_dag.py took 0.207 seconds
[2023-09-06T04:33:50.594+0000] {processor.py:153} INFO - Started process (PID=638) to work on /home/airflow/.local/lib/python3.7/site-packages/airflow/example_dags/example_nested_branch_dag.py
[2023-09-06T04:33:50.600+0000] {processor.py:743} INFO - Processing file /home/airflow/.local/lib/python3.7/site-packages/airflow/example_dags/example_nested_branch_dag.py for tasks to queue
[2023-09-06T04:33:50.601+0000] {logging_mixin.py:137} INFO - [2023-09-06T04:33:50.601+0000] {dagbag.py:538} INFO - Filling up the DagBag from /home/airflow/.local/lib/python3.7/site-packages/airflow/example_dags/example_nested_branch_dag.py
[2023-09-06T04:33:50.650+0000] {processor.py:753} INFO - DAG(s) dict_keys(['example_nested_branch_dag']) retrieved from /home/airflow/.local/lib/python3.7/site-packages/airflow/example_dags/example_nested_branch_dag.py
[2023-09-06T04:33:50.723+0000] {logging_mixin.py:137} INFO - [2023-09-06T04:33:50.723+0000] {dag.py:2690} INFO - Sync 1 DAGs
[2023-09-06T04:33:50.784+0000] {logging_mixin.py:137} INFO - [2023-09-06T04:33:50.784+0000] {dag.py:3441} INFO - Setting next_dagrun for example_nested_branch_dag to 2023-09-05T00:00:00+00:00, run_after=2023-09-06T00:00:00+00:00
[2023-09-06T04:33:50.833+0000] {processor.py:175} INFO - Processing /home/airflow/.local/lib/python3.7/site-packages/airflow/example_dags/example_nested_branch_dag.py took 0.243 seconds
[2023-09-06T04:34:57.715+0000] {processor.py:153} INFO - Started process (PID=63) to work on /home/airflow/.local/lib/python3.7/site-packages/airflow/example_dags/example_nested_branch_dag.py
[2023-09-06T04:34:57.720+0000] {processor.py:743} INFO - Processing file /home/airflow/.local/lib/python3.7/site-packages/airflow/example_dags/example_nested_branch_dag.py for tasks to queue
[2023-09-06T04:34:57.724+0000] {logging_mixin.py:137} INFO - [2023-09-06T04:34:57.724+0000] {dagbag.py:538} INFO - Filling up the DagBag from /home/airflow/.local/lib/python3.7/site-packages/airflow/example_dags/example_nested_branch_dag.py
[2023-09-06T04:34:57.818+0000] {processor.py:753} INFO - DAG(s) dict_keys(['example_nested_branch_dag']) retrieved from /home/airflow/.local/lib/python3.7/site-packages/airflow/example_dags/example_nested_branch_dag.py
[2023-09-06T04:34:57.910+0000] {logging_mixin.py:137} INFO - [2023-09-06T04:34:57.909+0000] {dag.py:2690} INFO - Sync 1 DAGs
[2023-09-06T04:34:58.080+0000] {logging_mixin.py:137} INFO - [2023-09-06T04:34:58.079+0000] {dag.py:3441} INFO - Setting next_dagrun for example_nested_branch_dag to 2023-09-05T00:00:00+00:00, run_after=2023-09-06T00:00:00+00:00
[2023-09-06T04:34:58.209+0000] {processor.py:175} INFO - Processing /home/airflow/.local/lib/python3.7/site-packages/airflow/example_dags/example_nested_branch_dag.py took 0.500 seconds
[2023-09-06T04:35:28.746+0000] {processor.py:153} INFO - Started process (PID=122) to work on /home/airflow/.local/lib/python3.7/site-packages/airflow/example_dags/example_nested_branch_dag.py
[2023-09-06T04:35:28.761+0000] {processor.py:743} INFO - Processing file /home/airflow/.local/lib/python3.7/site-packages/airflow/example_dags/example_nested_branch_dag.py for tasks to queue
[2023-09-06T04:35:28.763+0000] {logging_mixin.py:137} INFO - [2023-09-06T04:35:28.763+0000] {dagbag.py:538} INFO - Filling up the DagBag from /home/airflow/.local/lib/python3.7/site-packages/airflow/example_dags/example_nested_branch_dag.py
[2023-09-06T04:35:28.843+0000] {processor.py:753} INFO - DAG(s) dict_keys(['example_nested_branch_dag']) retrieved from /home/airflow/.local/lib/python3.7/site-packages/airflow/example_dags/example_nested_branch_dag.py
[2023-09-06T04:35:28.925+0000] {logging_mixin.py:137} INFO - [2023-09-06T04:35:28.924+0000] {dag.py:2690} INFO - Sync 1 DAGs
[2023-09-06T04:35:29.073+0000] {logging_mixin.py:137} INFO - [2023-09-06T04:35:29.073+0000] {dag.py:3441} INFO - Setting next_dagrun for example_nested_branch_dag to 2023-09-05T00:00:00+00:00, run_after=2023-09-06T00:00:00+00:00
[2023-09-06T04:35:29.256+0000] {processor.py:175} INFO - Processing /home/airflow/.local/lib/python3.7/site-packages/airflow/example_dags/example_nested_branch_dag.py took 0.516 seconds
[2023-09-06T04:35:59.443+0000] {processor.py:153} INFO - Started process (PID=192) to work on /home/airflow/.local/lib/python3.7/site-packages/airflow/example_dags/example_nested_branch_dag.py
[2023-09-06T04:35:59.444+0000] {processor.py:743} INFO - Processing file /home/airflow/.local/lib/python3.7/site-packages/airflow/example_dags/example_nested_branch_dag.py for tasks to queue
[2023-09-06T04:35:59.458+0000] {logging_mixin.py:137} INFO - [2023-09-06T04:35:59.458+0000] {dagbag.py:538} INFO - Filling up the DagBag from /home/airflow/.local/lib/python3.7/site-packages/airflow/example_dags/example_nested_branch_dag.py
[2023-09-06T04:35:59.515+0000] {processor.py:753} INFO - DAG(s) dict_keys(['example_nested_branch_dag']) retrieved from /home/airflow/.local/lib/python3.7/site-packages/airflow/example_dags/example_nested_branch_dag.py
[2023-09-06T04:35:59.560+0000] {logging_mixin.py:137} INFO - [2023-09-06T04:35:59.560+0000] {dag.py:2690} INFO - Sync 1 DAGs
[2023-09-06T04:35:59.605+0000] {logging_mixin.py:137} INFO - [2023-09-06T04:35:59.605+0000] {dag.py:3441} INFO - Setting next_dagrun for example_nested_branch_dag to 2023-09-05T00:00:00+00:00, run_after=2023-09-06T00:00:00+00:00
[2023-09-06T04:35:59.648+0000] {processor.py:175} INFO - Processing /home/airflow/.local/lib/python3.7/site-packages/airflow/example_dags/example_nested_branch_dag.py took 0.209 seconds
[2023-09-06T04:36:30.274+0000] {processor.py:153} INFO - Started process (PID=252) to work on /home/airflow/.local/lib/python3.7/site-packages/airflow/example_dags/example_nested_branch_dag.py
[2023-09-06T04:36:30.276+0000] {processor.py:743} INFO - Processing file /home/airflow/.local/lib/python3.7/site-packages/airflow/example_dags/example_nested_branch_dag.py for tasks to queue
[2023-09-06T04:36:30.278+0000] {logging_mixin.py:137} INFO - [2023-09-06T04:36:30.277+0000] {dagbag.py:538} INFO - Filling up the DagBag from /home/airflow/.local/lib/python3.7/site-packages/airflow/example_dags/example_nested_branch_dag.py
[2023-09-06T04:36:30.319+0000] {processor.py:753} INFO - DAG(s) dict_keys(['example_nested_branch_dag']) retrieved from /home/airflow/.local/lib/python3.7/site-packages/airflow/example_dags/example_nested_branch_dag.py
[2023-09-06T04:36:30.360+0000] {logging_mixin.py:137} INFO - [2023-09-06T04:36:30.359+0000] {dag.py:2690} INFO - Sync 1 DAGs
[2023-09-06T04:36:30.402+0000] {logging_mixin.py:137} INFO - [2023-09-06T04:36:30.402+0000] {dag.py:3441} INFO - Setting next_dagrun for example_nested_branch_dag to 2023-09-05T00:00:00+00:00, run_after=2023-09-06T00:00:00+00:00
[2023-09-06T04:36:30.437+0000] {processor.py:175} INFO - Processing /home/airflow/.local/lib/python3.7/site-packages/airflow/example_dags/example_nested_branch_dag.py took 0.166 seconds
[2023-09-06T04:37:01.209+0000] {processor.py:153} INFO - Started process (PID=311) to work on /home/airflow/.local/lib/python3.7/site-packages/airflow/example_dags/example_nested_branch_dag.py
[2023-09-06T04:37:01.211+0000] {processor.py:743} INFO - Processing file /home/airflow/.local/lib/python3.7/site-packages/airflow/example_dags/example_nested_branch_dag.py for tasks to queue
[2023-09-06T04:37:01.214+0000] {logging_mixin.py:137} INFO - [2023-09-06T04:37:01.214+0000] {dagbag.py:538} INFO - Filling up the DagBag from /home/airflow/.local/lib/python3.7/site-packages/airflow/example_dags/example_nested_branch_dag.py
[2023-09-06T04:37:01.321+0000] {processor.py:753} INFO - DAG(s) dict_keys(['example_nested_branch_dag']) retrieved from /home/airflow/.local/lib/python3.7/site-packages/airflow/example_dags/example_nested_branch_dag.py
[2023-09-06T04:37:01.420+0000] {logging_mixin.py:137} INFO - [2023-09-06T04:37:01.419+0000] {dag.py:2690} INFO - Sync 1 DAGs
[2023-09-06T04:37:01.566+0000] {logging_mixin.py:137} INFO - [2023-09-06T04:37:01.565+0000] {dag.py:3441} INFO - Setting next_dagrun for example_nested_branch_dag to 2023-09-05T00:00:00+00:00, run_after=2023-09-06T00:00:00+00:00
[2023-09-06T04:37:01.642+0000] {processor.py:175} INFO - Processing /home/airflow/.local/lib/python3.7/site-packages/airflow/example_dags/example_nested_branch_dag.py took 0.438 seconds
[2023-09-06T04:37:32.587+0000] {processor.py:153} INFO - Started process (PID=377) to work on /home/airflow/.local/lib/python3.7/site-packages/airflow/example_dags/example_nested_branch_dag.py
[2023-09-06T04:37:32.594+0000] {processor.py:743} INFO - Processing file /home/airflow/.local/lib/python3.7/site-packages/airflow/example_dags/example_nested_branch_dag.py for tasks to queue
[2023-09-06T04:37:32.595+0000] {logging_mixin.py:137} INFO - [2023-09-06T04:37:32.595+0000] {dagbag.py:538} INFO - Filling up the DagBag from /home/airflow/.local/lib/python3.7/site-packages/airflow/example_dags/example_nested_branch_dag.py
[2023-09-06T04:37:32.675+0000] {processor.py:753} INFO - DAG(s) dict_keys(['example_nested_branch_dag']) retrieved from /home/airflow/.local/lib/python3.7/site-packages/airflow/example_dags/example_nested_branch_dag.py
[2023-09-06T04:37:32.735+0000] {logging_mixin.py:137} INFO - [2023-09-06T04:37:32.734+0000] {dag.py:2690} INFO - Sync 1 DAGs
[2023-09-06T04:37:32.788+0000] {logging_mixin.py:137} INFO - [2023-09-06T04:37:32.788+0000] {dag.py:3441} INFO - Setting next_dagrun for example_nested_branch_dag to 2023-09-05T00:00:00+00:00, run_after=2023-09-06T00:00:00+00:00
[2023-09-06T04:37:32.855+0000] {processor.py:175} INFO - Processing /home/airflow/.local/lib/python3.7/site-packages/airflow/example_dags/example_nested_branch_dag.py took 0.275 seconds
[2023-09-06T04:38:03.540+0000] {processor.py:153} INFO - Started process (PID=439) to work on /home/airflow/.local/lib/python3.7/site-packages/airflow/example_dags/example_nested_branch_dag.py
[2023-09-06T04:38:03.564+0000] {processor.py:743} INFO - Processing file /home/airflow/.local/lib/python3.7/site-packages/airflow/example_dags/example_nested_branch_dag.py for tasks to queue
[2023-09-06T04:38:03.566+0000] {logging_mixin.py:137} INFO - [2023-09-06T04:38:03.566+0000] {dagbag.py:538} INFO - Filling up the DagBag from /home/airflow/.local/lib/python3.7/site-packages/airflow/example_dags/example_nested_branch_dag.py
[2023-09-06T04:38:03.650+0000] {processor.py:753} INFO - DAG(s) dict_keys(['example_nested_branch_dag']) retrieved from /home/airflow/.local/lib/python3.7/site-packages/airflow/example_dags/example_nested_branch_dag.py
[2023-09-06T04:38:03.748+0000] {logging_mixin.py:137} INFO - [2023-09-06T04:38:03.748+0000] {dag.py:2690} INFO - Sync 1 DAGs
[2023-09-06T04:38:03.817+0000] {logging_mixin.py:137} INFO - [2023-09-06T04:38:03.816+0000] {dag.py:3441} INFO - Setting next_dagrun for example_nested_branch_dag to 2023-09-05T00:00:00+00:00, run_after=2023-09-06T00:00:00+00:00
[2023-09-06T04:38:03.891+0000] {processor.py:175} INFO - Processing /home/airflow/.local/lib/python3.7/site-packages/airflow/example_dags/example_nested_branch_dag.py took 0.359 seconds
[2023-09-06T04:38:34.597+0000] {processor.py:153} INFO - Started process (PID=498) to work on /home/airflow/.local/lib/python3.7/site-packages/airflow/example_dags/example_nested_branch_dag.py
[2023-09-06T04:38:34.605+0000] {processor.py:743} INFO - Processing file /home/airflow/.local/lib/python3.7/site-packages/airflow/example_dags/example_nested_branch_dag.py for tasks to queue
[2023-09-06T04:38:34.612+0000] {logging_mixin.py:137} INFO - [2023-09-06T04:38:34.606+0000] {dagbag.py:538} INFO - Filling up the DagBag from /home/airflow/.local/lib/python3.7/site-packages/airflow/example_dags/example_nested_branch_dag.py
[2023-09-06T04:38:34.777+0000] {processor.py:753} INFO - DAG(s) dict_keys(['example_nested_branch_dag']) retrieved from /home/airflow/.local/lib/python3.7/site-packages/airflow/example_dags/example_nested_branch_dag.py
[2023-09-06T04:38:34.898+0000] {logging_mixin.py:137} INFO - [2023-09-06T04:38:34.898+0000] {dag.py:2690} INFO - Sync 1 DAGs
[2023-09-06T04:38:35.063+0000] {logging_mixin.py:137} INFO - [2023-09-06T04:38:35.063+0000] {dag.py:3441} INFO - Setting next_dagrun for example_nested_branch_dag to 2023-09-05T00:00:00+00:00, run_after=2023-09-06T00:00:00+00:00
[2023-09-06T04:38:35.194+0000] {processor.py:175} INFO - Processing /home/airflow/.local/lib/python3.7/site-packages/airflow/example_dags/example_nested_branch_dag.py took 0.600 seconds
[2023-09-06T04:39:05.471+0000] {processor.py:153} INFO - Started process (PID=557) to work on /home/airflow/.local/lib/python3.7/site-packages/airflow/example_dags/example_nested_branch_dag.py
[2023-09-06T04:39:05.472+0000] {processor.py:743} INFO - Processing file /home/airflow/.local/lib/python3.7/site-packages/airflow/example_dags/example_nested_branch_dag.py for tasks to queue
[2023-09-06T04:39:05.478+0000] {logging_mixin.py:137} INFO - [2023-09-06T04:39:05.473+0000] {dagbag.py:538} INFO - Filling up the DagBag from /home/airflow/.local/lib/python3.7/site-packages/airflow/example_dags/example_nested_branch_dag.py
[2023-09-06T04:39:05.540+0000] {processor.py:753} INFO - DAG(s) dict_keys(['example_nested_branch_dag']) retrieved from /home/airflow/.local/lib/python3.7/site-packages/airflow/example_dags/example_nested_branch_dag.py
[2023-09-06T04:39:05.568+0000] {logging_mixin.py:137} INFO - [2023-09-06T04:39:05.568+0000] {dag.py:2690} INFO - Sync 1 DAGs
[2023-09-06T04:39:05.651+0000] {logging_mixin.py:137} INFO - [2023-09-06T04:39:05.651+0000] {dag.py:3441} INFO - Setting next_dagrun for example_nested_branch_dag to 2023-09-05T00:00:00+00:00, run_after=2023-09-06T00:00:00+00:00
[2023-09-06T04:39:05.695+0000] {processor.py:175} INFO - Processing /home/airflow/.local/lib/python3.7/site-packages/airflow/example_dags/example_nested_branch_dag.py took 0.228 seconds
[2023-09-06T04:39:35.883+0000] {processor.py:153} INFO - Started process (PID=627) to work on /home/airflow/.local/lib/python3.7/site-packages/airflow/example_dags/example_nested_branch_dag.py
[2023-09-06T04:39:35.885+0000] {processor.py:743} INFO - Processing file /home/airflow/.local/lib/python3.7/site-packages/airflow/example_dags/example_nested_branch_dag.py for tasks to queue
[2023-09-06T04:39:35.889+0000] {logging_mixin.py:137} INFO - [2023-09-06T04:39:35.888+0000] {dagbag.py:538} INFO - Filling up the DagBag from /home/airflow/.local/lib/python3.7/site-packages/airflow/example_dags/example_nested_branch_dag.py
[2023-09-06T04:39:35.987+0000] {processor.py:753} INFO - DAG(s) dict_keys(['example_nested_branch_dag']) retrieved from /home/airflow/.local/lib/python3.7/site-packages/airflow/example_dags/example_nested_branch_dag.py
[2023-09-06T04:39:36.040+0000] {logging_mixin.py:137} INFO - [2023-09-06T04:39:36.039+0000] {dag.py:2690} INFO - Sync 1 DAGs
[2023-09-06T04:39:36.101+0000] {logging_mixin.py:137} INFO - [2023-09-06T04:39:36.100+0000] {dag.py:3441} INFO - Setting next_dagrun for example_nested_branch_dag to 2023-09-05T00:00:00+00:00, run_after=2023-09-06T00:00:00+00:00
[2023-09-06T04:39:36.127+0000] {processor.py:175} INFO - Processing /home/airflow/.local/lib/python3.7/site-packages/airflow/example_dags/example_nested_branch_dag.py took 0.267 seconds
[2023-09-06T04:40:06.763+0000] {processor.py:153} INFO - Started process (PID=686) to work on /home/airflow/.local/lib/python3.7/site-packages/airflow/example_dags/example_nested_branch_dag.py
[2023-09-06T04:40:06.776+0000] {processor.py:743} INFO - Processing file /home/airflow/.local/lib/python3.7/site-packages/airflow/example_dags/example_nested_branch_dag.py for tasks to queue
[2023-09-06T04:40:06.787+0000] {logging_mixin.py:137} INFO - [2023-09-06T04:40:06.786+0000] {dagbag.py:538} INFO - Filling up the DagBag from /home/airflow/.local/lib/python3.7/site-packages/airflow/example_dags/example_nested_branch_dag.py
[2023-09-06T04:40:06.933+0000] {processor.py:753} INFO - DAG(s) dict_keys(['example_nested_branch_dag']) retrieved from /home/airflow/.local/lib/python3.7/site-packages/airflow/example_dags/example_nested_branch_dag.py
[2023-09-06T04:40:07.035+0000] {logging_mixin.py:137} INFO - [2023-09-06T04:40:07.035+0000] {dag.py:2690} INFO - Sync 1 DAGs
[2023-09-06T04:40:07.128+0000] {logging_mixin.py:137} INFO - [2023-09-06T04:40:07.128+0000] {dag.py:3441} INFO - Setting next_dagrun for example_nested_branch_dag to 2023-09-05T00:00:00+00:00, run_after=2023-09-06T00:00:00+00:00
[2023-09-06T04:40:07.166+0000] {processor.py:175} INFO - Processing /home/airflow/.local/lib/python3.7/site-packages/airflow/example_dags/example_nested_branch_dag.py took 0.410 seconds
[2023-09-06T04:40:37.722+0000] {processor.py:153} INFO - Started process (PID=745) to work on /home/airflow/.local/lib/python3.7/site-packages/airflow/example_dags/example_nested_branch_dag.py
[2023-09-06T04:40:37.724+0000] {processor.py:743} INFO - Processing file /home/airflow/.local/lib/python3.7/site-packages/airflow/example_dags/example_nested_branch_dag.py for tasks to queue
[2023-09-06T04:40:37.725+0000] {logging_mixin.py:137} INFO - [2023-09-06T04:40:37.725+0000] {dagbag.py:538} INFO - Filling up the DagBag from /home/airflow/.local/lib/python3.7/site-packages/airflow/example_dags/example_nested_branch_dag.py
[2023-09-06T04:40:37.769+0000] {processor.py:753} INFO - DAG(s) dict_keys(['example_nested_branch_dag']) retrieved from /home/airflow/.local/lib/python3.7/site-packages/airflow/example_dags/example_nested_branch_dag.py
[2023-09-06T04:40:37.820+0000] {logging_mixin.py:137} INFO - [2023-09-06T04:40:37.819+0000] {dag.py:2690} INFO - Sync 1 DAGs
[2023-09-06T04:40:37.861+0000] {logging_mixin.py:137} INFO - [2023-09-06T04:40:37.860+0000] {dag.py:3441} INFO - Setting next_dagrun for example_nested_branch_dag to 2023-09-05T00:00:00+00:00, run_after=2023-09-06T00:00:00+00:00
[2023-09-06T04:40:37.895+0000] {processor.py:175} INFO - Processing /home/airflow/.local/lib/python3.7/site-packages/airflow/example_dags/example_nested_branch_dag.py took 0.179 seconds
[2023-09-06T04:41:07.985+0000] {processor.py:153} INFO - Started process (PID=815) to work on /home/airflow/.local/lib/python3.7/site-packages/airflow/example_dags/example_nested_branch_dag.py
[2023-09-06T04:41:07.986+0000] {processor.py:743} INFO - Processing file /home/airflow/.local/lib/python3.7/site-packages/airflow/example_dags/example_nested_branch_dag.py for tasks to queue
[2023-09-06T04:41:07.988+0000] {logging_mixin.py:137} INFO - [2023-09-06T04:41:07.987+0000] {dagbag.py:538} INFO - Filling up the DagBag from /home/airflow/.local/lib/python3.7/site-packages/airflow/example_dags/example_nested_branch_dag.py
[2023-09-06T04:41:08.050+0000] {processor.py:753} INFO - DAG(s) dict_keys(['example_nested_branch_dag']) retrieved from /home/airflow/.local/lib/python3.7/site-packages/airflow/example_dags/example_nested_branch_dag.py
[2023-09-06T04:41:08.135+0000] {logging_mixin.py:137} INFO - [2023-09-06T04:41:08.134+0000] {dag.py:2690} INFO - Sync 1 DAGs
[2023-09-06T04:41:08.180+0000] {logging_mixin.py:137} INFO - [2023-09-06T04:41:08.180+0000] {dag.py:3441} INFO - Setting next_dagrun for example_nested_branch_dag to 2023-09-05T00:00:00+00:00, run_after=2023-09-06T00:00:00+00:00
[2023-09-06T04:41:08.224+0000] {processor.py:175} INFO - Processing /home/airflow/.local/lib/python3.7/site-packages/airflow/example_dags/example_nested_branch_dag.py took 0.254 seconds
[2023-09-06T04:41:38.490+0000] {processor.py:153} INFO - Started process (PID=874) to work on /home/airflow/.local/lib/python3.7/site-packages/airflow/example_dags/example_nested_branch_dag.py
[2023-09-06T04:41:38.497+0000] {processor.py:743} INFO - Processing file /home/airflow/.local/lib/python3.7/site-packages/airflow/example_dags/example_nested_branch_dag.py for tasks to queue
[2023-09-06T04:41:38.499+0000] {logging_mixin.py:137} INFO - [2023-09-06T04:41:38.498+0000] {dagbag.py:538} INFO - Filling up the DagBag from /home/airflow/.local/lib/python3.7/site-packages/airflow/example_dags/example_nested_branch_dag.py
[2023-09-06T04:41:38.552+0000] {processor.py:753} INFO - DAG(s) dict_keys(['example_nested_branch_dag']) retrieved from /home/airflow/.local/lib/python3.7/site-packages/airflow/example_dags/example_nested_branch_dag.py
[2023-09-06T04:41:38.646+0000] {logging_mixin.py:137} INFO - [2023-09-06T04:41:38.645+0000] {dag.py:2690} INFO - Sync 1 DAGs
[2023-09-06T04:41:38.746+0000] {logging_mixin.py:137} INFO - [2023-09-06T04:41:38.746+0000] {dag.py:3441} INFO - Setting next_dagrun for example_nested_branch_dag to 2023-09-05T00:00:00+00:00, run_after=2023-09-06T00:00:00+00:00
[2023-09-06T04:41:38.803+0000] {processor.py:175} INFO - Processing /home/airflow/.local/lib/python3.7/site-packages/airflow/example_dags/example_nested_branch_dag.py took 0.317 seconds
[2023-09-06T04:42:09.568+0000] {processor.py:153} INFO - Started process (PID=935) to work on /home/airflow/.local/lib/python3.7/site-packages/airflow/example_dags/example_nested_branch_dag.py
[2023-09-06T04:42:09.574+0000] {processor.py:743} INFO - Processing file /home/airflow/.local/lib/python3.7/site-packages/airflow/example_dags/example_nested_branch_dag.py for tasks to queue
[2023-09-06T04:42:09.575+0000] {logging_mixin.py:137} INFO - [2023-09-06T04:42:09.575+0000] {dagbag.py:538} INFO - Filling up the DagBag from /home/airflow/.local/lib/python3.7/site-packages/airflow/example_dags/example_nested_branch_dag.py
[2023-09-06T04:42:09.611+0000] {processor.py:753} INFO - DAG(s) dict_keys(['example_nested_branch_dag']) retrieved from /home/airflow/.local/lib/python3.7/site-packages/airflow/example_dags/example_nested_branch_dag.py
[2023-09-06T04:42:09.649+0000] {logging_mixin.py:137} INFO - [2023-09-06T04:42:09.649+0000] {dag.py:2690} INFO - Sync 1 DAGs
[2023-09-06T04:42:09.711+0000] {logging_mixin.py:137} INFO - [2023-09-06T04:42:09.711+0000] {dag.py:3441} INFO - Setting next_dagrun for example_nested_branch_dag to 2023-09-05T00:00:00+00:00, run_after=2023-09-06T00:00:00+00:00
[2023-09-06T04:42:09.750+0000] {processor.py:175} INFO - Processing /home/airflow/.local/lib/python3.7/site-packages/airflow/example_dags/example_nested_branch_dag.py took 0.187 seconds
[2023-09-06T04:42:40.372+0000] {processor.py:153} INFO - Started process (PID=1004) to work on /home/airflow/.local/lib/python3.7/site-packages/airflow/example_dags/example_nested_branch_dag.py
[2023-09-06T04:42:40.384+0000] {processor.py:743} INFO - Processing file /home/airflow/.local/lib/python3.7/site-packages/airflow/example_dags/example_nested_branch_dag.py for tasks to queue
[2023-09-06T04:42:40.386+0000] {logging_mixin.py:137} INFO - [2023-09-06T04:42:40.385+0000] {dagbag.py:538} INFO - Filling up the DagBag from /home/airflow/.local/lib/python3.7/site-packages/airflow/example_dags/example_nested_branch_dag.py
[2023-09-06T04:42:40.457+0000] {processor.py:753} INFO - DAG(s) dict_keys(['example_nested_branch_dag']) retrieved from /home/airflow/.local/lib/python3.7/site-packages/airflow/example_dags/example_nested_branch_dag.py
[2023-09-06T04:42:40.607+0000] {logging_mixin.py:137} INFO - [2023-09-06T04:42:40.607+0000] {dag.py:2690} INFO - Sync 1 DAGs
[2023-09-06T04:42:40.738+0000] {logging_mixin.py:137} INFO - [2023-09-06T04:42:40.737+0000] {dag.py:3441} INFO - Setting next_dagrun for example_nested_branch_dag to 2023-09-05T00:00:00+00:00, run_after=2023-09-06T00:00:00+00:00
[2023-09-06T04:42:40.819+0000] {processor.py:175} INFO - Processing /home/airflow/.local/lib/python3.7/site-packages/airflow/example_dags/example_nested_branch_dag.py took 0.451 seconds
