[2023-09-06T04:26:30.296+0000] {processor.py:153} INFO - Started process (PID=98) to work on /home/airflow/.local/lib/python3.7/site-packages/airflow/example_dags/example_branch_datetime_operator.py
[2023-09-06T04:26:30.305+0000] {processor.py:743} INFO - Processing file /home/airflow/.local/lib/python3.7/site-packages/airflow/example_dags/example_branch_datetime_operator.py for tasks to queue
[2023-09-06T04:26:30.311+0000] {logging_mixin.py:137} INFO - [2023-09-06T04:26:30.310+0000] {dagbag.py:538} INFO - Filling up the DagBag from /home/airflow/.local/lib/python3.7/site-packages/airflow/example_dags/example_branch_datetime_operator.py
[2023-09-06T04:26:30.486+0000] {processor.py:753} INFO - DAG(s) dict_keys(['example_branch_datetime_operator_3', 'example_branch_datetime_operator_2', 'example_branch_datetime_operator']) retrieved from /home/airflow/.local/lib/python3.7/site-packages/airflow/example_dags/example_branch_datetime_operator.py
[2023-09-06T04:26:30.564+0000] {logging_mixin.py:137} INFO - [2023-09-06T04:26:30.564+0000] {dag.py:2690} INFO - Sync 3 DAGs
[2023-09-06T04:26:30.767+0000] {logging_mixin.py:137} INFO - [2023-09-06T04:26:30.767+0000] {dag.py:3441} INFO - Setting next_dagrun for example_branch_datetime_operator to 2023-09-05T00:00:00+00:00, run_after=2023-09-06T00:00:00+00:00
[2023-09-06T04:26:30.799+0000] {logging_mixin.py:137} INFO - [2023-09-06T04:26:30.799+0000] {dag.py:3441} INFO - Setting next_dagrun for example_branch_datetime_operator_2 to 2023-09-05T00:00:00+00:00, run_after=2023-09-06T00:00:00+00:00
[2023-09-06T04:26:30.838+0000] {logging_mixin.py:137} INFO - [2023-09-06T04:26:30.837+0000] {dag.py:3441} INFO - Setting next_dagrun for example_branch_datetime_operator_3 to 2023-09-05T00:00:00+00:00, run_after=2023-09-06T00:00:00+00:00
[2023-09-06T04:26:31.024+0000] {processor.py:175} INFO - Processing /home/airflow/.local/lib/python3.7/site-packages/airflow/example_dags/example_branch_datetime_operator.py took 0.764 seconds
[2023-09-06T04:27:01.130+0000] {processor.py:153} INFO - Started process (PID=158) to work on /home/airflow/.local/lib/python3.7/site-packages/airflow/example_dags/example_branch_datetime_operator.py
[2023-09-06T04:27:01.131+0000] {processor.py:743} INFO - Processing file /home/airflow/.local/lib/python3.7/site-packages/airflow/example_dags/example_branch_datetime_operator.py for tasks to queue
[2023-09-06T04:27:01.132+0000] {logging_mixin.py:137} INFO - [2023-09-06T04:27:01.132+0000] {dagbag.py:538} INFO - Filling up the DagBag from /home/airflow/.local/lib/python3.7/site-packages/airflow/example_dags/example_branch_datetime_operator.py
[2023-09-06T04:27:01.148+0000] {processor.py:753} INFO - DAG(s) dict_keys(['example_branch_datetime_operator_3', 'example_branch_datetime_operator', 'example_branch_datetime_operator_2']) retrieved from /home/airflow/.local/lib/python3.7/site-packages/airflow/example_dags/example_branch_datetime_operator.py
[2023-09-06T04:27:01.182+0000] {logging_mixin.py:137} INFO - [2023-09-06T04:27:01.182+0000] {dag.py:2690} INFO - Sync 3 DAGs
[2023-09-06T04:27:01.207+0000] {logging_mixin.py:137} INFO - [2023-09-06T04:27:01.207+0000] {dag.py:3441} INFO - Setting next_dagrun for example_branch_datetime_operator to 2023-09-05T00:00:00+00:00, run_after=2023-09-06T00:00:00+00:00
[2023-09-06T04:27:01.215+0000] {logging_mixin.py:137} INFO - [2023-09-06T04:27:01.215+0000] {dag.py:3441} INFO - Setting next_dagrun for example_branch_datetime_operator_2 to 2023-09-05T00:00:00+00:00, run_after=2023-09-06T00:00:00+00:00
[2023-09-06T04:27:01.218+0000] {logging_mixin.py:137} INFO - [2023-09-06T04:27:01.218+0000] {dag.py:3441} INFO - Setting next_dagrun for example_branch_datetime_operator_3 to 2023-09-05T00:00:00+00:00, run_after=2023-09-06T00:00:00+00:00
[2023-09-06T04:27:01.237+0000] {processor.py:175} INFO - Processing /home/airflow/.local/lib/python3.7/site-packages/airflow/example_dags/example_branch_datetime_operator.py took 0.111 seconds
[2023-09-06T04:27:31.516+0000] {processor.py:153} INFO - Started process (PID=217) to work on /home/airflow/.local/lib/python3.7/site-packages/airflow/example_dags/example_branch_datetime_operator.py
[2023-09-06T04:27:31.518+0000] {processor.py:743} INFO - Processing file /home/airflow/.local/lib/python3.7/site-packages/airflow/example_dags/example_branch_datetime_operator.py for tasks to queue
[2023-09-06T04:27:31.519+0000] {logging_mixin.py:137} INFO - [2023-09-06T04:27:31.519+0000] {dagbag.py:538} INFO - Filling up the DagBag from /home/airflow/.local/lib/python3.7/site-packages/airflow/example_dags/example_branch_datetime_operator.py
[2023-09-06T04:27:31.538+0000] {processor.py:753} INFO - DAG(s) dict_keys(['example_branch_datetime_operator', 'example_branch_datetime_operator_3', 'example_branch_datetime_operator_2']) retrieved from /home/airflow/.local/lib/python3.7/site-packages/airflow/example_dags/example_branch_datetime_operator.py
[2023-09-06T04:27:31.573+0000] {logging_mixin.py:137} INFO - [2023-09-06T04:27:31.573+0000] {dag.py:2690} INFO - Sync 3 DAGs
[2023-09-06T04:27:31.604+0000] {logging_mixin.py:137} INFO - [2023-09-06T04:27:31.604+0000] {dag.py:3441} INFO - Setting next_dagrun for example_branch_datetime_operator to 2023-09-05T00:00:00+00:00, run_after=2023-09-06T00:00:00+00:00
[2023-09-06T04:27:31.621+0000] {logging_mixin.py:137} INFO - [2023-09-06T04:27:31.621+0000] {dag.py:3441} INFO - Setting next_dagrun for example_branch_datetime_operator_2 to 2023-09-05T00:00:00+00:00, run_after=2023-09-06T00:00:00+00:00
[2023-09-06T04:27:31.628+0000] {logging_mixin.py:137} INFO - [2023-09-06T04:27:31.628+0000] {dag.py:3441} INFO - Setting next_dagrun for example_branch_datetime_operator_3 to 2023-09-05T00:00:00+00:00, run_after=2023-09-06T00:00:00+00:00
[2023-09-06T04:27:31.648+0000] {processor.py:175} INFO - Processing /home/airflow/.local/lib/python3.7/site-packages/airflow/example_dags/example_branch_datetime_operator.py took 0.147 seconds
[2023-09-06T04:28:02.219+0000] {processor.py:153} INFO - Started process (PID=287) to work on /home/airflow/.local/lib/python3.7/site-packages/airflow/example_dags/example_branch_datetime_operator.py
[2023-09-06T04:28:02.225+0000] {processor.py:743} INFO - Processing file /home/airflow/.local/lib/python3.7/site-packages/airflow/example_dags/example_branch_datetime_operator.py for tasks to queue
[2023-09-06T04:28:02.236+0000] {logging_mixin.py:137} INFO - [2023-09-06T04:28:02.236+0000] {dagbag.py:538} INFO - Filling up the DagBag from /home/airflow/.local/lib/python3.7/site-packages/airflow/example_dags/example_branch_datetime_operator.py
[2023-09-06T04:28:02.280+0000] {processor.py:753} INFO - DAG(s) dict_keys(['example_branch_datetime_operator_3', 'example_branch_datetime_operator_2', 'example_branch_datetime_operator']) retrieved from /home/airflow/.local/lib/python3.7/site-packages/airflow/example_dags/example_branch_datetime_operator.py
[2023-09-06T04:28:02.359+0000] {logging_mixin.py:137} INFO - [2023-09-06T04:28:02.358+0000] {dag.py:2690} INFO - Sync 3 DAGs
[2023-09-06T04:28:02.400+0000] {logging_mixin.py:137} INFO - [2023-09-06T04:28:02.400+0000] {dag.py:3441} INFO - Setting next_dagrun for example_branch_datetime_operator to 2023-09-05T00:00:00+00:00, run_after=2023-09-06T00:00:00+00:00
[2023-09-06T04:28:02.408+0000] {logging_mixin.py:137} INFO - [2023-09-06T04:28:02.408+0000] {dag.py:3441} INFO - Setting next_dagrun for example_branch_datetime_operator_2 to 2023-09-05T00:00:00+00:00, run_after=2023-09-06T00:00:00+00:00
[2023-09-06T04:28:02.413+0000] {logging_mixin.py:137} INFO - [2023-09-06T04:28:02.413+0000] {dag.py:3441} INFO - Setting next_dagrun for example_branch_datetime_operator_3 to 2023-09-05T00:00:00+00:00, run_after=2023-09-06T00:00:00+00:00
[2023-09-06T04:28:02.437+0000] {processor.py:175} INFO - Processing /home/airflow/.local/lib/python3.7/site-packages/airflow/example_dags/example_branch_datetime_operator.py took 0.224 seconds
[2023-09-06T04:29:15.908+0000] {processor.py:153} INFO - Started process (PID=78) to work on /home/airflow/.local/lib/python3.7/site-packages/airflow/example_dags/example_branch_datetime_operator.py
[2023-09-06T04:29:15.910+0000] {processor.py:743} INFO - Processing file /home/airflow/.local/lib/python3.7/site-packages/airflow/example_dags/example_branch_datetime_operator.py for tasks to queue
[2023-09-06T04:29:15.918+0000] {logging_mixin.py:137} INFO - [2023-09-06T04:29:15.917+0000] {dagbag.py:538} INFO - Filling up the DagBag from /home/airflow/.local/lib/python3.7/site-packages/airflow/example_dags/example_branch_datetime_operator.py
[2023-09-06T04:29:15.974+0000] {processor.py:753} INFO - DAG(s) dict_keys(['example_branch_datetime_operator', 'example_branch_datetime_operator_2', 'example_branch_datetime_operator_3']) retrieved from /home/airflow/.local/lib/python3.7/site-packages/airflow/example_dags/example_branch_datetime_operator.py
[2023-09-06T04:29:16.129+0000] {logging_mixin.py:137} INFO - [2023-09-06T04:29:16.129+0000] {dag.py:2690} INFO - Sync 3 DAGs
[2023-09-06T04:29:16.237+0000] {logging_mixin.py:137} INFO - [2023-09-06T04:29:16.237+0000] {dag.py:3441} INFO - Setting next_dagrun for example_branch_datetime_operator to 2023-09-05T00:00:00+00:00, run_after=2023-09-06T00:00:00+00:00
[2023-09-06T04:29:16.263+0000] {logging_mixin.py:137} INFO - [2023-09-06T04:29:16.263+0000] {dag.py:3441} INFO - Setting next_dagrun for example_branch_datetime_operator_2 to 2023-09-05T00:00:00+00:00, run_after=2023-09-06T00:00:00+00:00
[2023-09-06T04:29:16.276+0000] {logging_mixin.py:137} INFO - [2023-09-06T04:29:16.276+0000] {dag.py:3441} INFO - Setting next_dagrun for example_branch_datetime_operator_3 to 2023-09-05T00:00:00+00:00, run_after=2023-09-06T00:00:00+00:00
[2023-09-06T04:29:16.365+0000] {processor.py:175} INFO - Processing /home/airflow/.local/lib/python3.7/site-packages/airflow/example_dags/example_branch_datetime_operator.py took 0.462 seconds
[2023-09-06T04:29:46.912+0000] {processor.py:153} INFO - Started process (PID=136) to work on /home/airflow/.local/lib/python3.7/site-packages/airflow/example_dags/example_branch_datetime_operator.py
[2023-09-06T04:29:46.919+0000] {processor.py:743} INFO - Processing file /home/airflow/.local/lib/python3.7/site-packages/airflow/example_dags/example_branch_datetime_operator.py for tasks to queue
[2023-09-06T04:29:46.935+0000] {logging_mixin.py:137} INFO - [2023-09-06T04:29:46.935+0000] {dagbag.py:538} INFO - Filling up the DagBag from /home/airflow/.local/lib/python3.7/site-packages/airflow/example_dags/example_branch_datetime_operator.py
[2023-09-06T04:29:47.001+0000] {processor.py:753} INFO - DAG(s) dict_keys(['example_branch_datetime_operator', 'example_branch_datetime_operator_3', 'example_branch_datetime_operator_2']) retrieved from /home/airflow/.local/lib/python3.7/site-packages/airflow/example_dags/example_branch_datetime_operator.py
[2023-09-06T04:29:47.175+0000] {logging_mixin.py:137} INFO - [2023-09-06T04:29:47.174+0000] {dag.py:2690} INFO - Sync 3 DAGs
[2023-09-06T04:29:47.301+0000] {logging_mixin.py:137} INFO - [2023-09-06T04:29:47.300+0000] {dag.py:3441} INFO - Setting next_dagrun for example_branch_datetime_operator to 2023-09-05T00:00:00+00:00, run_after=2023-09-06T00:00:00+00:00
[2023-09-06T04:29:47.318+0000] {logging_mixin.py:137} INFO - [2023-09-06T04:29:47.318+0000] {dag.py:3441} INFO - Setting next_dagrun for example_branch_datetime_operator_2 to 2023-09-05T00:00:00+00:00, run_after=2023-09-06T00:00:00+00:00
[2023-09-06T04:29:47.330+0000] {logging_mixin.py:137} INFO - [2023-09-06T04:29:47.330+0000] {dag.py:3441} INFO - Setting next_dagrun for example_branch_datetime_operator_3 to 2023-09-05T00:00:00+00:00, run_after=2023-09-06T00:00:00+00:00
[2023-09-06T04:29:47.387+0000] {processor.py:175} INFO - Processing /home/airflow/.local/lib/python3.7/site-packages/airflow/example_dags/example_branch_datetime_operator.py took 0.479 seconds
[2023-09-06T04:30:17.585+0000] {processor.py:153} INFO - Started process (PID=205) to work on /home/airflow/.local/lib/python3.7/site-packages/airflow/example_dags/example_branch_datetime_operator.py
[2023-09-06T04:30:17.588+0000] {processor.py:743} INFO - Processing file /home/airflow/.local/lib/python3.7/site-packages/airflow/example_dags/example_branch_datetime_operator.py for tasks to queue
[2023-09-06T04:30:17.589+0000] {logging_mixin.py:137} INFO - [2023-09-06T04:30:17.589+0000] {dagbag.py:538} INFO - Filling up the DagBag from /home/airflow/.local/lib/python3.7/site-packages/airflow/example_dags/example_branch_datetime_operator.py
[2023-09-06T04:30:17.625+0000] {processor.py:753} INFO - DAG(s) dict_keys(['example_branch_datetime_operator_2', 'example_branch_datetime_operator', 'example_branch_datetime_operator_3']) retrieved from /home/airflow/.local/lib/python3.7/site-packages/airflow/example_dags/example_branch_datetime_operator.py
[2023-09-06T04:30:17.725+0000] {logging_mixin.py:137} INFO - [2023-09-06T04:30:17.725+0000] {dag.py:2690} INFO - Sync 3 DAGs
[2023-09-06T04:30:17.777+0000] {logging_mixin.py:137} INFO - [2023-09-06T04:30:17.777+0000] {dag.py:3441} INFO - Setting next_dagrun for example_branch_datetime_operator to 2023-09-05T00:00:00+00:00, run_after=2023-09-06T00:00:00+00:00
[2023-09-06T04:30:17.784+0000] {logging_mixin.py:137} INFO - [2023-09-06T04:30:17.783+0000] {dag.py:3441} INFO - Setting next_dagrun for example_branch_datetime_operator_2 to 2023-09-05T00:00:00+00:00, run_after=2023-09-06T00:00:00+00:00
[2023-09-06T04:30:17.787+0000] {logging_mixin.py:137} INFO - [2023-09-06T04:30:17.787+0000] {dag.py:3441} INFO - Setting next_dagrun for example_branch_datetime_operator_3 to 2023-09-05T00:00:00+00:00, run_after=2023-09-06T00:00:00+00:00
[2023-09-06T04:30:17.807+0000] {processor.py:175} INFO - Processing /home/airflow/.local/lib/python3.7/site-packages/airflow/example_dags/example_branch_datetime_operator.py took 0.226 seconds
[2023-09-06T04:30:48.448+0000] {processor.py:153} INFO - Started process (PID=265) to work on /home/airflow/.local/lib/python3.7/site-packages/airflow/example_dags/example_branch_datetime_operator.py
[2023-09-06T04:30:48.450+0000] {processor.py:743} INFO - Processing file /home/airflow/.local/lib/python3.7/site-packages/airflow/example_dags/example_branch_datetime_operator.py for tasks to queue
[2023-09-06T04:30:48.451+0000] {logging_mixin.py:137} INFO - [2023-09-06T04:30:48.451+0000] {dagbag.py:538} INFO - Filling up the DagBag from /home/airflow/.local/lib/python3.7/site-packages/airflow/example_dags/example_branch_datetime_operator.py
[2023-09-06T04:30:48.476+0000] {processor.py:753} INFO - DAG(s) dict_keys(['example_branch_datetime_operator', 'example_branch_datetime_operator_3', 'example_branch_datetime_operator_2']) retrieved from /home/airflow/.local/lib/python3.7/site-packages/airflow/example_dags/example_branch_datetime_operator.py
[2023-09-06T04:30:48.527+0000] {logging_mixin.py:137} INFO - [2023-09-06T04:30:48.527+0000] {dag.py:2690} INFO - Sync 3 DAGs
[2023-09-06T04:30:48.557+0000] {logging_mixin.py:137} INFO - [2023-09-06T04:30:48.557+0000] {dag.py:3441} INFO - Setting next_dagrun for example_branch_datetime_operator to 2023-09-05T00:00:00+00:00, run_after=2023-09-06T00:00:00+00:00
[2023-09-06T04:30:48.563+0000] {logging_mixin.py:137} INFO - [2023-09-06T04:30:48.562+0000] {dag.py:3441} INFO - Setting next_dagrun for example_branch_datetime_operator_2 to 2023-09-05T00:00:00+00:00, run_after=2023-09-06T00:00:00+00:00
[2023-09-06T04:30:48.569+0000] {logging_mixin.py:137} INFO - [2023-09-06T04:30:48.568+0000] {dag.py:3441} INFO - Setting next_dagrun for example_branch_datetime_operator_3 to 2023-09-05T00:00:00+00:00, run_after=2023-09-06T00:00:00+00:00
[2023-09-06T04:30:48.589+0000] {processor.py:175} INFO - Processing /home/airflow/.local/lib/python3.7/site-packages/airflow/example_dags/example_branch_datetime_operator.py took 0.147 seconds
[2023-09-06T04:31:18.885+0000] {processor.py:153} INFO - Started process (PID=324) to work on /home/airflow/.local/lib/python3.7/site-packages/airflow/example_dags/example_branch_datetime_operator.py
[2023-09-06T04:31:18.893+0000] {processor.py:743} INFO - Processing file /home/airflow/.local/lib/python3.7/site-packages/airflow/example_dags/example_branch_datetime_operator.py for tasks to queue
[2023-09-06T04:31:18.903+0000] {logging_mixin.py:137} INFO - [2023-09-06T04:31:18.898+0000] {dagbag.py:538} INFO - Filling up the DagBag from /home/airflow/.local/lib/python3.7/site-packages/airflow/example_dags/example_branch_datetime_operator.py
[2023-09-06T04:31:18.968+0000] {processor.py:753} INFO - DAG(s) dict_keys(['example_branch_datetime_operator_2', 'example_branch_datetime_operator', 'example_branch_datetime_operator_3']) retrieved from /home/airflow/.local/lib/python3.7/site-packages/airflow/example_dags/example_branch_datetime_operator.py
[2023-09-06T04:31:19.113+0000] {logging_mixin.py:137} INFO - [2023-09-06T04:31:19.113+0000] {dag.py:2690} INFO - Sync 3 DAGs
[2023-09-06T04:31:19.186+0000] {logging_mixin.py:137} INFO - [2023-09-06T04:31:19.186+0000] {dag.py:3441} INFO - Setting next_dagrun for example_branch_datetime_operator to 2023-09-05T00:00:00+00:00, run_after=2023-09-06T00:00:00+00:00
[2023-09-06T04:31:19.195+0000] {logging_mixin.py:137} INFO - [2023-09-06T04:31:19.195+0000] {dag.py:3441} INFO - Setting next_dagrun for example_branch_datetime_operator_2 to 2023-09-05T00:00:00+00:00, run_after=2023-09-06T00:00:00+00:00
[2023-09-06T04:31:19.206+0000] {logging_mixin.py:137} INFO - [2023-09-06T04:31:19.206+0000] {dag.py:3441} INFO - Setting next_dagrun for example_branch_datetime_operator_3 to 2023-09-05T00:00:00+00:00, run_after=2023-09-06T00:00:00+00:00
[2023-09-06T04:31:19.242+0000] {processor.py:175} INFO - Processing /home/airflow/.local/lib/python3.7/site-packages/airflow/example_dags/example_branch_datetime_operator.py took 0.361 seconds
[2023-09-06T04:31:49.766+0000] {processor.py:153} INFO - Started process (PID=392) to work on /home/airflow/.local/lib/python3.7/site-packages/airflow/example_dags/example_branch_datetime_operator.py
[2023-09-06T04:31:49.768+0000] {processor.py:743} INFO - Processing file /home/airflow/.local/lib/python3.7/site-packages/airflow/example_dags/example_branch_datetime_operator.py for tasks to queue
[2023-09-06T04:31:49.770+0000] {logging_mixin.py:137} INFO - [2023-09-06T04:31:49.770+0000] {dagbag.py:538} INFO - Filling up the DagBag from /home/airflow/.local/lib/python3.7/site-packages/airflow/example_dags/example_branch_datetime_operator.py
[2023-09-06T04:31:49.792+0000] {processor.py:753} INFO - DAG(s) dict_keys(['example_branch_datetime_operator', 'example_branch_datetime_operator_2', 'example_branch_datetime_operator_3']) retrieved from /home/airflow/.local/lib/python3.7/site-packages/airflow/example_dags/example_branch_datetime_operator.py
[2023-09-06T04:31:49.836+0000] {logging_mixin.py:137} INFO - [2023-09-06T04:31:49.835+0000] {dag.py:2690} INFO - Sync 3 DAGs
[2023-09-06T04:31:49.869+0000] {logging_mixin.py:137} INFO - [2023-09-06T04:31:49.869+0000] {dag.py:3441} INFO - Setting next_dagrun for example_branch_datetime_operator to 2023-09-05T00:00:00+00:00, run_after=2023-09-06T00:00:00+00:00
[2023-09-06T04:31:49.876+0000] {logging_mixin.py:137} INFO - [2023-09-06T04:31:49.876+0000] {dag.py:3441} INFO - Setting next_dagrun for example_branch_datetime_operator_2 to 2023-09-05T00:00:00+00:00, run_after=2023-09-06T00:00:00+00:00
[2023-09-06T04:31:49.879+0000] {logging_mixin.py:137} INFO - [2023-09-06T04:31:49.879+0000] {dag.py:3441} INFO - Setting next_dagrun for example_branch_datetime_operator_3 to 2023-09-05T00:00:00+00:00, run_after=2023-09-06T00:00:00+00:00
[2023-09-06T04:31:49.922+0000] {processor.py:175} INFO - Processing /home/airflow/.local/lib/python3.7/site-packages/airflow/example_dags/example_branch_datetime_operator.py took 0.160 seconds
[2023-09-06T04:32:20.754+0000] {processor.py:153} INFO - Started process (PID=452) to work on /home/airflow/.local/lib/python3.7/site-packages/airflow/example_dags/example_branch_datetime_operator.py
[2023-09-06T04:32:20.755+0000] {processor.py:743} INFO - Processing file /home/airflow/.local/lib/python3.7/site-packages/airflow/example_dags/example_branch_datetime_operator.py for tasks to queue
[2023-09-06T04:32:20.756+0000] {logging_mixin.py:137} INFO - [2023-09-06T04:32:20.756+0000] {dagbag.py:538} INFO - Filling up the DagBag from /home/airflow/.local/lib/python3.7/site-packages/airflow/example_dags/example_branch_datetime_operator.py
[2023-09-06T04:32:20.775+0000] {processor.py:753} INFO - DAG(s) dict_keys(['example_branch_datetime_operator_2', 'example_branch_datetime_operator_3', 'example_branch_datetime_operator']) retrieved from /home/airflow/.local/lib/python3.7/site-packages/airflow/example_dags/example_branch_datetime_operator.py
[2023-09-06T04:32:20.811+0000] {logging_mixin.py:137} INFO - [2023-09-06T04:32:20.811+0000] {dag.py:2690} INFO - Sync 3 DAGs
[2023-09-06T04:32:20.838+0000] {logging_mixin.py:137} INFO - [2023-09-06T04:32:20.838+0000] {dag.py:3441} INFO - Setting next_dagrun for example_branch_datetime_operator to 2023-09-05T00:00:00+00:00, run_after=2023-09-06T00:00:00+00:00
[2023-09-06T04:32:20.845+0000] {logging_mixin.py:137} INFO - [2023-09-06T04:32:20.845+0000] {dag.py:3441} INFO - Setting next_dagrun for example_branch_datetime_operator_2 to 2023-09-05T00:00:00+00:00, run_after=2023-09-06T00:00:00+00:00
[2023-09-06T04:32:20.848+0000] {logging_mixin.py:137} INFO - [2023-09-06T04:32:20.848+0000] {dag.py:3441} INFO - Setting next_dagrun for example_branch_datetime_operator_3 to 2023-09-05T00:00:00+00:00, run_after=2023-09-06T00:00:00+00:00
[2023-09-06T04:32:20.876+0000] {processor.py:175} INFO - Processing /home/airflow/.local/lib/python3.7/site-packages/airflow/example_dags/example_branch_datetime_operator.py took 0.126 seconds
[2023-09-06T04:32:51.210+0000] {processor.py:153} INFO - Started process (PID=521) to work on /home/airflow/.local/lib/python3.7/site-packages/airflow/example_dags/example_branch_datetime_operator.py
[2023-09-06T04:32:51.212+0000] {processor.py:743} INFO - Processing file /home/airflow/.local/lib/python3.7/site-packages/airflow/example_dags/example_branch_datetime_operator.py for tasks to queue
[2023-09-06T04:32:51.213+0000] {logging_mixin.py:137} INFO - [2023-09-06T04:32:51.213+0000] {dagbag.py:538} INFO - Filling up the DagBag from /home/airflow/.local/lib/python3.7/site-packages/airflow/example_dags/example_branch_datetime_operator.py
[2023-09-06T04:32:51.251+0000] {processor.py:753} INFO - DAG(s) dict_keys(['example_branch_datetime_operator_3', 'example_branch_datetime_operator', 'example_branch_datetime_operator_2']) retrieved from /home/airflow/.local/lib/python3.7/site-packages/airflow/example_dags/example_branch_datetime_operator.py
[2023-09-06T04:32:51.331+0000] {logging_mixin.py:137} INFO - [2023-09-06T04:32:51.330+0000] {dag.py:2690} INFO - Sync 3 DAGs
[2023-09-06T04:32:51.381+0000] {logging_mixin.py:137} INFO - [2023-09-06T04:32:51.381+0000] {dag.py:3441} INFO - Setting next_dagrun for example_branch_datetime_operator to 2023-09-05T00:00:00+00:00, run_after=2023-09-06T00:00:00+00:00
[2023-09-06T04:32:51.392+0000] {logging_mixin.py:137} INFO - [2023-09-06T04:32:51.392+0000] {dag.py:3441} INFO - Setting next_dagrun for example_branch_datetime_operator_2 to 2023-09-05T00:00:00+00:00, run_after=2023-09-06T00:00:00+00:00
[2023-09-06T04:32:51.404+0000] {logging_mixin.py:137} INFO - [2023-09-06T04:32:51.404+0000] {dag.py:3441} INFO - Setting next_dagrun for example_branch_datetime_operator_3 to 2023-09-05T00:00:00+00:00, run_after=2023-09-06T00:00:00+00:00
[2023-09-06T04:32:51.435+0000] {processor.py:175} INFO - Processing /home/airflow/.local/lib/python3.7/site-packages/airflow/example_dags/example_branch_datetime_operator.py took 0.229 seconds
[2023-09-06T04:33:21.582+0000] {processor.py:153} INFO - Started process (PID=582) to work on /home/airflow/.local/lib/python3.7/site-packages/airflow/example_dags/example_branch_datetime_operator.py
[2023-09-06T04:33:21.584+0000] {processor.py:743} INFO - Processing file /home/airflow/.local/lib/python3.7/site-packages/airflow/example_dags/example_branch_datetime_operator.py for tasks to queue
[2023-09-06T04:33:21.585+0000] {logging_mixin.py:137} INFO - [2023-09-06T04:33:21.585+0000] {dagbag.py:538} INFO - Filling up the DagBag from /home/airflow/.local/lib/python3.7/site-packages/airflow/example_dags/example_branch_datetime_operator.py
[2023-09-06T04:33:21.608+0000] {processor.py:753} INFO - DAG(s) dict_keys(['example_branch_datetime_operator_2', 'example_branch_datetime_operator_3', 'example_branch_datetime_operator']) retrieved from /home/airflow/.local/lib/python3.7/site-packages/airflow/example_dags/example_branch_datetime_operator.py
[2023-09-06T04:33:21.655+0000] {logging_mixin.py:137} INFO - [2023-09-06T04:33:21.655+0000] {dag.py:2690} INFO - Sync 3 DAGs
[2023-09-06T04:33:21.698+0000] {logging_mixin.py:137} INFO - [2023-09-06T04:33:21.697+0000] {dag.py:3441} INFO - Setting next_dagrun for example_branch_datetime_operator to 2023-09-05T00:00:00+00:00, run_after=2023-09-06T00:00:00+00:00
[2023-09-06T04:33:21.704+0000] {logging_mixin.py:137} INFO - [2023-09-06T04:33:21.704+0000] {dag.py:3441} INFO - Setting next_dagrun for example_branch_datetime_operator_2 to 2023-09-05T00:00:00+00:00, run_after=2023-09-06T00:00:00+00:00
[2023-09-06T04:33:21.707+0000] {logging_mixin.py:137} INFO - [2023-09-06T04:33:21.707+0000] {dag.py:3441} INFO - Setting next_dagrun for example_branch_datetime_operator_3 to 2023-09-05T00:00:00+00:00, run_after=2023-09-06T00:00:00+00:00
[2023-09-06T04:33:21.732+0000] {processor.py:175} INFO - Processing /home/airflow/.local/lib/python3.7/site-packages/airflow/example_dags/example_branch_datetime_operator.py took 0.155 seconds
[2023-09-06T04:33:51.908+0000] {processor.py:153} INFO - Started process (PID=641) to work on /home/airflow/.local/lib/python3.7/site-packages/airflow/example_dags/example_branch_datetime_operator.py
[2023-09-06T04:33:51.909+0000] {processor.py:743} INFO - Processing file /home/airflow/.local/lib/python3.7/site-packages/airflow/example_dags/example_branch_datetime_operator.py for tasks to queue
[2023-09-06T04:33:51.910+0000] {logging_mixin.py:137} INFO - [2023-09-06T04:33:51.910+0000] {dagbag.py:538} INFO - Filling up the DagBag from /home/airflow/.local/lib/python3.7/site-packages/airflow/example_dags/example_branch_datetime_operator.py
[2023-09-06T04:33:51.944+0000] {processor.py:753} INFO - DAG(s) dict_keys(['example_branch_datetime_operator_3', 'example_branch_datetime_operator_2', 'example_branch_datetime_operator']) retrieved from /home/airflow/.local/lib/python3.7/site-packages/airflow/example_dags/example_branch_datetime_operator.py
[2023-09-06T04:33:51.991+0000] {logging_mixin.py:137} INFO - [2023-09-06T04:33:51.990+0000] {dag.py:2690} INFO - Sync 3 DAGs
[2023-09-06T04:33:52.024+0000] {logging_mixin.py:137} INFO - [2023-09-06T04:33:52.023+0000] {dag.py:3441} INFO - Setting next_dagrun for example_branch_datetime_operator to 2023-09-05T00:00:00+00:00, run_after=2023-09-06T00:00:00+00:00
[2023-09-06T04:33:52.029+0000] {logging_mixin.py:137} INFO - [2023-09-06T04:33:52.029+0000] {dag.py:3441} INFO - Setting next_dagrun for example_branch_datetime_operator_2 to 2023-09-05T00:00:00+00:00, run_after=2023-09-06T00:00:00+00:00
[2023-09-06T04:33:52.032+0000] {logging_mixin.py:137} INFO - [2023-09-06T04:33:52.032+0000] {dag.py:3441} INFO - Setting next_dagrun for example_branch_datetime_operator_3 to 2023-09-05T00:00:00+00:00, run_after=2023-09-06T00:00:00+00:00
[2023-09-06T04:33:52.052+0000] {processor.py:175} INFO - Processing /home/airflow/.local/lib/python3.7/site-packages/airflow/example_dags/example_branch_datetime_operator.py took 0.146 seconds
[2023-09-06T04:34:58.345+0000] {processor.py:153} INFO - Started process (PID=66) to work on /home/airflow/.local/lib/python3.7/site-packages/airflow/example_dags/example_branch_datetime_operator.py
[2023-09-06T04:34:58.362+0000] {processor.py:743} INFO - Processing file /home/airflow/.local/lib/python3.7/site-packages/airflow/example_dags/example_branch_datetime_operator.py for tasks to queue
[2023-09-06T04:34:58.364+0000] {logging_mixin.py:137} INFO - [2023-09-06T04:34:58.364+0000] {dagbag.py:538} INFO - Filling up the DagBag from /home/airflow/.local/lib/python3.7/site-packages/airflow/example_dags/example_branch_datetime_operator.py
[2023-09-06T04:34:58.429+0000] {processor.py:753} INFO - DAG(s) dict_keys(['example_branch_datetime_operator_3', 'example_branch_datetime_operator_2', 'example_branch_datetime_operator']) retrieved from /home/airflow/.local/lib/python3.7/site-packages/airflow/example_dags/example_branch_datetime_operator.py
[2023-09-06T04:34:58.646+0000] {logging_mixin.py:137} INFO - [2023-09-06T04:34:58.646+0000] {dag.py:2690} INFO - Sync 3 DAGs
[2023-09-06T04:34:58.831+0000] {logging_mixin.py:137} INFO - [2023-09-06T04:34:58.831+0000] {dag.py:3441} INFO - Setting next_dagrun for example_branch_datetime_operator to 2023-09-05T00:00:00+00:00, run_after=2023-09-06T00:00:00+00:00
[2023-09-06T04:34:58.881+0000] {logging_mixin.py:137} INFO - [2023-09-06T04:34:58.881+0000] {dag.py:3441} INFO - Setting next_dagrun for example_branch_datetime_operator_2 to 2023-09-05T00:00:00+00:00, run_after=2023-09-06T00:00:00+00:00
[2023-09-06T04:34:58.907+0000] {logging_mixin.py:137} INFO - [2023-09-06T04:34:58.907+0000] {dag.py:3441} INFO - Setting next_dagrun for example_branch_datetime_operator_3 to 2023-09-05T00:00:00+00:00, run_after=2023-09-06T00:00:00+00:00
[2023-09-06T04:34:59.051+0000] {processor.py:175} INFO - Processing /home/airflow/.local/lib/python3.7/site-packages/airflow/example_dags/example_branch_datetime_operator.py took 0.725 seconds
[2023-09-06T04:35:29.452+0000] {processor.py:153} INFO - Started process (PID=125) to work on /home/airflow/.local/lib/python3.7/site-packages/airflow/example_dags/example_branch_datetime_operator.py
[2023-09-06T04:35:29.460+0000] {processor.py:743} INFO - Processing file /home/airflow/.local/lib/python3.7/site-packages/airflow/example_dags/example_branch_datetime_operator.py for tasks to queue
[2023-09-06T04:35:29.474+0000] {logging_mixin.py:137} INFO - [2023-09-06T04:35:29.474+0000] {dagbag.py:538} INFO - Filling up the DagBag from /home/airflow/.local/lib/python3.7/site-packages/airflow/example_dags/example_branch_datetime_operator.py
[2023-09-06T04:35:29.529+0000] {processor.py:753} INFO - DAG(s) dict_keys(['example_branch_datetime_operator_3', 'example_branch_datetime_operator', 'example_branch_datetime_operator_2']) retrieved from /home/airflow/.local/lib/python3.7/site-packages/airflow/example_dags/example_branch_datetime_operator.py
[2023-09-06T04:35:29.577+0000] {logging_mixin.py:137} INFO - [2023-09-06T04:35:29.577+0000] {dag.py:2690} INFO - Sync 3 DAGs
[2023-09-06T04:35:29.676+0000] {logging_mixin.py:137} INFO - [2023-09-06T04:35:29.675+0000] {dag.py:3441} INFO - Setting next_dagrun for example_branch_datetime_operator to 2023-09-05T00:00:00+00:00, run_after=2023-09-06T00:00:00+00:00
[2023-09-06T04:35:29.689+0000] {logging_mixin.py:137} INFO - [2023-09-06T04:35:29.688+0000] {dag.py:3441} INFO - Setting next_dagrun for example_branch_datetime_operator_2 to 2023-09-05T00:00:00+00:00, run_after=2023-09-06T00:00:00+00:00
[2023-09-06T04:35:29.703+0000] {logging_mixin.py:137} INFO - [2023-09-06T04:35:29.703+0000] {dag.py:3441} INFO - Setting next_dagrun for example_branch_datetime_operator_3 to 2023-09-05T00:00:00+00:00, run_after=2023-09-06T00:00:00+00:00
[2023-09-06T04:35:29.789+0000] {processor.py:175} INFO - Processing /home/airflow/.local/lib/python3.7/site-packages/airflow/example_dags/example_branch_datetime_operator.py took 0.341 seconds
[2023-09-06T04:36:00.006+0000] {processor.py:153} INFO - Started process (PID=195) to work on /home/airflow/.local/lib/python3.7/site-packages/airflow/example_dags/example_branch_datetime_operator.py
[2023-09-06T04:36:00.008+0000] {processor.py:743} INFO - Processing file /home/airflow/.local/lib/python3.7/site-packages/airflow/example_dags/example_branch_datetime_operator.py for tasks to queue
[2023-09-06T04:36:00.009+0000] {logging_mixin.py:137} INFO - [2023-09-06T04:36:00.008+0000] {dagbag.py:538} INFO - Filling up the DagBag from /home/airflow/.local/lib/python3.7/site-packages/airflow/example_dags/example_branch_datetime_operator.py
[2023-09-06T04:36:00.033+0000] {processor.py:753} INFO - DAG(s) dict_keys(['example_branch_datetime_operator_2', 'example_branch_datetime_operator', 'example_branch_datetime_operator_3']) retrieved from /home/airflow/.local/lib/python3.7/site-packages/airflow/example_dags/example_branch_datetime_operator.py
[2023-09-06T04:36:00.069+0000] {logging_mixin.py:137} INFO - [2023-09-06T04:36:00.069+0000] {dag.py:2690} INFO - Sync 3 DAGs
[2023-09-06T04:36:00.097+0000] {logging_mixin.py:137} INFO - [2023-09-06T04:36:00.097+0000] {dag.py:3441} INFO - Setting next_dagrun for example_branch_datetime_operator to 2023-09-05T00:00:00+00:00, run_after=2023-09-06T00:00:00+00:00
[2023-09-06T04:36:00.102+0000] {logging_mixin.py:137} INFO - [2023-09-06T04:36:00.102+0000] {dag.py:3441} INFO - Setting next_dagrun for example_branch_datetime_operator_2 to 2023-09-05T00:00:00+00:00, run_after=2023-09-06T00:00:00+00:00
[2023-09-06T04:36:00.105+0000] {logging_mixin.py:137} INFO - [2023-09-06T04:36:00.105+0000] {dag.py:3441} INFO - Setting next_dagrun for example_branch_datetime_operator_3 to 2023-09-05T00:00:00+00:00, run_after=2023-09-06T00:00:00+00:00
[2023-09-06T04:36:00.124+0000] {processor.py:175} INFO - Processing /home/airflow/.local/lib/python3.7/site-packages/airflow/example_dags/example_branch_datetime_operator.py took 0.121 seconds
[2023-09-06T04:36:30.508+0000] {processor.py:153} INFO - Started process (PID=255) to work on /home/airflow/.local/lib/python3.7/site-packages/airflow/example_dags/example_branch_datetime_operator.py
[2023-09-06T04:36:30.510+0000] {processor.py:743} INFO - Processing file /home/airflow/.local/lib/python3.7/site-packages/airflow/example_dags/example_branch_datetime_operator.py for tasks to queue
[2023-09-06T04:36:30.512+0000] {logging_mixin.py:137} INFO - [2023-09-06T04:36:30.511+0000] {dagbag.py:538} INFO - Filling up the DagBag from /home/airflow/.local/lib/python3.7/site-packages/airflow/example_dags/example_branch_datetime_operator.py
[2023-09-06T04:36:30.551+0000] {processor.py:753} INFO - DAG(s) dict_keys(['example_branch_datetime_operator_2', 'example_branch_datetime_operator_3', 'example_branch_datetime_operator']) retrieved from /home/airflow/.local/lib/python3.7/site-packages/airflow/example_dags/example_branch_datetime_operator.py
[2023-09-06T04:36:30.662+0000] {logging_mixin.py:137} INFO - [2023-09-06T04:36:30.662+0000] {dag.py:2690} INFO - Sync 3 DAGs
[2023-09-06T04:36:30.744+0000] {logging_mixin.py:137} INFO - [2023-09-06T04:36:30.743+0000] {dag.py:3441} INFO - Setting next_dagrun for example_branch_datetime_operator to 2023-09-05T00:00:00+00:00, run_after=2023-09-06T00:00:00+00:00
[2023-09-06T04:36:30.756+0000] {logging_mixin.py:137} INFO - [2023-09-06T04:36:30.755+0000] {dag.py:3441} INFO - Setting next_dagrun for example_branch_datetime_operator_2 to 2023-09-05T00:00:00+00:00, run_after=2023-09-06T00:00:00+00:00
[2023-09-06T04:36:30.761+0000] {logging_mixin.py:137} INFO - [2023-09-06T04:36:30.760+0000] {dag.py:3441} INFO - Setting next_dagrun for example_branch_datetime_operator_3 to 2023-09-05T00:00:00+00:00, run_after=2023-09-06T00:00:00+00:00
[2023-09-06T04:36:30.795+0000] {processor.py:175} INFO - Processing /home/airflow/.local/lib/python3.7/site-packages/airflow/example_dags/example_branch_datetime_operator.py took 0.290 seconds
[2023-09-06T04:37:01.794+0000] {processor.py:153} INFO - Started process (PID=314) to work on /home/airflow/.local/lib/python3.7/site-packages/airflow/example_dags/example_branch_datetime_operator.py
[2023-09-06T04:37:01.796+0000] {processor.py:743} INFO - Processing file /home/airflow/.local/lib/python3.7/site-packages/airflow/example_dags/example_branch_datetime_operator.py for tasks to queue
[2023-09-06T04:37:01.800+0000] {logging_mixin.py:137} INFO - [2023-09-06T04:37:01.800+0000] {dagbag.py:538} INFO - Filling up the DagBag from /home/airflow/.local/lib/python3.7/site-packages/airflow/example_dags/example_branch_datetime_operator.py
[2023-09-06T04:37:01.862+0000] {processor.py:753} INFO - DAG(s) dict_keys(['example_branch_datetime_operator_3', 'example_branch_datetime_operator_2', 'example_branch_datetime_operator']) retrieved from /home/airflow/.local/lib/python3.7/site-packages/airflow/example_dags/example_branch_datetime_operator.py
[2023-09-06T04:37:01.943+0000] {logging_mixin.py:137} INFO - [2023-09-06T04:37:01.943+0000] {dag.py:2690} INFO - Sync 3 DAGs
[2023-09-06T04:37:02.015+0000] {logging_mixin.py:137} INFO - [2023-09-06T04:37:02.015+0000] {dag.py:3441} INFO - Setting next_dagrun for example_branch_datetime_operator to 2023-09-05T00:00:00+00:00, run_after=2023-09-06T00:00:00+00:00
[2023-09-06T04:37:02.033+0000] {logging_mixin.py:137} INFO - [2023-09-06T04:37:02.033+0000] {dag.py:3441} INFO - Setting next_dagrun for example_branch_datetime_operator_2 to 2023-09-05T00:00:00+00:00, run_after=2023-09-06T00:00:00+00:00
[2023-09-06T04:37:02.037+0000] {logging_mixin.py:137} INFO - [2023-09-06T04:37:02.037+0000] {dag.py:3441} INFO - Setting next_dagrun for example_branch_datetime_operator_3 to 2023-09-05T00:00:00+00:00, run_after=2023-09-06T00:00:00+00:00
[2023-09-06T04:37:02.070+0000] {processor.py:175} INFO - Processing /home/airflow/.local/lib/python3.7/site-packages/airflow/example_dags/example_branch_datetime_operator.py took 0.280 seconds
[2023-09-06T04:37:32.918+0000] {processor.py:153} INFO - Started process (PID=382) to work on /home/airflow/.local/lib/python3.7/site-packages/airflow/example_dags/example_branch_datetime_operator.py
[2023-09-06T04:37:32.933+0000] {processor.py:743} INFO - Processing file /home/airflow/.local/lib/python3.7/site-packages/airflow/example_dags/example_branch_datetime_operator.py for tasks to queue
[2023-09-06T04:37:32.935+0000] {logging_mixin.py:137} INFO - [2023-09-06T04:37:32.935+0000] {dagbag.py:538} INFO - Filling up the DagBag from /home/airflow/.local/lib/python3.7/site-packages/airflow/example_dags/example_branch_datetime_operator.py
[2023-09-06T04:37:32.989+0000] {processor.py:753} INFO - DAG(s) dict_keys(['example_branch_datetime_operator_2', 'example_branch_datetime_operator', 'example_branch_datetime_operator_3']) retrieved from /home/airflow/.local/lib/python3.7/site-packages/airflow/example_dags/example_branch_datetime_operator.py
[2023-09-06T04:37:33.059+0000] {logging_mixin.py:137} INFO - [2023-09-06T04:37:33.059+0000] {dag.py:2690} INFO - Sync 3 DAGs
[2023-09-06T04:37:33.106+0000] {logging_mixin.py:137} INFO - [2023-09-06T04:37:33.106+0000] {dag.py:3441} INFO - Setting next_dagrun for example_branch_datetime_operator to 2023-09-05T00:00:00+00:00, run_after=2023-09-06T00:00:00+00:00
[2023-09-06T04:37:33.126+0000] {logging_mixin.py:137} INFO - [2023-09-06T04:37:33.125+0000] {dag.py:3441} INFO - Setting next_dagrun for example_branch_datetime_operator_2 to 2023-09-05T00:00:00+00:00, run_after=2023-09-06T00:00:00+00:00
[2023-09-06T04:37:33.129+0000] {logging_mixin.py:137} INFO - [2023-09-06T04:37:33.129+0000] {dag.py:3441} INFO - Setting next_dagrun for example_branch_datetime_operator_3 to 2023-09-05T00:00:00+00:00, run_after=2023-09-06T00:00:00+00:00
[2023-09-06T04:37:33.187+0000] {processor.py:175} INFO - Processing /home/airflow/.local/lib/python3.7/site-packages/airflow/example_dags/example_branch_datetime_operator.py took 0.275 seconds
[2023-09-06T04:38:03.958+0000] {processor.py:153} INFO - Started process (PID=442) to work on /home/airflow/.local/lib/python3.7/site-packages/airflow/example_dags/example_branch_datetime_operator.py
[2023-09-06T04:38:03.960+0000] {processor.py:743} INFO - Processing file /home/airflow/.local/lib/python3.7/site-packages/airflow/example_dags/example_branch_datetime_operator.py for tasks to queue
[2023-09-06T04:38:03.962+0000] {logging_mixin.py:137} INFO - [2023-09-06T04:38:03.961+0000] {dagbag.py:538} INFO - Filling up the DagBag from /home/airflow/.local/lib/python3.7/site-packages/airflow/example_dags/example_branch_datetime_operator.py
[2023-09-06T04:38:03.991+0000] {processor.py:753} INFO - DAG(s) dict_keys(['example_branch_datetime_operator_2', 'example_branch_datetime_operator_3', 'example_branch_datetime_operator']) retrieved from /home/airflow/.local/lib/python3.7/site-packages/airflow/example_dags/example_branch_datetime_operator.py
[2023-09-06T04:38:04.064+0000] {logging_mixin.py:137} INFO - [2023-09-06T04:38:04.064+0000] {dag.py:2690} INFO - Sync 3 DAGs
[2023-09-06T04:38:04.147+0000] {logging_mixin.py:137} INFO - [2023-09-06T04:38:04.147+0000] {dag.py:3441} INFO - Setting next_dagrun for example_branch_datetime_operator to 2023-09-05T00:00:00+00:00, run_after=2023-09-06T00:00:00+00:00
[2023-09-06T04:38:04.160+0000] {logging_mixin.py:137} INFO - [2023-09-06T04:38:04.159+0000] {dag.py:3441} INFO - Setting next_dagrun for example_branch_datetime_operator_2 to 2023-09-05T00:00:00+00:00, run_after=2023-09-06T00:00:00+00:00
[2023-09-06T04:38:04.165+0000] {logging_mixin.py:137} INFO - [2023-09-06T04:38:04.165+0000] {dag.py:3441} INFO - Setting next_dagrun for example_branch_datetime_operator_3 to 2023-09-05T00:00:00+00:00, run_after=2023-09-06T00:00:00+00:00
[2023-09-06T04:38:04.203+0000] {processor.py:175} INFO - Processing /home/airflow/.local/lib/python3.7/site-packages/airflow/example_dags/example_branch_datetime_operator.py took 0.253 seconds
[2023-09-06T04:38:35.740+0000] {processor.py:153} INFO - Started process (PID=501) to work on /home/airflow/.local/lib/python3.7/site-packages/airflow/example_dags/example_branch_datetime_operator.py
[2023-09-06T04:38:35.746+0000] {processor.py:743} INFO - Processing file /home/airflow/.local/lib/python3.7/site-packages/airflow/example_dags/example_branch_datetime_operator.py for tasks to queue
[2023-09-06T04:38:35.747+0000] {logging_mixin.py:137} INFO - [2023-09-06T04:38:35.747+0000] {dagbag.py:538} INFO - Filling up the DagBag from /home/airflow/.local/lib/python3.7/site-packages/airflow/example_dags/example_branch_datetime_operator.py
[2023-09-06T04:38:35.832+0000] {processor.py:753} INFO - DAG(s) dict_keys(['example_branch_datetime_operator_3', 'example_branch_datetime_operator', 'example_branch_datetime_operator_2']) retrieved from /home/airflow/.local/lib/python3.7/site-packages/airflow/example_dags/example_branch_datetime_operator.py
[2023-09-06T04:38:36.036+0000] {logging_mixin.py:137} INFO - [2023-09-06T04:38:36.036+0000] {dag.py:2690} INFO - Sync 3 DAGs
[2023-09-06T04:38:36.163+0000] {logging_mixin.py:137} INFO - [2023-09-06T04:38:36.163+0000] {dag.py:3441} INFO - Setting next_dagrun for example_branch_datetime_operator to 2023-09-05T00:00:00+00:00, run_after=2023-09-06T00:00:00+00:00
[2023-09-06T04:38:36.227+0000] {logging_mixin.py:137} INFO - [2023-09-06T04:38:36.227+0000] {dag.py:3441} INFO - Setting next_dagrun for example_branch_datetime_operator_2 to 2023-09-05T00:00:00+00:00, run_after=2023-09-06T00:00:00+00:00
[2023-09-06T04:38:36.243+0000] {logging_mixin.py:137} INFO - [2023-09-06T04:38:36.242+0000] {dag.py:3441} INFO - Setting next_dagrun for example_branch_datetime_operator_3 to 2023-09-05T00:00:00+00:00, run_after=2023-09-06T00:00:00+00:00
[2023-09-06T04:38:36.342+0000] {processor.py:175} INFO - Processing /home/airflow/.local/lib/python3.7/site-packages/airflow/example_dags/example_branch_datetime_operator.py took 0.607 seconds
[2023-09-06T04:39:06.730+0000] {processor.py:153} INFO - Started process (PID=560) to work on /home/airflow/.local/lib/python3.7/site-packages/airflow/example_dags/example_branch_datetime_operator.py
[2023-09-06T04:39:06.734+0000] {processor.py:743} INFO - Processing file /home/airflow/.local/lib/python3.7/site-packages/airflow/example_dags/example_branch_datetime_operator.py for tasks to queue
[2023-09-06T04:39:06.745+0000] {logging_mixin.py:137} INFO - [2023-09-06T04:39:06.745+0000] {dagbag.py:538} INFO - Filling up the DagBag from /home/airflow/.local/lib/python3.7/site-packages/airflow/example_dags/example_branch_datetime_operator.py
[2023-09-06T04:39:06.788+0000] {processor.py:753} INFO - DAG(s) dict_keys(['example_branch_datetime_operator', 'example_branch_datetime_operator_2', 'example_branch_datetime_operator_3']) retrieved from /home/airflow/.local/lib/python3.7/site-packages/airflow/example_dags/example_branch_datetime_operator.py
[2023-09-06T04:39:06.834+0000] {logging_mixin.py:137} INFO - [2023-09-06T04:39:06.833+0000] {dag.py:2690} INFO - Sync 3 DAGs
[2023-09-06T04:39:06.892+0000] {logging_mixin.py:137} INFO - [2023-09-06T04:39:06.892+0000] {dag.py:3441} INFO - Setting next_dagrun for example_branch_datetime_operator to 2023-09-05T00:00:00+00:00, run_after=2023-09-06T00:00:00+00:00
[2023-09-06T04:39:06.907+0000] {logging_mixin.py:137} INFO - [2023-09-06T04:39:06.906+0000] {dag.py:3441} INFO - Setting next_dagrun for example_branch_datetime_operator_2 to 2023-09-05T00:00:00+00:00, run_after=2023-09-06T00:00:00+00:00
[2023-09-06T04:39:06.912+0000] {logging_mixin.py:137} INFO - [2023-09-06T04:39:06.912+0000] {dag.py:3441} INFO - Setting next_dagrun for example_branch_datetime_operator_3 to 2023-09-05T00:00:00+00:00, run_after=2023-09-06T00:00:00+00:00
[2023-09-06T04:39:06.969+0000] {processor.py:175} INFO - Processing /home/airflow/.local/lib/python3.7/site-packages/airflow/example_dags/example_branch_datetime_operator.py took 0.244 seconds
[2023-09-06T04:39:37.162+0000] {processor.py:153} INFO - Started process (PID=630) to work on /home/airflow/.local/lib/python3.7/site-packages/airflow/example_dags/example_branch_datetime_operator.py
[2023-09-06T04:39:37.163+0000] {processor.py:743} INFO - Processing file /home/airflow/.local/lib/python3.7/site-packages/airflow/example_dags/example_branch_datetime_operator.py for tasks to queue
[2023-09-06T04:39:37.165+0000] {logging_mixin.py:137} INFO - [2023-09-06T04:39:37.164+0000] {dagbag.py:538} INFO - Filling up the DagBag from /home/airflow/.local/lib/python3.7/site-packages/airflow/example_dags/example_branch_datetime_operator.py
[2023-09-06T04:39:37.232+0000] {processor.py:753} INFO - DAG(s) dict_keys(['example_branch_datetime_operator_2', 'example_branch_datetime_operator', 'example_branch_datetime_operator_3']) retrieved from /home/airflow/.local/lib/python3.7/site-packages/airflow/example_dags/example_branch_datetime_operator.py
[2023-09-06T04:39:37.345+0000] {logging_mixin.py:137} INFO - [2023-09-06T04:39:37.345+0000] {dag.py:2690} INFO - Sync 3 DAGs
[2023-09-06T04:39:37.416+0000] {logging_mixin.py:137} INFO - [2023-09-06T04:39:37.416+0000] {dag.py:3441} INFO - Setting next_dagrun for example_branch_datetime_operator to 2023-09-05T00:00:00+00:00, run_after=2023-09-06T00:00:00+00:00
[2023-09-06T04:39:37.427+0000] {logging_mixin.py:137} INFO - [2023-09-06T04:39:37.427+0000] {dag.py:3441} INFO - Setting next_dagrun for example_branch_datetime_operator_2 to 2023-09-05T00:00:00+00:00, run_after=2023-09-06T00:00:00+00:00
[2023-09-06T04:39:37.432+0000] {logging_mixin.py:137} INFO - [2023-09-06T04:39:37.432+0000] {dag.py:3441} INFO - Setting next_dagrun for example_branch_datetime_operator_3 to 2023-09-05T00:00:00+00:00, run_after=2023-09-06T00:00:00+00:00
[2023-09-06T04:39:37.496+0000] {processor.py:175} INFO - Processing /home/airflow/.local/lib/python3.7/site-packages/airflow/example_dags/example_branch_datetime_operator.py took 0.338 seconds
[2023-09-06T04:40:08.168+0000] {processor.py:153} INFO - Started process (PID=689) to work on /home/airflow/.local/lib/python3.7/site-packages/airflow/example_dags/example_branch_datetime_operator.py
[2023-09-06T04:40:08.172+0000] {processor.py:743} INFO - Processing file /home/airflow/.local/lib/python3.7/site-packages/airflow/example_dags/example_branch_datetime_operator.py for tasks to queue
[2023-09-06T04:40:08.174+0000] {logging_mixin.py:137} INFO - [2023-09-06T04:40:08.173+0000] {dagbag.py:538} INFO - Filling up the DagBag from /home/airflow/.local/lib/python3.7/site-packages/airflow/example_dags/example_branch_datetime_operator.py
[2023-09-06T04:40:08.236+0000] {processor.py:753} INFO - DAG(s) dict_keys(['example_branch_datetime_operator_3', 'example_branch_datetime_operator', 'example_branch_datetime_operator_2']) retrieved from /home/airflow/.local/lib/python3.7/site-packages/airflow/example_dags/example_branch_datetime_operator.py
[2023-09-06T04:40:08.322+0000] {logging_mixin.py:137} INFO - [2023-09-06T04:40:08.322+0000] {dag.py:2690} INFO - Sync 3 DAGs
[2023-09-06T04:40:08.388+0000] {logging_mixin.py:137} INFO - [2023-09-06T04:40:08.387+0000] {dag.py:3441} INFO - Setting next_dagrun for example_branch_datetime_operator to 2023-09-05T00:00:00+00:00, run_after=2023-09-06T00:00:00+00:00
[2023-09-06T04:40:08.401+0000] {logging_mixin.py:137} INFO - [2023-09-06T04:40:08.401+0000] {dag.py:3441} INFO - Setting next_dagrun for example_branch_datetime_operator_2 to 2023-09-05T00:00:00+00:00, run_after=2023-09-06T00:00:00+00:00
[2023-09-06T04:40:08.408+0000] {logging_mixin.py:137} INFO - [2023-09-06T04:40:08.408+0000] {dag.py:3441} INFO - Setting next_dagrun for example_branch_datetime_operator_3 to 2023-09-05T00:00:00+00:00, run_after=2023-09-06T00:00:00+00:00
[2023-09-06T04:40:08.450+0000] {processor.py:175} INFO - Processing /home/airflow/.local/lib/python3.7/site-packages/airflow/example_dags/example_branch_datetime_operator.py took 0.286 seconds
[2023-09-06T04:40:38.905+0000] {processor.py:153} INFO - Started process (PID=748) to work on /home/airflow/.local/lib/python3.7/site-packages/airflow/example_dags/example_branch_datetime_operator.py
[2023-09-06T04:40:38.907+0000] {processor.py:743} INFO - Processing file /home/airflow/.local/lib/python3.7/site-packages/airflow/example_dags/example_branch_datetime_operator.py for tasks to queue
[2023-09-06T04:40:38.909+0000] {logging_mixin.py:137} INFO - [2023-09-06T04:40:38.909+0000] {dagbag.py:538} INFO - Filling up the DagBag from /home/airflow/.local/lib/python3.7/site-packages/airflow/example_dags/example_branch_datetime_operator.py
[2023-09-06T04:40:38.936+0000] {processor.py:753} INFO - DAG(s) dict_keys(['example_branch_datetime_operator', 'example_branch_datetime_operator_2', 'example_branch_datetime_operator_3']) retrieved from /home/airflow/.local/lib/python3.7/site-packages/airflow/example_dags/example_branch_datetime_operator.py
[2023-09-06T04:40:39.056+0000] {logging_mixin.py:137} INFO - [2023-09-06T04:40:39.055+0000] {dag.py:2690} INFO - Sync 3 DAGs
[2023-09-06T04:40:39.164+0000] {logging_mixin.py:137} INFO - [2023-09-06T04:40:39.163+0000] {dag.py:3441} INFO - Setting next_dagrun for example_branch_datetime_operator to 2023-09-05T00:00:00+00:00, run_after=2023-09-06T00:00:00+00:00
[2023-09-06T04:40:39.174+0000] {logging_mixin.py:137} INFO - [2023-09-06T04:40:39.174+0000] {dag.py:3441} INFO - Setting next_dagrun for example_branch_datetime_operator_2 to 2023-09-05T00:00:00+00:00, run_after=2023-09-06T00:00:00+00:00
[2023-09-06T04:40:39.189+0000] {logging_mixin.py:137} INFO - [2023-09-06T04:40:39.188+0000] {dag.py:3441} INFO - Setting next_dagrun for example_branch_datetime_operator_3 to 2023-09-05T00:00:00+00:00, run_after=2023-09-06T00:00:00+00:00
[2023-09-06T04:40:39.275+0000] {processor.py:175} INFO - Processing /home/airflow/.local/lib/python3.7/site-packages/airflow/example_dags/example_branch_datetime_operator.py took 0.374 seconds
[2023-09-06T04:41:10.180+0000] {processor.py:153} INFO - Started process (PID=818) to work on /home/airflow/.local/lib/python3.7/site-packages/airflow/example_dags/example_branch_datetime_operator.py
[2023-09-06T04:41:10.182+0000] {processor.py:743} INFO - Processing file /home/airflow/.local/lib/python3.7/site-packages/airflow/example_dags/example_branch_datetime_operator.py for tasks to queue
[2023-09-06T04:41:10.195+0000] {logging_mixin.py:137} INFO - [2023-09-06T04:41:10.194+0000] {dagbag.py:538} INFO - Filling up the DagBag from /home/airflow/.local/lib/python3.7/site-packages/airflow/example_dags/example_branch_datetime_operator.py
[2023-09-06T04:41:10.231+0000] {processor.py:753} INFO - DAG(s) dict_keys(['example_branch_datetime_operator_2', 'example_branch_datetime_operator_3', 'example_branch_datetime_operator']) retrieved from /home/airflow/.local/lib/python3.7/site-packages/airflow/example_dags/example_branch_datetime_operator.py
[2023-09-06T04:41:10.315+0000] {logging_mixin.py:137} INFO - [2023-09-06T04:41:10.314+0000] {dag.py:2690} INFO - Sync 3 DAGs
[2023-09-06T04:41:10.384+0000] {logging_mixin.py:137} INFO - [2023-09-06T04:41:10.384+0000] {dag.py:3441} INFO - Setting next_dagrun for example_branch_datetime_operator to 2023-09-05T00:00:00+00:00, run_after=2023-09-06T00:00:00+00:00
[2023-09-06T04:41:10.391+0000] {logging_mixin.py:137} INFO - [2023-09-06T04:41:10.391+0000] {dag.py:3441} INFO - Setting next_dagrun for example_branch_datetime_operator_2 to 2023-09-05T00:00:00+00:00, run_after=2023-09-06T00:00:00+00:00
[2023-09-06T04:41:10.398+0000] {logging_mixin.py:137} INFO - [2023-09-06T04:41:10.398+0000] {dag.py:3441} INFO - Setting next_dagrun for example_branch_datetime_operator_3 to 2023-09-05T00:00:00+00:00, run_after=2023-09-06T00:00:00+00:00
[2023-09-06T04:41:10.436+0000] {processor.py:175} INFO - Processing /home/airflow/.local/lib/python3.7/site-packages/airflow/example_dags/example_branch_datetime_operator.py took 0.261 seconds
[2023-09-06T04:41:40.824+0000] {processor.py:153} INFO - Started process (PID=877) to work on /home/airflow/.local/lib/python3.7/site-packages/airflow/example_dags/example_branch_datetime_operator.py
[2023-09-06T04:41:40.825+0000] {processor.py:743} INFO - Processing file /home/airflow/.local/lib/python3.7/site-packages/airflow/example_dags/example_branch_datetime_operator.py for tasks to queue
[2023-09-06T04:41:40.827+0000] {logging_mixin.py:137} INFO - [2023-09-06T04:41:40.827+0000] {dagbag.py:538} INFO - Filling up the DagBag from /home/airflow/.local/lib/python3.7/site-packages/airflow/example_dags/example_branch_datetime_operator.py
[2023-09-06T04:41:40.855+0000] {processor.py:753} INFO - DAG(s) dict_keys(['example_branch_datetime_operator_2', 'example_branch_datetime_operator', 'example_branch_datetime_operator_3']) retrieved from /home/airflow/.local/lib/python3.7/site-packages/airflow/example_dags/example_branch_datetime_operator.py
[2023-09-06T04:41:40.900+0000] {logging_mixin.py:137} INFO - [2023-09-06T04:41:40.900+0000] {dag.py:2690} INFO - Sync 3 DAGs
[2023-09-06T04:41:40.933+0000] {logging_mixin.py:137} INFO - [2023-09-06T04:41:40.933+0000] {dag.py:3441} INFO - Setting next_dagrun for example_branch_datetime_operator to 2023-09-05T00:00:00+00:00, run_after=2023-09-06T00:00:00+00:00
[2023-09-06T04:41:40.939+0000] {logging_mixin.py:137} INFO - [2023-09-06T04:41:40.939+0000] {dag.py:3441} INFO - Setting next_dagrun for example_branch_datetime_operator_2 to 2023-09-05T00:00:00+00:00, run_after=2023-09-06T00:00:00+00:00
[2023-09-06T04:41:40.943+0000] {logging_mixin.py:137} INFO - [2023-09-06T04:41:40.942+0000] {dag.py:3441} INFO - Setting next_dagrun for example_branch_datetime_operator_3 to 2023-09-05T00:00:00+00:00, run_after=2023-09-06T00:00:00+00:00
[2023-09-06T04:41:40.963+0000] {processor.py:175} INFO - Processing /home/airflow/.local/lib/python3.7/site-packages/airflow/example_dags/example_branch_datetime_operator.py took 0.143 seconds
[2023-09-06T04:42:11.788+0000] {processor.py:153} INFO - Started process (PID=946) to work on /home/airflow/.local/lib/python3.7/site-packages/airflow/example_dags/example_branch_datetime_operator.py
[2023-09-06T04:42:11.790+0000] {processor.py:743} INFO - Processing file /home/airflow/.local/lib/python3.7/site-packages/airflow/example_dags/example_branch_datetime_operator.py for tasks to queue
[2023-09-06T04:42:11.792+0000] {logging_mixin.py:137} INFO - [2023-09-06T04:42:11.791+0000] {dagbag.py:538} INFO - Filling up the DagBag from /home/airflow/.local/lib/python3.7/site-packages/airflow/example_dags/example_branch_datetime_operator.py
[2023-09-06T04:42:11.838+0000] {processor.py:753} INFO - DAG(s) dict_keys(['example_branch_datetime_operator_2', 'example_branch_datetime_operator_3', 'example_branch_datetime_operator']) retrieved from /home/airflow/.local/lib/python3.7/site-packages/airflow/example_dags/example_branch_datetime_operator.py
[2023-09-06T04:42:11.942+0000] {logging_mixin.py:137} INFO - [2023-09-06T04:42:11.942+0000] {dag.py:2690} INFO - Sync 3 DAGs
[2023-09-06T04:42:12.004+0000] {logging_mixin.py:137} INFO - [2023-09-06T04:42:12.004+0000] {dag.py:3441} INFO - Setting next_dagrun for example_branch_datetime_operator to 2023-09-05T00:00:00+00:00, run_after=2023-09-06T00:00:00+00:00
[2023-09-06T04:42:12.011+0000] {logging_mixin.py:137} INFO - [2023-09-06T04:42:12.011+0000] {dag.py:3441} INFO - Setting next_dagrun for example_branch_datetime_operator_2 to 2023-09-05T00:00:00+00:00, run_after=2023-09-06T00:00:00+00:00
[2023-09-06T04:42:12.016+0000] {logging_mixin.py:137} INFO - [2023-09-06T04:42:12.016+0000] {dag.py:3441} INFO - Setting next_dagrun for example_branch_datetime_operator_3 to 2023-09-05T00:00:00+00:00, run_after=2023-09-06T00:00:00+00:00
[2023-09-06T04:42:12.046+0000] {processor.py:175} INFO - Processing /home/airflow/.local/lib/python3.7/site-packages/airflow/example_dags/example_branch_datetime_operator.py took 0.260 seconds
[2023-09-06T04:42:42.745+0000] {processor.py:153} INFO - Started process (PID=1008) to work on /home/airflow/.local/lib/python3.7/site-packages/airflow/example_dags/example_branch_datetime_operator.py
[2023-09-06T04:42:42.757+0000] {processor.py:743} INFO - Processing file /home/airflow/.local/lib/python3.7/site-packages/airflow/example_dags/example_branch_datetime_operator.py for tasks to queue
[2023-09-06T04:42:42.759+0000] {logging_mixin.py:137} INFO - [2023-09-06T04:42:42.758+0000] {dagbag.py:538} INFO - Filling up the DagBag from /home/airflow/.local/lib/python3.7/site-packages/airflow/example_dags/example_branch_datetime_operator.py
[2023-09-06T04:42:42.838+0000] {processor.py:753} INFO - DAG(s) dict_keys(['example_branch_datetime_operator_3', 'example_branch_datetime_operator', 'example_branch_datetime_operator_2']) retrieved from /home/airflow/.local/lib/python3.7/site-packages/airflow/example_dags/example_branch_datetime_operator.py
[2023-09-06T04:42:43.039+0000] {logging_mixin.py:137} INFO - [2023-09-06T04:42:43.039+0000] {dag.py:2690} INFO - Sync 3 DAGs
[2023-09-06T04:42:43.157+0000] {logging_mixin.py:137} INFO - [2023-09-06T04:42:43.157+0000] {dag.py:3441} INFO - Setting next_dagrun for example_branch_datetime_operator to 2023-09-05T00:00:00+00:00, run_after=2023-09-06T00:00:00+00:00
[2023-09-06T04:42:43.176+0000] {logging_mixin.py:137} INFO - [2023-09-06T04:42:43.175+0000] {dag.py:3441} INFO - Setting next_dagrun for example_branch_datetime_operator_2 to 2023-09-05T00:00:00+00:00, run_after=2023-09-06T00:00:00+00:00
[2023-09-06T04:42:43.197+0000] {logging_mixin.py:137} INFO - [2023-09-06T04:42:43.197+0000] {dag.py:3441} INFO - Setting next_dagrun for example_branch_datetime_operator_3 to 2023-09-05T00:00:00+00:00, run_after=2023-09-06T00:00:00+00:00
[2023-09-06T04:42:43.282+0000] {processor.py:175} INFO - Processing /home/airflow/.local/lib/python3.7/site-packages/airflow/example_dags/example_branch_datetime_operator.py took 0.541 seconds
