[2023-09-06T04:26:32.292+0000] {processor.py:153} INFO - Started process (PID=103) to work on /home/airflow/.local/lib/python3.7/site-packages/airflow/example_dags/example_trigger_controller_dag.py
[2023-09-06T04:26:32.314+0000] {processor.py:743} INFO - Processing file /home/airflow/.local/lib/python3.7/site-packages/airflow/example_dags/example_trigger_controller_dag.py for tasks to queue
[2023-09-06T04:26:32.319+0000] {logging_mixin.py:137} INFO - [2023-09-06T04:26:32.319+0000] {dagbag.py:538} INFO - Filling up the DagBag from /home/airflow/.local/lib/python3.7/site-packages/airflow/example_dags/example_trigger_controller_dag.py
[2023-09-06T04:26:32.495+0000] {processor.py:753} INFO - DAG(s) dict_keys(['example_trigger_controller_dag']) retrieved from /home/airflow/.local/lib/python3.7/site-packages/airflow/example_dags/example_trigger_controller_dag.py
[2023-09-06T04:26:32.574+0000] {logging_mixin.py:137} INFO - [2023-09-06T04:26:32.573+0000] {dag.py:2690} INFO - Sync 1 DAGs
[2023-09-06T04:26:32.750+0000] {logging_mixin.py:137} INFO - [2023-09-06T04:26:32.748+0000] {dag.py:3441} INFO - Setting next_dagrun for example_trigger_controller_dag to 2021-01-01T00:00:00+00:00, run_after=2021-01-01T00:00:00+00:00
[2023-09-06T04:26:32.855+0000] {processor.py:175} INFO - Processing /home/airflow/.local/lib/python3.7/site-packages/airflow/example_dags/example_trigger_controller_dag.py took 0.568 seconds
[2023-09-06T04:27:03.342+0000] {processor.py:153} INFO - Started process (PID=162) to work on /home/airflow/.local/lib/python3.7/site-packages/airflow/example_dags/example_trigger_controller_dag.py
[2023-09-06T04:27:03.343+0000] {processor.py:743} INFO - Processing file /home/airflow/.local/lib/python3.7/site-packages/airflow/example_dags/example_trigger_controller_dag.py for tasks to queue
[2023-09-06T04:27:03.344+0000] {logging_mixin.py:137} INFO - [2023-09-06T04:27:03.344+0000] {dagbag.py:538} INFO - Filling up the DagBag from /home/airflow/.local/lib/python3.7/site-packages/airflow/example_dags/example_trigger_controller_dag.py
[2023-09-06T04:27:03.360+0000] {processor.py:753} INFO - DAG(s) dict_keys(['example_trigger_controller_dag']) retrieved from /home/airflow/.local/lib/python3.7/site-packages/airflow/example_dags/example_trigger_controller_dag.py
[2023-09-06T04:27:03.392+0000] {logging_mixin.py:137} INFO - [2023-09-06T04:27:03.392+0000] {dag.py:2690} INFO - Sync 1 DAGs
[2023-09-06T04:27:03.431+0000] {logging_mixin.py:137} INFO - [2023-09-06T04:27:03.431+0000] {dag.py:3441} INFO - Setting next_dagrun for example_trigger_controller_dag to 2021-01-01T00:00:00+00:00, run_after=2021-01-01T00:00:00+00:00
[2023-09-06T04:27:03.467+0000] {processor.py:175} INFO - Processing /home/airflow/.local/lib/python3.7/site-packages/airflow/example_dags/example_trigger_controller_dag.py took 0.129 seconds
[2023-09-06T04:27:33.836+0000] {processor.py:153} INFO - Started process (PID=221) to work on /home/airflow/.local/lib/python3.7/site-packages/airflow/example_dags/example_trigger_controller_dag.py
[2023-09-06T04:27:33.844+0000] {processor.py:743} INFO - Processing file /home/airflow/.local/lib/python3.7/site-packages/airflow/example_dags/example_trigger_controller_dag.py for tasks to queue
[2023-09-06T04:27:33.845+0000] {logging_mixin.py:137} INFO - [2023-09-06T04:27:33.845+0000] {dagbag.py:538} INFO - Filling up the DagBag from /home/airflow/.local/lib/python3.7/site-packages/airflow/example_dags/example_trigger_controller_dag.py
[2023-09-06T04:27:33.877+0000] {processor.py:753} INFO - DAG(s) dict_keys(['example_trigger_controller_dag']) retrieved from /home/airflow/.local/lib/python3.7/site-packages/airflow/example_dags/example_trigger_controller_dag.py
[2023-09-06T04:27:33.931+0000] {logging_mixin.py:137} INFO - [2023-09-06T04:27:33.931+0000] {dag.py:2690} INFO - Sync 1 DAGs
[2023-09-06T04:27:33.964+0000] {logging_mixin.py:137} INFO - [2023-09-06T04:27:33.964+0000] {dag.py:3441} INFO - Setting next_dagrun for example_trigger_controller_dag to 2021-01-01T00:00:00+00:00, run_after=2021-01-01T00:00:00+00:00
[2023-09-06T04:27:33.990+0000] {processor.py:175} INFO - Processing /home/airflow/.local/lib/python3.7/site-packages/airflow/example_dags/example_trigger_controller_dag.py took 0.159 seconds
[2023-09-06T04:28:04.645+0000] {processor.py:153} INFO - Started process (PID=291) to work on /home/airflow/.local/lib/python3.7/site-packages/airflow/example_dags/example_trigger_controller_dag.py
[2023-09-06T04:28:04.647+0000] {processor.py:743} INFO - Processing file /home/airflow/.local/lib/python3.7/site-packages/airflow/example_dags/example_trigger_controller_dag.py for tasks to queue
[2023-09-06T04:28:04.648+0000] {logging_mixin.py:137} INFO - [2023-09-06T04:28:04.648+0000] {dagbag.py:538} INFO - Filling up the DagBag from /home/airflow/.local/lib/python3.7/site-packages/airflow/example_dags/example_trigger_controller_dag.py
[2023-09-06T04:28:04.663+0000] {processor.py:753} INFO - DAG(s) dict_keys(['example_trigger_controller_dag']) retrieved from /home/airflow/.local/lib/python3.7/site-packages/airflow/example_dags/example_trigger_controller_dag.py
[2023-09-06T04:28:04.701+0000] {logging_mixin.py:137} INFO - [2023-09-06T04:28:04.701+0000] {dag.py:2690} INFO - Sync 1 DAGs
[2023-09-06T04:28:04.738+0000] {logging_mixin.py:137} INFO - [2023-09-06T04:28:04.738+0000] {dag.py:3441} INFO - Setting next_dagrun for example_trigger_controller_dag to 2021-01-01T00:00:00+00:00, run_after=2021-01-01T00:00:00+00:00
[2023-09-06T04:28:04.780+0000] {processor.py:175} INFO - Processing /home/airflow/.local/lib/python3.7/site-packages/airflow/example_dags/example_trigger_controller_dag.py took 0.139 seconds
[2023-09-06T04:29:16.868+0000] {processor.py:153} INFO - Started process (PID=82) to work on /home/airflow/.local/lib/python3.7/site-packages/airflow/example_dags/example_trigger_controller_dag.py
[2023-09-06T04:29:16.884+0000] {processor.py:743} INFO - Processing file /home/airflow/.local/lib/python3.7/site-packages/airflow/example_dags/example_trigger_controller_dag.py for tasks to queue
[2023-09-06T04:29:16.886+0000] {logging_mixin.py:137} INFO - [2023-09-06T04:29:16.886+0000] {dagbag.py:538} INFO - Filling up the DagBag from /home/airflow/.local/lib/python3.7/site-packages/airflow/example_dags/example_trigger_controller_dag.py
[2023-09-06T04:29:16.910+0000] {processor.py:753} INFO - DAG(s) dict_keys(['example_trigger_controller_dag']) retrieved from /home/airflow/.local/lib/python3.7/site-packages/airflow/example_dags/example_trigger_controller_dag.py
[2023-09-06T04:29:17.004+0000] {logging_mixin.py:137} INFO - [2023-09-06T04:29:17.004+0000] {dag.py:2690} INFO - Sync 1 DAGs
[2023-09-06T04:29:17.136+0000] {logging_mixin.py:137} INFO - [2023-09-06T04:29:17.135+0000] {dag.py:3441} INFO - Setting next_dagrun for example_trigger_controller_dag to 2021-01-01T00:00:00+00:00, run_after=2021-01-01T00:00:00+00:00
[2023-09-06T04:29:17.235+0000] {processor.py:175} INFO - Processing /home/airflow/.local/lib/python3.7/site-packages/airflow/example_dags/example_trigger_controller_dag.py took 0.372 seconds
[2023-09-06T04:29:47.791+0000] {processor.py:153} INFO - Started process (PID=140) to work on /home/airflow/.local/lib/python3.7/site-packages/airflow/example_dags/example_trigger_controller_dag.py
[2023-09-06T04:29:47.795+0000] {processor.py:743} INFO - Processing file /home/airflow/.local/lib/python3.7/site-packages/airflow/example_dags/example_trigger_controller_dag.py for tasks to queue
[2023-09-06T04:29:47.805+0000] {logging_mixin.py:137} INFO - [2023-09-06T04:29:47.805+0000] {dagbag.py:538} INFO - Filling up the DagBag from /home/airflow/.local/lib/python3.7/site-packages/airflow/example_dags/example_trigger_controller_dag.py
[2023-09-06T04:29:47.844+0000] {processor.py:753} INFO - DAG(s) dict_keys(['example_trigger_controller_dag']) retrieved from /home/airflow/.local/lib/python3.7/site-packages/airflow/example_dags/example_trigger_controller_dag.py
[2023-09-06T04:29:47.895+0000] {logging_mixin.py:137} INFO - [2023-09-06T04:29:47.895+0000] {dag.py:2690} INFO - Sync 1 DAGs
[2023-09-06T04:29:47.965+0000] {logging_mixin.py:137} INFO - [2023-09-06T04:29:47.965+0000] {dag.py:3441} INFO - Setting next_dagrun for example_trigger_controller_dag to 2021-01-01T00:00:00+00:00, run_after=2021-01-01T00:00:00+00:00
[2023-09-06T04:29:48.007+0000] {processor.py:175} INFO - Processing /home/airflow/.local/lib/python3.7/site-packages/airflow/example_dags/example_trigger_controller_dag.py took 0.220 seconds
[2023-09-06T04:30:18.191+0000] {processor.py:153} INFO - Started process (PID=209) to work on /home/airflow/.local/lib/python3.7/site-packages/airflow/example_dags/example_trigger_controller_dag.py
[2023-09-06T04:30:18.193+0000] {processor.py:743} INFO - Processing file /home/airflow/.local/lib/python3.7/site-packages/airflow/example_dags/example_trigger_controller_dag.py for tasks to queue
[2023-09-06T04:30:18.194+0000] {logging_mixin.py:137} INFO - [2023-09-06T04:30:18.194+0000] {dagbag.py:538} INFO - Filling up the DagBag from /home/airflow/.local/lib/python3.7/site-packages/airflow/example_dags/example_trigger_controller_dag.py
[2023-09-06T04:30:18.209+0000] {processor.py:753} INFO - DAG(s) dict_keys(['example_trigger_controller_dag']) retrieved from /home/airflow/.local/lib/python3.7/site-packages/airflow/example_dags/example_trigger_controller_dag.py
[2023-09-06T04:30:18.246+0000] {logging_mixin.py:137} INFO - [2023-09-06T04:30:18.246+0000] {dag.py:2690} INFO - Sync 1 DAGs
[2023-09-06T04:30:18.280+0000] {logging_mixin.py:137} INFO - [2023-09-06T04:30:18.280+0000] {dag.py:3441} INFO - Setting next_dagrun for example_trigger_controller_dag to 2021-01-01T00:00:00+00:00, run_after=2021-01-01T00:00:00+00:00
[2023-09-06T04:30:18.307+0000] {processor.py:175} INFO - Processing /home/airflow/.local/lib/python3.7/site-packages/airflow/example_dags/example_trigger_controller_dag.py took 0.122 seconds
[2023-09-06T04:30:48.811+0000] {processor.py:153} INFO - Started process (PID=269) to work on /home/airflow/.local/lib/python3.7/site-packages/airflow/example_dags/example_trigger_controller_dag.py
[2023-09-06T04:30:48.813+0000] {processor.py:743} INFO - Processing file /home/airflow/.local/lib/python3.7/site-packages/airflow/example_dags/example_trigger_controller_dag.py for tasks to queue
[2023-09-06T04:30:48.814+0000] {logging_mixin.py:137} INFO - [2023-09-06T04:30:48.814+0000] {dagbag.py:538} INFO - Filling up the DagBag from /home/airflow/.local/lib/python3.7/site-packages/airflow/example_dags/example_trigger_controller_dag.py
[2023-09-06T04:30:48.828+0000] {processor.py:753} INFO - DAG(s) dict_keys(['example_trigger_controller_dag']) retrieved from /home/airflow/.local/lib/python3.7/site-packages/airflow/example_dags/example_trigger_controller_dag.py
[2023-09-06T04:30:48.874+0000] {logging_mixin.py:137} INFO - [2023-09-06T04:30:48.873+0000] {dag.py:2690} INFO - Sync 1 DAGs
[2023-09-06T04:30:48.909+0000] {logging_mixin.py:137} INFO - [2023-09-06T04:30:48.909+0000] {dag.py:3441} INFO - Setting next_dagrun for example_trigger_controller_dag to 2021-01-01T00:00:00+00:00, run_after=2021-01-01T00:00:00+00:00
[2023-09-06T04:30:48.935+0000] {processor.py:175} INFO - Processing /home/airflow/.local/lib/python3.7/site-packages/airflow/example_dags/example_trigger_controller_dag.py took 0.128 seconds
[2023-09-06T04:31:19.577+0000] {processor.py:153} INFO - Started process (PID=334) to work on /home/airflow/.local/lib/python3.7/site-packages/airflow/example_dags/example_trigger_controller_dag.py
[2023-09-06T04:31:19.585+0000] {processor.py:743} INFO - Processing file /home/airflow/.local/lib/python3.7/site-packages/airflow/example_dags/example_trigger_controller_dag.py for tasks to queue
[2023-09-06T04:31:19.587+0000] {logging_mixin.py:137} INFO - [2023-09-06T04:31:19.587+0000] {dagbag.py:538} INFO - Filling up the DagBag from /home/airflow/.local/lib/python3.7/site-packages/airflow/example_dags/example_trigger_controller_dag.py
[2023-09-06T04:31:19.628+0000] {processor.py:753} INFO - DAG(s) dict_keys(['example_trigger_controller_dag']) retrieved from /home/airflow/.local/lib/python3.7/site-packages/airflow/example_dags/example_trigger_controller_dag.py
[2023-09-06T04:31:19.686+0000] {logging_mixin.py:137} INFO - [2023-09-06T04:31:19.686+0000] {dag.py:2690} INFO - Sync 1 DAGs
[2023-09-06T04:31:19.764+0000] {logging_mixin.py:137} INFO - [2023-09-06T04:31:19.764+0000] {dag.py:3441} INFO - Setting next_dagrun for example_trigger_controller_dag to 2021-01-01T00:00:00+00:00, run_after=2021-01-01T00:00:00+00:00
[2023-09-06T04:31:19.856+0000] {processor.py:175} INFO - Processing /home/airflow/.local/lib/python3.7/site-packages/airflow/example_dags/example_trigger_controller_dag.py took 0.283 seconds
[2023-09-06T04:31:50.135+0000] {processor.py:153} INFO - Started process (PID=396) to work on /home/airflow/.local/lib/python3.7/site-packages/airflow/example_dags/example_trigger_controller_dag.py
[2023-09-06T04:31:50.137+0000] {processor.py:743} INFO - Processing file /home/airflow/.local/lib/python3.7/site-packages/airflow/example_dags/example_trigger_controller_dag.py for tasks to queue
[2023-09-06T04:31:50.138+0000] {logging_mixin.py:137} INFO - [2023-09-06T04:31:50.137+0000] {dagbag.py:538} INFO - Filling up the DagBag from /home/airflow/.local/lib/python3.7/site-packages/airflow/example_dags/example_trigger_controller_dag.py
[2023-09-06T04:31:50.149+0000] {processor.py:753} INFO - DAG(s) dict_keys(['example_trigger_controller_dag']) retrieved from /home/airflow/.local/lib/python3.7/site-packages/airflow/example_dags/example_trigger_controller_dag.py
[2023-09-06T04:31:50.177+0000] {logging_mixin.py:137} INFO - [2023-09-06T04:31:50.176+0000] {dag.py:2690} INFO - Sync 1 DAGs
[2023-09-06T04:31:50.208+0000] {logging_mixin.py:137} INFO - [2023-09-06T04:31:50.208+0000] {dag.py:3441} INFO - Setting next_dagrun for example_trigger_controller_dag to 2021-01-01T00:00:00+00:00, run_after=2021-01-01T00:00:00+00:00
[2023-09-06T04:31:50.241+0000] {processor.py:175} INFO - Processing /home/airflow/.local/lib/python3.7/site-packages/airflow/example_dags/example_trigger_controller_dag.py took 0.110 seconds
[2023-09-06T04:32:21.069+0000] {processor.py:153} INFO - Started process (PID=456) to work on /home/airflow/.local/lib/python3.7/site-packages/airflow/example_dags/example_trigger_controller_dag.py
[2023-09-06T04:32:21.070+0000] {processor.py:743} INFO - Processing file /home/airflow/.local/lib/python3.7/site-packages/airflow/example_dags/example_trigger_controller_dag.py for tasks to queue
[2023-09-06T04:32:21.075+0000] {logging_mixin.py:137} INFO - [2023-09-06T04:32:21.075+0000] {dagbag.py:538} INFO - Filling up the DagBag from /home/airflow/.local/lib/python3.7/site-packages/airflow/example_dags/example_trigger_controller_dag.py
[2023-09-06T04:32:21.086+0000] {processor.py:753} INFO - DAG(s) dict_keys(['example_trigger_controller_dag']) retrieved from /home/airflow/.local/lib/python3.7/site-packages/airflow/example_dags/example_trigger_controller_dag.py
[2023-09-06T04:32:21.116+0000] {logging_mixin.py:137} INFO - [2023-09-06T04:32:21.115+0000] {dag.py:2690} INFO - Sync 1 DAGs
[2023-09-06T04:32:21.146+0000] {logging_mixin.py:137} INFO - [2023-09-06T04:32:21.146+0000] {dag.py:3441} INFO - Setting next_dagrun for example_trigger_controller_dag to 2021-01-01T00:00:00+00:00, run_after=2021-01-01T00:00:00+00:00
[2023-09-06T04:32:21.165+0000] {processor.py:175} INFO - Processing /home/airflow/.local/lib/python3.7/site-packages/airflow/example_dags/example_trigger_controller_dag.py took 0.100 seconds
[2023-09-06T04:32:51.713+0000] {processor.py:153} INFO - Started process (PID=525) to work on /home/airflow/.local/lib/python3.7/site-packages/airflow/example_dags/example_trigger_controller_dag.py
[2023-09-06T04:32:51.716+0000] {processor.py:743} INFO - Processing file /home/airflow/.local/lib/python3.7/site-packages/airflow/example_dags/example_trigger_controller_dag.py for tasks to queue
[2023-09-06T04:32:51.718+0000] {logging_mixin.py:137} INFO - [2023-09-06T04:32:51.717+0000] {dagbag.py:538} INFO - Filling up the DagBag from /home/airflow/.local/lib/python3.7/site-packages/airflow/example_dags/example_trigger_controller_dag.py
[2023-09-06T04:32:51.748+0000] {processor.py:753} INFO - DAG(s) dict_keys(['example_trigger_controller_dag']) retrieved from /home/airflow/.local/lib/python3.7/site-packages/airflow/example_dags/example_trigger_controller_dag.py
[2023-09-06T04:32:51.776+0000] {logging_mixin.py:137} INFO - [2023-09-06T04:32:51.776+0000] {dag.py:2690} INFO - Sync 1 DAGs
[2023-09-06T04:32:51.817+0000] {logging_mixin.py:137} INFO - [2023-09-06T04:32:51.816+0000] {dag.py:3441} INFO - Setting next_dagrun for example_trigger_controller_dag to 2021-01-01T00:00:00+00:00, run_after=2021-01-01T00:00:00+00:00
[2023-09-06T04:32:51.871+0000] {processor.py:175} INFO - Processing /home/airflow/.local/lib/python3.7/site-packages/airflow/example_dags/example_trigger_controller_dag.py took 0.162 seconds
[2023-09-06T04:33:22.098+0000] {processor.py:153} INFO - Started process (PID=586) to work on /home/airflow/.local/lib/python3.7/site-packages/airflow/example_dags/example_trigger_controller_dag.py
[2023-09-06T04:33:22.100+0000] {processor.py:743} INFO - Processing file /home/airflow/.local/lib/python3.7/site-packages/airflow/example_dags/example_trigger_controller_dag.py for tasks to queue
[2023-09-06T04:33:22.101+0000] {logging_mixin.py:137} INFO - [2023-09-06T04:33:22.100+0000] {dagbag.py:538} INFO - Filling up the DagBag from /home/airflow/.local/lib/python3.7/site-packages/airflow/example_dags/example_trigger_controller_dag.py
[2023-09-06T04:33:22.119+0000] {processor.py:753} INFO - DAG(s) dict_keys(['example_trigger_controller_dag']) retrieved from /home/airflow/.local/lib/python3.7/site-packages/airflow/example_dags/example_trigger_controller_dag.py
[2023-09-06T04:33:22.165+0000] {logging_mixin.py:137} INFO - [2023-09-06T04:33:22.165+0000] {dag.py:2690} INFO - Sync 1 DAGs
[2023-09-06T04:33:22.204+0000] {logging_mixin.py:137} INFO - [2023-09-06T04:33:22.203+0000] {dag.py:3441} INFO - Setting next_dagrun for example_trigger_controller_dag to 2021-01-01T00:00:00+00:00, run_after=2021-01-01T00:00:00+00:00
[2023-09-06T04:33:22.238+0000] {processor.py:175} INFO - Processing /home/airflow/.local/lib/python3.7/site-packages/airflow/example_dags/example_trigger_controller_dag.py took 0.145 seconds
[2023-09-06T04:33:52.371+0000] {processor.py:153} INFO - Started process (PID=645) to work on /home/airflow/.local/lib/python3.7/site-packages/airflow/example_dags/example_trigger_controller_dag.py
[2023-09-06T04:33:52.372+0000] {processor.py:743} INFO - Processing file /home/airflow/.local/lib/python3.7/site-packages/airflow/example_dags/example_trigger_controller_dag.py for tasks to queue
[2023-09-06T04:33:52.374+0000] {logging_mixin.py:137} INFO - [2023-09-06T04:33:52.373+0000] {dagbag.py:538} INFO - Filling up the DagBag from /home/airflow/.local/lib/python3.7/site-packages/airflow/example_dags/example_trigger_controller_dag.py
[2023-09-06T04:33:52.387+0000] {processor.py:753} INFO - DAG(s) dict_keys(['example_trigger_controller_dag']) retrieved from /home/airflow/.local/lib/python3.7/site-packages/airflow/example_dags/example_trigger_controller_dag.py
[2023-09-06T04:33:52.416+0000] {logging_mixin.py:137} INFO - [2023-09-06T04:33:52.416+0000] {dag.py:2690} INFO - Sync 1 DAGs
[2023-09-06T04:33:52.443+0000] {logging_mixin.py:137} INFO - [2023-09-06T04:33:52.442+0000] {dag.py:3441} INFO - Setting next_dagrun for example_trigger_controller_dag to 2021-01-01T00:00:00+00:00, run_after=2021-01-01T00:00:00+00:00
[2023-09-06T04:33:52.462+0000] {processor.py:175} INFO - Processing /home/airflow/.local/lib/python3.7/site-packages/airflow/example_dags/example_trigger_controller_dag.py took 0.095 seconds
[2023-09-06T04:34:59.551+0000] {processor.py:153} INFO - Started process (PID=70) to work on /home/airflow/.local/lib/python3.7/site-packages/airflow/example_dags/example_trigger_controller_dag.py
[2023-09-06T04:34:59.565+0000] {processor.py:743} INFO - Processing file /home/airflow/.local/lib/python3.7/site-packages/airflow/example_dags/example_trigger_controller_dag.py for tasks to queue
[2023-09-06T04:34:59.571+0000] {logging_mixin.py:137} INFO - [2023-09-06T04:34:59.571+0000] {dagbag.py:538} INFO - Filling up the DagBag from /home/airflow/.local/lib/python3.7/site-packages/airflow/example_dags/example_trigger_controller_dag.py
[2023-09-06T04:34:59.602+0000] {processor.py:753} INFO - DAG(s) dict_keys(['example_trigger_controller_dag']) retrieved from /home/airflow/.local/lib/python3.7/site-packages/airflow/example_dags/example_trigger_controller_dag.py
[2023-09-06T04:34:59.684+0000] {logging_mixin.py:137} INFO - [2023-09-06T04:34:59.684+0000] {dag.py:2690} INFO - Sync 1 DAGs
[2023-09-06T04:34:59.772+0000] {logging_mixin.py:137} INFO - [2023-09-06T04:34:59.772+0000] {dag.py:3441} INFO - Setting next_dagrun for example_trigger_controller_dag to 2021-01-01T00:00:00+00:00, run_after=2021-01-01T00:00:00+00:00
[2023-09-06T04:34:59.831+0000] {processor.py:175} INFO - Processing /home/airflow/.local/lib/python3.7/site-packages/airflow/example_dags/example_trigger_controller_dag.py took 0.284 seconds
[2023-09-06T04:35:31.019+0000] {processor.py:153} INFO - Started process (PID=136) to work on /home/airflow/.local/lib/python3.7/site-packages/airflow/example_dags/example_trigger_controller_dag.py
[2023-09-06T04:35:31.026+0000] {processor.py:743} INFO - Processing file /home/airflow/.local/lib/python3.7/site-packages/airflow/example_dags/example_trigger_controller_dag.py for tasks to queue
[2023-09-06T04:35:31.043+0000] {logging_mixin.py:137} INFO - [2023-09-06T04:35:31.043+0000] {dagbag.py:538} INFO - Filling up the DagBag from /home/airflow/.local/lib/python3.7/site-packages/airflow/example_dags/example_trigger_controller_dag.py
[2023-09-06T04:35:31.087+0000] {processor.py:753} INFO - DAG(s) dict_keys(['example_trigger_controller_dag']) retrieved from /home/airflow/.local/lib/python3.7/site-packages/airflow/example_dags/example_trigger_controller_dag.py
[2023-09-06T04:35:31.186+0000] {logging_mixin.py:137} INFO - [2023-09-06T04:35:31.186+0000] {dag.py:2690} INFO - Sync 1 DAGs
[2023-09-06T04:35:31.377+0000] {logging_mixin.py:137} INFO - [2023-09-06T04:35:31.376+0000] {dag.py:3441} INFO - Setting next_dagrun for example_trigger_controller_dag to 2021-01-01T00:00:00+00:00, run_after=2021-01-01T00:00:00+00:00
[2023-09-06T04:35:31.543+0000] {processor.py:175} INFO - Processing /home/airflow/.local/lib/python3.7/site-packages/airflow/example_dags/example_trigger_controller_dag.py took 0.530 seconds
[2023-09-06T04:36:02.178+0000] {processor.py:153} INFO - Started process (PID=199) to work on /home/airflow/.local/lib/python3.7/site-packages/airflow/example_dags/example_trigger_controller_dag.py
[2023-09-06T04:36:02.180+0000] {processor.py:743} INFO - Processing file /home/airflow/.local/lib/python3.7/site-packages/airflow/example_dags/example_trigger_controller_dag.py for tasks to queue
[2023-09-06T04:36:02.181+0000] {logging_mixin.py:137} INFO - [2023-09-06T04:36:02.181+0000] {dagbag.py:538} INFO - Filling up the DagBag from /home/airflow/.local/lib/python3.7/site-packages/airflow/example_dags/example_trigger_controller_dag.py
[2023-09-06T04:36:02.200+0000] {processor.py:753} INFO - DAG(s) dict_keys(['example_trigger_controller_dag']) retrieved from /home/airflow/.local/lib/python3.7/site-packages/airflow/example_dags/example_trigger_controller_dag.py
[2023-09-06T04:36:02.240+0000] {logging_mixin.py:137} INFO - [2023-09-06T04:36:02.239+0000] {dag.py:2690} INFO - Sync 1 DAGs
[2023-09-06T04:36:02.295+0000] {logging_mixin.py:137} INFO - [2023-09-06T04:36:02.294+0000] {dag.py:3441} INFO - Setting next_dagrun for example_trigger_controller_dag to 2021-01-01T00:00:00+00:00, run_after=2021-01-01T00:00:00+00:00
[2023-09-06T04:36:02.327+0000] {processor.py:175} INFO - Processing /home/airflow/.local/lib/python3.7/site-packages/airflow/example_dags/example_trigger_controller_dag.py took 0.154 seconds
[2023-09-06T04:36:32.987+0000] {processor.py:153} INFO - Started process (PID=259) to work on /home/airflow/.local/lib/python3.7/site-packages/airflow/example_dags/example_trigger_controller_dag.py
[2023-09-06T04:36:32.996+0000] {processor.py:743} INFO - Processing file /home/airflow/.local/lib/python3.7/site-packages/airflow/example_dags/example_trigger_controller_dag.py for tasks to queue
[2023-09-06T04:36:32.998+0000] {logging_mixin.py:137} INFO - [2023-09-06T04:36:32.998+0000] {dagbag.py:538} INFO - Filling up the DagBag from /home/airflow/.local/lib/python3.7/site-packages/airflow/example_dags/example_trigger_controller_dag.py
[2023-09-06T04:36:33.030+0000] {processor.py:753} INFO - DAG(s) dict_keys(['example_trigger_controller_dag']) retrieved from /home/airflow/.local/lib/python3.7/site-packages/airflow/example_dags/example_trigger_controller_dag.py
[2023-09-06T04:36:33.100+0000] {logging_mixin.py:137} INFO - [2023-09-06T04:36:33.099+0000] {dag.py:2690} INFO - Sync 1 DAGs
[2023-09-06T04:36:33.175+0000] {logging_mixin.py:137} INFO - [2023-09-06T04:36:33.175+0000] {dag.py:3441} INFO - Setting next_dagrun for example_trigger_controller_dag to 2021-01-01T00:00:00+00:00, run_after=2021-01-01T00:00:00+00:00
[2023-09-06T04:36:33.239+0000] {processor.py:175} INFO - Processing /home/airflow/.local/lib/python3.7/site-packages/airflow/example_dags/example_trigger_controller_dag.py took 0.258 seconds
[2023-09-06T04:37:03.571+0000] {processor.py:153} INFO - Started process (PID=318) to work on /home/airflow/.local/lib/python3.7/site-packages/airflow/example_dags/example_trigger_controller_dag.py
[2023-09-06T04:37:03.573+0000] {processor.py:743} INFO - Processing file /home/airflow/.local/lib/python3.7/site-packages/airflow/example_dags/example_trigger_controller_dag.py for tasks to queue
[2023-09-06T04:37:03.585+0000] {logging_mixin.py:137} INFO - [2023-09-06T04:37:03.585+0000] {dagbag.py:538} INFO - Filling up the DagBag from /home/airflow/.local/lib/python3.7/site-packages/airflow/example_dags/example_trigger_controller_dag.py
[2023-09-06T04:37:03.610+0000] {processor.py:753} INFO - DAG(s) dict_keys(['example_trigger_controller_dag']) retrieved from /home/airflow/.local/lib/python3.7/site-packages/airflow/example_dags/example_trigger_controller_dag.py
[2023-09-06T04:37:03.681+0000] {logging_mixin.py:137} INFO - [2023-09-06T04:37:03.680+0000] {dag.py:2690} INFO - Sync 1 DAGs
[2023-09-06T04:37:03.757+0000] {logging_mixin.py:137} INFO - [2023-09-06T04:37:03.757+0000] {dag.py:3441} INFO - Setting next_dagrun for example_trigger_controller_dag to 2021-01-01T00:00:00+00:00, run_after=2021-01-01T00:00:00+00:00
[2023-09-06T04:37:03.829+0000] {processor.py:175} INFO - Processing /home/airflow/.local/lib/python3.7/site-packages/airflow/example_dags/example_trigger_controller_dag.py took 0.268 seconds
[2023-09-06T04:37:34.561+0000] {processor.py:153} INFO - Started process (PID=387) to work on /home/airflow/.local/lib/python3.7/site-packages/airflow/example_dags/example_trigger_controller_dag.py
[2023-09-06T04:37:34.573+0000] {processor.py:743} INFO - Processing file /home/airflow/.local/lib/python3.7/site-packages/airflow/example_dags/example_trigger_controller_dag.py for tasks to queue
[2023-09-06T04:37:34.574+0000] {logging_mixin.py:137} INFO - [2023-09-06T04:37:34.574+0000] {dagbag.py:538} INFO - Filling up the DagBag from /home/airflow/.local/lib/python3.7/site-packages/airflow/example_dags/example_trigger_controller_dag.py
[2023-09-06T04:37:34.603+0000] {processor.py:753} INFO - DAG(s) dict_keys(['example_trigger_controller_dag']) retrieved from /home/airflow/.local/lib/python3.7/site-packages/airflow/example_dags/example_trigger_controller_dag.py
[2023-09-06T04:37:34.645+0000] {logging_mixin.py:137} INFO - [2023-09-06T04:37:34.645+0000] {dag.py:2690} INFO - Sync 1 DAGs
[2023-09-06T04:37:34.694+0000] {logging_mixin.py:137} INFO - [2023-09-06T04:37:34.694+0000] {dag.py:3441} INFO - Setting next_dagrun for example_trigger_controller_dag to 2021-01-01T00:00:00+00:00, run_after=2021-01-01T00:00:00+00:00
[2023-09-06T04:37:34.725+0000] {processor.py:175} INFO - Processing /home/airflow/.local/lib/python3.7/site-packages/airflow/example_dags/example_trigger_controller_dag.py took 0.167 seconds
[2023-09-06T04:38:05.445+0000] {processor.py:153} INFO - Started process (PID=446) to work on /home/airflow/.local/lib/python3.7/site-packages/airflow/example_dags/example_trigger_controller_dag.py
[2023-09-06T04:38:05.447+0000] {processor.py:743} INFO - Processing file /home/airflow/.local/lib/python3.7/site-packages/airflow/example_dags/example_trigger_controller_dag.py for tasks to queue
[2023-09-06T04:38:05.448+0000] {logging_mixin.py:137} INFO - [2023-09-06T04:38:05.448+0000] {dagbag.py:538} INFO - Filling up the DagBag from /home/airflow/.local/lib/python3.7/site-packages/airflow/example_dags/example_trigger_controller_dag.py
[2023-09-06T04:38:05.466+0000] {processor.py:753} INFO - DAG(s) dict_keys(['example_trigger_controller_dag']) retrieved from /home/airflow/.local/lib/python3.7/site-packages/airflow/example_dags/example_trigger_controller_dag.py
[2023-09-06T04:38:05.512+0000] {logging_mixin.py:137} INFO - [2023-09-06T04:38:05.511+0000] {dag.py:2690} INFO - Sync 1 DAGs
[2023-09-06T04:38:05.563+0000] {logging_mixin.py:137} INFO - [2023-09-06T04:38:05.562+0000] {dag.py:3441} INFO - Setting next_dagrun for example_trigger_controller_dag to 2021-01-01T00:00:00+00:00, run_after=2021-01-01T00:00:00+00:00
[2023-09-06T04:38:05.600+0000] {processor.py:175} INFO - Processing /home/airflow/.local/lib/python3.7/site-packages/airflow/example_dags/example_trigger_controller_dag.py took 0.159 seconds
[2023-09-06T04:38:37.303+0000] {processor.py:153} INFO - Started process (PID=505) to work on /home/airflow/.local/lib/python3.7/site-packages/airflow/example_dags/example_trigger_controller_dag.py
[2023-09-06T04:38:37.313+0000] {processor.py:743} INFO - Processing file /home/airflow/.local/lib/python3.7/site-packages/airflow/example_dags/example_trigger_controller_dag.py for tasks to queue
[2023-09-06T04:38:37.315+0000] {logging_mixin.py:137} INFO - [2023-09-06T04:38:37.315+0000] {dagbag.py:538} INFO - Filling up the DagBag from /home/airflow/.local/lib/python3.7/site-packages/airflow/example_dags/example_trigger_controller_dag.py
[2023-09-06T04:38:37.379+0000] {processor.py:753} INFO - DAG(s) dict_keys(['example_trigger_controller_dag']) retrieved from /home/airflow/.local/lib/python3.7/site-packages/airflow/example_dags/example_trigger_controller_dag.py
[2023-09-06T04:38:37.512+0000] {logging_mixin.py:137} INFO - [2023-09-06T04:38:37.511+0000] {dag.py:2690} INFO - Sync 1 DAGs
[2023-09-06T04:38:37.650+0000] {logging_mixin.py:137} INFO - [2023-09-06T04:38:37.650+0000] {dag.py:3441} INFO - Setting next_dagrun for example_trigger_controller_dag to 2021-01-01T00:00:00+00:00, run_after=2021-01-01T00:00:00+00:00
[2023-09-06T04:38:37.813+0000] {processor.py:175} INFO - Processing /home/airflow/.local/lib/python3.7/site-packages/airflow/example_dags/example_trigger_controller_dag.py took 0.515 seconds
[2023-09-06T04:39:08.190+0000] {processor.py:153} INFO - Started process (PID=564) to work on /home/airflow/.local/lib/python3.7/site-packages/airflow/example_dags/example_trigger_controller_dag.py
[2023-09-06T04:39:08.191+0000] {processor.py:743} INFO - Processing file /home/airflow/.local/lib/python3.7/site-packages/airflow/example_dags/example_trigger_controller_dag.py for tasks to queue
[2023-09-06T04:39:08.193+0000] {logging_mixin.py:137} INFO - [2023-09-06T04:39:08.192+0000] {dagbag.py:538} INFO - Filling up the DagBag from /home/airflow/.local/lib/python3.7/site-packages/airflow/example_dags/example_trigger_controller_dag.py
[2023-09-06T04:39:08.220+0000] {processor.py:753} INFO - DAG(s) dict_keys(['example_trigger_controller_dag']) retrieved from /home/airflow/.local/lib/python3.7/site-packages/airflow/example_dags/example_trigger_controller_dag.py
[2023-09-06T04:39:08.241+0000] {logging_mixin.py:137} INFO - [2023-09-06T04:39:08.241+0000] {dag.py:2690} INFO - Sync 1 DAGs
[2023-09-06T04:39:08.280+0000] {logging_mixin.py:137} INFO - [2023-09-06T04:39:08.280+0000] {dag.py:3441} INFO - Setting next_dagrun for example_trigger_controller_dag to 2021-01-01T00:00:00+00:00, run_after=2021-01-01T00:00:00+00:00
[2023-09-06T04:39:08.301+0000] {processor.py:175} INFO - Processing /home/airflow/.local/lib/python3.7/site-packages/airflow/example_dags/example_trigger_controller_dag.py took 0.114 seconds
[2023-09-06T04:39:38.758+0000] {processor.py:153} INFO - Started process (PID=634) to work on /home/airflow/.local/lib/python3.7/site-packages/airflow/example_dags/example_trigger_controller_dag.py
[2023-09-06T04:39:38.759+0000] {processor.py:743} INFO - Processing file /home/airflow/.local/lib/python3.7/site-packages/airflow/example_dags/example_trigger_controller_dag.py for tasks to queue
[2023-09-06T04:39:38.765+0000] {logging_mixin.py:137} INFO - [2023-09-06T04:39:38.765+0000] {dagbag.py:538} INFO - Filling up the DagBag from /home/airflow/.local/lib/python3.7/site-packages/airflow/example_dags/example_trigger_controller_dag.py
[2023-09-06T04:39:38.785+0000] {processor.py:753} INFO - DAG(s) dict_keys(['example_trigger_controller_dag']) retrieved from /home/airflow/.local/lib/python3.7/site-packages/airflow/example_dags/example_trigger_controller_dag.py
[2023-09-06T04:39:38.821+0000] {logging_mixin.py:137} INFO - [2023-09-06T04:39:38.820+0000] {dag.py:2690} INFO - Sync 1 DAGs
[2023-09-06T04:39:38.867+0000] {logging_mixin.py:137} INFO - [2023-09-06T04:39:38.867+0000] {dag.py:3441} INFO - Setting next_dagrun for example_trigger_controller_dag to 2021-01-01T00:00:00+00:00, run_after=2021-01-01T00:00:00+00:00
[2023-09-06T04:39:38.900+0000] {processor.py:175} INFO - Processing /home/airflow/.local/lib/python3.7/site-packages/airflow/example_dags/example_trigger_controller_dag.py took 0.152 seconds
[2023-09-06T04:40:09.078+0000] {processor.py:153} INFO - Started process (PID=693) to work on /home/airflow/.local/lib/python3.7/site-packages/airflow/example_dags/example_trigger_controller_dag.py
[2023-09-06T04:40:09.081+0000] {processor.py:743} INFO - Processing file /home/airflow/.local/lib/python3.7/site-packages/airflow/example_dags/example_trigger_controller_dag.py for tasks to queue
[2023-09-06T04:40:09.085+0000] {logging_mixin.py:137} INFO - [2023-09-06T04:40:09.085+0000] {dagbag.py:538} INFO - Filling up the DagBag from /home/airflow/.local/lib/python3.7/site-packages/airflow/example_dags/example_trigger_controller_dag.py
[2023-09-06T04:40:09.113+0000] {processor.py:753} INFO - DAG(s) dict_keys(['example_trigger_controller_dag']) retrieved from /home/airflow/.local/lib/python3.7/site-packages/airflow/example_dags/example_trigger_controller_dag.py
[2023-09-06T04:40:09.182+0000] {logging_mixin.py:137} INFO - [2023-09-06T04:40:09.182+0000] {dag.py:2690} INFO - Sync 1 DAGs
[2023-09-06T04:40:09.237+0000] {logging_mixin.py:137} INFO - [2023-09-06T04:40:09.236+0000] {dag.py:3441} INFO - Setting next_dagrun for example_trigger_controller_dag to 2021-01-01T00:00:00+00:00, run_after=2021-01-01T00:00:00+00:00
[2023-09-06T04:40:09.315+0000] {processor.py:175} INFO - Processing /home/airflow/.local/lib/python3.7/site-packages/airflow/example_dags/example_trigger_controller_dag.py took 0.242 seconds
[2023-09-06T04:40:40.100+0000] {processor.py:153} INFO - Started process (PID=752) to work on /home/airflow/.local/lib/python3.7/site-packages/airflow/example_dags/example_trigger_controller_dag.py
[2023-09-06T04:40:40.101+0000] {processor.py:743} INFO - Processing file /home/airflow/.local/lib/python3.7/site-packages/airflow/example_dags/example_trigger_controller_dag.py for tasks to queue
[2023-09-06T04:40:40.103+0000] {logging_mixin.py:137} INFO - [2023-09-06T04:40:40.102+0000] {dagbag.py:538} INFO - Filling up the DagBag from /home/airflow/.local/lib/python3.7/site-packages/airflow/example_dags/example_trigger_controller_dag.py
[2023-09-06T04:40:40.119+0000] {processor.py:753} INFO - DAG(s) dict_keys(['example_trigger_controller_dag']) retrieved from /home/airflow/.local/lib/python3.7/site-packages/airflow/example_dags/example_trigger_controller_dag.py
[2023-09-06T04:40:40.159+0000] {logging_mixin.py:137} INFO - [2023-09-06T04:40:40.159+0000] {dag.py:2690} INFO - Sync 1 DAGs
[2023-09-06T04:40:40.197+0000] {logging_mixin.py:137} INFO - [2023-09-06T04:40:40.196+0000] {dag.py:3441} INFO - Setting next_dagrun for example_trigger_controller_dag to 2021-01-01T00:00:00+00:00, run_after=2021-01-01T00:00:00+00:00
[2023-09-06T04:40:40.227+0000] {processor.py:175} INFO - Processing /home/airflow/.local/lib/python3.7/site-packages/airflow/example_dags/example_trigger_controller_dag.py took 0.131 seconds
[2023-09-06T04:41:11.021+0000] {processor.py:153} INFO - Started process (PID=822) to work on /home/airflow/.local/lib/python3.7/site-packages/airflow/example_dags/example_trigger_controller_dag.py
[2023-09-06T04:41:11.024+0000] {processor.py:743} INFO - Processing file /home/airflow/.local/lib/python3.7/site-packages/airflow/example_dags/example_trigger_controller_dag.py for tasks to queue
[2023-09-06T04:41:11.027+0000] {logging_mixin.py:137} INFO - [2023-09-06T04:41:11.027+0000] {dagbag.py:538} INFO - Filling up the DagBag from /home/airflow/.local/lib/python3.7/site-packages/airflow/example_dags/example_trigger_controller_dag.py
[2023-09-06T04:41:11.051+0000] {processor.py:753} INFO - DAG(s) dict_keys(['example_trigger_controller_dag']) retrieved from /home/airflow/.local/lib/python3.7/site-packages/airflow/example_dags/example_trigger_controller_dag.py
[2023-09-06T04:41:11.128+0000] {logging_mixin.py:137} INFO - [2023-09-06T04:41:11.127+0000] {dag.py:2690} INFO - Sync 1 DAGs
[2023-09-06T04:41:11.196+0000] {logging_mixin.py:137} INFO - [2023-09-06T04:41:11.196+0000] {dag.py:3441} INFO - Setting next_dagrun for example_trigger_controller_dag to 2021-01-01T00:00:00+00:00, run_after=2021-01-01T00:00:00+00:00
[2023-09-06T04:41:11.243+0000] {processor.py:175} INFO - Processing /home/airflow/.local/lib/python3.7/site-packages/airflow/example_dags/example_trigger_controller_dag.py took 0.239 seconds
[2023-09-06T04:41:41.353+0000] {processor.py:153} INFO - Started process (PID=881) to work on /home/airflow/.local/lib/python3.7/site-packages/airflow/example_dags/example_trigger_controller_dag.py
[2023-09-06T04:41:41.354+0000] {processor.py:743} INFO - Processing file /home/airflow/.local/lib/python3.7/site-packages/airflow/example_dags/example_trigger_controller_dag.py for tasks to queue
[2023-09-06T04:41:41.355+0000] {logging_mixin.py:137} INFO - [2023-09-06T04:41:41.355+0000] {dagbag.py:538} INFO - Filling up the DagBag from /home/airflow/.local/lib/python3.7/site-packages/airflow/example_dags/example_trigger_controller_dag.py
[2023-09-06T04:41:41.369+0000] {processor.py:753} INFO - DAG(s) dict_keys(['example_trigger_controller_dag']) retrieved from /home/airflow/.local/lib/python3.7/site-packages/airflow/example_dags/example_trigger_controller_dag.py
[2023-09-06T04:41:41.398+0000] {logging_mixin.py:137} INFO - [2023-09-06T04:41:41.398+0000] {dag.py:2690} INFO - Sync 1 DAGs
[2023-09-06T04:41:41.432+0000] {logging_mixin.py:137} INFO - [2023-09-06T04:41:41.431+0000] {dag.py:3441} INFO - Setting next_dagrun for example_trigger_controller_dag to 2021-01-01T00:00:00+00:00, run_after=2021-01-01T00:00:00+00:00
[2023-09-06T04:41:41.459+0000] {processor.py:175} INFO - Processing /home/airflow/.local/lib/python3.7/site-packages/airflow/example_dags/example_trigger_controller_dag.py took 0.110 seconds
[2023-09-06T04:42:12.752+0000] {processor.py:153} INFO - Started process (PID=952) to work on /home/airflow/.local/lib/python3.7/site-packages/airflow/example_dags/example_trigger_controller_dag.py
[2023-09-06T04:42:12.756+0000] {processor.py:743} INFO - Processing file /home/airflow/.local/lib/python3.7/site-packages/airflow/example_dags/example_trigger_controller_dag.py for tasks to queue
[2023-09-06T04:42:12.764+0000] {logging_mixin.py:137} INFO - [2023-09-06T04:42:12.764+0000] {dagbag.py:538} INFO - Filling up the DagBag from /home/airflow/.local/lib/python3.7/site-packages/airflow/example_dags/example_trigger_controller_dag.py
[2023-09-06T04:42:12.806+0000] {processor.py:753} INFO - DAG(s) dict_keys(['example_trigger_controller_dag']) retrieved from /home/airflow/.local/lib/python3.7/site-packages/airflow/example_dags/example_trigger_controller_dag.py
[2023-09-06T04:42:12.873+0000] {logging_mixin.py:137} INFO - [2023-09-06T04:42:12.873+0000] {dag.py:2690} INFO - Sync 1 DAGs
[2023-09-06T04:42:12.954+0000] {logging_mixin.py:137} INFO - [2023-09-06T04:42:12.953+0000] {dag.py:3441} INFO - Setting next_dagrun for example_trigger_controller_dag to 2021-01-01T00:00:00+00:00, run_after=2021-01-01T00:00:00+00:00
[2023-09-06T04:42:13.024+0000] {processor.py:175} INFO - Processing /home/airflow/.local/lib/python3.7/site-packages/airflow/example_dags/example_trigger_controller_dag.py took 0.277 seconds
[2023-09-06T04:42:43.750+0000] {processor.py:153} INFO - Started process (PID=1012) to work on /home/airflow/.local/lib/python3.7/site-packages/airflow/example_dags/example_trigger_controller_dag.py
[2023-09-06T04:42:43.751+0000] {processor.py:743} INFO - Processing file /home/airflow/.local/lib/python3.7/site-packages/airflow/example_dags/example_trigger_controller_dag.py for tasks to queue
[2023-09-06T04:42:43.753+0000] {logging_mixin.py:137} INFO - [2023-09-06T04:42:43.753+0000] {dagbag.py:538} INFO - Filling up the DagBag from /home/airflow/.local/lib/python3.7/site-packages/airflow/example_dags/example_trigger_controller_dag.py
[2023-09-06T04:42:43.765+0000] {processor.py:753} INFO - DAG(s) dict_keys(['example_trigger_controller_dag']) retrieved from /home/airflow/.local/lib/python3.7/site-packages/airflow/example_dags/example_trigger_controller_dag.py
[2023-09-06T04:42:43.799+0000] {logging_mixin.py:137} INFO - [2023-09-06T04:42:43.799+0000] {dag.py:2690} INFO - Sync 1 DAGs
[2023-09-06T04:42:43.826+0000] {logging_mixin.py:137} INFO - [2023-09-06T04:42:43.826+0000] {dag.py:3441} INFO - Setting next_dagrun for example_trigger_controller_dag to 2021-01-01T00:00:00+00:00, run_after=2021-01-01T00:00:00+00:00
[2023-09-06T04:42:43.866+0000] {processor.py:175} INFO - Processing /home/airflow/.local/lib/python3.7/site-packages/airflow/example_dags/example_trigger_controller_dag.py took 0.120 seconds
