[2023-09-06T04:26:33.837+0000] {processor.py:153} INFO - Started process (PID=109) to work on /home/airflow/.local/lib/python3.7/site-packages/airflow/example_dags/example_xcomargs.py
[2023-09-06T04:26:33.840+0000] {processor.py:743} INFO - Processing file /home/airflow/.local/lib/python3.7/site-packages/airflow/example_dags/example_xcomargs.py for tasks to queue
[2023-09-06T04:26:33.844+0000] {logging_mixin.py:137} INFO - [2023-09-06T04:26:33.843+0000] {dagbag.py:538} INFO - Filling up the DagBag from /home/airflow/.local/lib/python3.7/site-packages/airflow/example_dags/example_xcomargs.py
[2023-09-06T04:26:33.920+0000] {processor.py:753} INFO - DAG(s) dict_keys(['example_xcom_args_with_operators', 'example_xcom_args']) retrieved from /home/airflow/.local/lib/python3.7/site-packages/airflow/example_dags/example_xcomargs.py
[2023-09-06T04:26:33.968+0000] {logging_mixin.py:137} INFO - [2023-09-06T04:26:33.967+0000] {dag.py:2690} INFO - Sync 2 DAGs
[2023-09-06T04:26:34.077+0000] {logging_mixin.py:137} INFO - [2023-09-06T04:26:34.077+0000] {dag.py:3441} INFO - Setting next_dagrun for example_xcom_args to None, run_after=None
[2023-09-06T04:26:34.089+0000] {logging_mixin.py:137} INFO - [2023-09-06T04:26:34.088+0000] {dag.py:3441} INFO - Setting next_dagrun for example_xcom_args_with_operators to None, run_after=None
[2023-09-06T04:26:34.218+0000] {processor.py:175} INFO - Processing /home/airflow/.local/lib/python3.7/site-packages/airflow/example_dags/example_xcomargs.py took 0.403 seconds
[2023-09-06T04:27:04.322+0000] {processor.py:153} INFO - Started process (PID=169) to work on /home/airflow/.local/lib/python3.7/site-packages/airflow/example_dags/example_xcomargs.py
[2023-09-06T04:27:04.323+0000] {processor.py:743} INFO - Processing file /home/airflow/.local/lib/python3.7/site-packages/airflow/example_dags/example_xcomargs.py for tasks to queue
[2023-09-06T04:27:04.324+0000] {logging_mixin.py:137} INFO - [2023-09-06T04:27:04.324+0000] {dagbag.py:538} INFO - Filling up the DagBag from /home/airflow/.local/lib/python3.7/site-packages/airflow/example_dags/example_xcomargs.py
[2023-09-06T04:27:04.358+0000] {processor.py:753} INFO - DAG(s) dict_keys(['example_xcom_args_with_operators', 'example_xcom_args']) retrieved from /home/airflow/.local/lib/python3.7/site-packages/airflow/example_dags/example_xcomargs.py
[2023-09-06T04:27:04.392+0000] {logging_mixin.py:137} INFO - [2023-09-06T04:27:04.392+0000] {dag.py:2690} INFO - Sync 2 DAGs
[2023-09-06T04:27:04.423+0000] {logging_mixin.py:137} INFO - [2023-09-06T04:27:04.423+0000] {dag.py:3441} INFO - Setting next_dagrun for example_xcom_args to None, run_after=None
[2023-09-06T04:27:04.429+0000] {logging_mixin.py:137} INFO - [2023-09-06T04:27:04.428+0000] {dag.py:3441} INFO - Setting next_dagrun for example_xcom_args_with_operators to None, run_after=None
[2023-09-06T04:27:04.457+0000] {processor.py:175} INFO - Processing /home/airflow/.local/lib/python3.7/site-packages/airflow/example_dags/example_xcomargs.py took 0.140 seconds
[2023-09-06T04:27:35.276+0000] {processor.py:153} INFO - Started process (PID=238) to work on /home/airflow/.local/lib/python3.7/site-packages/airflow/example_dags/example_xcomargs.py
[2023-09-06T04:27:35.285+0000] {processor.py:743} INFO - Processing file /home/airflow/.local/lib/python3.7/site-packages/airflow/example_dags/example_xcomargs.py for tasks to queue
[2023-09-06T04:27:35.295+0000] {logging_mixin.py:137} INFO - [2023-09-06T04:27:35.295+0000] {dagbag.py:538} INFO - Filling up the DagBag from /home/airflow/.local/lib/python3.7/site-packages/airflow/example_dags/example_xcomargs.py
[2023-09-06T04:27:35.349+0000] {processor.py:753} INFO - DAG(s) dict_keys(['example_xcom_args_with_operators', 'example_xcom_args']) retrieved from /home/airflow/.local/lib/python3.7/site-packages/airflow/example_dags/example_xcomargs.py
[2023-09-06T04:27:35.409+0000] {logging_mixin.py:137} INFO - [2023-09-06T04:27:35.408+0000] {dag.py:2690} INFO - Sync 2 DAGs
[2023-09-06T04:27:35.475+0000] {logging_mixin.py:137} INFO - [2023-09-06T04:27:35.475+0000] {dag.py:3441} INFO - Setting next_dagrun for example_xcom_args to None, run_after=None
[2023-09-06T04:27:35.481+0000] {logging_mixin.py:137} INFO - [2023-09-06T04:27:35.481+0000] {dag.py:3441} INFO - Setting next_dagrun for example_xcom_args_with_operators to None, run_after=None
[2023-09-06T04:27:35.539+0000] {processor.py:175} INFO - Processing /home/airflow/.local/lib/python3.7/site-packages/airflow/example_dags/example_xcomargs.py took 0.268 seconds
[2023-09-06T04:28:05.598+0000] {processor.py:153} INFO - Started process (PID=299) to work on /home/airflow/.local/lib/python3.7/site-packages/airflow/example_dags/example_xcomargs.py
[2023-09-06T04:28:05.599+0000] {processor.py:743} INFO - Processing file /home/airflow/.local/lib/python3.7/site-packages/airflow/example_dags/example_xcomargs.py for tasks to queue
[2023-09-06T04:28:05.601+0000] {logging_mixin.py:137} INFO - [2023-09-06T04:28:05.600+0000] {dagbag.py:538} INFO - Filling up the DagBag from /home/airflow/.local/lib/python3.7/site-packages/airflow/example_dags/example_xcomargs.py
[2023-09-06T04:28:05.625+0000] {processor.py:753} INFO - DAG(s) dict_keys(['example_xcom_args_with_operators', 'example_xcom_args']) retrieved from /home/airflow/.local/lib/python3.7/site-packages/airflow/example_dags/example_xcomargs.py
[2023-09-06T04:28:05.660+0000] {logging_mixin.py:137} INFO - [2023-09-06T04:28:05.660+0000] {dag.py:2690} INFO - Sync 2 DAGs
[2023-09-06T04:28:05.683+0000] {logging_mixin.py:137} INFO - [2023-09-06T04:28:05.683+0000] {dag.py:3441} INFO - Setting next_dagrun for example_xcom_args to None, run_after=None
[2023-09-06T04:28:05.687+0000] {logging_mixin.py:137} INFO - [2023-09-06T04:28:05.687+0000] {dag.py:3441} INFO - Setting next_dagrun for example_xcom_args_with_operators to None, run_after=None
[2023-09-06T04:28:05.711+0000] {processor.py:175} INFO - Processing /home/airflow/.local/lib/python3.7/site-packages/airflow/example_dags/example_xcomargs.py took 0.117 seconds
[2023-09-06T04:29:18.732+0000] {processor.py:153} INFO - Started process (PID=88) to work on /home/airflow/.local/lib/python3.7/site-packages/airflow/example_dags/example_xcomargs.py
[2023-09-06T04:29:18.734+0000] {processor.py:743} INFO - Processing file /home/airflow/.local/lib/python3.7/site-packages/airflow/example_dags/example_xcomargs.py for tasks to queue
[2023-09-06T04:29:18.741+0000] {logging_mixin.py:137} INFO - [2023-09-06T04:29:18.741+0000] {dagbag.py:538} INFO - Filling up the DagBag from /home/airflow/.local/lib/python3.7/site-packages/airflow/example_dags/example_xcomargs.py
[2023-09-06T04:29:18.820+0000] {processor.py:753} INFO - DAG(s) dict_keys(['example_xcom_args', 'example_xcom_args_with_operators']) retrieved from /home/airflow/.local/lib/python3.7/site-packages/airflow/example_dags/example_xcomargs.py
[2023-09-06T04:29:19.054+0000] {logging_mixin.py:137} INFO - [2023-09-06T04:29:19.054+0000] {dag.py:2690} INFO - Sync 2 DAGs
[2023-09-06T04:29:19.284+0000] {logging_mixin.py:137} INFO - [2023-09-06T04:29:19.276+0000] {dag.py:3441} INFO - Setting next_dagrun for example_xcom_args to None, run_after=None
[2023-09-06T04:29:19.312+0000] {logging_mixin.py:137} INFO - [2023-09-06T04:29:19.312+0000] {dag.py:3441} INFO - Setting next_dagrun for example_xcom_args_with_operators to None, run_after=None
[2023-09-06T04:29:19.402+0000] {processor.py:175} INFO - Processing /home/airflow/.local/lib/python3.7/site-packages/airflow/example_dags/example_xcomargs.py took 0.675 seconds
[2023-09-06T04:29:49.747+0000] {processor.py:153} INFO - Started process (PID=146) to work on /home/airflow/.local/lib/python3.7/site-packages/airflow/example_dags/example_xcomargs.py
[2023-09-06T04:29:49.749+0000] {processor.py:743} INFO - Processing file /home/airflow/.local/lib/python3.7/site-packages/airflow/example_dags/example_xcomargs.py for tasks to queue
[2023-09-06T04:29:49.750+0000] {logging_mixin.py:137} INFO - [2023-09-06T04:29:49.750+0000] {dagbag.py:538} INFO - Filling up the DagBag from /home/airflow/.local/lib/python3.7/site-packages/airflow/example_dags/example_xcomargs.py
[2023-09-06T04:29:49.777+0000] {processor.py:753} INFO - DAG(s) dict_keys(['example_xcom_args_with_operators', 'example_xcom_args']) retrieved from /home/airflow/.local/lib/python3.7/site-packages/airflow/example_dags/example_xcomargs.py
[2023-09-06T04:29:49.807+0000] {logging_mixin.py:137} INFO - [2023-09-06T04:29:49.807+0000] {dag.py:2690} INFO - Sync 2 DAGs
[2023-09-06T04:29:49.833+0000] {logging_mixin.py:137} INFO - [2023-09-06T04:29:49.832+0000] {dag.py:3441} INFO - Setting next_dagrun for example_xcom_args to None, run_after=None
[2023-09-06T04:29:49.837+0000] {logging_mixin.py:137} INFO - [2023-09-06T04:29:49.837+0000] {dag.py:3441} INFO - Setting next_dagrun for example_xcom_args_with_operators to None, run_after=None
[2023-09-06T04:29:49.864+0000] {processor.py:175} INFO - Processing /home/airflow/.local/lib/python3.7/site-packages/airflow/example_dags/example_xcomargs.py took 0.121 seconds
[2023-09-06T04:30:20.530+0000] {processor.py:153} INFO - Started process (PID=215) to work on /home/airflow/.local/lib/python3.7/site-packages/airflow/example_dags/example_xcomargs.py
[2023-09-06T04:30:20.532+0000] {processor.py:743} INFO - Processing file /home/airflow/.local/lib/python3.7/site-packages/airflow/example_dags/example_xcomargs.py for tasks to queue
[2023-09-06T04:30:20.533+0000] {logging_mixin.py:137} INFO - [2023-09-06T04:30:20.533+0000] {dagbag.py:538} INFO - Filling up the DagBag from /home/airflow/.local/lib/python3.7/site-packages/airflow/example_dags/example_xcomargs.py
[2023-09-06T04:30:20.566+0000] {processor.py:753} INFO - DAG(s) dict_keys(['example_xcom_args', 'example_xcom_args_with_operators']) retrieved from /home/airflow/.local/lib/python3.7/site-packages/airflow/example_dags/example_xcomargs.py
[2023-09-06T04:30:20.600+0000] {logging_mixin.py:137} INFO - [2023-09-06T04:30:20.600+0000] {dag.py:2690} INFO - Sync 2 DAGs
[2023-09-06T04:30:20.629+0000] {logging_mixin.py:137} INFO - [2023-09-06T04:30:20.629+0000] {dag.py:3441} INFO - Setting next_dagrun for example_xcom_args to None, run_after=None
[2023-09-06T04:30:20.634+0000] {logging_mixin.py:137} INFO - [2023-09-06T04:30:20.634+0000] {dag.py:3441} INFO - Setting next_dagrun for example_xcom_args_with_operators to None, run_after=None
[2023-09-06T04:30:20.654+0000] {processor.py:175} INFO - Processing /home/airflow/.local/lib/python3.7/site-packages/airflow/example_dags/example_xcomargs.py took 0.128 seconds
[2023-09-06T04:30:51.239+0000] {processor.py:153} INFO - Started process (PID=275) to work on /home/airflow/.local/lib/python3.7/site-packages/airflow/example_dags/example_xcomargs.py
[2023-09-06T04:30:51.254+0000] {processor.py:743} INFO - Processing file /home/airflow/.local/lib/python3.7/site-packages/airflow/example_dags/example_xcomargs.py for tasks to queue
[2023-09-06T04:30:51.256+0000] {logging_mixin.py:137} INFO - [2023-09-06T04:30:51.256+0000] {dagbag.py:538} INFO - Filling up the DagBag from /home/airflow/.local/lib/python3.7/site-packages/airflow/example_dags/example_xcomargs.py
[2023-09-06T04:30:51.333+0000] {processor.py:753} INFO - DAG(s) dict_keys(['example_xcom_args', 'example_xcom_args_with_operators']) retrieved from /home/airflow/.local/lib/python3.7/site-packages/airflow/example_dags/example_xcomargs.py
[2023-09-06T04:30:51.439+0000] {logging_mixin.py:137} INFO - [2023-09-06T04:30:51.438+0000] {dag.py:2690} INFO - Sync 2 DAGs
[2023-09-06T04:30:51.528+0000] {logging_mixin.py:137} INFO - [2023-09-06T04:30:51.528+0000] {dag.py:3441} INFO - Setting next_dagrun for example_xcom_args to None, run_after=None
[2023-09-06T04:30:51.533+0000] {logging_mixin.py:137} INFO - [2023-09-06T04:30:51.533+0000] {dag.py:3441} INFO - Setting next_dagrun for example_xcom_args_with_operators to None, run_after=None
[2023-09-06T04:30:51.635+0000] {processor.py:175} INFO - Processing /home/airflow/.local/lib/python3.7/site-packages/airflow/example_dags/example_xcomargs.py took 0.404 seconds
[2023-09-06T04:31:21.859+0000] {processor.py:153} INFO - Started process (PID=343) to work on /home/airflow/.local/lib/python3.7/site-packages/airflow/example_dags/example_xcomargs.py
[2023-09-06T04:31:21.861+0000] {processor.py:743} INFO - Processing file /home/airflow/.local/lib/python3.7/site-packages/airflow/example_dags/example_xcomargs.py for tasks to queue
[2023-09-06T04:31:21.862+0000] {logging_mixin.py:137} INFO - [2023-09-06T04:31:21.862+0000] {dagbag.py:538} INFO - Filling up the DagBag from /home/airflow/.local/lib/python3.7/site-packages/airflow/example_dags/example_xcomargs.py
[2023-09-06T04:31:21.917+0000] {processor.py:753} INFO - DAG(s) dict_keys(['example_xcom_args', 'example_xcom_args_with_operators']) retrieved from /home/airflow/.local/lib/python3.7/site-packages/airflow/example_dags/example_xcomargs.py
[2023-09-06T04:31:21.990+0000] {logging_mixin.py:137} INFO - [2023-09-06T04:31:21.990+0000] {dag.py:2690} INFO - Sync 2 DAGs
[2023-09-06T04:31:22.022+0000] {logging_mixin.py:137} INFO - [2023-09-06T04:31:22.022+0000] {dag.py:3441} INFO - Setting next_dagrun for example_xcom_args to None, run_after=None
[2023-09-06T04:31:22.027+0000] {logging_mixin.py:137} INFO - [2023-09-06T04:31:22.027+0000] {dag.py:3441} INFO - Setting next_dagrun for example_xcom_args_with_operators to None, run_after=None
[2023-09-06T04:31:22.058+0000] {processor.py:175} INFO - Processing /home/airflow/.local/lib/python3.7/site-packages/airflow/example_dags/example_xcomargs.py took 0.205 seconds
[2023-09-06T04:31:52.173+0000] {processor.py:153} INFO - Started process (PID=404) to work on /home/airflow/.local/lib/python3.7/site-packages/airflow/example_dags/example_xcomargs.py
[2023-09-06T04:31:52.175+0000] {processor.py:743} INFO - Processing file /home/airflow/.local/lib/python3.7/site-packages/airflow/example_dags/example_xcomargs.py for tasks to queue
[2023-09-06T04:31:52.176+0000] {logging_mixin.py:137} INFO - [2023-09-06T04:31:52.176+0000] {dagbag.py:538} INFO - Filling up the DagBag from /home/airflow/.local/lib/python3.7/site-packages/airflow/example_dags/example_xcomargs.py
[2023-09-06T04:31:52.199+0000] {processor.py:753} INFO - DAG(s) dict_keys(['example_xcom_args_with_operators', 'example_xcom_args']) retrieved from /home/airflow/.local/lib/python3.7/site-packages/airflow/example_dags/example_xcomargs.py
[2023-09-06T04:31:52.232+0000] {logging_mixin.py:137} INFO - [2023-09-06T04:31:52.232+0000] {dag.py:2690} INFO - Sync 2 DAGs
[2023-09-06T04:31:52.261+0000] {logging_mixin.py:137} INFO - [2023-09-06T04:31:52.261+0000] {dag.py:3441} INFO - Setting next_dagrun for example_xcom_args to None, run_after=None
[2023-09-06T04:31:52.267+0000] {logging_mixin.py:137} INFO - [2023-09-06T04:31:52.267+0000] {dag.py:3441} INFO - Setting next_dagrun for example_xcom_args_with_operators to None, run_after=None
[2023-09-06T04:31:52.288+0000] {processor.py:175} INFO - Processing /home/airflow/.local/lib/python3.7/site-packages/airflow/example_dags/example_xcomargs.py took 0.118 seconds
[2023-09-06T04:32:22.880+0000] {processor.py:153} INFO - Started process (PID=464) to work on /home/airflow/.local/lib/python3.7/site-packages/airflow/example_dags/example_xcomargs.py
[2023-09-06T04:32:22.883+0000] {processor.py:743} INFO - Processing file /home/airflow/.local/lib/python3.7/site-packages/airflow/example_dags/example_xcomargs.py for tasks to queue
[2023-09-06T04:32:22.885+0000] {logging_mixin.py:137} INFO - [2023-09-06T04:32:22.885+0000] {dagbag.py:538} INFO - Filling up the DagBag from /home/airflow/.local/lib/python3.7/site-packages/airflow/example_dags/example_xcomargs.py
[2023-09-06T04:32:22.938+0000] {processor.py:753} INFO - DAG(s) dict_keys(['example_xcom_args', 'example_xcom_args_with_operators']) retrieved from /home/airflow/.local/lib/python3.7/site-packages/airflow/example_dags/example_xcomargs.py
[2023-09-06T04:32:22.971+0000] {logging_mixin.py:137} INFO - [2023-09-06T04:32:22.971+0000] {dag.py:2690} INFO - Sync 2 DAGs
[2023-09-06T04:32:23.005+0000] {logging_mixin.py:137} INFO - [2023-09-06T04:32:23.004+0000] {dag.py:3441} INFO - Setting next_dagrun for example_xcom_args to None, run_after=None
[2023-09-06T04:32:23.009+0000] {logging_mixin.py:137} INFO - [2023-09-06T04:32:23.009+0000] {dag.py:3441} INFO - Setting next_dagrun for example_xcom_args_with_operators to None, run_after=None
[2023-09-06T04:32:23.041+0000] {processor.py:175} INFO - Processing /home/airflow/.local/lib/python3.7/site-packages/airflow/example_dags/example_xcomargs.py took 0.164 seconds
[2023-09-06T04:32:53.544+0000] {processor.py:153} INFO - Started process (PID=534) to work on /home/airflow/.local/lib/python3.7/site-packages/airflow/example_dags/example_xcomargs.py
[2023-09-06T04:32:53.546+0000] {processor.py:743} INFO - Processing file /home/airflow/.local/lib/python3.7/site-packages/airflow/example_dags/example_xcomargs.py for tasks to queue
[2023-09-06T04:32:53.547+0000] {logging_mixin.py:137} INFO - [2023-09-06T04:32:53.547+0000] {dagbag.py:538} INFO - Filling up the DagBag from /home/airflow/.local/lib/python3.7/site-packages/airflow/example_dags/example_xcomargs.py
[2023-09-06T04:32:53.571+0000] {processor.py:753} INFO - DAG(s) dict_keys(['example_xcom_args', 'example_xcom_args_with_operators']) retrieved from /home/airflow/.local/lib/python3.7/site-packages/airflow/example_dags/example_xcomargs.py
[2023-09-06T04:32:53.601+0000] {logging_mixin.py:137} INFO - [2023-09-06T04:32:53.601+0000] {dag.py:2690} INFO - Sync 2 DAGs
[2023-09-06T04:32:53.627+0000] {logging_mixin.py:137} INFO - [2023-09-06T04:32:53.627+0000] {dag.py:3441} INFO - Setting next_dagrun for example_xcom_args to None, run_after=None
[2023-09-06T04:32:53.631+0000] {logging_mixin.py:137} INFO - [2023-09-06T04:32:53.630+0000] {dag.py:3441} INFO - Setting next_dagrun for example_xcom_args_with_operators to None, run_after=None
[2023-09-06T04:32:53.650+0000] {processor.py:175} INFO - Processing /home/airflow/.local/lib/python3.7/site-packages/airflow/example_dags/example_xcomargs.py took 0.109 seconds
[2023-09-06T04:33:23.685+0000] {processor.py:153} INFO - Started process (PID=594) to work on /home/airflow/.local/lib/python3.7/site-packages/airflow/example_dags/example_xcomargs.py
[2023-09-06T04:33:23.686+0000] {processor.py:743} INFO - Processing file /home/airflow/.local/lib/python3.7/site-packages/airflow/example_dags/example_xcomargs.py for tasks to queue
[2023-09-06T04:33:23.687+0000] {logging_mixin.py:137} INFO - [2023-09-06T04:33:23.687+0000] {dagbag.py:538} INFO - Filling up the DagBag from /home/airflow/.local/lib/python3.7/site-packages/airflow/example_dags/example_xcomargs.py
[2023-09-06T04:33:23.721+0000] {processor.py:753} INFO - DAG(s) dict_keys(['example_xcom_args_with_operators', 'example_xcom_args']) retrieved from /home/airflow/.local/lib/python3.7/site-packages/airflow/example_dags/example_xcomargs.py
[2023-09-06T04:33:23.765+0000] {logging_mixin.py:137} INFO - [2023-09-06T04:33:23.765+0000] {dag.py:2690} INFO - Sync 2 DAGs
[2023-09-06T04:33:23.793+0000] {logging_mixin.py:137} INFO - [2023-09-06T04:33:23.793+0000] {dag.py:3441} INFO - Setting next_dagrun for example_xcom_args to None, run_after=None
[2023-09-06T04:33:23.797+0000] {logging_mixin.py:137} INFO - [2023-09-06T04:33:23.797+0000] {dag.py:3441} INFO - Setting next_dagrun for example_xcom_args_with_operators to None, run_after=None
[2023-09-06T04:33:23.817+0000] {processor.py:175} INFO - Processing /home/airflow/.local/lib/python3.7/site-packages/airflow/example_dags/example_xcomargs.py took 0.136 seconds
[2023-09-06T04:33:54.076+0000] {processor.py:153} INFO - Started process (PID=652) to work on /home/airflow/.local/lib/python3.7/site-packages/airflow/example_dags/example_xcomargs.py
[2023-09-06T04:33:54.077+0000] {processor.py:743} INFO - Processing file /home/airflow/.local/lib/python3.7/site-packages/airflow/example_dags/example_xcomargs.py for tasks to queue
[2023-09-06T04:33:54.079+0000] {logging_mixin.py:137} INFO - [2023-09-06T04:33:54.078+0000] {dagbag.py:538} INFO - Filling up the DagBag from /home/airflow/.local/lib/python3.7/site-packages/airflow/example_dags/example_xcomargs.py
[2023-09-06T04:33:54.111+0000] {processor.py:753} INFO - DAG(s) dict_keys(['example_xcom_args_with_operators', 'example_xcom_args']) retrieved from /home/airflow/.local/lib/python3.7/site-packages/airflow/example_dags/example_xcomargs.py
[2023-09-06T04:33:54.153+0000] {logging_mixin.py:137} INFO - [2023-09-06T04:33:54.152+0000] {dag.py:2690} INFO - Sync 2 DAGs
[2023-09-06T04:33:54.179+0000] {logging_mixin.py:137} INFO - [2023-09-06T04:33:54.178+0000] {dag.py:3441} INFO - Setting next_dagrun for example_xcom_args to None, run_after=None
[2023-09-06T04:33:54.183+0000] {logging_mixin.py:137} INFO - [2023-09-06T04:33:54.183+0000] {dag.py:3441} INFO - Setting next_dagrun for example_xcom_args_with_operators to None, run_after=None
[2023-09-06T04:33:54.213+0000] {processor.py:175} INFO - Processing /home/airflow/.local/lib/python3.7/site-packages/airflow/example_dags/example_xcomargs.py took 0.141 seconds
[2023-09-06T04:35:00.752+0000] {processor.py:153} INFO - Started process (PID=76) to work on /home/airflow/.local/lib/python3.7/site-packages/airflow/example_dags/example_xcomargs.py
[2023-09-06T04:35:00.753+0000] {processor.py:743} INFO - Processing file /home/airflow/.local/lib/python3.7/site-packages/airflow/example_dags/example_xcomargs.py for tasks to queue
[2023-09-06T04:35:00.755+0000] {logging_mixin.py:137} INFO - [2023-09-06T04:35:00.755+0000] {dagbag.py:538} INFO - Filling up the DagBag from /home/airflow/.local/lib/python3.7/site-packages/airflow/example_dags/example_xcomargs.py
[2023-09-06T04:35:00.794+0000] {processor.py:753} INFO - DAG(s) dict_keys(['example_xcom_args', 'example_xcom_args_with_operators']) retrieved from /home/airflow/.local/lib/python3.7/site-packages/airflow/example_dags/example_xcomargs.py
[2023-09-06T04:35:00.836+0000] {logging_mixin.py:137} INFO - [2023-09-06T04:35:00.835+0000] {dag.py:2690} INFO - Sync 2 DAGs
[2023-09-06T04:35:00.887+0000] {logging_mixin.py:137} INFO - [2023-09-06T04:35:00.887+0000] {dag.py:3441} INFO - Setting next_dagrun for example_xcom_args to None, run_after=None
[2023-09-06T04:35:00.895+0000] {logging_mixin.py:137} INFO - [2023-09-06T04:35:00.894+0000] {dag.py:3441} INFO - Setting next_dagrun for example_xcom_args_with_operators to None, run_after=None
[2023-09-06T04:35:00.938+0000] {processor.py:175} INFO - Processing /home/airflow/.local/lib/python3.7/site-packages/airflow/example_dags/example_xcomargs.py took 0.192 seconds
[2023-09-06T04:35:32.792+0000] {processor.py:153} INFO - Started process (PID=144) to work on /home/airflow/.local/lib/python3.7/site-packages/airflow/example_dags/example_xcomargs.py
[2023-09-06T04:35:32.804+0000] {processor.py:743} INFO - Processing file /home/airflow/.local/lib/python3.7/site-packages/airflow/example_dags/example_xcomargs.py for tasks to queue
[2023-09-06T04:35:32.806+0000] {logging_mixin.py:137} INFO - [2023-09-06T04:35:32.805+0000] {dagbag.py:538} INFO - Filling up the DagBag from /home/airflow/.local/lib/python3.7/site-packages/airflow/example_dags/example_xcomargs.py
[2023-09-06T04:35:32.947+0000] {processor.py:753} INFO - DAG(s) dict_keys(['example_xcom_args_with_operators', 'example_xcom_args']) retrieved from /home/airflow/.local/lib/python3.7/site-packages/airflow/example_dags/example_xcomargs.py
[2023-09-06T04:35:33.004+0000] {logging_mixin.py:137} INFO - [2023-09-06T04:35:33.004+0000] {dag.py:2690} INFO - Sync 2 DAGs
[2023-09-06T04:35:33.144+0000] {logging_mixin.py:137} INFO - [2023-09-06T04:35:33.144+0000] {dag.py:3441} INFO - Setting next_dagrun for example_xcom_args to None, run_after=None
[2023-09-06T04:35:33.167+0000] {logging_mixin.py:137} INFO - [2023-09-06T04:35:33.167+0000] {dag.py:3441} INFO - Setting next_dagrun for example_xcom_args_with_operators to None, run_after=None
[2023-09-06T04:35:33.295+0000] {processor.py:175} INFO - Processing /home/airflow/.local/lib/python3.7/site-packages/airflow/example_dags/example_xcomargs.py took 0.506 seconds
[2023-09-06T04:36:03.800+0000] {processor.py:153} INFO - Started process (PID=205) to work on /home/airflow/.local/lib/python3.7/site-packages/airflow/example_dags/example_xcomargs.py
[2023-09-06T04:36:03.806+0000] {processor.py:743} INFO - Processing file /home/airflow/.local/lib/python3.7/site-packages/airflow/example_dags/example_xcomargs.py for tasks to queue
[2023-09-06T04:36:03.816+0000] {logging_mixin.py:137} INFO - [2023-09-06T04:36:03.815+0000] {dagbag.py:538} INFO - Filling up the DagBag from /home/airflow/.local/lib/python3.7/site-packages/airflow/example_dags/example_xcomargs.py
[2023-09-06T04:36:03.875+0000] {processor.py:753} INFO - DAG(s) dict_keys(['example_xcom_args', 'example_xcom_args_with_operators']) retrieved from /home/airflow/.local/lib/python3.7/site-packages/airflow/example_dags/example_xcomargs.py
[2023-09-06T04:36:03.933+0000] {logging_mixin.py:137} INFO - [2023-09-06T04:36:03.933+0000] {dag.py:2690} INFO - Sync 2 DAGs
[2023-09-06T04:36:03.982+0000] {logging_mixin.py:137} INFO - [2023-09-06T04:36:03.982+0000] {dag.py:3441} INFO - Setting next_dagrun for example_xcom_args to None, run_after=None
[2023-09-06T04:36:03.995+0000] {logging_mixin.py:137} INFO - [2023-09-06T04:36:03.994+0000] {dag.py:3441} INFO - Setting next_dagrun for example_xcom_args_with_operators to None, run_after=None
[2023-09-06T04:36:04.031+0000] {processor.py:175} INFO - Processing /home/airflow/.local/lib/python3.7/site-packages/airflow/example_dags/example_xcomargs.py took 0.237 seconds
[2023-09-06T04:36:34.346+0000] {processor.py:153} INFO - Started process (PID=265) to work on /home/airflow/.local/lib/python3.7/site-packages/airflow/example_dags/example_xcomargs.py
[2023-09-06T04:36:34.353+0000] {processor.py:743} INFO - Processing file /home/airflow/.local/lib/python3.7/site-packages/airflow/example_dags/example_xcomargs.py for tasks to queue
[2023-09-06T04:36:34.356+0000] {logging_mixin.py:137} INFO - [2023-09-06T04:36:34.355+0000] {dagbag.py:538} INFO - Filling up the DagBag from /home/airflow/.local/lib/python3.7/site-packages/airflow/example_dags/example_xcomargs.py
[2023-09-06T04:36:34.406+0000] {processor.py:753} INFO - DAG(s) dict_keys(['example_xcom_args_with_operators', 'example_xcom_args']) retrieved from /home/airflow/.local/lib/python3.7/site-packages/airflow/example_dags/example_xcomargs.py
[2023-09-06T04:36:34.500+0000] {logging_mixin.py:137} INFO - [2023-09-06T04:36:34.500+0000] {dag.py:2690} INFO - Sync 2 DAGs
[2023-09-06T04:36:34.567+0000] {logging_mixin.py:137} INFO - [2023-09-06T04:36:34.566+0000] {dag.py:3441} INFO - Setting next_dagrun for example_xcom_args to None, run_after=None
[2023-09-06T04:36:34.575+0000] {logging_mixin.py:137} INFO - [2023-09-06T04:36:34.574+0000] {dag.py:3441} INFO - Setting next_dagrun for example_xcom_args_with_operators to None, run_after=None
[2023-09-06T04:36:34.637+0000] {processor.py:175} INFO - Processing /home/airflow/.local/lib/python3.7/site-packages/airflow/example_dags/example_xcomargs.py took 0.322 seconds
[2023-09-06T04:37:04.755+0000] {processor.py:153} INFO - Started process (PID=325) to work on /home/airflow/.local/lib/python3.7/site-packages/airflow/example_dags/example_xcomargs.py
[2023-09-06T04:37:04.756+0000] {processor.py:743} INFO - Processing file /home/airflow/.local/lib/python3.7/site-packages/airflow/example_dags/example_xcomargs.py for tasks to queue
[2023-09-06T04:37:04.757+0000] {logging_mixin.py:137} INFO - [2023-09-06T04:37:04.757+0000] {dagbag.py:538} INFO - Filling up the DagBag from /home/airflow/.local/lib/python3.7/site-packages/airflow/example_dags/example_xcomargs.py
[2023-09-06T04:37:04.812+0000] {processor.py:753} INFO - DAG(s) dict_keys(['example_xcom_args_with_operators', 'example_xcom_args']) retrieved from /home/airflow/.local/lib/python3.7/site-packages/airflow/example_dags/example_xcomargs.py
[2023-09-06T04:37:04.876+0000] {logging_mixin.py:137} INFO - [2023-09-06T04:37:04.875+0000] {dag.py:2690} INFO - Sync 2 DAGs
[2023-09-06T04:37:04.912+0000] {logging_mixin.py:137} INFO - [2023-09-06T04:37:04.912+0000] {dag.py:3441} INFO - Setting next_dagrun for example_xcom_args to None, run_after=None
[2023-09-06T04:37:04.918+0000] {logging_mixin.py:137} INFO - [2023-09-06T04:37:04.917+0000] {dag.py:3441} INFO - Setting next_dagrun for example_xcom_args_with_operators to None, run_after=None
[2023-09-06T04:37:04.943+0000] {processor.py:175} INFO - Processing /home/airflow/.local/lib/python3.7/site-packages/airflow/example_dags/example_xcomargs.py took 0.192 seconds
[2023-09-06T04:37:35.577+0000] {processor.py:153} INFO - Started process (PID=393) to work on /home/airflow/.local/lib/python3.7/site-packages/airflow/example_dags/example_xcomargs.py
[2023-09-06T04:37:35.578+0000] {processor.py:743} INFO - Processing file /home/airflow/.local/lib/python3.7/site-packages/airflow/example_dags/example_xcomargs.py for tasks to queue
[2023-09-06T04:37:35.580+0000] {logging_mixin.py:137} INFO - [2023-09-06T04:37:35.580+0000] {dagbag.py:538} INFO - Filling up the DagBag from /home/airflow/.local/lib/python3.7/site-packages/airflow/example_dags/example_xcomargs.py
[2023-09-06T04:37:35.642+0000] {processor.py:753} INFO - DAG(s) dict_keys(['example_xcom_args_with_operators', 'example_xcom_args']) retrieved from /home/airflow/.local/lib/python3.7/site-packages/airflow/example_dags/example_xcomargs.py
[2023-09-06T04:37:35.721+0000] {logging_mixin.py:137} INFO - [2023-09-06T04:37:35.721+0000] {dag.py:2690} INFO - Sync 2 DAGs
[2023-09-06T04:37:35.784+0000] {logging_mixin.py:137} INFO - [2023-09-06T04:37:35.783+0000] {dag.py:3441} INFO - Setting next_dagrun for example_xcom_args to None, run_after=None
[2023-09-06T04:37:35.793+0000] {logging_mixin.py:137} INFO - [2023-09-06T04:37:35.793+0000] {dag.py:3441} INFO - Setting next_dagrun for example_xcom_args_with_operators to None, run_after=None
[2023-09-06T04:37:35.885+0000] {processor.py:175} INFO - Processing /home/airflow/.local/lib/python3.7/site-packages/airflow/example_dags/example_xcomargs.py took 0.313 seconds
[2023-09-06T04:38:06.434+0000] {processor.py:153} INFO - Started process (PID=452) to work on /home/airflow/.local/lib/python3.7/site-packages/airflow/example_dags/example_xcomargs.py
[2023-09-06T04:38:06.440+0000] {processor.py:743} INFO - Processing file /home/airflow/.local/lib/python3.7/site-packages/airflow/example_dags/example_xcomargs.py for tasks to queue
[2023-09-06T04:38:06.445+0000] {logging_mixin.py:137} INFO - [2023-09-06T04:38:06.445+0000] {dagbag.py:538} INFO - Filling up the DagBag from /home/airflow/.local/lib/python3.7/site-packages/airflow/example_dags/example_xcomargs.py
[2023-09-06T04:38:06.549+0000] {processor.py:753} INFO - DAG(s) dict_keys(['example_xcom_args_with_operators', 'example_xcom_args']) retrieved from /home/airflow/.local/lib/python3.7/site-packages/airflow/example_dags/example_xcomargs.py
[2023-09-06T04:38:06.648+0000] {logging_mixin.py:137} INFO - [2023-09-06T04:38:06.647+0000] {dag.py:2690} INFO - Sync 2 DAGs
[2023-09-06T04:38:06.705+0000] {logging_mixin.py:137} INFO - [2023-09-06T04:38:06.705+0000] {dag.py:3441} INFO - Setting next_dagrun for example_xcom_args to None, run_after=None
[2023-09-06T04:38:06.711+0000] {logging_mixin.py:137} INFO - [2023-09-06T04:38:06.711+0000] {dag.py:3441} INFO - Setting next_dagrun for example_xcom_args_with_operators to None, run_after=None
[2023-09-06T04:38:06.747+0000] {processor.py:175} INFO - Processing /home/airflow/.local/lib/python3.7/site-packages/airflow/example_dags/example_xcomargs.py took 0.319 seconds
[2023-09-06T04:38:39.217+0000] {processor.py:153} INFO - Started process (PID=511) to work on /home/airflow/.local/lib/python3.7/site-packages/airflow/example_dags/example_xcomargs.py
[2023-09-06T04:38:39.227+0000] {processor.py:743} INFO - Processing file /home/airflow/.local/lib/python3.7/site-packages/airflow/example_dags/example_xcomargs.py for tasks to queue
[2023-09-06T04:38:39.228+0000] {logging_mixin.py:137} INFO - [2023-09-06T04:38:39.228+0000] {dagbag.py:538} INFO - Filling up the DagBag from /home/airflow/.local/lib/python3.7/site-packages/airflow/example_dags/example_xcomargs.py
[2023-09-06T04:38:39.377+0000] {processor.py:753} INFO - DAG(s) dict_keys(['example_xcom_args_with_operators', 'example_xcom_args']) retrieved from /home/airflow/.local/lib/python3.7/site-packages/airflow/example_dags/example_xcomargs.py
[2023-09-06T04:38:39.559+0000] {logging_mixin.py:137} INFO - [2023-09-06T04:38:39.549+0000] {dag.py:2690} INFO - Sync 2 DAGs
[2023-09-06T04:38:39.815+0000] {logging_mixin.py:137} INFO - [2023-09-06T04:38:39.815+0000] {dag.py:3441} INFO - Setting next_dagrun for example_xcom_args to None, run_after=None
[2023-09-06T04:38:39.855+0000] {logging_mixin.py:137} INFO - [2023-09-06T04:38:39.855+0000] {dag.py:3441} INFO - Setting next_dagrun for example_xcom_args_with_operators to None, run_after=None
[2023-09-06T04:38:39.917+0000] {processor.py:175} INFO - Processing /home/airflow/.local/lib/python3.7/site-packages/airflow/example_dags/example_xcomargs.py took 0.706 seconds
[2023-09-06T04:39:10.644+0000] {processor.py:153} INFO - Started process (PID=581) to work on /home/airflow/.local/lib/python3.7/site-packages/airflow/example_dags/example_xcomargs.py
[2023-09-06T04:39:10.645+0000] {processor.py:743} INFO - Processing file /home/airflow/.local/lib/python3.7/site-packages/airflow/example_dags/example_xcomargs.py for tasks to queue
[2023-09-06T04:39:10.647+0000] {logging_mixin.py:137} INFO - [2023-09-06T04:39:10.647+0000] {dagbag.py:538} INFO - Filling up the DagBag from /home/airflow/.local/lib/python3.7/site-packages/airflow/example_dags/example_xcomargs.py
[2023-09-06T04:39:10.712+0000] {processor.py:753} INFO - DAG(s) dict_keys(['example_xcom_args', 'example_xcom_args_with_operators']) retrieved from /home/airflow/.local/lib/python3.7/site-packages/airflow/example_dags/example_xcomargs.py
[2023-09-06T04:39:10.756+0000] {logging_mixin.py:137} INFO - [2023-09-06T04:39:10.756+0000] {dag.py:2690} INFO - Sync 2 DAGs
[2023-09-06T04:39:10.793+0000] {logging_mixin.py:137} INFO - [2023-09-06T04:39:10.793+0000] {dag.py:3441} INFO - Setting next_dagrun for example_xcom_args to None, run_after=None
[2023-09-06T04:39:10.801+0000] {logging_mixin.py:137} INFO - [2023-09-06T04:39:10.801+0000] {dag.py:3441} INFO - Setting next_dagrun for example_xcom_args_with_operators to None, run_after=None
[2023-09-06T04:39:10.833+0000] {processor.py:175} INFO - Processing /home/airflow/.local/lib/python3.7/site-packages/airflow/example_dags/example_xcomargs.py took 0.194 seconds
[2023-09-06T04:39:41.263+0000] {processor.py:153} INFO - Started process (PID=641) to work on /home/airflow/.local/lib/python3.7/site-packages/airflow/example_dags/example_xcomargs.py
[2023-09-06T04:39:41.264+0000] {processor.py:743} INFO - Processing file /home/airflow/.local/lib/python3.7/site-packages/airflow/example_dags/example_xcomargs.py for tasks to queue
[2023-09-06T04:39:41.265+0000] {logging_mixin.py:137} INFO - [2023-09-06T04:39:41.265+0000] {dagbag.py:538} INFO - Filling up the DagBag from /home/airflow/.local/lib/python3.7/site-packages/airflow/example_dags/example_xcomargs.py
[2023-09-06T04:39:41.294+0000] {processor.py:753} INFO - DAG(s) dict_keys(['example_xcom_args_with_operators', 'example_xcom_args']) retrieved from /home/airflow/.local/lib/python3.7/site-packages/airflow/example_dags/example_xcomargs.py
[2023-09-06T04:39:41.327+0000] {logging_mixin.py:137} INFO - [2023-09-06T04:39:41.327+0000] {dag.py:2690} INFO - Sync 2 DAGs
[2023-09-06T04:39:41.353+0000] {logging_mixin.py:137} INFO - [2023-09-06T04:39:41.353+0000] {dag.py:3441} INFO - Setting next_dagrun for example_xcom_args to None, run_after=None
[2023-09-06T04:39:41.357+0000] {logging_mixin.py:137} INFO - [2023-09-06T04:39:41.357+0000] {dag.py:3441} INFO - Setting next_dagrun for example_xcom_args_with_operators to None, run_after=None
[2023-09-06T04:39:41.384+0000] {processor.py:175} INFO - Processing /home/airflow/.local/lib/python3.7/site-packages/airflow/example_dags/example_xcomargs.py took 0.128 seconds
[2023-09-06T04:40:12.040+0000] {processor.py:153} INFO - Started process (PID=700) to work on /home/airflow/.local/lib/python3.7/site-packages/airflow/example_dags/example_xcomargs.py
[2023-09-06T04:40:12.042+0000] {processor.py:743} INFO - Processing file /home/airflow/.local/lib/python3.7/site-packages/airflow/example_dags/example_xcomargs.py for tasks to queue
[2023-09-06T04:40:12.044+0000] {logging_mixin.py:137} INFO - [2023-09-06T04:40:12.043+0000] {dagbag.py:538} INFO - Filling up the DagBag from /home/airflow/.local/lib/python3.7/site-packages/airflow/example_dags/example_xcomargs.py
[2023-09-06T04:40:12.107+0000] {processor.py:753} INFO - DAG(s) dict_keys(['example_xcom_args_with_operators', 'example_xcom_args']) retrieved from /home/airflow/.local/lib/python3.7/site-packages/airflow/example_dags/example_xcomargs.py
[2023-09-06T04:40:12.146+0000] {logging_mixin.py:137} INFO - [2023-09-06T04:40:12.146+0000] {dag.py:2690} INFO - Sync 2 DAGs
[2023-09-06T04:40:12.180+0000] {logging_mixin.py:137} INFO - [2023-09-06T04:40:12.180+0000] {dag.py:3441} INFO - Setting next_dagrun for example_xcom_args to None, run_after=None
[2023-09-06T04:40:12.185+0000] {logging_mixin.py:137} INFO - [2023-09-06T04:40:12.185+0000] {dag.py:3441} INFO - Setting next_dagrun for example_xcom_args_with_operators to None, run_after=None
[2023-09-06T04:40:12.206+0000] {processor.py:175} INFO - Processing /home/airflow/.local/lib/python3.7/site-packages/airflow/example_dags/example_xcomargs.py took 0.169 seconds
[2023-09-06T04:40:43.055+0000] {processor.py:153} INFO - Started process (PID=769) to work on /home/airflow/.local/lib/python3.7/site-packages/airflow/example_dags/example_xcomargs.py
[2023-09-06T04:40:43.058+0000] {processor.py:743} INFO - Processing file /home/airflow/.local/lib/python3.7/site-packages/airflow/example_dags/example_xcomargs.py for tasks to queue
[2023-09-06T04:40:43.059+0000] {logging_mixin.py:137} INFO - [2023-09-06T04:40:43.059+0000] {dagbag.py:538} INFO - Filling up the DagBag from /home/airflow/.local/lib/python3.7/site-packages/airflow/example_dags/example_xcomargs.py
[2023-09-06T04:40:43.167+0000] {processor.py:753} INFO - DAG(s) dict_keys(['example_xcom_args', 'example_xcom_args_with_operators']) retrieved from /home/airflow/.local/lib/python3.7/site-packages/airflow/example_dags/example_xcomargs.py
[2023-09-06T04:40:43.219+0000] {logging_mixin.py:137} INFO - [2023-09-06T04:40:43.219+0000] {dag.py:2690} INFO - Sync 2 DAGs
[2023-09-06T04:40:43.269+0000] {logging_mixin.py:137} INFO - [2023-09-06T04:40:43.268+0000] {dag.py:3441} INFO - Setting next_dagrun for example_xcom_args to None, run_after=None
[2023-09-06T04:40:43.277+0000] {logging_mixin.py:137} INFO - [2023-09-06T04:40:43.276+0000] {dag.py:3441} INFO - Setting next_dagrun for example_xcom_args_with_operators to None, run_after=None
[2023-09-06T04:40:43.301+0000] {processor.py:175} INFO - Processing /home/airflow/.local/lib/python3.7/site-packages/airflow/example_dags/example_xcomargs.py took 0.251 seconds
[2023-09-06T04:41:13.752+0000] {processor.py:153} INFO - Started process (PID=829) to work on /home/airflow/.local/lib/python3.7/site-packages/airflow/example_dags/example_xcomargs.py
[2023-09-06T04:41:13.754+0000] {processor.py:743} INFO - Processing file /home/airflow/.local/lib/python3.7/site-packages/airflow/example_dags/example_xcomargs.py for tasks to queue
[2023-09-06T04:41:13.755+0000] {logging_mixin.py:137} INFO - [2023-09-06T04:41:13.755+0000] {dagbag.py:538} INFO - Filling up the DagBag from /home/airflow/.local/lib/python3.7/site-packages/airflow/example_dags/example_xcomargs.py
[2023-09-06T04:41:13.782+0000] {processor.py:753} INFO - DAG(s) dict_keys(['example_xcom_args', 'example_xcom_args_with_operators']) retrieved from /home/airflow/.local/lib/python3.7/site-packages/airflow/example_dags/example_xcomargs.py
[2023-09-06T04:41:13.843+0000] {logging_mixin.py:137} INFO - [2023-09-06T04:41:13.843+0000] {dag.py:2690} INFO - Sync 2 DAGs
[2023-09-06T04:41:13.882+0000] {logging_mixin.py:137} INFO - [2023-09-06T04:41:13.882+0000] {dag.py:3441} INFO - Setting next_dagrun for example_xcom_args to None, run_after=None
[2023-09-06T04:41:13.888+0000] {logging_mixin.py:137} INFO - [2023-09-06T04:41:13.888+0000] {dag.py:3441} INFO - Setting next_dagrun for example_xcom_args_with_operators to None, run_after=None
[2023-09-06T04:41:13.917+0000] {processor.py:175} INFO - Processing /home/airflow/.local/lib/python3.7/site-packages/airflow/example_dags/example_xcomargs.py took 0.169 seconds
[2023-09-06T04:41:44.885+0000] {processor.py:153} INFO - Started process (PID=889) to work on /home/airflow/.local/lib/python3.7/site-packages/airflow/example_dags/example_xcomargs.py
[2023-09-06T04:41:44.887+0000] {processor.py:743} INFO - Processing file /home/airflow/.local/lib/python3.7/site-packages/airflow/example_dags/example_xcomargs.py for tasks to queue
[2023-09-06T04:41:44.889+0000] {logging_mixin.py:137} INFO - [2023-09-06T04:41:44.888+0000] {dagbag.py:538} INFO - Filling up the DagBag from /home/airflow/.local/lib/python3.7/site-packages/airflow/example_dags/example_xcomargs.py
[2023-09-06T04:41:44.924+0000] {processor.py:753} INFO - DAG(s) dict_keys(['example_xcom_args_with_operators', 'example_xcom_args']) retrieved from /home/airflow/.local/lib/python3.7/site-packages/airflow/example_dags/example_xcomargs.py
[2023-09-06T04:41:44.966+0000] {logging_mixin.py:137} INFO - [2023-09-06T04:41:44.966+0000] {dag.py:2690} INFO - Sync 2 DAGs
[2023-09-06T04:41:44.992+0000] {logging_mixin.py:137} INFO - [2023-09-06T04:41:44.992+0000] {dag.py:3441} INFO - Setting next_dagrun for example_xcom_args to None, run_after=None
[2023-09-06T04:41:44.999+0000] {logging_mixin.py:137} INFO - [2023-09-06T04:41:44.998+0000] {dag.py:3441} INFO - Setting next_dagrun for example_xcom_args_with_operators to None, run_after=None
[2023-09-06T04:41:45.030+0000] {processor.py:175} INFO - Processing /home/airflow/.local/lib/python3.7/site-packages/airflow/example_dags/example_xcomargs.py took 0.148 seconds
[2023-09-06T04:42:15.230+0000] {processor.py:153} INFO - Started process (PID=961) to work on /home/airflow/.local/lib/python3.7/site-packages/airflow/example_dags/example_xcomargs.py
[2023-09-06T04:42:15.231+0000] {processor.py:743} INFO - Processing file /home/airflow/.local/lib/python3.7/site-packages/airflow/example_dags/example_xcomargs.py for tasks to queue
[2023-09-06T04:42:15.232+0000] {logging_mixin.py:137} INFO - [2023-09-06T04:42:15.232+0000] {dagbag.py:538} INFO - Filling up the DagBag from /home/airflow/.local/lib/python3.7/site-packages/airflow/example_dags/example_xcomargs.py
[2023-09-06T04:42:15.268+0000] {processor.py:753} INFO - DAG(s) dict_keys(['example_xcom_args_with_operators', 'example_xcom_args']) retrieved from /home/airflow/.local/lib/python3.7/site-packages/airflow/example_dags/example_xcomargs.py
[2023-09-06T04:42:15.307+0000] {logging_mixin.py:137} INFO - [2023-09-06T04:42:15.307+0000] {dag.py:2690} INFO - Sync 2 DAGs
[2023-09-06T04:42:15.342+0000] {logging_mixin.py:137} INFO - [2023-09-06T04:42:15.342+0000] {dag.py:3441} INFO - Setting next_dagrun for example_xcom_args to None, run_after=None
[2023-09-06T04:42:15.347+0000] {logging_mixin.py:137} INFO - [2023-09-06T04:42:15.347+0000] {dag.py:3441} INFO - Setting next_dagrun for example_xcom_args_with_operators to None, run_after=None
[2023-09-06T04:42:15.376+0000] {processor.py:175} INFO - Processing /home/airflow/.local/lib/python3.7/site-packages/airflow/example_dags/example_xcomargs.py took 0.152 seconds
