[2023-09-06T04:26:21.631+0000] {processor.py:153} INFO - Started process (PID=80) to work on /home/airflow/.local/lib/python3.7/site-packages/airflow/example_dags/example_complex.py
[2023-09-06T04:26:21.742+0000] {processor.py:743} INFO - Processing file /home/airflow/.local/lib/python3.7/site-packages/airflow/example_dags/example_complex.py for tasks to queue
[2023-09-06T04:26:21.743+0000] {logging_mixin.py:137} INFO - [2023-09-06T04:26:21.743+0000] {dagbag.py:538} INFO - Filling up the DagBag from /home/airflow/.local/lib/python3.7/site-packages/airflow/example_dags/example_complex.py
[2023-09-06T04:26:21.950+0000] {logging_mixin.py:137} INFO - [2023-09-06T04:26:21.950+0000] {taskmixin.py:205} WARNING - Dependency <Task(BashOperator): create_entry_group>, delete_entry_group already registered for DAG: example_complex
[2023-09-06T04:26:22.006+0000] {logging_mixin.py:137} INFO - [2023-09-06T04:26:22.006+0000] {taskmixin.py:205} WARNING - Dependency <Task(BashOperator): delete_entry_group>, create_entry_group already registered for DAG: example_complex
[2023-09-06T04:26:22.008+0000] {logging_mixin.py:137} INFO - [2023-09-06T04:26:22.008+0000] {taskmixin.py:205} WARNING - Dependency <Task(BashOperator): create_entry_gcs>, delete_entry already registered for DAG: example_complex
[2023-09-06T04:26:22.011+0000] {logging_mixin.py:137} INFO - [2023-09-06T04:26:22.011+0000] {taskmixin.py:205} WARNING - Dependency <Task(BashOperator): delete_entry>, create_entry_gcs already registered for DAG: example_complex
[2023-09-06T04:26:22.027+0000] {logging_mixin.py:137} INFO - [2023-09-06T04:26:22.026+0000] {taskmixin.py:205} WARNING - Dependency <Task(BashOperator): create_tag>, delete_tag already registered for DAG: example_complex
[2023-09-06T04:26:22.055+0000] {logging_mixin.py:137} INFO - [2023-09-06T04:26:22.054+0000] {taskmixin.py:205} WARNING - Dependency <Task(BashOperator): delete_tag>, create_tag already registered for DAG: example_complex
[2023-09-06T04:26:22.187+0000] {processor.py:753} INFO - DAG(s) dict_keys(['example_complex']) retrieved from /home/airflow/.local/lib/python3.7/site-packages/airflow/example_dags/example_complex.py
[2023-09-06T04:26:22.552+0000] {logging_mixin.py:137} INFO - [2023-09-06T04:26:22.552+0000] {dag.py:2690} INFO - Sync 1 DAGs
[2023-09-06T04:26:22.858+0000] {logging_mixin.py:137} INFO - [2023-09-06T04:26:22.858+0000] {dag.py:3441} INFO - Setting next_dagrun for example_complex to None, run_after=None
[2023-09-06T04:26:23.089+0000] {processor.py:175} INFO - Processing /home/airflow/.local/lib/python3.7/site-packages/airflow/example_dags/example_complex.py took 1.463 seconds
[2023-09-06T04:26:53.280+0000] {processor.py:153} INFO - Started process (PID=133) to work on /home/airflow/.local/lib/python3.7/site-packages/airflow/example_dags/example_complex.py
[2023-09-06T04:26:53.295+0000] {processor.py:743} INFO - Processing file /home/airflow/.local/lib/python3.7/site-packages/airflow/example_dags/example_complex.py for tasks to queue
[2023-09-06T04:26:53.300+0000] {logging_mixin.py:137} INFO - [2023-09-06T04:26:53.299+0000] {dagbag.py:538} INFO - Filling up the DagBag from /home/airflow/.local/lib/python3.7/site-packages/airflow/example_dags/example_complex.py
[2023-09-06T04:26:53.315+0000] {logging_mixin.py:137} INFO - [2023-09-06T04:26:53.315+0000] {taskmixin.py:205} WARNING - Dependency <Task(BashOperator): create_entry_group>, delete_entry_group already registered for DAG: example_complex
[2023-09-06T04:26:53.316+0000] {logging_mixin.py:137} INFO - [2023-09-06T04:26:53.316+0000] {taskmixin.py:205} WARNING - Dependency <Task(BashOperator): delete_entry_group>, create_entry_group already registered for DAG: example_complex
[2023-09-06T04:26:53.317+0000] {logging_mixin.py:137} INFO - [2023-09-06T04:26:53.317+0000] {taskmixin.py:205} WARNING - Dependency <Task(BashOperator): create_entry_gcs>, delete_entry already registered for DAG: example_complex
[2023-09-06T04:26:53.318+0000] {logging_mixin.py:137} INFO - [2023-09-06T04:26:53.317+0000] {taskmixin.py:205} WARNING - Dependency <Task(BashOperator): delete_entry>, create_entry_gcs already registered for DAG: example_complex
[2023-09-06T04:26:53.319+0000] {logging_mixin.py:137} INFO - [2023-09-06T04:26:53.318+0000] {taskmixin.py:205} WARNING - Dependency <Task(BashOperator): create_tag>, delete_tag already registered for DAG: example_complex
[2023-09-06T04:26:53.319+0000] {logging_mixin.py:137} INFO - [2023-09-06T04:26:53.319+0000] {taskmixin.py:205} WARNING - Dependency <Task(BashOperator): delete_tag>, create_tag already registered for DAG: example_complex
[2023-09-06T04:26:53.327+0000] {processor.py:753} INFO - DAG(s) dict_keys(['example_complex']) retrieved from /home/airflow/.local/lib/python3.7/site-packages/airflow/example_dags/example_complex.py
[2023-09-06T04:26:53.382+0000] {logging_mixin.py:137} INFO - [2023-09-06T04:26:53.382+0000] {dag.py:2690} INFO - Sync 1 DAGs
[2023-09-06T04:26:53.419+0000] {logging_mixin.py:137} INFO - [2023-09-06T04:26:53.419+0000] {dag.py:3441} INFO - Setting next_dagrun for example_complex to None, run_after=None
[2023-09-06T04:26:53.484+0000] {processor.py:175} INFO - Processing /home/airflow/.local/lib/python3.7/site-packages/airflow/example_dags/example_complex.py took 0.208 seconds
[2023-09-06T04:27:23.841+0000] {processor.py:153} INFO - Started process (PID=201) to work on /home/airflow/.local/lib/python3.7/site-packages/airflow/example_dags/example_complex.py
[2023-09-06T04:27:23.854+0000] {processor.py:743} INFO - Processing file /home/airflow/.local/lib/python3.7/site-packages/airflow/example_dags/example_complex.py for tasks to queue
[2023-09-06T04:27:23.855+0000] {logging_mixin.py:137} INFO - [2023-09-06T04:27:23.855+0000] {dagbag.py:538} INFO - Filling up the DagBag from /home/airflow/.local/lib/python3.7/site-packages/airflow/example_dags/example_complex.py
[2023-09-06T04:27:23.886+0000] {logging_mixin.py:137} INFO - [2023-09-06T04:27:23.886+0000] {taskmixin.py:205} WARNING - Dependency <Task(BashOperator): create_entry_group>, delete_entry_group already registered for DAG: example_complex
[2023-09-06T04:27:23.890+0000] {logging_mixin.py:137} INFO - [2023-09-06T04:27:23.890+0000] {taskmixin.py:205} WARNING - Dependency <Task(BashOperator): delete_entry_group>, create_entry_group already registered for DAG: example_complex
[2023-09-06T04:27:23.891+0000] {logging_mixin.py:137} INFO - [2023-09-06T04:27:23.891+0000] {taskmixin.py:205} WARNING - Dependency <Task(BashOperator): create_entry_gcs>, delete_entry already registered for DAG: example_complex
[2023-09-06T04:27:23.891+0000] {logging_mixin.py:137} INFO - [2023-09-06T04:27:23.891+0000] {taskmixin.py:205} WARNING - Dependency <Task(BashOperator): delete_entry>, create_entry_gcs already registered for DAG: example_complex
[2023-09-06T04:27:23.892+0000] {logging_mixin.py:137} INFO - [2023-09-06T04:27:23.892+0000] {taskmixin.py:205} WARNING - Dependency <Task(BashOperator): create_tag>, delete_tag already registered for DAG: example_complex
[2023-09-06T04:27:23.894+0000] {logging_mixin.py:137} INFO - [2023-09-06T04:27:23.892+0000] {taskmixin.py:205} WARNING - Dependency <Task(BashOperator): delete_tag>, create_tag already registered for DAG: example_complex
[2023-09-06T04:27:23.917+0000] {processor.py:753} INFO - DAG(s) dict_keys(['example_complex']) retrieved from /home/airflow/.local/lib/python3.7/site-packages/airflow/example_dags/example_complex.py
[2023-09-06T04:27:24.015+0000] {logging_mixin.py:137} INFO - [2023-09-06T04:27:24.015+0000] {dag.py:2690} INFO - Sync 1 DAGs
[2023-09-06T04:27:24.070+0000] {logging_mixin.py:137} INFO - [2023-09-06T04:27:24.070+0000] {dag.py:3441} INFO - Setting next_dagrun for example_complex to None, run_after=None
[2023-09-06T04:27:24.108+0000] {processor.py:175} INFO - Processing /home/airflow/.local/lib/python3.7/site-packages/airflow/example_dags/example_complex.py took 0.272 seconds
[2023-09-06T04:27:54.335+0000] {processor.py:153} INFO - Started process (PID=261) to work on /home/airflow/.local/lib/python3.7/site-packages/airflow/example_dags/example_complex.py
[2023-09-06T04:27:54.336+0000] {processor.py:743} INFO - Processing file /home/airflow/.local/lib/python3.7/site-packages/airflow/example_dags/example_complex.py for tasks to queue
[2023-09-06T04:27:54.338+0000] {logging_mixin.py:137} INFO - [2023-09-06T04:27:54.337+0000] {dagbag.py:538} INFO - Filling up the DagBag from /home/airflow/.local/lib/python3.7/site-packages/airflow/example_dags/example_complex.py
[2023-09-06T04:27:54.355+0000] {logging_mixin.py:137} INFO - [2023-09-06T04:27:54.355+0000] {taskmixin.py:205} WARNING - Dependency <Task(BashOperator): create_entry_group>, delete_entry_group already registered for DAG: example_complex
[2023-09-06T04:27:54.356+0000] {logging_mixin.py:137} INFO - [2023-09-06T04:27:54.356+0000] {taskmixin.py:205} WARNING - Dependency <Task(BashOperator): delete_entry_group>, create_entry_group already registered for DAG: example_complex
[2023-09-06T04:27:54.357+0000] {logging_mixin.py:137} INFO - [2023-09-06T04:27:54.357+0000] {taskmixin.py:205} WARNING - Dependency <Task(BashOperator): create_entry_gcs>, delete_entry already registered for DAG: example_complex
[2023-09-06T04:27:54.357+0000] {logging_mixin.py:137} INFO - [2023-09-06T04:27:54.357+0000] {taskmixin.py:205} WARNING - Dependency <Task(BashOperator): delete_entry>, create_entry_gcs already registered for DAG: example_complex
[2023-09-06T04:27:54.358+0000] {logging_mixin.py:137} INFO - [2023-09-06T04:27:54.358+0000] {taskmixin.py:205} WARNING - Dependency <Task(BashOperator): create_tag>, delete_tag already registered for DAG: example_complex
[2023-09-06T04:27:54.358+0000] {logging_mixin.py:137} INFO - [2023-09-06T04:27:54.358+0000] {taskmixin.py:205} WARNING - Dependency <Task(BashOperator): delete_tag>, create_tag already registered for DAG: example_complex
[2023-09-06T04:27:54.366+0000] {processor.py:753} INFO - DAG(s) dict_keys(['example_complex']) retrieved from /home/airflow/.local/lib/python3.7/site-packages/airflow/example_dags/example_complex.py
[2023-09-06T04:27:54.413+0000] {logging_mixin.py:137} INFO - [2023-09-06T04:27:54.413+0000] {dag.py:2690} INFO - Sync 1 DAGs
[2023-09-06T04:27:54.441+0000] {logging_mixin.py:137} INFO - [2023-09-06T04:27:54.441+0000] {dag.py:3441} INFO - Setting next_dagrun for example_complex to None, run_after=None
[2023-09-06T04:27:54.473+0000] {processor.py:175} INFO - Processing /home/airflow/.local/lib/python3.7/site-packages/airflow/example_dags/example_complex.py took 0.143 seconds
[2023-09-06T04:28:24.797+0000] {processor.py:153} INFO - Started process (PID=320) to work on /home/airflow/.local/lib/python3.7/site-packages/airflow/example_dags/example_complex.py
[2023-09-06T04:28:24.816+0000] {processor.py:743} INFO - Processing file /home/airflow/.local/lib/python3.7/site-packages/airflow/example_dags/example_complex.py for tasks to queue
[2023-09-06T04:28:24.818+0000] {logging_mixin.py:137} INFO - [2023-09-06T04:28:24.817+0000] {dagbag.py:538} INFO - Filling up the DagBag from /home/airflow/.local/lib/python3.7/site-packages/airflow/example_dags/example_complex.py
[2023-09-06T04:28:24.844+0000] {logging_mixin.py:137} INFO - [2023-09-06T04:28:24.843+0000] {taskmixin.py:205} WARNING - Dependency <Task(BashOperator): create_entry_group>, delete_entry_group already registered for DAG: example_complex
[2023-09-06T04:28:24.865+0000] {logging_mixin.py:137} INFO - [2023-09-06T04:28:24.864+0000] {taskmixin.py:205} WARNING - Dependency <Task(BashOperator): delete_entry_group>, create_entry_group already registered for DAG: example_complex
[2023-09-06T04:28:24.875+0000] {logging_mixin.py:137} INFO - [2023-09-06T04:28:24.875+0000] {taskmixin.py:205} WARNING - Dependency <Task(BashOperator): create_entry_gcs>, delete_entry already registered for DAG: example_complex
[2023-09-06T04:28:24.876+0000] {logging_mixin.py:137} INFO - [2023-09-06T04:28:24.876+0000] {taskmixin.py:205} WARNING - Dependency <Task(BashOperator): delete_entry>, create_entry_gcs already registered for DAG: example_complex
[2023-09-06T04:28:24.877+0000] {logging_mixin.py:137} INFO - [2023-09-06T04:28:24.877+0000] {taskmixin.py:205} WARNING - Dependency <Task(BashOperator): create_tag>, delete_tag already registered for DAG: example_complex
[2023-09-06T04:28:24.878+0000] {logging_mixin.py:137} INFO - [2023-09-06T04:28:24.878+0000] {taskmixin.py:205} WARNING - Dependency <Task(BashOperator): delete_tag>, create_tag already registered for DAG: example_complex
[2023-09-06T04:28:24.894+0000] {processor.py:753} INFO - DAG(s) dict_keys(['example_complex']) retrieved from /home/airflow/.local/lib/python3.7/site-packages/airflow/example_dags/example_complex.py
[2023-09-06T04:28:25.055+0000] {logging_mixin.py:137} INFO - [2023-09-06T04:28:25.055+0000] {dag.py:2690} INFO - Sync 1 DAGs
[2023-09-06T04:28:25.182+0000] {logging_mixin.py:137} INFO - [2023-09-06T04:28:25.182+0000] {dag.py:3441} INFO - Setting next_dagrun for example_complex to None, run_after=None
[2023-09-06T04:28:25.285+0000] {processor.py:175} INFO - Processing /home/airflow/.local/lib/python3.7/site-packages/airflow/example_dags/example_complex.py took 0.492 seconds
[2023-09-06T04:29:09.921+0000] {processor.py:153} INFO - Started process (PID=61) to work on /home/airflow/.local/lib/python3.7/site-packages/airflow/example_dags/example_complex.py
[2023-09-06T04:29:09.944+0000] {processor.py:743} INFO - Processing file /home/airflow/.local/lib/python3.7/site-packages/airflow/example_dags/example_complex.py for tasks to queue
[2023-09-06T04:29:09.972+0000] {logging_mixin.py:137} INFO - [2023-09-06T04:29:09.972+0000] {dagbag.py:538} INFO - Filling up the DagBag from /home/airflow/.local/lib/python3.7/site-packages/airflow/example_dags/example_complex.py
[2023-09-06T04:29:10.053+0000] {logging_mixin.py:137} INFO - [2023-09-06T04:29:10.053+0000] {taskmixin.py:205} WARNING - Dependency <Task(BashOperator): create_entry_group>, delete_entry_group already registered for DAG: example_complex
[2023-09-06T04:29:10.054+0000] {logging_mixin.py:137} INFO - [2023-09-06T04:29:10.054+0000] {taskmixin.py:205} WARNING - Dependency <Task(BashOperator): delete_entry_group>, create_entry_group already registered for DAG: example_complex
[2023-09-06T04:29:10.094+0000] {logging_mixin.py:137} INFO - [2023-09-06T04:29:10.094+0000] {taskmixin.py:205} WARNING - Dependency <Task(BashOperator): create_entry_gcs>, delete_entry already registered for DAG: example_complex
[2023-09-06T04:29:10.095+0000] {logging_mixin.py:137} INFO - [2023-09-06T04:29:10.095+0000] {taskmixin.py:205} WARNING - Dependency <Task(BashOperator): delete_entry>, create_entry_gcs already registered for DAG: example_complex
[2023-09-06T04:29:10.096+0000] {logging_mixin.py:137} INFO - [2023-09-06T04:29:10.096+0000] {taskmixin.py:205} WARNING - Dependency <Task(BashOperator): create_tag>, delete_tag already registered for DAG: example_complex
[2023-09-06T04:29:10.096+0000] {logging_mixin.py:137} INFO - [2023-09-06T04:29:10.096+0000] {taskmixin.py:205} WARNING - Dependency <Task(BashOperator): delete_tag>, create_tag already registered for DAG: example_complex
[2023-09-06T04:29:10.118+0000] {processor.py:753} INFO - DAG(s) dict_keys(['example_complex']) retrieved from /home/airflow/.local/lib/python3.7/site-packages/airflow/example_dags/example_complex.py
[2023-09-06T04:29:10.351+0000] {logging_mixin.py:137} INFO - [2023-09-06T04:29:10.351+0000] {dag.py:2690} INFO - Sync 1 DAGs
[2023-09-06T04:29:10.501+0000] {logging_mixin.py:137} INFO - [2023-09-06T04:29:10.501+0000] {dag.py:3441} INFO - Setting next_dagrun for example_complex to None, run_after=None
[2023-09-06T04:29:10.599+0000] {processor.py:175} INFO - Processing /home/airflow/.local/lib/python3.7/site-packages/airflow/example_dags/example_complex.py took 0.681 seconds
[2023-09-06T04:29:41.486+0000] {processor.py:153} INFO - Started process (PID=120) to work on /home/airflow/.local/lib/python3.7/site-packages/airflow/example_dags/example_complex.py
[2023-09-06T04:29:41.488+0000] {processor.py:743} INFO - Processing file /home/airflow/.local/lib/python3.7/site-packages/airflow/example_dags/example_complex.py for tasks to queue
[2023-09-06T04:29:41.489+0000] {logging_mixin.py:137} INFO - [2023-09-06T04:29:41.489+0000] {dagbag.py:538} INFO - Filling up the DagBag from /home/airflow/.local/lib/python3.7/site-packages/airflow/example_dags/example_complex.py
[2023-09-06T04:29:41.502+0000] {logging_mixin.py:137} INFO - [2023-09-06T04:29:41.502+0000] {taskmixin.py:205} WARNING - Dependency <Task(BashOperator): create_entry_group>, delete_entry_group already registered for DAG: example_complex
[2023-09-06T04:29:41.503+0000] {logging_mixin.py:137} INFO - [2023-09-06T04:29:41.503+0000] {taskmixin.py:205} WARNING - Dependency <Task(BashOperator): delete_entry_group>, create_entry_group already registered for DAG: example_complex
[2023-09-06T04:29:41.503+0000] {logging_mixin.py:137} INFO - [2023-09-06T04:29:41.503+0000] {taskmixin.py:205} WARNING - Dependency <Task(BashOperator): create_entry_gcs>, delete_entry already registered for DAG: example_complex
[2023-09-06T04:29:41.504+0000] {logging_mixin.py:137} INFO - [2023-09-06T04:29:41.504+0000] {taskmixin.py:205} WARNING - Dependency <Task(BashOperator): delete_entry>, create_entry_gcs already registered for DAG: example_complex
[2023-09-06T04:29:41.505+0000] {logging_mixin.py:137} INFO - [2023-09-06T04:29:41.504+0000] {taskmixin.py:205} WARNING - Dependency <Task(BashOperator): create_tag>, delete_tag already registered for DAG: example_complex
[2023-09-06T04:29:41.505+0000] {logging_mixin.py:137} INFO - [2023-09-06T04:29:41.505+0000] {taskmixin.py:205} WARNING - Dependency <Task(BashOperator): delete_tag>, create_tag already registered for DAG: example_complex
[2023-09-06T04:29:41.518+0000] {processor.py:753} INFO - DAG(s) dict_keys(['example_complex']) retrieved from /home/airflow/.local/lib/python3.7/site-packages/airflow/example_dags/example_complex.py
[2023-09-06T04:29:41.564+0000] {logging_mixin.py:137} INFO - [2023-09-06T04:29:41.564+0000] {dag.py:2690} INFO - Sync 1 DAGs
[2023-09-06T04:29:41.593+0000] {logging_mixin.py:137} INFO - [2023-09-06T04:29:41.593+0000] {dag.py:3441} INFO - Setting next_dagrun for example_complex to None, run_after=None
[2023-09-06T04:29:41.616+0000] {processor.py:175} INFO - Processing /home/airflow/.local/lib/python3.7/site-packages/airflow/example_dags/example_complex.py took 0.133 seconds
[2023-09-06T04:30:11.812+0000] {processor.py:153} INFO - Started process (PID=179) to work on /home/airflow/.local/lib/python3.7/site-packages/airflow/example_dags/example_complex.py
[2023-09-06T04:30:11.824+0000] {processor.py:743} INFO - Processing file /home/airflow/.local/lib/python3.7/site-packages/airflow/example_dags/example_complex.py for tasks to queue
[2023-09-06T04:30:11.825+0000] {logging_mixin.py:137} INFO - [2023-09-06T04:30:11.825+0000] {dagbag.py:538} INFO - Filling up the DagBag from /home/airflow/.local/lib/python3.7/site-packages/airflow/example_dags/example_complex.py
[2023-09-06T04:30:11.867+0000] {logging_mixin.py:137} INFO - [2023-09-06T04:30:11.867+0000] {taskmixin.py:205} WARNING - Dependency <Task(BashOperator): create_entry_group>, delete_entry_group already registered for DAG: example_complex
[2023-09-06T04:30:11.868+0000] {logging_mixin.py:137} INFO - [2023-09-06T04:30:11.868+0000] {taskmixin.py:205} WARNING - Dependency <Task(BashOperator): delete_entry_group>, create_entry_group already registered for DAG: example_complex
[2023-09-06T04:30:11.870+0000] {logging_mixin.py:137} INFO - [2023-09-06T04:30:11.870+0000] {taskmixin.py:205} WARNING - Dependency <Task(BashOperator): create_entry_gcs>, delete_entry already registered for DAG: example_complex
[2023-09-06T04:30:11.871+0000] {logging_mixin.py:137} INFO - [2023-09-06T04:30:11.871+0000] {taskmixin.py:205} WARNING - Dependency <Task(BashOperator): delete_entry>, create_entry_gcs already registered for DAG: example_complex
[2023-09-06T04:30:11.872+0000] {logging_mixin.py:137} INFO - [2023-09-06T04:30:11.872+0000] {taskmixin.py:205} WARNING - Dependency <Task(BashOperator): create_tag>, delete_tag already registered for DAG: example_complex
[2023-09-06T04:30:11.894+0000] {logging_mixin.py:137} INFO - [2023-09-06T04:30:11.881+0000] {taskmixin.py:205} WARNING - Dependency <Task(BashOperator): delete_tag>, create_tag already registered for DAG: example_complex
[2023-09-06T04:30:11.903+0000] {processor.py:753} INFO - DAG(s) dict_keys(['example_complex']) retrieved from /home/airflow/.local/lib/python3.7/site-packages/airflow/example_dags/example_complex.py
[2023-09-06T04:30:12.034+0000] {logging_mixin.py:137} INFO - [2023-09-06T04:30:12.033+0000] {dag.py:2690} INFO - Sync 1 DAGs
[2023-09-06T04:30:12.125+0000] {logging_mixin.py:137} INFO - [2023-09-06T04:30:12.125+0000] {dag.py:3441} INFO - Setting next_dagrun for example_complex to None, run_after=None
[2023-09-06T04:30:12.185+0000] {processor.py:175} INFO - Processing /home/airflow/.local/lib/python3.7/site-packages/airflow/example_dags/example_complex.py took 0.377 seconds
[2023-09-06T04:30:42.877+0000] {processor.py:153} INFO - Started process (PID=249) to work on /home/airflow/.local/lib/python3.7/site-packages/airflow/example_dags/example_complex.py
[2023-09-06T04:30:42.884+0000] {processor.py:743} INFO - Processing file /home/airflow/.local/lib/python3.7/site-packages/airflow/example_dags/example_complex.py for tasks to queue
[2023-09-06T04:30:42.885+0000] {logging_mixin.py:137} INFO - [2023-09-06T04:30:42.885+0000] {dagbag.py:538} INFO - Filling up the DagBag from /home/airflow/.local/lib/python3.7/site-packages/airflow/example_dags/example_complex.py
[2023-09-06T04:30:42.927+0000] {logging_mixin.py:137} INFO - [2023-09-06T04:30:42.927+0000] {taskmixin.py:205} WARNING - Dependency <Task(BashOperator): create_entry_group>, delete_entry_group already registered for DAG: example_complex
[2023-09-06T04:30:42.929+0000] {logging_mixin.py:137} INFO - [2023-09-06T04:30:42.929+0000] {taskmixin.py:205} WARNING - Dependency <Task(BashOperator): delete_entry_group>, create_entry_group already registered for DAG: example_complex
[2023-09-06T04:30:42.930+0000] {logging_mixin.py:137} INFO - [2023-09-06T04:30:42.930+0000] {taskmixin.py:205} WARNING - Dependency <Task(BashOperator): create_entry_gcs>, delete_entry already registered for DAG: example_complex
[2023-09-06T04:30:42.930+0000] {logging_mixin.py:137} INFO - [2023-09-06T04:30:42.930+0000] {taskmixin.py:205} WARNING - Dependency <Task(BashOperator): delete_entry>, create_entry_gcs already registered for DAG: example_complex
[2023-09-06T04:30:42.931+0000] {logging_mixin.py:137} INFO - [2023-09-06T04:30:42.931+0000] {taskmixin.py:205} WARNING - Dependency <Task(BashOperator): create_tag>, delete_tag already registered for DAG: example_complex
[2023-09-06T04:30:42.933+0000] {logging_mixin.py:137} INFO - [2023-09-06T04:30:42.932+0000] {taskmixin.py:205} WARNING - Dependency <Task(BashOperator): delete_tag>, create_tag already registered for DAG: example_complex
[2023-09-06T04:30:42.958+0000] {processor.py:753} INFO - DAG(s) dict_keys(['example_complex']) retrieved from /home/airflow/.local/lib/python3.7/site-packages/airflow/example_dags/example_complex.py
[2023-09-06T04:30:43.034+0000] {logging_mixin.py:137} INFO - [2023-09-06T04:30:43.033+0000] {dag.py:2690} INFO - Sync 1 DAGs
[2023-09-06T04:30:43.066+0000] {logging_mixin.py:137} INFO - [2023-09-06T04:30:43.066+0000] {dag.py:3441} INFO - Setting next_dagrun for example_complex to None, run_after=None
[2023-09-06T04:30:43.095+0000] {processor.py:175} INFO - Processing /home/airflow/.local/lib/python3.7/site-packages/airflow/example_dags/example_complex.py took 0.224 seconds
[2023-09-06T04:31:13.238+0000] {processor.py:153} INFO - Started process (PID=308) to work on /home/airflow/.local/lib/python3.7/site-packages/airflow/example_dags/example_complex.py
[2023-09-06T04:31:13.240+0000] {processor.py:743} INFO - Processing file /home/airflow/.local/lib/python3.7/site-packages/airflow/example_dags/example_complex.py for tasks to queue
[2023-09-06T04:31:13.241+0000] {logging_mixin.py:137} INFO - [2023-09-06T04:31:13.241+0000] {dagbag.py:538} INFO - Filling up the DagBag from /home/airflow/.local/lib/python3.7/site-packages/airflow/example_dags/example_complex.py
[2023-09-06T04:31:13.261+0000] {logging_mixin.py:137} INFO - [2023-09-06T04:31:13.261+0000] {taskmixin.py:205} WARNING - Dependency <Task(BashOperator): create_entry_group>, delete_entry_group already registered for DAG: example_complex
[2023-09-06T04:31:13.262+0000] {logging_mixin.py:137} INFO - [2023-09-06T04:31:13.262+0000] {taskmixin.py:205} WARNING - Dependency <Task(BashOperator): delete_entry_group>, create_entry_group already registered for DAG: example_complex
[2023-09-06T04:31:13.263+0000] {logging_mixin.py:137} INFO - [2023-09-06T04:31:13.263+0000] {taskmixin.py:205} WARNING - Dependency <Task(BashOperator): create_entry_gcs>, delete_entry already registered for DAG: example_complex
[2023-09-06T04:31:13.265+0000] {logging_mixin.py:137} INFO - [2023-09-06T04:31:13.265+0000] {taskmixin.py:205} WARNING - Dependency <Task(BashOperator): delete_entry>, create_entry_gcs already registered for DAG: example_complex
[2023-09-06T04:31:13.266+0000] {logging_mixin.py:137} INFO - [2023-09-06T04:31:13.266+0000] {taskmixin.py:205} WARNING - Dependency <Task(BashOperator): create_tag>, delete_tag already registered for DAG: example_complex
[2023-09-06T04:31:13.267+0000] {logging_mixin.py:137} INFO - [2023-09-06T04:31:13.267+0000] {taskmixin.py:205} WARNING - Dependency <Task(BashOperator): delete_tag>, create_tag already registered for DAG: example_complex
[2023-09-06T04:31:13.281+0000] {processor.py:753} INFO - DAG(s) dict_keys(['example_complex']) retrieved from /home/airflow/.local/lib/python3.7/site-packages/airflow/example_dags/example_complex.py
[2023-09-06T04:31:13.340+0000] {logging_mixin.py:137} INFO - [2023-09-06T04:31:13.340+0000] {dag.py:2690} INFO - Sync 1 DAGs
[2023-09-06T04:31:13.370+0000] {logging_mixin.py:137} INFO - [2023-09-06T04:31:13.370+0000] {dag.py:3441} INFO - Setting next_dagrun for example_complex to None, run_after=None
[2023-09-06T04:31:13.395+0000] {processor.py:175} INFO - Processing /home/airflow/.local/lib/python3.7/site-packages/airflow/example_dags/example_complex.py took 0.162 seconds
[2023-09-06T04:31:44.284+0000] {processor.py:153} INFO - Started process (PID=366) to work on /home/airflow/.local/lib/python3.7/site-packages/airflow/example_dags/example_complex.py
[2023-09-06T04:31:44.294+0000] {processor.py:743} INFO - Processing file /home/airflow/.local/lib/python3.7/site-packages/airflow/example_dags/example_complex.py for tasks to queue
[2023-09-06T04:31:44.295+0000] {logging_mixin.py:137} INFO - [2023-09-06T04:31:44.295+0000] {dagbag.py:538} INFO - Filling up the DagBag from /home/airflow/.local/lib/python3.7/site-packages/airflow/example_dags/example_complex.py
[2023-09-06T04:31:44.321+0000] {logging_mixin.py:137} INFO - [2023-09-06T04:31:44.321+0000] {taskmixin.py:205} WARNING - Dependency <Task(BashOperator): create_entry_group>, delete_entry_group already registered for DAG: example_complex
[2023-09-06T04:31:44.324+0000] {logging_mixin.py:137} INFO - [2023-09-06T04:31:44.323+0000] {taskmixin.py:205} WARNING - Dependency <Task(BashOperator): delete_entry_group>, create_entry_group already registered for DAG: example_complex
[2023-09-06T04:31:44.324+0000] {logging_mixin.py:137} INFO - [2023-09-06T04:31:44.324+0000] {taskmixin.py:205} WARNING - Dependency <Task(BashOperator): create_entry_gcs>, delete_entry already registered for DAG: example_complex
[2023-09-06T04:31:44.326+0000] {logging_mixin.py:137} INFO - [2023-09-06T04:31:44.326+0000] {taskmixin.py:205} WARNING - Dependency <Task(BashOperator): delete_entry>, create_entry_gcs already registered for DAG: example_complex
[2023-09-06T04:31:44.328+0000] {logging_mixin.py:137} INFO - [2023-09-06T04:31:44.328+0000] {taskmixin.py:205} WARNING - Dependency <Task(BashOperator): create_tag>, delete_tag already registered for DAG: example_complex
[2023-09-06T04:31:44.328+0000] {logging_mixin.py:137} INFO - [2023-09-06T04:31:44.328+0000] {taskmixin.py:205} WARNING - Dependency <Task(BashOperator): delete_tag>, create_tag already registered for DAG: example_complex
[2023-09-06T04:31:44.342+0000] {processor.py:753} INFO - DAG(s) dict_keys(['example_complex']) retrieved from /home/airflow/.local/lib/python3.7/site-packages/airflow/example_dags/example_complex.py
[2023-09-06T04:31:44.397+0000] {logging_mixin.py:137} INFO - [2023-09-06T04:31:44.396+0000] {dag.py:2690} INFO - Sync 1 DAGs
[2023-09-06T04:31:44.442+0000] {logging_mixin.py:137} INFO - [2023-09-06T04:31:44.442+0000] {dag.py:3441} INFO - Setting next_dagrun for example_complex to None, run_after=None
[2023-09-06T04:31:44.504+0000] {processor.py:175} INFO - Processing /home/airflow/.local/lib/python3.7/site-packages/airflow/example_dags/example_complex.py took 0.225 seconds
[2023-09-06T04:32:14.724+0000] {processor.py:153} INFO - Started process (PID=435) to work on /home/airflow/.local/lib/python3.7/site-packages/airflow/example_dags/example_complex.py
[2023-09-06T04:32:14.726+0000] {processor.py:743} INFO - Processing file /home/airflow/.local/lib/python3.7/site-packages/airflow/example_dags/example_complex.py for tasks to queue
[2023-09-06T04:32:14.729+0000] {logging_mixin.py:137} INFO - [2023-09-06T04:32:14.729+0000] {dagbag.py:538} INFO - Filling up the DagBag from /home/airflow/.local/lib/python3.7/site-packages/airflow/example_dags/example_complex.py
[2023-09-06T04:32:14.756+0000] {logging_mixin.py:137} INFO - [2023-09-06T04:32:14.756+0000] {taskmixin.py:205} WARNING - Dependency <Task(BashOperator): create_entry_group>, delete_entry_group already registered for DAG: example_complex
[2023-09-06T04:32:14.758+0000] {logging_mixin.py:137} INFO - [2023-09-06T04:32:14.757+0000] {taskmixin.py:205} WARNING - Dependency <Task(BashOperator): delete_entry_group>, create_entry_group already registered for DAG: example_complex
[2023-09-06T04:32:14.759+0000] {logging_mixin.py:137} INFO - [2023-09-06T04:32:14.759+0000] {taskmixin.py:205} WARNING - Dependency <Task(BashOperator): create_entry_gcs>, delete_entry already registered for DAG: example_complex
[2023-09-06T04:32:14.760+0000] {logging_mixin.py:137} INFO - [2023-09-06T04:32:14.760+0000] {taskmixin.py:205} WARNING - Dependency <Task(BashOperator): delete_entry>, create_entry_gcs already registered for DAG: example_complex
[2023-09-06T04:32:14.761+0000] {logging_mixin.py:137} INFO - [2023-09-06T04:32:14.761+0000] {taskmixin.py:205} WARNING - Dependency <Task(BashOperator): create_tag>, delete_tag already registered for DAG: example_complex
[2023-09-06T04:32:14.762+0000] {logging_mixin.py:137} INFO - [2023-09-06T04:32:14.761+0000] {taskmixin.py:205} WARNING - Dependency <Task(BashOperator): delete_tag>, create_tag already registered for DAG: example_complex
[2023-09-06T04:32:14.777+0000] {processor.py:753} INFO - DAG(s) dict_keys(['example_complex']) retrieved from /home/airflow/.local/lib/python3.7/site-packages/airflow/example_dags/example_complex.py
[2023-09-06T04:32:14.907+0000] {logging_mixin.py:137} INFO - [2023-09-06T04:32:14.906+0000] {dag.py:2690} INFO - Sync 1 DAGs
[2023-09-06T04:32:15.053+0000] {logging_mixin.py:137} INFO - [2023-09-06T04:32:15.053+0000] {dag.py:3441} INFO - Setting next_dagrun for example_complex to None, run_after=None
[2023-09-06T04:32:15.144+0000] {processor.py:175} INFO - Processing /home/airflow/.local/lib/python3.7/site-packages/airflow/example_dags/example_complex.py took 0.435 seconds
[2023-09-06T04:32:45.584+0000] {processor.py:153} INFO - Started process (PID=495) to work on /home/airflow/.local/lib/python3.7/site-packages/airflow/example_dags/example_complex.py
[2023-09-06T04:32:45.585+0000] {processor.py:743} INFO - Processing file /home/airflow/.local/lib/python3.7/site-packages/airflow/example_dags/example_complex.py for tasks to queue
[2023-09-06T04:32:45.586+0000] {logging_mixin.py:137} INFO - [2023-09-06T04:32:45.586+0000] {dagbag.py:538} INFO - Filling up the DagBag from /home/airflow/.local/lib/python3.7/site-packages/airflow/example_dags/example_complex.py
[2023-09-06T04:32:45.603+0000] {logging_mixin.py:137} INFO - [2023-09-06T04:32:45.602+0000] {taskmixin.py:205} WARNING - Dependency <Task(BashOperator): create_entry_group>, delete_entry_group already registered for DAG: example_complex
[2023-09-06T04:32:45.603+0000] {logging_mixin.py:137} INFO - [2023-09-06T04:32:45.603+0000] {taskmixin.py:205} WARNING - Dependency <Task(BashOperator): delete_entry_group>, create_entry_group already registered for DAG: example_complex
[2023-09-06T04:32:45.604+0000] {logging_mixin.py:137} INFO - [2023-09-06T04:32:45.604+0000] {taskmixin.py:205} WARNING - Dependency <Task(BashOperator): create_entry_gcs>, delete_entry already registered for DAG: example_complex
[2023-09-06T04:32:45.605+0000] {logging_mixin.py:137} INFO - [2023-09-06T04:32:45.604+0000] {taskmixin.py:205} WARNING - Dependency <Task(BashOperator): delete_entry>, create_entry_gcs already registered for DAG: example_complex
[2023-09-06T04:32:45.605+0000] {logging_mixin.py:137} INFO - [2023-09-06T04:32:45.605+0000] {taskmixin.py:205} WARNING - Dependency <Task(BashOperator): create_tag>, delete_tag already registered for DAG: example_complex
[2023-09-06T04:32:45.606+0000] {logging_mixin.py:137} INFO - [2023-09-06T04:32:45.606+0000] {taskmixin.py:205} WARNING - Dependency <Task(BashOperator): delete_tag>, create_tag already registered for DAG: example_complex
[2023-09-06T04:32:45.614+0000] {processor.py:753} INFO - DAG(s) dict_keys(['example_complex']) retrieved from /home/airflow/.local/lib/python3.7/site-packages/airflow/example_dags/example_complex.py
[2023-09-06T04:32:45.650+0000] {logging_mixin.py:137} INFO - [2023-09-06T04:32:45.649+0000] {dag.py:2690} INFO - Sync 1 DAGs
[2023-09-06T04:32:45.685+0000] {logging_mixin.py:137} INFO - [2023-09-06T04:32:45.684+0000] {dag.py:3441} INFO - Setting next_dagrun for example_complex to None, run_after=None
[2023-09-06T04:32:45.714+0000] {processor.py:175} INFO - Processing /home/airflow/.local/lib/python3.7/site-packages/airflow/example_dags/example_complex.py took 0.135 seconds
[2023-09-06T04:33:16.470+0000] {processor.py:153} INFO - Started process (PID=565) to work on /home/airflow/.local/lib/python3.7/site-packages/airflow/example_dags/example_complex.py
[2023-09-06T04:33:16.485+0000] {processor.py:743} INFO - Processing file /home/airflow/.local/lib/python3.7/site-packages/airflow/example_dags/example_complex.py for tasks to queue
[2023-09-06T04:33:16.486+0000] {logging_mixin.py:137} INFO - [2023-09-06T04:33:16.486+0000] {dagbag.py:538} INFO - Filling up the DagBag from /home/airflow/.local/lib/python3.7/site-packages/airflow/example_dags/example_complex.py
[2023-09-06T04:33:16.507+0000] {logging_mixin.py:137} INFO - [2023-09-06T04:33:16.506+0000] {taskmixin.py:205} WARNING - Dependency <Task(BashOperator): create_entry_group>, delete_entry_group already registered for DAG: example_complex
[2023-09-06T04:33:16.509+0000] {logging_mixin.py:137} INFO - [2023-09-06T04:33:16.509+0000] {taskmixin.py:205} WARNING - Dependency <Task(BashOperator): delete_entry_group>, create_entry_group already registered for DAG: example_complex
[2023-09-06T04:33:16.510+0000] {logging_mixin.py:137} INFO - [2023-09-06T04:33:16.510+0000] {taskmixin.py:205} WARNING - Dependency <Task(BashOperator): create_entry_gcs>, delete_entry already registered for DAG: example_complex
[2023-09-06T04:33:16.512+0000] {logging_mixin.py:137} INFO - [2023-09-06T04:33:16.512+0000] {taskmixin.py:205} WARNING - Dependency <Task(BashOperator): delete_entry>, create_entry_gcs already registered for DAG: example_complex
[2023-09-06T04:33:16.517+0000] {logging_mixin.py:137} INFO - [2023-09-06T04:33:16.517+0000] {taskmixin.py:205} WARNING - Dependency <Task(BashOperator): create_tag>, delete_tag already registered for DAG: example_complex
[2023-09-06T04:33:16.518+0000] {logging_mixin.py:137} INFO - [2023-09-06T04:33:16.518+0000] {taskmixin.py:205} WARNING - Dependency <Task(BashOperator): delete_tag>, create_tag already registered for DAG: example_complex
[2023-09-06T04:33:16.538+0000] {processor.py:753} INFO - DAG(s) dict_keys(['example_complex']) retrieved from /home/airflow/.local/lib/python3.7/site-packages/airflow/example_dags/example_complex.py
[2023-09-06T04:33:16.614+0000] {logging_mixin.py:137} INFO - [2023-09-06T04:33:16.604+0000] {dag.py:2690} INFO - Sync 1 DAGs
[2023-09-06T04:33:16.672+0000] {logging_mixin.py:137} INFO - [2023-09-06T04:33:16.672+0000] {dag.py:3441} INFO - Setting next_dagrun for example_complex to None, run_after=None
[2023-09-06T04:33:16.718+0000] {processor.py:175} INFO - Processing /home/airflow/.local/lib/python3.7/site-packages/airflow/example_dags/example_complex.py took 0.252 seconds
[2023-09-06T04:33:46.933+0000] {processor.py:153} INFO - Started process (PID=625) to work on /home/airflow/.local/lib/python3.7/site-packages/airflow/example_dags/example_complex.py
[2023-09-06T04:33:46.934+0000] {processor.py:743} INFO - Processing file /home/airflow/.local/lib/python3.7/site-packages/airflow/example_dags/example_complex.py for tasks to queue
[2023-09-06T04:33:46.935+0000] {logging_mixin.py:137} INFO - [2023-09-06T04:33:46.935+0000] {dagbag.py:538} INFO - Filling up the DagBag from /home/airflow/.local/lib/python3.7/site-packages/airflow/example_dags/example_complex.py
[2023-09-06T04:33:46.948+0000] {logging_mixin.py:137} INFO - [2023-09-06T04:33:46.948+0000] {taskmixin.py:205} WARNING - Dependency <Task(BashOperator): create_entry_group>, delete_entry_group already registered for DAG: example_complex
[2023-09-06T04:33:46.949+0000] {logging_mixin.py:137} INFO - [2023-09-06T04:33:46.949+0000] {taskmixin.py:205} WARNING - Dependency <Task(BashOperator): delete_entry_group>, create_entry_group already registered for DAG: example_complex
[2023-09-06T04:33:46.950+0000] {logging_mixin.py:137} INFO - [2023-09-06T04:33:46.949+0000] {taskmixin.py:205} WARNING - Dependency <Task(BashOperator): create_entry_gcs>, delete_entry already registered for DAG: example_complex
[2023-09-06T04:33:46.950+0000] {logging_mixin.py:137} INFO - [2023-09-06T04:33:46.950+0000] {taskmixin.py:205} WARNING - Dependency <Task(BashOperator): delete_entry>, create_entry_gcs already registered for DAG: example_complex
[2023-09-06T04:33:46.951+0000] {logging_mixin.py:137} INFO - [2023-09-06T04:33:46.950+0000] {taskmixin.py:205} WARNING - Dependency <Task(BashOperator): create_tag>, delete_tag already registered for DAG: example_complex
[2023-09-06T04:33:46.951+0000] {logging_mixin.py:137} INFO - [2023-09-06T04:33:46.951+0000] {taskmixin.py:205} WARNING - Dependency <Task(BashOperator): delete_tag>, create_tag already registered for DAG: example_complex
[2023-09-06T04:33:46.959+0000] {processor.py:753} INFO - DAG(s) dict_keys(['example_complex']) retrieved from /home/airflow/.local/lib/python3.7/site-packages/airflow/example_dags/example_complex.py
[2023-09-06T04:33:46.998+0000] {logging_mixin.py:137} INFO - [2023-09-06T04:33:46.998+0000] {dag.py:2690} INFO - Sync 1 DAGs
[2023-09-06T04:33:47.028+0000] {logging_mixin.py:137} INFO - [2023-09-06T04:33:47.028+0000] {dag.py:3441} INFO - Setting next_dagrun for example_complex to None, run_after=None
[2023-09-06T04:33:47.056+0000] {processor.py:175} INFO - Processing /home/airflow/.local/lib/python3.7/site-packages/airflow/example_dags/example_complex.py took 0.127 seconds
[2023-09-06T04:34:54.526+0000] {processor.py:153} INFO - Started process (PID=50) to work on /home/airflow/.local/lib/python3.7/site-packages/airflow/example_dags/example_complex.py
[2023-09-06T04:34:54.528+0000] {processor.py:743} INFO - Processing file /home/airflow/.local/lib/python3.7/site-packages/airflow/example_dags/example_complex.py for tasks to queue
[2023-09-06T04:34:54.530+0000] {logging_mixin.py:137} INFO - [2023-09-06T04:34:54.529+0000] {dagbag.py:538} INFO - Filling up the DagBag from /home/airflow/.local/lib/python3.7/site-packages/airflow/example_dags/example_complex.py
[2023-09-06T04:34:54.562+0000] {logging_mixin.py:137} INFO - [2023-09-06T04:34:54.562+0000] {taskmixin.py:205} WARNING - Dependency <Task(BashOperator): create_entry_group>, delete_entry_group already registered for DAG: example_complex
[2023-09-06T04:34:54.566+0000] {logging_mixin.py:137} INFO - [2023-09-06T04:34:54.566+0000] {taskmixin.py:205} WARNING - Dependency <Task(BashOperator): delete_entry_group>, create_entry_group already registered for DAG: example_complex
[2023-09-06T04:34:54.566+0000] {logging_mixin.py:137} INFO - [2023-09-06T04:34:54.566+0000] {taskmixin.py:205} WARNING - Dependency <Task(BashOperator): create_entry_gcs>, delete_entry already registered for DAG: example_complex
[2023-09-06T04:34:54.567+0000] {logging_mixin.py:137} INFO - [2023-09-06T04:34:54.567+0000] {taskmixin.py:205} WARNING - Dependency <Task(BashOperator): delete_entry>, create_entry_gcs already registered for DAG: example_complex
[2023-09-06T04:34:54.567+0000] {logging_mixin.py:137} INFO - [2023-09-06T04:34:54.567+0000] {taskmixin.py:205} WARNING - Dependency <Task(BashOperator): create_tag>, delete_tag already registered for DAG: example_complex
[2023-09-06T04:34:54.568+0000] {logging_mixin.py:137} INFO - [2023-09-06T04:34:54.568+0000] {taskmixin.py:205} WARNING - Dependency <Task(BashOperator): delete_tag>, create_tag already registered for DAG: example_complex
[2023-09-06T04:34:54.580+0000] {processor.py:753} INFO - DAG(s) dict_keys(['example_complex']) retrieved from /home/airflow/.local/lib/python3.7/site-packages/airflow/example_dags/example_complex.py
[2023-09-06T04:34:54.646+0000] {logging_mixin.py:137} INFO - [2023-09-06T04:34:54.645+0000] {dag.py:2690} INFO - Sync 1 DAGs
[2023-09-06T04:34:54.746+0000] {logging_mixin.py:137} INFO - [2023-09-06T04:34:54.746+0000] {dag.py:3441} INFO - Setting next_dagrun for example_complex to None, run_after=None
[2023-09-06T04:34:54.846+0000] {processor.py:175} INFO - Processing /home/airflow/.local/lib/python3.7/site-packages/airflow/example_dags/example_complex.py took 0.327 seconds
[2023-09-06T04:35:25.459+0000] {processor.py:153} INFO - Started process (PID=109) to work on /home/airflow/.local/lib/python3.7/site-packages/airflow/example_dags/example_complex.py
[2023-09-06T04:35:25.468+0000] {processor.py:743} INFO - Processing file /home/airflow/.local/lib/python3.7/site-packages/airflow/example_dags/example_complex.py for tasks to queue
[2023-09-06T04:35:25.473+0000] {logging_mixin.py:137} INFO - [2023-09-06T04:35:25.472+0000] {dagbag.py:538} INFO - Filling up the DagBag from /home/airflow/.local/lib/python3.7/site-packages/airflow/example_dags/example_complex.py
[2023-09-06T04:35:25.513+0000] {logging_mixin.py:137} INFO - [2023-09-06T04:35:25.513+0000] {taskmixin.py:205} WARNING - Dependency <Task(BashOperator): create_entry_group>, delete_entry_group already registered for DAG: example_complex
[2023-09-06T04:35:25.524+0000] {logging_mixin.py:137} INFO - [2023-09-06T04:35:25.524+0000] {taskmixin.py:205} WARNING - Dependency <Task(BashOperator): delete_entry_group>, create_entry_group already registered for DAG: example_complex
[2023-09-06T04:35:25.525+0000] {logging_mixin.py:137} INFO - [2023-09-06T04:35:25.525+0000] {taskmixin.py:205} WARNING - Dependency <Task(BashOperator): create_entry_gcs>, delete_entry already registered for DAG: example_complex
[2023-09-06T04:35:25.526+0000] {logging_mixin.py:137} INFO - [2023-09-06T04:35:25.526+0000] {taskmixin.py:205} WARNING - Dependency <Task(BashOperator): delete_entry>, create_entry_gcs already registered for DAG: example_complex
[2023-09-06T04:35:25.528+0000] {logging_mixin.py:137} INFO - [2023-09-06T04:35:25.527+0000] {taskmixin.py:205} WARNING - Dependency <Task(BashOperator): create_tag>, delete_tag already registered for DAG: example_complex
[2023-09-06T04:35:25.531+0000] {logging_mixin.py:137} INFO - [2023-09-06T04:35:25.531+0000] {taskmixin.py:205} WARNING - Dependency <Task(BashOperator): delete_tag>, create_tag already registered for DAG: example_complex
[2023-09-06T04:35:25.552+0000] {processor.py:753} INFO - DAG(s) dict_keys(['example_complex']) retrieved from /home/airflow/.local/lib/python3.7/site-packages/airflow/example_dags/example_complex.py
[2023-09-06T04:35:25.595+0000] {logging_mixin.py:137} INFO - [2023-09-06T04:35:25.595+0000] {dag.py:2690} INFO - Sync 1 DAGs
[2023-09-06T04:35:25.755+0000] {logging_mixin.py:137} INFO - [2023-09-06T04:35:25.754+0000] {dag.py:3441} INFO - Setting next_dagrun for example_complex to None, run_after=None
[2023-09-06T04:35:25.796+0000] {processor.py:175} INFO - Processing /home/airflow/.local/lib/python3.7/site-packages/airflow/example_dags/example_complex.py took 0.346 seconds
[2023-09-06T04:35:56.784+0000] {processor.py:153} INFO - Started process (PID=169) to work on /home/airflow/.local/lib/python3.7/site-packages/airflow/example_dags/example_complex.py
[2023-09-06T04:35:56.785+0000] {processor.py:743} INFO - Processing file /home/airflow/.local/lib/python3.7/site-packages/airflow/example_dags/example_complex.py for tasks to queue
[2023-09-06T04:35:56.791+0000] {logging_mixin.py:137} INFO - [2023-09-06T04:35:56.787+0000] {dagbag.py:538} INFO - Filling up the DagBag from /home/airflow/.local/lib/python3.7/site-packages/airflow/example_dags/example_complex.py
[2023-09-06T04:35:56.822+0000] {logging_mixin.py:137} INFO - [2023-09-06T04:35:56.822+0000] {taskmixin.py:205} WARNING - Dependency <Task(BashOperator): create_entry_group>, delete_entry_group already registered for DAG: example_complex
[2023-09-06T04:35:56.826+0000] {logging_mixin.py:137} INFO - [2023-09-06T04:35:56.825+0000] {taskmixin.py:205} WARNING - Dependency <Task(BashOperator): delete_entry_group>, create_entry_group already registered for DAG: example_complex
[2023-09-06T04:35:56.827+0000] {logging_mixin.py:137} INFO - [2023-09-06T04:35:56.826+0000] {taskmixin.py:205} WARNING - Dependency <Task(BashOperator): create_entry_gcs>, delete_entry already registered for DAG: example_complex
[2023-09-06T04:35:56.830+0000] {logging_mixin.py:137} INFO - [2023-09-06T04:35:56.830+0000] {taskmixin.py:205} WARNING - Dependency <Task(BashOperator): delete_entry>, create_entry_gcs already registered for DAG: example_complex
[2023-09-06T04:35:56.831+0000] {logging_mixin.py:137} INFO - [2023-09-06T04:35:56.831+0000] {taskmixin.py:205} WARNING - Dependency <Task(BashOperator): create_tag>, delete_tag already registered for DAG: example_complex
[2023-09-06T04:35:56.831+0000] {logging_mixin.py:137} INFO - [2023-09-06T04:35:56.831+0000] {taskmixin.py:205} WARNING - Dependency <Task(BashOperator): delete_tag>, create_tag already registered for DAG: example_complex
[2023-09-06T04:35:56.840+0000] {processor.py:753} INFO - DAG(s) dict_keys(['example_complex']) retrieved from /home/airflow/.local/lib/python3.7/site-packages/airflow/example_dags/example_complex.py
[2023-09-06T04:35:56.955+0000] {logging_mixin.py:137} INFO - [2023-09-06T04:35:56.955+0000] {dag.py:2690} INFO - Sync 1 DAGs
[2023-09-06T04:35:57.004+0000] {logging_mixin.py:137} INFO - [2023-09-06T04:35:57.004+0000] {dag.py:3441} INFO - Setting next_dagrun for example_complex to None, run_after=None
[2023-09-06T04:35:57.057+0000] {processor.py:175} INFO - Processing /home/airflow/.local/lib/python3.7/site-packages/airflow/example_dags/example_complex.py took 0.277 seconds
[2023-09-06T04:36:27.702+0000] {processor.py:153} INFO - Started process (PID=239) to work on /home/airflow/.local/lib/python3.7/site-packages/airflow/example_dags/example_complex.py
[2023-09-06T04:36:27.704+0000] {processor.py:743} INFO - Processing file /home/airflow/.local/lib/python3.7/site-packages/airflow/example_dags/example_complex.py for tasks to queue
[2023-09-06T04:36:27.715+0000] {logging_mixin.py:137} INFO - [2023-09-06T04:36:27.715+0000] {dagbag.py:538} INFO - Filling up the DagBag from /home/airflow/.local/lib/python3.7/site-packages/airflow/example_dags/example_complex.py
[2023-09-06T04:36:27.743+0000] {logging_mixin.py:137} INFO - [2023-09-06T04:36:27.743+0000] {taskmixin.py:205} WARNING - Dependency <Task(BashOperator): create_entry_group>, delete_entry_group already registered for DAG: example_complex
[2023-09-06T04:36:27.745+0000] {logging_mixin.py:137} INFO - [2023-09-06T04:36:27.745+0000] {taskmixin.py:205} WARNING - Dependency <Task(BashOperator): delete_entry_group>, create_entry_group already registered for DAG: example_complex
[2023-09-06T04:36:27.749+0000] {logging_mixin.py:137} INFO - [2023-09-06T04:36:27.748+0000] {taskmixin.py:205} WARNING - Dependency <Task(BashOperator): create_entry_gcs>, delete_entry already registered for DAG: example_complex
[2023-09-06T04:36:27.749+0000] {logging_mixin.py:137} INFO - [2023-09-06T04:36:27.749+0000] {taskmixin.py:205} WARNING - Dependency <Task(BashOperator): delete_entry>, create_entry_gcs already registered for DAG: example_complex
[2023-09-06T04:36:27.750+0000] {logging_mixin.py:137} INFO - [2023-09-06T04:36:27.750+0000] {taskmixin.py:205} WARNING - Dependency <Task(BashOperator): create_tag>, delete_tag already registered for DAG: example_complex
[2023-09-06T04:36:27.759+0000] {logging_mixin.py:137} INFO - [2023-09-06T04:36:27.759+0000] {taskmixin.py:205} WARNING - Dependency <Task(BashOperator): delete_tag>, create_tag already registered for DAG: example_complex
[2023-09-06T04:36:27.778+0000] {processor.py:753} INFO - DAG(s) dict_keys(['example_complex']) retrieved from /home/airflow/.local/lib/python3.7/site-packages/airflow/example_dags/example_complex.py
[2023-09-06T04:36:27.909+0000] {logging_mixin.py:137} INFO - [2023-09-06T04:36:27.909+0000] {dag.py:2690} INFO - Sync 1 DAGs
[2023-09-06T04:36:28.020+0000] {logging_mixin.py:137} INFO - [2023-09-06T04:36:28.019+0000] {dag.py:3441} INFO - Setting next_dagrun for example_complex to None, run_after=None
[2023-09-06T04:36:28.089+0000] {processor.py:175} INFO - Processing /home/airflow/.local/lib/python3.7/site-packages/airflow/example_dags/example_complex.py took 0.392 seconds
[2023-09-06T04:36:58.923+0000] {processor.py:153} INFO - Started process (PID=298) to work on /home/airflow/.local/lib/python3.7/site-packages/airflow/example_dags/example_complex.py
[2023-09-06T04:36:58.925+0000] {processor.py:743} INFO - Processing file /home/airflow/.local/lib/python3.7/site-packages/airflow/example_dags/example_complex.py for tasks to queue
[2023-09-06T04:36:58.927+0000] {logging_mixin.py:137} INFO - [2023-09-06T04:36:58.927+0000] {dagbag.py:538} INFO - Filling up the DagBag from /home/airflow/.local/lib/python3.7/site-packages/airflow/example_dags/example_complex.py
[2023-09-06T04:36:58.968+0000] {logging_mixin.py:137} INFO - [2023-09-06T04:36:58.968+0000] {taskmixin.py:205} WARNING - Dependency <Task(BashOperator): create_entry_group>, delete_entry_group already registered for DAG: example_complex
[2023-09-06T04:36:58.974+0000] {logging_mixin.py:137} INFO - [2023-09-06T04:36:58.973+0000] {taskmixin.py:205} WARNING - Dependency <Task(BashOperator): delete_entry_group>, create_entry_group already registered for DAG: example_complex
[2023-09-06T04:36:58.980+0000] {logging_mixin.py:137} INFO - [2023-09-06T04:36:58.979+0000] {taskmixin.py:205} WARNING - Dependency <Task(BashOperator): create_entry_gcs>, delete_entry already registered for DAG: example_complex
[2023-09-06T04:36:58.982+0000] {logging_mixin.py:137} INFO - [2023-09-06T04:36:58.982+0000] {taskmixin.py:205} WARNING - Dependency <Task(BashOperator): delete_entry>, create_entry_gcs already registered for DAG: example_complex
[2023-09-06T04:36:58.984+0000] {logging_mixin.py:137} INFO - [2023-09-06T04:36:58.984+0000] {taskmixin.py:205} WARNING - Dependency <Task(BashOperator): create_tag>, delete_tag already registered for DAG: example_complex
[2023-09-06T04:36:58.985+0000] {logging_mixin.py:137} INFO - [2023-09-06T04:36:58.985+0000] {taskmixin.py:205} WARNING - Dependency <Task(BashOperator): delete_tag>, create_tag already registered for DAG: example_complex
[2023-09-06T04:36:59.024+0000] {processor.py:753} INFO - DAG(s) dict_keys(['example_complex']) retrieved from /home/airflow/.local/lib/python3.7/site-packages/airflow/example_dags/example_complex.py
[2023-09-06T04:36:59.135+0000] {logging_mixin.py:137} INFO - [2023-09-06T04:36:59.134+0000] {dag.py:2690} INFO - Sync 1 DAGs
[2023-09-06T04:36:59.193+0000] {logging_mixin.py:137} INFO - [2023-09-06T04:36:59.193+0000] {dag.py:3441} INFO - Setting next_dagrun for example_complex to None, run_after=None
[2023-09-06T04:36:59.235+0000] {processor.py:175} INFO - Processing /home/airflow/.local/lib/python3.7/site-packages/airflow/example_dags/example_complex.py took 0.316 seconds
[2023-09-06T04:37:29.296+0000] {processor.py:153} INFO - Started process (PID=356) to work on /home/airflow/.local/lib/python3.7/site-packages/airflow/example_dags/example_complex.py
[2023-09-06T04:37:29.299+0000] {processor.py:743} INFO - Processing file /home/airflow/.local/lib/python3.7/site-packages/airflow/example_dags/example_complex.py for tasks to queue
[2023-09-06T04:37:29.301+0000] {logging_mixin.py:137} INFO - [2023-09-06T04:37:29.301+0000] {dagbag.py:538} INFO - Filling up the DagBag from /home/airflow/.local/lib/python3.7/site-packages/airflow/example_dags/example_complex.py
[2023-09-06T04:37:29.320+0000] {logging_mixin.py:137} INFO - [2023-09-06T04:37:29.319+0000] {taskmixin.py:205} WARNING - Dependency <Task(BashOperator): create_entry_group>, delete_entry_group already registered for DAG: example_complex
[2023-09-06T04:37:29.321+0000] {logging_mixin.py:137} INFO - [2023-09-06T04:37:29.321+0000] {taskmixin.py:205} WARNING - Dependency <Task(BashOperator): delete_entry_group>, create_entry_group already registered for DAG: example_complex
[2023-09-06T04:37:29.322+0000] {logging_mixin.py:137} INFO - [2023-09-06T04:37:29.322+0000] {taskmixin.py:205} WARNING - Dependency <Task(BashOperator): create_entry_gcs>, delete_entry already registered for DAG: example_complex
[2023-09-06T04:37:29.323+0000] {logging_mixin.py:137} INFO - [2023-09-06T04:37:29.322+0000] {taskmixin.py:205} WARNING - Dependency <Task(BashOperator): delete_entry>, create_entry_gcs already registered for DAG: example_complex
[2023-09-06T04:37:29.325+0000] {logging_mixin.py:137} INFO - [2023-09-06T04:37:29.325+0000] {taskmixin.py:205} WARNING - Dependency <Task(BashOperator): create_tag>, delete_tag already registered for DAG: example_complex
[2023-09-06T04:37:29.326+0000] {logging_mixin.py:137} INFO - [2023-09-06T04:37:29.326+0000] {taskmixin.py:205} WARNING - Dependency <Task(BashOperator): delete_tag>, create_tag already registered for DAG: example_complex
[2023-09-06T04:37:29.336+0000] {processor.py:753} INFO - DAG(s) dict_keys(['example_complex']) retrieved from /home/airflow/.local/lib/python3.7/site-packages/airflow/example_dags/example_complex.py
[2023-09-06T04:37:29.414+0000] {logging_mixin.py:137} INFO - [2023-09-06T04:37:29.414+0000] {dag.py:2690} INFO - Sync 1 DAGs
[2023-09-06T04:37:29.460+0000] {logging_mixin.py:137} INFO - [2023-09-06T04:37:29.459+0000] {dag.py:3441} INFO - Setting next_dagrun for example_complex to None, run_after=None
[2023-09-06T04:37:29.509+0000] {processor.py:175} INFO - Processing /home/airflow/.local/lib/python3.7/site-packages/airflow/example_dags/example_complex.py took 0.217 seconds
[2023-09-06T04:37:59.614+0000] {processor.py:153} INFO - Started process (PID=415) to work on /home/airflow/.local/lib/python3.7/site-packages/airflow/example_dags/example_complex.py
[2023-09-06T04:37:59.616+0000] {processor.py:743} INFO - Processing file /home/airflow/.local/lib/python3.7/site-packages/airflow/example_dags/example_complex.py for tasks to queue
[2023-09-06T04:37:59.618+0000] {logging_mixin.py:137} INFO - [2023-09-06T04:37:59.618+0000] {dagbag.py:538} INFO - Filling up the DagBag from /home/airflow/.local/lib/python3.7/site-packages/airflow/example_dags/example_complex.py
[2023-09-06T04:37:59.641+0000] {logging_mixin.py:137} INFO - [2023-09-06T04:37:59.640+0000] {taskmixin.py:205} WARNING - Dependency <Task(BashOperator): create_entry_group>, delete_entry_group already registered for DAG: example_complex
[2023-09-06T04:37:59.642+0000] {logging_mixin.py:137} INFO - [2023-09-06T04:37:59.642+0000] {taskmixin.py:205} WARNING - Dependency <Task(BashOperator): delete_entry_group>, create_entry_group already registered for DAG: example_complex
[2023-09-06T04:37:59.643+0000] {logging_mixin.py:137} INFO - [2023-09-06T04:37:59.643+0000] {taskmixin.py:205} WARNING - Dependency <Task(BashOperator): create_entry_gcs>, delete_entry already registered for DAG: example_complex
[2023-09-06T04:37:59.643+0000] {logging_mixin.py:137} INFO - [2023-09-06T04:37:59.643+0000] {taskmixin.py:205} WARNING - Dependency <Task(BashOperator): delete_entry>, create_entry_gcs already registered for DAG: example_complex
[2023-09-06T04:37:59.644+0000] {logging_mixin.py:137} INFO - [2023-09-06T04:37:59.644+0000] {taskmixin.py:205} WARNING - Dependency <Task(BashOperator): create_tag>, delete_tag already registered for DAG: example_complex
[2023-09-06T04:37:59.645+0000] {logging_mixin.py:137} INFO - [2023-09-06T04:37:59.645+0000] {taskmixin.py:205} WARNING - Dependency <Task(BashOperator): delete_tag>, create_tag already registered for DAG: example_complex
[2023-09-06T04:37:59.656+0000] {processor.py:753} INFO - DAG(s) dict_keys(['example_complex']) retrieved from /home/airflow/.local/lib/python3.7/site-packages/airflow/example_dags/example_complex.py
[2023-09-06T04:37:59.712+0000] {logging_mixin.py:137} INFO - [2023-09-06T04:37:59.711+0000] {dag.py:2690} INFO - Sync 1 DAGs
[2023-09-06T04:37:59.760+0000] {logging_mixin.py:137} INFO - [2023-09-06T04:37:59.760+0000] {dag.py:3441} INFO - Setting next_dagrun for example_complex to None, run_after=None
[2023-09-06T04:37:59.805+0000] {processor.py:175} INFO - Processing /home/airflow/.local/lib/python3.7/site-packages/airflow/example_dags/example_complex.py took 0.196 seconds
[2023-09-06T04:38:30.780+0000] {processor.py:153} INFO - Started process (PID=485) to work on /home/airflow/.local/lib/python3.7/site-packages/airflow/example_dags/example_complex.py
[2023-09-06T04:38:30.794+0000] {processor.py:743} INFO - Processing file /home/airflow/.local/lib/python3.7/site-packages/airflow/example_dags/example_complex.py for tasks to queue
[2023-09-06T04:38:30.797+0000] {logging_mixin.py:137} INFO - [2023-09-06T04:38:30.796+0000] {dagbag.py:538} INFO - Filling up the DagBag from /home/airflow/.local/lib/python3.7/site-packages/airflow/example_dags/example_complex.py
[2023-09-06T04:38:30.833+0000] {logging_mixin.py:137} INFO - [2023-09-06T04:38:30.833+0000] {taskmixin.py:205} WARNING - Dependency <Task(BashOperator): create_entry_group>, delete_entry_group already registered for DAG: example_complex
[2023-09-06T04:38:30.834+0000] {logging_mixin.py:137} INFO - [2023-09-06T04:38:30.834+0000] {taskmixin.py:205} WARNING - Dependency <Task(BashOperator): delete_entry_group>, create_entry_group already registered for DAG: example_complex
[2023-09-06T04:38:30.865+0000] {logging_mixin.py:137} INFO - [2023-09-06T04:38:30.865+0000] {taskmixin.py:205} WARNING - Dependency <Task(BashOperator): create_entry_gcs>, delete_entry already registered for DAG: example_complex
[2023-09-06T04:38:30.866+0000] {logging_mixin.py:137} INFO - [2023-09-06T04:38:30.866+0000] {taskmixin.py:205} WARNING - Dependency <Task(BashOperator): delete_entry>, create_entry_gcs already registered for DAG: example_complex
[2023-09-06T04:38:30.868+0000] {logging_mixin.py:137} INFO - [2023-09-06T04:38:30.868+0000] {taskmixin.py:205} WARNING - Dependency <Task(BashOperator): create_tag>, delete_tag already registered for DAG: example_complex
[2023-09-06T04:38:30.872+0000] {logging_mixin.py:137} INFO - [2023-09-06T04:38:30.872+0000] {taskmixin.py:205} WARNING - Dependency <Task(BashOperator): delete_tag>, create_tag already registered for DAG: example_complex
[2023-09-06T04:38:30.916+0000] {processor.py:753} INFO - DAG(s) dict_keys(['example_complex']) retrieved from /home/airflow/.local/lib/python3.7/site-packages/airflow/example_dags/example_complex.py
[2023-09-06T04:38:31.064+0000] {logging_mixin.py:137} INFO - [2023-09-06T04:38:31.063+0000] {dag.py:2690} INFO - Sync 1 DAGs
[2023-09-06T04:38:31.145+0000] {logging_mixin.py:137} INFO - [2023-09-06T04:38:31.145+0000] {dag.py:3441} INFO - Setting next_dagrun for example_complex to None, run_after=None
[2023-09-06T04:38:31.259+0000] {processor.py:175} INFO - Processing /home/airflow/.local/lib/python3.7/site-packages/airflow/example_dags/example_complex.py took 0.483 seconds
[2023-09-06T04:39:01.778+0000] {processor.py:153} INFO - Started process (PID=544) to work on /home/airflow/.local/lib/python3.7/site-packages/airflow/example_dags/example_complex.py
[2023-09-06T04:39:01.779+0000] {processor.py:743} INFO - Processing file /home/airflow/.local/lib/python3.7/site-packages/airflow/example_dags/example_complex.py for tasks to queue
[2023-09-06T04:39:01.781+0000] {logging_mixin.py:137} INFO - [2023-09-06T04:39:01.780+0000] {dagbag.py:538} INFO - Filling up the DagBag from /home/airflow/.local/lib/python3.7/site-packages/airflow/example_dags/example_complex.py
[2023-09-06T04:39:01.795+0000] {logging_mixin.py:137} INFO - [2023-09-06T04:39:01.795+0000] {taskmixin.py:205} WARNING - Dependency <Task(BashOperator): create_entry_group>, delete_entry_group already registered for DAG: example_complex
[2023-09-06T04:39:01.796+0000] {logging_mixin.py:137} INFO - [2023-09-06T04:39:01.796+0000] {taskmixin.py:205} WARNING - Dependency <Task(BashOperator): delete_entry_group>, create_entry_group already registered for DAG: example_complex
[2023-09-06T04:39:01.797+0000] {logging_mixin.py:137} INFO - [2023-09-06T04:39:01.797+0000] {taskmixin.py:205} WARNING - Dependency <Task(BashOperator): create_entry_gcs>, delete_entry already registered for DAG: example_complex
[2023-09-06T04:39:01.798+0000] {logging_mixin.py:137} INFO - [2023-09-06T04:39:01.798+0000] {taskmixin.py:205} WARNING - Dependency <Task(BashOperator): delete_entry>, create_entry_gcs already registered for DAG: example_complex
[2023-09-06T04:39:01.799+0000] {logging_mixin.py:137} INFO - [2023-09-06T04:39:01.799+0000] {taskmixin.py:205} WARNING - Dependency <Task(BashOperator): create_tag>, delete_tag already registered for DAG: example_complex
[2023-09-06T04:39:01.799+0000] {logging_mixin.py:137} INFO - [2023-09-06T04:39:01.799+0000] {taskmixin.py:205} WARNING - Dependency <Task(BashOperator): delete_tag>, create_tag already registered for DAG: example_complex
[2023-09-06T04:39:01.809+0000] {processor.py:753} INFO - DAG(s) dict_keys(['example_complex']) retrieved from /home/airflow/.local/lib/python3.7/site-packages/airflow/example_dags/example_complex.py
[2023-09-06T04:39:01.829+0000] {logging_mixin.py:137} INFO - [2023-09-06T04:39:01.828+0000] {dag.py:2690} INFO - Sync 1 DAGs
[2023-09-06T04:39:01.869+0000] {logging_mixin.py:137} INFO - [2023-09-06T04:39:01.869+0000] {dag.py:3441} INFO - Setting next_dagrun for example_complex to None, run_after=None
[2023-09-06T04:39:01.898+0000] {processor.py:175} INFO - Processing /home/airflow/.local/lib/python3.7/site-packages/airflow/example_dags/example_complex.py took 0.125 seconds
[2023-09-06T04:39:32.778+0000] {processor.py:153} INFO - Started process (PID=603) to work on /home/airflow/.local/lib/python3.7/site-packages/airflow/example_dags/example_complex.py
[2023-09-06T04:39:32.786+0000] {processor.py:743} INFO - Processing file /home/airflow/.local/lib/python3.7/site-packages/airflow/example_dags/example_complex.py for tasks to queue
[2023-09-06T04:39:32.788+0000] {logging_mixin.py:137} INFO - [2023-09-06T04:39:32.788+0000] {dagbag.py:538} INFO - Filling up the DagBag from /home/airflow/.local/lib/python3.7/site-packages/airflow/example_dags/example_complex.py
[2023-09-06T04:39:32.834+0000] {logging_mixin.py:137} INFO - [2023-09-06T04:39:32.832+0000] {taskmixin.py:205} WARNING - Dependency <Task(BashOperator): create_entry_group>, delete_entry_group already registered for DAG: example_complex
[2023-09-06T04:39:32.842+0000] {logging_mixin.py:137} INFO - [2023-09-06T04:39:32.842+0000] {taskmixin.py:205} WARNING - Dependency <Task(BashOperator): delete_entry_group>, create_entry_group already registered for DAG: example_complex
[2023-09-06T04:39:32.855+0000] {logging_mixin.py:137} INFO - [2023-09-06T04:39:32.855+0000] {taskmixin.py:205} WARNING - Dependency <Task(BashOperator): create_entry_gcs>, delete_entry already registered for DAG: example_complex
[2023-09-06T04:39:32.856+0000] {logging_mixin.py:137} INFO - [2023-09-06T04:39:32.856+0000] {taskmixin.py:205} WARNING - Dependency <Task(BashOperator): delete_entry>, create_entry_gcs already registered for DAG: example_complex
[2023-09-06T04:39:32.857+0000] {logging_mixin.py:137} INFO - [2023-09-06T04:39:32.857+0000] {taskmixin.py:205} WARNING - Dependency <Task(BashOperator): create_tag>, delete_tag already registered for DAG: example_complex
[2023-09-06T04:39:32.857+0000] {logging_mixin.py:137} INFO - [2023-09-06T04:39:32.857+0000] {taskmixin.py:205} WARNING - Dependency <Task(BashOperator): delete_tag>, create_tag already registered for DAG: example_complex
[2023-09-06T04:39:32.889+0000] {processor.py:753} INFO - DAG(s) dict_keys(['example_complex']) retrieved from /home/airflow/.local/lib/python3.7/site-packages/airflow/example_dags/example_complex.py
[2023-09-06T04:39:33.005+0000] {logging_mixin.py:137} INFO - [2023-09-06T04:39:33.005+0000] {dag.py:2690} INFO - Sync 1 DAGs
[2023-09-06T04:39:33.086+0000] {logging_mixin.py:137} INFO - [2023-09-06T04:39:33.085+0000] {dag.py:3441} INFO - Setting next_dagrun for example_complex to None, run_after=None
[2023-09-06T04:39:33.129+0000] {processor.py:175} INFO - Processing /home/airflow/.local/lib/python3.7/site-packages/airflow/example_dags/example_complex.py took 0.357 seconds
[2023-09-06T04:40:03.608+0000] {processor.py:153} INFO - Started process (PID=673) to work on /home/airflow/.local/lib/python3.7/site-packages/airflow/example_dags/example_complex.py
[2023-09-06T04:40:03.610+0000] {processor.py:743} INFO - Processing file /home/airflow/.local/lib/python3.7/site-packages/airflow/example_dags/example_complex.py for tasks to queue
[2023-09-06T04:40:03.626+0000] {logging_mixin.py:137} INFO - [2023-09-06T04:40:03.626+0000] {dagbag.py:538} INFO - Filling up the DagBag from /home/airflow/.local/lib/python3.7/site-packages/airflow/example_dags/example_complex.py
[2023-09-06T04:40:03.677+0000] {logging_mixin.py:137} INFO - [2023-09-06T04:40:03.676+0000] {taskmixin.py:205} WARNING - Dependency <Task(BashOperator): create_entry_group>, delete_entry_group already registered for DAG: example_complex
[2023-09-06T04:40:03.678+0000] {logging_mixin.py:137} INFO - [2023-09-06T04:40:03.677+0000] {taskmixin.py:205} WARNING - Dependency <Task(BashOperator): delete_entry_group>, create_entry_group already registered for DAG: example_complex
[2023-09-06T04:40:03.678+0000] {logging_mixin.py:137} INFO - [2023-09-06T04:40:03.678+0000] {taskmixin.py:205} WARNING - Dependency <Task(BashOperator): create_entry_gcs>, delete_entry already registered for DAG: example_complex
[2023-09-06T04:40:03.679+0000] {logging_mixin.py:137} INFO - [2023-09-06T04:40:03.679+0000] {taskmixin.py:205} WARNING - Dependency <Task(BashOperator): delete_entry>, create_entry_gcs already registered for DAG: example_complex
[2023-09-06T04:40:03.680+0000] {logging_mixin.py:137} INFO - [2023-09-06T04:40:03.680+0000] {taskmixin.py:205} WARNING - Dependency <Task(BashOperator): create_tag>, delete_tag already registered for DAG: example_complex
[2023-09-06T04:40:03.681+0000] {logging_mixin.py:137} INFO - [2023-09-06T04:40:03.680+0000] {taskmixin.py:205} WARNING - Dependency <Task(BashOperator): delete_tag>, create_tag already registered for DAG: example_complex
[2023-09-06T04:40:03.694+0000] {processor.py:753} INFO - DAG(s) dict_keys(['example_complex']) retrieved from /home/airflow/.local/lib/python3.7/site-packages/airflow/example_dags/example_complex.py
[2023-09-06T04:40:03.751+0000] {logging_mixin.py:137} INFO - [2023-09-06T04:40:03.751+0000] {dag.py:2690} INFO - Sync 1 DAGs
[2023-09-06T04:40:03.810+0000] {logging_mixin.py:137} INFO - [2023-09-06T04:40:03.809+0000] {dag.py:3441} INFO - Setting next_dagrun for example_complex to None, run_after=None
[2023-09-06T04:40:03.852+0000] {processor.py:175} INFO - Processing /home/airflow/.local/lib/python3.7/site-packages/airflow/example_dags/example_complex.py took 0.252 seconds
[2023-09-06T04:40:34.248+0000] {processor.py:153} INFO - Started process (PID=732) to work on /home/airflow/.local/lib/python3.7/site-packages/airflow/example_dags/example_complex.py
[2023-09-06T04:40:34.249+0000] {processor.py:743} INFO - Processing file /home/airflow/.local/lib/python3.7/site-packages/airflow/example_dags/example_complex.py for tasks to queue
[2023-09-06T04:40:34.250+0000] {logging_mixin.py:137} INFO - [2023-09-06T04:40:34.250+0000] {dagbag.py:538} INFO - Filling up the DagBag from /home/airflow/.local/lib/python3.7/site-packages/airflow/example_dags/example_complex.py
[2023-09-06T04:40:34.266+0000] {logging_mixin.py:137} INFO - [2023-09-06T04:40:34.266+0000] {taskmixin.py:205} WARNING - Dependency <Task(BashOperator): create_entry_group>, delete_entry_group already registered for DAG: example_complex
[2023-09-06T04:40:34.267+0000] {logging_mixin.py:137} INFO - [2023-09-06T04:40:34.267+0000] {taskmixin.py:205} WARNING - Dependency <Task(BashOperator): delete_entry_group>, create_entry_group already registered for DAG: example_complex
[2023-09-06T04:40:34.268+0000] {logging_mixin.py:137} INFO - [2023-09-06T04:40:34.267+0000] {taskmixin.py:205} WARNING - Dependency <Task(BashOperator): create_entry_gcs>, delete_entry already registered for DAG: example_complex
[2023-09-06T04:40:34.268+0000] {logging_mixin.py:137} INFO - [2023-09-06T04:40:34.268+0000] {taskmixin.py:205} WARNING - Dependency <Task(BashOperator): delete_entry>, create_entry_gcs already registered for DAG: example_complex
[2023-09-06T04:40:34.269+0000] {logging_mixin.py:137} INFO - [2023-09-06T04:40:34.269+0000] {taskmixin.py:205} WARNING - Dependency <Task(BashOperator): create_tag>, delete_tag already registered for DAG: example_complex
[2023-09-06T04:40:34.270+0000] {logging_mixin.py:137} INFO - [2023-09-06T04:40:34.270+0000] {taskmixin.py:205} WARNING - Dependency <Task(BashOperator): delete_tag>, create_tag already registered for DAG: example_complex
[2023-09-06T04:40:34.282+0000] {processor.py:753} INFO - DAG(s) dict_keys(['example_complex']) retrieved from /home/airflow/.local/lib/python3.7/site-packages/airflow/example_dags/example_complex.py
[2023-09-06T04:40:34.324+0000] {logging_mixin.py:137} INFO - [2023-09-06T04:40:34.324+0000] {dag.py:2690} INFO - Sync 1 DAGs
[2023-09-06T04:40:34.355+0000] {logging_mixin.py:137} INFO - [2023-09-06T04:40:34.355+0000] {dag.py:3441} INFO - Setting next_dagrun for example_complex to None, run_after=None
[2023-09-06T04:40:34.376+0000] {processor.py:175} INFO - Processing /home/airflow/.local/lib/python3.7/site-packages/airflow/example_dags/example_complex.py took 0.132 seconds
[2023-09-06T04:41:04.497+0000] {processor.py:153} INFO - Started process (PID=792) to work on /home/airflow/.local/lib/python3.7/site-packages/airflow/example_dags/example_complex.py
[2023-09-06T04:41:04.502+0000] {processor.py:743} INFO - Processing file /home/airflow/.local/lib/python3.7/site-packages/airflow/example_dags/example_complex.py for tasks to queue
[2023-09-06T04:41:04.504+0000] {logging_mixin.py:137} INFO - [2023-09-06T04:41:04.504+0000] {dagbag.py:538} INFO - Filling up the DagBag from /home/airflow/.local/lib/python3.7/site-packages/airflow/example_dags/example_complex.py
[2023-09-06T04:41:04.523+0000] {logging_mixin.py:137} INFO - [2023-09-06T04:41:04.523+0000] {taskmixin.py:205} WARNING - Dependency <Task(BashOperator): create_entry_group>, delete_entry_group already registered for DAG: example_complex
[2023-09-06T04:41:04.526+0000] {logging_mixin.py:137} INFO - [2023-09-06T04:41:04.526+0000] {taskmixin.py:205} WARNING - Dependency <Task(BashOperator): delete_entry_group>, create_entry_group already registered for DAG: example_complex
[2023-09-06T04:41:04.527+0000] {logging_mixin.py:137} INFO - [2023-09-06T04:41:04.526+0000] {taskmixin.py:205} WARNING - Dependency <Task(BashOperator): create_entry_gcs>, delete_entry already registered for DAG: example_complex
[2023-09-06T04:41:04.528+0000] {logging_mixin.py:137} INFO - [2023-09-06T04:41:04.528+0000] {taskmixin.py:205} WARNING - Dependency <Task(BashOperator): delete_entry>, create_entry_gcs already registered for DAG: example_complex
[2023-09-06T04:41:04.530+0000] {logging_mixin.py:137} INFO - [2023-09-06T04:41:04.530+0000] {taskmixin.py:205} WARNING - Dependency <Task(BashOperator): create_tag>, delete_tag already registered for DAG: example_complex
[2023-09-06T04:41:04.533+0000] {logging_mixin.py:137} INFO - [2023-09-06T04:41:04.531+0000] {taskmixin.py:205} WARNING - Dependency <Task(BashOperator): delete_tag>, create_tag already registered for DAG: example_complex
[2023-09-06T04:41:04.546+0000] {processor.py:753} INFO - DAG(s) dict_keys(['example_complex']) retrieved from /home/airflow/.local/lib/python3.7/site-packages/airflow/example_dags/example_complex.py
[2023-09-06T04:41:04.582+0000] {logging_mixin.py:137} INFO - [2023-09-06T04:41:04.582+0000] {dag.py:2690} INFO - Sync 1 DAGs
[2023-09-06T04:41:04.613+0000] {logging_mixin.py:137} INFO - [2023-09-06T04:41:04.613+0000] {dag.py:3441} INFO - Setting next_dagrun for example_complex to None, run_after=None
[2023-09-06T04:41:04.637+0000] {processor.py:175} INFO - Processing /home/airflow/.local/lib/python3.7/site-packages/airflow/example_dags/example_complex.py took 0.143 seconds
[2023-09-06T04:41:35.199+0000] {processor.py:153} INFO - Started process (PID=861) to work on /home/airflow/.local/lib/python3.7/site-packages/airflow/example_dags/example_complex.py
[2023-09-06T04:41:35.201+0000] {processor.py:743} INFO - Processing file /home/airflow/.local/lib/python3.7/site-packages/airflow/example_dags/example_complex.py for tasks to queue
[2023-09-06T04:41:35.202+0000] {logging_mixin.py:137} INFO - [2023-09-06T04:41:35.202+0000] {dagbag.py:538} INFO - Filling up the DagBag from /home/airflow/.local/lib/python3.7/site-packages/airflow/example_dags/example_complex.py
[2023-09-06T04:41:35.247+0000] {logging_mixin.py:137} INFO - [2023-09-06T04:41:35.247+0000] {taskmixin.py:205} WARNING - Dependency <Task(BashOperator): create_entry_group>, delete_entry_group already registered for DAG: example_complex
[2023-09-06T04:41:35.256+0000] {logging_mixin.py:137} INFO - [2023-09-06T04:41:35.256+0000] {taskmixin.py:205} WARNING - Dependency <Task(BashOperator): delete_entry_group>, create_entry_group already registered for DAG: example_complex
[2023-09-06T04:41:35.257+0000] {logging_mixin.py:137} INFO - [2023-09-06T04:41:35.257+0000] {taskmixin.py:205} WARNING - Dependency <Task(BashOperator): create_entry_gcs>, delete_entry already registered for DAG: example_complex
[2023-09-06T04:41:35.257+0000] {logging_mixin.py:137} INFO - [2023-09-06T04:41:35.257+0000] {taskmixin.py:205} WARNING - Dependency <Task(BashOperator): delete_entry>, create_entry_gcs already registered for DAG: example_complex
[2023-09-06T04:41:35.258+0000] {logging_mixin.py:137} INFO - [2023-09-06T04:41:35.258+0000] {taskmixin.py:205} WARNING - Dependency <Task(BashOperator): create_tag>, delete_tag already registered for DAG: example_complex
[2023-09-06T04:41:35.259+0000] {logging_mixin.py:137} INFO - [2023-09-06T04:41:35.258+0000] {taskmixin.py:205} WARNING - Dependency <Task(BashOperator): delete_tag>, create_tag already registered for DAG: example_complex
[2023-09-06T04:41:35.271+0000] {processor.py:753} INFO - DAG(s) dict_keys(['example_complex']) retrieved from /home/airflow/.local/lib/python3.7/site-packages/airflow/example_dags/example_complex.py
[2023-09-06T04:41:35.350+0000] {logging_mixin.py:137} INFO - [2023-09-06T04:41:35.350+0000] {dag.py:2690} INFO - Sync 1 DAGs
[2023-09-06T04:41:35.398+0000] {logging_mixin.py:137} INFO - [2023-09-06T04:41:35.398+0000] {dag.py:3441} INFO - Setting next_dagrun for example_complex to None, run_after=None
[2023-09-06T04:41:35.418+0000] {processor.py:175} INFO - Processing /home/airflow/.local/lib/python3.7/site-packages/airflow/example_dags/example_complex.py took 0.223 seconds
[2023-09-06T04:42:06.249+0000] {processor.py:153} INFO - Started process (PID=922) to work on /home/airflow/.local/lib/python3.7/site-packages/airflow/example_dags/example_complex.py
[2023-09-06T04:42:06.251+0000] {processor.py:743} INFO - Processing file /home/airflow/.local/lib/python3.7/site-packages/airflow/example_dags/example_complex.py for tasks to queue
[2023-09-06T04:42:06.252+0000] {logging_mixin.py:137} INFO - [2023-09-06T04:42:06.252+0000] {dagbag.py:538} INFO - Filling up the DagBag from /home/airflow/.local/lib/python3.7/site-packages/airflow/example_dags/example_complex.py
[2023-09-06T04:42:06.269+0000] {logging_mixin.py:137} INFO - [2023-09-06T04:42:06.269+0000] {taskmixin.py:205} WARNING - Dependency <Task(BashOperator): create_entry_group>, delete_entry_group already registered for DAG: example_complex
[2023-09-06T04:42:06.270+0000] {logging_mixin.py:137} INFO - [2023-09-06T04:42:06.270+0000] {taskmixin.py:205} WARNING - Dependency <Task(BashOperator): delete_entry_group>, create_entry_group already registered for DAG: example_complex
[2023-09-06T04:42:06.271+0000] {logging_mixin.py:137} INFO - [2023-09-06T04:42:06.271+0000] {taskmixin.py:205} WARNING - Dependency <Task(BashOperator): create_entry_gcs>, delete_entry already registered for DAG: example_complex
[2023-09-06T04:42:06.272+0000] {logging_mixin.py:137} INFO - [2023-09-06T04:42:06.271+0000] {taskmixin.py:205} WARNING - Dependency <Task(BashOperator): delete_entry>, create_entry_gcs already registered for DAG: example_complex
[2023-09-06T04:42:06.272+0000] {logging_mixin.py:137} INFO - [2023-09-06T04:42:06.272+0000] {taskmixin.py:205} WARNING - Dependency <Task(BashOperator): create_tag>, delete_tag already registered for DAG: example_complex
[2023-09-06T04:42:06.273+0000] {logging_mixin.py:137} INFO - [2023-09-06T04:42:06.273+0000] {taskmixin.py:205} WARNING - Dependency <Task(BashOperator): delete_tag>, create_tag already registered for DAG: example_complex
[2023-09-06T04:42:06.287+0000] {processor.py:753} INFO - DAG(s) dict_keys(['example_complex']) retrieved from /home/airflow/.local/lib/python3.7/site-packages/airflow/example_dags/example_complex.py
[2023-09-06T04:42:06.334+0000] {logging_mixin.py:137} INFO - [2023-09-06T04:42:06.334+0000] {dag.py:2690} INFO - Sync 1 DAGs
[2023-09-06T04:42:06.364+0000] {logging_mixin.py:137} INFO - [2023-09-06T04:42:06.364+0000] {dag.py:3441} INFO - Setting next_dagrun for example_complex to None, run_after=None
[2023-09-06T04:42:06.399+0000] {processor.py:175} INFO - Processing /home/airflow/.local/lib/python3.7/site-packages/airflow/example_dags/example_complex.py took 0.153 seconds
[2023-09-06T04:42:36.590+0000] {processor.py:153} INFO - Started process (PID=982) to work on /home/airflow/.local/lib/python3.7/site-packages/airflow/example_dags/example_complex.py
[2023-09-06T04:42:36.591+0000] {processor.py:743} INFO - Processing file /home/airflow/.local/lib/python3.7/site-packages/airflow/example_dags/example_complex.py for tasks to queue
[2023-09-06T04:42:36.592+0000] {logging_mixin.py:137} INFO - [2023-09-06T04:42:36.592+0000] {dagbag.py:538} INFO - Filling up the DagBag from /home/airflow/.local/lib/python3.7/site-packages/airflow/example_dags/example_complex.py
[2023-09-06T04:42:36.610+0000] {logging_mixin.py:137} INFO - [2023-09-06T04:42:36.610+0000] {taskmixin.py:205} WARNING - Dependency <Task(BashOperator): create_entry_group>, delete_entry_group already registered for DAG: example_complex
[2023-09-06T04:42:36.611+0000] {logging_mixin.py:137} INFO - [2023-09-06T04:42:36.611+0000] {taskmixin.py:205} WARNING - Dependency <Task(BashOperator): delete_entry_group>, create_entry_group already registered for DAG: example_complex
[2023-09-06T04:42:36.612+0000] {logging_mixin.py:137} INFO - [2023-09-06T04:42:36.612+0000] {taskmixin.py:205} WARNING - Dependency <Task(BashOperator): create_entry_gcs>, delete_entry already registered for DAG: example_complex
[2023-09-06T04:42:36.612+0000] {logging_mixin.py:137} INFO - [2023-09-06T04:42:36.612+0000] {taskmixin.py:205} WARNING - Dependency <Task(BashOperator): delete_entry>, create_entry_gcs already registered for DAG: example_complex
[2023-09-06T04:42:36.613+0000] {logging_mixin.py:137} INFO - [2023-09-06T04:42:36.613+0000] {taskmixin.py:205} WARNING - Dependency <Task(BashOperator): create_tag>, delete_tag already registered for DAG: example_complex
[2023-09-06T04:42:36.614+0000] {logging_mixin.py:137} INFO - [2023-09-06T04:42:36.614+0000] {taskmixin.py:205} WARNING - Dependency <Task(BashOperator): delete_tag>, create_tag already registered for DAG: example_complex
[2023-09-06T04:42:36.624+0000] {processor.py:753} INFO - DAG(s) dict_keys(['example_complex']) retrieved from /home/airflow/.local/lib/python3.7/site-packages/airflow/example_dags/example_complex.py
[2023-09-06T04:42:36.663+0000] {logging_mixin.py:137} INFO - [2023-09-06T04:42:36.663+0000] {dag.py:2690} INFO - Sync 1 DAGs
[2023-09-06T04:42:36.689+0000] {logging_mixin.py:137} INFO - [2023-09-06T04:42:36.689+0000] {dag.py:3441} INFO - Setting next_dagrun for example_complex to None, run_after=None
[2023-09-06T04:42:36.713+0000] {processor.py:175} INFO - Processing /home/airflow/.local/lib/python3.7/site-packages/airflow/example_dags/example_complex.py took 0.126 seconds
