[2023-09-06T04:26:18.417+0000] {processor.py:153} INFO - Started process (PID=68) to work on /home/airflow/.local/lib/python3.7/site-packages/airflow/example_dags/example_branch_labels.py
[2023-09-06T04:26:18.499+0000] {processor.py:743} INFO - Processing file /home/airflow/.local/lib/python3.7/site-packages/airflow/example_dags/example_branch_labels.py for tasks to queue
[2023-09-06T04:26:18.500+0000] {logging_mixin.py:137} INFO - [2023-09-06T04:26:18.500+0000] {dagbag.py:538} INFO - Filling up the DagBag from /home/airflow/.local/lib/python3.7/site-packages/airflow/example_dags/example_branch_labels.py
[2023-09-06T04:26:18.694+0000] {processor.py:753} INFO - DAG(s) dict_keys(['example_branch_labels']) retrieved from /home/airflow/.local/lib/python3.7/site-packages/airflow/example_dags/example_branch_labels.py
[2023-09-06T04:26:18.766+0000] {logging_mixin.py:137} INFO - [2023-09-06T04:26:18.766+0000] {dag.py:2690} INFO - Sync 1 DAGs
[2023-09-06T04:26:18.997+0000] {logging_mixin.py:137} INFO - [2023-09-06T04:26:18.997+0000] {dag.py:3441} INFO - Setting next_dagrun for example_branch_labels to 2023-09-05T00:00:00+00:00, run_after=2023-09-06T00:00:00+00:00
[2023-09-06T04:26:19.185+0000] {processor.py:175} INFO - Processing /home/airflow/.local/lib/python3.7/site-packages/airflow/example_dags/example_branch_labels.py took 0.794 seconds
[2023-09-06T04:26:49.814+0000] {processor.py:153} INFO - Started process (PID=128) to work on /home/airflow/.local/lib/python3.7/site-packages/airflow/example_dags/example_branch_labels.py
[2023-09-06T04:26:49.816+0000] {processor.py:743} INFO - Processing file /home/airflow/.local/lib/python3.7/site-packages/airflow/example_dags/example_branch_labels.py for tasks to queue
[2023-09-06T04:26:49.817+0000] {logging_mixin.py:137} INFO - [2023-09-06T04:26:49.817+0000] {dagbag.py:538} INFO - Filling up the DagBag from /home/airflow/.local/lib/python3.7/site-packages/airflow/example_dags/example_branch_labels.py
[2023-09-06T04:26:49.842+0000] {processor.py:753} INFO - DAG(s) dict_keys(['example_branch_labels']) retrieved from /home/airflow/.local/lib/python3.7/site-packages/airflow/example_dags/example_branch_labels.py
[2023-09-06T04:26:49.893+0000] {logging_mixin.py:137} INFO - [2023-09-06T04:26:49.893+0000] {dag.py:2690} INFO - Sync 1 DAGs
[2023-09-06T04:26:49.940+0000] {logging_mixin.py:137} INFO - [2023-09-06T04:26:49.940+0000] {dag.py:3441} INFO - Setting next_dagrun for example_branch_labels to 2023-09-05T00:00:00+00:00, run_after=2023-09-06T00:00:00+00:00
[2023-09-06T04:26:49.966+0000] {processor.py:175} INFO - Processing /home/airflow/.local/lib/python3.7/site-packages/airflow/example_dags/example_branch_labels.py took 0.158 seconds
[2023-09-06T04:27:20.050+0000] {processor.py:153} INFO - Started process (PID=186) to work on /home/airflow/.local/lib/python3.7/site-packages/airflow/example_dags/example_branch_labels.py
[2023-09-06T04:27:20.054+0000] {processor.py:743} INFO - Processing file /home/airflow/.local/lib/python3.7/site-packages/airflow/example_dags/example_branch_labels.py for tasks to queue
[2023-09-06T04:27:20.056+0000] {logging_mixin.py:137} INFO - [2023-09-06T04:27:20.056+0000] {dagbag.py:538} INFO - Filling up the DagBag from /home/airflow/.local/lib/python3.7/site-packages/airflow/example_dags/example_branch_labels.py
[2023-09-06T04:27:20.095+0000] {processor.py:753} INFO - DAG(s) dict_keys(['example_branch_labels']) retrieved from /home/airflow/.local/lib/python3.7/site-packages/airflow/example_dags/example_branch_labels.py
[2023-09-06T04:27:20.159+0000] {logging_mixin.py:137} INFO - [2023-09-06T04:27:20.159+0000] {dag.py:2690} INFO - Sync 1 DAGs
[2023-09-06T04:27:20.218+0000] {logging_mixin.py:137} INFO - [2023-09-06T04:27:20.217+0000] {dag.py:3441} INFO - Setting next_dagrun for example_branch_labels to 2023-09-05T00:00:00+00:00, run_after=2023-09-06T00:00:00+00:00
[2023-09-06T04:27:20.270+0000] {processor.py:175} INFO - Processing /home/airflow/.local/lib/python3.7/site-packages/airflow/example_dags/example_branch_labels.py took 0.224 seconds
[2023-09-06T04:27:51.066+0000] {processor.py:153} INFO - Started process (PID=256) to work on /home/airflow/.local/lib/python3.7/site-packages/airflow/example_dags/example_branch_labels.py
[2023-09-06T04:27:51.068+0000] {processor.py:743} INFO - Processing file /home/airflow/.local/lib/python3.7/site-packages/airflow/example_dags/example_branch_labels.py for tasks to queue
[2023-09-06T04:27:51.069+0000] {logging_mixin.py:137} INFO - [2023-09-06T04:27:51.069+0000] {dagbag.py:538} INFO - Filling up the DagBag from /home/airflow/.local/lib/python3.7/site-packages/airflow/example_dags/example_branch_labels.py
[2023-09-06T04:27:51.095+0000] {processor.py:753} INFO - DAG(s) dict_keys(['example_branch_labels']) retrieved from /home/airflow/.local/lib/python3.7/site-packages/airflow/example_dags/example_branch_labels.py
[2023-09-06T04:27:51.126+0000] {logging_mixin.py:137} INFO - [2023-09-06T04:27:51.125+0000] {dag.py:2690} INFO - Sync 1 DAGs
[2023-09-06T04:27:51.173+0000] {logging_mixin.py:137} INFO - [2023-09-06T04:27:51.172+0000] {dag.py:3441} INFO - Setting next_dagrun for example_branch_labels to 2023-09-05T00:00:00+00:00, run_after=2023-09-06T00:00:00+00:00
[2023-09-06T04:27:51.199+0000] {processor.py:175} INFO - Processing /home/airflow/.local/lib/python3.7/site-packages/airflow/example_dags/example_branch_labels.py took 0.136 seconds
[2023-09-06T04:28:22.058+0000] {processor.py:153} INFO - Started process (PID=315) to work on /home/airflow/.local/lib/python3.7/site-packages/airflow/example_dags/example_branch_labels.py
[2023-09-06T04:28:22.059+0000] {processor.py:743} INFO - Processing file /home/airflow/.local/lib/python3.7/site-packages/airflow/example_dags/example_branch_labels.py for tasks to queue
[2023-09-06T04:28:22.060+0000] {logging_mixin.py:137} INFO - [2023-09-06T04:28:22.060+0000] {dagbag.py:538} INFO - Filling up the DagBag from /home/airflow/.local/lib/python3.7/site-packages/airflow/example_dags/example_branch_labels.py
[2023-09-06T04:28:22.078+0000] {processor.py:753} INFO - DAG(s) dict_keys(['example_branch_labels']) retrieved from /home/airflow/.local/lib/python3.7/site-packages/airflow/example_dags/example_branch_labels.py
[2023-09-06T04:28:22.111+0000] {logging_mixin.py:137} INFO - [2023-09-06T04:28:22.111+0000] {dag.py:2690} INFO - Sync 1 DAGs
[2023-09-06T04:28:22.189+0000] {logging_mixin.py:137} INFO - [2023-09-06T04:28:22.188+0000] {dag.py:3441} INFO - Setting next_dagrun for example_branch_labels to 2023-09-05T00:00:00+00:00, run_after=2023-09-06T00:00:00+00:00
[2023-09-06T04:28:22.245+0000] {processor.py:175} INFO - Processing /home/airflow/.local/lib/python3.7/site-packages/airflow/example_dags/example_branch_labels.py took 0.192 seconds
[2023-09-06T04:29:06.677+0000] {processor.py:153} INFO - Started process (PID=54) to work on /home/airflow/.local/lib/python3.7/site-packages/airflow/example_dags/example_branch_labels.py
[2023-09-06T04:29:06.695+0000] {processor.py:743} INFO - Processing file /home/airflow/.local/lib/python3.7/site-packages/airflow/example_dags/example_branch_labels.py for tasks to queue
[2023-09-06T04:29:06.696+0000] {logging_mixin.py:137} INFO - [2023-09-06T04:29:06.696+0000] {dagbag.py:538} INFO - Filling up the DagBag from /home/airflow/.local/lib/python3.7/site-packages/airflow/example_dags/example_branch_labels.py
[2023-09-06T04:29:06.784+0000] {processor.py:753} INFO - DAG(s) dict_keys(['example_branch_labels']) retrieved from /home/airflow/.local/lib/python3.7/site-packages/airflow/example_dags/example_branch_labels.py
[2023-09-06T04:29:06.906+0000] {logging_mixin.py:137} INFO - [2023-09-06T04:29:06.905+0000] {dag.py:2690} INFO - Sync 1 DAGs
[2023-09-06T04:29:07.167+0000] {logging_mixin.py:137} INFO - [2023-09-06T04:29:07.167+0000] {dag.py:3441} INFO - Setting next_dagrun for example_branch_labels to 2023-09-05T00:00:00+00:00, run_after=2023-09-06T00:00:00+00:00
[2023-09-06T04:29:07.396+0000] {processor.py:175} INFO - Processing /home/airflow/.local/lib/python3.7/site-packages/airflow/example_dags/example_branch_labels.py took 0.723 seconds
[2023-09-06T04:29:38.081+0000] {processor.py:153} INFO - Started process (PID=105) to work on /home/airflow/.local/lib/python3.7/site-packages/airflow/example_dags/example_branch_labels.py
[2023-09-06T04:29:38.082+0000] {processor.py:743} INFO - Processing file /home/airflow/.local/lib/python3.7/site-packages/airflow/example_dags/example_branch_labels.py for tasks to queue
[2023-09-06T04:29:38.083+0000] {logging_mixin.py:137} INFO - [2023-09-06T04:29:38.083+0000] {dagbag.py:538} INFO - Filling up the DagBag from /home/airflow/.local/lib/python3.7/site-packages/airflow/example_dags/example_branch_labels.py
[2023-09-06T04:29:38.098+0000] {processor.py:753} INFO - DAG(s) dict_keys(['example_branch_labels']) retrieved from /home/airflow/.local/lib/python3.7/site-packages/airflow/example_dags/example_branch_labels.py
[2023-09-06T04:29:38.126+0000] {logging_mixin.py:137} INFO - [2023-09-06T04:29:38.126+0000] {dag.py:2690} INFO - Sync 1 DAGs
[2023-09-06T04:29:38.157+0000] {logging_mixin.py:137} INFO - [2023-09-06T04:29:38.157+0000] {dag.py:3441} INFO - Setting next_dagrun for example_branch_labels to 2023-09-05T00:00:00+00:00, run_after=2023-09-06T00:00:00+00:00
[2023-09-06T04:29:38.188+0000] {processor.py:175} INFO - Processing /home/airflow/.local/lib/python3.7/site-packages/airflow/example_dags/example_branch_labels.py took 0.111 seconds
[2023-09-06T04:30:08.465+0000] {processor.py:153} INFO - Started process (PID=174) to work on /home/airflow/.local/lib/python3.7/site-packages/airflow/example_dags/example_branch_labels.py
[2023-09-06T04:30:08.468+0000] {processor.py:743} INFO - Processing file /home/airflow/.local/lib/python3.7/site-packages/airflow/example_dags/example_branch_labels.py for tasks to queue
[2023-09-06T04:30:08.470+0000] {logging_mixin.py:137} INFO - [2023-09-06T04:30:08.470+0000] {dagbag.py:538} INFO - Filling up the DagBag from /home/airflow/.local/lib/python3.7/site-packages/airflow/example_dags/example_branch_labels.py
[2023-09-06T04:30:08.489+0000] {processor.py:753} INFO - DAG(s) dict_keys(['example_branch_labels']) retrieved from /home/airflow/.local/lib/python3.7/site-packages/airflow/example_dags/example_branch_labels.py
[2023-09-06T04:30:08.530+0000] {logging_mixin.py:137} INFO - [2023-09-06T04:30:08.530+0000] {dag.py:2690} INFO - Sync 1 DAGs
[2023-09-06T04:30:08.564+0000] {logging_mixin.py:137} INFO - [2023-09-06T04:30:08.564+0000] {dag.py:3441} INFO - Setting next_dagrun for example_branch_labels to 2023-09-05T00:00:00+00:00, run_after=2023-09-06T00:00:00+00:00
[2023-09-06T04:30:08.591+0000] {processor.py:175} INFO - Processing /home/airflow/.local/lib/python3.7/site-packages/airflow/example_dags/example_branch_labels.py took 0.148 seconds
[2023-09-06T04:30:39.166+0000] {processor.py:153} INFO - Started process (PID=234) to work on /home/airflow/.local/lib/python3.7/site-packages/airflow/example_dags/example_branch_labels.py
[2023-09-06T04:30:39.174+0000] {processor.py:743} INFO - Processing file /home/airflow/.local/lib/python3.7/site-packages/airflow/example_dags/example_branch_labels.py for tasks to queue
[2023-09-06T04:30:39.176+0000] {logging_mixin.py:137} INFO - [2023-09-06T04:30:39.176+0000] {dagbag.py:538} INFO - Filling up the DagBag from /home/airflow/.local/lib/python3.7/site-packages/airflow/example_dags/example_branch_labels.py
[2023-09-06T04:30:39.212+0000] {processor.py:753} INFO - DAG(s) dict_keys(['example_branch_labels']) retrieved from /home/airflow/.local/lib/python3.7/site-packages/airflow/example_dags/example_branch_labels.py
[2023-09-06T04:30:39.270+0000] {logging_mixin.py:137} INFO - [2023-09-06T04:30:39.269+0000] {dag.py:2690} INFO - Sync 1 DAGs
[2023-09-06T04:30:39.312+0000] {logging_mixin.py:137} INFO - [2023-09-06T04:30:39.312+0000] {dag.py:3441} INFO - Setting next_dagrun for example_branch_labels to 2023-09-05T00:00:00+00:00, run_after=2023-09-06T00:00:00+00:00
[2023-09-06T04:30:39.339+0000] {processor.py:175} INFO - Processing /home/airflow/.local/lib/python3.7/site-packages/airflow/example_dags/example_branch_labels.py took 0.177 seconds
[2023-09-06T04:31:09.670+0000] {processor.py:153} INFO - Started process (PID=303) to work on /home/airflow/.local/lib/python3.7/site-packages/airflow/example_dags/example_branch_labels.py
[2023-09-06T04:31:09.672+0000] {processor.py:743} INFO - Processing file /home/airflow/.local/lib/python3.7/site-packages/airflow/example_dags/example_branch_labels.py for tasks to queue
[2023-09-06T04:31:09.673+0000] {logging_mixin.py:137} INFO - [2023-09-06T04:31:09.673+0000] {dagbag.py:538} INFO - Filling up the DagBag from /home/airflow/.local/lib/python3.7/site-packages/airflow/example_dags/example_branch_labels.py
[2023-09-06T04:31:09.689+0000] {processor.py:753} INFO - DAG(s) dict_keys(['example_branch_labels']) retrieved from /home/airflow/.local/lib/python3.7/site-packages/airflow/example_dags/example_branch_labels.py
[2023-09-06T04:31:09.723+0000] {logging_mixin.py:137} INFO - [2023-09-06T04:31:09.722+0000] {dag.py:2690} INFO - Sync 1 DAGs
[2023-09-06T04:31:09.756+0000] {logging_mixin.py:137} INFO - [2023-09-06T04:31:09.756+0000] {dag.py:3441} INFO - Setting next_dagrun for example_branch_labels to 2023-09-05T00:00:00+00:00, run_after=2023-09-06T00:00:00+00:00
[2023-09-06T04:31:09.793+0000] {processor.py:175} INFO - Processing /home/airflow/.local/lib/python3.7/site-packages/airflow/example_dags/example_branch_labels.py took 0.127 seconds
[2023-09-06T04:31:40.670+0000] {processor.py:153} INFO - Started process (PID=361) to work on /home/airflow/.local/lib/python3.7/site-packages/airflow/example_dags/example_branch_labels.py
[2023-09-06T04:31:40.672+0000] {processor.py:743} INFO - Processing file /home/airflow/.local/lib/python3.7/site-packages/airflow/example_dags/example_branch_labels.py for tasks to queue
[2023-09-06T04:31:40.674+0000] {logging_mixin.py:137} INFO - [2023-09-06T04:31:40.674+0000] {dagbag.py:538} INFO - Filling up the DagBag from /home/airflow/.local/lib/python3.7/site-packages/airflow/example_dags/example_branch_labels.py
[2023-09-06T04:31:40.695+0000] {processor.py:753} INFO - DAG(s) dict_keys(['example_branch_labels']) retrieved from /home/airflow/.local/lib/python3.7/site-packages/airflow/example_dags/example_branch_labels.py
[2023-09-06T04:31:40.727+0000] {logging_mixin.py:137} INFO - [2023-09-06T04:31:40.727+0000] {dag.py:2690} INFO - Sync 1 DAGs
[2023-09-06T04:31:40.766+0000] {logging_mixin.py:137} INFO - [2023-09-06T04:31:40.765+0000] {dag.py:3441} INFO - Setting next_dagrun for example_branch_labels to 2023-09-05T00:00:00+00:00, run_after=2023-09-06T00:00:00+00:00
[2023-09-06T04:31:40.792+0000] {processor.py:175} INFO - Processing /home/airflow/.local/lib/python3.7/site-packages/airflow/example_dags/example_branch_labels.py took 0.126 seconds
[2023-09-06T04:32:11.301+0000] {processor.py:153} INFO - Started process (PID=421) to work on /home/airflow/.local/lib/python3.7/site-packages/airflow/example_dags/example_branch_labels.py
[2023-09-06T04:32:11.303+0000] {processor.py:743} INFO - Processing file /home/airflow/.local/lib/python3.7/site-packages/airflow/example_dags/example_branch_labels.py for tasks to queue
[2023-09-06T04:32:11.305+0000] {logging_mixin.py:137} INFO - [2023-09-06T04:32:11.305+0000] {dagbag.py:538} INFO - Filling up the DagBag from /home/airflow/.local/lib/python3.7/site-packages/airflow/example_dags/example_branch_labels.py
[2023-09-06T04:32:11.327+0000] {processor.py:753} INFO - DAG(s) dict_keys(['example_branch_labels']) retrieved from /home/airflow/.local/lib/python3.7/site-packages/airflow/example_dags/example_branch_labels.py
[2023-09-06T04:32:11.365+0000] {logging_mixin.py:137} INFO - [2023-09-06T04:32:11.364+0000] {dag.py:2690} INFO - Sync 1 DAGs
[2023-09-06T04:32:11.392+0000] {logging_mixin.py:137} INFO - [2023-09-06T04:32:11.392+0000] {dag.py:3441} INFO - Setting next_dagrun for example_branch_labels to 2023-09-05T00:00:00+00:00, run_after=2023-09-06T00:00:00+00:00
[2023-09-06T04:32:11.424+0000] {processor.py:175} INFO - Processing /home/airflow/.local/lib/python3.7/site-packages/airflow/example_dags/example_branch_labels.py took 0.126 seconds
[2023-09-06T04:32:41.730+0000] {processor.py:153} INFO - Started process (PID=490) to work on /home/airflow/.local/lib/python3.7/site-packages/airflow/example_dags/example_branch_labels.py
[2023-09-06T04:32:41.738+0000] {processor.py:743} INFO - Processing file /home/airflow/.local/lib/python3.7/site-packages/airflow/example_dags/example_branch_labels.py for tasks to queue
[2023-09-06T04:32:41.739+0000] {logging_mixin.py:137} INFO - [2023-09-06T04:32:41.739+0000] {dagbag.py:538} INFO - Filling up the DagBag from /home/airflow/.local/lib/python3.7/site-packages/airflow/example_dags/example_branch_labels.py
[2023-09-06T04:32:41.781+0000] {processor.py:753} INFO - DAG(s) dict_keys(['example_branch_labels']) retrieved from /home/airflow/.local/lib/python3.7/site-packages/airflow/example_dags/example_branch_labels.py
[2023-09-06T04:32:41.872+0000] {logging_mixin.py:137} INFO - [2023-09-06T04:32:41.869+0000] {dag.py:2690} INFO - Sync 1 DAGs
[2023-09-06T04:32:41.929+0000] {logging_mixin.py:137} INFO - [2023-09-06T04:32:41.929+0000] {dag.py:3441} INFO - Setting next_dagrun for example_branch_labels to 2023-09-05T00:00:00+00:00, run_after=2023-09-06T00:00:00+00:00
[2023-09-06T04:32:41.955+0000] {processor.py:175} INFO - Processing /home/airflow/.local/lib/python3.7/site-packages/airflow/example_dags/example_branch_labels.py took 0.229 seconds
[2023-09-06T04:33:12.035+0000] {processor.py:153} INFO - Started process (PID=550) to work on /home/airflow/.local/lib/python3.7/site-packages/airflow/example_dags/example_branch_labels.py
[2023-09-06T04:33:12.036+0000] {processor.py:743} INFO - Processing file /home/airflow/.local/lib/python3.7/site-packages/airflow/example_dags/example_branch_labels.py for tasks to queue
[2023-09-06T04:33:12.037+0000] {logging_mixin.py:137} INFO - [2023-09-06T04:33:12.037+0000] {dagbag.py:538} INFO - Filling up the DagBag from /home/airflow/.local/lib/python3.7/site-packages/airflow/example_dags/example_branch_labels.py
[2023-09-06T04:33:12.055+0000] {processor.py:753} INFO - DAG(s) dict_keys(['example_branch_labels']) retrieved from /home/airflow/.local/lib/python3.7/site-packages/airflow/example_dags/example_branch_labels.py
[2023-09-06T04:33:12.098+0000] {logging_mixin.py:137} INFO - [2023-09-06T04:33:12.098+0000] {dag.py:2690} INFO - Sync 1 DAGs
[2023-09-06T04:33:12.133+0000] {logging_mixin.py:137} INFO - [2023-09-06T04:33:12.133+0000] {dag.py:3441} INFO - Setting next_dagrun for example_branch_labels to 2023-09-05T00:00:00+00:00, run_after=2023-09-06T00:00:00+00:00
[2023-09-06T04:33:12.168+0000] {processor.py:175} INFO - Processing /home/airflow/.local/lib/python3.7/site-packages/airflow/example_dags/example_branch_labels.py took 0.137 seconds
[2023-09-06T04:33:42.280+0000] {processor.py:153} INFO - Started process (PID=617) to work on /home/airflow/.local/lib/python3.7/site-packages/airflow/example_dags/example_branch_labels.py
[2023-09-06T04:33:42.294+0000] {processor.py:743} INFO - Processing file /home/airflow/.local/lib/python3.7/site-packages/airflow/example_dags/example_branch_labels.py for tasks to queue
[2023-09-06T04:33:42.296+0000] {logging_mixin.py:137} INFO - [2023-09-06T04:33:42.295+0000] {dagbag.py:538} INFO - Filling up the DagBag from /home/airflow/.local/lib/python3.7/site-packages/airflow/example_dags/example_branch_labels.py
[2023-09-06T04:33:42.331+0000] {processor.py:753} INFO - DAG(s) dict_keys(['example_branch_labels']) retrieved from /home/airflow/.local/lib/python3.7/site-packages/airflow/example_dags/example_branch_labels.py
[2023-09-06T04:33:42.415+0000] {logging_mixin.py:137} INFO - [2023-09-06T04:33:42.415+0000] {dag.py:2690} INFO - Sync 1 DAGs
[2023-09-06T04:33:42.466+0000] {logging_mixin.py:137} INFO - [2023-09-06T04:33:42.464+0000] {dag.py:3441} INFO - Setting next_dagrun for example_branch_labels to 2023-09-05T00:00:00+00:00, run_after=2023-09-06T00:00:00+00:00
[2023-09-06T04:33:42.504+0000] {processor.py:175} INFO - Processing /home/airflow/.local/lib/python3.7/site-packages/airflow/example_dags/example_branch_labels.py took 0.228 seconds
[2023-09-06T04:34:53.616+0000] {processor.py:153} INFO - Started process (PID=45) to work on /home/airflow/.local/lib/python3.7/site-packages/airflow/example_dags/example_branch_labels.py
[2023-09-06T04:34:53.636+0000] {processor.py:743} INFO - Processing file /home/airflow/.local/lib/python3.7/site-packages/airflow/example_dags/example_branch_labels.py for tasks to queue
[2023-09-06T04:34:53.638+0000] {logging_mixin.py:137} INFO - [2023-09-06T04:34:53.638+0000] {dagbag.py:538} INFO - Filling up the DagBag from /home/airflow/.local/lib/python3.7/site-packages/airflow/example_dags/example_branch_labels.py
[2023-09-06T04:34:53.723+0000] {processor.py:753} INFO - DAG(s) dict_keys(['example_branch_labels']) retrieved from /home/airflow/.local/lib/python3.7/site-packages/airflow/example_dags/example_branch_labels.py
[2023-09-06T04:34:53.824+0000] {logging_mixin.py:137} INFO - [2023-09-06T04:34:53.824+0000] {dag.py:2690} INFO - Sync 1 DAGs
[2023-09-06T04:34:53.898+0000] {logging_mixin.py:137} INFO - [2023-09-06T04:34:53.898+0000] {dag.py:3441} INFO - Setting next_dagrun for example_branch_labels to 2023-09-05T00:00:00+00:00, run_after=2023-09-06T00:00:00+00:00
[2023-09-06T04:34:53.960+0000] {processor.py:175} INFO - Processing /home/airflow/.local/lib/python3.7/site-packages/airflow/example_dags/example_branch_labels.py took 0.352 seconds
[2023-09-06T04:35:24.800+0000] {processor.py:153} INFO - Started process (PID=104) to work on /home/airflow/.local/lib/python3.7/site-packages/airflow/example_dags/example_branch_labels.py
[2023-09-06T04:35:24.801+0000] {processor.py:743} INFO - Processing file /home/airflow/.local/lib/python3.7/site-packages/airflow/example_dags/example_branch_labels.py for tasks to queue
[2023-09-06T04:35:24.802+0000] {logging_mixin.py:137} INFO - [2023-09-06T04:35:24.802+0000] {dagbag.py:538} INFO - Filling up the DagBag from /home/airflow/.local/lib/python3.7/site-packages/airflow/example_dags/example_branch_labels.py
[2023-09-06T04:35:24.819+0000] {processor.py:753} INFO - DAG(s) dict_keys(['example_branch_labels']) retrieved from /home/airflow/.local/lib/python3.7/site-packages/airflow/example_dags/example_branch_labels.py
[2023-09-06T04:35:24.837+0000] {logging_mixin.py:137} INFO - [2023-09-06T04:35:24.837+0000] {dag.py:2690} INFO - Sync 1 DAGs
[2023-09-06T04:35:24.875+0000] {logging_mixin.py:137} INFO - [2023-09-06T04:35:24.874+0000] {dag.py:3441} INFO - Setting next_dagrun for example_branch_labels to 2023-09-05T00:00:00+00:00, run_after=2023-09-06T00:00:00+00:00
[2023-09-06T04:35:24.969+0000] {processor.py:175} INFO - Processing /home/airflow/.local/lib/python3.7/site-packages/airflow/example_dags/example_branch_labels.py took 0.174 seconds
[2023-09-06T04:35:55.163+0000] {processor.py:153} INFO - Started process (PID=164) to work on /home/airflow/.local/lib/python3.7/site-packages/airflow/example_dags/example_branch_labels.py
[2023-09-06T04:35:55.165+0000] {processor.py:743} INFO - Processing file /home/airflow/.local/lib/python3.7/site-packages/airflow/example_dags/example_branch_labels.py for tasks to queue
[2023-09-06T04:35:55.166+0000] {logging_mixin.py:137} INFO - [2023-09-06T04:35:55.166+0000] {dagbag.py:538} INFO - Filling up the DagBag from /home/airflow/.local/lib/python3.7/site-packages/airflow/example_dags/example_branch_labels.py
[2023-09-06T04:35:55.182+0000] {processor.py:753} INFO - DAG(s) dict_keys(['example_branch_labels']) retrieved from /home/airflow/.local/lib/python3.7/site-packages/airflow/example_dags/example_branch_labels.py
[2023-09-06T04:35:55.210+0000] {logging_mixin.py:137} INFO - [2023-09-06T04:35:55.209+0000] {dag.py:2690} INFO - Sync 1 DAGs
[2023-09-06T04:35:55.237+0000] {logging_mixin.py:137} INFO - [2023-09-06T04:35:55.237+0000] {dag.py:3441} INFO - Setting next_dagrun for example_branch_labels to 2023-09-05T00:00:00+00:00, run_after=2023-09-06T00:00:00+00:00
[2023-09-06T04:35:55.265+0000] {processor.py:175} INFO - Processing /home/airflow/.local/lib/python3.7/site-packages/airflow/example_dags/example_branch_labels.py took 0.105 seconds
[2023-09-06T04:36:25.620+0000] {processor.py:153} INFO - Started process (PID=233) to work on /home/airflow/.local/lib/python3.7/site-packages/airflow/example_dags/example_branch_labels.py
[2023-09-06T04:36:25.634+0000] {processor.py:743} INFO - Processing file /home/airflow/.local/lib/python3.7/site-packages/airflow/example_dags/example_branch_labels.py for tasks to queue
[2023-09-06T04:36:25.636+0000] {logging_mixin.py:137} INFO - [2023-09-06T04:36:25.636+0000] {dagbag.py:538} INFO - Filling up the DagBag from /home/airflow/.local/lib/python3.7/site-packages/airflow/example_dags/example_branch_labels.py
[2023-09-06T04:36:25.692+0000] {processor.py:753} INFO - DAG(s) dict_keys(['example_branch_labels']) retrieved from /home/airflow/.local/lib/python3.7/site-packages/airflow/example_dags/example_branch_labels.py
[2023-09-06T04:36:25.861+0000] {logging_mixin.py:137} INFO - [2023-09-06T04:36:25.860+0000] {dag.py:2690} INFO - Sync 1 DAGs
[2023-09-06T04:36:25.999+0000] {logging_mixin.py:137} INFO - [2023-09-06T04:36:25.998+0000] {dag.py:3441} INFO - Setting next_dagrun for example_branch_labels to 2023-09-05T00:00:00+00:00, run_after=2023-09-06T00:00:00+00:00
[2023-09-06T04:36:26.124+0000] {processor.py:175} INFO - Processing /home/airflow/.local/lib/python3.7/site-packages/airflow/example_dags/example_branch_labels.py took 0.510 seconds
[2023-09-06T04:36:56.405+0000] {processor.py:153} INFO - Started process (PID=293) to work on /home/airflow/.local/lib/python3.7/site-packages/airflow/example_dags/example_branch_labels.py
[2023-09-06T04:36:56.406+0000] {processor.py:743} INFO - Processing file /home/airflow/.local/lib/python3.7/site-packages/airflow/example_dags/example_branch_labels.py for tasks to queue
[2023-09-06T04:36:56.407+0000] {logging_mixin.py:137} INFO - [2023-09-06T04:36:56.407+0000] {dagbag.py:538} INFO - Filling up the DagBag from /home/airflow/.local/lib/python3.7/site-packages/airflow/example_dags/example_branch_labels.py
[2023-09-06T04:36:56.425+0000] {processor.py:753} INFO - DAG(s) dict_keys(['example_branch_labels']) retrieved from /home/airflow/.local/lib/python3.7/site-packages/airflow/example_dags/example_branch_labels.py
[2023-09-06T04:36:56.457+0000] {logging_mixin.py:137} INFO - [2023-09-06T04:36:56.456+0000] {dag.py:2690} INFO - Sync 1 DAGs
[2023-09-06T04:36:56.488+0000] {logging_mixin.py:137} INFO - [2023-09-06T04:36:56.488+0000] {dag.py:3441} INFO - Setting next_dagrun for example_branch_labels to 2023-09-05T00:00:00+00:00, run_after=2023-09-06T00:00:00+00:00
[2023-09-06T04:36:56.526+0000] {processor.py:175} INFO - Processing /home/airflow/.local/lib/python3.7/site-packages/airflow/example_dags/example_branch_labels.py took 0.125 seconds
[2023-09-06T04:37:26.925+0000] {processor.py:153} INFO - Started process (PID=352) to work on /home/airflow/.local/lib/python3.7/site-packages/airflow/example_dags/example_branch_labels.py
[2023-09-06T04:37:26.926+0000] {processor.py:743} INFO - Processing file /home/airflow/.local/lib/python3.7/site-packages/airflow/example_dags/example_branch_labels.py for tasks to queue
[2023-09-06T04:37:26.927+0000] {logging_mixin.py:137} INFO - [2023-09-06T04:37:26.927+0000] {dagbag.py:538} INFO - Filling up the DagBag from /home/airflow/.local/lib/python3.7/site-packages/airflow/example_dags/example_branch_labels.py
[2023-09-06T04:37:26.956+0000] {processor.py:753} INFO - DAG(s) dict_keys(['example_branch_labels']) retrieved from /home/airflow/.local/lib/python3.7/site-packages/airflow/example_dags/example_branch_labels.py
[2023-09-06T04:37:26.994+0000] {logging_mixin.py:137} INFO - [2023-09-06T04:37:26.994+0000] {dag.py:2690} INFO - Sync 1 DAGs
[2023-09-06T04:37:27.044+0000] {logging_mixin.py:137} INFO - [2023-09-06T04:37:27.044+0000] {dag.py:3441} INFO - Setting next_dagrun for example_branch_labels to 2023-09-05T00:00:00+00:00, run_after=2023-09-06T00:00:00+00:00
[2023-09-06T04:37:27.097+0000] {processor.py:175} INFO - Processing /home/airflow/.local/lib/python3.7/site-packages/airflow/example_dags/example_branch_labels.py took 0.178 seconds
[2023-09-06T04:37:57.791+0000] {processor.py:153} INFO - Started process (PID=411) to work on /home/airflow/.local/lib/python3.7/site-packages/airflow/example_dags/example_branch_labels.py
[2023-09-06T04:37:57.793+0000] {processor.py:743} INFO - Processing file /home/airflow/.local/lib/python3.7/site-packages/airflow/example_dags/example_branch_labels.py for tasks to queue
[2023-09-06T04:37:57.794+0000] {logging_mixin.py:137} INFO - [2023-09-06T04:37:57.794+0000] {dagbag.py:538} INFO - Filling up the DagBag from /home/airflow/.local/lib/python3.7/site-packages/airflow/example_dags/example_branch_labels.py
[2023-09-06T04:37:57.836+0000] {processor.py:753} INFO - DAG(s) dict_keys(['example_branch_labels']) retrieved from /home/airflow/.local/lib/python3.7/site-packages/airflow/example_dags/example_branch_labels.py
[2023-09-06T04:37:57.913+0000] {logging_mixin.py:137} INFO - [2023-09-06T04:37:57.913+0000] {dag.py:2690} INFO - Sync 1 DAGs
[2023-09-06T04:37:57.988+0000] {logging_mixin.py:137} INFO - [2023-09-06T04:37:57.988+0000] {dag.py:3441} INFO - Setting next_dagrun for example_branch_labels to 2023-09-05T00:00:00+00:00, run_after=2023-09-06T00:00:00+00:00
[2023-09-06T04:37:58.055+0000] {processor.py:175} INFO - Processing /home/airflow/.local/lib/python3.7/site-packages/airflow/example_dags/example_branch_labels.py took 0.269 seconds
[2023-09-06T04:38:28.707+0000] {processor.py:153} INFO - Started process (PID=479) to work on /home/airflow/.local/lib/python3.7/site-packages/airflow/example_dags/example_branch_labels.py
[2023-09-06T04:38:28.709+0000] {processor.py:743} INFO - Processing file /home/airflow/.local/lib/python3.7/site-packages/airflow/example_dags/example_branch_labels.py for tasks to queue
[2023-09-06T04:38:28.712+0000] {logging_mixin.py:137} INFO - [2023-09-06T04:38:28.711+0000] {dagbag.py:538} INFO - Filling up the DagBag from /home/airflow/.local/lib/python3.7/site-packages/airflow/example_dags/example_branch_labels.py
[2023-09-06T04:38:28.754+0000] {processor.py:753} INFO - DAG(s) dict_keys(['example_branch_labels']) retrieved from /home/airflow/.local/lib/python3.7/site-packages/airflow/example_dags/example_branch_labels.py
[2023-09-06T04:38:28.814+0000] {logging_mixin.py:137} INFO - [2023-09-06T04:38:28.814+0000] {dag.py:2690} INFO - Sync 1 DAGs
[2023-09-06T04:38:29.018+0000] {logging_mixin.py:137} INFO - [2023-09-06T04:38:29.018+0000] {dag.py:3441} INFO - Setting next_dagrun for example_branch_labels to 2023-09-05T00:00:00+00:00, run_after=2023-09-06T00:00:00+00:00
[2023-09-06T04:38:29.113+0000] {processor.py:175} INFO - Processing /home/airflow/.local/lib/python3.7/site-packages/airflow/example_dags/example_branch_labels.py took 0.412 seconds
[2023-09-06T04:38:59.443+0000] {processor.py:153} INFO - Started process (PID=539) to work on /home/airflow/.local/lib/python3.7/site-packages/airflow/example_dags/example_branch_labels.py
[2023-09-06T04:38:59.444+0000] {processor.py:743} INFO - Processing file /home/airflow/.local/lib/python3.7/site-packages/airflow/example_dags/example_branch_labels.py for tasks to queue
[2023-09-06T04:38:59.445+0000] {logging_mixin.py:137} INFO - [2023-09-06T04:38:59.445+0000] {dagbag.py:538} INFO - Filling up the DagBag from /home/airflow/.local/lib/python3.7/site-packages/airflow/example_dags/example_branch_labels.py
[2023-09-06T04:38:59.466+0000] {processor.py:753} INFO - DAG(s) dict_keys(['example_branch_labels']) retrieved from /home/airflow/.local/lib/python3.7/site-packages/airflow/example_dags/example_branch_labels.py
[2023-09-06T04:38:59.482+0000] {logging_mixin.py:137} INFO - [2023-09-06T04:38:59.481+0000] {dag.py:2690} INFO - Sync 1 DAGs
[2023-09-06T04:38:59.529+0000] {logging_mixin.py:137} INFO - [2023-09-06T04:38:59.528+0000] {dag.py:3441} INFO - Setting next_dagrun for example_branch_labels to 2023-09-05T00:00:00+00:00, run_after=2023-09-06T00:00:00+00:00
[2023-09-06T04:38:59.551+0000] {processor.py:175} INFO - Processing /home/airflow/.local/lib/python3.7/site-packages/airflow/example_dags/example_branch_labels.py took 0.117 seconds
[2023-09-06T04:39:30.591+0000] {processor.py:153} INFO - Started process (PID=598) to work on /home/airflow/.local/lib/python3.7/site-packages/airflow/example_dags/example_branch_labels.py
[2023-09-06T04:39:30.604+0000] {processor.py:743} INFO - Processing file /home/airflow/.local/lib/python3.7/site-packages/airflow/example_dags/example_branch_labels.py for tasks to queue
[2023-09-06T04:39:30.606+0000] {logging_mixin.py:137} INFO - [2023-09-06T04:39:30.606+0000] {dagbag.py:538} INFO - Filling up the DagBag from /home/airflow/.local/lib/python3.7/site-packages/airflow/example_dags/example_branch_labels.py
[2023-09-06T04:39:30.665+0000] {processor.py:753} INFO - DAG(s) dict_keys(['example_branch_labels']) retrieved from /home/airflow/.local/lib/python3.7/site-packages/airflow/example_dags/example_branch_labels.py
[2023-09-06T04:39:30.789+0000] {logging_mixin.py:137} INFO - [2023-09-06T04:39:30.788+0000] {dag.py:2690} INFO - Sync 1 DAGs
[2023-09-06T04:39:30.843+0000] {logging_mixin.py:137} INFO - [2023-09-06T04:39:30.842+0000] {dag.py:3441} INFO - Setting next_dagrun for example_branch_labels to 2023-09-05T00:00:00+00:00, run_after=2023-09-06T00:00:00+00:00
[2023-09-06T04:39:30.888+0000] {processor.py:175} INFO - Processing /home/airflow/.local/lib/python3.7/site-packages/airflow/example_dags/example_branch_labels.py took 0.302 seconds
[2023-09-06T04:40:00.997+0000] {processor.py:153} INFO - Started process (PID=658) to work on /home/airflow/.local/lib/python3.7/site-packages/airflow/example_dags/example_branch_labels.py
[2023-09-06T04:40:00.999+0000] {processor.py:743} INFO - Processing file /home/airflow/.local/lib/python3.7/site-packages/airflow/example_dags/example_branch_labels.py for tasks to queue
[2023-09-06T04:40:01.000+0000] {logging_mixin.py:137} INFO - [2023-09-06T04:40:01.000+0000] {dagbag.py:538} INFO - Filling up the DagBag from /home/airflow/.local/lib/python3.7/site-packages/airflow/example_dags/example_branch_labels.py
[2023-09-06T04:40:01.030+0000] {processor.py:753} INFO - DAG(s) dict_keys(['example_branch_labels']) retrieved from /home/airflow/.local/lib/python3.7/site-packages/airflow/example_dags/example_branch_labels.py
[2023-09-06T04:40:01.081+0000] {logging_mixin.py:137} INFO - [2023-09-06T04:40:01.080+0000] {dag.py:2690} INFO - Sync 1 DAGs
[2023-09-06T04:40:01.131+0000] {logging_mixin.py:137} INFO - [2023-09-06T04:40:01.131+0000] {dag.py:3441} INFO - Setting next_dagrun for example_branch_labels to 2023-09-05T00:00:00+00:00, run_after=2023-09-06T00:00:00+00:00
[2023-09-06T04:40:01.163+0000] {processor.py:175} INFO - Processing /home/airflow/.local/lib/python3.7/site-packages/airflow/example_dags/example_branch_labels.py took 0.172 seconds
[2023-09-06T04:40:31.749+0000] {processor.py:153} INFO - Started process (PID=727) to work on /home/airflow/.local/lib/python3.7/site-packages/airflow/example_dags/example_branch_labels.py
[2023-09-06T04:40:31.761+0000] {processor.py:743} INFO - Processing file /home/airflow/.local/lib/python3.7/site-packages/airflow/example_dags/example_branch_labels.py for tasks to queue
[2023-09-06T04:40:31.762+0000] {logging_mixin.py:137} INFO - [2023-09-06T04:40:31.762+0000] {dagbag.py:538} INFO - Filling up the DagBag from /home/airflow/.local/lib/python3.7/site-packages/airflow/example_dags/example_branch_labels.py
[2023-09-06T04:40:31.799+0000] {processor.py:753} INFO - DAG(s) dict_keys(['example_branch_labels']) retrieved from /home/airflow/.local/lib/python3.7/site-packages/airflow/example_dags/example_branch_labels.py
[2023-09-06T04:40:31.827+0000] {logging_mixin.py:137} INFO - [2023-09-06T04:40:31.827+0000] {dag.py:2690} INFO - Sync 1 DAGs
[2023-09-06T04:40:31.859+0000] {logging_mixin.py:137} INFO - [2023-09-06T04:40:31.859+0000] {dag.py:3441} INFO - Setting next_dagrun for example_branch_labels to 2023-09-05T00:00:00+00:00, run_after=2023-09-06T00:00:00+00:00
[2023-09-06T04:40:31.885+0000] {processor.py:175} INFO - Processing /home/airflow/.local/lib/python3.7/site-packages/airflow/example_dags/example_branch_labels.py took 0.142 seconds
[2023-09-06T04:41:02.119+0000] {processor.py:153} INFO - Started process (PID=787) to work on /home/airflow/.local/lib/python3.7/site-packages/airflow/example_dags/example_branch_labels.py
[2023-09-06T04:41:02.121+0000] {processor.py:743} INFO - Processing file /home/airflow/.local/lib/python3.7/site-packages/airflow/example_dags/example_branch_labels.py for tasks to queue
[2023-09-06T04:41:02.122+0000] {logging_mixin.py:137} INFO - [2023-09-06T04:41:02.122+0000] {dagbag.py:538} INFO - Filling up the DagBag from /home/airflow/.local/lib/python3.7/site-packages/airflow/example_dags/example_branch_labels.py
[2023-09-06T04:41:02.139+0000] {processor.py:753} INFO - DAG(s) dict_keys(['example_branch_labels']) retrieved from /home/airflow/.local/lib/python3.7/site-packages/airflow/example_dags/example_branch_labels.py
[2023-09-06T04:41:02.190+0000] {logging_mixin.py:137} INFO - [2023-09-06T04:41:02.190+0000] {dag.py:2690} INFO - Sync 1 DAGs
[2023-09-06T04:41:02.235+0000] {logging_mixin.py:137} INFO - [2023-09-06T04:41:02.235+0000] {dag.py:3441} INFO - Setting next_dagrun for example_branch_labels to 2023-09-05T00:00:00+00:00, run_after=2023-09-06T00:00:00+00:00
[2023-09-06T04:41:02.257+0000] {processor.py:175} INFO - Processing /home/airflow/.local/lib/python3.7/site-packages/airflow/example_dags/example_branch_labels.py took 0.141 seconds
[2023-09-06T04:41:32.661+0000] {processor.py:153} INFO - Started process (PID=855) to work on /home/airflow/.local/lib/python3.7/site-packages/airflow/example_dags/example_branch_labels.py
[2023-09-06T04:41:32.662+0000] {processor.py:743} INFO - Processing file /home/airflow/.local/lib/python3.7/site-packages/airflow/example_dags/example_branch_labels.py for tasks to queue
[2023-09-06T04:41:32.663+0000] {logging_mixin.py:137} INFO - [2023-09-06T04:41:32.663+0000] {dagbag.py:538} INFO - Filling up the DagBag from /home/airflow/.local/lib/python3.7/site-packages/airflow/example_dags/example_branch_labels.py
[2023-09-06T04:41:32.682+0000] {processor.py:753} INFO - DAG(s) dict_keys(['example_branch_labels']) retrieved from /home/airflow/.local/lib/python3.7/site-packages/airflow/example_dags/example_branch_labels.py
[2023-09-06T04:41:32.713+0000] {logging_mixin.py:137} INFO - [2023-09-06T04:41:32.713+0000] {dag.py:2690} INFO - Sync 1 DAGs
[2023-09-06T04:41:32.747+0000] {logging_mixin.py:137} INFO - [2023-09-06T04:41:32.747+0000] {dag.py:3441} INFO - Setting next_dagrun for example_branch_labels to 2023-09-05T00:00:00+00:00, run_after=2023-09-06T00:00:00+00:00
[2023-09-06T04:41:32.766+0000] {processor.py:175} INFO - Processing /home/airflow/.local/lib/python3.7/site-packages/airflow/example_dags/example_branch_labels.py took 0.111 seconds
[2023-09-06T04:42:03.652+0000] {processor.py:153} INFO - Started process (PID=917) to work on /home/airflow/.local/lib/python3.7/site-packages/airflow/example_dags/example_branch_labels.py
[2023-09-06T04:42:03.664+0000] {processor.py:743} INFO - Processing file /home/airflow/.local/lib/python3.7/site-packages/airflow/example_dags/example_branch_labels.py for tasks to queue
[2023-09-06T04:42:03.666+0000] {logging_mixin.py:137} INFO - [2023-09-06T04:42:03.665+0000] {dagbag.py:538} INFO - Filling up the DagBag from /home/airflow/.local/lib/python3.7/site-packages/airflow/example_dags/example_branch_labels.py
[2023-09-06T04:42:03.707+0000] {processor.py:753} INFO - DAG(s) dict_keys(['example_branch_labels']) retrieved from /home/airflow/.local/lib/python3.7/site-packages/airflow/example_dags/example_branch_labels.py
[2023-09-06T04:42:03.749+0000] {logging_mixin.py:137} INFO - [2023-09-06T04:42:03.749+0000] {dag.py:2690} INFO - Sync 1 DAGs
[2023-09-06T04:42:03.820+0000] {logging_mixin.py:137} INFO - [2023-09-06T04:42:03.820+0000] {dag.py:3441} INFO - Setting next_dagrun for example_branch_labels to 2023-09-05T00:00:00+00:00, run_after=2023-09-06T00:00:00+00:00
[2023-09-06T04:42:03.849+0000] {processor.py:175} INFO - Processing /home/airflow/.local/lib/python3.7/site-packages/airflow/example_dags/example_branch_labels.py took 0.201 seconds
[2023-09-06T04:42:34.002+0000] {processor.py:153} INFO - Started process (PID=977) to work on /home/airflow/.local/lib/python3.7/site-packages/airflow/example_dags/example_branch_labels.py
[2023-09-06T04:42:34.003+0000] {processor.py:743} INFO - Processing file /home/airflow/.local/lib/python3.7/site-packages/airflow/example_dags/example_branch_labels.py for tasks to queue
[2023-09-06T04:42:34.004+0000] {logging_mixin.py:137} INFO - [2023-09-06T04:42:34.004+0000] {dagbag.py:538} INFO - Filling up the DagBag from /home/airflow/.local/lib/python3.7/site-packages/airflow/example_dags/example_branch_labels.py
[2023-09-06T04:42:34.052+0000] {processor.py:753} INFO - DAG(s) dict_keys(['example_branch_labels']) retrieved from /home/airflow/.local/lib/python3.7/site-packages/airflow/example_dags/example_branch_labels.py
[2023-09-06T04:42:34.095+0000] {logging_mixin.py:137} INFO - [2023-09-06T04:42:34.095+0000] {dag.py:2690} INFO - Sync 1 DAGs
[2023-09-06T04:42:34.131+0000] {logging_mixin.py:137} INFO - [2023-09-06T04:42:34.130+0000] {dag.py:3441} INFO - Setting next_dagrun for example_branch_labels to 2023-09-05T00:00:00+00:00, run_after=2023-09-06T00:00:00+00:00
[2023-09-06T04:42:34.158+0000] {processor.py:175} INFO - Processing /home/airflow/.local/lib/python3.7/site-packages/airflow/example_dags/example_branch_labels.py took 0.160 seconds
