[2023-09-06T04:26:22.944+0000] {processor.py:153} INFO - Started process (PID=81) to work on /home/airflow/.local/lib/python3.7/site-packages/airflow/example_dags/example_skip_dag.py
[2023-09-06T04:26:22.955+0000] {processor.py:743} INFO - Processing file /home/airflow/.local/lib/python3.7/site-packages/airflow/example_dags/example_skip_dag.py for tasks to queue
[2023-09-06T04:26:22.956+0000] {logging_mixin.py:137} INFO - [2023-09-06T04:26:22.956+0000] {dagbag.py:538} INFO - Filling up the DagBag from /home/airflow/.local/lib/python3.7/site-packages/airflow/example_dags/example_skip_dag.py
[2023-09-06T04:26:23.053+0000] {processor.py:753} INFO - DAG(s) dict_keys(['example_skip_dag']) retrieved from /home/airflow/.local/lib/python3.7/site-packages/airflow/example_dags/example_skip_dag.py
[2023-09-06T04:26:23.212+0000] {logging_mixin.py:137} INFO - [2023-09-06T04:26:23.212+0000] {dag.py:2690} INFO - Sync 1 DAGs
[2023-09-06T04:26:23.459+0000] {logging_mixin.py:137} INFO - [2023-09-06T04:26:23.458+0000] {dag.py:3441} INFO - Setting next_dagrun for example_skip_dag to 2023-09-05T04:26:23.458614+00:00, run_after=2023-09-06T04:26:23.458614+00:00
[2023-09-06T04:26:23.685+0000] {processor.py:175} INFO - Processing /home/airflow/.local/lib/python3.7/site-packages/airflow/example_dags/example_skip_dag.py took 0.764 seconds
[2023-09-06T04:26:54.604+0000] {processor.py:153} INFO - Started process (PID=142) to work on /home/airflow/.local/lib/python3.7/site-packages/airflow/example_dags/example_skip_dag.py
[2023-09-06T04:26:54.625+0000] {processor.py:743} INFO - Processing file /home/airflow/.local/lib/python3.7/site-packages/airflow/example_dags/example_skip_dag.py for tasks to queue
[2023-09-06T04:26:54.631+0000] {logging_mixin.py:137} INFO - [2023-09-06T04:26:54.631+0000] {dagbag.py:538} INFO - Filling up the DagBag from /home/airflow/.local/lib/python3.7/site-packages/airflow/example_dags/example_skip_dag.py
[2023-09-06T04:26:54.744+0000] {processor.py:753} INFO - DAG(s) dict_keys(['example_skip_dag']) retrieved from /home/airflow/.local/lib/python3.7/site-packages/airflow/example_dags/example_skip_dag.py
[2023-09-06T04:26:54.935+0000] {logging_mixin.py:137} INFO - [2023-09-06T04:26:54.935+0000] {dag.py:2690} INFO - Sync 1 DAGs
[2023-09-06T04:26:55.098+0000] {logging_mixin.py:137} INFO - [2023-09-06T04:26:55.098+0000] {dag.py:3441} INFO - Setting next_dagrun for example_skip_dag to 2023-09-05T04:26:55.097747+00:00, run_after=2023-09-06T04:26:55.097747+00:00
[2023-09-06T04:26:55.307+0000] {processor.py:175} INFO - Processing /home/airflow/.local/lib/python3.7/site-packages/airflow/example_dags/example_skip_dag.py took 0.708 seconds
[2023-09-06T04:27:26.110+0000] {processor.py:153} INFO - Started process (PID=202) to work on /home/airflow/.local/lib/python3.7/site-packages/airflow/example_dags/example_skip_dag.py
[2023-09-06T04:27:26.112+0000] {processor.py:743} INFO - Processing file /home/airflow/.local/lib/python3.7/site-packages/airflow/example_dags/example_skip_dag.py for tasks to queue
[2023-09-06T04:27:26.113+0000] {logging_mixin.py:137} INFO - [2023-09-06T04:27:26.113+0000] {dagbag.py:538} INFO - Filling up the DagBag from /home/airflow/.local/lib/python3.7/site-packages/airflow/example_dags/example_skip_dag.py
[2023-09-06T04:27:26.133+0000] {processor.py:753} INFO - DAG(s) dict_keys(['example_skip_dag']) retrieved from /home/airflow/.local/lib/python3.7/site-packages/airflow/example_dags/example_skip_dag.py
[2023-09-06T04:27:26.175+0000] {logging_mixin.py:137} INFO - [2023-09-06T04:27:26.174+0000] {dag.py:2690} INFO - Sync 1 DAGs
[2023-09-06T04:27:26.210+0000] {logging_mixin.py:137} INFO - [2023-09-06T04:27:26.209+0000] {dag.py:3441} INFO - Setting next_dagrun for example_skip_dag to 2023-09-05T04:27:26.209509+00:00, run_after=2023-09-06T04:27:26.209509+00:00
[2023-09-06T04:27:26.236+0000] {processor.py:175} INFO - Processing /home/airflow/.local/lib/python3.7/site-packages/airflow/example_dags/example_skip_dag.py took 0.131 seconds
[2023-09-06T04:27:56.518+0000] {processor.py:153} INFO - Started process (PID=262) to work on /home/airflow/.local/lib/python3.7/site-packages/airflow/example_dags/example_skip_dag.py
[2023-09-06T04:27:56.520+0000] {processor.py:743} INFO - Processing file /home/airflow/.local/lib/python3.7/site-packages/airflow/example_dags/example_skip_dag.py for tasks to queue
[2023-09-06T04:27:56.521+0000] {logging_mixin.py:137} INFO - [2023-09-06T04:27:56.521+0000] {dagbag.py:538} INFO - Filling up the DagBag from /home/airflow/.local/lib/python3.7/site-packages/airflow/example_dags/example_skip_dag.py
[2023-09-06T04:27:56.563+0000] {processor.py:753} INFO - DAG(s) dict_keys(['example_skip_dag']) retrieved from /home/airflow/.local/lib/python3.7/site-packages/airflow/example_dags/example_skip_dag.py
[2023-09-06T04:27:56.607+0000] {logging_mixin.py:137} INFO - [2023-09-06T04:27:56.607+0000] {dag.py:2690} INFO - Sync 1 DAGs
[2023-09-06T04:27:56.635+0000] {logging_mixin.py:137} INFO - [2023-09-06T04:27:56.635+0000] {dag.py:3441} INFO - Setting next_dagrun for example_skip_dag to 2023-09-05T04:27:56.634876+00:00, run_after=2023-09-06T04:27:56.634876+00:00
[2023-09-06T04:27:56.691+0000] {processor.py:175} INFO - Processing /home/airflow/.local/lib/python3.7/site-packages/airflow/example_dags/example_skip_dag.py took 0.177 seconds
[2023-09-06T04:29:10.715+0000] {processor.py:153} INFO - Started process (PID=62) to work on /home/airflow/.local/lib/python3.7/site-packages/airflow/example_dags/example_skip_dag.py
[2023-09-06T04:29:10.718+0000] {processor.py:743} INFO - Processing file /home/airflow/.local/lib/python3.7/site-packages/airflow/example_dags/example_skip_dag.py for tasks to queue
[2023-09-06T04:29:10.722+0000] {logging_mixin.py:137} INFO - [2023-09-06T04:29:10.721+0000] {dagbag.py:538} INFO - Filling up the DagBag from /home/airflow/.local/lib/python3.7/site-packages/airflow/example_dags/example_skip_dag.py
[2023-09-06T04:29:10.845+0000] {processor.py:753} INFO - DAG(s) dict_keys(['example_skip_dag']) retrieved from /home/airflow/.local/lib/python3.7/site-packages/airflow/example_dags/example_skip_dag.py
[2023-09-06T04:29:10.995+0000] {logging_mixin.py:137} INFO - [2023-09-06T04:29:10.994+0000] {dag.py:2690} INFO - Sync 1 DAGs
[2023-09-06T04:29:11.175+0000] {logging_mixin.py:137} INFO - [2023-09-06T04:29:11.175+0000] {dag.py:3441} INFO - Setting next_dagrun for example_skip_dag to 2023-09-05T04:29:11.175221+00:00, run_after=2023-09-06T04:29:11.175221+00:00
[2023-09-06T04:29:11.291+0000] {processor.py:175} INFO - Processing /home/airflow/.local/lib/python3.7/site-packages/airflow/example_dags/example_skip_dag.py took 0.588 seconds
[2023-09-06T04:29:41.648+0000] {processor.py:153} INFO - Started process (PID=121) to work on /home/airflow/.local/lib/python3.7/site-packages/airflow/example_dags/example_skip_dag.py
[2023-09-06T04:29:41.650+0000] {processor.py:743} INFO - Processing file /home/airflow/.local/lib/python3.7/site-packages/airflow/example_dags/example_skip_dag.py for tasks to queue
[2023-09-06T04:29:41.651+0000] {logging_mixin.py:137} INFO - [2023-09-06T04:29:41.650+0000] {dagbag.py:538} INFO - Filling up the DagBag from /home/airflow/.local/lib/python3.7/site-packages/airflow/example_dags/example_skip_dag.py
[2023-09-06T04:29:41.667+0000] {processor.py:753} INFO - DAG(s) dict_keys(['example_skip_dag']) retrieved from /home/airflow/.local/lib/python3.7/site-packages/airflow/example_dags/example_skip_dag.py
[2023-09-06T04:29:41.702+0000] {logging_mixin.py:137} INFO - [2023-09-06T04:29:41.702+0000] {dag.py:2690} INFO - Sync 1 DAGs
[2023-09-06T04:29:41.738+0000] {logging_mixin.py:137} INFO - [2023-09-06T04:29:41.738+0000] {dag.py:3441} INFO - Setting next_dagrun for example_skip_dag to 2023-09-05T04:29:41.737680+00:00, run_after=2023-09-06T04:29:41.737680+00:00
[2023-09-06T04:29:41.767+0000] {processor.py:175} INFO - Processing /home/airflow/.local/lib/python3.7/site-packages/airflow/example_dags/example_skip_dag.py took 0.122 seconds
[2023-09-06T04:30:12.273+0000] {processor.py:153} INFO - Started process (PID=180) to work on /home/airflow/.local/lib/python3.7/site-packages/airflow/example_dags/example_skip_dag.py
[2023-09-06T04:30:12.285+0000] {processor.py:743} INFO - Processing file /home/airflow/.local/lib/python3.7/site-packages/airflow/example_dags/example_skip_dag.py for tasks to queue
[2023-09-06T04:30:12.286+0000] {logging_mixin.py:137} INFO - [2023-09-06T04:30:12.286+0000] {dagbag.py:538} INFO - Filling up the DagBag from /home/airflow/.local/lib/python3.7/site-packages/airflow/example_dags/example_skip_dag.py
[2023-09-06T04:30:12.350+0000] {processor.py:753} INFO - DAG(s) dict_keys(['example_skip_dag']) retrieved from /home/airflow/.local/lib/python3.7/site-packages/airflow/example_dags/example_skip_dag.py
[2023-09-06T04:30:12.501+0000] {logging_mixin.py:137} INFO - [2023-09-06T04:30:12.500+0000] {dag.py:2690} INFO - Sync 1 DAGs
[2023-09-06T04:30:12.600+0000] {logging_mixin.py:137} INFO - [2023-09-06T04:30:12.600+0000] {dag.py:3441} INFO - Setting next_dagrun for example_skip_dag to 2023-09-05T04:30:12.599968+00:00, run_after=2023-09-06T04:30:12.599968+00:00
[2023-09-06T04:30:12.685+0000] {processor.py:175} INFO - Processing /home/airflow/.local/lib/python3.7/site-packages/airflow/example_dags/example_skip_dag.py took 0.416 seconds
[2023-09-06T04:30:43.139+0000] {processor.py:153} INFO - Started process (PID=250) to work on /home/airflow/.local/lib/python3.7/site-packages/airflow/example_dags/example_skip_dag.py
[2023-09-06T04:30:43.141+0000] {processor.py:743} INFO - Processing file /home/airflow/.local/lib/python3.7/site-packages/airflow/example_dags/example_skip_dag.py for tasks to queue
[2023-09-06T04:30:43.145+0000] {logging_mixin.py:137} INFO - [2023-09-06T04:30:43.144+0000] {dagbag.py:538} INFO - Filling up the DagBag from /home/airflow/.local/lib/python3.7/site-packages/airflow/example_dags/example_skip_dag.py
[2023-09-06T04:30:43.166+0000] {processor.py:753} INFO - DAG(s) dict_keys(['example_skip_dag']) retrieved from /home/airflow/.local/lib/python3.7/site-packages/airflow/example_dags/example_skip_dag.py
[2023-09-06T04:30:43.203+0000] {logging_mixin.py:137} INFO - [2023-09-06T04:30:43.203+0000] {dag.py:2690} INFO - Sync 1 DAGs
[2023-09-06T04:30:43.242+0000] {logging_mixin.py:137} INFO - [2023-09-06T04:30:43.241+0000] {dag.py:3441} INFO - Setting next_dagrun for example_skip_dag to 2023-09-05T04:30:43.241698+00:00, run_after=2023-09-06T04:30:43.241698+00:00
[2023-09-06T04:30:43.274+0000] {processor.py:175} INFO - Processing /home/airflow/.local/lib/python3.7/site-packages/airflow/example_dags/example_skip_dag.py took 0.143 seconds
[2023-09-06T04:31:13.432+0000] {processor.py:153} INFO - Started process (PID=309) to work on /home/airflow/.local/lib/python3.7/site-packages/airflow/example_dags/example_skip_dag.py
[2023-09-06T04:31:13.433+0000] {processor.py:743} INFO - Processing file /home/airflow/.local/lib/python3.7/site-packages/airflow/example_dags/example_skip_dag.py for tasks to queue
[2023-09-06T04:31:13.435+0000] {logging_mixin.py:137} INFO - [2023-09-06T04:31:13.435+0000] {dagbag.py:538} INFO - Filling up the DagBag from /home/airflow/.local/lib/python3.7/site-packages/airflow/example_dags/example_skip_dag.py
[2023-09-06T04:31:13.462+0000] {processor.py:753} INFO - DAG(s) dict_keys(['example_skip_dag']) retrieved from /home/airflow/.local/lib/python3.7/site-packages/airflow/example_dags/example_skip_dag.py
[2023-09-06T04:31:13.490+0000] {logging_mixin.py:137} INFO - [2023-09-06T04:31:13.490+0000] {dag.py:2690} INFO - Sync 1 DAGs
[2023-09-06T04:31:13.523+0000] {logging_mixin.py:137} INFO - [2023-09-06T04:31:13.523+0000] {dag.py:3441} INFO - Setting next_dagrun for example_skip_dag to 2023-09-05T04:31:13.523274+00:00, run_after=2023-09-06T04:31:13.523274+00:00
[2023-09-06T04:31:13.557+0000] {processor.py:175} INFO - Processing /home/airflow/.local/lib/python3.7/site-packages/airflow/example_dags/example_skip_dag.py took 0.130 seconds
[2023-09-06T04:31:44.566+0000] {processor.py:153} INFO - Started process (PID=367) to work on /home/airflow/.local/lib/python3.7/site-packages/airflow/example_dags/example_skip_dag.py
[2023-09-06T04:31:44.571+0000] {processor.py:743} INFO - Processing file /home/airflow/.local/lib/python3.7/site-packages/airflow/example_dags/example_skip_dag.py for tasks to queue
[2023-09-06T04:31:44.572+0000] {logging_mixin.py:137} INFO - [2023-09-06T04:31:44.572+0000] {dagbag.py:538} INFO - Filling up the DagBag from /home/airflow/.local/lib/python3.7/site-packages/airflow/example_dags/example_skip_dag.py
[2023-09-06T04:31:44.612+0000] {processor.py:753} INFO - DAG(s) dict_keys(['example_skip_dag']) retrieved from /home/airflow/.local/lib/python3.7/site-packages/airflow/example_dags/example_skip_dag.py
[2023-09-06T04:31:44.656+0000] {logging_mixin.py:137} INFO - [2023-09-06T04:31:44.656+0000] {dag.py:2690} INFO - Sync 1 DAGs
[2023-09-06T04:31:44.747+0000] {logging_mixin.py:137} INFO - [2023-09-06T04:31:44.746+0000] {dag.py:3441} INFO - Setting next_dagrun for example_skip_dag to 2023-09-05T04:31:44.746462+00:00, run_after=2023-09-06T04:31:44.746462+00:00
[2023-09-06T04:31:44.828+0000] {processor.py:175} INFO - Processing /home/airflow/.local/lib/python3.7/site-packages/airflow/example_dags/example_skip_dag.py took 0.268 seconds
[2023-09-06T04:32:15.230+0000] {processor.py:153} INFO - Started process (PID=437) to work on /home/airflow/.local/lib/python3.7/site-packages/airflow/example_dags/example_skip_dag.py
[2023-09-06T04:32:15.247+0000] {processor.py:743} INFO - Processing file /home/airflow/.local/lib/python3.7/site-packages/airflow/example_dags/example_skip_dag.py for tasks to queue
[2023-09-06T04:32:15.248+0000] {logging_mixin.py:137} INFO - [2023-09-06T04:32:15.248+0000] {dagbag.py:538} INFO - Filling up the DagBag from /home/airflow/.local/lib/python3.7/site-packages/airflow/example_dags/example_skip_dag.py
[2023-09-06T04:32:15.287+0000] {processor.py:753} INFO - DAG(s) dict_keys(['example_skip_dag']) retrieved from /home/airflow/.local/lib/python3.7/site-packages/airflow/example_dags/example_skip_dag.py
[2023-09-06T04:32:15.410+0000] {logging_mixin.py:137} INFO - [2023-09-06T04:32:15.410+0000] {dag.py:2690} INFO - Sync 1 DAGs
[2023-09-06T04:32:15.495+0000] {logging_mixin.py:137} INFO - [2023-09-06T04:32:15.495+0000] {dag.py:3441} INFO - Setting next_dagrun for example_skip_dag to 2023-09-05T04:32:15.494847+00:00, run_after=2023-09-06T04:32:15.494847+00:00
[2023-09-06T04:32:15.543+0000] {processor.py:175} INFO - Processing /home/airflow/.local/lib/python3.7/site-packages/airflow/example_dags/example_skip_dag.py took 0.317 seconds
[2023-09-06T04:32:45.744+0000] {processor.py:153} INFO - Started process (PID=496) to work on /home/airflow/.local/lib/python3.7/site-packages/airflow/example_dags/example_skip_dag.py
[2023-09-06T04:32:45.745+0000] {processor.py:743} INFO - Processing file /home/airflow/.local/lib/python3.7/site-packages/airflow/example_dags/example_skip_dag.py for tasks to queue
[2023-09-06T04:32:45.746+0000] {logging_mixin.py:137} INFO - [2023-09-06T04:32:45.746+0000] {dagbag.py:538} INFO - Filling up the DagBag from /home/airflow/.local/lib/python3.7/site-packages/airflow/example_dags/example_skip_dag.py
[2023-09-06T04:32:45.764+0000] {processor.py:753} INFO - DAG(s) dict_keys(['example_skip_dag']) retrieved from /home/airflow/.local/lib/python3.7/site-packages/airflow/example_dags/example_skip_dag.py
[2023-09-06T04:32:45.794+0000] {logging_mixin.py:137} INFO - [2023-09-06T04:32:45.793+0000] {dag.py:2690} INFO - Sync 1 DAGs
[2023-09-06T04:32:45.826+0000] {logging_mixin.py:137} INFO - [2023-09-06T04:32:45.825+0000] {dag.py:3441} INFO - Setting next_dagrun for example_skip_dag to 2023-09-05T04:32:45.825637+00:00, run_after=2023-09-06T04:32:45.825637+00:00
[2023-09-06T04:32:45.851+0000] {processor.py:175} INFO - Processing /home/airflow/.local/lib/python3.7/site-packages/airflow/example_dags/example_skip_dag.py took 0.111 seconds
[2023-09-06T04:33:16.781+0000] {processor.py:153} INFO - Started process (PID=566) to work on /home/airflow/.local/lib/python3.7/site-packages/airflow/example_dags/example_skip_dag.py
[2023-09-06T04:33:16.783+0000] {processor.py:743} INFO - Processing file /home/airflow/.local/lib/python3.7/site-packages/airflow/example_dags/example_skip_dag.py for tasks to queue
[2023-09-06T04:33:16.786+0000] {logging_mixin.py:137} INFO - [2023-09-06T04:33:16.786+0000] {dagbag.py:538} INFO - Filling up the DagBag from /home/airflow/.local/lib/python3.7/site-packages/airflow/example_dags/example_skip_dag.py
[2023-09-06T04:33:16.818+0000] {processor.py:753} INFO - DAG(s) dict_keys(['example_skip_dag']) retrieved from /home/airflow/.local/lib/python3.7/site-packages/airflow/example_dags/example_skip_dag.py
[2023-09-06T04:33:16.864+0000] {logging_mixin.py:137} INFO - [2023-09-06T04:33:16.864+0000] {dag.py:2690} INFO - Sync 1 DAGs
[2023-09-06T04:33:16.922+0000] {logging_mixin.py:137} INFO - [2023-09-06T04:33:16.922+0000] {dag.py:3441} INFO - Setting next_dagrun for example_skip_dag to 2023-09-05T04:33:16.921896+00:00, run_after=2023-09-06T04:33:16.921896+00:00
[2023-09-06T04:33:16.986+0000] {processor.py:175} INFO - Processing /home/airflow/.local/lib/python3.7/site-packages/airflow/example_dags/example_skip_dag.py took 0.209 seconds
[2023-09-06T04:33:47.087+0000] {processor.py:153} INFO - Started process (PID=626) to work on /home/airflow/.local/lib/python3.7/site-packages/airflow/example_dags/example_skip_dag.py
[2023-09-06T04:33:47.088+0000] {processor.py:743} INFO - Processing file /home/airflow/.local/lib/python3.7/site-packages/airflow/example_dags/example_skip_dag.py for tasks to queue
[2023-09-06T04:33:47.092+0000] {logging_mixin.py:137} INFO - [2023-09-06T04:33:47.092+0000] {dagbag.py:538} INFO - Filling up the DagBag from /home/airflow/.local/lib/python3.7/site-packages/airflow/example_dags/example_skip_dag.py
[2023-09-06T04:33:47.108+0000] {processor.py:753} INFO - DAG(s) dict_keys(['example_skip_dag']) retrieved from /home/airflow/.local/lib/python3.7/site-packages/airflow/example_dags/example_skip_dag.py
[2023-09-06T04:33:47.135+0000] {logging_mixin.py:137} INFO - [2023-09-06T04:33:47.134+0000] {dag.py:2690} INFO - Sync 1 DAGs
[2023-09-06T04:33:47.168+0000] {logging_mixin.py:137} INFO - [2023-09-06T04:33:47.168+0000] {dag.py:3441} INFO - Setting next_dagrun for example_skip_dag to 2023-09-05T04:33:47.168373+00:00, run_after=2023-09-06T04:33:47.168373+00:00
[2023-09-06T04:33:47.188+0000] {processor.py:175} INFO - Processing /home/airflow/.local/lib/python3.7/site-packages/airflow/example_dags/example_skip_dag.py took 0.106 seconds
[2023-09-06T04:34:54.936+0000] {processor.py:153} INFO - Started process (PID=51) to work on /home/airflow/.local/lib/python3.7/site-packages/airflow/example_dags/example_skip_dag.py
[2023-09-06T04:34:54.947+0000] {processor.py:743} INFO - Processing file /home/airflow/.local/lib/python3.7/site-packages/airflow/example_dags/example_skip_dag.py for tasks to queue
[2023-09-06T04:34:54.950+0000] {logging_mixin.py:137} INFO - [2023-09-06T04:34:54.949+0000] {dagbag.py:538} INFO - Filling up the DagBag from /home/airflow/.local/lib/python3.7/site-packages/airflow/example_dags/example_skip_dag.py
[2023-09-06T04:34:55.001+0000] {processor.py:753} INFO - DAG(s) dict_keys(['example_skip_dag']) retrieved from /home/airflow/.local/lib/python3.7/site-packages/airflow/example_dags/example_skip_dag.py
[2023-09-06T04:34:55.135+0000] {logging_mixin.py:137} INFO - [2023-09-06T04:34:55.135+0000] {dag.py:2690} INFO - Sync 1 DAGs
[2023-09-06T04:34:55.222+0000] {logging_mixin.py:137} INFO - [2023-09-06T04:34:55.222+0000] {dag.py:3441} INFO - Setting next_dagrun for example_skip_dag to 2023-09-05T04:34:55.222067+00:00, run_after=2023-09-06T04:34:55.222067+00:00
[2023-09-06T04:34:55.307+0000] {processor.py:175} INFO - Processing /home/airflow/.local/lib/python3.7/site-packages/airflow/example_dags/example_skip_dag.py took 0.382 seconds
[2023-09-06T04:35:25.852+0000] {processor.py:153} INFO - Started process (PID=110) to work on /home/airflow/.local/lib/python3.7/site-packages/airflow/example_dags/example_skip_dag.py
[2023-09-06T04:35:25.853+0000] {processor.py:743} INFO - Processing file /home/airflow/.local/lib/python3.7/site-packages/airflow/example_dags/example_skip_dag.py for tasks to queue
[2023-09-06T04:35:25.854+0000] {logging_mixin.py:137} INFO - [2023-09-06T04:35:25.854+0000] {dagbag.py:538} INFO - Filling up the DagBag from /home/airflow/.local/lib/python3.7/site-packages/airflow/example_dags/example_skip_dag.py
[2023-09-06T04:35:25.889+0000] {processor.py:753} INFO - DAG(s) dict_keys(['example_skip_dag']) retrieved from /home/airflow/.local/lib/python3.7/site-packages/airflow/example_dags/example_skip_dag.py
[2023-09-06T04:35:25.964+0000] {logging_mixin.py:137} INFO - [2023-09-06T04:35:25.963+0000] {dag.py:2690} INFO - Sync 1 DAGs
[2023-09-06T04:35:26.048+0000] {logging_mixin.py:137} INFO - [2023-09-06T04:35:26.048+0000] {dag.py:3441} INFO - Setting next_dagrun for example_skip_dag to 2023-09-05T04:35:26.048187+00:00, run_after=2023-09-06T04:35:26.048187+00:00
[2023-09-06T04:35:26.128+0000] {processor.py:175} INFO - Processing /home/airflow/.local/lib/python3.7/site-packages/airflow/example_dags/example_skip_dag.py took 0.280 seconds
[2023-09-06T04:35:57.104+0000] {processor.py:153} INFO - Started process (PID=170) to work on /home/airflow/.local/lib/python3.7/site-packages/airflow/example_dags/example_skip_dag.py
[2023-09-06T04:35:57.108+0000] {processor.py:743} INFO - Processing file /home/airflow/.local/lib/python3.7/site-packages/airflow/example_dags/example_skip_dag.py for tasks to queue
[2023-09-06T04:35:57.109+0000] {logging_mixin.py:137} INFO - [2023-09-06T04:35:57.109+0000] {dagbag.py:538} INFO - Filling up the DagBag from /home/airflow/.local/lib/python3.7/site-packages/airflow/example_dags/example_skip_dag.py
[2023-09-06T04:35:57.140+0000] {processor.py:753} INFO - DAG(s) dict_keys(['example_skip_dag']) retrieved from /home/airflow/.local/lib/python3.7/site-packages/airflow/example_dags/example_skip_dag.py
[2023-09-06T04:35:57.234+0000] {logging_mixin.py:137} INFO - [2023-09-06T04:35:57.234+0000] {dag.py:2690} INFO - Sync 1 DAGs
[2023-09-06T04:35:57.294+0000] {logging_mixin.py:137} INFO - [2023-09-06T04:35:57.294+0000] {dag.py:3441} INFO - Setting next_dagrun for example_skip_dag to 2023-09-05T04:35:57.294214+00:00, run_after=2023-09-06T04:35:57.294214+00:00
[2023-09-06T04:35:57.355+0000] {processor.py:175} INFO - Processing /home/airflow/.local/lib/python3.7/site-packages/airflow/example_dags/example_skip_dag.py took 0.254 seconds
[2023-09-06T04:36:28.141+0000] {processor.py:153} INFO - Started process (PID=240) to work on /home/airflow/.local/lib/python3.7/site-packages/airflow/example_dags/example_skip_dag.py
[2023-09-06T04:36:28.150+0000] {processor.py:743} INFO - Processing file /home/airflow/.local/lib/python3.7/site-packages/airflow/example_dags/example_skip_dag.py for tasks to queue
[2023-09-06T04:36:28.161+0000] {logging_mixin.py:137} INFO - [2023-09-06T04:36:28.161+0000] {dagbag.py:538} INFO - Filling up the DagBag from /home/airflow/.local/lib/python3.7/site-packages/airflow/example_dags/example_skip_dag.py
[2023-09-06T04:36:28.191+0000] {processor.py:753} INFO - DAG(s) dict_keys(['example_skip_dag']) retrieved from /home/airflow/.local/lib/python3.7/site-packages/airflow/example_dags/example_skip_dag.py
[2023-09-06T04:36:28.277+0000] {logging_mixin.py:137} INFO - [2023-09-06T04:36:28.277+0000] {dag.py:2690} INFO - Sync 1 DAGs
[2023-09-06T04:36:28.318+0000] {logging_mixin.py:137} INFO - [2023-09-06T04:36:28.318+0000] {dag.py:3441} INFO - Setting next_dagrun for example_skip_dag to 2023-09-05T04:36:28.317862+00:00, run_after=2023-09-06T04:36:28.317862+00:00
[2023-09-06T04:36:28.369+0000] {processor.py:175} INFO - Processing /home/airflow/.local/lib/python3.7/site-packages/airflow/example_dags/example_skip_dag.py took 0.234 seconds
[2023-09-06T04:36:59.272+0000] {processor.py:153} INFO - Started process (PID=299) to work on /home/airflow/.local/lib/python3.7/site-packages/airflow/example_dags/example_skip_dag.py
[2023-09-06T04:36:59.274+0000] {processor.py:743} INFO - Processing file /home/airflow/.local/lib/python3.7/site-packages/airflow/example_dags/example_skip_dag.py for tasks to queue
[2023-09-06T04:36:59.276+0000] {logging_mixin.py:137} INFO - [2023-09-06T04:36:59.275+0000] {dagbag.py:538} INFO - Filling up the DagBag from /home/airflow/.local/lib/python3.7/site-packages/airflow/example_dags/example_skip_dag.py
[2023-09-06T04:36:59.293+0000] {processor.py:753} INFO - DAG(s) dict_keys(['example_skip_dag']) retrieved from /home/airflow/.local/lib/python3.7/site-packages/airflow/example_dags/example_skip_dag.py
[2023-09-06T04:36:59.333+0000] {logging_mixin.py:137} INFO - [2023-09-06T04:36:59.333+0000] {dag.py:2690} INFO - Sync 1 DAGs
[2023-09-06T04:36:59.425+0000] {logging_mixin.py:137} INFO - [2023-09-06T04:36:59.425+0000] {dag.py:3441} INFO - Setting next_dagrun for example_skip_dag to 2023-09-05T04:36:59.424799+00:00, run_after=2023-09-06T04:36:59.424799+00:00
[2023-09-06T04:36:59.517+0000] {processor.py:175} INFO - Processing /home/airflow/.local/lib/python3.7/site-packages/airflow/example_dags/example_skip_dag.py took 0.249 seconds
[2023-09-06T04:37:29.840+0000] {processor.py:153} INFO - Started process (PID=358) to work on /home/airflow/.local/lib/python3.7/site-packages/airflow/example_dags/example_skip_dag.py
[2023-09-06T04:37:29.842+0000] {processor.py:743} INFO - Processing file /home/airflow/.local/lib/python3.7/site-packages/airflow/example_dags/example_skip_dag.py for tasks to queue
[2023-09-06T04:37:29.844+0000] {logging_mixin.py:137} INFO - [2023-09-06T04:37:29.843+0000] {dagbag.py:538} INFO - Filling up the DagBag from /home/airflow/.local/lib/python3.7/site-packages/airflow/example_dags/example_skip_dag.py
[2023-09-06T04:37:29.890+0000] {processor.py:753} INFO - DAG(s) dict_keys(['example_skip_dag']) retrieved from /home/airflow/.local/lib/python3.7/site-packages/airflow/example_dags/example_skip_dag.py
[2023-09-06T04:37:29.952+0000] {logging_mixin.py:137} INFO - [2023-09-06T04:37:29.951+0000] {dag.py:2690} INFO - Sync 1 DAGs
[2023-09-06T04:37:30.042+0000] {logging_mixin.py:137} INFO - [2023-09-06T04:37:30.042+0000] {dag.py:3441} INFO - Setting next_dagrun for example_skip_dag to 2023-09-05T04:37:30.041589+00:00, run_after=2023-09-06T04:37:30.041589+00:00
[2023-09-06T04:37:30.094+0000] {processor.py:175} INFO - Processing /home/airflow/.local/lib/python3.7/site-packages/airflow/example_dags/example_skip_dag.py took 0.268 seconds
[2023-09-06T04:38:00.212+0000] {processor.py:153} INFO - Started process (PID=426) to work on /home/airflow/.local/lib/python3.7/site-packages/airflow/example_dags/example_skip_dag.py
[2023-09-06T04:38:00.214+0000] {processor.py:743} INFO - Processing file /home/airflow/.local/lib/python3.7/site-packages/airflow/example_dags/example_skip_dag.py for tasks to queue
[2023-09-06T04:38:00.225+0000] {logging_mixin.py:137} INFO - [2023-09-06T04:38:00.225+0000] {dagbag.py:538} INFO - Filling up the DagBag from /home/airflow/.local/lib/python3.7/site-packages/airflow/example_dags/example_skip_dag.py
[2023-09-06T04:38:00.273+0000] {processor.py:753} INFO - DAG(s) dict_keys(['example_skip_dag']) retrieved from /home/airflow/.local/lib/python3.7/site-packages/airflow/example_dags/example_skip_dag.py
[2023-09-06T04:38:00.382+0000] {logging_mixin.py:137} INFO - [2023-09-06T04:38:00.381+0000] {dag.py:2690} INFO - Sync 1 DAGs
[2023-09-06T04:38:00.442+0000] {logging_mixin.py:137} INFO - [2023-09-06T04:38:00.442+0000] {dag.py:3441} INFO - Setting next_dagrun for example_skip_dag to 2023-09-05T04:38:00.442334+00:00, run_after=2023-09-06T04:38:00.442334+00:00
[2023-09-06T04:38:00.513+0000] {processor.py:175} INFO - Processing /home/airflow/.local/lib/python3.7/site-packages/airflow/example_dags/example_skip_dag.py took 0.307 seconds
[2023-09-06T04:38:31.321+0000] {processor.py:153} INFO - Started process (PID=486) to work on /home/airflow/.local/lib/python3.7/site-packages/airflow/example_dags/example_skip_dag.py
[2023-09-06T04:38:31.324+0000] {processor.py:743} INFO - Processing file /home/airflow/.local/lib/python3.7/site-packages/airflow/example_dags/example_skip_dag.py for tasks to queue
[2023-09-06T04:38:31.328+0000] {logging_mixin.py:137} INFO - [2023-09-06T04:38:31.328+0000] {dagbag.py:538} INFO - Filling up the DagBag from /home/airflow/.local/lib/python3.7/site-packages/airflow/example_dags/example_skip_dag.py
[2023-09-06T04:38:31.346+0000] {processor.py:753} INFO - DAG(s) dict_keys(['example_skip_dag']) retrieved from /home/airflow/.local/lib/python3.7/site-packages/airflow/example_dags/example_skip_dag.py
[2023-09-06T04:38:31.475+0000] {logging_mixin.py:137} INFO - [2023-09-06T04:38:31.474+0000] {dag.py:2690} INFO - Sync 1 DAGs
[2023-09-06T04:38:31.574+0000] {logging_mixin.py:137} INFO - [2023-09-06T04:38:31.563+0000] {dag.py:3441} INFO - Setting next_dagrun for example_skip_dag to 2023-09-05T04:38:31.562423+00:00, run_after=2023-09-06T04:38:31.562423+00:00
[2023-09-06T04:38:31.658+0000] {processor.py:175} INFO - Processing /home/airflow/.local/lib/python3.7/site-packages/airflow/example_dags/example_skip_dag.py took 0.343 seconds
[2023-09-06T04:39:01.938+0000] {processor.py:153} INFO - Started process (PID=545) to work on /home/airflow/.local/lib/python3.7/site-packages/airflow/example_dags/example_skip_dag.py
[2023-09-06T04:39:01.939+0000] {processor.py:743} INFO - Processing file /home/airflow/.local/lib/python3.7/site-packages/airflow/example_dags/example_skip_dag.py for tasks to queue
[2023-09-06T04:39:01.941+0000] {logging_mixin.py:137} INFO - [2023-09-06T04:39:01.940+0000] {dagbag.py:538} INFO - Filling up the DagBag from /home/airflow/.local/lib/python3.7/site-packages/airflow/example_dags/example_skip_dag.py
[2023-09-06T04:39:01.963+0000] {processor.py:753} INFO - DAG(s) dict_keys(['example_skip_dag']) retrieved from /home/airflow/.local/lib/python3.7/site-packages/airflow/example_dags/example_skip_dag.py
[2023-09-06T04:39:01.980+0000] {logging_mixin.py:137} INFO - [2023-09-06T04:39:01.980+0000] {dag.py:2690} INFO - Sync 1 DAGs
[2023-09-06T04:39:02.025+0000] {logging_mixin.py:137} INFO - [2023-09-06T04:39:02.024+0000] {dag.py:3441} INFO - Setting next_dagrun for example_skip_dag to 2023-09-05T04:39:02.024460+00:00, run_after=2023-09-06T04:39:02.024460+00:00
[2023-09-06T04:39:02.073+0000] {processor.py:175} INFO - Processing /home/airflow/.local/lib/python3.7/site-packages/airflow/example_dags/example_skip_dag.py took 0.142 seconds
[2023-09-06T04:39:33.167+0000] {processor.py:153} INFO - Started process (PID=604) to work on /home/airflow/.local/lib/python3.7/site-packages/airflow/example_dags/example_skip_dag.py
[2023-09-06T04:39:33.169+0000] {processor.py:743} INFO - Processing file /home/airflow/.local/lib/python3.7/site-packages/airflow/example_dags/example_skip_dag.py for tasks to queue
[2023-09-06T04:39:33.170+0000] {logging_mixin.py:137} INFO - [2023-09-06T04:39:33.170+0000] {dagbag.py:538} INFO - Filling up the DagBag from /home/airflow/.local/lib/python3.7/site-packages/airflow/example_dags/example_skip_dag.py
[2023-09-06T04:39:33.214+0000] {processor.py:753} INFO - DAG(s) dict_keys(['example_skip_dag']) retrieved from /home/airflow/.local/lib/python3.7/site-packages/airflow/example_dags/example_skip_dag.py
[2023-09-06T04:39:33.275+0000] {logging_mixin.py:137} INFO - [2023-09-06T04:39:33.274+0000] {dag.py:2690} INFO - Sync 1 DAGs
[2023-09-06T04:39:33.326+0000] {logging_mixin.py:137} INFO - [2023-09-06T04:39:33.326+0000] {dag.py:3441} INFO - Setting next_dagrun for example_skip_dag to 2023-09-05T04:39:33.326181+00:00, run_after=2023-09-06T04:39:33.326181+00:00
[2023-09-06T04:39:33.374+0000] {processor.py:175} INFO - Processing /home/airflow/.local/lib/python3.7/site-packages/airflow/example_dags/example_skip_dag.py took 0.212 seconds
[2023-09-06T04:40:03.914+0000] {processor.py:153} INFO - Started process (PID=674) to work on /home/airflow/.local/lib/python3.7/site-packages/airflow/example_dags/example_skip_dag.py
[2023-09-06T04:40:03.923+0000] {processor.py:743} INFO - Processing file /home/airflow/.local/lib/python3.7/site-packages/airflow/example_dags/example_skip_dag.py for tasks to queue
[2023-09-06T04:40:03.925+0000] {logging_mixin.py:137} INFO - [2023-09-06T04:40:03.925+0000] {dagbag.py:538} INFO - Filling up the DagBag from /home/airflow/.local/lib/python3.7/site-packages/airflow/example_dags/example_skip_dag.py
[2023-09-06T04:40:03.948+0000] {processor.py:753} INFO - DAG(s) dict_keys(['example_skip_dag']) retrieved from /home/airflow/.local/lib/python3.7/site-packages/airflow/example_dags/example_skip_dag.py
[2023-09-06T04:40:03.982+0000] {logging_mixin.py:137} INFO - [2023-09-06T04:40:03.982+0000] {dag.py:2690} INFO - Sync 1 DAGs
[2023-09-06T04:40:04.019+0000] {logging_mixin.py:137} INFO - [2023-09-06T04:40:04.019+0000] {dag.py:3441} INFO - Setting next_dagrun for example_skip_dag to 2023-09-05T04:40:04.018735+00:00, run_after=2023-09-06T04:40:04.018735+00:00
[2023-09-06T04:40:04.067+0000] {processor.py:175} INFO - Processing /home/airflow/.local/lib/python3.7/site-packages/airflow/example_dags/example_skip_dag.py took 0.158 seconds
[2023-09-06T04:40:34.411+0000] {processor.py:153} INFO - Started process (PID=733) to work on /home/airflow/.local/lib/python3.7/site-packages/airflow/example_dags/example_skip_dag.py
[2023-09-06T04:40:34.412+0000] {processor.py:743} INFO - Processing file /home/airflow/.local/lib/python3.7/site-packages/airflow/example_dags/example_skip_dag.py for tasks to queue
[2023-09-06T04:40:34.414+0000] {logging_mixin.py:137} INFO - [2023-09-06T04:40:34.413+0000] {dagbag.py:538} INFO - Filling up the DagBag from /home/airflow/.local/lib/python3.7/site-packages/airflow/example_dags/example_skip_dag.py
[2023-09-06T04:40:34.441+0000] {processor.py:753} INFO - DAG(s) dict_keys(['example_skip_dag']) retrieved from /home/airflow/.local/lib/python3.7/site-packages/airflow/example_dags/example_skip_dag.py
[2023-09-06T04:40:34.469+0000] {logging_mixin.py:137} INFO - [2023-09-06T04:40:34.469+0000] {dag.py:2690} INFO - Sync 1 DAGs
[2023-09-06T04:40:34.505+0000] {logging_mixin.py:137} INFO - [2023-09-06T04:40:34.505+0000] {dag.py:3441} INFO - Setting next_dagrun for example_skip_dag to 2023-09-05T04:40:34.504731+00:00, run_after=2023-09-06T04:40:34.504731+00:00
[2023-09-06T04:40:34.531+0000] {processor.py:175} INFO - Processing /home/airflow/.local/lib/python3.7/site-packages/airflow/example_dags/example_skip_dag.py took 0.124 seconds
[2023-09-06T04:41:04.675+0000] {processor.py:153} INFO - Started process (PID=793) to work on /home/airflow/.local/lib/python3.7/site-packages/airflow/example_dags/example_skip_dag.py
[2023-09-06T04:41:04.680+0000] {processor.py:743} INFO - Processing file /home/airflow/.local/lib/python3.7/site-packages/airflow/example_dags/example_skip_dag.py for tasks to queue
[2023-09-06T04:41:04.685+0000] {logging_mixin.py:137} INFO - [2023-09-06T04:41:04.685+0000] {dagbag.py:538} INFO - Filling up the DagBag from /home/airflow/.local/lib/python3.7/site-packages/airflow/example_dags/example_skip_dag.py
[2023-09-06T04:41:04.707+0000] {processor.py:753} INFO - DAG(s) dict_keys(['example_skip_dag']) retrieved from /home/airflow/.local/lib/python3.7/site-packages/airflow/example_dags/example_skip_dag.py
[2023-09-06T04:41:04.798+0000] {logging_mixin.py:137} INFO - [2023-09-06T04:41:04.798+0000] {dag.py:2690} INFO - Sync 1 DAGs
[2023-09-06T04:41:04.830+0000] {logging_mixin.py:137} INFO - [2023-09-06T04:41:04.830+0000] {dag.py:3441} INFO - Setting next_dagrun for example_skip_dag to 2023-09-05T04:41:04.830011+00:00, run_after=2023-09-06T04:41:04.830011+00:00
[2023-09-06T04:41:04.859+0000] {processor.py:175} INFO - Processing /home/airflow/.local/lib/python3.7/site-packages/airflow/example_dags/example_skip_dag.py took 0.190 seconds
[2023-09-06T04:41:35.445+0000] {processor.py:153} INFO - Started process (PID=862) to work on /home/airflow/.local/lib/python3.7/site-packages/airflow/example_dags/example_skip_dag.py
[2023-09-06T04:41:35.447+0000] {processor.py:743} INFO - Processing file /home/airflow/.local/lib/python3.7/site-packages/airflow/example_dags/example_skip_dag.py for tasks to queue
[2023-09-06T04:41:35.447+0000] {logging_mixin.py:137} INFO - [2023-09-06T04:41:35.447+0000] {dagbag.py:538} INFO - Filling up the DagBag from /home/airflow/.local/lib/python3.7/site-packages/airflow/example_dags/example_skip_dag.py
[2023-09-06T04:41:35.464+0000] {processor.py:753} INFO - DAG(s) dict_keys(['example_skip_dag']) retrieved from /home/airflow/.local/lib/python3.7/site-packages/airflow/example_dags/example_skip_dag.py
[2023-09-06T04:41:35.491+0000] {logging_mixin.py:137} INFO - [2023-09-06T04:41:35.491+0000] {dag.py:2690} INFO - Sync 1 DAGs
[2023-09-06T04:41:35.519+0000] {logging_mixin.py:137} INFO - [2023-09-06T04:41:35.519+0000] {dag.py:3441} INFO - Setting next_dagrun for example_skip_dag to 2023-09-05T04:41:35.518882+00:00, run_after=2023-09-06T04:41:35.518882+00:00
[2023-09-06T04:41:35.538+0000] {processor.py:175} INFO - Processing /home/airflow/.local/lib/python3.7/site-packages/airflow/example_dags/example_skip_dag.py took 0.096 seconds
[2023-09-06T04:42:06.432+0000] {processor.py:153} INFO - Started process (PID=923) to work on /home/airflow/.local/lib/python3.7/site-packages/airflow/example_dags/example_skip_dag.py
[2023-09-06T04:42:06.433+0000] {processor.py:743} INFO - Processing file /home/airflow/.local/lib/python3.7/site-packages/airflow/example_dags/example_skip_dag.py for tasks to queue
[2023-09-06T04:42:06.434+0000] {logging_mixin.py:137} INFO - [2023-09-06T04:42:06.434+0000] {dagbag.py:538} INFO - Filling up the DagBag from /home/airflow/.local/lib/python3.7/site-packages/airflow/example_dags/example_skip_dag.py
[2023-09-06T04:42:06.451+0000] {processor.py:753} INFO - DAG(s) dict_keys(['example_skip_dag']) retrieved from /home/airflow/.local/lib/python3.7/site-packages/airflow/example_dags/example_skip_dag.py
[2023-09-06T04:42:06.478+0000] {logging_mixin.py:137} INFO - [2023-09-06T04:42:06.478+0000] {dag.py:2690} INFO - Sync 1 DAGs
[2023-09-06T04:42:06.506+0000] {logging_mixin.py:137} INFO - [2023-09-06T04:42:06.506+0000] {dag.py:3441} INFO - Setting next_dagrun for example_skip_dag to 2023-09-05T04:42:06.506158+00:00, run_after=2023-09-06T04:42:06.506158+00:00
[2023-09-06T04:42:06.524+0000] {processor.py:175} INFO - Processing /home/airflow/.local/lib/python3.7/site-packages/airflow/example_dags/example_skip_dag.py took 0.096 seconds
[2023-09-06T04:42:36.745+0000] {processor.py:153} INFO - Started process (PID=983) to work on /home/airflow/.local/lib/python3.7/site-packages/airflow/example_dags/example_skip_dag.py
[2023-09-06T04:42:36.746+0000] {processor.py:743} INFO - Processing file /home/airflow/.local/lib/python3.7/site-packages/airflow/example_dags/example_skip_dag.py for tasks to queue
[2023-09-06T04:42:36.747+0000] {logging_mixin.py:137} INFO - [2023-09-06T04:42:36.747+0000] {dagbag.py:538} INFO - Filling up the DagBag from /home/airflow/.local/lib/python3.7/site-packages/airflow/example_dags/example_skip_dag.py
[2023-09-06T04:42:36.767+0000] {processor.py:753} INFO - DAG(s) dict_keys(['example_skip_dag']) retrieved from /home/airflow/.local/lib/python3.7/site-packages/airflow/example_dags/example_skip_dag.py
[2023-09-06T04:42:36.802+0000] {logging_mixin.py:137} INFO - [2023-09-06T04:42:36.801+0000] {dag.py:2690} INFO - Sync 1 DAGs
[2023-09-06T04:42:36.837+0000] {logging_mixin.py:137} INFO - [2023-09-06T04:42:36.836+0000] {dag.py:3441} INFO - Setting next_dagrun for example_skip_dag to 2023-09-05T04:42:36.836634+00:00, run_after=2023-09-06T04:42:36.836634+00:00
[2023-09-06T04:42:36.859+0000] {processor.py:175} INFO - Processing /home/airflow/.local/lib/python3.7/site-packages/airflow/example_dags/example_skip_dag.py took 0.120 seconds
