[2023-09-06T04:26:16.669+0000] {processor.py:153} INFO - Started process (PID=65) to work on /home/airflow/.local/lib/python3.7/site-packages/airflow/example_dags/example_xcom.py
[2023-09-06T04:26:16.690+0000] {processor.py:743} INFO - Processing file /home/airflow/.local/lib/python3.7/site-packages/airflow/example_dags/example_xcom.py for tasks to queue
[2023-09-06T04:26:16.695+0000] {logging_mixin.py:137} INFO - [2023-09-06T04:26:16.695+0000] {dagbag.py:538} INFO - Filling up the DagBag from /home/airflow/.local/lib/python3.7/site-packages/airflow/example_dags/example_xcom.py
[2023-09-06T04:26:16.810+0000] {processor.py:753} INFO - DAG(s) dict_keys(['example_xcom']) retrieved from /home/airflow/.local/lib/python3.7/site-packages/airflow/example_dags/example_xcom.py
[2023-09-06T04:26:16.892+0000] {logging_mixin.py:137} INFO - [2023-09-06T04:26:16.891+0000] {dag.py:2690} INFO - Sync 1 DAGs
[2023-09-06T04:26:17.069+0000] {logging_mixin.py:137} INFO - [2023-09-06T04:26:17.069+0000] {dag.py:3441} INFO - Setting next_dagrun for example_xcom to 2021-01-01T00:00:00+00:00, run_after=2021-01-01T00:00:00+00:00
[2023-09-06T04:26:17.251+0000] {processor.py:175} INFO - Processing /home/airflow/.local/lib/python3.7/site-packages/airflow/example_dags/example_xcom.py took 0.587 seconds
[2023-09-06T04:26:47.531+0000] {processor.py:153} INFO - Started process (PID=125) to work on /home/airflow/.local/lib/python3.7/site-packages/airflow/example_dags/example_xcom.py
[2023-09-06T04:26:47.532+0000] {processor.py:743} INFO - Processing file /home/airflow/.local/lib/python3.7/site-packages/airflow/example_dags/example_xcom.py for tasks to queue
[2023-09-06T04:26:47.534+0000] {logging_mixin.py:137} INFO - [2023-09-06T04:26:47.533+0000] {dagbag.py:538} INFO - Filling up the DagBag from /home/airflow/.local/lib/python3.7/site-packages/airflow/example_dags/example_xcom.py
[2023-09-06T04:26:47.559+0000] {processor.py:753} INFO - DAG(s) dict_keys(['example_xcom']) retrieved from /home/airflow/.local/lib/python3.7/site-packages/airflow/example_dags/example_xcom.py
[2023-09-06T04:26:47.590+0000] {logging_mixin.py:137} INFO - [2023-09-06T04:26:47.589+0000] {dag.py:2690} INFO - Sync 1 DAGs
[2023-09-06T04:26:47.621+0000] {logging_mixin.py:137} INFO - [2023-09-06T04:26:47.621+0000] {dag.py:3441} INFO - Setting next_dagrun for example_xcom to 2021-01-01T00:00:00+00:00, run_after=2021-01-01T00:00:00+00:00
[2023-09-06T04:26:47.652+0000] {processor.py:175} INFO - Processing /home/airflow/.local/lib/python3.7/site-packages/airflow/example_dags/example_xcom.py took 0.125 seconds
[2023-09-06T04:27:17.720+0000] {processor.py:153} INFO - Started process (PID=183) to work on /home/airflow/.local/lib/python3.7/site-packages/airflow/example_dags/example_xcom.py
[2023-09-06T04:27:17.722+0000] {processor.py:743} INFO - Processing file /home/airflow/.local/lib/python3.7/site-packages/airflow/example_dags/example_xcom.py for tasks to queue
[2023-09-06T04:27:17.723+0000] {logging_mixin.py:137} INFO - [2023-09-06T04:27:17.723+0000] {dagbag.py:538} INFO - Filling up the DagBag from /home/airflow/.local/lib/python3.7/site-packages/airflow/example_dags/example_xcom.py
[2023-09-06T04:27:17.748+0000] {processor.py:753} INFO - DAG(s) dict_keys(['example_xcom']) retrieved from /home/airflow/.local/lib/python3.7/site-packages/airflow/example_dags/example_xcom.py
[2023-09-06T04:27:17.775+0000] {logging_mixin.py:137} INFO - [2023-09-06T04:27:17.775+0000] {dag.py:2690} INFO - Sync 1 DAGs
[2023-09-06T04:27:17.799+0000] {logging_mixin.py:137} INFO - [2023-09-06T04:27:17.799+0000] {dag.py:3441} INFO - Setting next_dagrun for example_xcom to 2021-01-01T00:00:00+00:00, run_after=2021-01-01T00:00:00+00:00
[2023-09-06T04:27:17.823+0000] {processor.py:175} INFO - Processing /home/airflow/.local/lib/python3.7/site-packages/airflow/example_dags/example_xcom.py took 0.105 seconds
[2023-09-06T04:27:48.583+0000] {processor.py:153} INFO - Started process (PID=253) to work on /home/airflow/.local/lib/python3.7/site-packages/airflow/example_dags/example_xcom.py
[2023-09-06T04:27:48.585+0000] {processor.py:743} INFO - Processing file /home/airflow/.local/lib/python3.7/site-packages/airflow/example_dags/example_xcom.py for tasks to queue
[2023-09-06T04:27:48.586+0000] {logging_mixin.py:137} INFO - [2023-09-06T04:27:48.586+0000] {dagbag.py:538} INFO - Filling up the DagBag from /home/airflow/.local/lib/python3.7/site-packages/airflow/example_dags/example_xcom.py
[2023-09-06T04:27:48.610+0000] {processor.py:753} INFO - DAG(s) dict_keys(['example_xcom']) retrieved from /home/airflow/.local/lib/python3.7/site-packages/airflow/example_dags/example_xcom.py
[2023-09-06T04:27:48.641+0000] {logging_mixin.py:137} INFO - [2023-09-06T04:27:48.641+0000] {dag.py:2690} INFO - Sync 1 DAGs
[2023-09-06T04:27:48.669+0000] {logging_mixin.py:137} INFO - [2023-09-06T04:27:48.669+0000] {dag.py:3441} INFO - Setting next_dagrun for example_xcom to 2021-01-01T00:00:00+00:00, run_after=2021-01-01T00:00:00+00:00
[2023-09-06T04:27:48.689+0000] {processor.py:175} INFO - Processing /home/airflow/.local/lib/python3.7/site-packages/airflow/example_dags/example_xcom.py took 0.115 seconds
[2023-09-06T04:28:18.856+0000] {processor.py:153} INFO - Started process (PID=312) to work on /home/airflow/.local/lib/python3.7/site-packages/airflow/example_dags/example_xcom.py
[2023-09-06T04:28:18.857+0000] {processor.py:743} INFO - Processing file /home/airflow/.local/lib/python3.7/site-packages/airflow/example_dags/example_xcom.py for tasks to queue
[2023-09-06T04:28:18.858+0000] {logging_mixin.py:137} INFO - [2023-09-06T04:28:18.858+0000] {dagbag.py:538} INFO - Filling up the DagBag from /home/airflow/.local/lib/python3.7/site-packages/airflow/example_dags/example_xcom.py
[2023-09-06T04:28:18.879+0000] {processor.py:753} INFO - DAG(s) dict_keys(['example_xcom']) retrieved from /home/airflow/.local/lib/python3.7/site-packages/airflow/example_dags/example_xcom.py
[2023-09-06T04:28:18.904+0000] {logging_mixin.py:137} INFO - [2023-09-06T04:28:18.903+0000] {dag.py:2690} INFO - Sync 1 DAGs
[2023-09-06T04:28:18.931+0000] {logging_mixin.py:137} INFO - [2023-09-06T04:28:18.931+0000] {dag.py:3441} INFO - Setting next_dagrun for example_xcom to 2021-01-01T00:00:00+00:00, run_after=2021-01-01T00:00:00+00:00
[2023-09-06T04:28:18.960+0000] {processor.py:175} INFO - Processing /home/airflow/.local/lib/python3.7/site-packages/airflow/example_dags/example_xcom.py took 0.108 seconds
[2023-09-06T04:29:05.399+0000] {processor.py:153} INFO - Started process (PID=51) to work on /home/airflow/.local/lib/python3.7/site-packages/airflow/example_dags/example_xcom.py
[2023-09-06T04:29:05.425+0000] {processor.py:743} INFO - Processing file /home/airflow/.local/lib/python3.7/site-packages/airflow/example_dags/example_xcom.py for tasks to queue
[2023-09-06T04:29:05.437+0000] {logging_mixin.py:137} INFO - [2023-09-06T04:29:05.437+0000] {dagbag.py:538} INFO - Filling up the DagBag from /home/airflow/.local/lib/python3.7/site-packages/airflow/example_dags/example_xcom.py
[2023-09-06T04:29:05.661+0000] {processor.py:753} INFO - DAG(s) dict_keys(['example_xcom']) retrieved from /home/airflow/.local/lib/python3.7/site-packages/airflow/example_dags/example_xcom.py
[2023-09-06T04:29:05.732+0000] {logging_mixin.py:137} INFO - [2023-09-06T04:29:05.732+0000] {dag.py:2690} INFO - Sync 1 DAGs
[2023-09-06T04:29:05.968+0000] {logging_mixin.py:137} INFO - [2023-09-06T04:29:05.968+0000] {dag.py:3441} INFO - Setting next_dagrun for example_xcom to 2021-01-01T00:00:00+00:00, run_after=2021-01-01T00:00:00+00:00
[2023-09-06T04:29:06.177+0000] {processor.py:175} INFO - Processing /home/airflow/.local/lib/python3.7/site-packages/airflow/example_dags/example_xcom.py took 0.782 seconds
[2023-09-06T04:29:36.850+0000] {processor.py:153} INFO - Started process (PID=102) to work on /home/airflow/.local/lib/python3.7/site-packages/airflow/example_dags/example_xcom.py
[2023-09-06T04:29:36.854+0000] {processor.py:743} INFO - Processing file /home/airflow/.local/lib/python3.7/site-packages/airflow/example_dags/example_xcom.py for tasks to queue
[2023-09-06T04:29:36.856+0000] {logging_mixin.py:137} INFO - [2023-09-06T04:29:36.856+0000] {dagbag.py:538} INFO - Filling up the DagBag from /home/airflow/.local/lib/python3.7/site-packages/airflow/example_dags/example_xcom.py
[2023-09-06T04:29:36.889+0000] {processor.py:753} INFO - DAG(s) dict_keys(['example_xcom']) retrieved from /home/airflow/.local/lib/python3.7/site-packages/airflow/example_dags/example_xcom.py
[2023-09-06T04:29:36.934+0000] {logging_mixin.py:137} INFO - [2023-09-06T04:29:36.934+0000] {dag.py:2690} INFO - Sync 1 DAGs
[2023-09-06T04:29:36.992+0000] {logging_mixin.py:137} INFO - [2023-09-06T04:29:36.992+0000] {dag.py:3441} INFO - Setting next_dagrun for example_xcom to 2021-01-01T00:00:00+00:00, run_after=2021-01-01T00:00:00+00:00
[2023-09-06T04:29:37.025+0000] {processor.py:175} INFO - Processing /home/airflow/.local/lib/python3.7/site-packages/airflow/example_dags/example_xcom.py took 0.180 seconds
[2023-09-06T04:30:07.218+0000] {processor.py:153} INFO - Started process (PID=171) to work on /home/airflow/.local/lib/python3.7/site-packages/airflow/example_dags/example_xcom.py
[2023-09-06T04:30:07.220+0000] {processor.py:743} INFO - Processing file /home/airflow/.local/lib/python3.7/site-packages/airflow/example_dags/example_xcom.py for tasks to queue
[2023-09-06T04:30:07.221+0000] {logging_mixin.py:137} INFO - [2023-09-06T04:30:07.221+0000] {dagbag.py:538} INFO - Filling up the DagBag from /home/airflow/.local/lib/python3.7/site-packages/airflow/example_dags/example_xcom.py
[2023-09-06T04:30:07.251+0000] {processor.py:753} INFO - DAG(s) dict_keys(['example_xcom']) retrieved from /home/airflow/.local/lib/python3.7/site-packages/airflow/example_dags/example_xcom.py
[2023-09-06T04:30:07.299+0000] {logging_mixin.py:137} INFO - [2023-09-06T04:30:07.299+0000] {dag.py:2690} INFO - Sync 1 DAGs
[2023-09-06T04:30:07.330+0000] {logging_mixin.py:137} INFO - [2023-09-06T04:30:07.330+0000] {dag.py:3441} INFO - Setting next_dagrun for example_xcom to 2021-01-01T00:00:00+00:00, run_after=2021-01-01T00:00:00+00:00
[2023-09-06T04:30:07.370+0000] {processor.py:175} INFO - Processing /home/airflow/.local/lib/python3.7/site-packages/airflow/example_dags/example_xcom.py took 0.157 seconds
[2023-09-06T04:30:38.333+0000] {processor.py:153} INFO - Started process (PID=231) to work on /home/airflow/.local/lib/python3.7/site-packages/airflow/example_dags/example_xcom.py
[2023-09-06T04:30:38.344+0000] {processor.py:743} INFO - Processing file /home/airflow/.local/lib/python3.7/site-packages/airflow/example_dags/example_xcom.py for tasks to queue
[2023-09-06T04:30:38.355+0000] {logging_mixin.py:137} INFO - [2023-09-06T04:30:38.354+0000] {dagbag.py:538} INFO - Filling up the DagBag from /home/airflow/.local/lib/python3.7/site-packages/airflow/example_dags/example_xcom.py
[2023-09-06T04:30:38.446+0000] {processor.py:753} INFO - DAG(s) dict_keys(['example_xcom']) retrieved from /home/airflow/.local/lib/python3.7/site-packages/airflow/example_dags/example_xcom.py
[2023-09-06T04:30:38.555+0000] {logging_mixin.py:137} INFO - [2023-09-06T04:30:38.554+0000] {dag.py:2690} INFO - Sync 1 DAGs
[2023-09-06T04:30:38.655+0000] {logging_mixin.py:137} INFO - [2023-09-06T04:30:38.655+0000] {dag.py:3441} INFO - Setting next_dagrun for example_xcom to 2021-01-01T00:00:00+00:00, run_after=2021-01-01T00:00:00+00:00
[2023-09-06T04:30:38.758+0000] {processor.py:175} INFO - Processing /home/airflow/.local/lib/python3.7/site-packages/airflow/example_dags/example_xcom.py took 0.429 seconds
[2023-09-06T04:31:09.207+0000] {processor.py:153} INFO - Started process (PID=300) to work on /home/airflow/.local/lib/python3.7/site-packages/airflow/example_dags/example_xcom.py
[2023-09-06T04:31:09.209+0000] {processor.py:743} INFO - Processing file /home/airflow/.local/lib/python3.7/site-packages/airflow/example_dags/example_xcom.py for tasks to queue
[2023-09-06T04:31:09.211+0000] {logging_mixin.py:137} INFO - [2023-09-06T04:31:09.211+0000] {dagbag.py:538} INFO - Filling up the DagBag from /home/airflow/.local/lib/python3.7/site-packages/airflow/example_dags/example_xcom.py
[2023-09-06T04:31:09.307+0000] {processor.py:753} INFO - DAG(s) dict_keys(['example_xcom']) retrieved from /home/airflow/.local/lib/python3.7/site-packages/airflow/example_dags/example_xcom.py
[2023-09-06T04:31:09.361+0000] {logging_mixin.py:137} INFO - [2023-09-06T04:31:09.360+0000] {dag.py:2690} INFO - Sync 1 DAGs
[2023-09-06T04:31:09.392+0000] {logging_mixin.py:137} INFO - [2023-09-06T04:31:09.392+0000] {dag.py:3441} INFO - Setting next_dagrun for example_xcom to 2021-01-01T00:00:00+00:00, run_after=2021-01-01T00:00:00+00:00
[2023-09-06T04:31:09.416+0000] {processor.py:175} INFO - Processing /home/airflow/.local/lib/python3.7/site-packages/airflow/example_dags/example_xcom.py took 0.213 seconds
[2023-09-06T04:31:40.427+0000] {processor.py:153} INFO - Started process (PID=358) to work on /home/airflow/.local/lib/python3.7/site-packages/airflow/example_dags/example_xcom.py
[2023-09-06T04:31:40.429+0000] {processor.py:743} INFO - Processing file /home/airflow/.local/lib/python3.7/site-packages/airflow/example_dags/example_xcom.py for tasks to queue
[2023-09-06T04:31:40.430+0000] {logging_mixin.py:137} INFO - [2023-09-06T04:31:40.430+0000] {dagbag.py:538} INFO - Filling up the DagBag from /home/airflow/.local/lib/python3.7/site-packages/airflow/example_dags/example_xcom.py
[2023-09-06T04:31:40.462+0000] {processor.py:753} INFO - DAG(s) dict_keys(['example_xcom']) retrieved from /home/airflow/.local/lib/python3.7/site-packages/airflow/example_dags/example_xcom.py
[2023-09-06T04:31:40.501+0000] {logging_mixin.py:137} INFO - [2023-09-06T04:31:40.501+0000] {dag.py:2690} INFO - Sync 1 DAGs
[2023-09-06T04:31:40.532+0000] {logging_mixin.py:137} INFO - [2023-09-06T04:31:40.532+0000] {dag.py:3441} INFO - Setting next_dagrun for example_xcom to 2021-01-01T00:00:00+00:00, run_after=2021-01-01T00:00:00+00:00
[2023-09-06T04:31:40.564+0000] {processor.py:175} INFO - Processing /home/airflow/.local/lib/python3.7/site-packages/airflow/example_dags/example_xcom.py took 0.141 seconds
[2023-09-06T04:32:10.823+0000] {processor.py:153} INFO - Started process (PID=418) to work on /home/airflow/.local/lib/python3.7/site-packages/airflow/example_dags/example_xcom.py
[2023-09-06T04:32:10.826+0000] {processor.py:743} INFO - Processing file /home/airflow/.local/lib/python3.7/site-packages/airflow/example_dags/example_xcom.py for tasks to queue
[2023-09-06T04:32:10.828+0000] {logging_mixin.py:137} INFO - [2023-09-06T04:32:10.827+0000] {dagbag.py:538} INFO - Filling up the DagBag from /home/airflow/.local/lib/python3.7/site-packages/airflow/example_dags/example_xcom.py
[2023-09-06T04:32:10.861+0000] {processor.py:753} INFO - DAG(s) dict_keys(['example_xcom']) retrieved from /home/airflow/.local/lib/python3.7/site-packages/airflow/example_dags/example_xcom.py
[2023-09-06T04:32:10.895+0000] {logging_mixin.py:137} INFO - [2023-09-06T04:32:10.895+0000] {dag.py:2690} INFO - Sync 1 DAGs
[2023-09-06T04:32:10.929+0000] {logging_mixin.py:137} INFO - [2023-09-06T04:32:10.928+0000] {dag.py:3441} INFO - Setting next_dagrun for example_xcom to 2021-01-01T00:00:00+00:00, run_after=2021-01-01T00:00:00+00:00
[2023-09-06T04:32:10.989+0000] {processor.py:175} INFO - Processing /home/airflow/.local/lib/python3.7/site-packages/airflow/example_dags/example_xcom.py took 0.171 seconds
[2023-09-06T04:32:41.365+0000] {processor.py:153} INFO - Started process (PID=487) to work on /home/airflow/.local/lib/python3.7/site-packages/airflow/example_dags/example_xcom.py
[2023-09-06T04:32:41.367+0000] {processor.py:743} INFO - Processing file /home/airflow/.local/lib/python3.7/site-packages/airflow/example_dags/example_xcom.py for tasks to queue
[2023-09-06T04:32:41.369+0000] {logging_mixin.py:137} INFO - [2023-09-06T04:32:41.369+0000] {dagbag.py:538} INFO - Filling up the DagBag from /home/airflow/.local/lib/python3.7/site-packages/airflow/example_dags/example_xcom.py
[2023-09-06T04:32:41.436+0000] {processor.py:753} INFO - DAG(s) dict_keys(['example_xcom']) retrieved from /home/airflow/.local/lib/python3.7/site-packages/airflow/example_dags/example_xcom.py
[2023-09-06T04:32:41.480+0000] {logging_mixin.py:137} INFO - [2023-09-06T04:32:41.480+0000] {dag.py:2690} INFO - Sync 1 DAGs
[2023-09-06T04:32:41.516+0000] {logging_mixin.py:137} INFO - [2023-09-06T04:32:41.516+0000] {dag.py:3441} INFO - Setting next_dagrun for example_xcom to 2021-01-01T00:00:00+00:00, run_after=2021-01-01T00:00:00+00:00
[2023-09-06T04:32:41.561+0000] {processor.py:175} INFO - Processing /home/airflow/.local/lib/python3.7/site-packages/airflow/example_dags/example_xcom.py took 0.201 seconds
[2023-09-06T04:33:11.871+0000] {processor.py:153} INFO - Started process (PID=547) to work on /home/airflow/.local/lib/python3.7/site-packages/airflow/example_dags/example_xcom.py
[2023-09-06T04:33:11.872+0000] {processor.py:743} INFO - Processing file /home/airflow/.local/lib/python3.7/site-packages/airflow/example_dags/example_xcom.py for tasks to queue
[2023-09-06T04:33:11.873+0000] {logging_mixin.py:137} INFO - [2023-09-06T04:33:11.873+0000] {dagbag.py:538} INFO - Filling up the DagBag from /home/airflow/.local/lib/python3.7/site-packages/airflow/example_dags/example_xcom.py
[2023-09-06T04:33:11.900+0000] {processor.py:753} INFO - DAG(s) dict_keys(['example_xcom']) retrieved from /home/airflow/.local/lib/python3.7/site-packages/airflow/example_dags/example_xcom.py
[2023-09-06T04:33:11.928+0000] {logging_mixin.py:137} INFO - [2023-09-06T04:33:11.927+0000] {dag.py:2690} INFO - Sync 1 DAGs
[2023-09-06T04:33:11.960+0000] {logging_mixin.py:137} INFO - [2023-09-06T04:33:11.960+0000] {dag.py:3441} INFO - Setting next_dagrun for example_xcom to 2021-01-01T00:00:00+00:00, run_after=2021-01-01T00:00:00+00:00
[2023-09-06T04:33:11.981+0000] {processor.py:175} INFO - Processing /home/airflow/.local/lib/python3.7/site-packages/airflow/example_dags/example_xcom.py took 0.114 seconds
[2023-09-06T04:33:42.070+0000] {processor.py:153} INFO - Started process (PID=607) to work on /home/airflow/.local/lib/python3.7/site-packages/airflow/example_dags/example_xcom.py
[2023-09-06T04:33:42.072+0000] {processor.py:743} INFO - Processing file /home/airflow/.local/lib/python3.7/site-packages/airflow/example_dags/example_xcom.py for tasks to queue
[2023-09-06T04:33:42.073+0000] {logging_mixin.py:137} INFO - [2023-09-06T04:33:42.073+0000] {dagbag.py:538} INFO - Filling up the DagBag from /home/airflow/.local/lib/python3.7/site-packages/airflow/example_dags/example_xcom.py
[2023-09-06T04:33:42.097+0000] {processor.py:753} INFO - DAG(s) dict_keys(['example_xcom']) retrieved from /home/airflow/.local/lib/python3.7/site-packages/airflow/example_dags/example_xcom.py
[2023-09-06T04:33:42.130+0000] {logging_mixin.py:137} INFO - [2023-09-06T04:33:42.129+0000] {dag.py:2690} INFO - Sync 1 DAGs
[2023-09-06T04:33:42.190+0000] {logging_mixin.py:137} INFO - [2023-09-06T04:33:42.190+0000] {dag.py:3441} INFO - Setting next_dagrun for example_xcom to 2021-01-01T00:00:00+00:00, run_after=2021-01-01T00:00:00+00:00
[2023-09-06T04:33:42.215+0000] {processor.py:175} INFO - Processing /home/airflow/.local/lib/python3.7/site-packages/airflow/example_dags/example_xcom.py took 0.149 seconds
[2023-09-06T04:34:52.293+0000] {processor.py:153} INFO - Started process (PID=42) to work on /home/airflow/.local/lib/python3.7/site-packages/airflow/example_dags/example_xcom.py
[2023-09-06T04:34:52.305+0000] {processor.py:743} INFO - Processing file /home/airflow/.local/lib/python3.7/site-packages/airflow/example_dags/example_xcom.py for tasks to queue
[2023-09-06T04:34:52.312+0000] {logging_mixin.py:137} INFO - [2023-09-06T04:34:52.311+0000] {dagbag.py:538} INFO - Filling up the DagBag from /home/airflow/.local/lib/python3.7/site-packages/airflow/example_dags/example_xcom.py
[2023-09-06T04:34:52.420+0000] {processor.py:753} INFO - DAG(s) dict_keys(['example_xcom']) retrieved from /home/airflow/.local/lib/python3.7/site-packages/airflow/example_dags/example_xcom.py
[2023-09-06T04:34:52.560+0000] {logging_mixin.py:137} INFO - [2023-09-06T04:34:52.560+0000] {dag.py:2690} INFO - Sync 1 DAGs
[2023-09-06T04:34:52.678+0000] {logging_mixin.py:137} INFO - [2023-09-06T04:34:52.677+0000] {dag.py:3441} INFO - Setting next_dagrun for example_xcom to 2021-01-01T00:00:00+00:00, run_after=2021-01-01T00:00:00+00:00
[2023-09-06T04:34:52.777+0000] {processor.py:175} INFO - Processing /home/airflow/.local/lib/python3.7/site-packages/airflow/example_dags/example_xcom.py took 0.489 seconds
[2023-09-06T04:35:23.409+0000] {processor.py:153} INFO - Started process (PID=101) to work on /home/airflow/.local/lib/python3.7/site-packages/airflow/example_dags/example_xcom.py
[2023-09-06T04:35:23.410+0000] {processor.py:743} INFO - Processing file /home/airflow/.local/lib/python3.7/site-packages/airflow/example_dags/example_xcom.py for tasks to queue
[2023-09-06T04:35:23.411+0000] {logging_mixin.py:137} INFO - [2023-09-06T04:35:23.411+0000] {dagbag.py:538} INFO - Filling up the DagBag from /home/airflow/.local/lib/python3.7/site-packages/airflow/example_dags/example_xcom.py
[2023-09-06T04:35:23.451+0000] {processor.py:753} INFO - DAG(s) dict_keys(['example_xcom']) retrieved from /home/airflow/.local/lib/python3.7/site-packages/airflow/example_dags/example_xcom.py
[2023-09-06T04:35:23.470+0000] {logging_mixin.py:137} INFO - [2023-09-06T04:35:23.470+0000] {dag.py:2690} INFO - Sync 1 DAGs
[2023-09-06T04:35:23.501+0000] {logging_mixin.py:137} INFO - [2023-09-06T04:35:23.501+0000] {dag.py:3441} INFO - Setting next_dagrun for example_xcom to 2021-01-01T00:00:00+00:00, run_after=2021-01-01T00:00:00+00:00
[2023-09-06T04:35:23.522+0000] {processor.py:175} INFO - Processing /home/airflow/.local/lib/python3.7/site-packages/airflow/example_dags/example_xcom.py took 0.117 seconds
[2023-09-06T04:35:53.687+0000] {processor.py:153} INFO - Started process (PID=161) to work on /home/airflow/.local/lib/python3.7/site-packages/airflow/example_dags/example_xcom.py
[2023-09-06T04:35:53.688+0000] {processor.py:743} INFO - Processing file /home/airflow/.local/lib/python3.7/site-packages/airflow/example_dags/example_xcom.py for tasks to queue
[2023-09-06T04:35:53.689+0000] {logging_mixin.py:137} INFO - [2023-09-06T04:35:53.689+0000] {dagbag.py:538} INFO - Filling up the DagBag from /home/airflow/.local/lib/python3.7/site-packages/airflow/example_dags/example_xcom.py
[2023-09-06T04:35:53.712+0000] {processor.py:753} INFO - DAG(s) dict_keys(['example_xcom']) retrieved from /home/airflow/.local/lib/python3.7/site-packages/airflow/example_dags/example_xcom.py
[2023-09-06T04:35:53.742+0000] {logging_mixin.py:137} INFO - [2023-09-06T04:35:53.742+0000] {dag.py:2690} INFO - Sync 1 DAGs
[2023-09-06T04:35:53.766+0000] {logging_mixin.py:137} INFO - [2023-09-06T04:35:53.766+0000] {dag.py:3441} INFO - Setting next_dagrun for example_xcom to 2021-01-01T00:00:00+00:00, run_after=2021-01-01T00:00:00+00:00
[2023-09-06T04:35:53.786+0000] {processor.py:175} INFO - Processing /home/airflow/.local/lib/python3.7/site-packages/airflow/example_dags/example_xcom.py took 0.104 seconds
[2023-09-06T04:36:24.388+0000] {processor.py:153} INFO - Started process (PID=228) to work on /home/airflow/.local/lib/python3.7/site-packages/airflow/example_dags/example_xcom.py
[2023-09-06T04:36:24.406+0000] {processor.py:743} INFO - Processing file /home/airflow/.local/lib/python3.7/site-packages/airflow/example_dags/example_xcom.py for tasks to queue
[2023-09-06T04:36:24.409+0000] {logging_mixin.py:137} INFO - [2023-09-06T04:36:24.408+0000] {dagbag.py:538} INFO - Filling up the DagBag from /home/airflow/.local/lib/python3.7/site-packages/airflow/example_dags/example_xcom.py
[2023-09-06T04:36:24.513+0000] {processor.py:753} INFO - DAG(s) dict_keys(['example_xcom']) retrieved from /home/airflow/.local/lib/python3.7/site-packages/airflow/example_dags/example_xcom.py
[2023-09-06T04:36:24.615+0000] {logging_mixin.py:137} INFO - [2023-09-06T04:36:24.615+0000] {dag.py:2690} INFO - Sync 1 DAGs
[2023-09-06T04:36:24.741+0000] {logging_mixin.py:137} INFO - [2023-09-06T04:36:24.740+0000] {dag.py:3441} INFO - Setting next_dagrun for example_xcom to 2021-01-01T00:00:00+00:00, run_after=2021-01-01T00:00:00+00:00
[2023-09-06T04:36:24.874+0000] {processor.py:175} INFO - Processing /home/airflow/.local/lib/python3.7/site-packages/airflow/example_dags/example_xcom.py took 0.493 seconds
[2023-09-06T04:36:55.087+0000] {processor.py:153} INFO - Started process (PID=290) to work on /home/airflow/.local/lib/python3.7/site-packages/airflow/example_dags/example_xcom.py
[2023-09-06T04:36:55.090+0000] {processor.py:743} INFO - Processing file /home/airflow/.local/lib/python3.7/site-packages/airflow/example_dags/example_xcom.py for tasks to queue
[2023-09-06T04:36:55.092+0000] {logging_mixin.py:137} INFO - [2023-09-06T04:36:55.092+0000] {dagbag.py:538} INFO - Filling up the DagBag from /home/airflow/.local/lib/python3.7/site-packages/airflow/example_dags/example_xcom.py
[2023-09-06T04:36:55.137+0000] {processor.py:753} INFO - DAG(s) dict_keys(['example_xcom']) retrieved from /home/airflow/.local/lib/python3.7/site-packages/airflow/example_dags/example_xcom.py
[2023-09-06T04:36:55.183+0000] {logging_mixin.py:137} INFO - [2023-09-06T04:36:55.183+0000] {dag.py:2690} INFO - Sync 1 DAGs
[2023-09-06T04:36:55.237+0000] {logging_mixin.py:137} INFO - [2023-09-06T04:36:55.237+0000] {dag.py:3441} INFO - Setting next_dagrun for example_xcom to 2021-01-01T00:00:00+00:00, run_after=2021-01-01T00:00:00+00:00
[2023-09-06T04:36:55.277+0000] {processor.py:175} INFO - Processing /home/airflow/.local/lib/python3.7/site-packages/airflow/example_dags/example_xcom.py took 0.195 seconds
[2023-09-06T04:37:25.473+0000] {processor.py:153} INFO - Started process (PID=349) to work on /home/airflow/.local/lib/python3.7/site-packages/airflow/example_dags/example_xcom.py
[2023-09-06T04:37:25.479+0000] {processor.py:743} INFO - Processing file /home/airflow/.local/lib/python3.7/site-packages/airflow/example_dags/example_xcom.py for tasks to queue
[2023-09-06T04:37:25.494+0000] {logging_mixin.py:137} INFO - [2023-09-06T04:37:25.494+0000] {dagbag.py:538} INFO - Filling up the DagBag from /home/airflow/.local/lib/python3.7/site-packages/airflow/example_dags/example_xcom.py
[2023-09-06T04:37:25.536+0000] {processor.py:753} INFO - DAG(s) dict_keys(['example_xcom']) retrieved from /home/airflow/.local/lib/python3.7/site-packages/airflow/example_dags/example_xcom.py
[2023-09-06T04:37:25.580+0000] {logging_mixin.py:137} INFO - [2023-09-06T04:37:25.580+0000] {dag.py:2690} INFO - Sync 1 DAGs
[2023-09-06T04:37:25.622+0000] {logging_mixin.py:137} INFO - [2023-09-06T04:37:25.622+0000] {dag.py:3441} INFO - Setting next_dagrun for example_xcom to 2021-01-01T00:00:00+00:00, run_after=2021-01-01T00:00:00+00:00
[2023-09-06T04:37:25.650+0000] {processor.py:175} INFO - Processing /home/airflow/.local/lib/python3.7/site-packages/airflow/example_dags/example_xcom.py took 0.182 seconds
[2023-09-06T04:37:56.515+0000] {processor.py:153} INFO - Started process (PID=408) to work on /home/airflow/.local/lib/python3.7/site-packages/airflow/example_dags/example_xcom.py
[2023-09-06T04:37:56.518+0000] {processor.py:743} INFO - Processing file /home/airflow/.local/lib/python3.7/site-packages/airflow/example_dags/example_xcom.py for tasks to queue
[2023-09-06T04:37:56.521+0000] {logging_mixin.py:137} INFO - [2023-09-06T04:37:56.521+0000] {dagbag.py:538} INFO - Filling up the DagBag from /home/airflow/.local/lib/python3.7/site-packages/airflow/example_dags/example_xcom.py
[2023-09-06T04:37:56.561+0000] {processor.py:753} INFO - DAG(s) dict_keys(['example_xcom']) retrieved from /home/airflow/.local/lib/python3.7/site-packages/airflow/example_dags/example_xcom.py
[2023-09-06T04:37:56.605+0000] {logging_mixin.py:137} INFO - [2023-09-06T04:37:56.605+0000] {dag.py:2690} INFO - Sync 1 DAGs
[2023-09-06T04:37:56.648+0000] {logging_mixin.py:137} INFO - [2023-09-06T04:37:56.648+0000] {dag.py:3441} INFO - Setting next_dagrun for example_xcom to 2021-01-01T00:00:00+00:00, run_after=2021-01-01T00:00:00+00:00
[2023-09-06T04:37:56.681+0000] {processor.py:175} INFO - Processing /home/airflow/.local/lib/python3.7/site-packages/airflow/example_dags/example_xcom.py took 0.170 seconds
[2023-09-06T04:38:27.368+0000] {processor.py:153} INFO - Started process (PID=474) to work on /home/airflow/.local/lib/python3.7/site-packages/airflow/example_dags/example_xcom.py
[2023-09-06T04:38:27.370+0000] {processor.py:743} INFO - Processing file /home/airflow/.local/lib/python3.7/site-packages/airflow/example_dags/example_xcom.py for tasks to queue
[2023-09-06T04:38:27.372+0000] {logging_mixin.py:137} INFO - [2023-09-06T04:38:27.372+0000] {dagbag.py:538} INFO - Filling up the DagBag from /home/airflow/.local/lib/python3.7/site-packages/airflow/example_dags/example_xcom.py
[2023-09-06T04:38:27.410+0000] {processor.py:753} INFO - DAG(s) dict_keys(['example_xcom']) retrieved from /home/airflow/.local/lib/python3.7/site-packages/airflow/example_dags/example_xcom.py
[2023-09-06T04:38:27.459+0000] {logging_mixin.py:137} INFO - [2023-09-06T04:38:27.458+0000] {dag.py:2690} INFO - Sync 1 DAGs
[2023-09-06T04:38:27.509+0000] {logging_mixin.py:137} INFO - [2023-09-06T04:38:27.509+0000] {dag.py:3441} INFO - Setting next_dagrun for example_xcom to 2021-01-01T00:00:00+00:00, run_after=2021-01-01T00:00:00+00:00
[2023-09-06T04:38:27.547+0000] {processor.py:175} INFO - Processing /home/airflow/.local/lib/python3.7/site-packages/airflow/example_dags/example_xcom.py took 0.183 seconds
[2023-09-06T04:38:58.234+0000] {processor.py:153} INFO - Started process (PID=536) to work on /home/airflow/.local/lib/python3.7/site-packages/airflow/example_dags/example_xcom.py
[2023-09-06T04:38:58.239+0000] {processor.py:743} INFO - Processing file /home/airflow/.local/lib/python3.7/site-packages/airflow/example_dags/example_xcom.py for tasks to queue
[2023-09-06T04:38:58.242+0000] {logging_mixin.py:137} INFO - [2023-09-06T04:38:58.242+0000] {dagbag.py:538} INFO - Filling up the DagBag from /home/airflow/.local/lib/python3.7/site-packages/airflow/example_dags/example_xcom.py
[2023-09-06T04:38:58.272+0000] {processor.py:753} INFO - DAG(s) dict_keys(['example_xcom']) retrieved from /home/airflow/.local/lib/python3.7/site-packages/airflow/example_dags/example_xcom.py
[2023-09-06T04:38:58.287+0000] {logging_mixin.py:137} INFO - [2023-09-06T04:38:58.286+0000] {dag.py:2690} INFO - Sync 1 DAGs
[2023-09-06T04:38:58.321+0000] {logging_mixin.py:137} INFO - [2023-09-06T04:38:58.320+0000] {dag.py:3441} INFO - Setting next_dagrun for example_xcom to 2021-01-01T00:00:00+00:00, run_after=2021-01-01T00:00:00+00:00
[2023-09-06T04:38:58.348+0000] {processor.py:175} INFO - Processing /home/airflow/.local/lib/python3.7/site-packages/airflow/example_dags/example_xcom.py took 0.118 seconds
[2023-09-06T04:39:29.058+0000] {processor.py:153} INFO - Started process (PID=595) to work on /home/airflow/.local/lib/python3.7/site-packages/airflow/example_dags/example_xcom.py
[2023-09-06T04:39:29.061+0000] {processor.py:743} INFO - Processing file /home/airflow/.local/lib/python3.7/site-packages/airflow/example_dags/example_xcom.py for tasks to queue
[2023-09-06T04:39:29.063+0000] {logging_mixin.py:137} INFO - [2023-09-06T04:39:29.063+0000] {dagbag.py:538} INFO - Filling up the DagBag from /home/airflow/.local/lib/python3.7/site-packages/airflow/example_dags/example_xcom.py
[2023-09-06T04:39:29.107+0000] {processor.py:753} INFO - DAG(s) dict_keys(['example_xcom']) retrieved from /home/airflow/.local/lib/python3.7/site-packages/airflow/example_dags/example_xcom.py
[2023-09-06T04:39:29.146+0000] {logging_mixin.py:137} INFO - [2023-09-06T04:39:29.145+0000] {dag.py:2690} INFO - Sync 1 DAGs
[2023-09-06T04:39:29.175+0000] {logging_mixin.py:137} INFO - [2023-09-06T04:39:29.175+0000] {dag.py:3441} INFO - Setting next_dagrun for example_xcom to 2021-01-01T00:00:00+00:00, run_after=2021-01-01T00:00:00+00:00
[2023-09-06T04:39:29.198+0000] {processor.py:175} INFO - Processing /home/airflow/.local/lib/python3.7/site-packages/airflow/example_dags/example_xcom.py took 0.144 seconds
[2023-09-06T04:39:59.676+0000] {processor.py:153} INFO - Started process (PID=655) to work on /home/airflow/.local/lib/python3.7/site-packages/airflow/example_dags/example_xcom.py
[2023-09-06T04:39:59.678+0000] {processor.py:743} INFO - Processing file /home/airflow/.local/lib/python3.7/site-packages/airflow/example_dags/example_xcom.py for tasks to queue
[2023-09-06T04:39:59.679+0000] {logging_mixin.py:137} INFO - [2023-09-06T04:39:59.679+0000] {dagbag.py:538} INFO - Filling up the DagBag from /home/airflow/.local/lib/python3.7/site-packages/airflow/example_dags/example_xcom.py
[2023-09-06T04:39:59.710+0000] {processor.py:753} INFO - DAG(s) dict_keys(['example_xcom']) retrieved from /home/airflow/.local/lib/python3.7/site-packages/airflow/example_dags/example_xcom.py
[2023-09-06T04:39:59.784+0000] {logging_mixin.py:137} INFO - [2023-09-06T04:39:59.784+0000] {dag.py:2690} INFO - Sync 1 DAGs
[2023-09-06T04:39:59.855+0000] {logging_mixin.py:137} INFO - [2023-09-06T04:39:59.854+0000] {dag.py:3441} INFO - Setting next_dagrun for example_xcom to 2021-01-01T00:00:00+00:00, run_after=2021-01-01T00:00:00+00:00
[2023-09-06T04:39:59.908+0000] {processor.py:175} INFO - Processing /home/airflow/.local/lib/python3.7/site-packages/airflow/example_dags/example_xcom.py took 0.242 seconds
[2023-09-06T04:40:30.487+0000] {processor.py:153} INFO - Started process (PID=724) to work on /home/airflow/.local/lib/python3.7/site-packages/airflow/example_dags/example_xcom.py
[2023-09-06T04:40:30.491+0000] {processor.py:743} INFO - Processing file /home/airflow/.local/lib/python3.7/site-packages/airflow/example_dags/example_xcom.py for tasks to queue
[2023-09-06T04:40:30.492+0000] {logging_mixin.py:137} INFO - [2023-09-06T04:40:30.492+0000] {dagbag.py:538} INFO - Filling up the DagBag from /home/airflow/.local/lib/python3.7/site-packages/airflow/example_dags/example_xcom.py
[2023-09-06T04:40:30.519+0000] {processor.py:753} INFO - DAG(s) dict_keys(['example_xcom']) retrieved from /home/airflow/.local/lib/python3.7/site-packages/airflow/example_dags/example_xcom.py
[2023-09-06T04:40:30.559+0000] {logging_mixin.py:137} INFO - [2023-09-06T04:40:30.558+0000] {dag.py:2690} INFO - Sync 1 DAGs
[2023-09-06T04:40:30.588+0000] {logging_mixin.py:137} INFO - [2023-09-06T04:40:30.587+0000] {dag.py:3441} INFO - Setting next_dagrun for example_xcom to 2021-01-01T00:00:00+00:00, run_after=2021-01-01T00:00:00+00:00
[2023-09-06T04:40:30.622+0000] {processor.py:175} INFO - Processing /home/airflow/.local/lib/python3.7/site-packages/airflow/example_dags/example_xcom.py took 0.140 seconds
[2023-09-06T04:41:01.636+0000] {processor.py:153} INFO - Started process (PID=784) to work on /home/airflow/.local/lib/python3.7/site-packages/airflow/example_dags/example_xcom.py
[2023-09-06T04:41:01.638+0000] {processor.py:743} INFO - Processing file /home/airflow/.local/lib/python3.7/site-packages/airflow/example_dags/example_xcom.py for tasks to queue
[2023-09-06T04:41:01.639+0000] {logging_mixin.py:137} INFO - [2023-09-06T04:41:01.639+0000] {dagbag.py:538} INFO - Filling up the DagBag from /home/airflow/.local/lib/python3.7/site-packages/airflow/example_dags/example_xcom.py
[2023-09-06T04:41:01.670+0000] {processor.py:753} INFO - DAG(s) dict_keys(['example_xcom']) retrieved from /home/airflow/.local/lib/python3.7/site-packages/airflow/example_dags/example_xcom.py
[2023-09-06T04:41:01.727+0000] {logging_mixin.py:137} INFO - [2023-09-06T04:41:01.727+0000] {dag.py:2690} INFO - Sync 1 DAGs
[2023-09-06T04:41:01.760+0000] {logging_mixin.py:137} INFO - [2023-09-06T04:41:01.760+0000] {dag.py:3441} INFO - Setting next_dagrun for example_xcom to 2021-01-01T00:00:00+00:00, run_after=2021-01-01T00:00:00+00:00
[2023-09-06T04:41:01.786+0000] {processor.py:175} INFO - Processing /home/airflow/.local/lib/python3.7/site-packages/airflow/example_dags/example_xcom.py took 0.155 seconds
[2023-09-06T04:41:32.254+0000] {processor.py:153} INFO - Started process (PID=850) to work on /home/airflow/.local/lib/python3.7/site-packages/airflow/example_dags/example_xcom.py
[2023-09-06T04:41:32.255+0000] {processor.py:743} INFO - Processing file /home/airflow/.local/lib/python3.7/site-packages/airflow/example_dags/example_xcom.py for tasks to queue
[2023-09-06T04:41:32.257+0000] {logging_mixin.py:137} INFO - [2023-09-06T04:41:32.257+0000] {dagbag.py:538} INFO - Filling up the DagBag from /home/airflow/.local/lib/python3.7/site-packages/airflow/example_dags/example_xcom.py
[2023-09-06T04:41:32.286+0000] {processor.py:753} INFO - DAG(s) dict_keys(['example_xcom']) retrieved from /home/airflow/.local/lib/python3.7/site-packages/airflow/example_dags/example_xcom.py
[2023-09-06T04:41:32.318+0000] {logging_mixin.py:137} INFO - [2023-09-06T04:41:32.318+0000] {dag.py:2690} INFO - Sync 1 DAGs
[2023-09-06T04:41:32.349+0000] {logging_mixin.py:137} INFO - [2023-09-06T04:41:32.349+0000] {dag.py:3441} INFO - Setting next_dagrun for example_xcom to 2021-01-01T00:00:00+00:00, run_after=2021-01-01T00:00:00+00:00
[2023-09-06T04:41:32.372+0000] {processor.py:175} INFO - Processing /home/airflow/.local/lib/python3.7/site-packages/airflow/example_dags/example_xcom.py took 0.122 seconds
[2023-09-06T04:42:03.236+0000] {processor.py:153} INFO - Started process (PID=914) to work on /home/airflow/.local/lib/python3.7/site-packages/airflow/example_dags/example_xcom.py
[2023-09-06T04:42:03.237+0000] {processor.py:743} INFO - Processing file /home/airflow/.local/lib/python3.7/site-packages/airflow/example_dags/example_xcom.py for tasks to queue
[2023-09-06T04:42:03.238+0000] {logging_mixin.py:137} INFO - [2023-09-06T04:42:03.238+0000] {dagbag.py:538} INFO - Filling up the DagBag from /home/airflow/.local/lib/python3.7/site-packages/airflow/example_dags/example_xcom.py
[2023-09-06T04:42:03.289+0000] {processor.py:753} INFO - DAG(s) dict_keys(['example_xcom']) retrieved from /home/airflow/.local/lib/python3.7/site-packages/airflow/example_dags/example_xcom.py
[2023-09-06T04:42:03.374+0000] {logging_mixin.py:137} INFO - [2023-09-06T04:42:03.374+0000] {dag.py:2690} INFO - Sync 1 DAGs
[2023-09-06T04:42:03.443+0000] {logging_mixin.py:137} INFO - [2023-09-06T04:42:03.443+0000] {dag.py:3441} INFO - Setting next_dagrun for example_xcom to 2021-01-01T00:00:00+00:00, run_after=2021-01-01T00:00:00+00:00
[2023-09-06T04:42:03.489+0000] {processor.py:175} INFO - Processing /home/airflow/.local/lib/python3.7/site-packages/airflow/example_dags/example_xcom.py took 0.257 seconds
[2023-09-06T04:42:33.583+0000] {processor.py:153} INFO - Started process (PID=974) to work on /home/airflow/.local/lib/python3.7/site-packages/airflow/example_dags/example_xcom.py
[2023-09-06T04:42:33.584+0000] {processor.py:743} INFO - Processing file /home/airflow/.local/lib/python3.7/site-packages/airflow/example_dags/example_xcom.py for tasks to queue
[2023-09-06T04:42:33.586+0000] {logging_mixin.py:137} INFO - [2023-09-06T04:42:33.585+0000] {dagbag.py:538} INFO - Filling up the DagBag from /home/airflow/.local/lib/python3.7/site-packages/airflow/example_dags/example_xcom.py
[2023-09-06T04:42:33.616+0000] {processor.py:753} INFO - DAG(s) dict_keys(['example_xcom']) retrieved from /home/airflow/.local/lib/python3.7/site-packages/airflow/example_dags/example_xcom.py
[2023-09-06T04:42:33.658+0000] {logging_mixin.py:137} INFO - [2023-09-06T04:42:33.658+0000] {dag.py:2690} INFO - Sync 1 DAGs
[2023-09-06T04:42:33.701+0000] {logging_mixin.py:137} INFO - [2023-09-06T04:42:33.701+0000] {dag.py:3441} INFO - Setting next_dagrun for example_xcom to 2021-01-01T00:00:00+00:00, run_after=2021-01-01T00:00:00+00:00
[2023-09-06T04:42:33.740+0000] {processor.py:175} INFO - Processing /home/airflow/.local/lib/python3.7/site-packages/airflow/example_dags/example_xcom.py took 0.163 seconds
