[2023-09-06T04:26:23.272+0000] {processor.py:153} INFO - Started process (PID=82) to work on /home/airflow/.local/lib/python3.7/site-packages/airflow/example_dags/example_sensors.py
[2023-09-06T04:26:23.289+0000] {processor.py:743} INFO - Processing file /home/airflow/.local/lib/python3.7/site-packages/airflow/example_dags/example_sensors.py for tasks to queue
[2023-09-06T04:26:23.309+0000] {logging_mixin.py:137} INFO - [2023-09-06T04:26:23.291+0000] {dagbag.py:538} INFO - Filling up the DagBag from /home/airflow/.local/lib/python3.7/site-packages/airflow/example_dags/example_sensors.py
[2023-09-06T04:26:23.510+0000] {processor.py:753} INFO - DAG(s) dict_keys(['example_sensors']) retrieved from /home/airflow/.local/lib/python3.7/site-packages/airflow/example_dags/example_sensors.py
[2023-09-06T04:26:23.607+0000] {logging_mixin.py:137} INFO - [2023-09-06T04:26:23.607+0000] {dag.py:2690} INFO - Sync 1 DAGs
[2023-09-06T04:26:23.940+0000] {logging_mixin.py:137} INFO - [2023-09-06T04:26:23.940+0000] {dag.py:3441} INFO - Setting next_dagrun for example_sensors to None, run_after=None
[2023-09-06T04:26:24.085+0000] {processor.py:175} INFO - Processing /home/airflow/.local/lib/python3.7/site-packages/airflow/example_dags/example_sensors.py took 0.818 seconds
[2023-09-06T04:26:54.629+0000] {processor.py:153} INFO - Started process (PID=143) to work on /home/airflow/.local/lib/python3.7/site-packages/airflow/example_dags/example_sensors.py
[2023-09-06T04:26:54.656+0000] {processor.py:743} INFO - Processing file /home/airflow/.local/lib/python3.7/site-packages/airflow/example_dags/example_sensors.py for tasks to queue
[2023-09-06T04:26:54.675+0000] {logging_mixin.py:137} INFO - [2023-09-06T04:26:54.675+0000] {dagbag.py:538} INFO - Filling up the DagBag from /home/airflow/.local/lib/python3.7/site-packages/airflow/example_dags/example_sensors.py
[2023-09-06T04:26:54.868+0000] {processor.py:753} INFO - DAG(s) dict_keys(['example_sensors']) retrieved from /home/airflow/.local/lib/python3.7/site-packages/airflow/example_dags/example_sensors.py
[2023-09-06T04:26:55.015+0000] {logging_mixin.py:137} INFO - [2023-09-06T04:26:55.015+0000] {dag.py:2690} INFO - Sync 1 DAGs
[2023-09-06T04:26:55.145+0000] {logging_mixin.py:137} INFO - [2023-09-06T04:26:55.145+0000] {dag.py:3441} INFO - Setting next_dagrun for example_sensors to None, run_after=None
[2023-09-06T04:26:55.272+0000] {processor.py:175} INFO - Processing /home/airflow/.local/lib/python3.7/site-packages/airflow/example_dags/example_sensors.py took 0.646 seconds
[2023-09-06T04:27:26.113+0000] {processor.py:153} INFO - Started process (PID=203) to work on /home/airflow/.local/lib/python3.7/site-packages/airflow/example_dags/example_sensors.py
[2023-09-06T04:27:26.114+0000] {processor.py:743} INFO - Processing file /home/airflow/.local/lib/python3.7/site-packages/airflow/example_dags/example_sensors.py for tasks to queue
[2023-09-06T04:27:26.115+0000] {logging_mixin.py:137} INFO - [2023-09-06T04:27:26.115+0000] {dagbag.py:538} INFO - Filling up the DagBag from /home/airflow/.local/lib/python3.7/site-packages/airflow/example_dags/example_sensors.py
[2023-09-06T04:27:26.149+0000] {processor.py:753} INFO - DAG(s) dict_keys(['example_sensors']) retrieved from /home/airflow/.local/lib/python3.7/site-packages/airflow/example_dags/example_sensors.py
[2023-09-06T04:27:26.196+0000] {logging_mixin.py:137} INFO - [2023-09-06T04:27:26.196+0000] {dag.py:2690} INFO - Sync 1 DAGs
[2023-09-06T04:27:26.237+0000] {logging_mixin.py:137} INFO - [2023-09-06T04:27:26.237+0000] {dag.py:3441} INFO - Setting next_dagrun for example_sensors to None, run_after=None
[2023-09-06T04:27:26.264+0000] {processor.py:175} INFO - Processing /home/airflow/.local/lib/python3.7/site-packages/airflow/example_dags/example_sensors.py took 0.156 seconds
[2023-09-06T04:27:56.539+0000] {processor.py:153} INFO - Started process (PID=263) to work on /home/airflow/.local/lib/python3.7/site-packages/airflow/example_dags/example_sensors.py
[2023-09-06T04:27:56.544+0000] {processor.py:743} INFO - Processing file /home/airflow/.local/lib/python3.7/site-packages/airflow/example_dags/example_sensors.py for tasks to queue
[2023-09-06T04:27:56.545+0000] {logging_mixin.py:137} INFO - [2023-09-06T04:27:56.545+0000] {dagbag.py:538} INFO - Filling up the DagBag from /home/airflow/.local/lib/python3.7/site-packages/airflow/example_dags/example_sensors.py
[2023-09-06T04:27:56.587+0000] {processor.py:753} INFO - DAG(s) dict_keys(['example_sensors']) retrieved from /home/airflow/.local/lib/python3.7/site-packages/airflow/example_dags/example_sensors.py
[2023-09-06T04:27:56.652+0000] {logging_mixin.py:137} INFO - [2023-09-06T04:27:56.652+0000] {dag.py:2690} INFO - Sync 1 DAGs
[2023-09-06T04:27:56.699+0000] {logging_mixin.py:137} INFO - [2023-09-06T04:27:56.699+0000] {dag.py:3441} INFO - Setting next_dagrun for example_sensors to None, run_after=None
[2023-09-06T04:27:56.738+0000] {processor.py:175} INFO - Processing /home/airflow/.local/lib/python3.7/site-packages/airflow/example_dags/example_sensors.py took 0.217 seconds
[2023-09-06T04:29:10.840+0000] {processor.py:153} INFO - Started process (PID=63) to work on /home/airflow/.local/lib/python3.7/site-packages/airflow/example_dags/example_sensors.py
[2023-09-06T04:29:10.846+0000] {processor.py:743} INFO - Processing file /home/airflow/.local/lib/python3.7/site-packages/airflow/example_dags/example_sensors.py for tasks to queue
[2023-09-06T04:29:10.851+0000] {logging_mixin.py:137} INFO - [2023-09-06T04:29:10.850+0000] {dagbag.py:538} INFO - Filling up the DagBag from /home/airflow/.local/lib/python3.7/site-packages/airflow/example_dags/example_sensors.py
[2023-09-06T04:29:10.990+0000] {processor.py:753} INFO - DAG(s) dict_keys(['example_sensors']) retrieved from /home/airflow/.local/lib/python3.7/site-packages/airflow/example_dags/example_sensors.py
[2023-09-06T04:29:11.116+0000] {logging_mixin.py:137} INFO - [2023-09-06T04:29:11.103+0000] {dag.py:2690} INFO - Sync 1 DAGs
[2023-09-06T04:29:11.245+0000] {logging_mixin.py:137} INFO - [2023-09-06T04:29:11.245+0000] {dag.py:3441} INFO - Setting next_dagrun for example_sensors to None, run_after=None
[2023-09-06T04:29:11.379+0000] {processor.py:175} INFO - Processing /home/airflow/.local/lib/python3.7/site-packages/airflow/example_dags/example_sensors.py took 0.544 seconds
[2023-09-06T04:29:41.673+0000] {processor.py:153} INFO - Started process (PID=122) to work on /home/airflow/.local/lib/python3.7/site-packages/airflow/example_dags/example_sensors.py
[2023-09-06T04:29:41.674+0000] {processor.py:743} INFO - Processing file /home/airflow/.local/lib/python3.7/site-packages/airflow/example_dags/example_sensors.py for tasks to queue
[2023-09-06T04:29:41.676+0000] {logging_mixin.py:137} INFO - [2023-09-06T04:29:41.676+0000] {dagbag.py:538} INFO - Filling up the DagBag from /home/airflow/.local/lib/python3.7/site-packages/airflow/example_dags/example_sensors.py
[2023-09-06T04:29:41.702+0000] {processor.py:753} INFO - DAG(s) dict_keys(['example_sensors']) retrieved from /home/airflow/.local/lib/python3.7/site-packages/airflow/example_dags/example_sensors.py
[2023-09-06T04:29:41.742+0000] {logging_mixin.py:137} INFO - [2023-09-06T04:29:41.742+0000] {dag.py:2690} INFO - Sync 1 DAGs
[2023-09-06T04:29:41.782+0000] {logging_mixin.py:137} INFO - [2023-09-06T04:29:41.782+0000] {dag.py:3441} INFO - Setting next_dagrun for example_sensors to None, run_after=None
[2023-09-06T04:29:41.808+0000] {processor.py:175} INFO - Processing /home/airflow/.local/lib/python3.7/site-packages/airflow/example_dags/example_sensors.py took 0.139 seconds
[2023-09-06T04:30:12.414+0000] {processor.py:153} INFO - Started process (PID=181) to work on /home/airflow/.local/lib/python3.7/site-packages/airflow/example_dags/example_sensors.py
[2023-09-06T04:30:12.434+0000] {processor.py:743} INFO - Processing file /home/airflow/.local/lib/python3.7/site-packages/airflow/example_dags/example_sensors.py for tasks to queue
[2023-09-06T04:30:12.436+0000] {logging_mixin.py:137} INFO - [2023-09-06T04:30:12.435+0000] {dagbag.py:538} INFO - Filling up the DagBag from /home/airflow/.local/lib/python3.7/site-packages/airflow/example_dags/example_sensors.py
[2023-09-06T04:30:12.495+0000] {processor.py:753} INFO - DAG(s) dict_keys(['example_sensors']) retrieved from /home/airflow/.local/lib/python3.7/site-packages/airflow/example_dags/example_sensors.py
[2023-09-06T04:30:12.599+0000] {logging_mixin.py:137} INFO - [2023-09-06T04:30:12.599+0000] {dag.py:2690} INFO - Sync 1 DAGs
[2023-09-06T04:30:12.715+0000] {logging_mixin.py:137} INFO - [2023-09-06T04:30:12.715+0000] {dag.py:3441} INFO - Setting next_dagrun for example_sensors to None, run_after=None
[2023-09-06T04:30:12.765+0000] {processor.py:175} INFO - Processing /home/airflow/.local/lib/python3.7/site-packages/airflow/example_dags/example_sensors.py took 0.358 seconds
[2023-09-06T04:30:43.177+0000] {processor.py:153} INFO - Started process (PID=251) to work on /home/airflow/.local/lib/python3.7/site-packages/airflow/example_dags/example_sensors.py
[2023-09-06T04:30:43.179+0000] {processor.py:743} INFO - Processing file /home/airflow/.local/lib/python3.7/site-packages/airflow/example_dags/example_sensors.py for tasks to queue
[2023-09-06T04:30:43.180+0000] {logging_mixin.py:137} INFO - [2023-09-06T04:30:43.180+0000] {dagbag.py:538} INFO - Filling up the DagBag from /home/airflow/.local/lib/python3.7/site-packages/airflow/example_dags/example_sensors.py
[2023-09-06T04:30:43.230+0000] {processor.py:753} INFO - DAG(s) dict_keys(['example_sensors']) retrieved from /home/airflow/.local/lib/python3.7/site-packages/airflow/example_dags/example_sensors.py
[2023-09-06T04:30:43.273+0000] {logging_mixin.py:137} INFO - [2023-09-06T04:30:43.273+0000] {dag.py:2690} INFO - Sync 1 DAGs
[2023-09-06T04:30:43.303+0000] {logging_mixin.py:137} INFO - [2023-09-06T04:30:43.303+0000] {dag.py:3441} INFO - Setting next_dagrun for example_sensors to None, run_after=None
[2023-09-06T04:30:43.329+0000] {processor.py:175} INFO - Processing /home/airflow/.local/lib/python3.7/site-packages/airflow/example_dags/example_sensors.py took 0.161 seconds
[2023-09-06T04:31:13.469+0000] {processor.py:153} INFO - Started process (PID=310) to work on /home/airflow/.local/lib/python3.7/site-packages/airflow/example_dags/example_sensors.py
[2023-09-06T04:31:13.471+0000] {processor.py:743} INFO - Processing file /home/airflow/.local/lib/python3.7/site-packages/airflow/example_dags/example_sensors.py for tasks to queue
[2023-09-06T04:31:13.472+0000] {logging_mixin.py:137} INFO - [2023-09-06T04:31:13.471+0000] {dagbag.py:538} INFO - Filling up the DagBag from /home/airflow/.local/lib/python3.7/site-packages/airflow/example_dags/example_sensors.py
[2023-09-06T04:31:13.493+0000] {processor.py:753} INFO - DAG(s) dict_keys(['example_sensors']) retrieved from /home/airflow/.local/lib/python3.7/site-packages/airflow/example_dags/example_sensors.py
[2023-09-06T04:31:13.532+0000] {logging_mixin.py:137} INFO - [2023-09-06T04:31:13.531+0000] {dag.py:2690} INFO - Sync 1 DAGs
[2023-09-06T04:31:13.565+0000] {logging_mixin.py:137} INFO - [2023-09-06T04:31:13.565+0000] {dag.py:3441} INFO - Setting next_dagrun for example_sensors to None, run_after=None
[2023-09-06T04:31:13.589+0000] {processor.py:175} INFO - Processing /home/airflow/.local/lib/python3.7/site-packages/airflow/example_dags/example_sensors.py took 0.123 seconds
[2023-09-06T04:31:44.766+0000] {processor.py:153} INFO - Started process (PID=368) to work on /home/airflow/.local/lib/python3.7/site-packages/airflow/example_dags/example_sensors.py
[2023-09-06T04:31:44.768+0000] {processor.py:743} INFO - Processing file /home/airflow/.local/lib/python3.7/site-packages/airflow/example_dags/example_sensors.py for tasks to queue
[2023-09-06T04:31:44.774+0000] {logging_mixin.py:137} INFO - [2023-09-06T04:31:44.774+0000] {dagbag.py:538} INFO - Filling up the DagBag from /home/airflow/.local/lib/python3.7/site-packages/airflow/example_dags/example_sensors.py
[2023-09-06T04:31:44.838+0000] {processor.py:753} INFO - DAG(s) dict_keys(['example_sensors']) retrieved from /home/airflow/.local/lib/python3.7/site-packages/airflow/example_dags/example_sensors.py
[2023-09-06T04:31:44.909+0000] {logging_mixin.py:137} INFO - [2023-09-06T04:31:44.909+0000] {dag.py:2690} INFO - Sync 1 DAGs
[2023-09-06T04:31:44.969+0000] {logging_mixin.py:137} INFO - [2023-09-06T04:31:44.968+0000] {dag.py:3441} INFO - Setting next_dagrun for example_sensors to None, run_after=None
[2023-09-06T04:31:45.005+0000] {processor.py:175} INFO - Processing /home/airflow/.local/lib/python3.7/site-packages/airflow/example_dags/example_sensors.py took 0.243 seconds
[2023-09-06T04:32:15.419+0000] {processor.py:153} INFO - Started process (PID=438) to work on /home/airflow/.local/lib/python3.7/site-packages/airflow/example_dags/example_sensors.py
[2023-09-06T04:32:15.425+0000] {processor.py:743} INFO - Processing file /home/airflow/.local/lib/python3.7/site-packages/airflow/example_dags/example_sensors.py for tasks to queue
[2023-09-06T04:32:15.435+0000] {logging_mixin.py:137} INFO - [2023-09-06T04:32:15.435+0000] {dagbag.py:538} INFO - Filling up the DagBag from /home/airflow/.local/lib/python3.7/site-packages/airflow/example_dags/example_sensors.py
[2023-09-06T04:32:15.485+0000] {processor.py:753} INFO - DAG(s) dict_keys(['example_sensors']) retrieved from /home/airflow/.local/lib/python3.7/site-packages/airflow/example_dags/example_sensors.py
[2023-09-06T04:32:15.541+0000] {logging_mixin.py:137} INFO - [2023-09-06T04:32:15.541+0000] {dag.py:2690} INFO - Sync 1 DAGs
[2023-09-06T04:32:15.601+0000] {logging_mixin.py:137} INFO - [2023-09-06T04:32:15.600+0000] {dag.py:3441} INFO - Setting next_dagrun for example_sensors to None, run_after=None
[2023-09-06T04:32:15.650+0000] {processor.py:175} INFO - Processing /home/airflow/.local/lib/python3.7/site-packages/airflow/example_dags/example_sensors.py took 0.235 seconds
[2023-09-06T04:32:45.780+0000] {processor.py:153} INFO - Started process (PID=497) to work on /home/airflow/.local/lib/python3.7/site-packages/airflow/example_dags/example_sensors.py
[2023-09-06T04:32:45.781+0000] {processor.py:743} INFO - Processing file /home/airflow/.local/lib/python3.7/site-packages/airflow/example_dags/example_sensors.py for tasks to queue
[2023-09-06T04:32:45.782+0000] {logging_mixin.py:137} INFO - [2023-09-06T04:32:45.782+0000] {dagbag.py:538} INFO - Filling up the DagBag from /home/airflow/.local/lib/python3.7/site-packages/airflow/example_dags/example_sensors.py
[2023-09-06T04:32:45.808+0000] {processor.py:753} INFO - DAG(s) dict_keys(['example_sensors']) retrieved from /home/airflow/.local/lib/python3.7/site-packages/airflow/example_dags/example_sensors.py
[2023-09-06T04:32:45.842+0000] {logging_mixin.py:137} INFO - [2023-09-06T04:32:45.842+0000] {dag.py:2690} INFO - Sync 1 DAGs
[2023-09-06T04:32:45.882+0000] {logging_mixin.py:137} INFO - [2023-09-06T04:32:45.881+0000] {dag.py:3441} INFO - Setting next_dagrun for example_sensors to None, run_after=None
[2023-09-06T04:32:45.904+0000] {processor.py:175} INFO - Processing /home/airflow/.local/lib/python3.7/site-packages/airflow/example_dags/example_sensors.py took 0.128 seconds
[2023-09-06T04:33:16.862+0000] {processor.py:153} INFO - Started process (PID=567) to work on /home/airflow/.local/lib/python3.7/site-packages/airflow/example_dags/example_sensors.py
[2023-09-06T04:33:16.864+0000] {processor.py:743} INFO - Processing file /home/airflow/.local/lib/python3.7/site-packages/airflow/example_dags/example_sensors.py for tasks to queue
[2023-09-06T04:33:16.871+0000] {logging_mixin.py:137} INFO - [2023-09-06T04:33:16.871+0000] {dagbag.py:538} INFO - Filling up the DagBag from /home/airflow/.local/lib/python3.7/site-packages/airflow/example_dags/example_sensors.py
[2023-09-06T04:33:16.911+0000] {processor.py:753} INFO - DAG(s) dict_keys(['example_sensors']) retrieved from /home/airflow/.local/lib/python3.7/site-packages/airflow/example_dags/example_sensors.py
[2023-09-06T04:33:16.961+0000] {logging_mixin.py:137} INFO - [2023-09-06T04:33:16.961+0000] {dag.py:2690} INFO - Sync 1 DAGs
[2023-09-06T04:33:16.991+0000] {logging_mixin.py:137} INFO - [2023-09-06T04:33:16.991+0000] {dag.py:3441} INFO - Setting next_dagrun for example_sensors to None, run_after=None
[2023-09-06T04:33:17.014+0000] {processor.py:175} INFO - Processing /home/airflow/.local/lib/python3.7/site-packages/airflow/example_dags/example_sensors.py took 0.156 seconds
[2023-09-06T04:33:47.125+0000] {processor.py:153} INFO - Started process (PID=627) to work on /home/airflow/.local/lib/python3.7/site-packages/airflow/example_dags/example_sensors.py
[2023-09-06T04:33:47.127+0000] {processor.py:743} INFO - Processing file /home/airflow/.local/lib/python3.7/site-packages/airflow/example_dags/example_sensors.py for tasks to queue
[2023-09-06T04:33:47.128+0000] {logging_mixin.py:137} INFO - [2023-09-06T04:33:47.128+0000] {dagbag.py:538} INFO - Filling up the DagBag from /home/airflow/.local/lib/python3.7/site-packages/airflow/example_dags/example_sensors.py
[2023-09-06T04:33:47.151+0000] {processor.py:753} INFO - DAG(s) dict_keys(['example_sensors']) retrieved from /home/airflow/.local/lib/python3.7/site-packages/airflow/example_dags/example_sensors.py
[2023-09-06T04:33:47.189+0000] {logging_mixin.py:137} INFO - [2023-09-06T04:33:47.189+0000] {dag.py:2690} INFO - Sync 1 DAGs
[2023-09-06T04:33:47.214+0000] {logging_mixin.py:137} INFO - [2023-09-06T04:33:47.214+0000] {dag.py:3441} INFO - Setting next_dagrun for example_sensors to None, run_after=None
[2023-09-06T04:33:47.233+0000] {processor.py:175} INFO - Processing /home/airflow/.local/lib/python3.7/site-packages/airflow/example_dags/example_sensors.py took 0.111 seconds
[2023-09-06T04:34:55.109+0000] {processor.py:153} INFO - Started process (PID=52) to work on /home/airflow/.local/lib/python3.7/site-packages/airflow/example_dags/example_sensors.py
[2023-09-06T04:34:55.124+0000] {processor.py:743} INFO - Processing file /home/airflow/.local/lib/python3.7/site-packages/airflow/example_dags/example_sensors.py for tasks to queue
[2023-09-06T04:34:55.125+0000] {logging_mixin.py:137} INFO - [2023-09-06T04:34:55.125+0000] {dagbag.py:538} INFO - Filling up the DagBag from /home/airflow/.local/lib/python3.7/site-packages/airflow/example_dags/example_sensors.py
[2023-09-06T04:34:55.207+0000] {processor.py:753} INFO - DAG(s) dict_keys(['example_sensors']) retrieved from /home/airflow/.local/lib/python3.7/site-packages/airflow/example_dags/example_sensors.py
[2023-09-06T04:34:55.296+0000] {logging_mixin.py:137} INFO - [2023-09-06T04:34:55.296+0000] {dag.py:2690} INFO - Sync 1 DAGs
[2023-09-06T04:34:55.395+0000] {logging_mixin.py:137} INFO - [2023-09-06T04:34:55.394+0000] {dag.py:3441} INFO - Setting next_dagrun for example_sensors to None, run_after=None
[2023-09-06T04:34:55.464+0000] {processor.py:175} INFO - Processing /home/airflow/.local/lib/python3.7/site-packages/airflow/example_dags/example_sensors.py took 0.359 seconds
[2023-09-06T04:35:25.974+0000] {processor.py:153} INFO - Started process (PID=111) to work on /home/airflow/.local/lib/python3.7/site-packages/airflow/example_dags/example_sensors.py
[2023-09-06T04:35:25.975+0000] {processor.py:743} INFO - Processing file /home/airflow/.local/lib/python3.7/site-packages/airflow/example_dags/example_sensors.py for tasks to queue
[2023-09-06T04:35:25.976+0000] {logging_mixin.py:137} INFO - [2023-09-06T04:35:25.976+0000] {dagbag.py:538} INFO - Filling up the DagBag from /home/airflow/.local/lib/python3.7/site-packages/airflow/example_dags/example_sensors.py
[2023-09-06T04:35:26.034+0000] {processor.py:753} INFO - DAG(s) dict_keys(['example_sensors']) retrieved from /home/airflow/.local/lib/python3.7/site-packages/airflow/example_dags/example_sensors.py
[2023-09-06T04:35:26.070+0000] {logging_mixin.py:137} INFO - [2023-09-06T04:35:26.070+0000] {dag.py:2690} INFO - Sync 1 DAGs
[2023-09-06T04:35:26.155+0000] {logging_mixin.py:137} INFO - [2023-09-06T04:35:26.155+0000] {dag.py:3441} INFO - Setting next_dagrun for example_sensors to None, run_after=None
[2023-09-06T04:35:26.210+0000] {processor.py:175} INFO - Processing /home/airflow/.local/lib/python3.7/site-packages/airflow/example_dags/example_sensors.py took 0.259 seconds
[2023-09-06T04:35:57.254+0000] {processor.py:153} INFO - Started process (PID=171) to work on /home/airflow/.local/lib/python3.7/site-packages/airflow/example_dags/example_sensors.py
[2023-09-06T04:35:57.256+0000] {processor.py:743} INFO - Processing file /home/airflow/.local/lib/python3.7/site-packages/airflow/example_dags/example_sensors.py for tasks to queue
[2023-09-06T04:35:57.257+0000] {logging_mixin.py:137} INFO - [2023-09-06T04:35:57.257+0000] {dagbag.py:538} INFO - Filling up the DagBag from /home/airflow/.local/lib/python3.7/site-packages/airflow/example_dags/example_sensors.py
[2023-09-06T04:35:57.304+0000] {processor.py:753} INFO - DAG(s) dict_keys(['example_sensors']) retrieved from /home/airflow/.local/lib/python3.7/site-packages/airflow/example_dags/example_sensors.py
[2023-09-06T04:35:57.358+0000] {logging_mixin.py:137} INFO - [2023-09-06T04:35:57.358+0000] {dag.py:2690} INFO - Sync 1 DAGs
[2023-09-06T04:35:57.408+0000] {logging_mixin.py:137} INFO - [2023-09-06T04:35:57.408+0000] {dag.py:3441} INFO - Setting next_dagrun for example_sensors to None, run_after=None
[2023-09-06T04:35:57.429+0000] {processor.py:175} INFO - Processing /home/airflow/.local/lib/python3.7/site-packages/airflow/example_dags/example_sensors.py took 0.179 seconds
[2023-09-06T04:36:28.189+0000] {processor.py:153} INFO - Started process (PID=241) to work on /home/airflow/.local/lib/python3.7/site-packages/airflow/example_dags/example_sensors.py
[2023-09-06T04:36:28.192+0000] {processor.py:743} INFO - Processing file /home/airflow/.local/lib/python3.7/site-packages/airflow/example_dags/example_sensors.py for tasks to queue
[2023-09-06T04:36:28.195+0000] {logging_mixin.py:137} INFO - [2023-09-06T04:36:28.195+0000] {dagbag.py:538} INFO - Filling up the DagBag from /home/airflow/.local/lib/python3.7/site-packages/airflow/example_dags/example_sensors.py
[2023-09-06T04:36:28.270+0000] {processor.py:753} INFO - DAG(s) dict_keys(['example_sensors']) retrieved from /home/airflow/.local/lib/python3.7/site-packages/airflow/example_dags/example_sensors.py
[2023-09-06T04:36:28.343+0000] {logging_mixin.py:137} INFO - [2023-09-06T04:36:28.343+0000] {dag.py:2690} INFO - Sync 1 DAGs
[2023-09-06T04:36:28.450+0000] {logging_mixin.py:137} INFO - [2023-09-06T04:36:28.450+0000] {dag.py:3441} INFO - Setting next_dagrun for example_sensors to None, run_after=None
[2023-09-06T04:36:28.558+0000] {processor.py:175} INFO - Processing /home/airflow/.local/lib/python3.7/site-packages/airflow/example_dags/example_sensors.py took 0.374 seconds
[2023-09-06T04:36:59.348+0000] {processor.py:153} INFO - Started process (PID=300) to work on /home/airflow/.local/lib/python3.7/site-packages/airflow/example_dags/example_sensors.py
[2023-09-06T04:36:59.364+0000] {processor.py:743} INFO - Processing file /home/airflow/.local/lib/python3.7/site-packages/airflow/example_dags/example_sensors.py for tasks to queue
[2023-09-06T04:36:59.366+0000] {logging_mixin.py:137} INFO - [2023-09-06T04:36:59.366+0000] {dagbag.py:538} INFO - Filling up the DagBag from /home/airflow/.local/lib/python3.7/site-packages/airflow/example_dags/example_sensors.py
[2023-09-06T04:36:59.427+0000] {processor.py:753} INFO - DAG(s) dict_keys(['example_sensors']) retrieved from /home/airflow/.local/lib/python3.7/site-packages/airflow/example_dags/example_sensors.py
[2023-09-06T04:36:59.479+0000] {logging_mixin.py:137} INFO - [2023-09-06T04:36:59.479+0000] {dag.py:2690} INFO - Sync 1 DAGs
[2023-09-06T04:36:59.558+0000] {logging_mixin.py:137} INFO - [2023-09-06T04:36:59.558+0000] {dag.py:3441} INFO - Setting next_dagrun for example_sensors to None, run_after=None
[2023-09-06T04:36:59.625+0000] {processor.py:175} INFO - Processing /home/airflow/.local/lib/python3.7/site-packages/airflow/example_dags/example_sensors.py took 0.281 seconds
[2023-09-06T04:37:29.839+0000] {processor.py:153} INFO - Started process (PID=359) to work on /home/airflow/.local/lib/python3.7/site-packages/airflow/example_dags/example_sensors.py
[2023-09-06T04:37:29.841+0000] {processor.py:743} INFO - Processing file /home/airflow/.local/lib/python3.7/site-packages/airflow/example_dags/example_sensors.py for tasks to queue
[2023-09-06T04:37:29.843+0000] {logging_mixin.py:137} INFO - [2023-09-06T04:37:29.842+0000] {dagbag.py:538} INFO - Filling up the DagBag from /home/airflow/.local/lib/python3.7/site-packages/airflow/example_dags/example_sensors.py
[2023-09-06T04:37:29.893+0000] {processor.py:753} INFO - DAG(s) dict_keys(['example_sensors']) retrieved from /home/airflow/.local/lib/python3.7/site-packages/airflow/example_dags/example_sensors.py
[2023-09-06T04:37:29.991+0000] {logging_mixin.py:137} INFO - [2023-09-06T04:37:29.991+0000] {dag.py:2690} INFO - Sync 1 DAGs
[2023-09-06T04:37:30.040+0000] {logging_mixin.py:137} INFO - [2023-09-06T04:37:30.040+0000] {dag.py:3441} INFO - Setting next_dagrun for example_sensors to None, run_after=None
[2023-09-06T04:37:30.094+0000] {processor.py:175} INFO - Processing /home/airflow/.local/lib/python3.7/site-packages/airflow/example_dags/example_sensors.py took 0.260 seconds
[2023-09-06T04:38:00.223+0000] {processor.py:153} INFO - Started process (PID=427) to work on /home/airflow/.local/lib/python3.7/site-packages/airflow/example_dags/example_sensors.py
[2023-09-06T04:38:00.226+0000] {processor.py:743} INFO - Processing file /home/airflow/.local/lib/python3.7/site-packages/airflow/example_dags/example_sensors.py for tasks to queue
[2023-09-06T04:38:00.237+0000] {logging_mixin.py:137} INFO - [2023-09-06T04:38:00.237+0000] {dagbag.py:538} INFO - Filling up the DagBag from /home/airflow/.local/lib/python3.7/site-packages/airflow/example_dags/example_sensors.py
[2023-09-06T04:38:00.293+0000] {processor.py:753} INFO - DAG(s) dict_keys(['example_sensors']) retrieved from /home/airflow/.local/lib/python3.7/site-packages/airflow/example_dags/example_sensors.py
[2023-09-06T04:38:00.393+0000] {logging_mixin.py:137} INFO - [2023-09-06T04:38:00.393+0000] {dag.py:2690} INFO - Sync 1 DAGs
[2023-09-06T04:38:00.430+0000] {logging_mixin.py:137} INFO - [2023-09-06T04:38:00.430+0000] {dag.py:3441} INFO - Setting next_dagrun for example_sensors to None, run_after=None
[2023-09-06T04:38:00.499+0000] {processor.py:175} INFO - Processing /home/airflow/.local/lib/python3.7/site-packages/airflow/example_dags/example_sensors.py took 0.282 seconds
[2023-09-06T04:38:31.447+0000] {processor.py:153} INFO - Started process (PID=487) to work on /home/airflow/.local/lib/python3.7/site-packages/airflow/example_dags/example_sensors.py
[2023-09-06T04:38:31.455+0000] {processor.py:743} INFO - Processing file /home/airflow/.local/lib/python3.7/site-packages/airflow/example_dags/example_sensors.py for tasks to queue
[2023-09-06T04:38:31.459+0000] {logging_mixin.py:137} INFO - [2023-09-06T04:38:31.459+0000] {dagbag.py:538} INFO - Filling up the DagBag from /home/airflow/.local/lib/python3.7/site-packages/airflow/example_dags/example_sensors.py
[2023-09-06T04:38:31.532+0000] {processor.py:753} INFO - DAG(s) dict_keys(['example_sensors']) retrieved from /home/airflow/.local/lib/python3.7/site-packages/airflow/example_dags/example_sensors.py
[2023-09-06T04:38:31.648+0000] {logging_mixin.py:137} INFO - [2023-09-06T04:38:31.648+0000] {dag.py:2690} INFO - Sync 1 DAGs
[2023-09-06T04:38:31.765+0000] {logging_mixin.py:137} INFO - [2023-09-06T04:38:31.765+0000] {dag.py:3441} INFO - Setting next_dagrun for example_sensors to None, run_after=None
[2023-09-06T04:38:31.840+0000] {processor.py:175} INFO - Processing /home/airflow/.local/lib/python3.7/site-packages/airflow/example_dags/example_sensors.py took 0.396 seconds
[2023-09-06T04:39:02.015+0000] {processor.py:153} INFO - Started process (PID=546) to work on /home/airflow/.local/lib/python3.7/site-packages/airflow/example_dags/example_sensors.py
[2023-09-06T04:39:02.018+0000] {processor.py:743} INFO - Processing file /home/airflow/.local/lib/python3.7/site-packages/airflow/example_dags/example_sensors.py for tasks to queue
[2023-09-06T04:39:02.021+0000] {logging_mixin.py:137} INFO - [2023-09-06T04:39:02.021+0000] {dagbag.py:538} INFO - Filling up the DagBag from /home/airflow/.local/lib/python3.7/site-packages/airflow/example_dags/example_sensors.py
[2023-09-06T04:39:02.062+0000] {processor.py:753} INFO - DAG(s) dict_keys(['example_sensors']) retrieved from /home/airflow/.local/lib/python3.7/site-packages/airflow/example_dags/example_sensors.py
[2023-09-06T04:39:02.094+0000] {logging_mixin.py:137} INFO - [2023-09-06T04:39:02.093+0000] {dag.py:2690} INFO - Sync 1 DAGs
[2023-09-06T04:39:02.127+0000] {logging_mixin.py:137} INFO - [2023-09-06T04:39:02.127+0000] {dag.py:3441} INFO - Setting next_dagrun for example_sensors to None, run_after=None
[2023-09-06T04:39:02.158+0000] {processor.py:175} INFO - Processing /home/airflow/.local/lib/python3.7/site-packages/airflow/example_dags/example_sensors.py took 0.147 seconds
[2023-09-06T04:39:33.239+0000] {processor.py:153} INFO - Started process (PID=605) to work on /home/airflow/.local/lib/python3.7/site-packages/airflow/example_dags/example_sensors.py
[2023-09-06T04:39:33.244+0000] {processor.py:743} INFO - Processing file /home/airflow/.local/lib/python3.7/site-packages/airflow/example_dags/example_sensors.py for tasks to queue
[2023-09-06T04:39:33.245+0000] {logging_mixin.py:137} INFO - [2023-09-06T04:39:33.245+0000] {dagbag.py:538} INFO - Filling up the DagBag from /home/airflow/.local/lib/python3.7/site-packages/airflow/example_dags/example_sensors.py
[2023-09-06T04:39:33.290+0000] {processor.py:753} INFO - DAG(s) dict_keys(['example_sensors']) retrieved from /home/airflow/.local/lib/python3.7/site-packages/airflow/example_dags/example_sensors.py
[2023-09-06T04:39:33.351+0000] {logging_mixin.py:137} INFO - [2023-09-06T04:39:33.351+0000] {dag.py:2690} INFO - Sync 1 DAGs
[2023-09-06T04:39:33.415+0000] {logging_mixin.py:137} INFO - [2023-09-06T04:39:33.415+0000] {dag.py:3441} INFO - Setting next_dagrun for example_sensors to None, run_after=None
[2023-09-06T04:39:33.463+0000] {processor.py:175} INFO - Processing /home/airflow/.local/lib/python3.7/site-packages/airflow/example_dags/example_sensors.py took 0.228 seconds
[2023-09-06T04:40:04.120+0000] {processor.py:153} INFO - Started process (PID=675) to work on /home/airflow/.local/lib/python3.7/site-packages/airflow/example_dags/example_sensors.py
[2023-09-06T04:40:04.123+0000] {processor.py:743} INFO - Processing file /home/airflow/.local/lib/python3.7/site-packages/airflow/example_dags/example_sensors.py for tasks to queue
[2023-09-06T04:40:04.125+0000] {logging_mixin.py:137} INFO - [2023-09-06T04:40:04.124+0000] {dagbag.py:538} INFO - Filling up the DagBag from /home/airflow/.local/lib/python3.7/site-packages/airflow/example_dags/example_sensors.py
[2023-09-06T04:40:04.154+0000] {processor.py:753} INFO - DAG(s) dict_keys(['example_sensors']) retrieved from /home/airflow/.local/lib/python3.7/site-packages/airflow/example_dags/example_sensors.py
[2023-09-06T04:40:04.194+0000] {logging_mixin.py:137} INFO - [2023-09-06T04:40:04.194+0000] {dag.py:2690} INFO - Sync 1 DAGs
[2023-09-06T04:40:04.233+0000] {logging_mixin.py:137} INFO - [2023-09-06T04:40:04.233+0000] {dag.py:3441} INFO - Setting next_dagrun for example_sensors to None, run_after=None
[2023-09-06T04:40:04.297+0000] {processor.py:175} INFO - Processing /home/airflow/.local/lib/python3.7/site-packages/airflow/example_dags/example_sensors.py took 0.181 seconds
[2023-09-06T04:40:34.452+0000] {processor.py:153} INFO - Started process (PID=734) to work on /home/airflow/.local/lib/python3.7/site-packages/airflow/example_dags/example_sensors.py
[2023-09-06T04:40:34.454+0000] {processor.py:743} INFO - Processing file /home/airflow/.local/lib/python3.7/site-packages/airflow/example_dags/example_sensors.py for tasks to queue
[2023-09-06T04:40:34.455+0000] {logging_mixin.py:137} INFO - [2023-09-06T04:40:34.455+0000] {dagbag.py:538} INFO - Filling up the DagBag from /home/airflow/.local/lib/python3.7/site-packages/airflow/example_dags/example_sensors.py
[2023-09-06T04:40:34.478+0000] {processor.py:753} INFO - DAG(s) dict_keys(['example_sensors']) retrieved from /home/airflow/.local/lib/python3.7/site-packages/airflow/example_dags/example_sensors.py
[2023-09-06T04:40:34.516+0000] {logging_mixin.py:137} INFO - [2023-09-06T04:40:34.515+0000] {dag.py:2690} INFO - Sync 1 DAGs
[2023-09-06T04:40:34.547+0000] {logging_mixin.py:137} INFO - [2023-09-06T04:40:34.547+0000] {dag.py:3441} INFO - Setting next_dagrun for example_sensors to None, run_after=None
[2023-09-06T04:40:34.583+0000] {processor.py:175} INFO - Processing /home/airflow/.local/lib/python3.7/site-packages/airflow/example_dags/example_sensors.py took 0.138 seconds
[2023-09-06T04:41:04.800+0000] {processor.py:153} INFO - Started process (PID=794) to work on /home/airflow/.local/lib/python3.7/site-packages/airflow/example_dags/example_sensors.py
[2023-09-06T04:41:04.801+0000] {processor.py:743} INFO - Processing file /home/airflow/.local/lib/python3.7/site-packages/airflow/example_dags/example_sensors.py for tasks to queue
[2023-09-06T04:41:04.803+0000] {logging_mixin.py:137} INFO - [2023-09-06T04:41:04.802+0000] {dagbag.py:538} INFO - Filling up the DagBag from /home/airflow/.local/lib/python3.7/site-packages/airflow/example_dags/example_sensors.py
[2023-09-06T04:41:04.827+0000] {processor.py:753} INFO - DAG(s) dict_keys(['example_sensors']) retrieved from /home/airflow/.local/lib/python3.7/site-packages/airflow/example_dags/example_sensors.py
[2023-09-06T04:41:04.862+0000] {logging_mixin.py:137} INFO - [2023-09-06T04:41:04.862+0000] {dag.py:2690} INFO - Sync 1 DAGs
[2023-09-06T04:41:04.892+0000] {logging_mixin.py:137} INFO - [2023-09-06T04:41:04.892+0000] {dag.py:3441} INFO - Setting next_dagrun for example_sensors to None, run_after=None
[2023-09-06T04:41:04.912+0000] {processor.py:175} INFO - Processing /home/airflow/.local/lib/python3.7/site-packages/airflow/example_dags/example_sensors.py took 0.115 seconds
[2023-09-06T04:41:35.568+0000] {processor.py:153} INFO - Started process (PID=863) to work on /home/airflow/.local/lib/python3.7/site-packages/airflow/example_dags/example_sensors.py
[2023-09-06T04:41:35.569+0000] {processor.py:743} INFO - Processing file /home/airflow/.local/lib/python3.7/site-packages/airflow/example_dags/example_sensors.py for tasks to queue
[2023-09-06T04:41:35.570+0000] {logging_mixin.py:137} INFO - [2023-09-06T04:41:35.570+0000] {dagbag.py:538} INFO - Filling up the DagBag from /home/airflow/.local/lib/python3.7/site-packages/airflow/example_dags/example_sensors.py
[2023-09-06T04:41:35.597+0000] {processor.py:753} INFO - DAG(s) dict_keys(['example_sensors']) retrieved from /home/airflow/.local/lib/python3.7/site-packages/airflow/example_dags/example_sensors.py
[2023-09-06T04:41:35.645+0000] {logging_mixin.py:137} INFO - [2023-09-06T04:41:35.645+0000] {dag.py:2690} INFO - Sync 1 DAGs
[2023-09-06T04:41:35.672+0000] {logging_mixin.py:137} INFO - [2023-09-06T04:41:35.671+0000] {dag.py:3441} INFO - Setting next_dagrun for example_sensors to None, run_after=None
[2023-09-06T04:41:35.707+0000] {processor.py:175} INFO - Processing /home/airflow/.local/lib/python3.7/site-packages/airflow/example_dags/example_sensors.py took 0.143 seconds
[2023-09-06T04:42:06.445+0000] {processor.py:153} INFO - Started process (PID=924) to work on /home/airflow/.local/lib/python3.7/site-packages/airflow/example_dags/example_sensors.py
[2023-09-06T04:42:06.447+0000] {processor.py:743} INFO - Processing file /home/airflow/.local/lib/python3.7/site-packages/airflow/example_dags/example_sensors.py for tasks to queue
[2023-09-06T04:42:06.448+0000] {logging_mixin.py:137} INFO - [2023-09-06T04:42:06.447+0000] {dagbag.py:538} INFO - Filling up the DagBag from /home/airflow/.local/lib/python3.7/site-packages/airflow/example_dags/example_sensors.py
[2023-09-06T04:42:06.468+0000] {processor.py:753} INFO - DAG(s) dict_keys(['example_sensors']) retrieved from /home/airflow/.local/lib/python3.7/site-packages/airflow/example_dags/example_sensors.py
[2023-09-06T04:42:06.500+0000] {logging_mixin.py:137} INFO - [2023-09-06T04:42:06.500+0000] {dag.py:2690} INFO - Sync 1 DAGs
[2023-09-06T04:42:06.527+0000] {logging_mixin.py:137} INFO - [2023-09-06T04:42:06.527+0000] {dag.py:3441} INFO - Setting next_dagrun for example_sensors to None, run_after=None
[2023-09-06T04:42:06.548+0000] {processor.py:175} INFO - Processing /home/airflow/.local/lib/python3.7/site-packages/airflow/example_dags/example_sensors.py took 0.106 seconds
[2023-09-06T04:42:36.793+0000] {processor.py:153} INFO - Started process (PID=984) to work on /home/airflow/.local/lib/python3.7/site-packages/airflow/example_dags/example_sensors.py
[2023-09-06T04:42:36.794+0000] {processor.py:743} INFO - Processing file /home/airflow/.local/lib/python3.7/site-packages/airflow/example_dags/example_sensors.py for tasks to queue
[2023-09-06T04:42:36.796+0000] {logging_mixin.py:137} INFO - [2023-09-06T04:42:36.796+0000] {dagbag.py:538} INFO - Filling up the DagBag from /home/airflow/.local/lib/python3.7/site-packages/airflow/example_dags/example_sensors.py
[2023-09-06T04:42:36.822+0000] {processor.py:753} INFO - DAG(s) dict_keys(['example_sensors']) retrieved from /home/airflow/.local/lib/python3.7/site-packages/airflow/example_dags/example_sensors.py
[2023-09-06T04:42:36.860+0000] {logging_mixin.py:137} INFO - [2023-09-06T04:42:36.860+0000] {dag.py:2690} INFO - Sync 1 DAGs
[2023-09-06T04:42:36.890+0000] {logging_mixin.py:137} INFO - [2023-09-06T04:42:36.889+0000] {dag.py:3441} INFO - Setting next_dagrun for example_sensors to None, run_after=None
[2023-09-06T04:42:36.913+0000] {processor.py:175} INFO - Processing /home/airflow/.local/lib/python3.7/site-packages/airflow/example_dags/example_sensors.py took 0.126 seconds
