[2023-09-06T04:26:19.972+0000] {processor.py:153} INFO - Started process (PID=71) to work on /home/airflow/.local/lib/python3.7/site-packages/airflow/example_dags/example_task_group.py
[2023-09-06T04:26:19.987+0000] {processor.py:743} INFO - Processing file /home/airflow/.local/lib/python3.7/site-packages/airflow/example_dags/example_task_group.py for tasks to queue
[2023-09-06T04:26:20.008+0000] {logging_mixin.py:137} INFO - [2023-09-06T04:26:20.008+0000] {dagbag.py:538} INFO - Filling up the DagBag from /home/airflow/.local/lib/python3.7/site-packages/airflow/example_dags/example_task_group.py
[2023-09-06T04:26:20.375+0000] {processor.py:753} INFO - DAG(s) dict_keys(['example_task_group']) retrieved from /home/airflow/.local/lib/python3.7/site-packages/airflow/example_dags/example_task_group.py
[2023-09-06T04:26:20.595+0000] {logging_mixin.py:137} INFO - [2023-09-06T04:26:20.595+0000] {dag.py:2690} INFO - Sync 1 DAGs
[2023-09-06T04:26:21.026+0000] {logging_mixin.py:137} INFO - [2023-09-06T04:26:21.026+0000] {dag.py:3441} INFO - Setting next_dagrun for example_task_group to 2023-09-05T04:26:21.025559+00:00, run_after=2023-09-06T04:26:21.025559+00:00
[2023-09-06T04:26:21.329+0000] {processor.py:175} INFO - Processing /home/airflow/.local/lib/python3.7/site-packages/airflow/example_dags/example_task_group.py took 1.463 seconds
[2023-09-06T04:26:52.078+0000] {processor.py:153} INFO - Started process (PID=131) to work on /home/airflow/.local/lib/python3.7/site-packages/airflow/example_dags/example_task_group.py
[2023-09-06T04:26:52.079+0000] {processor.py:743} INFO - Processing file /home/airflow/.local/lib/python3.7/site-packages/airflow/example_dags/example_task_group.py for tasks to queue
[2023-09-06T04:26:52.080+0000] {logging_mixin.py:137} INFO - [2023-09-06T04:26:52.080+0000] {dagbag.py:538} INFO - Filling up the DagBag from /home/airflow/.local/lib/python3.7/site-packages/airflow/example_dags/example_task_group.py
[2023-09-06T04:26:52.095+0000] {processor.py:753} INFO - DAG(s) dict_keys(['example_task_group']) retrieved from /home/airflow/.local/lib/python3.7/site-packages/airflow/example_dags/example_task_group.py
[2023-09-06T04:26:52.132+0000] {logging_mixin.py:137} INFO - [2023-09-06T04:26:52.132+0000] {dag.py:2690} INFO - Sync 1 DAGs
[2023-09-06T04:26:52.168+0000] {logging_mixin.py:137} INFO - [2023-09-06T04:26:52.167+0000] {dag.py:3441} INFO - Setting next_dagrun for example_task_group to 2023-09-05T04:26:52.166357+00:00, run_after=2023-09-06T04:26:52.166357+00:00
[2023-09-06T04:26:52.223+0000] {processor.py:175} INFO - Processing /home/airflow/.local/lib/python3.7/site-packages/airflow/example_dags/example_task_group.py took 0.149 seconds
[2023-09-06T04:27:22.685+0000] {processor.py:153} INFO - Started process (PID=199) to work on /home/airflow/.local/lib/python3.7/site-packages/airflow/example_dags/example_task_group.py
[2023-09-06T04:27:22.688+0000] {processor.py:743} INFO - Processing file /home/airflow/.local/lib/python3.7/site-packages/airflow/example_dags/example_task_group.py for tasks to queue
[2023-09-06T04:27:22.695+0000] {logging_mixin.py:137} INFO - [2023-09-06T04:27:22.695+0000] {dagbag.py:538} INFO - Filling up the DagBag from /home/airflow/.local/lib/python3.7/site-packages/airflow/example_dags/example_task_group.py
[2023-09-06T04:27:22.732+0000] {processor.py:753} INFO - DAG(s) dict_keys(['example_task_group']) retrieved from /home/airflow/.local/lib/python3.7/site-packages/airflow/example_dags/example_task_group.py
[2023-09-06T04:27:22.769+0000] {logging_mixin.py:137} INFO - [2023-09-06T04:27:22.768+0000] {dag.py:2690} INFO - Sync 1 DAGs
[2023-09-06T04:27:22.815+0000] {logging_mixin.py:137} INFO - [2023-09-06T04:27:22.815+0000] {dag.py:3441} INFO - Setting next_dagrun for example_task_group to 2023-09-05T04:27:22.815359+00:00, run_after=2023-09-06T04:27:22.815359+00:00
[2023-09-06T04:27:22.850+0000] {processor.py:175} INFO - Processing /home/airflow/.local/lib/python3.7/site-packages/airflow/example_dags/example_task_group.py took 0.169 seconds
[2023-09-06T04:27:53.338+0000] {processor.py:153} INFO - Started process (PID=259) to work on /home/airflow/.local/lib/python3.7/site-packages/airflow/example_dags/example_task_group.py
[2023-09-06T04:27:53.340+0000] {processor.py:743} INFO - Processing file /home/airflow/.local/lib/python3.7/site-packages/airflow/example_dags/example_task_group.py for tasks to queue
[2023-09-06T04:27:53.341+0000] {logging_mixin.py:137} INFO - [2023-09-06T04:27:53.341+0000] {dagbag.py:538} INFO - Filling up the DagBag from /home/airflow/.local/lib/python3.7/site-packages/airflow/example_dags/example_task_group.py
[2023-09-06T04:27:53.359+0000] {processor.py:753} INFO - DAG(s) dict_keys(['example_task_group']) retrieved from /home/airflow/.local/lib/python3.7/site-packages/airflow/example_dags/example_task_group.py
[2023-09-06T04:27:53.388+0000] {logging_mixin.py:137} INFO - [2023-09-06T04:27:53.388+0000] {dag.py:2690} INFO - Sync 1 DAGs
[2023-09-06T04:27:53.413+0000] {logging_mixin.py:137} INFO - [2023-09-06T04:27:53.413+0000] {dag.py:3441} INFO - Setting next_dagrun for example_task_group to 2023-09-05T04:27:53.413014+00:00, run_after=2023-09-06T04:27:53.413014+00:00
[2023-09-06T04:27:53.447+0000] {processor.py:175} INFO - Processing /home/airflow/.local/lib/python3.7/site-packages/airflow/example_dags/example_task_group.py took 0.112 seconds
[2023-09-06T04:28:23.756+0000] {processor.py:153} INFO - Started process (PID=318) to work on /home/airflow/.local/lib/python3.7/site-packages/airflow/example_dags/example_task_group.py
[2023-09-06T04:28:23.759+0000] {processor.py:743} INFO - Processing file /home/airflow/.local/lib/python3.7/site-packages/airflow/example_dags/example_task_group.py for tasks to queue
[2023-09-06T04:28:23.766+0000] {logging_mixin.py:137} INFO - [2023-09-06T04:28:23.766+0000] {dagbag.py:538} INFO - Filling up the DagBag from /home/airflow/.local/lib/python3.7/site-packages/airflow/example_dags/example_task_group.py
[2023-09-06T04:28:23.804+0000] {processor.py:753} INFO - DAG(s) dict_keys(['example_task_group']) retrieved from /home/airflow/.local/lib/python3.7/site-packages/airflow/example_dags/example_task_group.py
[2023-09-06T04:28:23.854+0000] {logging_mixin.py:137} INFO - [2023-09-06T04:28:23.854+0000] {dag.py:2690} INFO - Sync 1 DAGs
[2023-09-06T04:28:23.936+0000] {logging_mixin.py:137} INFO - [2023-09-06T04:28:23.935+0000] {dag.py:3441} INFO - Setting next_dagrun for example_task_group to 2023-09-05T04:28:23.935659+00:00, run_after=2023-09-06T04:28:23.935659+00:00
[2023-09-06T04:28:24.000+0000] {processor.py:175} INFO - Processing /home/airflow/.local/lib/python3.7/site-packages/airflow/example_dags/example_task_group.py took 0.249 seconds
[2023-09-06T04:29:08.914+0000] {processor.py:153} INFO - Started process (PID=59) to work on /home/airflow/.local/lib/python3.7/site-packages/airflow/example_dags/example_task_group.py
[2023-09-06T04:29:08.966+0000] {processor.py:743} INFO - Processing file /home/airflow/.local/lib/python3.7/site-packages/airflow/example_dags/example_task_group.py for tasks to queue
[2023-09-06T04:29:08.970+0000] {logging_mixin.py:137} INFO - [2023-09-06T04:29:08.969+0000] {dagbag.py:538} INFO - Filling up the DagBag from /home/airflow/.local/lib/python3.7/site-packages/airflow/example_dags/example_task_group.py
[2023-09-06T04:29:09.144+0000] {processor.py:753} INFO - DAG(s) dict_keys(['example_task_group']) retrieved from /home/airflow/.local/lib/python3.7/site-packages/airflow/example_dags/example_task_group.py
[2023-09-06T04:29:09.341+0000] {logging_mixin.py:137} INFO - [2023-09-06T04:29:09.341+0000] {dag.py:2690} INFO - Sync 1 DAGs
[2023-09-06T04:29:09.585+0000] {logging_mixin.py:137} INFO - [2023-09-06T04:29:09.585+0000] {dag.py:3441} INFO - Setting next_dagrun for example_task_group to 2023-09-05T04:29:09.584906+00:00, run_after=2023-09-06T04:29:09.584906+00:00
[2023-09-06T04:29:09.775+0000] {processor.py:175} INFO - Processing /home/airflow/.local/lib/python3.7/site-packages/airflow/example_dags/example_task_group.py took 0.865 seconds
[2023-09-06T04:29:40.473+0000] {processor.py:153} INFO - Started process (PID=118) to work on /home/airflow/.local/lib/python3.7/site-packages/airflow/example_dags/example_task_group.py
[2023-09-06T04:29:40.475+0000] {processor.py:743} INFO - Processing file /home/airflow/.local/lib/python3.7/site-packages/airflow/example_dags/example_task_group.py for tasks to queue
[2023-09-06T04:29:40.476+0000] {logging_mixin.py:137} INFO - [2023-09-06T04:29:40.476+0000] {dagbag.py:538} INFO - Filling up the DagBag from /home/airflow/.local/lib/python3.7/site-packages/airflow/example_dags/example_task_group.py
[2023-09-06T04:29:40.499+0000] {processor.py:753} INFO - DAG(s) dict_keys(['example_task_group']) retrieved from /home/airflow/.local/lib/python3.7/site-packages/airflow/example_dags/example_task_group.py
[2023-09-06T04:29:40.532+0000] {logging_mixin.py:137} INFO - [2023-09-06T04:29:40.532+0000] {dag.py:2690} INFO - Sync 1 DAGs
[2023-09-06T04:29:40.565+0000] {logging_mixin.py:137} INFO - [2023-09-06T04:29:40.565+0000] {dag.py:3441} INFO - Setting next_dagrun for example_task_group to 2023-09-05T04:29:40.565159+00:00, run_after=2023-09-06T04:29:40.565159+00:00
[2023-09-06T04:29:40.587+0000] {processor.py:175} INFO - Processing /home/airflow/.local/lib/python3.7/site-packages/airflow/example_dags/example_task_group.py took 0.118 seconds
[2023-09-06T04:30:10.799+0000] {processor.py:153} INFO - Started process (PID=177) to work on /home/airflow/.local/lib/python3.7/site-packages/airflow/example_dags/example_task_group.py
[2023-09-06T04:30:10.800+0000] {processor.py:743} INFO - Processing file /home/airflow/.local/lib/python3.7/site-packages/airflow/example_dags/example_task_group.py for tasks to queue
[2023-09-06T04:30:10.802+0000] {logging_mixin.py:137} INFO - [2023-09-06T04:30:10.801+0000] {dagbag.py:538} INFO - Filling up the DagBag from /home/airflow/.local/lib/python3.7/site-packages/airflow/example_dags/example_task_group.py
[2023-09-06T04:30:10.817+0000] {processor.py:753} INFO - DAG(s) dict_keys(['example_task_group']) retrieved from /home/airflow/.local/lib/python3.7/site-packages/airflow/example_dags/example_task_group.py
[2023-09-06T04:30:10.849+0000] {logging_mixin.py:137} INFO - [2023-09-06T04:30:10.849+0000] {dag.py:2690} INFO - Sync 1 DAGs
[2023-09-06T04:30:10.881+0000] {logging_mixin.py:137} INFO - [2023-09-06T04:30:10.881+0000] {dag.py:3441} INFO - Setting next_dagrun for example_task_group to 2023-09-05T04:30:10.881294+00:00, run_after=2023-09-06T04:30:10.881294+00:00
[2023-09-06T04:30:10.917+0000] {processor.py:175} INFO - Processing /home/airflow/.local/lib/python3.7/site-packages/airflow/example_dags/example_task_group.py took 0.121 seconds
[2023-09-06T04:30:41.844+0000] {processor.py:153} INFO - Started process (PID=247) to work on /home/airflow/.local/lib/python3.7/site-packages/airflow/example_dags/example_task_group.py
[2023-09-06T04:30:41.845+0000] {processor.py:743} INFO - Processing file /home/airflow/.local/lib/python3.7/site-packages/airflow/example_dags/example_task_group.py for tasks to queue
[2023-09-06T04:30:41.846+0000] {logging_mixin.py:137} INFO - [2023-09-06T04:30:41.846+0000] {dagbag.py:538} INFO - Filling up the DagBag from /home/airflow/.local/lib/python3.7/site-packages/airflow/example_dags/example_task_group.py
[2023-09-06T04:30:41.864+0000] {processor.py:753} INFO - DAG(s) dict_keys(['example_task_group']) retrieved from /home/airflow/.local/lib/python3.7/site-packages/airflow/example_dags/example_task_group.py
[2023-09-06T04:30:41.902+0000] {logging_mixin.py:137} INFO - [2023-09-06T04:30:41.902+0000] {dag.py:2690} INFO - Sync 1 DAGs
[2023-09-06T04:30:41.948+0000] {logging_mixin.py:137} INFO - [2023-09-06T04:30:41.948+0000] {dag.py:3441} INFO - Setting next_dagrun for example_task_group to 2023-09-05T04:30:41.948231+00:00, run_after=2023-09-06T04:30:41.948231+00:00
[2023-09-06T04:30:41.973+0000] {processor.py:175} INFO - Processing /home/airflow/.local/lib/python3.7/site-packages/airflow/example_dags/example_task_group.py took 0.133 seconds
[2023-09-06T04:31:12.243+0000] {processor.py:153} INFO - Started process (PID=306) to work on /home/airflow/.local/lib/python3.7/site-packages/airflow/example_dags/example_task_group.py
[2023-09-06T04:31:12.245+0000] {processor.py:743} INFO - Processing file /home/airflow/.local/lib/python3.7/site-packages/airflow/example_dags/example_task_group.py for tasks to queue
[2023-09-06T04:31:12.247+0000] {logging_mixin.py:137} INFO - [2023-09-06T04:31:12.247+0000] {dagbag.py:538} INFO - Filling up the DagBag from /home/airflow/.local/lib/python3.7/site-packages/airflow/example_dags/example_task_group.py
[2023-09-06T04:31:12.270+0000] {processor.py:753} INFO - DAG(s) dict_keys(['example_task_group']) retrieved from /home/airflow/.local/lib/python3.7/site-packages/airflow/example_dags/example_task_group.py
[2023-09-06T04:31:12.308+0000] {logging_mixin.py:137} INFO - [2023-09-06T04:31:12.307+0000] {dag.py:2690} INFO - Sync 1 DAGs
[2023-09-06T04:31:12.341+0000] {logging_mixin.py:137} INFO - [2023-09-06T04:31:12.340+0000] {dag.py:3441} INFO - Setting next_dagrun for example_task_group to 2023-09-05T04:31:12.340423+00:00, run_after=2023-09-06T04:31:12.340423+00:00
[2023-09-06T04:31:12.373+0000] {processor.py:175} INFO - Processing /home/airflow/.local/lib/python3.7/site-packages/airflow/example_dags/example_task_group.py took 0.138 seconds
[2023-09-06T04:31:43.243+0000] {processor.py:153} INFO - Started process (PID=364) to work on /home/airflow/.local/lib/python3.7/site-packages/airflow/example_dags/example_task_group.py
[2023-09-06T04:31:43.244+0000] {processor.py:743} INFO - Processing file /home/airflow/.local/lib/python3.7/site-packages/airflow/example_dags/example_task_group.py for tasks to queue
[2023-09-06T04:31:43.246+0000] {logging_mixin.py:137} INFO - [2023-09-06T04:31:43.245+0000] {dagbag.py:538} INFO - Filling up the DagBag from /home/airflow/.local/lib/python3.7/site-packages/airflow/example_dags/example_task_group.py
[2023-09-06T04:31:43.266+0000] {processor.py:753} INFO - DAG(s) dict_keys(['example_task_group']) retrieved from /home/airflow/.local/lib/python3.7/site-packages/airflow/example_dags/example_task_group.py
[2023-09-06T04:31:43.298+0000] {logging_mixin.py:137} INFO - [2023-09-06T04:31:43.298+0000] {dag.py:2690} INFO - Sync 1 DAGs
[2023-09-06T04:31:43.332+0000] {logging_mixin.py:137} INFO - [2023-09-06T04:31:43.332+0000] {dag.py:3441} INFO - Setting next_dagrun for example_task_group to 2023-09-05T04:31:43.332419+00:00, run_after=2023-09-06T04:31:43.332419+00:00
[2023-09-06T04:31:43.360+0000] {processor.py:175} INFO - Processing /home/airflow/.local/lib/python3.7/site-packages/airflow/example_dags/example_task_group.py took 0.120 seconds
[2023-09-06T04:32:13.599+0000] {processor.py:153} INFO - Started process (PID=434) to work on /home/airflow/.local/lib/python3.7/site-packages/airflow/example_dags/example_task_group.py
[2023-09-06T04:32:13.615+0000] {processor.py:743} INFO - Processing file /home/airflow/.local/lib/python3.7/site-packages/airflow/example_dags/example_task_group.py for tasks to queue
[2023-09-06T04:32:13.617+0000] {logging_mixin.py:137} INFO - [2023-09-06T04:32:13.617+0000] {dagbag.py:538} INFO - Filling up the DagBag from /home/airflow/.local/lib/python3.7/site-packages/airflow/example_dags/example_task_group.py
[2023-09-06T04:32:13.653+0000] {processor.py:753} INFO - DAG(s) dict_keys(['example_task_group']) retrieved from /home/airflow/.local/lib/python3.7/site-packages/airflow/example_dags/example_task_group.py
[2023-09-06T04:32:13.715+0000] {logging_mixin.py:137} INFO - [2023-09-06T04:32:13.714+0000] {dag.py:2690} INFO - Sync 1 DAGs
[2023-09-06T04:32:13.786+0000] {logging_mixin.py:137} INFO - [2023-09-06T04:32:13.785+0000] {dag.py:3441} INFO - Setting next_dagrun for example_task_group to 2023-09-05T04:32:13.785586+00:00, run_after=2023-09-06T04:32:13.785586+00:00
[2023-09-06T04:32:13.822+0000] {processor.py:175} INFO - Processing /home/airflow/.local/lib/python3.7/site-packages/airflow/example_dags/example_task_group.py took 0.227 seconds
[2023-09-06T04:32:44.459+0000] {processor.py:153} INFO - Started process (PID=493) to work on /home/airflow/.local/lib/python3.7/site-packages/airflow/example_dags/example_task_group.py
[2023-09-06T04:32:44.460+0000] {processor.py:743} INFO - Processing file /home/airflow/.local/lib/python3.7/site-packages/airflow/example_dags/example_task_group.py for tasks to queue
[2023-09-06T04:32:44.461+0000] {logging_mixin.py:137} INFO - [2023-09-06T04:32:44.461+0000] {dagbag.py:538} INFO - Filling up the DagBag from /home/airflow/.local/lib/python3.7/site-packages/airflow/example_dags/example_task_group.py
[2023-09-06T04:32:44.477+0000] {processor.py:753} INFO - DAG(s) dict_keys(['example_task_group']) retrieved from /home/airflow/.local/lib/python3.7/site-packages/airflow/example_dags/example_task_group.py
[2023-09-06T04:32:44.506+0000] {logging_mixin.py:137} INFO - [2023-09-06T04:32:44.506+0000] {dag.py:2690} INFO - Sync 1 DAGs
[2023-09-06T04:32:44.534+0000] {logging_mixin.py:137} INFO - [2023-09-06T04:32:44.534+0000] {dag.py:3441} INFO - Setting next_dagrun for example_task_group to 2023-09-05T04:32:44.534521+00:00, run_after=2023-09-06T04:32:44.534521+00:00
[2023-09-06T04:32:44.567+0000] {processor.py:175} INFO - Processing /home/airflow/.local/lib/python3.7/site-packages/airflow/example_dags/example_task_group.py took 0.112 seconds
[2023-09-06T04:33:15.428+0000] {processor.py:153} INFO - Started process (PID=553) to work on /home/airflow/.local/lib/python3.7/site-packages/airflow/example_dags/example_task_group.py
[2023-09-06T04:33:15.430+0000] {processor.py:743} INFO - Processing file /home/airflow/.local/lib/python3.7/site-packages/airflow/example_dags/example_task_group.py for tasks to queue
[2023-09-06T04:33:15.431+0000] {logging_mixin.py:137} INFO - [2023-09-06T04:33:15.431+0000] {dagbag.py:538} INFO - Filling up the DagBag from /home/airflow/.local/lib/python3.7/site-packages/airflow/example_dags/example_task_group.py
[2023-09-06T04:33:15.453+0000] {processor.py:753} INFO - DAG(s) dict_keys(['example_task_group']) retrieved from /home/airflow/.local/lib/python3.7/site-packages/airflow/example_dags/example_task_group.py
[2023-09-06T04:33:15.486+0000] {logging_mixin.py:137} INFO - [2023-09-06T04:33:15.486+0000] {dag.py:2690} INFO - Sync 1 DAGs
[2023-09-06T04:33:15.514+0000] {logging_mixin.py:137} INFO - [2023-09-06T04:33:15.514+0000] {dag.py:3441} INFO - Setting next_dagrun for example_task_group to 2023-09-05T04:33:15.514288+00:00, run_after=2023-09-06T04:33:15.514288+00:00
[2023-09-06T04:33:15.547+0000] {processor.py:175} INFO - Processing /home/airflow/.local/lib/python3.7/site-packages/airflow/example_dags/example_task_group.py took 0.124 seconds
[2023-09-06T04:33:45.902+0000] {processor.py:153} INFO - Started process (PID=623) to work on /home/airflow/.local/lib/python3.7/site-packages/airflow/example_dags/example_task_group.py
[2023-09-06T04:33:45.903+0000] {processor.py:743} INFO - Processing file /home/airflow/.local/lib/python3.7/site-packages/airflow/example_dags/example_task_group.py for tasks to queue
[2023-09-06T04:33:45.904+0000] {logging_mixin.py:137} INFO - [2023-09-06T04:33:45.904+0000] {dagbag.py:538} INFO - Filling up the DagBag from /home/airflow/.local/lib/python3.7/site-packages/airflow/example_dags/example_task_group.py
[2023-09-06T04:33:45.928+0000] {processor.py:753} INFO - DAG(s) dict_keys(['example_task_group']) retrieved from /home/airflow/.local/lib/python3.7/site-packages/airflow/example_dags/example_task_group.py
[2023-09-06T04:33:45.962+0000] {logging_mixin.py:137} INFO - [2023-09-06T04:33:45.962+0000] {dag.py:2690} INFO - Sync 1 DAGs
[2023-09-06T04:33:45.997+0000] {logging_mixin.py:137} INFO - [2023-09-06T04:33:45.996+0000] {dag.py:3441} INFO - Setting next_dagrun for example_task_group to 2023-09-05T04:33:45.996675+00:00, run_after=2023-09-06T04:33:45.996675+00:00
[2023-09-06T04:33:46.025+0000] {processor.py:175} INFO - Processing /home/airflow/.local/lib/python3.7/site-packages/airflow/example_dags/example_task_group.py took 0.133 seconds
[2023-09-06T04:34:54.150+0000] {processor.py:153} INFO - Started process (PID=48) to work on /home/airflow/.local/lib/python3.7/site-packages/airflow/example_dags/example_task_group.py
[2023-09-06T04:34:54.154+0000] {processor.py:743} INFO - Processing file /home/airflow/.local/lib/python3.7/site-packages/airflow/example_dags/example_task_group.py for tasks to queue
[2023-09-06T04:34:54.156+0000] {logging_mixin.py:137} INFO - [2023-09-06T04:34:54.156+0000] {dagbag.py:538} INFO - Filling up the DagBag from /home/airflow/.local/lib/python3.7/site-packages/airflow/example_dags/example_task_group.py
[2023-09-06T04:34:54.199+0000] {processor.py:753} INFO - DAG(s) dict_keys(['example_task_group']) retrieved from /home/airflow/.local/lib/python3.7/site-packages/airflow/example_dags/example_task_group.py
[2023-09-06T04:34:54.264+0000] {logging_mixin.py:137} INFO - [2023-09-06T04:34:54.264+0000] {dag.py:2690} INFO - Sync 1 DAGs
[2023-09-06T04:34:54.375+0000] {logging_mixin.py:137} INFO - [2023-09-06T04:34:54.375+0000] {dag.py:3441} INFO - Setting next_dagrun for example_task_group to 2023-09-05T04:34:54.374749+00:00, run_after=2023-09-06T04:34:54.374749+00:00
[2023-09-06T04:34:54.420+0000] {processor.py:175} INFO - Processing /home/airflow/.local/lib/python3.7/site-packages/airflow/example_dags/example_task_group.py took 0.277 seconds
[2023-09-06T04:35:25.203+0000] {processor.py:153} INFO - Started process (PID=107) to work on /home/airflow/.local/lib/python3.7/site-packages/airflow/example_dags/example_task_group.py
[2023-09-06T04:35:25.205+0000] {processor.py:743} INFO - Processing file /home/airflow/.local/lib/python3.7/site-packages/airflow/example_dags/example_task_group.py for tasks to queue
[2023-09-06T04:35:25.206+0000] {logging_mixin.py:137} INFO - [2023-09-06T04:35:25.206+0000] {dagbag.py:538} INFO - Filling up the DagBag from /home/airflow/.local/lib/python3.7/site-packages/airflow/example_dags/example_task_group.py
[2023-09-06T04:35:25.235+0000] {processor.py:753} INFO - DAG(s) dict_keys(['example_task_group']) retrieved from /home/airflow/.local/lib/python3.7/site-packages/airflow/example_dags/example_task_group.py
[2023-09-06T04:35:25.264+0000] {logging_mixin.py:137} INFO - [2023-09-06T04:35:25.263+0000] {dag.py:2690} INFO - Sync 1 DAGs
[2023-09-06T04:35:25.318+0000] {logging_mixin.py:137} INFO - [2023-09-06T04:35:25.318+0000] {dag.py:3441} INFO - Setting next_dagrun for example_task_group to 2023-09-05T04:35:25.318441+00:00, run_after=2023-09-06T04:35:25.318441+00:00
[2023-09-06T04:35:25.373+0000] {processor.py:175} INFO - Processing /home/airflow/.local/lib/python3.7/site-packages/airflow/example_dags/example_task_group.py took 0.174 seconds
[2023-09-06T04:35:55.482+0000] {processor.py:153} INFO - Started process (PID=167) to work on /home/airflow/.local/lib/python3.7/site-packages/airflow/example_dags/example_task_group.py
[2023-09-06T04:35:55.488+0000] {processor.py:743} INFO - Processing file /home/airflow/.local/lib/python3.7/site-packages/airflow/example_dags/example_task_group.py for tasks to queue
[2023-09-06T04:35:55.494+0000] {logging_mixin.py:137} INFO - [2023-09-06T04:35:55.494+0000] {dagbag.py:538} INFO - Filling up the DagBag from /home/airflow/.local/lib/python3.7/site-packages/airflow/example_dags/example_task_group.py
[2023-09-06T04:35:55.530+0000] {processor.py:753} INFO - DAG(s) dict_keys(['example_task_group']) retrieved from /home/airflow/.local/lib/python3.7/site-packages/airflow/example_dags/example_task_group.py
[2023-09-06T04:35:55.574+0000] {logging_mixin.py:137} INFO - [2023-09-06T04:35:55.573+0000] {dag.py:2690} INFO - Sync 1 DAGs
[2023-09-06T04:35:55.664+0000] {logging_mixin.py:137} INFO - [2023-09-06T04:35:55.664+0000] {dag.py:3441} INFO - Setting next_dagrun for example_task_group to 2023-09-05T04:35:55.663789+00:00, run_after=2023-09-06T04:35:55.663789+00:00
[2023-09-06T04:35:55.724+0000] {processor.py:175} INFO - Processing /home/airflow/.local/lib/python3.7/site-packages/airflow/example_dags/example_task_group.py took 0.245 seconds
[2023-09-06T04:36:26.318+0000] {processor.py:153} INFO - Started process (PID=236) to work on /home/airflow/.local/lib/python3.7/site-packages/airflow/example_dags/example_task_group.py
[2023-09-06T04:36:26.320+0000] {processor.py:743} INFO - Processing file /home/airflow/.local/lib/python3.7/site-packages/airflow/example_dags/example_task_group.py for tasks to queue
[2023-09-06T04:36:26.322+0000] {logging_mixin.py:137} INFO - [2023-09-06T04:36:26.322+0000] {dagbag.py:538} INFO - Filling up the DagBag from /home/airflow/.local/lib/python3.7/site-packages/airflow/example_dags/example_task_group.py
[2023-09-06T04:36:26.372+0000] {processor.py:753} INFO - DAG(s) dict_keys(['example_task_group']) retrieved from /home/airflow/.local/lib/python3.7/site-packages/airflow/example_dags/example_task_group.py
[2023-09-06T04:36:26.433+0000] {logging_mixin.py:137} INFO - [2023-09-06T04:36:26.433+0000] {dag.py:2690} INFO - Sync 1 DAGs
[2023-09-06T04:36:26.515+0000] {logging_mixin.py:137} INFO - [2023-09-06T04:36:26.515+0000] {dag.py:3441} INFO - Setting next_dagrun for example_task_group to 2023-09-05T04:36:26.514725+00:00, run_after=2023-09-06T04:36:26.514725+00:00
[2023-09-06T04:36:26.590+0000] {processor.py:175} INFO - Processing /home/airflow/.local/lib/python3.7/site-packages/airflow/example_dags/example_task_group.py took 0.278 seconds
[2023-09-06T04:36:56.739+0000] {processor.py:153} INFO - Started process (PID=296) to work on /home/airflow/.local/lib/python3.7/site-packages/airflow/example_dags/example_task_group.py
[2023-09-06T04:36:56.740+0000] {processor.py:743} INFO - Processing file /home/airflow/.local/lib/python3.7/site-packages/airflow/example_dags/example_task_group.py for tasks to queue
[2023-09-06T04:36:56.741+0000] {logging_mixin.py:137} INFO - [2023-09-06T04:36:56.741+0000] {dagbag.py:538} INFO - Filling up the DagBag from /home/airflow/.local/lib/python3.7/site-packages/airflow/example_dags/example_task_group.py
[2023-09-06T04:36:56.762+0000] {processor.py:753} INFO - DAG(s) dict_keys(['example_task_group']) retrieved from /home/airflow/.local/lib/python3.7/site-packages/airflow/example_dags/example_task_group.py
[2023-09-06T04:36:56.796+0000] {logging_mixin.py:137} INFO - [2023-09-06T04:36:56.796+0000] {dag.py:2690} INFO - Sync 1 DAGs
[2023-09-06T04:36:56.829+0000] {logging_mixin.py:137} INFO - [2023-09-06T04:36:56.829+0000] {dag.py:3441} INFO - Setting next_dagrun for example_task_group to 2023-09-05T04:36:56.829143+00:00, run_after=2023-09-06T04:36:56.829143+00:00
[2023-09-06T04:36:56.854+0000] {processor.py:175} INFO - Processing /home/airflow/.local/lib/python3.7/site-packages/airflow/example_dags/example_task_group.py took 0.121 seconds
[2023-09-06T04:37:27.838+0000] {processor.py:153} INFO - Started process (PID=355) to work on /home/airflow/.local/lib/python3.7/site-packages/airflow/example_dags/example_task_group.py
[2023-09-06T04:37:27.843+0000] {processor.py:743} INFO - Processing file /home/airflow/.local/lib/python3.7/site-packages/airflow/example_dags/example_task_group.py for tasks to queue
[2023-09-06T04:37:27.854+0000] {logging_mixin.py:137} INFO - [2023-09-06T04:37:27.854+0000] {dagbag.py:538} INFO - Filling up the DagBag from /home/airflow/.local/lib/python3.7/site-packages/airflow/example_dags/example_task_group.py
[2023-09-06T04:37:27.902+0000] {processor.py:753} INFO - DAG(s) dict_keys(['example_task_group']) retrieved from /home/airflow/.local/lib/python3.7/site-packages/airflow/example_dags/example_task_group.py
[2023-09-06T04:37:28.041+0000] {logging_mixin.py:137} INFO - [2023-09-06T04:37:28.041+0000] {dag.py:2690} INFO - Sync 1 DAGs
[2023-09-06T04:37:28.145+0000] {logging_mixin.py:137} INFO - [2023-09-06T04:37:28.145+0000] {dag.py:3441} INFO - Setting next_dagrun for example_task_group to 2023-09-05T04:37:28.145315+00:00, run_after=2023-09-06T04:37:28.145315+00:00
[2023-09-06T04:37:28.227+0000] {processor.py:175} INFO - Processing /home/airflow/.local/lib/python3.7/site-packages/airflow/example_dags/example_task_group.py took 0.396 seconds
[2023-09-06T04:37:58.409+0000] {processor.py:153} INFO - Started process (PID=414) to work on /home/airflow/.local/lib/python3.7/site-packages/airflow/example_dags/example_task_group.py
[2023-09-06T04:37:58.411+0000] {processor.py:743} INFO - Processing file /home/airflow/.local/lib/python3.7/site-packages/airflow/example_dags/example_task_group.py for tasks to queue
[2023-09-06T04:37:58.412+0000] {logging_mixin.py:137} INFO - [2023-09-06T04:37:58.412+0000] {dagbag.py:538} INFO - Filling up the DagBag from /home/airflow/.local/lib/python3.7/site-packages/airflow/example_dags/example_task_group.py
[2023-09-06T04:37:58.441+0000] {processor.py:753} INFO - DAG(s) dict_keys(['example_task_group']) retrieved from /home/airflow/.local/lib/python3.7/site-packages/airflow/example_dags/example_task_group.py
[2023-09-06T04:37:58.481+0000] {logging_mixin.py:137} INFO - [2023-09-06T04:37:58.481+0000] {dag.py:2690} INFO - Sync 1 DAGs
[2023-09-06T04:37:58.515+0000] {logging_mixin.py:137} INFO - [2023-09-06T04:37:58.515+0000] {dag.py:3441} INFO - Setting next_dagrun for example_task_group to 2023-09-05T04:37:58.515320+00:00, run_after=2023-09-06T04:37:58.515320+00:00
[2023-09-06T04:37:58.552+0000] {processor.py:175} INFO - Processing /home/airflow/.local/lib/python3.7/site-packages/airflow/example_dags/example_task_group.py took 0.147 seconds
[2023-09-06T04:38:29.301+0000] {processor.py:153} INFO - Started process (PID=483) to work on /home/airflow/.local/lib/python3.7/site-packages/airflow/example_dags/example_task_group.py
[2023-09-06T04:38:29.304+0000] {processor.py:743} INFO - Processing file /home/airflow/.local/lib/python3.7/site-packages/airflow/example_dags/example_task_group.py for tasks to queue
[2023-09-06T04:38:29.311+0000] {logging_mixin.py:137} INFO - [2023-09-06T04:38:29.310+0000] {dagbag.py:538} INFO - Filling up the DagBag from /home/airflow/.local/lib/python3.7/site-packages/airflow/example_dags/example_task_group.py
[2023-09-06T04:38:29.381+0000] {processor.py:753} INFO - DAG(s) dict_keys(['example_task_group']) retrieved from /home/airflow/.local/lib/python3.7/site-packages/airflow/example_dags/example_task_group.py
[2023-09-06T04:38:29.460+0000] {logging_mixin.py:137} INFO - [2023-09-06T04:38:29.460+0000] {dag.py:2690} INFO - Sync 1 DAGs
[2023-09-06T04:38:29.562+0000] {logging_mixin.py:137} INFO - [2023-09-06T04:38:29.562+0000] {dag.py:3441} INFO - Setting next_dagrun for example_task_group to 2023-09-05T04:38:29.561846+00:00, run_after=2023-09-06T04:38:29.561846+00:00
[2023-09-06T04:38:29.636+0000] {processor.py:175} INFO - Processing /home/airflow/.local/lib/python3.7/site-packages/airflow/example_dags/example_task_group.py took 0.339 seconds
[2023-09-06T04:39:00.602+0000] {processor.py:153} INFO - Started process (PID=542) to work on /home/airflow/.local/lib/python3.7/site-packages/airflow/example_dags/example_task_group.py
[2023-09-06T04:39:00.604+0000] {processor.py:743} INFO - Processing file /home/airflow/.local/lib/python3.7/site-packages/airflow/example_dags/example_task_group.py for tasks to queue
[2023-09-06T04:39:00.605+0000] {logging_mixin.py:137} INFO - [2023-09-06T04:39:00.605+0000] {dagbag.py:538} INFO - Filling up the DagBag from /home/airflow/.local/lib/python3.7/site-packages/airflow/example_dags/example_task_group.py
[2023-09-06T04:39:00.632+0000] {processor.py:753} INFO - DAG(s) dict_keys(['example_task_group']) retrieved from /home/airflow/.local/lib/python3.7/site-packages/airflow/example_dags/example_task_group.py
[2023-09-06T04:39:00.649+0000] {logging_mixin.py:137} INFO - [2023-09-06T04:39:00.649+0000] {dag.py:2690} INFO - Sync 1 DAGs
[2023-09-06T04:39:00.694+0000] {logging_mixin.py:137} INFO - [2023-09-06T04:39:00.694+0000] {dag.py:3441} INFO - Setting next_dagrun for example_task_group to 2023-09-05T04:39:00.693714+00:00, run_after=2023-09-06T04:39:00.693714+00:00
[2023-09-06T04:39:00.729+0000] {processor.py:175} INFO - Processing /home/airflow/.local/lib/python3.7/site-packages/airflow/example_dags/example_task_group.py took 0.132 seconds
[2023-09-06T04:39:31.306+0000] {processor.py:153} INFO - Started process (PID=601) to work on /home/airflow/.local/lib/python3.7/site-packages/airflow/example_dags/example_task_group.py
[2023-09-06T04:39:31.312+0000] {processor.py:743} INFO - Processing file /home/airflow/.local/lib/python3.7/site-packages/airflow/example_dags/example_task_group.py for tasks to queue
[2023-09-06T04:39:31.313+0000] {logging_mixin.py:137} INFO - [2023-09-06T04:39:31.313+0000] {dagbag.py:538} INFO - Filling up the DagBag from /home/airflow/.local/lib/python3.7/site-packages/airflow/example_dags/example_task_group.py
[2023-09-06T04:39:31.354+0000] {processor.py:753} INFO - DAG(s) dict_keys(['example_task_group']) retrieved from /home/airflow/.local/lib/python3.7/site-packages/airflow/example_dags/example_task_group.py
[2023-09-06T04:39:31.436+0000] {logging_mixin.py:137} INFO - [2023-09-06T04:39:31.435+0000] {dag.py:2690} INFO - Sync 1 DAGs
[2023-09-06T04:39:31.576+0000] {logging_mixin.py:137} INFO - [2023-09-06T04:39:31.576+0000] {dag.py:3441} INFO - Setting next_dagrun for example_task_group to 2023-09-05T04:39:31.575817+00:00, run_after=2023-09-06T04:39:31.575817+00:00
[2023-09-06T04:39:31.715+0000] {processor.py:175} INFO - Processing /home/airflow/.local/lib/python3.7/site-packages/airflow/example_dags/example_task_group.py took 0.414 seconds
[2023-09-06T04:40:02.380+0000] {processor.py:153} INFO - Started process (PID=670) to work on /home/airflow/.local/lib/python3.7/site-packages/airflow/example_dags/example_task_group.py
[2023-09-06T04:40:02.381+0000] {processor.py:743} INFO - Processing file /home/airflow/.local/lib/python3.7/site-packages/airflow/example_dags/example_task_group.py for tasks to queue
[2023-09-06T04:40:02.383+0000] {logging_mixin.py:137} INFO - [2023-09-06T04:40:02.383+0000] {dagbag.py:538} INFO - Filling up the DagBag from /home/airflow/.local/lib/python3.7/site-packages/airflow/example_dags/example_task_group.py
[2023-09-06T04:40:02.408+0000] {processor.py:753} INFO - DAG(s) dict_keys(['example_task_group']) retrieved from /home/airflow/.local/lib/python3.7/site-packages/airflow/example_dags/example_task_group.py
[2023-09-06T04:40:02.470+0000] {logging_mixin.py:137} INFO - [2023-09-06T04:40:02.470+0000] {dag.py:2690} INFO - Sync 1 DAGs
[2023-09-06T04:40:02.563+0000] {logging_mixin.py:137} INFO - [2023-09-06T04:40:02.562+0000] {dag.py:3441} INFO - Setting next_dagrun for example_task_group to 2023-09-05T04:40:02.562119+00:00, run_after=2023-09-06T04:40:02.562119+00:00
[2023-09-06T04:40:02.592+0000] {processor.py:175} INFO - Processing /home/airflow/.local/lib/python3.7/site-packages/airflow/example_dags/example_task_group.py took 0.217 seconds
[2023-09-06T04:40:33.128+0000] {processor.py:153} INFO - Started process (PID=730) to work on /home/airflow/.local/lib/python3.7/site-packages/airflow/example_dags/example_task_group.py
[2023-09-06T04:40:33.130+0000] {processor.py:743} INFO - Processing file /home/airflow/.local/lib/python3.7/site-packages/airflow/example_dags/example_task_group.py for tasks to queue
[2023-09-06T04:40:33.131+0000] {logging_mixin.py:137} INFO - [2023-09-06T04:40:33.131+0000] {dagbag.py:538} INFO - Filling up the DagBag from /home/airflow/.local/lib/python3.7/site-packages/airflow/example_dags/example_task_group.py
[2023-09-06T04:40:33.161+0000] {processor.py:753} INFO - DAG(s) dict_keys(['example_task_group']) retrieved from /home/airflow/.local/lib/python3.7/site-packages/airflow/example_dags/example_task_group.py
[2023-09-06T04:40:33.244+0000] {logging_mixin.py:137} INFO - [2023-09-06T04:40:33.244+0000] {dag.py:2690} INFO - Sync 1 DAGs
[2023-09-06T04:40:33.272+0000] {logging_mixin.py:137} INFO - [2023-09-06T04:40:33.272+0000] {dag.py:3441} INFO - Setting next_dagrun for example_task_group to 2023-09-05T04:40:33.272160+00:00, run_after=2023-09-06T04:40:33.272160+00:00
[2023-09-06T04:40:33.292+0000] {processor.py:175} INFO - Processing /home/airflow/.local/lib/python3.7/site-packages/airflow/example_dags/example_task_group.py took 0.167 seconds
[2023-09-06T04:41:03.333+0000] {processor.py:153} INFO - Started process (PID=790) to work on /home/airflow/.local/lib/python3.7/site-packages/airflow/example_dags/example_task_group.py
[2023-09-06T04:41:03.335+0000] {processor.py:743} INFO - Processing file /home/airflow/.local/lib/python3.7/site-packages/airflow/example_dags/example_task_group.py for tasks to queue
[2023-09-06T04:41:03.336+0000] {logging_mixin.py:137} INFO - [2023-09-06T04:41:03.336+0000] {dagbag.py:538} INFO - Filling up the DagBag from /home/airflow/.local/lib/python3.7/site-packages/airflow/example_dags/example_task_group.py
[2023-09-06T04:41:03.358+0000] {processor.py:753} INFO - DAG(s) dict_keys(['example_task_group']) retrieved from /home/airflow/.local/lib/python3.7/site-packages/airflow/example_dags/example_task_group.py
[2023-09-06T04:41:03.393+0000] {logging_mixin.py:137} INFO - [2023-09-06T04:41:03.393+0000] {dag.py:2690} INFO - Sync 1 DAGs
[2023-09-06T04:41:03.428+0000] {logging_mixin.py:137} INFO - [2023-09-06T04:41:03.427+0000] {dag.py:3441} INFO - Setting next_dagrun for example_task_group to 2023-09-05T04:41:03.427633+00:00, run_after=2023-09-06T04:41:03.427633+00:00
[2023-09-06T04:41:03.450+0000] {processor.py:175} INFO - Processing /home/airflow/.local/lib/python3.7/site-packages/airflow/example_dags/example_task_group.py took 0.123 seconds
[2023-09-06T04:41:34.107+0000] {processor.py:153} INFO - Started process (PID=859) to work on /home/airflow/.local/lib/python3.7/site-packages/airflow/example_dags/example_task_group.py
[2023-09-06T04:41:34.112+0000] {processor.py:743} INFO - Processing file /home/airflow/.local/lib/python3.7/site-packages/airflow/example_dags/example_task_group.py for tasks to queue
[2023-09-06T04:41:34.114+0000] {logging_mixin.py:137} INFO - [2023-09-06T04:41:34.114+0000] {dagbag.py:538} INFO - Filling up the DagBag from /home/airflow/.local/lib/python3.7/site-packages/airflow/example_dags/example_task_group.py
[2023-09-06T04:41:34.150+0000] {processor.py:753} INFO - DAG(s) dict_keys(['example_task_group']) retrieved from /home/airflow/.local/lib/python3.7/site-packages/airflow/example_dags/example_task_group.py
[2023-09-06T04:41:34.186+0000] {logging_mixin.py:137} INFO - [2023-09-06T04:41:34.186+0000] {dag.py:2690} INFO - Sync 1 DAGs
[2023-09-06T04:41:34.214+0000] {logging_mixin.py:137} INFO - [2023-09-06T04:41:34.214+0000] {dag.py:3441} INFO - Setting next_dagrun for example_task_group to 2023-09-05T04:41:34.214200+00:00, run_after=2023-09-06T04:41:34.214200+00:00
[2023-09-06T04:41:34.237+0000] {processor.py:175} INFO - Processing /home/airflow/.local/lib/python3.7/site-packages/airflow/example_dags/example_task_group.py took 0.135 seconds
[2023-09-06T04:42:05.131+0000] {processor.py:153} INFO - Started process (PID=920) to work on /home/airflow/.local/lib/python3.7/site-packages/airflow/example_dags/example_task_group.py
[2023-09-06T04:42:05.134+0000] {processor.py:743} INFO - Processing file /home/airflow/.local/lib/python3.7/site-packages/airflow/example_dags/example_task_group.py for tasks to queue
[2023-09-06T04:42:05.136+0000] {logging_mixin.py:137} INFO - [2023-09-06T04:42:05.136+0000] {dagbag.py:538} INFO - Filling up the DagBag from /home/airflow/.local/lib/python3.7/site-packages/airflow/example_dags/example_task_group.py
[2023-09-06T04:42:05.163+0000] {processor.py:753} INFO - DAG(s) dict_keys(['example_task_group']) retrieved from /home/airflow/.local/lib/python3.7/site-packages/airflow/example_dags/example_task_group.py
[2023-09-06T04:42:05.217+0000] {logging_mixin.py:137} INFO - [2023-09-06T04:42:05.217+0000] {dag.py:2690} INFO - Sync 1 DAGs
[2023-09-06T04:42:05.249+0000] {logging_mixin.py:137} INFO - [2023-09-06T04:42:05.249+0000] {dag.py:3441} INFO - Setting next_dagrun for example_task_group to 2023-09-05T04:42:05.248880+00:00, run_after=2023-09-06T04:42:05.248880+00:00
[2023-09-06T04:42:05.269+0000] {processor.py:175} INFO - Processing /home/airflow/.local/lib/python3.7/site-packages/airflow/example_dags/example_task_group.py took 0.142 seconds
[2023-09-06T04:42:35.485+0000] {processor.py:153} INFO - Started process (PID=980) to work on /home/airflow/.local/lib/python3.7/site-packages/airflow/example_dags/example_task_group.py
[2023-09-06T04:42:35.488+0000] {processor.py:743} INFO - Processing file /home/airflow/.local/lib/python3.7/site-packages/airflow/example_dags/example_task_group.py for tasks to queue
[2023-09-06T04:42:35.491+0000] {logging_mixin.py:137} INFO - [2023-09-06T04:42:35.490+0000] {dagbag.py:538} INFO - Filling up the DagBag from /home/airflow/.local/lib/python3.7/site-packages/airflow/example_dags/example_task_group.py
[2023-09-06T04:42:35.529+0000] {processor.py:753} INFO - DAG(s) dict_keys(['example_task_group']) retrieved from /home/airflow/.local/lib/python3.7/site-packages/airflow/example_dags/example_task_group.py
[2023-09-06T04:42:35.569+0000] {logging_mixin.py:137} INFO - [2023-09-06T04:42:35.568+0000] {dag.py:2690} INFO - Sync 1 DAGs
[2023-09-06T04:42:35.598+0000] {logging_mixin.py:137} INFO - [2023-09-06T04:42:35.598+0000] {dag.py:3441} INFO - Setting next_dagrun for example_task_group to 2023-09-05T04:42:35.598028+00:00, run_after=2023-09-06T04:42:35.598028+00:00
[2023-09-06T04:42:35.629+0000] {processor.py:175} INFO - Processing /home/airflow/.local/lib/python3.7/site-packages/airflow/example_dags/example_task_group.py took 0.148 seconds
