[2023-09-06T04:26:33.477+0000] {processor.py:153} INFO - Started process (PID=108) to work on /home/airflow/.local/lib/python3.7/site-packages/airflow/example_dags/example_external_task_marker_dag.py
[2023-09-06T04:26:33.484+0000] {processor.py:743} INFO - Processing file /home/airflow/.local/lib/python3.7/site-packages/airflow/example_dags/example_external_task_marker_dag.py for tasks to queue
[2023-09-06T04:26:33.496+0000] {logging_mixin.py:137} INFO - [2023-09-06T04:26:33.495+0000] {dagbag.py:538} INFO - Filling up the DagBag from /home/airflow/.local/lib/python3.7/site-packages/airflow/example_dags/example_external_task_marker_dag.py
[2023-09-06T04:26:33.579+0000] {processor.py:753} INFO - DAG(s) dict_keys(['example_external_task_marker_parent', 'example_external_task_marker_child']) retrieved from /home/airflow/.local/lib/python3.7/site-packages/airflow/example_dags/example_external_task_marker_dag.py
[2023-09-06T04:26:33.646+0000] {logging_mixin.py:137} INFO - [2023-09-06T04:26:33.646+0000] {dag.py:2690} INFO - Sync 2 DAGs
[2023-09-06T04:26:33.773+0000] {logging_mixin.py:137} INFO - [2023-09-06T04:26:33.772+0000] {dag.py:3441} INFO - Setting next_dagrun for example_external_task_marker_child to None, run_after=None
[2023-09-06T04:26:33.784+0000] {logging_mixin.py:137} INFO - [2023-09-06T04:26:33.784+0000] {dag.py:3441} INFO - Setting next_dagrun for example_external_task_marker_parent to None, run_after=None
[2023-09-06T04:26:33.884+0000] {processor.py:175} INFO - Processing /home/airflow/.local/lib/python3.7/site-packages/airflow/example_dags/example_external_task_marker_dag.py took 0.412 seconds
[2023-09-06T04:27:04.092+0000] {processor.py:153} INFO - Started process (PID=167) to work on /home/airflow/.local/lib/python3.7/site-packages/airflow/example_dags/example_external_task_marker_dag.py
[2023-09-06T04:27:04.094+0000] {processor.py:743} INFO - Processing file /home/airflow/.local/lib/python3.7/site-packages/airflow/example_dags/example_external_task_marker_dag.py for tasks to queue
[2023-09-06T04:27:04.095+0000] {logging_mixin.py:137} INFO - [2023-09-06T04:27:04.095+0000] {dagbag.py:538} INFO - Filling up the DagBag from /home/airflow/.local/lib/python3.7/site-packages/airflow/example_dags/example_external_task_marker_dag.py
[2023-09-06T04:27:04.120+0000] {processor.py:753} INFO - DAG(s) dict_keys(['example_external_task_marker_parent', 'example_external_task_marker_child']) retrieved from /home/airflow/.local/lib/python3.7/site-packages/airflow/example_dags/example_external_task_marker_dag.py
[2023-09-06T04:27:04.227+0000] {logging_mixin.py:137} INFO - [2023-09-06T04:27:04.227+0000] {dag.py:2690} INFO - Sync 2 DAGs
[2023-09-06T04:27:04.253+0000] {logging_mixin.py:137} INFO - [2023-09-06T04:27:04.253+0000] {dag.py:3441} INFO - Setting next_dagrun for example_external_task_marker_child to None, run_after=None
[2023-09-06T04:27:04.256+0000] {logging_mixin.py:137} INFO - [2023-09-06T04:27:04.256+0000] {dag.py:3441} INFO - Setting next_dagrun for example_external_task_marker_parent to None, run_after=None
[2023-09-06T04:27:04.280+0000] {processor.py:175} INFO - Processing /home/airflow/.local/lib/python3.7/site-packages/airflow/example_dags/example_external_task_marker_dag.py took 0.193 seconds
[2023-09-06T04:27:34.812+0000] {processor.py:153} INFO - Started process (PID=233) to work on /home/airflow/.local/lib/python3.7/site-packages/airflow/example_dags/example_external_task_marker_dag.py
[2023-09-06T04:27:34.815+0000] {processor.py:743} INFO - Processing file /home/airflow/.local/lib/python3.7/site-packages/airflow/example_dags/example_external_task_marker_dag.py for tasks to queue
[2023-09-06T04:27:34.817+0000] {logging_mixin.py:137} INFO - [2023-09-06T04:27:34.817+0000] {dagbag.py:538} INFO - Filling up the DagBag from /home/airflow/.local/lib/python3.7/site-packages/airflow/example_dags/example_external_task_marker_dag.py
[2023-09-06T04:27:34.854+0000] {processor.py:753} INFO - DAG(s) dict_keys(['example_external_task_marker_child', 'example_external_task_marker_parent']) retrieved from /home/airflow/.local/lib/python3.7/site-packages/airflow/example_dags/example_external_task_marker_dag.py
[2023-09-06T04:27:34.940+0000] {logging_mixin.py:137} INFO - [2023-09-06T04:27:34.940+0000] {dag.py:2690} INFO - Sync 2 DAGs
[2023-09-06T04:27:35.007+0000] {logging_mixin.py:137} INFO - [2023-09-06T04:27:35.006+0000] {dag.py:3441} INFO - Setting next_dagrun for example_external_task_marker_child to None, run_after=None
[2023-09-06T04:27:35.030+0000] {logging_mixin.py:137} INFO - [2023-09-06T04:27:35.029+0000] {dag.py:3441} INFO - Setting next_dagrun for example_external_task_marker_parent to None, run_after=None
[2023-09-06T04:27:35.100+0000] {processor.py:175} INFO - Processing /home/airflow/.local/lib/python3.7/site-packages/airflow/example_dags/example_external_task_marker_dag.py took 0.293 seconds
[2023-09-06T04:28:05.470+0000] {processor.py:153} INFO - Started process (PID=296) to work on /home/airflow/.local/lib/python3.7/site-packages/airflow/example_dags/example_external_task_marker_dag.py
[2023-09-06T04:28:05.471+0000] {processor.py:743} INFO - Processing file /home/airflow/.local/lib/python3.7/site-packages/airflow/example_dags/example_external_task_marker_dag.py for tasks to queue
[2023-09-06T04:28:05.472+0000] {logging_mixin.py:137} INFO - [2023-09-06T04:28:05.472+0000] {dagbag.py:538} INFO - Filling up the DagBag from /home/airflow/.local/lib/python3.7/site-packages/airflow/example_dags/example_external_task_marker_dag.py
[2023-09-06T04:28:05.487+0000] {processor.py:753} INFO - DAG(s) dict_keys(['example_external_task_marker_parent', 'example_external_task_marker_child']) retrieved from /home/airflow/.local/lib/python3.7/site-packages/airflow/example_dags/example_external_task_marker_dag.py
[2023-09-06T04:28:05.517+0000] {logging_mixin.py:137} INFO - [2023-09-06T04:28:05.517+0000] {dag.py:2690} INFO - Sync 2 DAGs
[2023-09-06T04:28:05.548+0000] {logging_mixin.py:137} INFO - [2023-09-06T04:28:05.548+0000] {dag.py:3441} INFO - Setting next_dagrun for example_external_task_marker_child to None, run_after=None
[2023-09-06T04:28:05.553+0000] {logging_mixin.py:137} INFO - [2023-09-06T04:28:05.553+0000] {dag.py:3441} INFO - Setting next_dagrun for example_external_task_marker_parent to None, run_after=None
[2023-09-06T04:28:05.577+0000] {processor.py:175} INFO - Processing /home/airflow/.local/lib/python3.7/site-packages/airflow/example_dags/example_external_task_marker_dag.py took 0.112 seconds
[2023-09-06T04:29:18.543+0000] {processor.py:153} INFO - Started process (PID=87) to work on /home/airflow/.local/lib/python3.7/site-packages/airflow/example_dags/example_external_task_marker_dag.py
[2023-09-06T04:29:18.544+0000] {processor.py:743} INFO - Processing file /home/airflow/.local/lib/python3.7/site-packages/airflow/example_dags/example_external_task_marker_dag.py for tasks to queue
[2023-09-06T04:29:18.545+0000] {logging_mixin.py:137} INFO - [2023-09-06T04:29:18.545+0000] {dagbag.py:538} INFO - Filling up the DagBag from /home/airflow/.local/lib/python3.7/site-packages/airflow/example_dags/example_external_task_marker_dag.py
[2023-09-06T04:29:18.597+0000] {processor.py:753} INFO - DAG(s) dict_keys(['example_external_task_marker_child', 'example_external_task_marker_parent']) retrieved from /home/airflow/.local/lib/python3.7/site-packages/airflow/example_dags/example_external_task_marker_dag.py
[2023-09-06T04:29:18.689+0000] {logging_mixin.py:137} INFO - [2023-09-06T04:29:18.689+0000] {dag.py:2690} INFO - Sync 2 DAGs
[2023-09-06T04:29:18.795+0000] {logging_mixin.py:137} INFO - [2023-09-06T04:29:18.795+0000] {dag.py:3441} INFO - Setting next_dagrun for example_external_task_marker_child to None, run_after=None
[2023-09-06T04:29:18.816+0000] {logging_mixin.py:137} INFO - [2023-09-06T04:29:18.815+0000] {dag.py:3441} INFO - Setting next_dagrun for example_external_task_marker_parent to None, run_after=None
[2023-09-06T04:29:18.913+0000] {processor.py:175} INFO - Processing /home/airflow/.local/lib/python3.7/site-packages/airflow/example_dags/example_external_task_marker_dag.py took 0.383 seconds
[2023-09-06T04:29:49.748+0000] {processor.py:153} INFO - Started process (PID=145) to work on /home/airflow/.local/lib/python3.7/site-packages/airflow/example_dags/example_external_task_marker_dag.py
[2023-09-06T04:29:49.749+0000] {processor.py:743} INFO - Processing file /home/airflow/.local/lib/python3.7/site-packages/airflow/example_dags/example_external_task_marker_dag.py for tasks to queue
[2023-09-06T04:29:49.751+0000] {logging_mixin.py:137} INFO - [2023-09-06T04:29:49.751+0000] {dagbag.py:538} INFO - Filling up the DagBag from /home/airflow/.local/lib/python3.7/site-packages/airflow/example_dags/example_external_task_marker_dag.py
[2023-09-06T04:29:49.766+0000] {processor.py:753} INFO - DAG(s) dict_keys(['example_external_task_marker_parent', 'example_external_task_marker_child']) retrieved from /home/airflow/.local/lib/python3.7/site-packages/airflow/example_dags/example_external_task_marker_dag.py
[2023-09-06T04:29:49.796+0000] {logging_mixin.py:137} INFO - [2023-09-06T04:29:49.796+0000] {dag.py:2690} INFO - Sync 2 DAGs
[2023-09-06T04:29:49.823+0000] {logging_mixin.py:137} INFO - [2023-09-06T04:29:49.823+0000] {dag.py:3441} INFO - Setting next_dagrun for example_external_task_marker_child to None, run_after=None
[2023-09-06T04:29:49.827+0000] {logging_mixin.py:137} INFO - [2023-09-06T04:29:49.827+0000] {dag.py:3441} INFO - Setting next_dagrun for example_external_task_marker_parent to None, run_after=None
[2023-09-06T04:29:49.857+0000] {processor.py:175} INFO - Processing /home/airflow/.local/lib/python3.7/site-packages/airflow/example_dags/example_external_task_marker_dag.py took 0.113 seconds
[2023-09-06T04:30:20.532+0000] {processor.py:153} INFO - Started process (PID=214) to work on /home/airflow/.local/lib/python3.7/site-packages/airflow/example_dags/example_external_task_marker_dag.py
[2023-09-06T04:30:20.534+0000] {processor.py:743} INFO - Processing file /home/airflow/.local/lib/python3.7/site-packages/airflow/example_dags/example_external_task_marker_dag.py for tasks to queue
[2023-09-06T04:30:20.535+0000] {logging_mixin.py:137} INFO - [2023-09-06T04:30:20.535+0000] {dagbag.py:538} INFO - Filling up the DagBag from /home/airflow/.local/lib/python3.7/site-packages/airflow/example_dags/example_external_task_marker_dag.py
[2023-09-06T04:30:20.550+0000] {processor.py:753} INFO - DAG(s) dict_keys(['example_external_task_marker_child', 'example_external_task_marker_parent']) retrieved from /home/airflow/.local/lib/python3.7/site-packages/airflow/example_dags/example_external_task_marker_dag.py
[2023-09-06T04:30:20.583+0000] {logging_mixin.py:137} INFO - [2023-09-06T04:30:20.583+0000] {dag.py:2690} INFO - Sync 2 DAGs
[2023-09-06T04:30:20.612+0000] {logging_mixin.py:137} INFO - [2023-09-06T04:30:20.612+0000] {dag.py:3441} INFO - Setting next_dagrun for example_external_task_marker_child to None, run_after=None
[2023-09-06T04:30:20.620+0000] {logging_mixin.py:137} INFO - [2023-09-06T04:30:20.619+0000] {dag.py:3441} INFO - Setting next_dagrun for example_external_task_marker_parent to None, run_after=None
[2023-09-06T04:30:20.657+0000] {processor.py:175} INFO - Processing /home/airflow/.local/lib/python3.7/site-packages/airflow/example_dags/example_external_task_marker_dag.py took 0.130 seconds
[2023-09-06T04:30:51.233+0000] {processor.py:153} INFO - Started process (PID=274) to work on /home/airflow/.local/lib/python3.7/site-packages/airflow/example_dags/example_external_task_marker_dag.py
[2023-09-06T04:30:51.244+0000] {processor.py:743} INFO - Processing file /home/airflow/.local/lib/python3.7/site-packages/airflow/example_dags/example_external_task_marker_dag.py for tasks to queue
[2023-09-06T04:30:51.255+0000] {logging_mixin.py:137} INFO - [2023-09-06T04:30:51.254+0000] {dagbag.py:538} INFO - Filling up the DagBag from /home/airflow/.local/lib/python3.7/site-packages/airflow/example_dags/example_external_task_marker_dag.py
[2023-09-06T04:30:51.284+0000] {processor.py:753} INFO - DAG(s) dict_keys(['example_external_task_marker_parent', 'example_external_task_marker_child']) retrieved from /home/airflow/.local/lib/python3.7/site-packages/airflow/example_dags/example_external_task_marker_dag.py
[2023-09-06T04:30:51.361+0000] {logging_mixin.py:137} INFO - [2023-09-06T04:30:51.361+0000] {dag.py:2690} INFO - Sync 2 DAGs
[2023-09-06T04:30:51.472+0000] {logging_mixin.py:137} INFO - [2023-09-06T04:30:51.472+0000] {dag.py:3441} INFO - Setting next_dagrun for example_external_task_marker_child to None, run_after=None
[2023-09-06T04:30:51.487+0000] {logging_mixin.py:137} INFO - [2023-09-06T04:30:51.487+0000] {dag.py:3441} INFO - Setting next_dagrun for example_external_task_marker_parent to None, run_after=None
[2023-09-06T04:30:51.544+0000] {processor.py:175} INFO - Processing /home/airflow/.local/lib/python3.7/site-packages/airflow/example_dags/example_external_task_marker_dag.py took 0.317 seconds
[2023-09-06T04:31:21.652+0000] {processor.py:153} INFO - Started process (PID=342) to work on /home/airflow/.local/lib/python3.7/site-packages/airflow/example_dags/example_external_task_marker_dag.py
[2023-09-06T04:31:21.654+0000] {processor.py:743} INFO - Processing file /home/airflow/.local/lib/python3.7/site-packages/airflow/example_dags/example_external_task_marker_dag.py for tasks to queue
[2023-09-06T04:31:21.656+0000] {logging_mixin.py:137} INFO - [2023-09-06T04:31:21.656+0000] {dagbag.py:538} INFO - Filling up the DagBag from /home/airflow/.local/lib/python3.7/site-packages/airflow/example_dags/example_external_task_marker_dag.py
[2023-09-06T04:31:21.675+0000] {processor.py:753} INFO - DAG(s) dict_keys(['example_external_task_marker_parent', 'example_external_task_marker_child']) retrieved from /home/airflow/.local/lib/python3.7/site-packages/airflow/example_dags/example_external_task_marker_dag.py
[2023-09-06T04:31:21.725+0000] {logging_mixin.py:137} INFO - [2023-09-06T04:31:21.725+0000] {dag.py:2690} INFO - Sync 2 DAGs
[2023-09-06T04:31:21.767+0000] {logging_mixin.py:137} INFO - [2023-09-06T04:31:21.766+0000] {dag.py:3441} INFO - Setting next_dagrun for example_external_task_marker_child to None, run_after=None
[2023-09-06T04:31:21.773+0000] {logging_mixin.py:137} INFO - [2023-09-06T04:31:21.772+0000] {dag.py:3441} INFO - Setting next_dagrun for example_external_task_marker_parent to None, run_after=None
[2023-09-06T04:31:21.804+0000] {processor.py:175} INFO - Processing /home/airflow/.local/lib/python3.7/site-packages/airflow/example_dags/example_external_task_marker_dag.py took 0.157 seconds
[2023-09-06T04:31:51.853+0000] {processor.py:153} INFO - Started process (PID=401) to work on /home/airflow/.local/lib/python3.7/site-packages/airflow/example_dags/example_external_task_marker_dag.py
[2023-09-06T04:31:51.854+0000] {processor.py:743} INFO - Processing file /home/airflow/.local/lib/python3.7/site-packages/airflow/example_dags/example_external_task_marker_dag.py for tasks to queue
[2023-09-06T04:31:51.856+0000] {logging_mixin.py:137} INFO - [2023-09-06T04:31:51.855+0000] {dagbag.py:538} INFO - Filling up the DagBag from /home/airflow/.local/lib/python3.7/site-packages/airflow/example_dags/example_external_task_marker_dag.py
[2023-09-06T04:31:51.868+0000] {processor.py:753} INFO - DAG(s) dict_keys(['example_external_task_marker_child', 'example_external_task_marker_parent']) retrieved from /home/airflow/.local/lib/python3.7/site-packages/airflow/example_dags/example_external_task_marker_dag.py
[2023-09-06T04:31:51.901+0000] {logging_mixin.py:137} INFO - [2023-09-06T04:31:51.901+0000] {dag.py:2690} INFO - Sync 2 DAGs
[2023-09-06T04:31:51.928+0000] {logging_mixin.py:137} INFO - [2023-09-06T04:31:51.927+0000] {dag.py:3441} INFO - Setting next_dagrun for example_external_task_marker_child to None, run_after=None
[2023-09-06T04:31:51.932+0000] {logging_mixin.py:137} INFO - [2023-09-06T04:31:51.932+0000] {dag.py:3441} INFO - Setting next_dagrun for example_external_task_marker_parent to None, run_after=None
[2023-09-06T04:31:51.953+0000] {processor.py:175} INFO - Processing /home/airflow/.local/lib/python3.7/site-packages/airflow/example_dags/example_external_task_marker_dag.py took 0.104 seconds
[2023-09-06T04:32:22.695+0000] {processor.py:153} INFO - Started process (PID=461) to work on /home/airflow/.local/lib/python3.7/site-packages/airflow/example_dags/example_external_task_marker_dag.py
[2023-09-06T04:32:22.698+0000] {processor.py:743} INFO - Processing file /home/airflow/.local/lib/python3.7/site-packages/airflow/example_dags/example_external_task_marker_dag.py for tasks to queue
[2023-09-06T04:32:22.699+0000] {logging_mixin.py:137} INFO - [2023-09-06T04:32:22.699+0000] {dagbag.py:538} INFO - Filling up the DagBag from /home/airflow/.local/lib/python3.7/site-packages/airflow/example_dags/example_external_task_marker_dag.py
[2023-09-06T04:32:22.728+0000] {processor.py:753} INFO - DAG(s) dict_keys(['example_external_task_marker_child', 'example_external_task_marker_parent']) retrieved from /home/airflow/.local/lib/python3.7/site-packages/airflow/example_dags/example_external_task_marker_dag.py
[2023-09-06T04:32:22.796+0000] {logging_mixin.py:137} INFO - [2023-09-06T04:32:22.796+0000] {dag.py:2690} INFO - Sync 2 DAGs
[2023-09-06T04:32:22.862+0000] {logging_mixin.py:137} INFO - [2023-09-06T04:32:22.862+0000] {dag.py:3441} INFO - Setting next_dagrun for example_external_task_marker_child to None, run_after=None
[2023-09-06T04:32:22.869+0000] {logging_mixin.py:137} INFO - [2023-09-06T04:32:22.868+0000] {dag.py:3441} INFO - Setting next_dagrun for example_external_task_marker_parent to None, run_after=None
[2023-09-06T04:32:22.908+0000] {processor.py:175} INFO - Processing /home/airflow/.local/lib/python3.7/site-packages/airflow/example_dags/example_external_task_marker_dag.py took 0.216 seconds
[2023-09-06T04:32:53.396+0000] {processor.py:153} INFO - Started process (PID=533) to work on /home/airflow/.local/lib/python3.7/site-packages/airflow/example_dags/example_external_task_marker_dag.py
[2023-09-06T04:32:53.397+0000] {processor.py:743} INFO - Processing file /home/airflow/.local/lib/python3.7/site-packages/airflow/example_dags/example_external_task_marker_dag.py for tasks to queue
[2023-09-06T04:32:53.398+0000] {logging_mixin.py:137} INFO - [2023-09-06T04:32:53.398+0000] {dagbag.py:538} INFO - Filling up the DagBag from /home/airflow/.local/lib/python3.7/site-packages/airflow/example_dags/example_external_task_marker_dag.py
[2023-09-06T04:32:53.411+0000] {processor.py:753} INFO - DAG(s) dict_keys(['example_external_task_marker_child', 'example_external_task_marker_parent']) retrieved from /home/airflow/.local/lib/python3.7/site-packages/airflow/example_dags/example_external_task_marker_dag.py
[2023-09-06T04:32:53.444+0000] {logging_mixin.py:137} INFO - [2023-09-06T04:32:53.444+0000] {dag.py:2690} INFO - Sync 2 DAGs
[2023-09-06T04:32:53.470+0000] {logging_mixin.py:137} INFO - [2023-09-06T04:32:53.470+0000] {dag.py:3441} INFO - Setting next_dagrun for example_external_task_marker_child to None, run_after=None
[2023-09-06T04:32:53.477+0000] {logging_mixin.py:137} INFO - [2023-09-06T04:32:53.476+0000] {dag.py:3441} INFO - Setting next_dagrun for example_external_task_marker_parent to None, run_after=None
[2023-09-06T04:32:53.494+0000] {processor.py:175} INFO - Processing /home/airflow/.local/lib/python3.7/site-packages/airflow/example_dags/example_external_task_marker_dag.py took 0.102 seconds
[2023-09-06T04:33:23.619+0000] {processor.py:153} INFO - Started process (PID=593) to work on /home/airflow/.local/lib/python3.7/site-packages/airflow/example_dags/example_external_task_marker_dag.py
[2023-09-06T04:33:23.621+0000] {processor.py:743} INFO - Processing file /home/airflow/.local/lib/python3.7/site-packages/airflow/example_dags/example_external_task_marker_dag.py for tasks to queue
[2023-09-06T04:33:23.622+0000] {logging_mixin.py:137} INFO - [2023-09-06T04:33:23.622+0000] {dagbag.py:538} INFO - Filling up the DagBag from /home/airflow/.local/lib/python3.7/site-packages/airflow/example_dags/example_external_task_marker_dag.py
[2023-09-06T04:33:23.641+0000] {processor.py:753} INFO - DAG(s) dict_keys(['example_external_task_marker_parent', 'example_external_task_marker_child']) retrieved from /home/airflow/.local/lib/python3.7/site-packages/airflow/example_dags/example_external_task_marker_dag.py
[2023-09-06T04:33:23.685+0000] {logging_mixin.py:137} INFO - [2023-09-06T04:33:23.684+0000] {dag.py:2690} INFO - Sync 2 DAGs
[2023-09-06T04:33:23.720+0000] {logging_mixin.py:137} INFO - [2023-09-06T04:33:23.719+0000] {dag.py:3441} INFO - Setting next_dagrun for example_external_task_marker_child to None, run_after=None
[2023-09-06T04:33:23.726+0000] {logging_mixin.py:137} INFO - [2023-09-06T04:33:23.726+0000] {dag.py:3441} INFO - Setting next_dagrun for example_external_task_marker_parent to None, run_after=None
[2023-09-06T04:33:23.749+0000] {processor.py:175} INFO - Processing /home/airflow/.local/lib/python3.7/site-packages/airflow/example_dags/example_external_task_marker_dag.py took 0.134 seconds
[2023-09-06T04:33:53.900+0000] {processor.py:153} INFO - Started process (PID=651) to work on /home/airflow/.local/lib/python3.7/site-packages/airflow/example_dags/example_external_task_marker_dag.py
[2023-09-06T04:33:53.901+0000] {processor.py:743} INFO - Processing file /home/airflow/.local/lib/python3.7/site-packages/airflow/example_dags/example_external_task_marker_dag.py for tasks to queue
[2023-09-06T04:33:53.902+0000] {logging_mixin.py:137} INFO - [2023-09-06T04:33:53.902+0000] {dagbag.py:538} INFO - Filling up the DagBag from /home/airflow/.local/lib/python3.7/site-packages/airflow/example_dags/example_external_task_marker_dag.py
[2023-09-06T04:33:53.921+0000] {processor.py:753} INFO - DAG(s) dict_keys(['example_external_task_marker_child', 'example_external_task_marker_parent']) retrieved from /home/airflow/.local/lib/python3.7/site-packages/airflow/example_dags/example_external_task_marker_dag.py
[2023-09-06T04:33:53.959+0000] {logging_mixin.py:137} INFO - [2023-09-06T04:33:53.959+0000] {dag.py:2690} INFO - Sync 2 DAGs
[2023-09-06T04:33:54.005+0000] {logging_mixin.py:137} INFO - [2023-09-06T04:33:54.005+0000] {dag.py:3441} INFO - Setting next_dagrun for example_external_task_marker_child to None, run_after=None
[2023-09-06T04:33:54.009+0000] {logging_mixin.py:137} INFO - [2023-09-06T04:33:54.009+0000] {dag.py:3441} INFO - Setting next_dagrun for example_external_task_marker_parent to None, run_after=None
[2023-09-06T04:33:54.030+0000] {processor.py:175} INFO - Processing /home/airflow/.local/lib/python3.7/site-packages/airflow/example_dags/example_external_task_marker_dag.py took 0.134 seconds
[2023-09-06T04:35:00.406+0000] {processor.py:153} INFO - Started process (PID=75) to work on /home/airflow/.local/lib/python3.7/site-packages/airflow/example_dags/example_external_task_marker_dag.py
[2023-09-06T04:35:00.410+0000] {processor.py:743} INFO - Processing file /home/airflow/.local/lib/python3.7/site-packages/airflow/example_dags/example_external_task_marker_dag.py for tasks to queue
[2023-09-06T04:35:00.411+0000] {logging_mixin.py:137} INFO - [2023-09-06T04:35:00.411+0000] {dagbag.py:538} INFO - Filling up the DagBag from /home/airflow/.local/lib/python3.7/site-packages/airflow/example_dags/example_external_task_marker_dag.py
[2023-09-06T04:35:00.442+0000] {processor.py:753} INFO - DAG(s) dict_keys(['example_external_task_marker_parent', 'example_external_task_marker_child']) retrieved from /home/airflow/.local/lib/python3.7/site-packages/airflow/example_dags/example_external_task_marker_dag.py
[2023-09-06T04:35:00.553+0000] {logging_mixin.py:137} INFO - [2023-09-06T04:35:00.552+0000] {dag.py:2690} INFO - Sync 2 DAGs
[2023-09-06T04:35:00.653+0000] {logging_mixin.py:137} INFO - [2023-09-06T04:35:00.650+0000] {dag.py:3441} INFO - Setting next_dagrun for example_external_task_marker_child to None, run_after=None
[2023-09-06T04:35:00.664+0000] {logging_mixin.py:137} INFO - [2023-09-06T04:35:00.664+0000] {dag.py:3441} INFO - Setting next_dagrun for example_external_task_marker_parent to None, run_after=None
[2023-09-06T04:35:00.706+0000] {processor.py:175} INFO - Processing /home/airflow/.local/lib/python3.7/site-packages/airflow/example_dags/example_external_task_marker_dag.py took 0.303 seconds
[2023-09-06T04:35:32.332+0000] {processor.py:153} INFO - Started process (PID=143) to work on /home/airflow/.local/lib/python3.7/site-packages/airflow/example_dags/example_external_task_marker_dag.py
[2023-09-06T04:35:32.343+0000] {processor.py:743} INFO - Processing file /home/airflow/.local/lib/python3.7/site-packages/airflow/example_dags/example_external_task_marker_dag.py for tasks to queue
[2023-09-06T04:35:32.349+0000] {logging_mixin.py:137} INFO - [2023-09-06T04:35:32.349+0000] {dagbag.py:538} INFO - Filling up the DagBag from /home/airflow/.local/lib/python3.7/site-packages/airflow/example_dags/example_external_task_marker_dag.py
[2023-09-06T04:35:32.403+0000] {processor.py:753} INFO - DAG(s) dict_keys(['example_external_task_marker_child', 'example_external_task_marker_parent']) retrieved from /home/airflow/.local/lib/python3.7/site-packages/airflow/example_dags/example_external_task_marker_dag.py
[2023-09-06T04:35:32.481+0000] {logging_mixin.py:137} INFO - [2023-09-06T04:35:32.481+0000] {dag.py:2690} INFO - Sync 2 DAGs
[2023-09-06T04:35:32.704+0000] {logging_mixin.py:137} INFO - [2023-09-06T04:35:32.704+0000] {dag.py:3441} INFO - Setting next_dagrun for example_external_task_marker_child to None, run_after=None
[2023-09-06T04:35:32.724+0000] {logging_mixin.py:137} INFO - [2023-09-06T04:35:32.724+0000] {dag.py:3441} INFO - Setting next_dagrun for example_external_task_marker_parent to None, run_after=None
[2023-09-06T04:35:32.904+0000] {processor.py:175} INFO - Processing /home/airflow/.local/lib/python3.7/site-packages/airflow/example_dags/example_external_task_marker_dag.py took 0.575 seconds
[2023-09-06T04:36:03.589+0000] {processor.py:153} INFO - Started process (PID=204) to work on /home/airflow/.local/lib/python3.7/site-packages/airflow/example_dags/example_external_task_marker_dag.py
[2023-09-06T04:36:03.591+0000] {processor.py:743} INFO - Processing file /home/airflow/.local/lib/python3.7/site-packages/airflow/example_dags/example_external_task_marker_dag.py for tasks to queue
[2023-09-06T04:36:03.593+0000] {logging_mixin.py:137} INFO - [2023-09-06T04:36:03.593+0000] {dagbag.py:538} INFO - Filling up the DagBag from /home/airflow/.local/lib/python3.7/site-packages/airflow/example_dags/example_external_task_marker_dag.py
[2023-09-06T04:36:03.611+0000] {processor.py:753} INFO - DAG(s) dict_keys(['example_external_task_marker_child', 'example_external_task_marker_parent']) retrieved from /home/airflow/.local/lib/python3.7/site-packages/airflow/example_dags/example_external_task_marker_dag.py
[2023-09-06T04:36:03.647+0000] {logging_mixin.py:137} INFO - [2023-09-06T04:36:03.647+0000] {dag.py:2690} INFO - Sync 2 DAGs
[2023-09-06T04:36:03.679+0000] {logging_mixin.py:137} INFO - [2023-09-06T04:36:03.679+0000] {dag.py:3441} INFO - Setting next_dagrun for example_external_task_marker_child to None, run_after=None
[2023-09-06T04:36:03.685+0000] {logging_mixin.py:137} INFO - [2023-09-06T04:36:03.685+0000] {dag.py:3441} INFO - Setting next_dagrun for example_external_task_marker_parent to None, run_after=None
[2023-09-06T04:36:03.739+0000] {processor.py:175} INFO - Processing /home/airflow/.local/lib/python3.7/site-packages/airflow/example_dags/example_external_task_marker_dag.py took 0.160 seconds
[2023-09-06T04:36:33.903+0000] {processor.py:153} INFO - Started process (PID=264) to work on /home/airflow/.local/lib/python3.7/site-packages/airflow/example_dags/example_external_task_marker_dag.py
[2023-09-06T04:36:33.905+0000] {processor.py:743} INFO - Processing file /home/airflow/.local/lib/python3.7/site-packages/airflow/example_dags/example_external_task_marker_dag.py for tasks to queue
[2023-09-06T04:36:33.916+0000] {logging_mixin.py:137} INFO - [2023-09-06T04:36:33.916+0000] {dagbag.py:538} INFO - Filling up the DagBag from /home/airflow/.local/lib/python3.7/site-packages/airflow/example_dags/example_external_task_marker_dag.py
[2023-09-06T04:36:33.956+0000] {processor.py:753} INFO - DAG(s) dict_keys(['example_external_task_marker_child', 'example_external_task_marker_parent']) retrieved from /home/airflow/.local/lib/python3.7/site-packages/airflow/example_dags/example_external_task_marker_dag.py
[2023-09-06T04:36:34.046+0000] {logging_mixin.py:137} INFO - [2023-09-06T04:36:34.045+0000] {dag.py:2690} INFO - Sync 2 DAGs
[2023-09-06T04:36:34.112+0000] {logging_mixin.py:137} INFO - [2023-09-06T04:36:34.111+0000] {dag.py:3441} INFO - Setting next_dagrun for example_external_task_marker_child to None, run_after=None
[2023-09-06T04:36:34.143+0000] {logging_mixin.py:137} INFO - [2023-09-06T04:36:34.142+0000] {dag.py:3441} INFO - Setting next_dagrun for example_external_task_marker_parent to None, run_after=None
[2023-09-06T04:36:34.234+0000] {processor.py:175} INFO - Processing /home/airflow/.local/lib/python3.7/site-packages/airflow/example_dags/example_external_task_marker_dag.py took 0.338 seconds
[2023-09-06T04:37:04.344+0000] {processor.py:153} INFO - Started process (PID=322) to work on /home/airflow/.local/lib/python3.7/site-packages/airflow/example_dags/example_external_task_marker_dag.py
[2023-09-06T04:37:04.345+0000] {processor.py:743} INFO - Processing file /home/airflow/.local/lib/python3.7/site-packages/airflow/example_dags/example_external_task_marker_dag.py for tasks to queue
[2023-09-06T04:37:04.347+0000] {logging_mixin.py:137} INFO - [2023-09-06T04:37:04.346+0000] {dagbag.py:538} INFO - Filling up the DagBag from /home/airflow/.local/lib/python3.7/site-packages/airflow/example_dags/example_external_task_marker_dag.py
[2023-09-06T04:37:04.368+0000] {processor.py:753} INFO - DAG(s) dict_keys(['example_external_task_marker_parent', 'example_external_task_marker_child']) retrieved from /home/airflow/.local/lib/python3.7/site-packages/airflow/example_dags/example_external_task_marker_dag.py
[2023-09-06T04:37:04.408+0000] {logging_mixin.py:137} INFO - [2023-09-06T04:37:04.408+0000] {dag.py:2690} INFO - Sync 2 DAGs
[2023-09-06T04:37:04.458+0000] {logging_mixin.py:137} INFO - [2023-09-06T04:37:04.458+0000] {dag.py:3441} INFO - Setting next_dagrun for example_external_task_marker_child to None, run_after=None
[2023-09-06T04:37:04.462+0000] {logging_mixin.py:137} INFO - [2023-09-06T04:37:04.462+0000] {dag.py:3441} INFO - Setting next_dagrun for example_external_task_marker_parent to None, run_after=None
[2023-09-06T04:37:04.484+0000] {processor.py:175} INFO - Processing /home/airflow/.local/lib/python3.7/site-packages/airflow/example_dags/example_external_task_marker_dag.py took 0.145 seconds
[2023-09-06T04:37:35.268+0000] {processor.py:153} INFO - Started process (PID=391) to work on /home/airflow/.local/lib/python3.7/site-packages/airflow/example_dags/example_external_task_marker_dag.py
[2023-09-06T04:37:35.270+0000] {processor.py:743} INFO - Processing file /home/airflow/.local/lib/python3.7/site-packages/airflow/example_dags/example_external_task_marker_dag.py for tasks to queue
[2023-09-06T04:37:35.271+0000] {logging_mixin.py:137} INFO - [2023-09-06T04:37:35.271+0000] {dagbag.py:538} INFO - Filling up the DagBag from /home/airflow/.local/lib/python3.7/site-packages/airflow/example_dags/example_external_task_marker_dag.py
[2023-09-06T04:37:35.293+0000] {processor.py:753} INFO - DAG(s) dict_keys(['example_external_task_marker_child', 'example_external_task_marker_parent']) retrieved from /home/airflow/.local/lib/python3.7/site-packages/airflow/example_dags/example_external_task_marker_dag.py
[2023-09-06T04:37:35.388+0000] {logging_mixin.py:137} INFO - [2023-09-06T04:37:35.381+0000] {dag.py:2690} INFO - Sync 2 DAGs
[2023-09-06T04:37:35.426+0000] {logging_mixin.py:137} INFO - [2023-09-06T04:37:35.426+0000] {dag.py:3441} INFO - Setting next_dagrun for example_external_task_marker_child to None, run_after=None
[2023-09-06T04:37:35.441+0000] {logging_mixin.py:137} INFO - [2023-09-06T04:37:35.441+0000] {dag.py:3441} INFO - Setting next_dagrun for example_external_task_marker_parent to None, run_after=None
[2023-09-06T04:37:35.512+0000] {processor.py:175} INFO - Processing /home/airflow/.local/lib/python3.7/site-packages/airflow/example_dags/example_external_task_marker_dag.py took 0.251 seconds
[2023-09-06T04:38:06.308+0000] {processor.py:153} INFO - Started process (PID=451) to work on /home/airflow/.local/lib/python3.7/site-packages/airflow/example_dags/example_external_task_marker_dag.py
[2023-09-06T04:38:06.315+0000] {processor.py:743} INFO - Processing file /home/airflow/.local/lib/python3.7/site-packages/airflow/example_dags/example_external_task_marker_dag.py for tasks to queue
[2023-09-06T04:38:06.317+0000] {logging_mixin.py:137} INFO - [2023-09-06T04:38:06.317+0000] {dagbag.py:538} INFO - Filling up the DagBag from /home/airflow/.local/lib/python3.7/site-packages/airflow/example_dags/example_external_task_marker_dag.py
[2023-09-06T04:38:06.347+0000] {processor.py:753} INFO - DAG(s) dict_keys(['example_external_task_marker_child', 'example_external_task_marker_parent']) retrieved from /home/airflow/.local/lib/python3.7/site-packages/airflow/example_dags/example_external_task_marker_dag.py
[2023-09-06T04:38:06.439+0000] {logging_mixin.py:137} INFO - [2023-09-06T04:38:06.439+0000] {dag.py:2690} INFO - Sync 2 DAGs
[2023-09-06T04:38:06.551+0000] {logging_mixin.py:137} INFO - [2023-09-06T04:38:06.551+0000] {dag.py:3441} INFO - Setting next_dagrun for example_external_task_marker_child to None, run_after=None
[2023-09-06T04:38:06.563+0000] {logging_mixin.py:137} INFO - [2023-09-06T04:38:06.563+0000] {dag.py:3441} INFO - Setting next_dagrun for example_external_task_marker_parent to None, run_after=None
[2023-09-06T04:38:06.641+0000] {processor.py:175} INFO - Processing /home/airflow/.local/lib/python3.7/site-packages/airflow/example_dags/example_external_task_marker_dag.py took 0.338 seconds
[2023-09-06T04:38:38.792+0000] {processor.py:153} INFO - Started process (PID=510) to work on /home/airflow/.local/lib/python3.7/site-packages/airflow/example_dags/example_external_task_marker_dag.py
[2023-09-06T04:38:38.798+0000] {processor.py:743} INFO - Processing file /home/airflow/.local/lib/python3.7/site-packages/airflow/example_dags/example_external_task_marker_dag.py for tasks to queue
[2023-09-06T04:38:38.802+0000] {logging_mixin.py:137} INFO - [2023-09-06T04:38:38.801+0000] {dagbag.py:538} INFO - Filling up the DagBag from /home/airflow/.local/lib/python3.7/site-packages/airflow/example_dags/example_external_task_marker_dag.py
[2023-09-06T04:38:38.891+0000] {processor.py:753} INFO - DAG(s) dict_keys(['example_external_task_marker_child', 'example_external_task_marker_parent']) retrieved from /home/airflow/.local/lib/python3.7/site-packages/airflow/example_dags/example_external_task_marker_dag.py
[2023-09-06T04:38:39.028+0000] {logging_mixin.py:137} INFO - [2023-09-06T04:38:39.028+0000] {dag.py:2690} INFO - Sync 2 DAGs
[2023-09-06T04:38:39.087+0000] {logging_mixin.py:137} INFO - [2023-09-06T04:38:39.087+0000] {dag.py:3441} INFO - Setting next_dagrun for example_external_task_marker_child to None, run_after=None
[2023-09-06T04:38:39.115+0000] {logging_mixin.py:137} INFO - [2023-09-06T04:38:39.115+0000] {dag.py:3441} INFO - Setting next_dagrun for example_external_task_marker_parent to None, run_after=None
[2023-09-06T04:38:39.204+0000] {processor.py:175} INFO - Processing /home/airflow/.local/lib/python3.7/site-packages/airflow/example_dags/example_external_task_marker_dag.py took 0.422 seconds
[2023-09-06T04:39:09.517+0000] {processor.py:153} INFO - Started process (PID=578) to work on /home/airflow/.local/lib/python3.7/site-packages/airflow/example_dags/example_external_task_marker_dag.py
[2023-09-06T04:39:09.524+0000] {processor.py:743} INFO - Processing file /home/airflow/.local/lib/python3.7/site-packages/airflow/example_dags/example_external_task_marker_dag.py for tasks to queue
[2023-09-06T04:39:09.525+0000] {logging_mixin.py:137} INFO - [2023-09-06T04:39:09.525+0000] {dagbag.py:538} INFO - Filling up the DagBag from /home/airflow/.local/lib/python3.7/site-packages/airflow/example_dags/example_external_task_marker_dag.py
[2023-09-06T04:39:09.550+0000] {processor.py:753} INFO - DAG(s) dict_keys(['example_external_task_marker_child', 'example_external_task_marker_parent']) retrieved from /home/airflow/.local/lib/python3.7/site-packages/airflow/example_dags/example_external_task_marker_dag.py
[2023-09-06T04:39:09.606+0000] {logging_mixin.py:137} INFO - [2023-09-06T04:39:09.606+0000] {dag.py:2690} INFO - Sync 2 DAGs
[2023-09-06T04:39:09.654+0000] {logging_mixin.py:137} INFO - [2023-09-06T04:39:09.654+0000] {dag.py:3441} INFO - Setting next_dagrun for example_external_task_marker_child to None, run_after=None
[2023-09-06T04:39:09.661+0000] {logging_mixin.py:137} INFO - [2023-09-06T04:39:09.661+0000] {dag.py:3441} INFO - Setting next_dagrun for example_external_task_marker_parent to None, run_after=None
[2023-09-06T04:39:09.701+0000] {processor.py:175} INFO - Processing /home/airflow/.local/lib/python3.7/site-packages/airflow/example_dags/example_external_task_marker_dag.py took 0.188 seconds
[2023-09-06T04:39:40.108+0000] {processor.py:153} INFO - Started process (PID=639) to work on /home/airflow/.local/lib/python3.7/site-packages/airflow/example_dags/example_external_task_marker_dag.py
[2023-09-06T04:39:40.110+0000] {processor.py:743} INFO - Processing file /home/airflow/.local/lib/python3.7/site-packages/airflow/example_dags/example_external_task_marker_dag.py for tasks to queue
[2023-09-06T04:39:40.112+0000] {logging_mixin.py:137} INFO - [2023-09-06T04:39:40.112+0000] {dagbag.py:538} INFO - Filling up the DagBag from /home/airflow/.local/lib/python3.7/site-packages/airflow/example_dags/example_external_task_marker_dag.py
[2023-09-06T04:39:40.127+0000] {processor.py:753} INFO - DAG(s) dict_keys(['example_external_task_marker_child', 'example_external_task_marker_parent']) retrieved from /home/airflow/.local/lib/python3.7/site-packages/airflow/example_dags/example_external_task_marker_dag.py
[2023-09-06T04:39:40.158+0000] {logging_mixin.py:137} INFO - [2023-09-06T04:39:40.158+0000] {dag.py:2690} INFO - Sync 2 DAGs
[2023-09-06T04:39:40.187+0000] {logging_mixin.py:137} INFO - [2023-09-06T04:39:40.187+0000] {dag.py:3441} INFO - Setting next_dagrun for example_external_task_marker_child to None, run_after=None
[2023-09-06T04:39:40.191+0000] {logging_mixin.py:137} INFO - [2023-09-06T04:39:40.191+0000] {dag.py:3441} INFO - Setting next_dagrun for example_external_task_marker_parent to None, run_after=None
[2023-09-06T04:39:40.209+0000] {processor.py:175} INFO - Processing /home/airflow/.local/lib/python3.7/site-packages/airflow/example_dags/example_external_task_marker_dag.py took 0.105 seconds
[2023-09-06T04:40:10.704+0000] {processor.py:153} INFO - Started process (PID=698) to work on /home/airflow/.local/lib/python3.7/site-packages/airflow/example_dags/example_external_task_marker_dag.py
[2023-09-06T04:40:10.711+0000] {processor.py:743} INFO - Processing file /home/airflow/.local/lib/python3.7/site-packages/airflow/example_dags/example_external_task_marker_dag.py for tasks to queue
[2023-09-06T04:40:10.712+0000] {logging_mixin.py:137} INFO - [2023-09-06T04:40:10.712+0000] {dagbag.py:538} INFO - Filling up the DagBag from /home/airflow/.local/lib/python3.7/site-packages/airflow/example_dags/example_external_task_marker_dag.py
[2023-09-06T04:40:10.743+0000] {processor.py:753} INFO - DAG(s) dict_keys(['example_external_task_marker_child', 'example_external_task_marker_parent']) retrieved from /home/airflow/.local/lib/python3.7/site-packages/airflow/example_dags/example_external_task_marker_dag.py
[2023-09-06T04:40:10.798+0000] {logging_mixin.py:137} INFO - [2023-09-06T04:40:10.798+0000] {dag.py:2690} INFO - Sync 2 DAGs
[2023-09-06T04:40:10.909+0000] {logging_mixin.py:137} INFO - [2023-09-06T04:40:10.909+0000] {dag.py:3441} INFO - Setting next_dagrun for example_external_task_marker_child to None, run_after=None
[2023-09-06T04:40:10.916+0000] {logging_mixin.py:137} INFO - [2023-09-06T04:40:10.916+0000] {dag.py:3441} INFO - Setting next_dagrun for example_external_task_marker_parent to None, run_after=None
[2023-09-06T04:40:10.979+0000] {processor.py:175} INFO - Processing /home/airflow/.local/lib/python3.7/site-packages/airflow/example_dags/example_external_task_marker_dag.py took 0.279 seconds
[2023-09-06T04:40:41.674+0000] {processor.py:153} INFO - Started process (PID=766) to work on /home/airflow/.local/lib/python3.7/site-packages/airflow/example_dags/example_external_task_marker_dag.py
[2023-09-06T04:40:41.677+0000] {processor.py:743} INFO - Processing file /home/airflow/.local/lib/python3.7/site-packages/airflow/example_dags/example_external_task_marker_dag.py for tasks to queue
[2023-09-06T04:40:41.679+0000] {logging_mixin.py:137} INFO - [2023-09-06T04:40:41.679+0000] {dagbag.py:538} INFO - Filling up the DagBag from /home/airflow/.local/lib/python3.7/site-packages/airflow/example_dags/example_external_task_marker_dag.py
[2023-09-06T04:40:41.713+0000] {processor.py:753} INFO - DAG(s) dict_keys(['example_external_task_marker_child', 'example_external_task_marker_parent']) retrieved from /home/airflow/.local/lib/python3.7/site-packages/airflow/example_dags/example_external_task_marker_dag.py
[2023-09-06T04:40:41.784+0000] {logging_mixin.py:137} INFO - [2023-09-06T04:40:41.784+0000] {dag.py:2690} INFO - Sync 2 DAGs
[2023-09-06T04:40:41.837+0000] {logging_mixin.py:137} INFO - [2023-09-06T04:40:41.837+0000] {dag.py:3441} INFO - Setting next_dagrun for example_external_task_marker_child to None, run_after=None
[2023-09-06T04:40:41.847+0000] {logging_mixin.py:137} INFO - [2023-09-06T04:40:41.847+0000] {dag.py:3441} INFO - Setting next_dagrun for example_external_task_marker_parent to None, run_after=None
[2023-09-06T04:40:41.911+0000] {processor.py:175} INFO - Processing /home/airflow/.local/lib/python3.7/site-packages/airflow/example_dags/example_external_task_marker_dag.py took 0.251 seconds
[2023-09-06T04:41:12.620+0000] {processor.py:153} INFO - Started process (PID=827) to work on /home/airflow/.local/lib/python3.7/site-packages/airflow/example_dags/example_external_task_marker_dag.py
[2023-09-06T04:41:12.621+0000] {processor.py:743} INFO - Processing file /home/airflow/.local/lib/python3.7/site-packages/airflow/example_dags/example_external_task_marker_dag.py for tasks to queue
[2023-09-06T04:41:12.622+0000] {logging_mixin.py:137} INFO - [2023-09-06T04:41:12.622+0000] {dagbag.py:538} INFO - Filling up the DagBag from /home/airflow/.local/lib/python3.7/site-packages/airflow/example_dags/example_external_task_marker_dag.py
[2023-09-06T04:41:12.637+0000] {processor.py:753} INFO - DAG(s) dict_keys(['example_external_task_marker_child', 'example_external_task_marker_parent']) retrieved from /home/airflow/.local/lib/python3.7/site-packages/airflow/example_dags/example_external_task_marker_dag.py
[2023-09-06T04:41:12.690+0000] {logging_mixin.py:137} INFO - [2023-09-06T04:41:12.690+0000] {dag.py:2690} INFO - Sync 2 DAGs
[2023-09-06T04:41:12.743+0000] {logging_mixin.py:137} INFO - [2023-09-06T04:41:12.743+0000] {dag.py:3441} INFO - Setting next_dagrun for example_external_task_marker_child to None, run_after=None
[2023-09-06T04:41:12.754+0000] {logging_mixin.py:137} INFO - [2023-09-06T04:41:12.754+0000] {dag.py:3441} INFO - Setting next_dagrun for example_external_task_marker_parent to None, run_after=None
[2023-09-06T04:41:12.785+0000] {processor.py:175} INFO - Processing /home/airflow/.local/lib/python3.7/site-packages/airflow/example_dags/example_external_task_marker_dag.py took 0.170 seconds
[2023-09-06T04:41:42.865+0000] {processor.py:153} INFO - Started process (PID=887) to work on /home/airflow/.local/lib/python3.7/site-packages/airflow/example_dags/example_external_task_marker_dag.py
[2023-09-06T04:41:42.866+0000] {processor.py:743} INFO - Processing file /home/airflow/.local/lib/python3.7/site-packages/airflow/example_dags/example_external_task_marker_dag.py for tasks to queue
[2023-09-06T04:41:42.868+0000] {logging_mixin.py:137} INFO - [2023-09-06T04:41:42.867+0000] {dagbag.py:538} INFO - Filling up the DagBag from /home/airflow/.local/lib/python3.7/site-packages/airflow/example_dags/example_external_task_marker_dag.py
[2023-09-06T04:41:42.881+0000] {processor.py:753} INFO - DAG(s) dict_keys(['example_external_task_marker_child', 'example_external_task_marker_parent']) retrieved from /home/airflow/.local/lib/python3.7/site-packages/airflow/example_dags/example_external_task_marker_dag.py
[2023-09-06T04:41:42.913+0000] {logging_mixin.py:137} INFO - [2023-09-06T04:41:42.913+0000] {dag.py:2690} INFO - Sync 2 DAGs
[2023-09-06T04:41:42.944+0000] {logging_mixin.py:137} INFO - [2023-09-06T04:41:42.943+0000] {dag.py:3441} INFO - Setting next_dagrun for example_external_task_marker_child to None, run_after=None
[2023-09-06T04:41:42.948+0000] {logging_mixin.py:137} INFO - [2023-09-06T04:41:42.948+0000] {dag.py:3441} INFO - Setting next_dagrun for example_external_task_marker_parent to None, run_after=None
[2023-09-06T04:41:42.968+0000] {processor.py:175} INFO - Processing /home/airflow/.local/lib/python3.7/site-packages/airflow/example_dags/example_external_task_marker_dag.py took 0.107 seconds
[2023-09-06T04:42:13.888+0000] {processor.py:153} INFO - Started process (PID=958) to work on /home/airflow/.local/lib/python3.7/site-packages/airflow/example_dags/example_external_task_marker_dag.py
[2023-09-06T04:42:13.890+0000] {processor.py:743} INFO - Processing file /home/airflow/.local/lib/python3.7/site-packages/airflow/example_dags/example_external_task_marker_dag.py for tasks to queue
[2023-09-06T04:42:13.901+0000] {logging_mixin.py:137} INFO - [2023-09-06T04:42:13.900+0000] {dagbag.py:538} INFO - Filling up the DagBag from /home/airflow/.local/lib/python3.7/site-packages/airflow/example_dags/example_external_task_marker_dag.py
[2023-09-06T04:42:13.967+0000] {processor.py:753} INFO - DAG(s) dict_keys(['example_external_task_marker_parent', 'example_external_task_marker_child']) retrieved from /home/airflow/.local/lib/python3.7/site-packages/airflow/example_dags/example_external_task_marker_dag.py
[2023-09-06T04:42:14.030+0000] {logging_mixin.py:137} INFO - [2023-09-06T04:42:14.030+0000] {dag.py:2690} INFO - Sync 2 DAGs
[2023-09-06T04:42:14.091+0000] {logging_mixin.py:137} INFO - [2023-09-06T04:42:14.091+0000] {dag.py:3441} INFO - Setting next_dagrun for example_external_task_marker_child to None, run_after=None
[2023-09-06T04:42:14.100+0000] {logging_mixin.py:137} INFO - [2023-09-06T04:42:14.100+0000] {dag.py:3441} INFO - Setting next_dagrun for example_external_task_marker_parent to None, run_after=None
[2023-09-06T04:42:14.143+0000] {processor.py:175} INFO - Processing /home/airflow/.local/lib/python3.7/site-packages/airflow/example_dags/example_external_task_marker_dag.py took 0.260 seconds
[2023-09-06T04:42:44.625+0000] {processor.py:153} INFO - Started process (PID=1018) to work on /home/airflow/.local/lib/python3.7/site-packages/airflow/example_dags/example_external_task_marker_dag.py
[2023-09-06T04:42:44.634+0000] {processor.py:743} INFO - Processing file /home/airflow/.local/lib/python3.7/site-packages/airflow/example_dags/example_external_task_marker_dag.py for tasks to queue
[2023-09-06T04:42:44.636+0000] {logging_mixin.py:137} INFO - [2023-09-06T04:42:44.636+0000] {dagbag.py:538} INFO - Filling up the DagBag from /home/airflow/.local/lib/python3.7/site-packages/airflow/example_dags/example_external_task_marker_dag.py
[2023-09-06T04:42:44.675+0000] {processor.py:753} INFO - DAG(s) dict_keys(['example_external_task_marker_child', 'example_external_task_marker_parent']) retrieved from /home/airflow/.local/lib/python3.7/site-packages/airflow/example_dags/example_external_task_marker_dag.py
[2023-09-06T04:42:44.734+0000] {logging_mixin.py:137} INFO - [2023-09-06T04:42:44.734+0000] {dag.py:2690} INFO - Sync 2 DAGs
[2023-09-06T04:42:44.792+0000] {logging_mixin.py:137} INFO - [2023-09-06T04:42:44.792+0000] {dag.py:3441} INFO - Setting next_dagrun for example_external_task_marker_child to None, run_after=None
[2023-09-06T04:42:44.808+0000] {logging_mixin.py:137} INFO - [2023-09-06T04:42:44.808+0000] {dag.py:3441} INFO - Setting next_dagrun for example_external_task_marker_parent to None, run_after=None
[2023-09-06T04:42:44.863+0000] {processor.py:175} INFO - Processing /home/airflow/.local/lib/python3.7/site-packages/airflow/example_dags/example_external_task_marker_dag.py took 0.242 seconds
