[2023-09-06T04:26:33.243+0000] {processor.py:153} INFO - Started process (PID=107) to work on /home/airflow/.local/lib/python3.7/site-packages/airflow/example_dags/example_subdag_operator.py
[2023-09-06T04:26:33.245+0000] {processor.py:743} INFO - Processing file /home/airflow/.local/lib/python3.7/site-packages/airflow/example_dags/example_subdag_operator.py for tasks to queue
[2023-09-06T04:26:33.246+0000] {logging_mixin.py:137} INFO - [2023-09-06T04:26:33.246+0000] {dagbag.py:538} INFO - Filling up the DagBag from /home/airflow/.local/lib/python3.7/site-packages/airflow/example_dags/example_subdag_operator.py
[2023-09-06T04:26:33.437+0000] {processor.py:753} INFO - DAG(s) dict_keys(['example_subdag_operator.section-1', 'example_subdag_operator.section-2', 'example_subdag_operator']) retrieved from /home/airflow/.local/lib/python3.7/site-packages/airflow/example_dags/example_subdag_operator.py
[2023-09-06T04:26:33.448+0000] {logging_mixin.py:137} INFO - [2023-09-06T04:26:33.448+0000] {dag.py:2690} INFO - Sync 3 DAGs
[2023-09-06T04:26:33.620+0000] {logging_mixin.py:137} INFO - [2023-09-06T04:26:33.619+0000] {dag.py:3441} INFO - Setting next_dagrun for example_subdag_operator to 2022-01-01T00:00:00+00:00, run_after=2022-01-01T00:00:00+00:00
[2023-09-06T04:26:33.649+0000] {logging_mixin.py:137} INFO - [2023-09-06T04:26:33.649+0000] {dag.py:3441} INFO - Setting next_dagrun for example_subdag_operator.section-1 to None, run_after=None
[2023-09-06T04:26:33.660+0000] {logging_mixin.py:137} INFO - [2023-09-06T04:26:33.660+0000] {dag.py:3441} INFO - Setting next_dagrun for example_subdag_operator.section-2 to None, run_after=None
[2023-09-06T04:26:33.695+0000] {logging_mixin.py:137} INFO - [2023-09-06T04:26:33.695+0000] {dag.py:2690} INFO - Sync 2 DAGs
[2023-09-06T04:26:33.714+0000] {logging_mixin.py:137} INFO - [2023-09-06T04:26:33.714+0000] {dag.py:3441} INFO - Setting next_dagrun for example_subdag_operator.section-1 to None, run_after=None
[2023-09-06T04:26:33.724+0000] {logging_mixin.py:137} INFO - [2023-09-06T04:26:33.724+0000] {dag.py:3441} INFO - Setting next_dagrun for example_subdag_operator.section-2 to None, run_after=None
[2023-09-06T04:26:33.765+0000] {processor.py:175} INFO - Processing /home/airflow/.local/lib/python3.7/site-packages/airflow/example_dags/example_subdag_operator.py took 0.527 seconds
[2023-09-06T04:27:03.910+0000] {processor.py:153} INFO - Started process (PID=166) to work on /home/airflow/.local/lib/python3.7/site-packages/airflow/example_dags/example_subdag_operator.py
[2023-09-06T04:27:03.912+0000] {processor.py:743} INFO - Processing file /home/airflow/.local/lib/python3.7/site-packages/airflow/example_dags/example_subdag_operator.py for tasks to queue
[2023-09-06T04:27:03.913+0000] {logging_mixin.py:137} INFO - [2023-09-06T04:27:03.913+0000] {dagbag.py:538} INFO - Filling up the DagBag from /home/airflow/.local/lib/python3.7/site-packages/airflow/example_dags/example_subdag_operator.py
[2023-09-06T04:27:03.949+0000] {processor.py:753} INFO - DAG(s) dict_keys(['example_subdag_operator.section-1', 'example_subdag_operator.section-2', 'example_subdag_operator']) retrieved from /home/airflow/.local/lib/python3.7/site-packages/airflow/example_dags/example_subdag_operator.py
[2023-09-06T04:27:03.969+0000] {logging_mixin.py:137} INFO - [2023-09-06T04:27:03.968+0000] {dag.py:2690} INFO - Sync 3 DAGs
[2023-09-06T04:27:03.995+0000] {logging_mixin.py:137} INFO - [2023-09-06T04:27:03.995+0000] {dag.py:3441} INFO - Setting next_dagrun for example_subdag_operator to 2022-01-01T00:00:00+00:00, run_after=2022-01-01T00:00:00+00:00
[2023-09-06T04:27:03.999+0000] {logging_mixin.py:137} INFO - [2023-09-06T04:27:03.999+0000] {dag.py:3441} INFO - Setting next_dagrun for example_subdag_operator.section-1 to None, run_after=None
[2023-09-06T04:27:04.000+0000] {logging_mixin.py:137} INFO - [2023-09-06T04:27:04.000+0000] {dag.py:3441} INFO - Setting next_dagrun for example_subdag_operator.section-2 to None, run_after=None
[2023-09-06T04:27:04.009+0000] {logging_mixin.py:137} INFO - [2023-09-06T04:27:04.008+0000] {dag.py:2690} INFO - Sync 2 DAGs
[2023-09-06T04:27:04.017+0000] {logging_mixin.py:137} INFO - [2023-09-06T04:27:04.017+0000] {dag.py:3441} INFO - Setting next_dagrun for example_subdag_operator.section-1 to None, run_after=None
[2023-09-06T04:27:04.019+0000] {logging_mixin.py:137} INFO - [2023-09-06T04:27:04.018+0000] {dag.py:3441} INFO - Setting next_dagrun for example_subdag_operator.section-2 to None, run_after=None
[2023-09-06T04:27:04.044+0000] {processor.py:175} INFO - Processing /home/airflow/.local/lib/python3.7/site-packages/airflow/example_dags/example_subdag_operator.py took 0.137 seconds
[2023-09-06T04:27:34.550+0000] {processor.py:153} INFO - Started process (PID=232) to work on /home/airflow/.local/lib/python3.7/site-packages/airflow/example_dags/example_subdag_operator.py
[2023-09-06T04:27:34.554+0000] {processor.py:743} INFO - Processing file /home/airflow/.local/lib/python3.7/site-packages/airflow/example_dags/example_subdag_operator.py for tasks to queue
[2023-09-06T04:27:34.556+0000] {logging_mixin.py:137} INFO - [2023-09-06T04:27:34.555+0000] {dagbag.py:538} INFO - Filling up the DagBag from /home/airflow/.local/lib/python3.7/site-packages/airflow/example_dags/example_subdag_operator.py
[2023-09-06T04:27:34.657+0000] {processor.py:753} INFO - DAG(s) dict_keys(['example_subdag_operator.section-1', 'example_subdag_operator.section-2', 'example_subdag_operator']) retrieved from /home/airflow/.local/lib/python3.7/site-packages/airflow/example_dags/example_subdag_operator.py
[2023-09-06T04:27:34.691+0000] {logging_mixin.py:137} INFO - [2023-09-06T04:27:34.690+0000] {dag.py:2690} INFO - Sync 3 DAGs
[2023-09-06T04:27:34.771+0000] {logging_mixin.py:137} INFO - [2023-09-06T04:27:34.771+0000] {dag.py:3441} INFO - Setting next_dagrun for example_subdag_operator to 2022-01-01T00:00:00+00:00, run_after=2022-01-01T00:00:00+00:00
[2023-09-06T04:27:34.782+0000] {logging_mixin.py:137} INFO - [2023-09-06T04:27:34.781+0000] {dag.py:3441} INFO - Setting next_dagrun for example_subdag_operator.section-1 to None, run_after=None
[2023-09-06T04:27:34.795+0000] {logging_mixin.py:137} INFO - [2023-09-06T04:27:34.795+0000] {dag.py:3441} INFO - Setting next_dagrun for example_subdag_operator.section-2 to None, run_after=None
[2023-09-06T04:27:34.826+0000] {logging_mixin.py:137} INFO - [2023-09-06T04:27:34.825+0000] {dag.py:2690} INFO - Sync 2 DAGs
[2023-09-06T04:27:34.845+0000] {logging_mixin.py:137} INFO - [2023-09-06T04:27:34.845+0000] {dag.py:3441} INFO - Setting next_dagrun for example_subdag_operator.section-1 to None, run_after=None
[2023-09-06T04:27:34.855+0000] {logging_mixin.py:137} INFO - [2023-09-06T04:27:34.854+0000] {dag.py:3441} INFO - Setting next_dagrun for example_subdag_operator.section-2 to None, run_after=None
[2023-09-06T04:27:34.923+0000] {processor.py:175} INFO - Processing /home/airflow/.local/lib/python3.7/site-packages/airflow/example_dags/example_subdag_operator.py took 0.378 seconds
[2023-09-06T04:28:05.256+0000] {processor.py:153} INFO - Started process (PID=295) to work on /home/airflow/.local/lib/python3.7/site-packages/airflow/example_dags/example_subdag_operator.py
[2023-09-06T04:28:05.258+0000] {processor.py:743} INFO - Processing file /home/airflow/.local/lib/python3.7/site-packages/airflow/example_dags/example_subdag_operator.py for tasks to queue
[2023-09-06T04:28:05.259+0000] {logging_mixin.py:137} INFO - [2023-09-06T04:28:05.259+0000] {dagbag.py:538} INFO - Filling up the DagBag from /home/airflow/.local/lib/python3.7/site-packages/airflow/example_dags/example_subdag_operator.py
[2023-09-06T04:28:05.308+0000] {processor.py:753} INFO - DAG(s) dict_keys(['example_subdag_operator.section-1', 'example_subdag_operator.section-2', 'example_subdag_operator']) retrieved from /home/airflow/.local/lib/python3.7/site-packages/airflow/example_dags/example_subdag_operator.py
[2023-09-06T04:28:05.333+0000] {logging_mixin.py:137} INFO - [2023-09-06T04:28:05.333+0000] {dag.py:2690} INFO - Sync 3 DAGs
[2023-09-06T04:28:05.371+0000] {logging_mixin.py:137} INFO - [2023-09-06T04:28:05.371+0000] {dag.py:3441} INFO - Setting next_dagrun for example_subdag_operator to 2022-01-01T00:00:00+00:00, run_after=2022-01-01T00:00:00+00:00
[2023-09-06T04:28:05.375+0000] {logging_mixin.py:137} INFO - [2023-09-06T04:28:05.375+0000] {dag.py:3441} INFO - Setting next_dagrun for example_subdag_operator.section-1 to None, run_after=None
[2023-09-06T04:28:05.378+0000] {logging_mixin.py:137} INFO - [2023-09-06T04:28:05.377+0000] {dag.py:3441} INFO - Setting next_dagrun for example_subdag_operator.section-2 to None, run_after=None
[2023-09-06T04:28:05.389+0000] {logging_mixin.py:137} INFO - [2023-09-06T04:28:05.389+0000] {dag.py:2690} INFO - Sync 2 DAGs
[2023-09-06T04:28:05.395+0000] {logging_mixin.py:137} INFO - [2023-09-06T04:28:05.395+0000] {dag.py:3441} INFO - Setting next_dagrun for example_subdag_operator.section-1 to None, run_after=None
[2023-09-06T04:28:05.397+0000] {logging_mixin.py:137} INFO - [2023-09-06T04:28:05.397+0000] {dag.py:3441} INFO - Setting next_dagrun for example_subdag_operator.section-2 to None, run_after=None
[2023-09-06T04:28:05.415+0000] {processor.py:175} INFO - Processing /home/airflow/.local/lib/python3.7/site-packages/airflow/example_dags/example_subdag_operator.py took 0.164 seconds
[2023-09-06T04:29:18.142+0000] {processor.py:153} INFO - Started process (PID=86) to work on /home/airflow/.local/lib/python3.7/site-packages/airflow/example_dags/example_subdag_operator.py
[2023-09-06T04:29:18.155+0000] {processor.py:743} INFO - Processing file /home/airflow/.local/lib/python3.7/site-packages/airflow/example_dags/example_subdag_operator.py for tasks to queue
[2023-09-06T04:29:18.157+0000] {logging_mixin.py:137} INFO - [2023-09-06T04:29:18.156+0000] {dagbag.py:538} INFO - Filling up the DagBag from /home/airflow/.local/lib/python3.7/site-packages/airflow/example_dags/example_subdag_operator.py
[2023-09-06T04:29:18.298+0000] {processor.py:753} INFO - DAG(s) dict_keys(['example_subdag_operator.section-1', 'example_subdag_operator.section-2', 'example_subdag_operator']) retrieved from /home/airflow/.local/lib/python3.7/site-packages/airflow/example_dags/example_subdag_operator.py
[2023-09-06T04:29:18.385+0000] {logging_mixin.py:137} INFO - [2023-09-06T04:29:18.384+0000] {dag.py:2690} INFO - Sync 3 DAGs
[2023-09-06T04:29:18.488+0000] {logging_mixin.py:137} INFO - [2023-09-06T04:29:18.487+0000] {dag.py:3441} INFO - Setting next_dagrun for example_subdag_operator to 2022-01-01T00:00:00+00:00, run_after=2022-01-01T00:00:00+00:00
[2023-09-06T04:29:18.505+0000] {logging_mixin.py:137} INFO - [2023-09-06T04:29:18.505+0000] {dag.py:3441} INFO - Setting next_dagrun for example_subdag_operator.section-1 to None, run_after=None
[2023-09-06T04:29:18.509+0000] {logging_mixin.py:137} INFO - [2023-09-06T04:29:18.509+0000] {dag.py:3441} INFO - Setting next_dagrun for example_subdag_operator.section-2 to None, run_after=None
[2023-09-06T04:29:18.546+0000] {logging_mixin.py:137} INFO - [2023-09-06T04:29:18.545+0000] {dag.py:2690} INFO - Sync 2 DAGs
[2023-09-06T04:29:18.579+0000] {logging_mixin.py:137} INFO - [2023-09-06T04:29:18.578+0000] {dag.py:3441} INFO - Setting next_dagrun for example_subdag_operator.section-1 to None, run_after=None
[2023-09-06T04:29:18.579+0000] {logging_mixin.py:137} INFO - [2023-09-06T04:29:18.579+0000] {dag.py:3441} INFO - Setting next_dagrun for example_subdag_operator.section-2 to None, run_after=None
[2023-09-06T04:29:18.641+0000] {processor.py:175} INFO - Processing /home/airflow/.local/lib/python3.7/site-packages/airflow/example_dags/example_subdag_operator.py took 0.504 seconds
[2023-09-06T04:29:48.730+0000] {processor.py:153} INFO - Started process (PID=144) to work on /home/airflow/.local/lib/python3.7/site-packages/airflow/example_dags/example_subdag_operator.py
[2023-09-06T04:29:48.731+0000] {processor.py:743} INFO - Processing file /home/airflow/.local/lib/python3.7/site-packages/airflow/example_dags/example_subdag_operator.py for tasks to queue
[2023-09-06T04:29:48.732+0000] {logging_mixin.py:137} INFO - [2023-09-06T04:29:48.732+0000] {dagbag.py:538} INFO - Filling up the DagBag from /home/airflow/.local/lib/python3.7/site-packages/airflow/example_dags/example_subdag_operator.py
[2023-09-06T04:29:48.766+0000] {processor.py:753} INFO - DAG(s) dict_keys(['example_subdag_operator.section-1', 'example_subdag_operator.section-2', 'example_subdag_operator']) retrieved from /home/airflow/.local/lib/python3.7/site-packages/airflow/example_dags/example_subdag_operator.py
[2023-09-06T04:29:48.789+0000] {logging_mixin.py:137} INFO - [2023-09-06T04:29:48.789+0000] {dag.py:2690} INFO - Sync 3 DAGs
[2023-09-06T04:29:48.816+0000] {logging_mixin.py:137} INFO - [2023-09-06T04:29:48.816+0000] {dag.py:3441} INFO - Setting next_dagrun for example_subdag_operator to 2022-01-01T00:00:00+00:00, run_after=2022-01-01T00:00:00+00:00
[2023-09-06T04:29:48.820+0000] {logging_mixin.py:137} INFO - [2023-09-06T04:29:48.820+0000] {dag.py:3441} INFO - Setting next_dagrun for example_subdag_operator.section-1 to None, run_after=None
[2023-09-06T04:29:48.822+0000] {logging_mixin.py:137} INFO - [2023-09-06T04:29:48.821+0000] {dag.py:3441} INFO - Setting next_dagrun for example_subdag_operator.section-2 to None, run_after=None
[2023-09-06T04:29:48.831+0000] {logging_mixin.py:137} INFO - [2023-09-06T04:29:48.831+0000] {dag.py:2690} INFO - Sync 2 DAGs
[2023-09-06T04:29:48.837+0000] {logging_mixin.py:137} INFO - [2023-09-06T04:29:48.837+0000] {dag.py:3441} INFO - Setting next_dagrun for example_subdag_operator.section-1 to None, run_after=None
[2023-09-06T04:29:48.838+0000] {logging_mixin.py:137} INFO - [2023-09-06T04:29:48.838+0000] {dag.py:3441} INFO - Setting next_dagrun for example_subdag_operator.section-2 to None, run_after=None
[2023-09-06T04:29:48.853+0000] {processor.py:175} INFO - Processing /home/airflow/.local/lib/python3.7/site-packages/airflow/example_dags/example_subdag_operator.py took 0.128 seconds
[2023-09-06T04:30:19.519+0000] {processor.py:153} INFO - Started process (PID=213) to work on /home/airflow/.local/lib/python3.7/site-packages/airflow/example_dags/example_subdag_operator.py
[2023-09-06T04:30:19.520+0000] {processor.py:743} INFO - Processing file /home/airflow/.local/lib/python3.7/site-packages/airflow/example_dags/example_subdag_operator.py for tasks to queue
[2023-09-06T04:30:19.521+0000] {logging_mixin.py:137} INFO - [2023-09-06T04:30:19.521+0000] {dagbag.py:538} INFO - Filling up the DagBag from /home/airflow/.local/lib/python3.7/site-packages/airflow/example_dags/example_subdag_operator.py
[2023-09-06T04:30:19.554+0000] {processor.py:753} INFO - DAG(s) dict_keys(['example_subdag_operator.section-1', 'example_subdag_operator.section-2', 'example_subdag_operator']) retrieved from /home/airflow/.local/lib/python3.7/site-packages/airflow/example_dags/example_subdag_operator.py
[2023-09-06T04:30:19.575+0000] {logging_mixin.py:137} INFO - [2023-09-06T04:30:19.574+0000] {dag.py:2690} INFO - Sync 3 DAGs
[2023-09-06T04:30:19.597+0000] {logging_mixin.py:137} INFO - [2023-09-06T04:30:19.597+0000] {dag.py:3441} INFO - Setting next_dagrun for example_subdag_operator to 2022-01-01T00:00:00+00:00, run_after=2022-01-01T00:00:00+00:00
[2023-09-06T04:30:19.601+0000] {logging_mixin.py:137} INFO - [2023-09-06T04:30:19.600+0000] {dag.py:3441} INFO - Setting next_dagrun for example_subdag_operator.section-1 to None, run_after=None
[2023-09-06T04:30:19.602+0000] {logging_mixin.py:137} INFO - [2023-09-06T04:30:19.602+0000] {dag.py:3441} INFO - Setting next_dagrun for example_subdag_operator.section-2 to None, run_after=None
[2023-09-06T04:30:19.610+0000] {logging_mixin.py:137} INFO - [2023-09-06T04:30:19.610+0000] {dag.py:2690} INFO - Sync 2 DAGs
[2023-09-06T04:30:19.615+0000] {logging_mixin.py:137} INFO - [2023-09-06T04:30:19.615+0000] {dag.py:3441} INFO - Setting next_dagrun for example_subdag_operator.section-1 to None, run_after=None
[2023-09-06T04:30:19.616+0000] {logging_mixin.py:137} INFO - [2023-09-06T04:30:19.616+0000] {dag.py:3441} INFO - Setting next_dagrun for example_subdag_operator.section-2 to None, run_after=None
[2023-09-06T04:30:19.627+0000] {processor.py:175} INFO - Processing /home/airflow/.local/lib/python3.7/site-packages/airflow/example_dags/example_subdag_operator.py took 0.114 seconds
[2023-09-06T04:30:50.209+0000] {processor.py:153} INFO - Started process (PID=273) to work on /home/airflow/.local/lib/python3.7/site-packages/airflow/example_dags/example_subdag_operator.py
[2023-09-06T04:30:50.211+0000] {processor.py:743} INFO - Processing file /home/airflow/.local/lib/python3.7/site-packages/airflow/example_dags/example_subdag_operator.py for tasks to queue
[2023-09-06T04:30:50.212+0000] {logging_mixin.py:137} INFO - [2023-09-06T04:30:50.212+0000] {dagbag.py:538} INFO - Filling up the DagBag from /home/airflow/.local/lib/python3.7/site-packages/airflow/example_dags/example_subdag_operator.py
[2023-09-06T04:30:50.252+0000] {processor.py:753} INFO - DAG(s) dict_keys(['example_subdag_operator.section-1', 'example_subdag_operator.section-2', 'example_subdag_operator']) retrieved from /home/airflow/.local/lib/python3.7/site-packages/airflow/example_dags/example_subdag_operator.py
[2023-09-06T04:30:50.285+0000] {logging_mixin.py:137} INFO - [2023-09-06T04:30:50.285+0000] {dag.py:2690} INFO - Sync 3 DAGs
[2023-09-06T04:30:50.342+0000] {logging_mixin.py:137} INFO - [2023-09-06T04:30:50.342+0000] {dag.py:3441} INFO - Setting next_dagrun for example_subdag_operator to 2022-01-01T00:00:00+00:00, run_after=2022-01-01T00:00:00+00:00
[2023-09-06T04:30:50.359+0000] {logging_mixin.py:137} INFO - [2023-09-06T04:30:50.359+0000] {dag.py:3441} INFO - Setting next_dagrun for example_subdag_operator.section-1 to None, run_after=None
[2023-09-06T04:30:50.364+0000] {logging_mixin.py:137} INFO - [2023-09-06T04:30:50.364+0000] {dag.py:3441} INFO - Setting next_dagrun for example_subdag_operator.section-2 to None, run_after=None
[2023-09-06T04:30:50.428+0000] {logging_mixin.py:137} INFO - [2023-09-06T04:30:50.428+0000] {dag.py:2690} INFO - Sync 2 DAGs
[2023-09-06T04:30:50.480+0000] {logging_mixin.py:137} INFO - [2023-09-06T04:30:50.479+0000] {dag.py:3441} INFO - Setting next_dagrun for example_subdag_operator.section-1 to None, run_after=None
[2023-09-06T04:30:50.490+0000] {logging_mixin.py:137} INFO - [2023-09-06T04:30:50.490+0000] {dag.py:3441} INFO - Setting next_dagrun for example_subdag_operator.section-2 to None, run_after=None
[2023-09-06T04:30:50.580+0000] {processor.py:175} INFO - Processing /home/airflow/.local/lib/python3.7/site-packages/airflow/example_dags/example_subdag_operator.py took 0.376 seconds
[2023-09-06T04:31:21.380+0000] {processor.py:153} INFO - Started process (PID=341) to work on /home/airflow/.local/lib/python3.7/site-packages/airflow/example_dags/example_subdag_operator.py
[2023-09-06T04:31:21.395+0000] {processor.py:743} INFO - Processing file /home/airflow/.local/lib/python3.7/site-packages/airflow/example_dags/example_subdag_operator.py for tasks to queue
[2023-09-06T04:31:21.399+0000] {logging_mixin.py:137} INFO - [2023-09-06T04:31:21.399+0000] {dagbag.py:538} INFO - Filling up the DagBag from /home/airflow/.local/lib/python3.7/site-packages/airflow/example_dags/example_subdag_operator.py
[2023-09-06T04:31:21.451+0000] {processor.py:753} INFO - DAG(s) dict_keys(['example_subdag_operator.section-1', 'example_subdag_operator.section-2', 'example_subdag_operator']) retrieved from /home/airflow/.local/lib/python3.7/site-packages/airflow/example_dags/example_subdag_operator.py
[2023-09-06T04:31:21.487+0000] {logging_mixin.py:137} INFO - [2023-09-06T04:31:21.487+0000] {dag.py:2690} INFO - Sync 3 DAGs
[2023-09-06T04:31:21.522+0000] {logging_mixin.py:137} INFO - [2023-09-06T04:31:21.522+0000] {dag.py:3441} INFO - Setting next_dagrun for example_subdag_operator to 2022-01-01T00:00:00+00:00, run_after=2022-01-01T00:00:00+00:00
[2023-09-06T04:31:21.529+0000] {logging_mixin.py:137} INFO - [2023-09-06T04:31:21.529+0000] {dag.py:3441} INFO - Setting next_dagrun for example_subdag_operator.section-1 to None, run_after=None
[2023-09-06T04:31:21.532+0000] {logging_mixin.py:137} INFO - [2023-09-06T04:31:21.532+0000] {dag.py:3441} INFO - Setting next_dagrun for example_subdag_operator.section-2 to None, run_after=None
[2023-09-06T04:31:21.545+0000] {logging_mixin.py:137} INFO - [2023-09-06T04:31:21.544+0000] {dag.py:2690} INFO - Sync 2 DAGs
[2023-09-06T04:31:21.556+0000] {logging_mixin.py:137} INFO - [2023-09-06T04:31:21.555+0000] {dag.py:3441} INFO - Setting next_dagrun for example_subdag_operator.section-1 to None, run_after=None
[2023-09-06T04:31:21.557+0000] {logging_mixin.py:137} INFO - [2023-09-06T04:31:21.557+0000] {dag.py:3441} INFO - Setting next_dagrun for example_subdag_operator.section-2 to None, run_after=None
[2023-09-06T04:31:21.585+0000] {processor.py:175} INFO - Processing /home/airflow/.local/lib/python3.7/site-packages/airflow/example_dags/example_subdag_operator.py took 0.214 seconds
[2023-09-06T04:31:51.640+0000] {processor.py:153} INFO - Started process (PID=400) to work on /home/airflow/.local/lib/python3.7/site-packages/airflow/example_dags/example_subdag_operator.py
[2023-09-06T04:31:51.642+0000] {processor.py:743} INFO - Processing file /home/airflow/.local/lib/python3.7/site-packages/airflow/example_dags/example_subdag_operator.py for tasks to queue
[2023-09-06T04:31:51.642+0000] {logging_mixin.py:137} INFO - [2023-09-06T04:31:51.642+0000] {dagbag.py:538} INFO - Filling up the DagBag from /home/airflow/.local/lib/python3.7/site-packages/airflow/example_dags/example_subdag_operator.py
[2023-09-06T04:31:51.688+0000] {processor.py:753} INFO - DAG(s) dict_keys(['example_subdag_operator.section-1', 'example_subdag_operator.section-2', 'example_subdag_operator']) retrieved from /home/airflow/.local/lib/python3.7/site-packages/airflow/example_dags/example_subdag_operator.py
[2023-09-06T04:31:51.712+0000] {logging_mixin.py:137} INFO - [2023-09-06T04:31:51.712+0000] {dag.py:2690} INFO - Sync 3 DAGs
[2023-09-06T04:31:51.741+0000] {logging_mixin.py:137} INFO - [2023-09-06T04:31:51.741+0000] {dag.py:3441} INFO - Setting next_dagrun for example_subdag_operator to 2022-01-01T00:00:00+00:00, run_after=2022-01-01T00:00:00+00:00
[2023-09-06T04:31:51.745+0000] {logging_mixin.py:137} INFO - [2023-09-06T04:31:51.745+0000] {dag.py:3441} INFO - Setting next_dagrun for example_subdag_operator.section-1 to None, run_after=None
[2023-09-06T04:31:51.754+0000] {logging_mixin.py:137} INFO - [2023-09-06T04:31:51.751+0000] {dag.py:3441} INFO - Setting next_dagrun for example_subdag_operator.section-2 to None, run_after=None
[2023-09-06T04:31:51.771+0000] {logging_mixin.py:137} INFO - [2023-09-06T04:31:51.771+0000] {dag.py:2690} INFO - Sync 2 DAGs
[2023-09-06T04:31:51.780+0000] {logging_mixin.py:137} INFO - [2023-09-06T04:31:51.780+0000] {dag.py:3441} INFO - Setting next_dagrun for example_subdag_operator.section-1 to None, run_after=None
[2023-09-06T04:31:51.781+0000] {logging_mixin.py:137} INFO - [2023-09-06T04:31:51.781+0000] {dag.py:3441} INFO - Setting next_dagrun for example_subdag_operator.section-2 to None, run_after=None
[2023-09-06T04:31:51.795+0000] {processor.py:175} INFO - Processing /home/airflow/.local/lib/python3.7/site-packages/airflow/example_dags/example_subdag_operator.py took 0.158 seconds
[2023-09-06T04:32:22.524+0000] {processor.py:153} INFO - Started process (PID=460) to work on /home/airflow/.local/lib/python3.7/site-packages/airflow/example_dags/example_subdag_operator.py
[2023-09-06T04:32:22.526+0000] {processor.py:743} INFO - Processing file /home/airflow/.local/lib/python3.7/site-packages/airflow/example_dags/example_subdag_operator.py for tasks to queue
[2023-09-06T04:32:22.527+0000] {logging_mixin.py:137} INFO - [2023-09-06T04:32:22.527+0000] {dagbag.py:538} INFO - Filling up the DagBag from /home/airflow/.local/lib/python3.7/site-packages/airflow/example_dags/example_subdag_operator.py
[2023-09-06T04:32:22.562+0000] {processor.py:753} INFO - DAG(s) dict_keys(['example_subdag_operator.section-1', 'example_subdag_operator.section-2', 'example_subdag_operator']) retrieved from /home/airflow/.local/lib/python3.7/site-packages/airflow/example_dags/example_subdag_operator.py
[2023-09-06T04:32:22.584+0000] {logging_mixin.py:137} INFO - [2023-09-06T04:32:22.584+0000] {dag.py:2690} INFO - Sync 3 DAGs
[2023-09-06T04:32:22.612+0000] {logging_mixin.py:137} INFO - [2023-09-06T04:32:22.611+0000] {dag.py:3441} INFO - Setting next_dagrun for example_subdag_operator to 2022-01-01T00:00:00+00:00, run_after=2022-01-01T00:00:00+00:00
[2023-09-06T04:32:22.616+0000] {logging_mixin.py:137} INFO - [2023-09-06T04:32:22.616+0000] {dag.py:3441} INFO - Setting next_dagrun for example_subdag_operator.section-1 to None, run_after=None
[2023-09-06T04:32:22.618+0000] {logging_mixin.py:137} INFO - [2023-09-06T04:32:22.618+0000] {dag.py:3441} INFO - Setting next_dagrun for example_subdag_operator.section-2 to None, run_after=None
[2023-09-06T04:32:22.628+0000] {logging_mixin.py:137} INFO - [2023-09-06T04:32:22.628+0000] {dag.py:2690} INFO - Sync 2 DAGs
[2023-09-06T04:32:22.634+0000] {logging_mixin.py:137} INFO - [2023-09-06T04:32:22.634+0000] {dag.py:3441} INFO - Setting next_dagrun for example_subdag_operator.section-1 to None, run_after=None
[2023-09-06T04:32:22.635+0000] {logging_mixin.py:137} INFO - [2023-09-06T04:32:22.635+0000] {dag.py:3441} INFO - Setting next_dagrun for example_subdag_operator.section-2 to None, run_after=None
[2023-09-06T04:32:22.648+0000] {processor.py:175} INFO - Processing /home/airflow/.local/lib/python3.7/site-packages/airflow/example_dags/example_subdag_operator.py took 0.127 seconds
[2023-09-06T04:32:53.132+0000] {processor.py:153} INFO - Started process (PID=530) to work on /home/airflow/.local/lib/python3.7/site-packages/airflow/example_dags/example_subdag_operator.py
[2023-09-06T04:32:53.139+0000] {processor.py:743} INFO - Processing file /home/airflow/.local/lib/python3.7/site-packages/airflow/example_dags/example_subdag_operator.py for tasks to queue
[2023-09-06T04:32:53.145+0000] {logging_mixin.py:137} INFO - [2023-09-06T04:32:53.145+0000] {dagbag.py:538} INFO - Filling up the DagBag from /home/airflow/.local/lib/python3.7/site-packages/airflow/example_dags/example_subdag_operator.py
[2023-09-06T04:32:53.213+0000] {processor.py:753} INFO - DAG(s) dict_keys(['example_subdag_operator.section-1', 'example_subdag_operator.section-2', 'example_subdag_operator']) retrieved from /home/airflow/.local/lib/python3.7/site-packages/airflow/example_dags/example_subdag_operator.py
[2023-09-06T04:32:53.255+0000] {logging_mixin.py:137} INFO - [2023-09-06T04:32:53.251+0000] {dag.py:2690} INFO - Sync 3 DAGs
[2023-09-06T04:32:53.297+0000] {logging_mixin.py:137} INFO - [2023-09-06T04:32:53.297+0000] {dag.py:3441} INFO - Setting next_dagrun for example_subdag_operator to 2022-01-01T00:00:00+00:00, run_after=2022-01-01T00:00:00+00:00
[2023-09-06T04:32:53.302+0000] {logging_mixin.py:137} INFO - [2023-09-06T04:32:53.302+0000] {dag.py:3441} INFO - Setting next_dagrun for example_subdag_operator.section-1 to None, run_after=None
[2023-09-06T04:32:53.303+0000] {logging_mixin.py:137} INFO - [2023-09-06T04:32:53.303+0000] {dag.py:3441} INFO - Setting next_dagrun for example_subdag_operator.section-2 to None, run_after=None
[2023-09-06T04:32:53.316+0000] {logging_mixin.py:137} INFO - [2023-09-06T04:32:53.316+0000] {dag.py:2690} INFO - Sync 2 DAGs
[2023-09-06T04:32:53.325+0000] {logging_mixin.py:137} INFO - [2023-09-06T04:32:53.324+0000] {dag.py:3441} INFO - Setting next_dagrun for example_subdag_operator.section-1 to None, run_after=None
[2023-09-06T04:32:53.326+0000] {logging_mixin.py:137} INFO - [2023-09-06T04:32:53.325+0000] {dag.py:3441} INFO - Setting next_dagrun for example_subdag_operator.section-2 to None, run_after=None
[2023-09-06T04:32:53.341+0000] {processor.py:175} INFO - Processing /home/airflow/.local/lib/python3.7/site-packages/airflow/example_dags/example_subdag_operator.py took 0.212 seconds
[2023-09-06T04:33:23.485+0000] {processor.py:153} INFO - Started process (PID=591) to work on /home/airflow/.local/lib/python3.7/site-packages/airflow/example_dags/example_subdag_operator.py
[2023-09-06T04:33:23.487+0000] {processor.py:743} INFO - Processing file /home/airflow/.local/lib/python3.7/site-packages/airflow/example_dags/example_subdag_operator.py for tasks to queue
[2023-09-06T04:33:23.488+0000] {logging_mixin.py:137} INFO - [2023-09-06T04:33:23.488+0000] {dagbag.py:538} INFO - Filling up the DagBag from /home/airflow/.local/lib/python3.7/site-packages/airflow/example_dags/example_subdag_operator.py
[2023-09-06T04:33:23.544+0000] {processor.py:753} INFO - DAG(s) dict_keys(['example_subdag_operator.section-1', 'example_subdag_operator.section-2', 'example_subdag_operator']) retrieved from /home/airflow/.local/lib/python3.7/site-packages/airflow/example_dags/example_subdag_operator.py
[2023-09-06T04:33:23.570+0000] {logging_mixin.py:137} INFO - [2023-09-06T04:33:23.570+0000] {dag.py:2690} INFO - Sync 3 DAGs
[2023-09-06T04:33:23.607+0000] {logging_mixin.py:137} INFO - [2023-09-06T04:33:23.607+0000] {dag.py:3441} INFO - Setting next_dagrun for example_subdag_operator to 2022-01-01T00:00:00+00:00, run_after=2022-01-01T00:00:00+00:00
[2023-09-06T04:33:23.613+0000] {logging_mixin.py:137} INFO - [2023-09-06T04:33:23.613+0000] {dag.py:3441} INFO - Setting next_dagrun for example_subdag_operator.section-1 to None, run_after=None
[2023-09-06T04:33:23.615+0000] {logging_mixin.py:137} INFO - [2023-09-06T04:33:23.615+0000] {dag.py:3441} INFO - Setting next_dagrun for example_subdag_operator.section-2 to None, run_after=None
[2023-09-06T04:33:23.625+0000] {logging_mixin.py:137} INFO - [2023-09-06T04:33:23.624+0000] {dag.py:2690} INFO - Sync 2 DAGs
[2023-09-06T04:33:23.632+0000] {logging_mixin.py:137} INFO - [2023-09-06T04:33:23.631+0000] {dag.py:3441} INFO - Setting next_dagrun for example_subdag_operator.section-1 to None, run_after=None
[2023-09-06T04:33:23.633+0000] {logging_mixin.py:137} INFO - [2023-09-06T04:33:23.632+0000] {dag.py:3441} INFO - Setting next_dagrun for example_subdag_operator.section-2 to None, run_after=None
[2023-09-06T04:33:23.647+0000] {processor.py:175} INFO - Processing /home/airflow/.local/lib/python3.7/site-packages/airflow/example_dags/example_subdag_operator.py took 0.166 seconds
[2023-09-06T04:33:53.900+0000] {processor.py:153} INFO - Started process (PID=650) to work on /home/airflow/.local/lib/python3.7/site-packages/airflow/example_dags/example_subdag_operator.py
[2023-09-06T04:33:53.901+0000] {processor.py:743} INFO - Processing file /home/airflow/.local/lib/python3.7/site-packages/airflow/example_dags/example_subdag_operator.py for tasks to queue
[2023-09-06T04:33:53.902+0000] {logging_mixin.py:137} INFO - [2023-09-06T04:33:53.902+0000] {dagbag.py:538} INFO - Filling up the DagBag from /home/airflow/.local/lib/python3.7/site-packages/airflow/example_dags/example_subdag_operator.py
[2023-09-06T04:33:53.950+0000] {processor.py:753} INFO - DAG(s) dict_keys(['example_subdag_operator.section-1', 'example_subdag_operator.section-2', 'example_subdag_operator']) retrieved from /home/airflow/.local/lib/python3.7/site-packages/airflow/example_dags/example_subdag_operator.py
[2023-09-06T04:33:53.975+0000] {logging_mixin.py:137} INFO - [2023-09-06T04:33:53.974+0000] {dag.py:2690} INFO - Sync 3 DAGs
[2023-09-06T04:33:54.010+0000] {logging_mixin.py:137} INFO - [2023-09-06T04:33:54.009+0000] {dag.py:3441} INFO - Setting next_dagrun for example_subdag_operator to 2022-01-01T00:00:00+00:00, run_after=2022-01-01T00:00:00+00:00
[2023-09-06T04:33:54.014+0000] {logging_mixin.py:137} INFO - [2023-09-06T04:33:54.013+0000] {dag.py:3441} INFO - Setting next_dagrun for example_subdag_operator.section-1 to None, run_after=None
[2023-09-06T04:33:54.016+0000] {logging_mixin.py:137} INFO - [2023-09-06T04:33:54.016+0000] {dag.py:3441} INFO - Setting next_dagrun for example_subdag_operator.section-2 to None, run_after=None
[2023-09-06T04:33:54.024+0000] {logging_mixin.py:137} INFO - [2023-09-06T04:33:54.024+0000] {dag.py:2690} INFO - Sync 2 DAGs
[2023-09-06T04:33:54.032+0000] {logging_mixin.py:137} INFO - [2023-09-06T04:33:54.032+0000] {dag.py:3441} INFO - Setting next_dagrun for example_subdag_operator.section-1 to None, run_after=None
[2023-09-06T04:33:54.033+0000] {logging_mixin.py:137} INFO - [2023-09-06T04:33:54.033+0000] {dag.py:3441} INFO - Setting next_dagrun for example_subdag_operator.section-2 to None, run_after=None
[2023-09-06T04:33:54.047+0000] {processor.py:175} INFO - Processing /home/airflow/.local/lib/python3.7/site-packages/airflow/example_dags/example_subdag_operator.py took 0.152 seconds
[2023-09-06T04:35:00.319+0000] {processor.py:153} INFO - Started process (PID=74) to work on /home/airflow/.local/lib/python3.7/site-packages/airflow/example_dags/example_subdag_operator.py
[2023-09-06T04:35:00.325+0000] {processor.py:743} INFO - Processing file /home/airflow/.local/lib/python3.7/site-packages/airflow/example_dags/example_subdag_operator.py for tasks to queue
[2023-09-06T04:35:00.328+0000] {logging_mixin.py:137} INFO - [2023-09-06T04:35:00.328+0000] {dagbag.py:538} INFO - Filling up the DagBag from /home/airflow/.local/lib/python3.7/site-packages/airflow/example_dags/example_subdag_operator.py
[2023-09-06T04:35:00.426+0000] {processor.py:753} INFO - DAG(s) dict_keys(['example_subdag_operator.section-1', 'example_subdag_operator.section-2', 'example_subdag_operator']) retrieved from /home/airflow/.local/lib/python3.7/site-packages/airflow/example_dags/example_subdag_operator.py
[2023-09-06T04:35:00.469+0000] {logging_mixin.py:137} INFO - [2023-09-06T04:35:00.469+0000] {dag.py:2690} INFO - Sync 3 DAGs
[2023-09-06T04:35:00.584+0000] {logging_mixin.py:137} INFO - [2023-09-06T04:35:00.583+0000] {dag.py:3441} INFO - Setting next_dagrun for example_subdag_operator to 2022-01-01T00:00:00+00:00, run_after=2022-01-01T00:00:00+00:00
[2023-09-06T04:35:00.599+0000] {logging_mixin.py:137} INFO - [2023-09-06T04:35:00.599+0000] {dag.py:3441} INFO - Setting next_dagrun for example_subdag_operator.section-1 to None, run_after=None
[2023-09-06T04:35:00.603+0000] {logging_mixin.py:137} INFO - [2023-09-06T04:35:00.603+0000] {dag.py:3441} INFO - Setting next_dagrun for example_subdag_operator.section-2 to None, run_after=None
[2023-09-06T04:35:00.645+0000] {logging_mixin.py:137} INFO - [2023-09-06T04:35:00.645+0000] {dag.py:2690} INFO - Sync 2 DAGs
[2023-09-06T04:35:00.665+0000] {logging_mixin.py:137} INFO - [2023-09-06T04:35:00.665+0000] {dag.py:3441} INFO - Setting next_dagrun for example_subdag_operator.section-1 to None, run_after=None
[2023-09-06T04:35:00.667+0000] {logging_mixin.py:137} INFO - [2023-09-06T04:35:00.667+0000] {dag.py:3441} INFO - Setting next_dagrun for example_subdag_operator.section-2 to None, run_after=None
[2023-09-06T04:35:00.687+0000] {processor.py:175} INFO - Processing /home/airflow/.local/lib/python3.7/site-packages/airflow/example_dags/example_subdag_operator.py took 0.374 seconds
[2023-09-06T04:35:32.086+0000] {processor.py:153} INFO - Started process (PID=142) to work on /home/airflow/.local/lib/python3.7/site-packages/airflow/example_dags/example_subdag_operator.py
[2023-09-06T04:35:32.088+0000] {processor.py:743} INFO - Processing file /home/airflow/.local/lib/python3.7/site-packages/airflow/example_dags/example_subdag_operator.py for tasks to queue
[2023-09-06T04:35:32.094+0000] {logging_mixin.py:137} INFO - [2023-09-06T04:35:32.094+0000] {dagbag.py:538} INFO - Filling up the DagBag from /home/airflow/.local/lib/python3.7/site-packages/airflow/example_dags/example_subdag_operator.py
[2023-09-06T04:35:32.243+0000] {processor.py:753} INFO - DAG(s) dict_keys(['example_subdag_operator.section-1', 'example_subdag_operator.section-2', 'example_subdag_operator']) retrieved from /home/airflow/.local/lib/python3.7/site-packages/airflow/example_dags/example_subdag_operator.py
[2023-09-06T04:35:32.287+0000] {logging_mixin.py:137} INFO - [2023-09-06T04:35:32.287+0000] {dag.py:2690} INFO - Sync 3 DAGs
[2023-09-06T04:35:32.442+0000] {logging_mixin.py:137} INFO - [2023-09-06T04:35:32.441+0000] {dag.py:3441} INFO - Setting next_dagrun for example_subdag_operator to 2022-01-01T00:00:00+00:00, run_after=2022-01-01T00:00:00+00:00
[2023-09-06T04:35:32.487+0000] {logging_mixin.py:137} INFO - [2023-09-06T04:35:32.487+0000] {dag.py:3441} INFO - Setting next_dagrun for example_subdag_operator.section-1 to None, run_after=None
[2023-09-06T04:35:32.489+0000] {logging_mixin.py:137} INFO - [2023-09-06T04:35:32.489+0000] {dag.py:3441} INFO - Setting next_dagrun for example_subdag_operator.section-2 to None, run_after=None
[2023-09-06T04:35:32.555+0000] {logging_mixin.py:137} INFO - [2023-09-06T04:35:32.555+0000] {dag.py:2690} INFO - Sync 2 DAGs
[2023-09-06T04:35:32.604+0000] {logging_mixin.py:137} INFO - [2023-09-06T04:35:32.604+0000] {dag.py:3441} INFO - Setting next_dagrun for example_subdag_operator.section-1 to None, run_after=None
[2023-09-06T04:35:32.605+0000] {logging_mixin.py:137} INFO - [2023-09-06T04:35:32.604+0000] {dag.py:3441} INFO - Setting next_dagrun for example_subdag_operator.section-2 to None, run_after=None
[2023-09-06T04:35:32.672+0000] {processor.py:175} INFO - Processing /home/airflow/.local/lib/python3.7/site-packages/airflow/example_dags/example_subdag_operator.py took 0.589 seconds
[2023-09-06T04:36:03.583+0000] {processor.py:153} INFO - Started process (PID=203) to work on /home/airflow/.local/lib/python3.7/site-packages/airflow/example_dags/example_subdag_operator.py
[2023-09-06T04:36:03.585+0000] {processor.py:743} INFO - Processing file /home/airflow/.local/lib/python3.7/site-packages/airflow/example_dags/example_subdag_operator.py for tasks to queue
[2023-09-06T04:36:03.587+0000] {logging_mixin.py:137} INFO - [2023-09-06T04:36:03.586+0000] {dagbag.py:538} INFO - Filling up the DagBag from /home/airflow/.local/lib/python3.7/site-packages/airflow/example_dags/example_subdag_operator.py
[2023-09-06T04:36:03.629+0000] {processor.py:753} INFO - DAG(s) dict_keys(['example_subdag_operator.section-1', 'example_subdag_operator.section-2', 'example_subdag_operator']) retrieved from /home/airflow/.local/lib/python3.7/site-packages/airflow/example_dags/example_subdag_operator.py
[2023-09-06T04:36:03.660+0000] {logging_mixin.py:137} INFO - [2023-09-06T04:36:03.659+0000] {dag.py:2690} INFO - Sync 3 DAGs
[2023-09-06T04:36:03.707+0000] {logging_mixin.py:137} INFO - [2023-09-06T04:36:03.707+0000] {dag.py:3441} INFO - Setting next_dagrun for example_subdag_operator to 2022-01-01T00:00:00+00:00, run_after=2022-01-01T00:00:00+00:00
[2023-09-06T04:36:03.713+0000] {logging_mixin.py:137} INFO - [2023-09-06T04:36:03.713+0000] {dag.py:3441} INFO - Setting next_dagrun for example_subdag_operator.section-1 to None, run_after=None
[2023-09-06T04:36:03.718+0000] {logging_mixin.py:137} INFO - [2023-09-06T04:36:03.717+0000] {dag.py:3441} INFO - Setting next_dagrun for example_subdag_operator.section-2 to None, run_after=None
[2023-09-06T04:36:03.732+0000] {logging_mixin.py:137} INFO - [2023-09-06T04:36:03.732+0000] {dag.py:2690} INFO - Sync 2 DAGs
[2023-09-06T04:36:03.742+0000] {logging_mixin.py:137} INFO - [2023-09-06T04:36:03.742+0000] {dag.py:3441} INFO - Setting next_dagrun for example_subdag_operator.section-1 to None, run_after=None
[2023-09-06T04:36:03.743+0000] {logging_mixin.py:137} INFO - [2023-09-06T04:36:03.742+0000] {dag.py:3441} INFO - Setting next_dagrun for example_subdag_operator.section-2 to None, run_after=None
[2023-09-06T04:36:03.784+0000] {processor.py:175} INFO - Processing /home/airflow/.local/lib/python3.7/site-packages/airflow/example_dags/example_subdag_operator.py took 0.205 seconds
[2023-09-06T04:36:33.895+0000] {processor.py:153} INFO - Started process (PID=263) to work on /home/airflow/.local/lib/python3.7/site-packages/airflow/example_dags/example_subdag_operator.py
[2023-09-06T04:36:33.903+0000] {processor.py:743} INFO - Processing file /home/airflow/.local/lib/python3.7/site-packages/airflow/example_dags/example_subdag_operator.py for tasks to queue
[2023-09-06T04:36:33.905+0000] {logging_mixin.py:137} INFO - [2023-09-06T04:36:33.905+0000] {dagbag.py:538} INFO - Filling up the DagBag from /home/airflow/.local/lib/python3.7/site-packages/airflow/example_dags/example_subdag_operator.py
[2023-09-06T04:36:34.005+0000] {processor.py:753} INFO - DAG(s) dict_keys(['example_subdag_operator.section-1', 'example_subdag_operator.section-2', 'example_subdag_operator']) retrieved from /home/airflow/.local/lib/python3.7/site-packages/airflow/example_dags/example_subdag_operator.py
[2023-09-06T04:36:34.074+0000] {logging_mixin.py:137} INFO - [2023-09-06T04:36:34.074+0000] {dag.py:2690} INFO - Sync 3 DAGs
[2023-09-06T04:36:34.178+0000] {logging_mixin.py:137} INFO - [2023-09-06T04:36:34.178+0000] {dag.py:3441} INFO - Setting next_dagrun for example_subdag_operator to 2022-01-01T00:00:00+00:00, run_after=2022-01-01T00:00:00+00:00
[2023-09-06T04:36:34.192+0000] {logging_mixin.py:137} INFO - [2023-09-06T04:36:34.192+0000] {dag.py:3441} INFO - Setting next_dagrun for example_subdag_operator.section-1 to None, run_after=None
[2023-09-06T04:36:34.208+0000] {logging_mixin.py:137} INFO - [2023-09-06T04:36:34.208+0000] {dag.py:3441} INFO - Setting next_dagrun for example_subdag_operator.section-2 to None, run_after=None
[2023-09-06T04:36:34.249+0000] {logging_mixin.py:137} INFO - [2023-09-06T04:36:34.249+0000] {dag.py:2690} INFO - Sync 2 DAGs
[2023-09-06T04:36:34.290+0000] {logging_mixin.py:137} INFO - [2023-09-06T04:36:34.290+0000] {dag.py:3441} INFO - Setting next_dagrun for example_subdag_operator.section-1 to None, run_after=None
[2023-09-06T04:36:34.291+0000] {logging_mixin.py:137} INFO - [2023-09-06T04:36:34.291+0000] {dag.py:3441} INFO - Setting next_dagrun for example_subdag_operator.section-2 to None, run_after=None
[2023-09-06T04:36:34.319+0000] {processor.py:175} INFO - Processing /home/airflow/.local/lib/python3.7/site-packages/airflow/example_dags/example_subdag_operator.py took 0.430 seconds
[2023-09-06T04:37:04.565+0000] {processor.py:153} INFO - Started process (PID=323) to work on /home/airflow/.local/lib/python3.7/site-packages/airflow/example_dags/example_subdag_operator.py
[2023-09-06T04:37:04.572+0000] {processor.py:743} INFO - Processing file /home/airflow/.local/lib/python3.7/site-packages/airflow/example_dags/example_subdag_operator.py for tasks to queue
[2023-09-06T04:37:04.577+0000] {logging_mixin.py:137} INFO - [2023-09-06T04:37:04.577+0000] {dagbag.py:538} INFO - Filling up the DagBag from /home/airflow/.local/lib/python3.7/site-packages/airflow/example_dags/example_subdag_operator.py
[2023-09-06T04:37:04.679+0000] {processor.py:753} INFO - DAG(s) dict_keys(['example_subdag_operator.section-1', 'example_subdag_operator.section-2', 'example_subdag_operator']) retrieved from /home/airflow/.local/lib/python3.7/site-packages/airflow/example_dags/example_subdag_operator.py
[2023-09-06T04:37:04.710+0000] {logging_mixin.py:137} INFO - [2023-09-06T04:37:04.710+0000] {dag.py:2690} INFO - Sync 3 DAGs
[2023-09-06T04:37:04.755+0000] {logging_mixin.py:137} INFO - [2023-09-06T04:37:04.755+0000] {dag.py:3441} INFO - Setting next_dagrun for example_subdag_operator to 2022-01-01T00:00:00+00:00, run_after=2022-01-01T00:00:00+00:00
[2023-09-06T04:37:04.761+0000] {logging_mixin.py:137} INFO - [2023-09-06T04:37:04.761+0000] {dag.py:3441} INFO - Setting next_dagrun for example_subdag_operator.section-1 to None, run_after=None
[2023-09-06T04:37:04.763+0000] {logging_mixin.py:137} INFO - [2023-09-06T04:37:04.762+0000] {dag.py:3441} INFO - Setting next_dagrun for example_subdag_operator.section-2 to None, run_after=None
[2023-09-06T04:37:04.796+0000] {logging_mixin.py:137} INFO - [2023-09-06T04:37:04.795+0000] {dag.py:2690} INFO - Sync 2 DAGs
[2023-09-06T04:37:04.804+0000] {logging_mixin.py:137} INFO - [2023-09-06T04:37:04.804+0000] {dag.py:3441} INFO - Setting next_dagrun for example_subdag_operator.section-1 to None, run_after=None
[2023-09-06T04:37:04.810+0000] {logging_mixin.py:137} INFO - [2023-09-06T04:37:04.809+0000] {dag.py:3441} INFO - Setting next_dagrun for example_subdag_operator.section-2 to None, run_after=None
[2023-09-06T04:37:04.826+0000] {processor.py:175} INFO - Processing /home/airflow/.local/lib/python3.7/site-packages/airflow/example_dags/example_subdag_operator.py took 0.289 seconds
[2023-09-06T04:37:35.393+0000] {processor.py:153} INFO - Started process (PID=392) to work on /home/airflow/.local/lib/python3.7/site-packages/airflow/example_dags/example_subdag_operator.py
[2023-09-06T04:37:35.396+0000] {processor.py:743} INFO - Processing file /home/airflow/.local/lib/python3.7/site-packages/airflow/example_dags/example_subdag_operator.py for tasks to queue
[2023-09-06T04:37:35.399+0000] {logging_mixin.py:137} INFO - [2023-09-06T04:37:35.399+0000] {dagbag.py:538} INFO - Filling up the DagBag from /home/airflow/.local/lib/python3.7/site-packages/airflow/example_dags/example_subdag_operator.py
[2023-09-06T04:37:35.478+0000] {processor.py:753} INFO - DAG(s) dict_keys(['example_subdag_operator.section-1', 'example_subdag_operator.section-2', 'example_subdag_operator']) retrieved from /home/airflow/.local/lib/python3.7/site-packages/airflow/example_dags/example_subdag_operator.py
[2023-09-06T04:37:35.517+0000] {logging_mixin.py:137} INFO - [2023-09-06T04:37:35.517+0000] {dag.py:2690} INFO - Sync 3 DAGs
[2023-09-06T04:37:35.574+0000] {logging_mixin.py:137} INFO - [2023-09-06T04:37:35.574+0000] {dag.py:3441} INFO - Setting next_dagrun for example_subdag_operator to 2022-01-01T00:00:00+00:00, run_after=2022-01-01T00:00:00+00:00
[2023-09-06T04:37:35.580+0000] {logging_mixin.py:137} INFO - [2023-09-06T04:37:35.579+0000] {dag.py:3441} INFO - Setting next_dagrun for example_subdag_operator.section-1 to None, run_after=None
[2023-09-06T04:37:35.585+0000] {logging_mixin.py:137} INFO - [2023-09-06T04:37:35.584+0000] {dag.py:3441} INFO - Setting next_dagrun for example_subdag_operator.section-2 to None, run_after=None
[2023-09-06T04:37:35.610+0000] {logging_mixin.py:137} INFO - [2023-09-06T04:37:35.610+0000] {dag.py:2690} INFO - Sync 2 DAGs
[2023-09-06T04:37:35.629+0000] {logging_mixin.py:137} INFO - [2023-09-06T04:37:35.629+0000] {dag.py:3441} INFO - Setting next_dagrun for example_subdag_operator.section-1 to None, run_after=None
[2023-09-06T04:37:35.630+0000] {logging_mixin.py:137} INFO - [2023-09-06T04:37:35.630+0000] {dag.py:3441} INFO - Setting next_dagrun for example_subdag_operator.section-2 to None, run_after=None
[2023-09-06T04:37:35.665+0000] {processor.py:175} INFO - Processing /home/airflow/.local/lib/python3.7/site-packages/airflow/example_dags/example_subdag_operator.py took 0.276 seconds
[2023-09-06T04:38:05.974+0000] {processor.py:153} INFO - Started process (PID=450) to work on /home/airflow/.local/lib/python3.7/site-packages/airflow/example_dags/example_subdag_operator.py
[2023-09-06T04:38:05.985+0000] {processor.py:743} INFO - Processing file /home/airflow/.local/lib/python3.7/site-packages/airflow/example_dags/example_subdag_operator.py for tasks to queue
[2023-09-06T04:38:05.991+0000] {logging_mixin.py:137} INFO - [2023-09-06T04:38:05.991+0000] {dagbag.py:538} INFO - Filling up the DagBag from /home/airflow/.local/lib/python3.7/site-packages/airflow/example_dags/example_subdag_operator.py
[2023-09-06T04:38:06.096+0000] {processor.py:753} INFO - DAG(s) dict_keys(['example_subdag_operator.section-1', 'example_subdag_operator.section-2', 'example_subdag_operator']) retrieved from /home/airflow/.local/lib/python3.7/site-packages/airflow/example_dags/example_subdag_operator.py
[2023-09-06T04:38:06.156+0000] {logging_mixin.py:137} INFO - [2023-09-06T04:38:06.156+0000] {dag.py:2690} INFO - Sync 3 DAGs
[2023-09-06T04:38:06.254+0000] {logging_mixin.py:137} INFO - [2023-09-06T04:38:06.253+0000] {dag.py:3441} INFO - Setting next_dagrun for example_subdag_operator to 2022-01-01T00:00:00+00:00, run_after=2022-01-01T00:00:00+00:00
[2023-09-06T04:38:06.273+0000] {logging_mixin.py:137} INFO - [2023-09-06T04:38:06.272+0000] {dag.py:3441} INFO - Setting next_dagrun for example_subdag_operator.section-1 to None, run_after=None
[2023-09-06T04:38:06.275+0000] {logging_mixin.py:137} INFO - [2023-09-06T04:38:06.275+0000] {dag.py:3441} INFO - Setting next_dagrun for example_subdag_operator.section-2 to None, run_after=None
[2023-09-06T04:38:06.300+0000] {logging_mixin.py:137} INFO - [2023-09-06T04:38:06.299+0000] {dag.py:2690} INFO - Sync 2 DAGs
[2023-09-06T04:38:06.337+0000] {logging_mixin.py:137} INFO - [2023-09-06T04:38:06.336+0000] {dag.py:3441} INFO - Setting next_dagrun for example_subdag_operator.section-1 to None, run_after=None
[2023-09-06T04:38:06.339+0000] {logging_mixin.py:137} INFO - [2023-09-06T04:38:06.338+0000] {dag.py:3441} INFO - Setting next_dagrun for example_subdag_operator.section-2 to None, run_after=None
[2023-09-06T04:38:06.366+0000] {processor.py:175} INFO - Processing /home/airflow/.local/lib/python3.7/site-packages/airflow/example_dags/example_subdag_operator.py took 0.403 seconds
[2023-09-06T04:38:38.500+0000] {processor.py:153} INFO - Started process (PID=509) to work on /home/airflow/.local/lib/python3.7/site-packages/airflow/example_dags/example_subdag_operator.py
[2023-09-06T04:38:38.514+0000] {processor.py:743} INFO - Processing file /home/airflow/.local/lib/python3.7/site-packages/airflow/example_dags/example_subdag_operator.py for tasks to queue
[2023-09-06T04:38:38.516+0000] {logging_mixin.py:137} INFO - [2023-09-06T04:38:38.516+0000] {dagbag.py:538} INFO - Filling up the DagBag from /home/airflow/.local/lib/python3.7/site-packages/airflow/example_dags/example_subdag_operator.py
[2023-09-06T04:38:38.725+0000] {processor.py:753} INFO - DAG(s) dict_keys(['example_subdag_operator.section-1', 'example_subdag_operator.section-2', 'example_subdag_operator']) retrieved from /home/airflow/.local/lib/python3.7/site-packages/airflow/example_dags/example_subdag_operator.py
[2023-09-06T04:38:38.835+0000] {logging_mixin.py:137} INFO - [2023-09-06T04:38:38.835+0000] {dag.py:2690} INFO - Sync 3 DAGs
[2023-09-06T04:38:38.985+0000] {logging_mixin.py:137} INFO - [2023-09-06T04:38:38.985+0000] {dag.py:3441} INFO - Setting next_dagrun for example_subdag_operator to 2022-01-01T00:00:00+00:00, run_after=2022-01-01T00:00:00+00:00
[2023-09-06T04:38:39.015+0000] {logging_mixin.py:137} INFO - [2023-09-06T04:38:39.015+0000] {dag.py:3441} INFO - Setting next_dagrun for example_subdag_operator.section-1 to None, run_after=None
[2023-09-06T04:38:39.018+0000] {logging_mixin.py:137} INFO - [2023-09-06T04:38:39.018+0000] {dag.py:3441} INFO - Setting next_dagrun for example_subdag_operator.section-2 to None, run_after=None
[2023-09-06T04:38:39.046+0000] {logging_mixin.py:137} INFO - [2023-09-06T04:38:39.045+0000] {dag.py:2690} INFO - Sync 2 DAGs
[2023-09-06T04:38:39.066+0000] {logging_mixin.py:137} INFO - [2023-09-06T04:38:39.064+0000] {dag.py:3441} INFO - Setting next_dagrun for example_subdag_operator.section-1 to None, run_after=None
[2023-09-06T04:38:39.078+0000] {logging_mixin.py:137} INFO - [2023-09-06T04:38:39.078+0000] {dag.py:3441} INFO - Setting next_dagrun for example_subdag_operator.section-2 to None, run_after=None
[2023-09-06T04:38:39.130+0000] {processor.py:175} INFO - Processing /home/airflow/.local/lib/python3.7/site-packages/airflow/example_dags/example_subdag_operator.py took 0.659 seconds
[2023-09-06T04:39:09.406+0000] {processor.py:153} INFO - Started process (PID=577) to work on /home/airflow/.local/lib/python3.7/site-packages/airflow/example_dags/example_subdag_operator.py
[2023-09-06T04:39:09.408+0000] {processor.py:743} INFO - Processing file /home/airflow/.local/lib/python3.7/site-packages/airflow/example_dags/example_subdag_operator.py for tasks to queue
[2023-09-06T04:39:09.412+0000] {logging_mixin.py:137} INFO - [2023-09-06T04:39:09.412+0000] {dagbag.py:538} INFO - Filling up the DagBag from /home/airflow/.local/lib/python3.7/site-packages/airflow/example_dags/example_subdag_operator.py
[2023-09-06T04:39:09.451+0000] {processor.py:753} INFO - DAG(s) dict_keys(['example_subdag_operator.section-1', 'example_subdag_operator.section-2', 'example_subdag_operator']) retrieved from /home/airflow/.local/lib/python3.7/site-packages/airflow/example_dags/example_subdag_operator.py
[2023-09-06T04:39:09.477+0000] {logging_mixin.py:137} INFO - [2023-09-06T04:39:09.477+0000] {dag.py:2690} INFO - Sync 3 DAGs
[2023-09-06T04:39:09.537+0000] {logging_mixin.py:137} INFO - [2023-09-06T04:39:09.537+0000] {dag.py:3441} INFO - Setting next_dagrun for example_subdag_operator to 2022-01-01T00:00:00+00:00, run_after=2022-01-01T00:00:00+00:00
[2023-09-06T04:39:09.541+0000] {logging_mixin.py:137} INFO - [2023-09-06T04:39:09.541+0000] {dag.py:3441} INFO - Setting next_dagrun for example_subdag_operator.section-1 to None, run_after=None
[2023-09-06T04:39:09.543+0000] {logging_mixin.py:137} INFO - [2023-09-06T04:39:09.543+0000] {dag.py:3441} INFO - Setting next_dagrun for example_subdag_operator.section-2 to None, run_after=None
[2023-09-06T04:39:09.552+0000] {logging_mixin.py:137} INFO - [2023-09-06T04:39:09.552+0000] {dag.py:2690} INFO - Sync 2 DAGs
[2023-09-06T04:39:09.557+0000] {logging_mixin.py:137} INFO - [2023-09-06T04:39:09.557+0000] {dag.py:3441} INFO - Setting next_dagrun for example_subdag_operator.section-1 to None, run_after=None
[2023-09-06T04:39:09.558+0000] {logging_mixin.py:137} INFO - [2023-09-06T04:39:09.558+0000] {dag.py:3441} INFO - Setting next_dagrun for example_subdag_operator.section-2 to None, run_after=None
[2023-09-06T04:39:09.571+0000] {processor.py:175} INFO - Processing /home/airflow/.local/lib/python3.7/site-packages/airflow/example_dags/example_subdag_operator.py took 0.169 seconds
[2023-09-06T04:39:40.084+0000] {processor.py:153} INFO - Started process (PID=638) to work on /home/airflow/.local/lib/python3.7/site-packages/airflow/example_dags/example_subdag_operator.py
[2023-09-06T04:39:40.085+0000] {processor.py:743} INFO - Processing file /home/airflow/.local/lib/python3.7/site-packages/airflow/example_dags/example_subdag_operator.py for tasks to queue
[2023-09-06T04:39:40.086+0000] {logging_mixin.py:137} INFO - [2023-09-06T04:39:40.086+0000] {dagbag.py:538} INFO - Filling up the DagBag from /home/airflow/.local/lib/python3.7/site-packages/airflow/example_dags/example_subdag_operator.py
[2023-09-06T04:39:40.125+0000] {processor.py:753} INFO - DAG(s) dict_keys(['example_subdag_operator.section-1', 'example_subdag_operator.section-2', 'example_subdag_operator']) retrieved from /home/airflow/.local/lib/python3.7/site-packages/airflow/example_dags/example_subdag_operator.py
[2023-09-06T04:39:40.145+0000] {logging_mixin.py:137} INFO - [2023-09-06T04:39:40.145+0000] {dag.py:2690} INFO - Sync 3 DAGs
[2023-09-06T04:39:40.171+0000] {logging_mixin.py:137} INFO - [2023-09-06T04:39:40.171+0000] {dag.py:3441} INFO - Setting next_dagrun for example_subdag_operator to 2022-01-01T00:00:00+00:00, run_after=2022-01-01T00:00:00+00:00
[2023-09-06T04:39:40.175+0000] {logging_mixin.py:137} INFO - [2023-09-06T04:39:40.175+0000] {dag.py:3441} INFO - Setting next_dagrun for example_subdag_operator.section-1 to None, run_after=None
[2023-09-06T04:39:40.176+0000] {logging_mixin.py:137} INFO - [2023-09-06T04:39:40.176+0000] {dag.py:3441} INFO - Setting next_dagrun for example_subdag_operator.section-2 to None, run_after=None
[2023-09-06T04:39:40.184+0000] {logging_mixin.py:137} INFO - [2023-09-06T04:39:40.184+0000] {dag.py:2690} INFO - Sync 2 DAGs
[2023-09-06T04:39:40.190+0000] {logging_mixin.py:137} INFO - [2023-09-06T04:39:40.190+0000] {dag.py:3441} INFO - Setting next_dagrun for example_subdag_operator.section-1 to None, run_after=None
[2023-09-06T04:39:40.190+0000] {logging_mixin.py:137} INFO - [2023-09-06T04:39:40.190+0000] {dag.py:3441} INFO - Setting next_dagrun for example_subdag_operator.section-2 to None, run_after=None
[2023-09-06T04:39:40.202+0000] {processor.py:175} INFO - Processing /home/airflow/.local/lib/python3.7/site-packages/airflow/example_dags/example_subdag_operator.py took 0.121 seconds
[2023-09-06T04:40:10.669+0000] {processor.py:153} INFO - Started process (PID=697) to work on /home/airflow/.local/lib/python3.7/site-packages/airflow/example_dags/example_subdag_operator.py
[2023-09-06T04:40:10.678+0000] {processor.py:743} INFO - Processing file /home/airflow/.local/lib/python3.7/site-packages/airflow/example_dags/example_subdag_operator.py for tasks to queue
[2023-09-06T04:40:10.679+0000] {logging_mixin.py:137} INFO - [2023-09-06T04:40:10.679+0000] {dagbag.py:538} INFO - Filling up the DagBag from /home/airflow/.local/lib/python3.7/site-packages/airflow/example_dags/example_subdag_operator.py
[2023-09-06T04:40:10.750+0000] {processor.py:753} INFO - DAG(s) dict_keys(['example_subdag_operator.section-1', 'example_subdag_operator.section-2', 'example_subdag_operator']) retrieved from /home/airflow/.local/lib/python3.7/site-packages/airflow/example_dags/example_subdag_operator.py
[2023-09-06T04:40:10.798+0000] {logging_mixin.py:137} INFO - [2023-09-06T04:40:10.797+0000] {dag.py:2690} INFO - Sync 3 DAGs
[2023-09-06T04:40:10.905+0000] {logging_mixin.py:137} INFO - [2023-09-06T04:40:10.904+0000] {dag.py:3441} INFO - Setting next_dagrun for example_subdag_operator to 2022-01-01T00:00:00+00:00, run_after=2022-01-01T00:00:00+00:00
[2023-09-06T04:40:10.915+0000] {logging_mixin.py:137} INFO - [2023-09-06T04:40:10.914+0000] {dag.py:3441} INFO - Setting next_dagrun for example_subdag_operator.section-1 to None, run_after=None
[2023-09-06T04:40:10.918+0000] {logging_mixin.py:137} INFO - [2023-09-06T04:40:10.918+0000] {dag.py:3441} INFO - Setting next_dagrun for example_subdag_operator.section-2 to None, run_after=None
[2023-09-06T04:40:10.952+0000] {logging_mixin.py:137} INFO - [2023-09-06T04:40:10.952+0000] {dag.py:2690} INFO - Sync 2 DAGs
[2023-09-06T04:40:10.963+0000] {logging_mixin.py:137} INFO - [2023-09-06T04:40:10.963+0000] {dag.py:3441} INFO - Setting next_dagrun for example_subdag_operator.section-1 to None, run_after=None
[2023-09-06T04:40:10.964+0000] {logging_mixin.py:137} INFO - [2023-09-06T04:40:10.964+0000] {dag.py:3441} INFO - Setting next_dagrun for example_subdag_operator.section-2 to None, run_after=None
[2023-09-06T04:40:10.994+0000] {processor.py:175} INFO - Processing /home/airflow/.local/lib/python3.7/site-packages/airflow/example_dags/example_subdag_operator.py took 0.329 seconds
[2023-09-06T04:40:41.558+0000] {processor.py:153} INFO - Started process (PID=765) to work on /home/airflow/.local/lib/python3.7/site-packages/airflow/example_dags/example_subdag_operator.py
[2023-09-06T04:40:41.566+0000] {processor.py:743} INFO - Processing file /home/airflow/.local/lib/python3.7/site-packages/airflow/example_dags/example_subdag_operator.py for tasks to queue
[2023-09-06T04:40:41.568+0000] {logging_mixin.py:137} INFO - [2023-09-06T04:40:41.567+0000] {dagbag.py:538} INFO - Filling up the DagBag from /home/airflow/.local/lib/python3.7/site-packages/airflow/example_dags/example_subdag_operator.py
[2023-09-06T04:40:41.619+0000] {processor.py:753} INFO - DAG(s) dict_keys(['example_subdag_operator.section-1', 'example_subdag_operator.section-2', 'example_subdag_operator']) retrieved from /home/airflow/.local/lib/python3.7/site-packages/airflow/example_dags/example_subdag_operator.py
[2023-09-06T04:40:41.657+0000] {logging_mixin.py:137} INFO - [2023-09-06T04:40:41.656+0000] {dag.py:2690} INFO - Sync 3 DAGs
[2023-09-06T04:40:41.805+0000] {logging_mixin.py:137} INFO - [2023-09-06T04:40:41.805+0000] {dag.py:3441} INFO - Setting next_dagrun for example_subdag_operator to 2022-01-01T00:00:00+00:00, run_after=2022-01-01T00:00:00+00:00
[2023-09-06T04:40:41.825+0000] {logging_mixin.py:137} INFO - [2023-09-06T04:40:41.825+0000] {dag.py:3441} INFO - Setting next_dagrun for example_subdag_operator.section-1 to None, run_after=None
[2023-09-06T04:40:41.827+0000] {logging_mixin.py:137} INFO - [2023-09-06T04:40:41.827+0000] {dag.py:3441} INFO - Setting next_dagrun for example_subdag_operator.section-2 to None, run_after=None
[2023-09-06T04:40:41.860+0000] {logging_mixin.py:137} INFO - [2023-09-06T04:40:41.859+0000] {dag.py:2690} INFO - Sync 2 DAGs
[2023-09-06T04:40:41.888+0000] {logging_mixin.py:137} INFO - [2023-09-06T04:40:41.888+0000] {dag.py:3441} INFO - Setting next_dagrun for example_subdag_operator.section-1 to None, run_after=None
[2023-09-06T04:40:41.890+0000] {logging_mixin.py:137} INFO - [2023-09-06T04:40:41.889+0000] {dag.py:3441} INFO - Setting next_dagrun for example_subdag_operator.section-2 to None, run_after=None
[2023-09-06T04:40:41.993+0000] {processor.py:175} INFO - Processing /home/airflow/.local/lib/python3.7/site-packages/airflow/example_dags/example_subdag_operator.py took 0.440 seconds
[2023-09-06T04:41:12.468+0000] {processor.py:153} INFO - Started process (PID=826) to work on /home/airflow/.local/lib/python3.7/site-packages/airflow/example_dags/example_subdag_operator.py
[2023-09-06T04:41:12.469+0000] {processor.py:743} INFO - Processing file /home/airflow/.local/lib/python3.7/site-packages/airflow/example_dags/example_subdag_operator.py for tasks to queue
[2023-09-06T04:41:12.471+0000] {logging_mixin.py:137} INFO - [2023-09-06T04:41:12.470+0000] {dagbag.py:538} INFO - Filling up the DagBag from /home/airflow/.local/lib/python3.7/site-packages/airflow/example_dags/example_subdag_operator.py
[2023-09-06T04:41:12.504+0000] {processor.py:753} INFO - DAG(s) dict_keys(['example_subdag_operator.section-1', 'example_subdag_operator.section-2', 'example_subdag_operator']) retrieved from /home/airflow/.local/lib/python3.7/site-packages/airflow/example_dags/example_subdag_operator.py
[2023-09-06T04:41:12.525+0000] {logging_mixin.py:137} INFO - [2023-09-06T04:41:12.525+0000] {dag.py:2690} INFO - Sync 3 DAGs
[2023-09-06T04:41:12.551+0000] {logging_mixin.py:137} INFO - [2023-09-06T04:41:12.550+0000] {dag.py:3441} INFO - Setting next_dagrun for example_subdag_operator to 2022-01-01T00:00:00+00:00, run_after=2022-01-01T00:00:00+00:00
[2023-09-06T04:41:12.554+0000] {logging_mixin.py:137} INFO - [2023-09-06T04:41:12.554+0000] {dag.py:3441} INFO - Setting next_dagrun for example_subdag_operator.section-1 to None, run_after=None
[2023-09-06T04:41:12.556+0000] {logging_mixin.py:137} INFO - [2023-09-06T04:41:12.555+0000] {dag.py:3441} INFO - Setting next_dagrun for example_subdag_operator.section-2 to None, run_after=None
[2023-09-06T04:41:12.564+0000] {logging_mixin.py:137} INFO - [2023-09-06T04:41:12.563+0000] {dag.py:2690} INFO - Sync 2 DAGs
[2023-09-06T04:41:12.569+0000] {logging_mixin.py:137} INFO - [2023-09-06T04:41:12.569+0000] {dag.py:3441} INFO - Setting next_dagrun for example_subdag_operator.section-1 to None, run_after=None
[2023-09-06T04:41:12.570+0000] {logging_mixin.py:137} INFO - [2023-09-06T04:41:12.570+0000] {dag.py:3441} INFO - Setting next_dagrun for example_subdag_operator.section-2 to None, run_after=None
[2023-09-06T04:41:12.584+0000] {processor.py:175} INFO - Processing /home/airflow/.local/lib/python3.7/site-packages/airflow/example_dags/example_subdag_operator.py took 0.119 seconds
[2023-09-06T04:41:42.645+0000] {processor.py:153} INFO - Started process (PID=885) to work on /home/airflow/.local/lib/python3.7/site-packages/airflow/example_dags/example_subdag_operator.py
[2023-09-06T04:41:42.648+0000] {processor.py:743} INFO - Processing file /home/airflow/.local/lib/python3.7/site-packages/airflow/example_dags/example_subdag_operator.py for tasks to queue
[2023-09-06T04:41:42.649+0000] {logging_mixin.py:137} INFO - [2023-09-06T04:41:42.649+0000] {dagbag.py:538} INFO - Filling up the DagBag from /home/airflow/.local/lib/python3.7/site-packages/airflow/example_dags/example_subdag_operator.py
[2023-09-06T04:41:42.683+0000] {processor.py:753} INFO - DAG(s) dict_keys(['example_subdag_operator.section-1', 'example_subdag_operator.section-2', 'example_subdag_operator']) retrieved from /home/airflow/.local/lib/python3.7/site-packages/airflow/example_dags/example_subdag_operator.py
[2023-09-06T04:41:42.701+0000] {logging_mixin.py:137} INFO - [2023-09-06T04:41:42.701+0000] {dag.py:2690} INFO - Sync 3 DAGs
[2023-09-06T04:41:42.724+0000] {logging_mixin.py:137} INFO - [2023-09-06T04:41:42.723+0000] {dag.py:3441} INFO - Setting next_dagrun for example_subdag_operator to 2022-01-01T00:00:00+00:00, run_after=2022-01-01T00:00:00+00:00
[2023-09-06T04:41:42.727+0000] {logging_mixin.py:137} INFO - [2023-09-06T04:41:42.727+0000] {dag.py:3441} INFO - Setting next_dagrun for example_subdag_operator.section-1 to None, run_after=None
[2023-09-06T04:41:42.729+0000] {logging_mixin.py:137} INFO - [2023-09-06T04:41:42.728+0000] {dag.py:3441} INFO - Setting next_dagrun for example_subdag_operator.section-2 to None, run_after=None
[2023-09-06T04:41:42.736+0000] {logging_mixin.py:137} INFO - [2023-09-06T04:41:42.736+0000] {dag.py:2690} INFO - Sync 2 DAGs
[2023-09-06T04:41:42.741+0000] {logging_mixin.py:137} INFO - [2023-09-06T04:41:42.741+0000] {dag.py:3441} INFO - Setting next_dagrun for example_subdag_operator.section-1 to None, run_after=None
[2023-09-06T04:41:42.742+0000] {logging_mixin.py:137} INFO - [2023-09-06T04:41:42.742+0000] {dag.py:3441} INFO - Setting next_dagrun for example_subdag_operator.section-2 to None, run_after=None
[2023-09-06T04:41:42.753+0000] {processor.py:175} INFO - Processing /home/airflow/.local/lib/python3.7/site-packages/airflow/example_dags/example_subdag_operator.py took 0.113 seconds
[2023-09-06T04:42:13.479+0000] {processor.py:153} INFO - Started process (PID=956) to work on /home/airflow/.local/lib/python3.7/site-packages/airflow/example_dags/example_subdag_operator.py
[2023-09-06T04:42:13.485+0000] {processor.py:743} INFO - Processing file /home/airflow/.local/lib/python3.7/site-packages/airflow/example_dags/example_subdag_operator.py for tasks to queue
[2023-09-06T04:42:13.488+0000] {logging_mixin.py:137} INFO - [2023-09-06T04:42:13.487+0000] {dagbag.py:538} INFO - Filling up the DagBag from /home/airflow/.local/lib/python3.7/site-packages/airflow/example_dags/example_subdag_operator.py
[2023-09-06T04:42:13.580+0000] {processor.py:753} INFO - DAG(s) dict_keys(['example_subdag_operator.section-1', 'example_subdag_operator.section-2', 'example_subdag_operator']) retrieved from /home/airflow/.local/lib/python3.7/site-packages/airflow/example_dags/example_subdag_operator.py
[2023-09-06T04:42:13.633+0000] {logging_mixin.py:137} INFO - [2023-09-06T04:42:13.633+0000] {dag.py:2690} INFO - Sync 3 DAGs
[2023-09-06T04:42:13.691+0000] {logging_mixin.py:137} INFO - [2023-09-06T04:42:13.690+0000] {dag.py:3441} INFO - Setting next_dagrun for example_subdag_operator to 2022-01-01T00:00:00+00:00, run_after=2022-01-01T00:00:00+00:00
[2023-09-06T04:42:13.705+0000] {logging_mixin.py:137} INFO - [2023-09-06T04:42:13.705+0000] {dag.py:3441} INFO - Setting next_dagrun for example_subdag_operator.section-1 to None, run_after=None
[2023-09-06T04:42:13.707+0000] {logging_mixin.py:137} INFO - [2023-09-06T04:42:13.707+0000] {dag.py:3441} INFO - Setting next_dagrun for example_subdag_operator.section-2 to None, run_after=None
[2023-09-06T04:42:13.726+0000] {logging_mixin.py:137} INFO - [2023-09-06T04:42:13.725+0000] {dag.py:2690} INFO - Sync 2 DAGs
[2023-09-06T04:42:13.765+0000] {logging_mixin.py:137} INFO - [2023-09-06T04:42:13.764+0000] {dag.py:3441} INFO - Setting next_dagrun for example_subdag_operator.section-1 to None, run_after=None
[2023-09-06T04:42:13.770+0000] {logging_mixin.py:137} INFO - [2023-09-06T04:42:13.770+0000] {dag.py:3441} INFO - Setting next_dagrun for example_subdag_operator.section-2 to None, run_after=None
[2023-09-06T04:42:13.826+0000] {processor.py:175} INFO - Processing /home/airflow/.local/lib/python3.7/site-packages/airflow/example_dags/example_subdag_operator.py took 0.352 seconds
[2023-09-06T04:42:44.422+0000] {processor.py:153} INFO - Started process (PID=1016) to work on /home/airflow/.local/lib/python3.7/site-packages/airflow/example_dags/example_subdag_operator.py
[2023-09-06T04:42:44.428+0000] {processor.py:743} INFO - Processing file /home/airflow/.local/lib/python3.7/site-packages/airflow/example_dags/example_subdag_operator.py for tasks to queue
[2023-09-06T04:42:44.432+0000] {logging_mixin.py:137} INFO - [2023-09-06T04:42:44.432+0000] {dagbag.py:538} INFO - Filling up the DagBag from /home/airflow/.local/lib/python3.7/site-packages/airflow/example_dags/example_subdag_operator.py
[2023-09-06T04:42:44.523+0000] {processor.py:753} INFO - DAG(s) dict_keys(['example_subdag_operator.section-1', 'example_subdag_operator.section-2', 'example_subdag_operator']) retrieved from /home/airflow/.local/lib/python3.7/site-packages/airflow/example_dags/example_subdag_operator.py
[2023-09-06T04:42:44.585+0000] {logging_mixin.py:137} INFO - [2023-09-06T04:42:44.584+0000] {dag.py:2690} INFO - Sync 3 DAGs
[2023-09-06T04:42:44.657+0000] {logging_mixin.py:137} INFO - [2023-09-06T04:42:44.656+0000] {dag.py:3441} INFO - Setting next_dagrun for example_subdag_operator to 2022-01-01T00:00:00+00:00, run_after=2022-01-01T00:00:00+00:00
[2023-09-06T04:42:44.671+0000] {logging_mixin.py:137} INFO - [2023-09-06T04:42:44.671+0000] {dag.py:3441} INFO - Setting next_dagrun for example_subdag_operator.section-1 to None, run_after=None
[2023-09-06T04:42:44.673+0000] {logging_mixin.py:137} INFO - [2023-09-06T04:42:44.673+0000] {dag.py:3441} INFO - Setting next_dagrun for example_subdag_operator.section-2 to None, run_after=None
[2023-09-06T04:42:44.688+0000] {logging_mixin.py:137} INFO - [2023-09-06T04:42:44.688+0000] {dag.py:2690} INFO - Sync 2 DAGs
[2023-09-06T04:42:44.701+0000] {logging_mixin.py:137} INFO - [2023-09-06T04:42:44.701+0000] {dag.py:3441} INFO - Setting next_dagrun for example_subdag_operator.section-1 to None, run_after=None
[2023-09-06T04:42:44.707+0000] {logging_mixin.py:137} INFO - [2023-09-06T04:42:44.707+0000] {dag.py:3441} INFO - Setting next_dagrun for example_subdag_operator.section-2 to None, run_after=None
[2023-09-06T04:42:44.742+0000] {processor.py:175} INFO - Processing /home/airflow/.local/lib/python3.7/site-packages/airflow/example_dags/example_subdag_operator.py took 0.329 seconds
