[2023-09-06T04:26:23.961+0000] {processor.py:153} INFO - Started process (PID=85) to work on /home/airflow/.local/lib/python3.7/site-packages/airflow/example_dags/example_sensor_decorator.py
[2023-09-06T04:26:24.004+0000] {processor.py:743} INFO - Processing file /home/airflow/.local/lib/python3.7/site-packages/airflow/example_dags/example_sensor_decorator.py for tasks to queue
[2023-09-06T04:26:24.006+0000] {logging_mixin.py:137} INFO - [2023-09-06T04:26:24.005+0000] {dagbag.py:538} INFO - Filling up the DagBag from /home/airflow/.local/lib/python3.7/site-packages/airflow/example_dags/example_sensor_decorator.py
[2023-09-06T04:26:24.203+0000] {processor.py:753} INFO - DAG(s) dict_keys(['example_sensor_decorator']) retrieved from /home/airflow/.local/lib/python3.7/site-packages/airflow/example_dags/example_sensor_decorator.py
[2023-09-06T04:26:24.309+0000] {logging_mixin.py:137} INFO - [2023-09-06T04:26:24.308+0000] {dag.py:2690} INFO - Sync 1 DAGs
[2023-09-06T04:26:24.564+0000] {logging_mixin.py:137} INFO - [2023-09-06T04:26:24.564+0000] {dag.py:3441} INFO - Setting next_dagrun for example_sensor_decorator to None, run_after=None
[2023-09-06T04:26:24.774+0000] {processor.py:175} INFO - Processing /home/airflow/.local/lib/python3.7/site-packages/airflow/example_dags/example_sensor_decorator.py took 0.818 seconds
[2023-09-06T04:26:55.446+0000] {processor.py:153} INFO - Started process (PID=144) to work on /home/airflow/.local/lib/python3.7/site-packages/airflow/example_dags/example_sensor_decorator.py
[2023-09-06T04:26:55.465+0000] {processor.py:743} INFO - Processing file /home/airflow/.local/lib/python3.7/site-packages/airflow/example_dags/example_sensor_decorator.py for tasks to queue
[2023-09-06T04:26:55.475+0000] {logging_mixin.py:137} INFO - [2023-09-06T04:26:55.475+0000] {dagbag.py:538} INFO - Filling up the DagBag from /home/airflow/.local/lib/python3.7/site-packages/airflow/example_dags/example_sensor_decorator.py
[2023-09-06T04:26:55.552+0000] {processor.py:753} INFO - DAG(s) dict_keys(['example_sensor_decorator']) retrieved from /home/airflow/.local/lib/python3.7/site-packages/airflow/example_dags/example_sensor_decorator.py
[2023-09-06T04:26:55.674+0000] {logging_mixin.py:137} INFO - [2023-09-06T04:26:55.657+0000] {dag.py:2690} INFO - Sync 1 DAGs
[2023-09-06T04:26:55.773+0000] {logging_mixin.py:137} INFO - [2023-09-06T04:26:55.772+0000] {dag.py:3441} INFO - Setting next_dagrun for example_sensor_decorator to None, run_after=None
[2023-09-06T04:26:55.844+0000] {processor.py:175} INFO - Processing /home/airflow/.local/lib/python3.7/site-packages/airflow/example_dags/example_sensor_decorator.py took 0.403 seconds
[2023-09-06T04:27:26.277+0000] {processor.py:153} INFO - Started process (PID=204) to work on /home/airflow/.local/lib/python3.7/site-packages/airflow/example_dags/example_sensor_decorator.py
[2023-09-06T04:27:26.280+0000] {processor.py:743} INFO - Processing file /home/airflow/.local/lib/python3.7/site-packages/airflow/example_dags/example_sensor_decorator.py for tasks to queue
[2023-09-06T04:27:26.281+0000] {logging_mixin.py:137} INFO - [2023-09-06T04:27:26.281+0000] {dagbag.py:538} INFO - Filling up the DagBag from /home/airflow/.local/lib/python3.7/site-packages/airflow/example_dags/example_sensor_decorator.py
[2023-09-06T04:27:26.312+0000] {processor.py:753} INFO - DAG(s) dict_keys(['example_sensor_decorator']) retrieved from /home/airflow/.local/lib/python3.7/site-packages/airflow/example_dags/example_sensor_decorator.py
[2023-09-06T04:27:26.345+0000] {logging_mixin.py:137} INFO - [2023-09-06T04:27:26.344+0000] {dag.py:2690} INFO - Sync 1 DAGs
[2023-09-06T04:27:26.375+0000] {logging_mixin.py:137} INFO - [2023-09-06T04:27:26.375+0000] {dag.py:3441} INFO - Setting next_dagrun for example_sensor_decorator to None, run_after=None
[2023-09-06T04:27:26.399+0000] {processor.py:175} INFO - Processing /home/airflow/.local/lib/python3.7/site-packages/airflow/example_dags/example_sensor_decorator.py took 0.126 seconds
[2023-09-06T04:27:56.733+0000] {processor.py:153} INFO - Started process (PID=264) to work on /home/airflow/.local/lib/python3.7/site-packages/airflow/example_dags/example_sensor_decorator.py
[2023-09-06T04:27:56.734+0000] {processor.py:743} INFO - Processing file /home/airflow/.local/lib/python3.7/site-packages/airflow/example_dags/example_sensor_decorator.py for tasks to queue
[2023-09-06T04:27:56.736+0000] {logging_mixin.py:137} INFO - [2023-09-06T04:27:56.736+0000] {dagbag.py:538} INFO - Filling up the DagBag from /home/airflow/.local/lib/python3.7/site-packages/airflow/example_dags/example_sensor_decorator.py
[2023-09-06T04:27:56.788+0000] {processor.py:753} INFO - DAG(s) dict_keys(['example_sensor_decorator']) retrieved from /home/airflow/.local/lib/python3.7/site-packages/airflow/example_dags/example_sensor_decorator.py
[2023-09-06T04:27:56.842+0000] {logging_mixin.py:137} INFO - [2023-09-06T04:27:56.841+0000] {dag.py:2690} INFO - Sync 1 DAGs
[2023-09-06T04:27:56.877+0000] {logging_mixin.py:137} INFO - [2023-09-06T04:27:56.877+0000] {dag.py:3441} INFO - Setting next_dagrun for example_sensor_decorator to None, run_after=None
[2023-09-06T04:27:56.940+0000] {processor.py:175} INFO - Processing /home/airflow/.local/lib/python3.7/site-packages/airflow/example_dags/example_sensor_decorator.py took 0.211 seconds
[2023-09-06T04:29:11.425+0000] {processor.py:153} INFO - Started process (PID=64) to work on /home/airflow/.local/lib/python3.7/site-packages/airflow/example_dags/example_sensor_decorator.py
[2023-09-06T04:29:11.427+0000] {processor.py:743} INFO - Processing file /home/airflow/.local/lib/python3.7/site-packages/airflow/example_dags/example_sensor_decorator.py for tasks to queue
[2023-09-06T04:29:11.428+0000] {logging_mixin.py:137} INFO - [2023-09-06T04:29:11.428+0000] {dagbag.py:538} INFO - Filling up the DagBag from /home/airflow/.local/lib/python3.7/site-packages/airflow/example_dags/example_sensor_decorator.py
[2023-09-06T04:29:11.522+0000] {processor.py:753} INFO - DAG(s) dict_keys(['example_sensor_decorator']) retrieved from /home/airflow/.local/lib/python3.7/site-packages/airflow/example_dags/example_sensor_decorator.py
[2023-09-06T04:29:11.605+0000] {logging_mixin.py:137} INFO - [2023-09-06T04:29:11.604+0000] {dag.py:2690} INFO - Sync 1 DAGs
[2023-09-06T04:29:11.798+0000] {logging_mixin.py:137} INFO - [2023-09-06T04:29:11.798+0000] {dag.py:3441} INFO - Setting next_dagrun for example_sensor_decorator to None, run_after=None
[2023-09-06T04:29:11.892+0000] {processor.py:175} INFO - Processing /home/airflow/.local/lib/python3.7/site-packages/airflow/example_dags/example_sensor_decorator.py took 0.501 seconds
[2023-09-06T04:29:42.818+0000] {processor.py:153} INFO - Started process (PID=123) to work on /home/airflow/.local/lib/python3.7/site-packages/airflow/example_dags/example_sensor_decorator.py
[2023-09-06T04:29:42.820+0000] {processor.py:743} INFO - Processing file /home/airflow/.local/lib/python3.7/site-packages/airflow/example_dags/example_sensor_decorator.py for tasks to queue
[2023-09-06T04:29:42.821+0000] {logging_mixin.py:137} INFO - [2023-09-06T04:29:42.821+0000] {dagbag.py:538} INFO - Filling up the DagBag from /home/airflow/.local/lib/python3.7/site-packages/airflow/example_dags/example_sensor_decorator.py
[2023-09-06T04:29:42.850+0000] {processor.py:753} INFO - DAG(s) dict_keys(['example_sensor_decorator']) retrieved from /home/airflow/.local/lib/python3.7/site-packages/airflow/example_dags/example_sensor_decorator.py
[2023-09-06T04:29:42.880+0000] {logging_mixin.py:137} INFO - [2023-09-06T04:29:42.880+0000] {dag.py:2690} INFO - Sync 1 DAGs
[2023-09-06T04:29:42.919+0000] {logging_mixin.py:137} INFO - [2023-09-06T04:29:42.919+0000] {dag.py:3441} INFO - Setting next_dagrun for example_sensor_decorator to None, run_after=None
[2023-09-06T04:29:42.951+0000] {processor.py:175} INFO - Processing /home/airflow/.local/lib/python3.7/site-packages/airflow/example_dags/example_sensor_decorator.py took 0.137 seconds
[2023-09-06T04:30:13.764+0000] {processor.py:153} INFO - Started process (PID=182) to work on /home/airflow/.local/lib/python3.7/site-packages/airflow/example_dags/example_sensor_decorator.py
[2023-09-06T04:30:13.776+0000] {processor.py:743} INFO - Processing file /home/airflow/.local/lib/python3.7/site-packages/airflow/example_dags/example_sensor_decorator.py for tasks to queue
[2023-09-06T04:30:13.784+0000] {logging_mixin.py:137} INFO - [2023-09-06T04:30:13.783+0000] {dagbag.py:538} INFO - Filling up the DagBag from /home/airflow/.local/lib/python3.7/site-packages/airflow/example_dags/example_sensor_decorator.py
[2023-09-06T04:30:13.855+0000] {processor.py:753} INFO - DAG(s) dict_keys(['example_sensor_decorator']) retrieved from /home/airflow/.local/lib/python3.7/site-packages/airflow/example_dags/example_sensor_decorator.py
[2023-09-06T04:30:13.976+0000] {logging_mixin.py:137} INFO - [2023-09-06T04:30:13.976+0000] {dag.py:2690} INFO - Sync 1 DAGs
[2023-09-06T04:30:14.067+0000] {logging_mixin.py:137} INFO - [2023-09-06T04:30:14.067+0000] {dag.py:3441} INFO - Setting next_dagrun for example_sensor_decorator to None, run_after=None
[2023-09-06T04:30:14.177+0000] {processor.py:175} INFO - Processing /home/airflow/.local/lib/python3.7/site-packages/airflow/example_dags/example_sensor_decorator.py took 0.418 seconds
[2023-09-06T04:30:44.334+0000] {processor.py:153} INFO - Started process (PID=252) to work on /home/airflow/.local/lib/python3.7/site-packages/airflow/example_dags/example_sensor_decorator.py
[2023-09-06T04:30:44.335+0000] {processor.py:743} INFO - Processing file /home/airflow/.local/lib/python3.7/site-packages/airflow/example_dags/example_sensor_decorator.py for tasks to queue
[2023-09-06T04:30:44.337+0000] {logging_mixin.py:137} INFO - [2023-09-06T04:30:44.337+0000] {dagbag.py:538} INFO - Filling up the DagBag from /home/airflow/.local/lib/python3.7/site-packages/airflow/example_dags/example_sensor_decorator.py
[2023-09-06T04:30:44.362+0000] {processor.py:753} INFO - DAG(s) dict_keys(['example_sensor_decorator']) retrieved from /home/airflow/.local/lib/python3.7/site-packages/airflow/example_dags/example_sensor_decorator.py
[2023-09-06T04:30:44.389+0000] {logging_mixin.py:137} INFO - [2023-09-06T04:30:44.388+0000] {dag.py:2690} INFO - Sync 1 DAGs
[2023-09-06T04:30:44.416+0000] {logging_mixin.py:137} INFO - [2023-09-06T04:30:44.416+0000] {dag.py:3441} INFO - Setting next_dagrun for example_sensor_decorator to None, run_after=None
[2023-09-06T04:30:44.446+0000] {processor.py:175} INFO - Processing /home/airflow/.local/lib/python3.7/site-packages/airflow/example_dags/example_sensor_decorator.py took 0.117 seconds
[2023-09-06T04:31:14.603+0000] {processor.py:153} INFO - Started process (PID=311) to work on /home/airflow/.local/lib/python3.7/site-packages/airflow/example_dags/example_sensor_decorator.py
[2023-09-06T04:31:14.604+0000] {processor.py:743} INFO - Processing file /home/airflow/.local/lib/python3.7/site-packages/airflow/example_dags/example_sensor_decorator.py for tasks to queue
[2023-09-06T04:31:14.605+0000] {logging_mixin.py:137} INFO - [2023-09-06T04:31:14.605+0000] {dagbag.py:538} INFO - Filling up the DagBag from /home/airflow/.local/lib/python3.7/site-packages/airflow/example_dags/example_sensor_decorator.py
[2023-09-06T04:31:14.629+0000] {processor.py:753} INFO - DAG(s) dict_keys(['example_sensor_decorator']) retrieved from /home/airflow/.local/lib/python3.7/site-packages/airflow/example_dags/example_sensor_decorator.py
[2023-09-06T04:31:14.660+0000] {logging_mixin.py:137} INFO - [2023-09-06T04:31:14.660+0000] {dag.py:2690} INFO - Sync 1 DAGs
[2023-09-06T04:31:14.690+0000] {logging_mixin.py:137} INFO - [2023-09-06T04:31:14.689+0000] {dag.py:3441} INFO - Setting next_dagrun for example_sensor_decorator to None, run_after=None
[2023-09-06T04:31:14.720+0000] {processor.py:175} INFO - Processing /home/airflow/.local/lib/python3.7/site-packages/airflow/example_dags/example_sensor_decorator.py took 0.121 seconds
[2023-09-06T04:31:44.920+0000] {processor.py:153} INFO - Started process (PID=369) to work on /home/airflow/.local/lib/python3.7/site-packages/airflow/example_dags/example_sensor_decorator.py
[2023-09-06T04:31:44.931+0000] {processor.py:743} INFO - Processing file /home/airflow/.local/lib/python3.7/site-packages/airflow/example_dags/example_sensor_decorator.py for tasks to queue
[2023-09-06T04:31:44.932+0000] {logging_mixin.py:137} INFO - [2023-09-06T04:31:44.932+0000] {dagbag.py:538} INFO - Filling up the DagBag from /home/airflow/.local/lib/python3.7/site-packages/airflow/example_dags/example_sensor_decorator.py
[2023-09-06T04:31:44.981+0000] {processor.py:753} INFO - DAG(s) dict_keys(['example_sensor_decorator']) retrieved from /home/airflow/.local/lib/python3.7/site-packages/airflow/example_dags/example_sensor_decorator.py
[2023-09-06T04:31:45.055+0000] {logging_mixin.py:137} INFO - [2023-09-06T04:31:45.054+0000] {dag.py:2690} INFO - Sync 1 DAGs
[2023-09-06T04:31:45.132+0000] {logging_mixin.py:137} INFO - [2023-09-06T04:31:45.132+0000] {dag.py:3441} INFO - Setting next_dagrun for example_sensor_decorator to None, run_after=None
[2023-09-06T04:31:45.186+0000] {processor.py:175} INFO - Processing /home/airflow/.local/lib/python3.7/site-packages/airflow/example_dags/example_sensor_decorator.py took 0.270 seconds
[2023-09-06T04:32:15.596+0000] {processor.py:153} INFO - Started process (PID=439) to work on /home/airflow/.local/lib/python3.7/site-packages/airflow/example_dags/example_sensor_decorator.py
[2023-09-06T04:32:15.601+0000] {processor.py:743} INFO - Processing file /home/airflow/.local/lib/python3.7/site-packages/airflow/example_dags/example_sensor_decorator.py for tasks to queue
[2023-09-06T04:32:15.602+0000] {logging_mixin.py:137} INFO - [2023-09-06T04:32:15.602+0000] {dagbag.py:538} INFO - Filling up the DagBag from /home/airflow/.local/lib/python3.7/site-packages/airflow/example_dags/example_sensor_decorator.py
[2023-09-06T04:32:15.648+0000] {processor.py:753} INFO - DAG(s) dict_keys(['example_sensor_decorator']) retrieved from /home/airflow/.local/lib/python3.7/site-packages/airflow/example_dags/example_sensor_decorator.py
[2023-09-06T04:32:15.693+0000] {logging_mixin.py:137} INFO - [2023-09-06T04:32:15.692+0000] {dag.py:2690} INFO - Sync 1 DAGs
[2023-09-06T04:32:15.736+0000] {logging_mixin.py:137} INFO - [2023-09-06T04:32:15.735+0000] {dag.py:3441} INFO - Setting next_dagrun for example_sensor_decorator to None, run_after=None
[2023-09-06T04:32:15.811+0000] {processor.py:175} INFO - Processing /home/airflow/.local/lib/python3.7/site-packages/airflow/example_dags/example_sensor_decorator.py took 0.220 seconds
[2023-09-06T04:32:45.896+0000] {processor.py:153} INFO - Started process (PID=498) to work on /home/airflow/.local/lib/python3.7/site-packages/airflow/example_dags/example_sensor_decorator.py
[2023-09-06T04:32:45.897+0000] {processor.py:743} INFO - Processing file /home/airflow/.local/lib/python3.7/site-packages/airflow/example_dags/example_sensor_decorator.py for tasks to queue
[2023-09-06T04:32:45.898+0000] {logging_mixin.py:137} INFO - [2023-09-06T04:32:45.898+0000] {dagbag.py:538} INFO - Filling up the DagBag from /home/airflow/.local/lib/python3.7/site-packages/airflow/example_dags/example_sensor_decorator.py
[2023-09-06T04:32:45.926+0000] {processor.py:753} INFO - DAG(s) dict_keys(['example_sensor_decorator']) retrieved from /home/airflow/.local/lib/python3.7/site-packages/airflow/example_dags/example_sensor_decorator.py
[2023-09-06T04:32:45.960+0000] {logging_mixin.py:137} INFO - [2023-09-06T04:32:45.960+0000] {dag.py:2690} INFO - Sync 1 DAGs
[2023-09-06T04:32:45.987+0000] {logging_mixin.py:137} INFO - [2023-09-06T04:32:45.987+0000] {dag.py:3441} INFO - Setting next_dagrun for example_sensor_decorator to None, run_after=None
[2023-09-06T04:32:46.008+0000] {processor.py:175} INFO - Processing /home/airflow/.local/lib/python3.7/site-packages/airflow/example_dags/example_sensor_decorator.py took 0.116 seconds
[2023-09-06T04:33:17.052+0000] {processor.py:153} INFO - Started process (PID=568) to work on /home/airflow/.local/lib/python3.7/site-packages/airflow/example_dags/example_sensor_decorator.py
[2023-09-06T04:33:17.055+0000] {processor.py:743} INFO - Processing file /home/airflow/.local/lib/python3.7/site-packages/airflow/example_dags/example_sensor_decorator.py for tasks to queue
[2023-09-06T04:33:17.058+0000] {logging_mixin.py:137} INFO - [2023-09-06T04:33:17.058+0000] {dagbag.py:538} INFO - Filling up the DagBag from /home/airflow/.local/lib/python3.7/site-packages/airflow/example_dags/example_sensor_decorator.py
[2023-09-06T04:33:17.129+0000] {processor.py:753} INFO - DAG(s) dict_keys(['example_sensor_decorator']) retrieved from /home/airflow/.local/lib/python3.7/site-packages/airflow/example_dags/example_sensor_decorator.py
[2023-09-06T04:33:17.188+0000] {logging_mixin.py:137} INFO - [2023-09-06T04:33:17.187+0000] {dag.py:2690} INFO - Sync 1 DAGs
[2023-09-06T04:33:17.229+0000] {logging_mixin.py:137} INFO - [2023-09-06T04:33:17.229+0000] {dag.py:3441} INFO - Setting next_dagrun for example_sensor_decorator to None, run_after=None
[2023-09-06T04:33:17.250+0000] {processor.py:175} INFO - Processing /home/airflow/.local/lib/python3.7/site-packages/airflow/example_dags/example_sensor_decorator.py took 0.202 seconds
[2023-09-06T04:33:47.419+0000] {processor.py:153} INFO - Started process (PID=629) to work on /home/airflow/.local/lib/python3.7/site-packages/airflow/example_dags/example_sensor_decorator.py
[2023-09-06T04:33:47.421+0000] {processor.py:743} INFO - Processing file /home/airflow/.local/lib/python3.7/site-packages/airflow/example_dags/example_sensor_decorator.py for tasks to queue
[2023-09-06T04:33:47.422+0000] {logging_mixin.py:137} INFO - [2023-09-06T04:33:47.422+0000] {dagbag.py:538} INFO - Filling up the DagBag from /home/airflow/.local/lib/python3.7/site-packages/airflow/example_dags/example_sensor_decorator.py
[2023-09-06T04:33:47.448+0000] {processor.py:753} INFO - DAG(s) dict_keys(['example_sensor_decorator']) retrieved from /home/airflow/.local/lib/python3.7/site-packages/airflow/example_dags/example_sensor_decorator.py
[2023-09-06T04:33:47.476+0000] {logging_mixin.py:137} INFO - [2023-09-06T04:33:47.476+0000] {dag.py:2690} INFO - Sync 1 DAGs
[2023-09-06T04:33:47.506+0000] {logging_mixin.py:137} INFO - [2023-09-06T04:33:47.506+0000] {dag.py:3441} INFO - Setting next_dagrun for example_sensor_decorator to None, run_after=None
[2023-09-06T04:33:47.533+0000] {processor.py:175} INFO - Processing /home/airflow/.local/lib/python3.7/site-packages/airflow/example_dags/example_sensor_decorator.py took 0.117 seconds
[2023-09-06T04:34:55.386+0000] {processor.py:153} INFO - Started process (PID=53) to work on /home/airflow/.local/lib/python3.7/site-packages/airflow/example_dags/example_sensor_decorator.py
[2023-09-06T04:34:55.388+0000] {processor.py:743} INFO - Processing file /home/airflow/.local/lib/python3.7/site-packages/airflow/example_dags/example_sensor_decorator.py for tasks to queue
[2023-09-06T04:34:55.395+0000] {logging_mixin.py:137} INFO - [2023-09-06T04:34:55.395+0000] {dagbag.py:538} INFO - Filling up the DagBag from /home/airflow/.local/lib/python3.7/site-packages/airflow/example_dags/example_sensor_decorator.py
[2023-09-06T04:34:55.475+0000] {processor.py:753} INFO - DAG(s) dict_keys(['example_sensor_decorator']) retrieved from /home/airflow/.local/lib/python3.7/site-packages/airflow/example_dags/example_sensor_decorator.py
[2023-09-06T04:34:55.635+0000] {logging_mixin.py:137} INFO - [2023-09-06T04:34:55.634+0000] {dag.py:2690} INFO - Sync 1 DAGs
[2023-09-06T04:34:55.701+0000] {logging_mixin.py:137} INFO - [2023-09-06T04:34:55.701+0000] {dag.py:3441} INFO - Setting next_dagrun for example_sensor_decorator to None, run_after=None
[2023-09-06T04:34:55.745+0000] {processor.py:175} INFO - Processing /home/airflow/.local/lib/python3.7/site-packages/airflow/example_dags/example_sensor_decorator.py took 0.374 seconds
[2023-09-06T04:35:26.191+0000] {processor.py:153} INFO - Started process (PID=112) to work on /home/airflow/.local/lib/python3.7/site-packages/airflow/example_dags/example_sensor_decorator.py
[2023-09-06T04:35:26.200+0000] {processor.py:743} INFO - Processing file /home/airflow/.local/lib/python3.7/site-packages/airflow/example_dags/example_sensor_decorator.py for tasks to queue
[2023-09-06T04:35:26.201+0000] {logging_mixin.py:137} INFO - [2023-09-06T04:35:26.201+0000] {dagbag.py:538} INFO - Filling up the DagBag from /home/airflow/.local/lib/python3.7/site-packages/airflow/example_dags/example_sensor_decorator.py
[2023-09-06T04:35:26.267+0000] {processor.py:753} INFO - DAG(s) dict_keys(['example_sensor_decorator']) retrieved from /home/airflow/.local/lib/python3.7/site-packages/airflow/example_dags/example_sensor_decorator.py
[2023-09-06T04:35:26.302+0000] {logging_mixin.py:137} INFO - [2023-09-06T04:35:26.295+0000] {dag.py:2690} INFO - Sync 1 DAGs
[2023-09-06T04:35:26.330+0000] {logging_mixin.py:137} INFO - [2023-09-06T04:35:26.330+0000] {dag.py:3441} INFO - Setting next_dagrun for example_sensor_decorator to None, run_after=None
[2023-09-06T04:35:26.353+0000] {processor.py:175} INFO - Processing /home/airflow/.local/lib/python3.7/site-packages/airflow/example_dags/example_sensor_decorator.py took 0.166 seconds
[2023-09-06T04:35:57.412+0000] {processor.py:153} INFO - Started process (PID=172) to work on /home/airflow/.local/lib/python3.7/site-packages/airflow/example_dags/example_sensor_decorator.py
[2023-09-06T04:35:57.414+0000] {processor.py:743} INFO - Processing file /home/airflow/.local/lib/python3.7/site-packages/airflow/example_dags/example_sensor_decorator.py for tasks to queue
[2023-09-06T04:35:57.416+0000] {logging_mixin.py:137} INFO - [2023-09-06T04:35:57.415+0000] {dagbag.py:538} INFO - Filling up the DagBag from /home/airflow/.local/lib/python3.7/site-packages/airflow/example_dags/example_sensor_decorator.py
[2023-09-06T04:35:57.444+0000] {processor.py:753} INFO - DAG(s) dict_keys(['example_sensor_decorator']) retrieved from /home/airflow/.local/lib/python3.7/site-packages/airflow/example_dags/example_sensor_decorator.py
[2023-09-06T04:35:57.471+0000] {logging_mixin.py:137} INFO - [2023-09-06T04:35:57.471+0000] {dag.py:2690} INFO - Sync 1 DAGs
[2023-09-06T04:35:57.504+0000] {logging_mixin.py:137} INFO - [2023-09-06T04:35:57.503+0000] {dag.py:3441} INFO - Setting next_dagrun for example_sensor_decorator to None, run_after=None
[2023-09-06T04:35:57.524+0000] {processor.py:175} INFO - Processing /home/airflow/.local/lib/python3.7/site-packages/airflow/example_dags/example_sensor_decorator.py took 0.116 seconds
[2023-09-06T04:36:28.463+0000] {processor.py:153} INFO - Started process (PID=242) to work on /home/airflow/.local/lib/python3.7/site-packages/airflow/example_dags/example_sensor_decorator.py
[2023-09-06T04:36:28.467+0000] {processor.py:743} INFO - Processing file /home/airflow/.local/lib/python3.7/site-packages/airflow/example_dags/example_sensor_decorator.py for tasks to queue
[2023-09-06T04:36:28.469+0000] {logging_mixin.py:137} INFO - [2023-09-06T04:36:28.469+0000] {dagbag.py:538} INFO - Filling up the DagBag from /home/airflow/.local/lib/python3.7/site-packages/airflow/example_dags/example_sensor_decorator.py
[2023-09-06T04:36:28.568+0000] {processor.py:753} INFO - DAG(s) dict_keys(['example_sensor_decorator']) retrieved from /home/airflow/.local/lib/python3.7/site-packages/airflow/example_dags/example_sensor_decorator.py
[2023-09-06T04:36:28.613+0000] {logging_mixin.py:137} INFO - [2023-09-06T04:36:28.612+0000] {dag.py:2690} INFO - Sync 1 DAGs
[2023-09-06T04:36:28.669+0000] {logging_mixin.py:137} INFO - [2023-09-06T04:36:28.668+0000] {dag.py:3441} INFO - Setting next_dagrun for example_sensor_decorator to None, run_after=None
[2023-09-06T04:36:28.750+0000] {processor.py:175} INFO - Processing /home/airflow/.local/lib/python3.7/site-packages/airflow/example_dags/example_sensor_decorator.py took 0.300 seconds
[2023-09-06T04:36:59.587+0000] {processor.py:153} INFO - Started process (PID=301) to work on /home/airflow/.local/lib/python3.7/site-packages/airflow/example_dags/example_sensor_decorator.py
[2023-09-06T04:36:59.591+0000] {processor.py:743} INFO - Processing file /home/airflow/.local/lib/python3.7/site-packages/airflow/example_dags/example_sensor_decorator.py for tasks to queue
[2023-09-06T04:36:59.605+0000] {logging_mixin.py:137} INFO - [2023-09-06T04:36:59.605+0000] {dagbag.py:538} INFO - Filling up the DagBag from /home/airflow/.local/lib/python3.7/site-packages/airflow/example_dags/example_sensor_decorator.py
[2023-09-06T04:36:59.661+0000] {processor.py:753} INFO - DAG(s) dict_keys(['example_sensor_decorator']) retrieved from /home/airflow/.local/lib/python3.7/site-packages/airflow/example_dags/example_sensor_decorator.py
[2023-09-06T04:36:59.710+0000] {logging_mixin.py:137} INFO - [2023-09-06T04:36:59.709+0000] {dag.py:2690} INFO - Sync 1 DAGs
[2023-09-06T04:36:59.766+0000] {logging_mixin.py:137} INFO - [2023-09-06T04:36:59.766+0000] {dag.py:3441} INFO - Setting next_dagrun for example_sensor_decorator to None, run_after=None
[2023-09-06T04:36:59.854+0000] {processor.py:175} INFO - Processing /home/airflow/.local/lib/python3.7/site-packages/airflow/example_dags/example_sensor_decorator.py took 0.275 seconds
[2023-09-06T04:37:30.163+0000] {processor.py:153} INFO - Started process (PID=360) to work on /home/airflow/.local/lib/python3.7/site-packages/airflow/example_dags/example_sensor_decorator.py
[2023-09-06T04:37:30.165+0000] {processor.py:743} INFO - Processing file /home/airflow/.local/lib/python3.7/site-packages/airflow/example_dags/example_sensor_decorator.py for tasks to queue
[2023-09-06T04:37:30.167+0000] {logging_mixin.py:137} INFO - [2023-09-06T04:37:30.167+0000] {dagbag.py:538} INFO - Filling up the DagBag from /home/airflow/.local/lib/python3.7/site-packages/airflow/example_dags/example_sensor_decorator.py
[2023-09-06T04:37:30.199+0000] {processor.py:753} INFO - DAG(s) dict_keys(['example_sensor_decorator']) retrieved from /home/airflow/.local/lib/python3.7/site-packages/airflow/example_dags/example_sensor_decorator.py
[2023-09-06T04:37:30.239+0000] {logging_mixin.py:137} INFO - [2023-09-06T04:37:30.239+0000] {dag.py:2690} INFO - Sync 1 DAGs
[2023-09-06T04:37:30.279+0000] {logging_mixin.py:137} INFO - [2023-09-06T04:37:30.279+0000] {dag.py:3441} INFO - Setting next_dagrun for example_sensor_decorator to None, run_after=None
[2023-09-06T04:37:30.312+0000] {processor.py:175} INFO - Processing /home/airflow/.local/lib/python3.7/site-packages/airflow/example_dags/example_sensor_decorator.py took 0.154 seconds
[2023-09-06T04:38:00.572+0000] {processor.py:153} INFO - Started process (PID=428) to work on /home/airflow/.local/lib/python3.7/site-packages/airflow/example_dags/example_sensor_decorator.py
[2023-09-06T04:38:00.574+0000] {processor.py:743} INFO - Processing file /home/airflow/.local/lib/python3.7/site-packages/airflow/example_dags/example_sensor_decorator.py for tasks to queue
[2023-09-06T04:38:00.575+0000] {logging_mixin.py:137} INFO - [2023-09-06T04:38:00.575+0000] {dagbag.py:538} INFO - Filling up the DagBag from /home/airflow/.local/lib/python3.7/site-packages/airflow/example_dags/example_sensor_decorator.py
[2023-09-06T04:38:00.612+0000] {processor.py:753} INFO - DAG(s) dict_keys(['example_sensor_decorator']) retrieved from /home/airflow/.local/lib/python3.7/site-packages/airflow/example_dags/example_sensor_decorator.py
[2023-09-06T04:38:00.650+0000] {logging_mixin.py:137} INFO - [2023-09-06T04:38:00.649+0000] {dag.py:2690} INFO - Sync 1 DAGs
[2023-09-06T04:38:00.690+0000] {logging_mixin.py:137} INFO - [2023-09-06T04:38:00.689+0000] {dag.py:3441} INFO - Setting next_dagrun for example_sensor_decorator to None, run_after=None
[2023-09-06T04:38:00.731+0000] {processor.py:175} INFO - Processing /home/airflow/.local/lib/python3.7/site-packages/airflow/example_dags/example_sensor_decorator.py took 0.166 seconds
[2023-09-06T04:38:31.746+0000] {processor.py:153} INFO - Started process (PID=488) to work on /home/airflow/.local/lib/python3.7/site-packages/airflow/example_dags/example_sensor_decorator.py
[2023-09-06T04:38:31.754+0000] {processor.py:743} INFO - Processing file /home/airflow/.local/lib/python3.7/site-packages/airflow/example_dags/example_sensor_decorator.py for tasks to queue
[2023-09-06T04:38:31.756+0000] {logging_mixin.py:137} INFO - [2023-09-06T04:38:31.756+0000] {dagbag.py:538} INFO - Filling up the DagBag from /home/airflow/.local/lib/python3.7/site-packages/airflow/example_dags/example_sensor_decorator.py
[2023-09-06T04:38:31.856+0000] {processor.py:753} INFO - DAG(s) dict_keys(['example_sensor_decorator']) retrieved from /home/airflow/.local/lib/python3.7/site-packages/airflow/example_dags/example_sensor_decorator.py
[2023-09-06T04:38:31.925+0000] {logging_mixin.py:137} INFO - [2023-09-06T04:38:31.925+0000] {dag.py:2690} INFO - Sync 1 DAGs
[2023-09-06T04:38:32.055+0000] {logging_mixin.py:137} INFO - [2023-09-06T04:38:32.055+0000] {dag.py:3441} INFO - Setting next_dagrun for example_sensor_decorator to None, run_after=None
[2023-09-06T04:38:32.116+0000] {processor.py:175} INFO - Processing /home/airflow/.local/lib/python3.7/site-packages/airflow/example_dags/example_sensor_decorator.py took 0.374 seconds
[2023-09-06T04:39:02.210+0000] {processor.py:153} INFO - Started process (PID=547) to work on /home/airflow/.local/lib/python3.7/site-packages/airflow/example_dags/example_sensor_decorator.py
[2023-09-06T04:39:02.212+0000] {processor.py:743} INFO - Processing file /home/airflow/.local/lib/python3.7/site-packages/airflow/example_dags/example_sensor_decorator.py for tasks to queue
[2023-09-06T04:39:02.214+0000] {logging_mixin.py:137} INFO - [2023-09-06T04:39:02.213+0000] {dagbag.py:538} INFO - Filling up the DagBag from /home/airflow/.local/lib/python3.7/site-packages/airflow/example_dags/example_sensor_decorator.py
[2023-09-06T04:39:02.254+0000] {processor.py:753} INFO - DAG(s) dict_keys(['example_sensor_decorator']) retrieved from /home/airflow/.local/lib/python3.7/site-packages/airflow/example_dags/example_sensor_decorator.py
[2023-09-06T04:39:02.279+0000] {logging_mixin.py:137} INFO - [2023-09-06T04:39:02.278+0000] {dag.py:2690} INFO - Sync 1 DAGs
[2023-09-06T04:39:02.318+0000] {logging_mixin.py:137} INFO - [2023-09-06T04:39:02.317+0000] {dag.py:3441} INFO - Setting next_dagrun for example_sensor_decorator to None, run_after=None
[2023-09-06T04:39:02.351+0000] {processor.py:175} INFO - Processing /home/airflow/.local/lib/python3.7/site-packages/airflow/example_dags/example_sensor_decorator.py took 0.145 seconds
[2023-09-06T04:39:33.422+0000] {processor.py:153} INFO - Started process (PID=606) to work on /home/airflow/.local/lib/python3.7/site-packages/airflow/example_dags/example_sensor_decorator.py
[2023-09-06T04:39:33.425+0000] {processor.py:743} INFO - Processing file /home/airflow/.local/lib/python3.7/site-packages/airflow/example_dags/example_sensor_decorator.py for tasks to queue
[2023-09-06T04:39:33.427+0000] {logging_mixin.py:137} INFO - [2023-09-06T04:39:33.427+0000] {dagbag.py:538} INFO - Filling up the DagBag from /home/airflow/.local/lib/python3.7/site-packages/airflow/example_dags/example_sensor_decorator.py
[2023-09-06T04:39:33.495+0000] {processor.py:753} INFO - DAG(s) dict_keys(['example_sensor_decorator']) retrieved from /home/airflow/.local/lib/python3.7/site-packages/airflow/example_dags/example_sensor_decorator.py
[2023-09-06T04:39:33.541+0000] {logging_mixin.py:137} INFO - [2023-09-06T04:39:33.541+0000] {dag.py:2690} INFO - Sync 1 DAGs
[2023-09-06T04:39:33.574+0000] {logging_mixin.py:137} INFO - [2023-09-06T04:39:33.574+0000] {dag.py:3441} INFO - Setting next_dagrun for example_sensor_decorator to None, run_after=None
[2023-09-06T04:39:33.618+0000] {processor.py:175} INFO - Processing /home/airflow/.local/lib/python3.7/site-packages/airflow/example_dags/example_sensor_decorator.py took 0.204 seconds
[2023-09-06T04:40:04.351+0000] {processor.py:153} INFO - Started process (PID=676) to work on /home/airflow/.local/lib/python3.7/site-packages/airflow/example_dags/example_sensor_decorator.py
[2023-09-06T04:40:04.353+0000] {processor.py:743} INFO - Processing file /home/airflow/.local/lib/python3.7/site-packages/airflow/example_dags/example_sensor_decorator.py for tasks to queue
[2023-09-06T04:40:04.361+0000] {logging_mixin.py:137} INFO - [2023-09-06T04:40:04.360+0000] {dagbag.py:538} INFO - Filling up the DagBag from /home/airflow/.local/lib/python3.7/site-packages/airflow/example_dags/example_sensor_decorator.py
[2023-09-06T04:40:04.435+0000] {processor.py:753} INFO - DAG(s) dict_keys(['example_sensor_decorator']) retrieved from /home/airflow/.local/lib/python3.7/site-packages/airflow/example_dags/example_sensor_decorator.py
[2023-09-06T04:40:04.519+0000] {logging_mixin.py:137} INFO - [2023-09-06T04:40:04.519+0000] {dag.py:2690} INFO - Sync 1 DAGs
[2023-09-06T04:40:04.605+0000] {logging_mixin.py:137} INFO - [2023-09-06T04:40:04.605+0000] {dag.py:3441} INFO - Setting next_dagrun for example_sensor_decorator to None, run_after=None
[2023-09-06T04:40:04.670+0000] {processor.py:175} INFO - Processing /home/airflow/.local/lib/python3.7/site-packages/airflow/example_dags/example_sensor_decorator.py took 0.323 seconds
[2023-09-06T04:40:35.576+0000] {processor.py:153} INFO - Started process (PID=735) to work on /home/airflow/.local/lib/python3.7/site-packages/airflow/example_dags/example_sensor_decorator.py
[2023-09-06T04:40:35.579+0000] {processor.py:743} INFO - Processing file /home/airflow/.local/lib/python3.7/site-packages/airflow/example_dags/example_sensor_decorator.py for tasks to queue
[2023-09-06T04:40:35.584+0000] {logging_mixin.py:137} INFO - [2023-09-06T04:40:35.580+0000] {dagbag.py:538} INFO - Filling up the DagBag from /home/airflow/.local/lib/python3.7/site-packages/airflow/example_dags/example_sensor_decorator.py
[2023-09-06T04:40:35.628+0000] {processor.py:753} INFO - DAG(s) dict_keys(['example_sensor_decorator']) retrieved from /home/airflow/.local/lib/python3.7/site-packages/airflow/example_dags/example_sensor_decorator.py
[2023-09-06T04:40:35.679+0000] {logging_mixin.py:137} INFO - [2023-09-06T04:40:35.679+0000] {dag.py:2690} INFO - Sync 1 DAGs
[2023-09-06T04:40:35.715+0000] {logging_mixin.py:137} INFO - [2023-09-06T04:40:35.715+0000] {dag.py:3441} INFO - Setting next_dagrun for example_sensor_decorator to None, run_after=None
[2023-09-06T04:40:35.740+0000] {processor.py:175} INFO - Processing /home/airflow/.local/lib/python3.7/site-packages/airflow/example_dags/example_sensor_decorator.py took 0.168 seconds
[2023-09-06T04:41:05.911+0000] {processor.py:153} INFO - Started process (PID=795) to work on /home/airflow/.local/lib/python3.7/site-packages/airflow/example_dags/example_sensor_decorator.py
[2023-09-06T04:41:05.913+0000] {processor.py:743} INFO - Processing file /home/airflow/.local/lib/python3.7/site-packages/airflow/example_dags/example_sensor_decorator.py for tasks to queue
[2023-09-06T04:41:05.914+0000] {logging_mixin.py:137} INFO - [2023-09-06T04:41:05.914+0000] {dagbag.py:538} INFO - Filling up the DagBag from /home/airflow/.local/lib/python3.7/site-packages/airflow/example_dags/example_sensor_decorator.py
[2023-09-06T04:41:05.966+0000] {processor.py:753} INFO - DAG(s) dict_keys(['example_sensor_decorator']) retrieved from /home/airflow/.local/lib/python3.7/site-packages/airflow/example_dags/example_sensor_decorator.py
[2023-09-06T04:41:06.014+0000] {logging_mixin.py:137} INFO - [2023-09-06T04:41:06.014+0000] {dag.py:2690} INFO - Sync 1 DAGs
[2023-09-06T04:41:06.050+0000] {logging_mixin.py:137} INFO - [2023-09-06T04:41:06.050+0000] {dag.py:3441} INFO - Setting next_dagrun for example_sensor_decorator to None, run_after=None
[2023-09-06T04:41:06.082+0000] {processor.py:175} INFO - Processing /home/airflow/.local/lib/python3.7/site-packages/airflow/example_dags/example_sensor_decorator.py took 0.177 seconds
[2023-09-06T04:41:36.652+0000] {processor.py:153} INFO - Started process (PID=864) to work on /home/airflow/.local/lib/python3.7/site-packages/airflow/example_dags/example_sensor_decorator.py
[2023-09-06T04:41:36.654+0000] {processor.py:743} INFO - Processing file /home/airflow/.local/lib/python3.7/site-packages/airflow/example_dags/example_sensor_decorator.py for tasks to queue
[2023-09-06T04:41:36.655+0000] {logging_mixin.py:137} INFO - [2023-09-06T04:41:36.655+0000] {dagbag.py:538} INFO - Filling up the DagBag from /home/airflow/.local/lib/python3.7/site-packages/airflow/example_dags/example_sensor_decorator.py
[2023-09-06T04:41:36.683+0000] {processor.py:753} INFO - DAG(s) dict_keys(['example_sensor_decorator']) retrieved from /home/airflow/.local/lib/python3.7/site-packages/airflow/example_dags/example_sensor_decorator.py
[2023-09-06T04:41:36.710+0000] {logging_mixin.py:137} INFO - [2023-09-06T04:41:36.710+0000] {dag.py:2690} INFO - Sync 1 DAGs
[2023-09-06T04:41:36.744+0000] {logging_mixin.py:137} INFO - [2023-09-06T04:41:36.744+0000] {dag.py:3441} INFO - Setting next_dagrun for example_sensor_decorator to None, run_after=None
[2023-09-06T04:41:36.771+0000] {processor.py:175} INFO - Processing /home/airflow/.local/lib/python3.7/site-packages/airflow/example_dags/example_sensor_decorator.py took 0.122 seconds
[2023-09-06T04:42:07.568+0000] {processor.py:153} INFO - Started process (PID=925) to work on /home/airflow/.local/lib/python3.7/site-packages/airflow/example_dags/example_sensor_decorator.py
[2023-09-06T04:42:07.569+0000] {processor.py:743} INFO - Processing file /home/airflow/.local/lib/python3.7/site-packages/airflow/example_dags/example_sensor_decorator.py for tasks to queue
[2023-09-06T04:42:07.570+0000] {logging_mixin.py:137} INFO - [2023-09-06T04:42:07.570+0000] {dagbag.py:538} INFO - Filling up the DagBag from /home/airflow/.local/lib/python3.7/site-packages/airflow/example_dags/example_sensor_decorator.py
[2023-09-06T04:42:07.600+0000] {processor.py:753} INFO - DAG(s) dict_keys(['example_sensor_decorator']) retrieved from /home/airflow/.local/lib/python3.7/site-packages/airflow/example_dags/example_sensor_decorator.py
[2023-09-06T04:42:07.633+0000] {logging_mixin.py:137} INFO - [2023-09-06T04:42:07.633+0000] {dag.py:2690} INFO - Sync 1 DAGs
[2023-09-06T04:42:07.688+0000] {logging_mixin.py:137} INFO - [2023-09-06T04:42:07.687+0000] {dag.py:3441} INFO - Setting next_dagrun for example_sensor_decorator to None, run_after=None
[2023-09-06T04:42:07.733+0000] {processor.py:175} INFO - Processing /home/airflow/.local/lib/python3.7/site-packages/airflow/example_dags/example_sensor_decorator.py took 0.170 seconds
[2023-09-06T04:42:37.918+0000] {processor.py:153} INFO - Started process (PID=985) to work on /home/airflow/.local/lib/python3.7/site-packages/airflow/example_dags/example_sensor_decorator.py
[2023-09-06T04:42:37.920+0000] {processor.py:743} INFO - Processing file /home/airflow/.local/lib/python3.7/site-packages/airflow/example_dags/example_sensor_decorator.py for tasks to queue
[2023-09-06T04:42:37.921+0000] {logging_mixin.py:137} INFO - [2023-09-06T04:42:37.921+0000] {dagbag.py:538} INFO - Filling up the DagBag from /home/airflow/.local/lib/python3.7/site-packages/airflow/example_dags/example_sensor_decorator.py
[2023-09-06T04:42:37.969+0000] {processor.py:753} INFO - DAG(s) dict_keys(['example_sensor_decorator']) retrieved from /home/airflow/.local/lib/python3.7/site-packages/airflow/example_dags/example_sensor_decorator.py
[2023-09-06T04:42:38.003+0000] {logging_mixin.py:137} INFO - [2023-09-06T04:42:38.003+0000] {dag.py:2690} INFO - Sync 1 DAGs
[2023-09-06T04:42:38.042+0000] {logging_mixin.py:137} INFO - [2023-09-06T04:42:38.042+0000] {dag.py:3441} INFO - Setting next_dagrun for example_sensor_decorator to None, run_after=None
[2023-09-06T04:42:38.085+0000] {processor.py:175} INFO - Processing /home/airflow/.local/lib/python3.7/site-packages/airflow/example_dags/example_sensor_decorator.py took 0.172 seconds
