[2023-09-06T04:26:30.993+0000] {processor.py:153} INFO - Started process (PID=100) to work on /home/airflow/.local/lib/python3.7/site-packages/airflow/example_dags/example_task_group_decorator.py
[2023-09-06T04:26:31.023+0000] {processor.py:743} INFO - Processing file /home/airflow/.local/lib/python3.7/site-packages/airflow/example_dags/example_task_group_decorator.py for tasks to queue
[2023-09-06T04:26:31.025+0000] {logging_mixin.py:137} INFO - [2023-09-06T04:26:31.025+0000] {dagbag.py:538} INFO - Filling up the DagBag from /home/airflow/.local/lib/python3.7/site-packages/airflow/example_dags/example_task_group_decorator.py
[2023-09-06T04:26:31.290+0000] {processor.py:753} INFO - DAG(s) dict_keys(['example_task_group_decorator']) retrieved from /home/airflow/.local/lib/python3.7/site-packages/airflow/example_dags/example_task_group_decorator.py
[2023-09-06T04:26:31.366+0000] {logging_mixin.py:137} INFO - [2023-09-06T04:26:31.365+0000] {dag.py:2690} INFO - Sync 1 DAGs
[2023-09-06T04:26:31.666+0000] {logging_mixin.py:137} INFO - [2023-09-06T04:26:31.666+0000] {dag.py:3441} INFO - Setting next_dagrun for example_task_group_decorator to 2023-09-05T04:26:31.665841+00:00, run_after=2023-09-06T04:26:31.665841+00:00
[2023-09-06T04:26:31.896+0000] {processor.py:175} INFO - Processing /home/airflow/.local/lib/python3.7/site-packages/airflow/example_dags/example_task_group_decorator.py took 0.908 seconds
[2023-09-06T04:27:02.143+0000] {processor.py:153} INFO - Started process (PID=159) to work on /home/airflow/.local/lib/python3.7/site-packages/airflow/example_dags/example_task_group_decorator.py
[2023-09-06T04:27:02.145+0000] {processor.py:743} INFO - Processing file /home/airflow/.local/lib/python3.7/site-packages/airflow/example_dags/example_task_group_decorator.py for tasks to queue
[2023-09-06T04:27:02.146+0000] {logging_mixin.py:137} INFO - [2023-09-06T04:27:02.146+0000] {dagbag.py:538} INFO - Filling up the DagBag from /home/airflow/.local/lib/python3.7/site-packages/airflow/example_dags/example_task_group_decorator.py
[2023-09-06T04:27:02.176+0000] {processor.py:753} INFO - DAG(s) dict_keys(['example_task_group_decorator']) retrieved from /home/airflow/.local/lib/python3.7/site-packages/airflow/example_dags/example_task_group_decorator.py
[2023-09-06T04:27:02.220+0000] {logging_mixin.py:137} INFO - [2023-09-06T04:27:02.220+0000] {dag.py:2690} INFO - Sync 1 DAGs
[2023-09-06T04:27:02.251+0000] {logging_mixin.py:137} INFO - [2023-09-06T04:27:02.251+0000] {dag.py:3441} INFO - Setting next_dagrun for example_task_group_decorator to 2023-09-05T04:27:02.251385+00:00, run_after=2023-09-06T04:27:02.251385+00:00
[2023-09-06T04:27:02.291+0000] {processor.py:175} INFO - Processing /home/airflow/.local/lib/python3.7/site-packages/airflow/example_dags/example_task_group_decorator.py took 0.151 seconds
[2023-09-06T04:27:32.559+0000] {processor.py:153} INFO - Started process (PID=218) to work on /home/airflow/.local/lib/python3.7/site-packages/airflow/example_dags/example_task_group_decorator.py
[2023-09-06T04:27:32.566+0000] {processor.py:743} INFO - Processing file /home/airflow/.local/lib/python3.7/site-packages/airflow/example_dags/example_task_group_decorator.py for tasks to queue
[2023-09-06T04:27:32.569+0000] {logging_mixin.py:137} INFO - [2023-09-06T04:27:32.568+0000] {dagbag.py:538} INFO - Filling up the DagBag from /home/airflow/.local/lib/python3.7/site-packages/airflow/example_dags/example_task_group_decorator.py
[2023-09-06T04:27:32.600+0000] {processor.py:753} INFO - DAG(s) dict_keys(['example_task_group_decorator']) retrieved from /home/airflow/.local/lib/python3.7/site-packages/airflow/example_dags/example_task_group_decorator.py
[2023-09-06T04:27:32.632+0000] {logging_mixin.py:137} INFO - [2023-09-06T04:27:32.632+0000] {dag.py:2690} INFO - Sync 1 DAGs
[2023-09-06T04:27:32.701+0000] {logging_mixin.py:137} INFO - [2023-09-06T04:27:32.700+0000] {dag.py:3441} INFO - Setting next_dagrun for example_task_group_decorator to 2023-09-05T04:27:32.700713+00:00, run_after=2023-09-06T04:27:32.700713+00:00
[2023-09-06T04:27:32.761+0000] {processor.py:175} INFO - Processing /home/airflow/.local/lib/python3.7/site-packages/airflow/example_dags/example_task_group_decorator.py took 0.207 seconds
[2023-09-06T04:28:03.395+0000] {processor.py:153} INFO - Started process (PID=288) to work on /home/airflow/.local/lib/python3.7/site-packages/airflow/example_dags/example_task_group_decorator.py
[2023-09-06T04:28:03.396+0000] {processor.py:743} INFO - Processing file /home/airflow/.local/lib/python3.7/site-packages/airflow/example_dags/example_task_group_decorator.py for tasks to queue
[2023-09-06T04:28:03.398+0000] {logging_mixin.py:137} INFO - [2023-09-06T04:28:03.398+0000] {dagbag.py:538} INFO - Filling up the DagBag from /home/airflow/.local/lib/python3.7/site-packages/airflow/example_dags/example_task_group_decorator.py
[2023-09-06T04:28:03.493+0000] {processor.py:753} INFO - DAG(s) dict_keys(['example_task_group_decorator']) retrieved from /home/airflow/.local/lib/python3.7/site-packages/airflow/example_dags/example_task_group_decorator.py
[2023-09-06T04:28:03.558+0000] {logging_mixin.py:137} INFO - [2023-09-06T04:28:03.558+0000] {dag.py:2690} INFO - Sync 1 DAGs
[2023-09-06T04:28:03.647+0000] {logging_mixin.py:137} INFO - [2023-09-06T04:28:03.647+0000] {dag.py:3441} INFO - Setting next_dagrun for example_task_group_decorator to 2023-09-05T04:28:03.646996+00:00, run_after=2023-09-06T04:28:03.646996+00:00
[2023-09-06T04:28:03.683+0000] {processor.py:175} INFO - Processing /home/airflow/.local/lib/python3.7/site-packages/airflow/example_dags/example_task_group_decorator.py took 0.295 seconds
[2023-09-06T04:29:15.916+0000] {processor.py:153} INFO - Started process (PID=79) to work on /home/airflow/.local/lib/python3.7/site-packages/airflow/example_dags/example_task_group_decorator.py
[2023-09-06T04:29:15.924+0000] {processor.py:743} INFO - Processing file /home/airflow/.local/lib/python3.7/site-packages/airflow/example_dags/example_task_group_decorator.py for tasks to queue
[2023-09-06T04:29:15.935+0000] {logging_mixin.py:137} INFO - [2023-09-06T04:29:15.934+0000] {dagbag.py:538} INFO - Filling up the DagBag from /home/airflow/.local/lib/python3.7/site-packages/airflow/example_dags/example_task_group_decorator.py
[2023-09-06T04:29:16.037+0000] {processor.py:753} INFO - DAG(s) dict_keys(['example_task_group_decorator']) retrieved from /home/airflow/.local/lib/python3.7/site-packages/airflow/example_dags/example_task_group_decorator.py
[2023-09-06T04:29:16.154+0000] {logging_mixin.py:137} INFO - [2023-09-06T04:29:16.142+0000] {dag.py:2690} INFO - Sync 1 DAGs
[2023-09-06T04:29:16.259+0000] {logging_mixin.py:137} INFO - [2023-09-06T04:29:16.258+0000] {dag.py:3441} INFO - Setting next_dagrun for example_task_group_decorator to 2023-09-05T04:29:16.258388+00:00, run_after=2023-09-06T04:29:16.258388+00:00
[2023-09-06T04:29:16.355+0000] {processor.py:175} INFO - Processing /home/airflow/.local/lib/python3.7/site-packages/airflow/example_dags/example_task_group_decorator.py took 0.443 seconds
[2023-09-06T04:29:46.943+0000] {processor.py:153} INFO - Started process (PID=137) to work on /home/airflow/.local/lib/python3.7/site-packages/airflow/example_dags/example_task_group_decorator.py
[2023-09-06T04:29:46.955+0000] {processor.py:743} INFO - Processing file /home/airflow/.local/lib/python3.7/site-packages/airflow/example_dags/example_task_group_decorator.py for tasks to queue
[2023-09-06T04:29:46.956+0000] {logging_mixin.py:137} INFO - [2023-09-06T04:29:46.956+0000] {dagbag.py:538} INFO - Filling up the DagBag from /home/airflow/.local/lib/python3.7/site-packages/airflow/example_dags/example_task_group_decorator.py
[2023-09-06T04:29:47.035+0000] {processor.py:753} INFO - DAG(s) dict_keys(['example_task_group_decorator']) retrieved from /home/airflow/.local/lib/python3.7/site-packages/airflow/example_dags/example_task_group_decorator.py
[2023-09-06T04:29:47.209+0000] {logging_mixin.py:137} INFO - [2023-09-06T04:29:47.209+0000] {dag.py:2690} INFO - Sync 1 DAGs
[2023-09-06T04:29:47.266+0000] {logging_mixin.py:137} INFO - [2023-09-06T04:29:47.266+0000] {dag.py:3441} INFO - Setting next_dagrun for example_task_group_decorator to 2023-09-05T04:29:47.266403+00:00, run_after=2023-09-06T04:29:47.266403+00:00
[2023-09-06T04:29:47.297+0000] {processor.py:175} INFO - Processing /home/airflow/.local/lib/python3.7/site-packages/airflow/example_dags/example_task_group_decorator.py took 0.358 seconds
[2023-09-06T04:30:17.591+0000] {processor.py:153} INFO - Started process (PID=206) to work on /home/airflow/.local/lib/python3.7/site-packages/airflow/example_dags/example_task_group_decorator.py
[2023-09-06T04:30:17.598+0000] {processor.py:743} INFO - Processing file /home/airflow/.local/lib/python3.7/site-packages/airflow/example_dags/example_task_group_decorator.py for tasks to queue
[2023-09-06T04:30:17.599+0000] {logging_mixin.py:137} INFO - [2023-09-06T04:30:17.599+0000] {dagbag.py:538} INFO - Filling up the DagBag from /home/airflow/.local/lib/python3.7/site-packages/airflow/example_dags/example_task_group_decorator.py
[2023-09-06T04:30:17.652+0000] {processor.py:753} INFO - DAG(s) dict_keys(['example_task_group_decorator']) retrieved from /home/airflow/.local/lib/python3.7/site-packages/airflow/example_dags/example_task_group_decorator.py
[2023-09-06T04:30:17.726+0000] {logging_mixin.py:137} INFO - [2023-09-06T04:30:17.726+0000] {dag.py:2690} INFO - Sync 1 DAGs
[2023-09-06T04:30:17.776+0000] {logging_mixin.py:137} INFO - [2023-09-06T04:30:17.776+0000] {dag.py:3441} INFO - Setting next_dagrun for example_task_group_decorator to 2023-09-05T04:30:17.775982+00:00, run_after=2023-09-06T04:30:17.775982+00:00
[2023-09-06T04:30:17.803+0000] {processor.py:175} INFO - Processing /home/airflow/.local/lib/python3.7/site-packages/airflow/example_dags/example_task_group_decorator.py took 0.216 seconds
[2023-09-06T04:30:48.446+0000] {processor.py:153} INFO - Started process (PID=266) to work on /home/airflow/.local/lib/python3.7/site-packages/airflow/example_dags/example_task_group_decorator.py
[2023-09-06T04:30:48.448+0000] {processor.py:743} INFO - Processing file /home/airflow/.local/lib/python3.7/site-packages/airflow/example_dags/example_task_group_decorator.py for tasks to queue
[2023-09-06T04:30:48.449+0000] {logging_mixin.py:137} INFO - [2023-09-06T04:30:48.448+0000] {dagbag.py:538} INFO - Filling up the DagBag from /home/airflow/.local/lib/python3.7/site-packages/airflow/example_dags/example_task_group_decorator.py
[2023-09-06T04:30:48.496+0000] {processor.py:753} INFO - DAG(s) dict_keys(['example_task_group_decorator']) retrieved from /home/airflow/.local/lib/python3.7/site-packages/airflow/example_dags/example_task_group_decorator.py
[2023-09-06T04:30:48.537+0000] {logging_mixin.py:137} INFO - [2023-09-06T04:30:48.537+0000] {dag.py:2690} INFO - Sync 1 DAGs
[2023-09-06T04:30:48.564+0000] {logging_mixin.py:137} INFO - [2023-09-06T04:30:48.564+0000] {dag.py:3441} INFO - Setting next_dagrun for example_task_group_decorator to 2023-09-05T04:30:48.563784+00:00, run_after=2023-09-06T04:30:48.563784+00:00
[2023-09-06T04:30:48.590+0000] {processor.py:175} INFO - Processing /home/airflow/.local/lib/python3.7/site-packages/airflow/example_dags/example_task_group_decorator.py took 0.147 seconds
[2023-09-06T04:31:18.909+0000] {processor.py:153} INFO - Started process (PID=325) to work on /home/airflow/.local/lib/python3.7/site-packages/airflow/example_dags/example_task_group_decorator.py
[2023-09-06T04:31:18.925+0000] {processor.py:743} INFO - Processing file /home/airflow/.local/lib/python3.7/site-packages/airflow/example_dags/example_task_group_decorator.py for tasks to queue
[2023-09-06T04:31:18.926+0000] {logging_mixin.py:137} INFO - [2023-09-06T04:31:18.926+0000] {dagbag.py:538} INFO - Filling up the DagBag from /home/airflow/.local/lib/python3.7/site-packages/airflow/example_dags/example_task_group_decorator.py
[2023-09-06T04:31:19.017+0000] {processor.py:753} INFO - DAG(s) dict_keys(['example_task_group_decorator']) retrieved from /home/airflow/.local/lib/python3.7/site-packages/airflow/example_dags/example_task_group_decorator.py
[2023-09-06T04:31:19.119+0000] {logging_mixin.py:137} INFO - [2023-09-06T04:31:19.119+0000] {dag.py:2690} INFO - Sync 1 DAGs
[2023-09-06T04:31:19.187+0000] {logging_mixin.py:137} INFO - [2023-09-06T04:31:19.187+0000] {dag.py:3441} INFO - Setting next_dagrun for example_task_group_decorator to 2023-09-05T04:31:19.187320+00:00, run_after=2023-09-06T04:31:19.187320+00:00
[2023-09-06T04:31:19.241+0000] {processor.py:175} INFO - Processing /home/airflow/.local/lib/python3.7/site-packages/airflow/example_dags/example_task_group_decorator.py took 0.336 seconds
[2023-09-06T04:31:49.767+0000] {processor.py:153} INFO - Started process (PID=393) to work on /home/airflow/.local/lib/python3.7/site-packages/airflow/example_dags/example_task_group_decorator.py
[2023-09-06T04:31:49.768+0000] {processor.py:743} INFO - Processing file /home/airflow/.local/lib/python3.7/site-packages/airflow/example_dags/example_task_group_decorator.py for tasks to queue
[2023-09-06T04:31:49.770+0000] {logging_mixin.py:137} INFO - [2023-09-06T04:31:49.770+0000] {dagbag.py:538} INFO - Filling up the DagBag from /home/airflow/.local/lib/python3.7/site-packages/airflow/example_dags/example_task_group_decorator.py
[2023-09-06T04:31:49.807+0000] {processor.py:753} INFO - DAG(s) dict_keys(['example_task_group_decorator']) retrieved from /home/airflow/.local/lib/python3.7/site-packages/airflow/example_dags/example_task_group_decorator.py
[2023-09-06T04:31:49.855+0000] {logging_mixin.py:137} INFO - [2023-09-06T04:31:49.854+0000] {dag.py:2690} INFO - Sync 1 DAGs
[2023-09-06T04:31:49.887+0000] {logging_mixin.py:137} INFO - [2023-09-06T04:31:49.887+0000] {dag.py:3441} INFO - Setting next_dagrun for example_task_group_decorator to 2023-09-05T04:31:49.886789+00:00, run_after=2023-09-06T04:31:49.886789+00:00
[2023-09-06T04:31:49.911+0000] {processor.py:175} INFO - Processing /home/airflow/.local/lib/python3.7/site-packages/airflow/example_dags/example_task_group_decorator.py took 0.148 seconds
[2023-09-06T04:32:20.756+0000] {processor.py:153} INFO - Started process (PID=453) to work on /home/airflow/.local/lib/python3.7/site-packages/airflow/example_dags/example_task_group_decorator.py
[2023-09-06T04:32:20.757+0000] {processor.py:743} INFO - Processing file /home/airflow/.local/lib/python3.7/site-packages/airflow/example_dags/example_task_group_decorator.py for tasks to queue
[2023-09-06T04:32:20.758+0000] {logging_mixin.py:137} INFO - [2023-09-06T04:32:20.758+0000] {dagbag.py:538} INFO - Filling up the DagBag from /home/airflow/.local/lib/python3.7/site-packages/airflow/example_dags/example_task_group_decorator.py
[2023-09-06T04:32:20.790+0000] {processor.py:753} INFO - DAG(s) dict_keys(['example_task_group_decorator']) retrieved from /home/airflow/.local/lib/python3.7/site-packages/airflow/example_dags/example_task_group_decorator.py
[2023-09-06T04:32:20.820+0000] {logging_mixin.py:137} INFO - [2023-09-06T04:32:20.820+0000] {dag.py:2690} INFO - Sync 1 DAGs
[2023-09-06T04:32:20.849+0000] {logging_mixin.py:137} INFO - [2023-09-06T04:32:20.849+0000] {dag.py:3441} INFO - Setting next_dagrun for example_task_group_decorator to 2023-09-05T04:32:20.849391+00:00, run_after=2023-09-06T04:32:20.849391+00:00
[2023-09-06T04:32:20.884+0000] {processor.py:175} INFO - Processing /home/airflow/.local/lib/python3.7/site-packages/airflow/example_dags/example_task_group_decorator.py took 0.134 seconds
[2023-09-06T04:32:51.227+0000] {processor.py:153} INFO - Started process (PID=522) to work on /home/airflow/.local/lib/python3.7/site-packages/airflow/example_dags/example_task_group_decorator.py
[2023-09-06T04:32:51.235+0000] {processor.py:743} INFO - Processing file /home/airflow/.local/lib/python3.7/site-packages/airflow/example_dags/example_task_group_decorator.py for tasks to queue
[2023-09-06T04:32:51.236+0000] {logging_mixin.py:137} INFO - [2023-09-06T04:32:51.236+0000] {dagbag.py:538} INFO - Filling up the DagBag from /home/airflow/.local/lib/python3.7/site-packages/airflow/example_dags/example_task_group_decorator.py
[2023-09-06T04:32:51.307+0000] {processor.py:753} INFO - DAG(s) dict_keys(['example_task_group_decorator']) retrieved from /home/airflow/.local/lib/python3.7/site-packages/airflow/example_dags/example_task_group_decorator.py
[2023-09-06T04:32:51.368+0000] {logging_mixin.py:137} INFO - [2023-09-06T04:32:51.368+0000] {dag.py:2690} INFO - Sync 1 DAGs
[2023-09-06T04:32:51.417+0000] {logging_mixin.py:137} INFO - [2023-09-06T04:32:51.417+0000] {dag.py:3441} INFO - Setting next_dagrun for example_task_group_decorator to 2023-09-05T04:32:51.416722+00:00, run_after=2023-09-06T04:32:51.416722+00:00
[2023-09-06T04:32:51.458+0000] {processor.py:175} INFO - Processing /home/airflow/.local/lib/python3.7/site-packages/airflow/example_dags/example_task_group_decorator.py took 0.235 seconds
[2023-09-06T04:33:21.582+0000] {processor.py:153} INFO - Started process (PID=583) to work on /home/airflow/.local/lib/python3.7/site-packages/airflow/example_dags/example_task_group_decorator.py
[2023-09-06T04:33:21.584+0000] {processor.py:743} INFO - Processing file /home/airflow/.local/lib/python3.7/site-packages/airflow/example_dags/example_task_group_decorator.py for tasks to queue
[2023-09-06T04:33:21.585+0000] {logging_mixin.py:137} INFO - [2023-09-06T04:33:21.585+0000] {dagbag.py:538} INFO - Filling up the DagBag from /home/airflow/.local/lib/python3.7/site-packages/airflow/example_dags/example_task_group_decorator.py
[2023-09-06T04:33:21.622+0000] {processor.py:753} INFO - DAG(s) dict_keys(['example_task_group_decorator']) retrieved from /home/airflow/.local/lib/python3.7/site-packages/airflow/example_dags/example_task_group_decorator.py
[2023-09-06T04:33:21.668+0000] {logging_mixin.py:137} INFO - [2023-09-06T04:33:21.668+0000] {dag.py:2690} INFO - Sync 1 DAGs
[2023-09-06T04:33:21.702+0000] {logging_mixin.py:137} INFO - [2023-09-06T04:33:21.702+0000] {dag.py:3441} INFO - Setting next_dagrun for example_task_group_decorator to 2023-09-05T04:33:21.702394+00:00, run_after=2023-09-06T04:33:21.702394+00:00
[2023-09-06T04:33:21.729+0000] {processor.py:175} INFO - Processing /home/airflow/.local/lib/python3.7/site-packages/airflow/example_dags/example_task_group_decorator.py took 0.152 seconds
[2023-09-06T04:33:51.920+0000] {processor.py:153} INFO - Started process (PID=642) to work on /home/airflow/.local/lib/python3.7/site-packages/airflow/example_dags/example_task_group_decorator.py
[2023-09-06T04:33:51.930+0000] {processor.py:743} INFO - Processing file /home/airflow/.local/lib/python3.7/site-packages/airflow/example_dags/example_task_group_decorator.py for tasks to queue
[2023-09-06T04:33:51.932+0000] {logging_mixin.py:137} INFO - [2023-09-06T04:33:51.931+0000] {dagbag.py:538} INFO - Filling up the DagBag from /home/airflow/.local/lib/python3.7/site-packages/airflow/example_dags/example_task_group_decorator.py
[2023-09-06T04:33:51.971+0000] {processor.py:753} INFO - DAG(s) dict_keys(['example_task_group_decorator']) retrieved from /home/airflow/.local/lib/python3.7/site-packages/airflow/example_dags/example_task_group_decorator.py
[2023-09-06T04:33:52.002+0000] {logging_mixin.py:137} INFO - [2023-09-06T04:33:52.002+0000] {dag.py:2690} INFO - Sync 1 DAGs
[2023-09-06T04:33:52.028+0000] {logging_mixin.py:137} INFO - [2023-09-06T04:33:52.028+0000] {dag.py:3441} INFO - Setting next_dagrun for example_task_group_decorator to 2023-09-05T04:33:52.028103+00:00, run_after=2023-09-06T04:33:52.028103+00:00
[2023-09-06T04:33:52.049+0000] {processor.py:175} INFO - Processing /home/airflow/.local/lib/python3.7/site-packages/airflow/example_dags/example_task_group_decorator.py took 0.134 seconds
[2023-09-06T04:34:58.840+0000] {processor.py:153} INFO - Started process (PID=67) to work on /home/airflow/.local/lib/python3.7/site-packages/airflow/example_dags/example_task_group_decorator.py
[2023-09-06T04:34:58.845+0000] {processor.py:743} INFO - Processing file /home/airflow/.local/lib/python3.7/site-packages/airflow/example_dags/example_task_group_decorator.py for tasks to queue
[2023-09-06T04:34:58.859+0000] {logging_mixin.py:137} INFO - [2023-09-06T04:34:58.859+0000] {dagbag.py:538} INFO - Filling up the DagBag from /home/airflow/.local/lib/python3.7/site-packages/airflow/example_dags/example_task_group_decorator.py
[2023-09-06T04:34:59.003+0000] {processor.py:753} INFO - DAG(s) dict_keys(['example_task_group_decorator']) retrieved from /home/airflow/.local/lib/python3.7/site-packages/airflow/example_dags/example_task_group_decorator.py
[2023-09-06T04:34:59.130+0000] {logging_mixin.py:137} INFO - [2023-09-06T04:34:59.130+0000] {dag.py:2690} INFO - Sync 1 DAGs
[2023-09-06T04:34:59.188+0000] {logging_mixin.py:137} INFO - [2023-09-06T04:34:59.188+0000] {dag.py:3441} INFO - Setting next_dagrun for example_task_group_decorator to 2023-09-05T04:34:59.188462+00:00, run_after=2023-09-06T04:34:59.188462+00:00
[2023-09-06T04:34:59.241+0000] {processor.py:175} INFO - Processing /home/airflow/.local/lib/python3.7/site-packages/airflow/example_dags/example_task_group_decorator.py took 0.419 seconds
[2023-09-06T04:35:29.849+0000] {processor.py:153} INFO - Started process (PID=126) to work on /home/airflow/.local/lib/python3.7/site-packages/airflow/example_dags/example_task_group_decorator.py
[2023-09-06T04:35:29.854+0000] {processor.py:743} INFO - Processing file /home/airflow/.local/lib/python3.7/site-packages/airflow/example_dags/example_task_group_decorator.py for tasks to queue
[2023-09-06T04:35:29.858+0000] {logging_mixin.py:137} INFO - [2023-09-06T04:35:29.857+0000] {dagbag.py:538} INFO - Filling up the DagBag from /home/airflow/.local/lib/python3.7/site-packages/airflow/example_dags/example_task_group_decorator.py
[2023-09-06T04:35:29.976+0000] {processor.py:753} INFO - DAG(s) dict_keys(['example_task_group_decorator']) retrieved from /home/airflow/.local/lib/python3.7/site-packages/airflow/example_dags/example_task_group_decorator.py
[2023-09-06T04:35:30.045+0000] {logging_mixin.py:137} INFO - [2023-09-06T04:35:30.045+0000] {dag.py:2690} INFO - Sync 1 DAGs
[2023-09-06T04:35:30.153+0000] {logging_mixin.py:137} INFO - [2023-09-06T04:35:30.152+0000] {dag.py:3441} INFO - Setting next_dagrun for example_task_group_decorator to 2023-09-05T04:35:30.152554+00:00, run_after=2023-09-06T04:35:30.152554+00:00
[2023-09-06T04:35:30.221+0000] {processor.py:175} INFO - Processing /home/airflow/.local/lib/python3.7/site-packages/airflow/example_dags/example_task_group_decorator.py took 0.376 seconds
[2023-09-06T04:36:01.006+0000] {processor.py:153} INFO - Started process (PID=196) to work on /home/airflow/.local/lib/python3.7/site-packages/airflow/example_dags/example_task_group_decorator.py
[2023-09-06T04:36:01.008+0000] {processor.py:743} INFO - Processing file /home/airflow/.local/lib/python3.7/site-packages/airflow/example_dags/example_task_group_decorator.py for tasks to queue
[2023-09-06T04:36:01.009+0000] {logging_mixin.py:137} INFO - [2023-09-06T04:36:01.009+0000] {dagbag.py:538} INFO - Filling up the DagBag from /home/airflow/.local/lib/python3.7/site-packages/airflow/example_dags/example_task_group_decorator.py
[2023-09-06T04:36:01.041+0000] {processor.py:753} INFO - DAG(s) dict_keys(['example_task_group_decorator']) retrieved from /home/airflow/.local/lib/python3.7/site-packages/airflow/example_dags/example_task_group_decorator.py
[2023-09-06T04:36:01.071+0000] {logging_mixin.py:137} INFO - [2023-09-06T04:36:01.071+0000] {dag.py:2690} INFO - Sync 1 DAGs
[2023-09-06T04:36:01.099+0000] {logging_mixin.py:137} INFO - [2023-09-06T04:36:01.099+0000] {dag.py:3441} INFO - Setting next_dagrun for example_task_group_decorator to 2023-09-05T04:36:01.099019+00:00, run_after=2023-09-06T04:36:01.099019+00:00
[2023-09-06T04:36:01.135+0000] {processor.py:175} INFO - Processing /home/airflow/.local/lib/python3.7/site-packages/airflow/example_dags/example_task_group_decorator.py took 0.132 seconds
[2023-09-06T04:36:31.532+0000] {processor.py:153} INFO - Started process (PID=256) to work on /home/airflow/.local/lib/python3.7/site-packages/airflow/example_dags/example_task_group_decorator.py
[2023-09-06T04:36:31.541+0000] {processor.py:743} INFO - Processing file /home/airflow/.local/lib/python3.7/site-packages/airflow/example_dags/example_task_group_decorator.py for tasks to queue
[2023-09-06T04:36:31.543+0000] {logging_mixin.py:137} INFO - [2023-09-06T04:36:31.542+0000] {dagbag.py:538} INFO - Filling up the DagBag from /home/airflow/.local/lib/python3.7/site-packages/airflow/example_dags/example_task_group_decorator.py
[2023-09-06T04:36:31.631+0000] {processor.py:753} INFO - DAG(s) dict_keys(['example_task_group_decorator']) retrieved from /home/airflow/.local/lib/python3.7/site-packages/airflow/example_dags/example_task_group_decorator.py
[2023-09-06T04:36:31.759+0000] {logging_mixin.py:137} INFO - [2023-09-06T04:36:31.759+0000] {dag.py:2690} INFO - Sync 1 DAGs
[2023-09-06T04:36:31.862+0000] {logging_mixin.py:137} INFO - [2023-09-06T04:36:31.859+0000] {dag.py:3441} INFO - Setting next_dagrun for example_task_group_decorator to 2023-09-05T04:36:31.859310+00:00, run_after=2023-09-06T04:36:31.859310+00:00
[2023-09-06T04:36:31.952+0000] {processor.py:175} INFO - Processing /home/airflow/.local/lib/python3.7/site-packages/airflow/example_dags/example_task_group_decorator.py took 0.426 seconds
[2023-09-06T04:37:02.120+0000] {processor.py:153} INFO - Started process (PID=315) to work on /home/airflow/.local/lib/python3.7/site-packages/airflow/example_dags/example_task_group_decorator.py
[2023-09-06T04:37:02.121+0000] {processor.py:743} INFO - Processing file /home/airflow/.local/lib/python3.7/site-packages/airflow/example_dags/example_task_group_decorator.py for tasks to queue
[2023-09-06T04:37:02.125+0000] {logging_mixin.py:137} INFO - [2023-09-06T04:37:02.125+0000] {dagbag.py:538} INFO - Filling up the DagBag from /home/airflow/.local/lib/python3.7/site-packages/airflow/example_dags/example_task_group_decorator.py
[2023-09-06T04:37:02.247+0000] {processor.py:753} INFO - DAG(s) dict_keys(['example_task_group_decorator']) retrieved from /home/airflow/.local/lib/python3.7/site-packages/airflow/example_dags/example_task_group_decorator.py
[2023-09-06T04:37:02.338+0000] {logging_mixin.py:137} INFO - [2023-09-06T04:37:02.337+0000] {dag.py:2690} INFO - Sync 1 DAGs
[2023-09-06T04:37:02.423+0000] {logging_mixin.py:137} INFO - [2023-09-06T04:37:02.423+0000] {dag.py:3441} INFO - Setting next_dagrun for example_task_group_decorator to 2023-09-05T04:37:02.422763+00:00, run_after=2023-09-06T04:37:02.422763+00:00
[2023-09-06T04:37:02.493+0000] {processor.py:175} INFO - Processing /home/airflow/.local/lib/python3.7/site-packages/airflow/example_dags/example_task_group_decorator.py took 0.379 seconds
[2023-09-06T04:37:33.251+0000] {processor.py:153} INFO - Started process (PID=383) to work on /home/airflow/.local/lib/python3.7/site-packages/airflow/example_dags/example_task_group_decorator.py
[2023-09-06T04:37:33.257+0000] {processor.py:743} INFO - Processing file /home/airflow/.local/lib/python3.7/site-packages/airflow/example_dags/example_task_group_decorator.py for tasks to queue
[2023-09-06T04:37:33.259+0000] {logging_mixin.py:137} INFO - [2023-09-06T04:37:33.259+0000] {dagbag.py:538} INFO - Filling up the DagBag from /home/airflow/.local/lib/python3.7/site-packages/airflow/example_dags/example_task_group_decorator.py
[2023-09-06T04:37:33.317+0000] {processor.py:753} INFO - DAG(s) dict_keys(['example_task_group_decorator']) retrieved from /home/airflow/.local/lib/python3.7/site-packages/airflow/example_dags/example_task_group_decorator.py
[2023-09-06T04:37:33.372+0000] {logging_mixin.py:137} INFO - [2023-09-06T04:37:33.372+0000] {dag.py:2690} INFO - Sync 1 DAGs
[2023-09-06T04:37:33.427+0000] {logging_mixin.py:137} INFO - [2023-09-06T04:37:33.427+0000] {dag.py:3441} INFO - Setting next_dagrun for example_task_group_decorator to 2023-09-05T04:37:33.427352+00:00, run_after=2023-09-06T04:37:33.427352+00:00
[2023-09-06T04:37:33.492+0000] {processor.py:175} INFO - Processing /home/airflow/.local/lib/python3.7/site-packages/airflow/example_dags/example_task_group_decorator.py took 0.246 seconds
[2023-09-06T04:38:04.180+0000] {processor.py:153} INFO - Started process (PID=443) to work on /home/airflow/.local/lib/python3.7/site-packages/airflow/example_dags/example_task_group_decorator.py
[2023-09-06T04:38:04.182+0000] {processor.py:743} INFO - Processing file /home/airflow/.local/lib/python3.7/site-packages/airflow/example_dags/example_task_group_decorator.py for tasks to queue
[2023-09-06T04:38:04.185+0000] {logging_mixin.py:137} INFO - [2023-09-06T04:38:04.184+0000] {dagbag.py:538} INFO - Filling up the DagBag from /home/airflow/.local/lib/python3.7/site-packages/airflow/example_dags/example_task_group_decorator.py
[2023-09-06T04:38:04.241+0000] {processor.py:753} INFO - DAG(s) dict_keys(['example_task_group_decorator']) retrieved from /home/airflow/.local/lib/python3.7/site-packages/airflow/example_dags/example_task_group_decorator.py
[2023-09-06T04:38:04.290+0000] {logging_mixin.py:137} INFO - [2023-09-06T04:38:04.289+0000] {dag.py:2690} INFO - Sync 1 DAGs
[2023-09-06T04:38:04.349+0000] {logging_mixin.py:137} INFO - [2023-09-06T04:38:04.349+0000] {dag.py:3441} INFO - Setting next_dagrun for example_task_group_decorator to 2023-09-05T04:38:04.349103+00:00, run_after=2023-09-06T04:38:04.349103+00:00
[2023-09-06T04:38:04.387+0000] {processor.py:175} INFO - Processing /home/airflow/.local/lib/python3.7/site-packages/airflow/example_dags/example_task_group_decorator.py took 0.212 seconds
[2023-09-06T04:38:35.808+0000] {processor.py:153} INFO - Started process (PID=502) to work on /home/airflow/.local/lib/python3.7/site-packages/airflow/example_dags/example_task_group_decorator.py
[2023-09-06T04:38:35.825+0000] {processor.py:743} INFO - Processing file /home/airflow/.local/lib/python3.7/site-packages/airflow/example_dags/example_task_group_decorator.py for tasks to queue
[2023-09-06T04:38:35.833+0000] {logging_mixin.py:137} INFO - [2023-09-06T04:38:35.833+0000] {dagbag.py:538} INFO - Filling up the DagBag from /home/airflow/.local/lib/python3.7/site-packages/airflow/example_dags/example_task_group_decorator.py
[2023-09-06T04:38:35.990+0000] {processor.py:753} INFO - DAG(s) dict_keys(['example_task_group_decorator']) retrieved from /home/airflow/.local/lib/python3.7/site-packages/airflow/example_dags/example_task_group_decorator.py
[2023-09-06T04:38:36.160+0000] {logging_mixin.py:137} INFO - [2023-09-06T04:38:36.159+0000] {dag.py:2690} INFO - Sync 1 DAGs
[2023-09-06T04:38:36.317+0000] {logging_mixin.py:137} INFO - [2023-09-06T04:38:36.317+0000] {dag.py:3441} INFO - Setting next_dagrun for example_task_group_decorator to 2023-09-05T04:38:36.317332+00:00, run_after=2023-09-06T04:38:36.317332+00:00
[2023-09-06T04:38:36.487+0000] {processor.py:175} INFO - Processing /home/airflow/.local/lib/python3.7/site-packages/airflow/example_dags/example_task_group_decorator.py took 0.689 seconds
[2023-09-06T04:39:06.925+0000] {processor.py:153} INFO - Started process (PID=561) to work on /home/airflow/.local/lib/python3.7/site-packages/airflow/example_dags/example_task_group_decorator.py
[2023-09-06T04:39:06.926+0000] {processor.py:743} INFO - Processing file /home/airflow/.local/lib/python3.7/site-packages/airflow/example_dags/example_task_group_decorator.py for tasks to queue
[2023-09-06T04:39:06.931+0000] {logging_mixin.py:137} INFO - [2023-09-06T04:39:06.931+0000] {dagbag.py:538} INFO - Filling up the DagBag from /home/airflow/.local/lib/python3.7/site-packages/airflow/example_dags/example_task_group_decorator.py
[2023-09-06T04:39:06.994+0000] {processor.py:753} INFO - DAG(s) dict_keys(['example_task_group_decorator']) retrieved from /home/airflow/.local/lib/python3.7/site-packages/airflow/example_dags/example_task_group_decorator.py
[2023-09-06T04:39:07.017+0000] {logging_mixin.py:137} INFO - [2023-09-06T04:39:07.016+0000] {dag.py:2690} INFO - Sync 1 DAGs
[2023-09-06T04:39:07.049+0000] {logging_mixin.py:137} INFO - [2023-09-06T04:39:07.049+0000] {dag.py:3441} INFO - Setting next_dagrun for example_task_group_decorator to 2023-09-05T04:39:07.049322+00:00, run_after=2023-09-06T04:39:07.049322+00:00
[2023-09-06T04:39:07.077+0000] {processor.py:175} INFO - Processing /home/airflow/.local/lib/python3.7/site-packages/airflow/example_dags/example_task_group_decorator.py took 0.156 seconds
[2023-09-06T04:39:37.586+0000] {processor.py:153} INFO - Started process (PID=631) to work on /home/airflow/.local/lib/python3.7/site-packages/airflow/example_dags/example_task_group_decorator.py
[2023-09-06T04:39:37.589+0000] {processor.py:743} INFO - Processing file /home/airflow/.local/lib/python3.7/site-packages/airflow/example_dags/example_task_group_decorator.py for tasks to queue
[2023-09-06T04:39:37.593+0000] {logging_mixin.py:137} INFO - [2023-09-06T04:39:37.592+0000] {dagbag.py:538} INFO - Filling up the DagBag from /home/airflow/.local/lib/python3.7/site-packages/airflow/example_dags/example_task_group_decorator.py
[2023-09-06T04:39:37.644+0000] {processor.py:753} INFO - DAG(s) dict_keys(['example_task_group_decorator']) retrieved from /home/airflow/.local/lib/python3.7/site-packages/airflow/example_dags/example_task_group_decorator.py
[2023-09-06T04:39:37.693+0000] {logging_mixin.py:137} INFO - [2023-09-06T04:39:37.693+0000] {dag.py:2690} INFO - Sync 1 DAGs
[2023-09-06T04:39:37.725+0000] {logging_mixin.py:137} INFO - [2023-09-06T04:39:37.725+0000] {dag.py:3441} INFO - Setting next_dagrun for example_task_group_decorator to 2023-09-05T04:39:37.725520+00:00, run_after=2023-09-06T04:39:37.725520+00:00
[2023-09-06T04:39:37.754+0000] {processor.py:175} INFO - Processing /home/airflow/.local/lib/python3.7/site-packages/airflow/example_dags/example_task_group_decorator.py took 0.177 seconds
[2023-09-06T04:40:08.503+0000] {processor.py:153} INFO - Started process (PID=690) to work on /home/airflow/.local/lib/python3.7/site-packages/airflow/example_dags/example_task_group_decorator.py
[2023-09-06T04:40:08.514+0000] {processor.py:743} INFO - Processing file /home/airflow/.local/lib/python3.7/site-packages/airflow/example_dags/example_task_group_decorator.py for tasks to queue
[2023-09-06T04:40:08.516+0000] {logging_mixin.py:137} INFO - [2023-09-06T04:40:08.516+0000] {dagbag.py:538} INFO - Filling up the DagBag from /home/airflow/.local/lib/python3.7/site-packages/airflow/example_dags/example_task_group_decorator.py
[2023-09-06T04:40:08.565+0000] {processor.py:753} INFO - DAG(s) dict_keys(['example_task_group_decorator']) retrieved from /home/airflow/.local/lib/python3.7/site-packages/airflow/example_dags/example_task_group_decorator.py
[2023-09-06T04:40:08.607+0000] {logging_mixin.py:137} INFO - [2023-09-06T04:40:08.607+0000] {dag.py:2690} INFO - Sync 1 DAGs
[2023-09-06T04:40:08.659+0000] {logging_mixin.py:137} INFO - [2023-09-06T04:40:08.658+0000] {dag.py:3441} INFO - Setting next_dagrun for example_task_group_decorator to 2023-09-05T04:40:08.658614+00:00, run_after=2023-09-06T04:40:08.658614+00:00
[2023-09-06T04:40:08.719+0000] {processor.py:175} INFO - Processing /home/airflow/.local/lib/python3.7/site-packages/airflow/example_dags/example_task_group_decorator.py took 0.221 seconds
[2023-09-06T04:40:39.349+0000] {processor.py:153} INFO - Started process (PID=749) to work on /home/airflow/.local/lib/python3.7/site-packages/airflow/example_dags/example_task_group_decorator.py
[2023-09-06T04:40:39.350+0000] {processor.py:743} INFO - Processing file /home/airflow/.local/lib/python3.7/site-packages/airflow/example_dags/example_task_group_decorator.py for tasks to queue
[2023-09-06T04:40:39.352+0000] {logging_mixin.py:137} INFO - [2023-09-06T04:40:39.352+0000] {dagbag.py:538} INFO - Filling up the DagBag from /home/airflow/.local/lib/python3.7/site-packages/airflow/example_dags/example_task_group_decorator.py
[2023-09-06T04:40:39.395+0000] {processor.py:753} INFO - DAG(s) dict_keys(['example_task_group_decorator']) retrieved from /home/airflow/.local/lib/python3.7/site-packages/airflow/example_dags/example_task_group_decorator.py
[2023-09-06T04:40:39.430+0000] {logging_mixin.py:137} INFO - [2023-09-06T04:40:39.430+0000] {dag.py:2690} INFO - Sync 1 DAGs
[2023-09-06T04:40:39.468+0000] {logging_mixin.py:137} INFO - [2023-09-06T04:40:39.468+0000] {dag.py:3441} INFO - Setting next_dagrun for example_task_group_decorator to 2023-09-05T04:40:39.468314+00:00, run_after=2023-09-06T04:40:39.468314+00:00
[2023-09-06T04:40:39.540+0000] {processor.py:175} INFO - Processing /home/airflow/.local/lib/python3.7/site-packages/airflow/example_dags/example_task_group_decorator.py took 0.198 seconds
[2023-09-06T04:41:10.502+0000] {processor.py:153} INFO - Started process (PID=819) to work on /home/airflow/.local/lib/python3.7/site-packages/airflow/example_dags/example_task_group_decorator.py
[2023-09-06T04:41:10.504+0000] {processor.py:743} INFO - Processing file /home/airflow/.local/lib/python3.7/site-packages/airflow/example_dags/example_task_group_decorator.py for tasks to queue
[2023-09-06T04:41:10.505+0000] {logging_mixin.py:137} INFO - [2023-09-06T04:41:10.505+0000] {dagbag.py:538} INFO - Filling up the DagBag from /home/airflow/.local/lib/python3.7/site-packages/airflow/example_dags/example_task_group_decorator.py
[2023-09-06T04:41:10.542+0000] {processor.py:753} INFO - DAG(s) dict_keys(['example_task_group_decorator']) retrieved from /home/airflow/.local/lib/python3.7/site-packages/airflow/example_dags/example_task_group_decorator.py
[2023-09-06T04:41:10.583+0000] {logging_mixin.py:137} INFO - [2023-09-06T04:41:10.582+0000] {dag.py:2690} INFO - Sync 1 DAGs
[2023-09-06T04:41:10.621+0000] {logging_mixin.py:137} INFO - [2023-09-06T04:41:10.621+0000] {dag.py:3441} INFO - Setting next_dagrun for example_task_group_decorator to 2023-09-05T04:41:10.620897+00:00, run_after=2023-09-06T04:41:10.620897+00:00
[2023-09-06T04:41:10.644+0000] {processor.py:175} INFO - Processing /home/airflow/.local/lib/python3.7/site-packages/airflow/example_dags/example_task_group_decorator.py took 0.146 seconds
[2023-09-06T04:41:41.013+0000] {processor.py:153} INFO - Started process (PID=878) to work on /home/airflow/.local/lib/python3.7/site-packages/airflow/example_dags/example_task_group_decorator.py
[2023-09-06T04:41:41.014+0000] {processor.py:743} INFO - Processing file /home/airflow/.local/lib/python3.7/site-packages/airflow/example_dags/example_task_group_decorator.py for tasks to queue
[2023-09-06T04:41:41.016+0000] {logging_mixin.py:137} INFO - [2023-09-06T04:41:41.016+0000] {dagbag.py:538} INFO - Filling up the DagBag from /home/airflow/.local/lib/python3.7/site-packages/airflow/example_dags/example_task_group_decorator.py
[2023-09-06T04:41:41.047+0000] {processor.py:753} INFO - DAG(s) dict_keys(['example_task_group_decorator']) retrieved from /home/airflow/.local/lib/python3.7/site-packages/airflow/example_dags/example_task_group_decorator.py
[2023-09-06T04:41:41.077+0000] {logging_mixin.py:137} INFO - [2023-09-06T04:41:41.077+0000] {dag.py:2690} INFO - Sync 1 DAGs
[2023-09-06T04:41:41.117+0000] {logging_mixin.py:137} INFO - [2023-09-06T04:41:41.116+0000] {dag.py:3441} INFO - Setting next_dagrun for example_task_group_decorator to 2023-09-05T04:41:41.116720+00:00, run_after=2023-09-06T04:41:41.116720+00:00
[2023-09-06T04:41:41.137+0000] {processor.py:175} INFO - Processing /home/airflow/.local/lib/python3.7/site-packages/airflow/example_dags/example_task_group_decorator.py took 0.127 seconds
[2023-09-06T04:42:12.057+0000] {processor.py:153} INFO - Started process (PID=949) to work on /home/airflow/.local/lib/python3.7/site-packages/airflow/example_dags/example_task_group_decorator.py
[2023-09-06T04:42:12.059+0000] {processor.py:743} INFO - Processing file /home/airflow/.local/lib/python3.7/site-packages/airflow/example_dags/example_task_group_decorator.py for tasks to queue
[2023-09-06T04:42:12.061+0000] {logging_mixin.py:137} INFO - [2023-09-06T04:42:12.061+0000] {dagbag.py:538} INFO - Filling up the DagBag from /home/airflow/.local/lib/python3.7/site-packages/airflow/example_dags/example_task_group_decorator.py
[2023-09-06T04:42:12.127+0000] {processor.py:753} INFO - DAG(s) dict_keys(['example_task_group_decorator']) retrieved from /home/airflow/.local/lib/python3.7/site-packages/airflow/example_dags/example_task_group_decorator.py
[2023-09-06T04:42:12.161+0000] {logging_mixin.py:137} INFO - [2023-09-06T04:42:12.161+0000] {dag.py:2690} INFO - Sync 1 DAGs
[2023-09-06T04:42:12.223+0000] {logging_mixin.py:137} INFO - [2023-09-06T04:42:12.223+0000] {dag.py:3441} INFO - Setting next_dagrun for example_task_group_decorator to 2023-09-05T04:42:12.222723+00:00, run_after=2023-09-06T04:42:12.222723+00:00
[2023-09-06T04:42:12.288+0000] {processor.py:175} INFO - Processing /home/airflow/.local/lib/python3.7/site-packages/airflow/example_dags/example_task_group_decorator.py took 0.235 seconds
[2023-09-06T04:42:43.164+0000] {processor.py:153} INFO - Started process (PID=1009) to work on /home/airflow/.local/lib/python3.7/site-packages/airflow/example_dags/example_task_group_decorator.py
[2023-09-06T04:42:43.175+0000] {processor.py:743} INFO - Processing file /home/airflow/.local/lib/python3.7/site-packages/airflow/example_dags/example_task_group_decorator.py for tasks to queue
[2023-09-06T04:42:43.176+0000] {logging_mixin.py:137} INFO - [2023-09-06T04:42:43.176+0000] {dagbag.py:538} INFO - Filling up the DagBag from /home/airflow/.local/lib/python3.7/site-packages/airflow/example_dags/example_task_group_decorator.py
[2023-09-06T04:42:43.217+0000] {processor.py:753} INFO - DAG(s) dict_keys(['example_task_group_decorator']) retrieved from /home/airflow/.local/lib/python3.7/site-packages/airflow/example_dags/example_task_group_decorator.py
[2023-09-06T04:42:43.250+0000] {logging_mixin.py:137} INFO - [2023-09-06T04:42:43.250+0000] {dag.py:2690} INFO - Sync 1 DAGs
[2023-09-06T04:42:43.319+0000] {logging_mixin.py:137} INFO - [2023-09-06T04:42:43.319+0000] {dag.py:3441} INFO - Setting next_dagrun for example_task_group_decorator to 2023-09-05T04:42:43.319186+00:00, run_after=2023-09-06T04:42:43.319186+00:00
[2023-09-06T04:42:43.387+0000] {processor.py:175} INFO - Processing /home/airflow/.local/lib/python3.7/site-packages/airflow/example_dags/example_task_group_decorator.py took 0.227 seconds
