[2023-09-06T04:26:32.971+0000] {processor.py:153} INFO - Started process (PID=105) to work on /home/airflow/.local/lib/python3.7/site-packages/airflow/example_dags/example_latest_only_with_trigger.py
[2023-09-06T04:26:32.972+0000] {processor.py:743} INFO - Processing file /home/airflow/.local/lib/python3.7/site-packages/airflow/example_dags/example_latest_only_with_trigger.py for tasks to queue
[2023-09-06T04:26:32.974+0000] {logging_mixin.py:137} INFO - [2023-09-06T04:26:32.974+0000] {dagbag.py:538} INFO - Filling up the DagBag from /home/airflow/.local/lib/python3.7/site-packages/airflow/example_dags/example_latest_only_with_trigger.py
[2023-09-06T04:26:33.000+0000] {processor.py:753} INFO - DAG(s) dict_keys(['latest_only_with_trigger']) retrieved from /home/airflow/.local/lib/python3.7/site-packages/airflow/example_dags/example_latest_only_with_trigger.py
[2023-09-06T04:26:33.049+0000] {logging_mixin.py:137} INFO - [2023-09-06T04:26:33.048+0000] {dag.py:2690} INFO - Sync 1 DAGs
[2023-09-06T04:26:33.122+0000] {logging_mixin.py:137} INFO - [2023-09-06T04:26:33.122+0000] {dag.py:3441} INFO - Setting next_dagrun for latest_only_with_trigger to 2023-09-06T00:26:33.122121+00:00, run_after=2023-09-06T04:26:33.122121+00:00
[2023-09-06T04:26:33.195+0000] {processor.py:175} INFO - Processing /home/airflow/.local/lib/python3.7/site-packages/airflow/example_dags/example_latest_only_with_trigger.py took 0.236 seconds
[2023-09-06T04:27:03.526+0000] {processor.py:153} INFO - Started process (PID=164) to work on /home/airflow/.local/lib/python3.7/site-packages/airflow/example_dags/example_latest_only_with_trigger.py
[2023-09-06T04:27:03.527+0000] {processor.py:743} INFO - Processing file /home/airflow/.local/lib/python3.7/site-packages/airflow/example_dags/example_latest_only_with_trigger.py for tasks to queue
[2023-09-06T04:27:03.529+0000] {logging_mixin.py:137} INFO - [2023-09-06T04:27:03.529+0000] {dagbag.py:538} INFO - Filling up the DagBag from /home/airflow/.local/lib/python3.7/site-packages/airflow/example_dags/example_latest_only_with_trigger.py
[2023-09-06T04:27:03.550+0000] {processor.py:753} INFO - DAG(s) dict_keys(['latest_only_with_trigger']) retrieved from /home/airflow/.local/lib/python3.7/site-packages/airflow/example_dags/example_latest_only_with_trigger.py
[2023-09-06T04:27:03.585+0000] {logging_mixin.py:137} INFO - [2023-09-06T04:27:03.585+0000] {dag.py:2690} INFO - Sync 1 DAGs
[2023-09-06T04:27:03.614+0000] {logging_mixin.py:137} INFO - [2023-09-06T04:27:03.614+0000] {dag.py:3441} INFO - Setting next_dagrun for latest_only_with_trigger to 2023-09-06T00:27:03.614009+00:00, run_after=2023-09-06T04:27:03.614009+00:00
[2023-09-06T04:27:03.637+0000] {processor.py:175} INFO - Processing /home/airflow/.local/lib/python3.7/site-packages/airflow/example_dags/example_latest_only_with_trigger.py took 0.116 seconds
[2023-09-06T04:27:34.174+0000] {processor.py:153} INFO - Started process (PID=225) to work on /home/airflow/.local/lib/python3.7/site-packages/airflow/example_dags/example_latest_only_with_trigger.py
[2023-09-06T04:27:34.185+0000] {processor.py:743} INFO - Processing file /home/airflow/.local/lib/python3.7/site-packages/airflow/example_dags/example_latest_only_with_trigger.py for tasks to queue
[2023-09-06T04:27:34.186+0000] {logging_mixin.py:137} INFO - [2023-09-06T04:27:34.186+0000] {dagbag.py:538} INFO - Filling up the DagBag from /home/airflow/.local/lib/python3.7/site-packages/airflow/example_dags/example_latest_only_with_trigger.py
[2023-09-06T04:27:34.228+0000] {processor.py:753} INFO - DAG(s) dict_keys(['latest_only_with_trigger']) retrieved from /home/airflow/.local/lib/python3.7/site-packages/airflow/example_dags/example_latest_only_with_trigger.py
[2023-09-06T04:27:34.295+0000] {logging_mixin.py:137} INFO - [2023-09-06T04:27:34.295+0000] {dag.py:2690} INFO - Sync 1 DAGs
[2023-09-06T04:27:34.390+0000] {logging_mixin.py:137} INFO - [2023-09-06T04:27:34.390+0000] {dag.py:3441} INFO - Setting next_dagrun for latest_only_with_trigger to 2023-09-06T00:27:34.388205+00:00, run_after=2023-09-06T04:27:34.388205+00:00
[2023-09-06T04:27:34.495+0000] {processor.py:175} INFO - Processing /home/airflow/.local/lib/python3.7/site-packages/airflow/example_dags/example_latest_only_with_trigger.py took 0.325 seconds
[2023-09-06T04:28:04.837+0000] {processor.py:153} INFO - Started process (PID=293) to work on /home/airflow/.local/lib/python3.7/site-packages/airflow/example_dags/example_latest_only_with_trigger.py
[2023-09-06T04:28:04.839+0000] {processor.py:743} INFO - Processing file /home/airflow/.local/lib/python3.7/site-packages/airflow/example_dags/example_latest_only_with_trigger.py for tasks to queue
[2023-09-06T04:28:04.840+0000] {logging_mixin.py:137} INFO - [2023-09-06T04:28:04.840+0000] {dagbag.py:538} INFO - Filling up the DagBag from /home/airflow/.local/lib/python3.7/site-packages/airflow/example_dags/example_latest_only_with_trigger.py
[2023-09-06T04:28:04.859+0000] {processor.py:753} INFO - DAG(s) dict_keys(['latest_only_with_trigger']) retrieved from /home/airflow/.local/lib/python3.7/site-packages/airflow/example_dags/example_latest_only_with_trigger.py
[2023-09-06T04:28:04.892+0000] {logging_mixin.py:137} INFO - [2023-09-06T04:28:04.891+0000] {dag.py:2690} INFO - Sync 1 DAGs
[2023-09-06T04:28:04.933+0000] {logging_mixin.py:137} INFO - [2023-09-06T04:28:04.933+0000] {dag.py:3441} INFO - Setting next_dagrun for latest_only_with_trigger to 2023-09-06T00:28:04.933067+00:00, run_after=2023-09-06T04:28:04.933067+00:00
[2023-09-06T04:28:04.962+0000] {processor.py:175} INFO - Processing /home/airflow/.local/lib/python3.7/site-packages/airflow/example_dags/example_latest_only_with_trigger.py took 0.129 seconds
[2023-09-06T04:29:17.508+0000] {processor.py:153} INFO - Started process (PID=84) to work on /home/airflow/.local/lib/python3.7/site-packages/airflow/example_dags/example_latest_only_with_trigger.py
[2023-09-06T04:29:17.524+0000] {processor.py:743} INFO - Processing file /home/airflow/.local/lib/python3.7/site-packages/airflow/example_dags/example_latest_only_with_trigger.py for tasks to queue
[2023-09-06T04:29:17.526+0000] {logging_mixin.py:137} INFO - [2023-09-06T04:29:17.526+0000] {dagbag.py:538} INFO - Filling up the DagBag from /home/airflow/.local/lib/python3.7/site-packages/airflow/example_dags/example_latest_only_with_trigger.py
[2023-09-06T04:29:17.618+0000] {processor.py:753} INFO - DAG(s) dict_keys(['latest_only_with_trigger']) retrieved from /home/airflow/.local/lib/python3.7/site-packages/airflow/example_dags/example_latest_only_with_trigger.py
[2023-09-06T04:29:17.765+0000] {logging_mixin.py:137} INFO - [2023-09-06T04:29:17.764+0000] {dag.py:2690} INFO - Sync 1 DAGs
[2023-09-06T04:29:17.865+0000] {logging_mixin.py:137} INFO - [2023-09-06T04:29:17.865+0000] {dag.py:3441} INFO - Setting next_dagrun for latest_only_with_trigger to 2023-09-06T00:29:17.865392+00:00, run_after=2023-09-06T04:29:17.865392+00:00
[2023-09-06T04:29:17.953+0000] {processor.py:175} INFO - Processing /home/airflow/.local/lib/python3.7/site-packages/airflow/example_dags/example_latest_only_with_trigger.py took 0.449 seconds
[2023-09-06T04:29:48.093+0000] {processor.py:153} INFO - Started process (PID=141) to work on /home/airflow/.local/lib/python3.7/site-packages/airflow/example_dags/example_latest_only_with_trigger.py
[2023-09-06T04:29:48.094+0000] {processor.py:743} INFO - Processing file /home/airflow/.local/lib/python3.7/site-packages/airflow/example_dags/example_latest_only_with_trigger.py for tasks to queue
[2023-09-06T04:29:48.097+0000] {logging_mixin.py:137} INFO - [2023-09-06T04:29:48.096+0000] {dagbag.py:538} INFO - Filling up the DagBag from /home/airflow/.local/lib/python3.7/site-packages/airflow/example_dags/example_latest_only_with_trigger.py
[2023-09-06T04:29:48.120+0000] {processor.py:753} INFO - DAG(s) dict_keys(['latest_only_with_trigger']) retrieved from /home/airflow/.local/lib/python3.7/site-packages/airflow/example_dags/example_latest_only_with_trigger.py
[2023-09-06T04:29:48.166+0000] {logging_mixin.py:137} INFO - [2023-09-06T04:29:48.165+0000] {dag.py:2690} INFO - Sync 1 DAGs
[2023-09-06T04:29:48.229+0000] {logging_mixin.py:137} INFO - [2023-09-06T04:29:48.228+0000] {dag.py:3441} INFO - Setting next_dagrun for latest_only_with_trigger to 2023-09-06T00:29:48.228633+00:00, run_after=2023-09-06T04:29:48.228633+00:00
[2023-09-06T04:29:48.276+0000] {processor.py:175} INFO - Processing /home/airflow/.local/lib/python3.7/site-packages/airflow/example_dags/example_latest_only_with_trigger.py took 0.186 seconds
[2023-09-06T04:30:18.371+0000] {processor.py:153} INFO - Started process (PID=210) to work on /home/airflow/.local/lib/python3.7/site-packages/airflow/example_dags/example_latest_only_with_trigger.py
[2023-09-06T04:30:18.373+0000] {processor.py:743} INFO - Processing file /home/airflow/.local/lib/python3.7/site-packages/airflow/example_dags/example_latest_only_with_trigger.py for tasks to queue
[2023-09-06T04:30:18.375+0000] {logging_mixin.py:137} INFO - [2023-09-06T04:30:18.374+0000] {dagbag.py:538} INFO - Filling up the DagBag from /home/airflow/.local/lib/python3.7/site-packages/airflow/example_dags/example_latest_only_with_trigger.py
[2023-09-06T04:30:18.391+0000] {processor.py:753} INFO - DAG(s) dict_keys(['latest_only_with_trigger']) retrieved from /home/airflow/.local/lib/python3.7/site-packages/airflow/example_dags/example_latest_only_with_trigger.py
[2023-09-06T04:30:18.423+0000] {logging_mixin.py:137} INFO - [2023-09-06T04:30:18.423+0000] {dag.py:2690} INFO - Sync 1 DAGs
[2023-09-06T04:30:18.446+0000] {logging_mixin.py:137} INFO - [2023-09-06T04:30:18.446+0000] {dag.py:3441} INFO - Setting next_dagrun for latest_only_with_trigger to 2023-09-06T00:30:18.445807+00:00, run_after=2023-09-06T04:30:18.445807+00:00
[2023-09-06T04:30:18.464+0000] {processor.py:175} INFO - Processing /home/airflow/.local/lib/python3.7/site-packages/airflow/example_dags/example_latest_only_with_trigger.py took 0.098 seconds
[2023-09-06T04:30:49.001+0000] {processor.py:153} INFO - Started process (PID=270) to work on /home/airflow/.local/lib/python3.7/site-packages/airflow/example_dags/example_latest_only_with_trigger.py
[2023-09-06T04:30:49.003+0000] {processor.py:743} INFO - Processing file /home/airflow/.local/lib/python3.7/site-packages/airflow/example_dags/example_latest_only_with_trigger.py for tasks to queue
[2023-09-06T04:30:49.004+0000] {logging_mixin.py:137} INFO - [2023-09-06T04:30:49.004+0000] {dagbag.py:538} INFO - Filling up the DagBag from /home/airflow/.local/lib/python3.7/site-packages/airflow/example_dags/example_latest_only_with_trigger.py
[2023-09-06T04:30:49.020+0000] {processor.py:753} INFO - DAG(s) dict_keys(['latest_only_with_trigger']) retrieved from /home/airflow/.local/lib/python3.7/site-packages/airflow/example_dags/example_latest_only_with_trigger.py
[2023-09-06T04:30:49.051+0000] {logging_mixin.py:137} INFO - [2023-09-06T04:30:49.051+0000] {dag.py:2690} INFO - Sync 1 DAGs
[2023-09-06T04:30:49.087+0000] {logging_mixin.py:137} INFO - [2023-09-06T04:30:49.087+0000] {dag.py:3441} INFO - Setting next_dagrun for latest_only_with_trigger to 2023-09-06T00:30:49.086730+00:00, run_after=2023-09-06T04:30:49.086730+00:00
[2023-09-06T04:30:49.108+0000] {processor.py:175} INFO - Processing /home/airflow/.local/lib/python3.7/site-packages/airflow/example_dags/example_latest_only_with_trigger.py took 0.111 seconds
[2023-09-06T04:31:19.907+0000] {processor.py:153} INFO - Started process (PID=335) to work on /home/airflow/.local/lib/python3.7/site-packages/airflow/example_dags/example_latest_only_with_trigger.py
[2023-09-06T04:31:19.909+0000] {processor.py:743} INFO - Processing file /home/airflow/.local/lib/python3.7/site-packages/airflow/example_dags/example_latest_only_with_trigger.py for tasks to queue
[2023-09-06T04:31:19.916+0000] {logging_mixin.py:137} INFO - [2023-09-06T04:31:19.915+0000] {dagbag.py:538} INFO - Filling up the DagBag from /home/airflow/.local/lib/python3.7/site-packages/airflow/example_dags/example_latest_only_with_trigger.py
[2023-09-06T04:31:19.953+0000] {processor.py:753} INFO - DAG(s) dict_keys(['latest_only_with_trigger']) retrieved from /home/airflow/.local/lib/python3.7/site-packages/airflow/example_dags/example_latest_only_with_trigger.py
[2023-09-06T04:31:20.009+0000] {logging_mixin.py:137} INFO - [2023-09-06T04:31:20.008+0000] {dag.py:2690} INFO - Sync 1 DAGs
[2023-09-06T04:31:20.081+0000] {logging_mixin.py:137} INFO - [2023-09-06T04:31:20.081+0000] {dag.py:3441} INFO - Setting next_dagrun for latest_only_with_trigger to 2023-09-06T00:31:20.081004+00:00, run_after=2023-09-06T04:31:20.081004+00:00
[2023-09-06T04:31:20.125+0000] {processor.py:175} INFO - Processing /home/airflow/.local/lib/python3.7/site-packages/airflow/example_dags/example_latest_only_with_trigger.py took 0.221 seconds
[2023-09-06T04:31:50.321+0000] {processor.py:153} INFO - Started process (PID=397) to work on /home/airflow/.local/lib/python3.7/site-packages/airflow/example_dags/example_latest_only_with_trigger.py
[2023-09-06T04:31:50.323+0000] {processor.py:743} INFO - Processing file /home/airflow/.local/lib/python3.7/site-packages/airflow/example_dags/example_latest_only_with_trigger.py for tasks to queue
[2023-09-06T04:31:50.324+0000] {logging_mixin.py:137} INFO - [2023-09-06T04:31:50.324+0000] {dagbag.py:538} INFO - Filling up the DagBag from /home/airflow/.local/lib/python3.7/site-packages/airflow/example_dags/example_latest_only_with_trigger.py
[2023-09-06T04:31:50.340+0000] {processor.py:753} INFO - DAG(s) dict_keys(['latest_only_with_trigger']) retrieved from /home/airflow/.local/lib/python3.7/site-packages/airflow/example_dags/example_latest_only_with_trigger.py
[2023-09-06T04:31:50.376+0000] {logging_mixin.py:137} INFO - [2023-09-06T04:31:50.376+0000] {dag.py:2690} INFO - Sync 1 DAGs
[2023-09-06T04:31:50.404+0000] {logging_mixin.py:137} INFO - [2023-09-06T04:31:50.403+0000] {dag.py:3441} INFO - Setting next_dagrun for latest_only_with_trigger to 2023-09-06T00:31:50.403684+00:00, run_after=2023-09-06T04:31:50.403684+00:00
[2023-09-06T04:31:50.435+0000] {processor.py:175} INFO - Processing /home/airflow/.local/lib/python3.7/site-packages/airflow/example_dags/example_latest_only_with_trigger.py took 0.118 seconds
[2023-09-06T04:32:21.098+0000] {processor.py:153} INFO - Started process (PID=457) to work on /home/airflow/.local/lib/python3.7/site-packages/airflow/example_dags/example_latest_only_with_trigger.py
[2023-09-06T04:32:21.100+0000] {processor.py:743} INFO - Processing file /home/airflow/.local/lib/python3.7/site-packages/airflow/example_dags/example_latest_only_with_trigger.py for tasks to queue
[2023-09-06T04:32:21.101+0000] {logging_mixin.py:137} INFO - [2023-09-06T04:32:21.100+0000] {dagbag.py:538} INFO - Filling up the DagBag from /home/airflow/.local/lib/python3.7/site-packages/airflow/example_dags/example_latest_only_with_trigger.py
[2023-09-06T04:32:21.118+0000] {processor.py:753} INFO - DAG(s) dict_keys(['latest_only_with_trigger']) retrieved from /home/airflow/.local/lib/python3.7/site-packages/airflow/example_dags/example_latest_only_with_trigger.py
[2023-09-06T04:32:21.147+0000] {logging_mixin.py:137} INFO - [2023-09-06T04:32:21.147+0000] {dag.py:2690} INFO - Sync 1 DAGs
[2023-09-06T04:32:21.175+0000] {logging_mixin.py:137} INFO - [2023-09-06T04:32:21.175+0000] {dag.py:3441} INFO - Setting next_dagrun for latest_only_with_trigger to 2023-09-06T00:32:21.175071+00:00, run_after=2023-09-06T04:32:21.175071+00:00
[2023-09-06T04:32:21.195+0000] {processor.py:175} INFO - Processing /home/airflow/.local/lib/python3.7/site-packages/airflow/example_dags/example_latest_only_with_trigger.py took 0.102 seconds
[2023-09-06T04:32:51.760+0000] {processor.py:153} INFO - Started process (PID=526) to work on /home/airflow/.local/lib/python3.7/site-packages/airflow/example_dags/example_latest_only_with_trigger.py
[2023-09-06T04:32:51.765+0000] {processor.py:743} INFO - Processing file /home/airflow/.local/lib/python3.7/site-packages/airflow/example_dags/example_latest_only_with_trigger.py for tasks to queue
[2023-09-06T04:32:51.766+0000] {logging_mixin.py:137} INFO - [2023-09-06T04:32:51.766+0000] {dagbag.py:538} INFO - Filling up the DagBag from /home/airflow/.local/lib/python3.7/site-packages/airflow/example_dags/example_latest_only_with_trigger.py
[2023-09-06T04:32:51.792+0000] {processor.py:753} INFO - DAG(s) dict_keys(['latest_only_with_trigger']) retrieved from /home/airflow/.local/lib/python3.7/site-packages/airflow/example_dags/example_latest_only_with_trigger.py
[2023-09-06T04:32:51.840+0000] {logging_mixin.py:137} INFO - [2023-09-06T04:32:51.840+0000] {dag.py:2690} INFO - Sync 1 DAGs
[2023-09-06T04:32:51.868+0000] {logging_mixin.py:137} INFO - [2023-09-06T04:32:51.868+0000] {dag.py:3441} INFO - Setting next_dagrun for latest_only_with_trigger to 2023-09-06T00:32:51.868101+00:00, run_after=2023-09-06T04:32:51.868101+00:00
[2023-09-06T04:32:51.895+0000] {processor.py:175} INFO - Processing /home/airflow/.local/lib/python3.7/site-packages/airflow/example_dags/example_latest_only_with_trigger.py took 0.138 seconds
[2023-09-06T04:33:22.104+0000] {processor.py:153} INFO - Started process (PID=587) to work on /home/airflow/.local/lib/python3.7/site-packages/airflow/example_dags/example_latest_only_with_trigger.py
[2023-09-06T04:33:22.106+0000] {processor.py:743} INFO - Processing file /home/airflow/.local/lib/python3.7/site-packages/airflow/example_dags/example_latest_only_with_trigger.py for tasks to queue
[2023-09-06T04:33:22.108+0000] {logging_mixin.py:137} INFO - [2023-09-06T04:33:22.108+0000] {dagbag.py:538} INFO - Filling up the DagBag from /home/airflow/.local/lib/python3.7/site-packages/airflow/example_dags/example_latest_only_with_trigger.py
[2023-09-06T04:33:22.136+0000] {processor.py:753} INFO - DAG(s) dict_keys(['latest_only_with_trigger']) retrieved from /home/airflow/.local/lib/python3.7/site-packages/airflow/example_dags/example_latest_only_with_trigger.py
[2023-09-06T04:33:22.178+0000] {logging_mixin.py:137} INFO - [2023-09-06T04:33:22.178+0000] {dag.py:2690} INFO - Sync 1 DAGs
[2023-09-06T04:33:22.221+0000] {logging_mixin.py:137} INFO - [2023-09-06T04:33:22.221+0000] {dag.py:3441} INFO - Setting next_dagrun for latest_only_with_trigger to 2023-09-06T00:33:22.220536+00:00, run_after=2023-09-06T04:33:22.220536+00:00
[2023-09-06T04:33:22.255+0000] {processor.py:175} INFO - Processing /home/airflow/.local/lib/python3.7/site-packages/airflow/example_dags/example_latest_only_with_trigger.py took 0.154 seconds
[2023-09-06T04:33:52.371+0000] {processor.py:153} INFO - Started process (PID=646) to work on /home/airflow/.local/lib/python3.7/site-packages/airflow/example_dags/example_latest_only_with_trigger.py
[2023-09-06T04:33:52.372+0000] {processor.py:743} INFO - Processing file /home/airflow/.local/lib/python3.7/site-packages/airflow/example_dags/example_latest_only_with_trigger.py for tasks to queue
[2023-09-06T04:33:52.373+0000] {logging_mixin.py:137} INFO - [2023-09-06T04:33:52.373+0000] {dagbag.py:538} INFO - Filling up the DagBag from /home/airflow/.local/lib/python3.7/site-packages/airflow/example_dags/example_latest_only_with_trigger.py
[2023-09-06T04:33:52.390+0000] {processor.py:753} INFO - DAG(s) dict_keys(['latest_only_with_trigger']) retrieved from /home/airflow/.local/lib/python3.7/site-packages/airflow/example_dags/example_latest_only_with_trigger.py
[2023-09-06T04:33:52.416+0000] {logging_mixin.py:137} INFO - [2023-09-06T04:33:52.416+0000] {dag.py:2690} INFO - Sync 1 DAGs
[2023-09-06T04:33:52.467+0000] {logging_mixin.py:137} INFO - [2023-09-06T04:33:52.467+0000] {dag.py:3441} INFO - Setting next_dagrun for latest_only_with_trigger to 2023-09-06T00:33:52.467222+00:00, run_after=2023-09-06T04:33:52.467222+00:00
[2023-09-06T04:33:52.491+0000] {processor.py:175} INFO - Processing /home/airflow/.local/lib/python3.7/site-packages/airflow/example_dags/example_latest_only_with_trigger.py took 0.124 seconds
[2023-09-06T04:34:59.889+0000] {processor.py:153} INFO - Started process (PID=72) to work on /home/airflow/.local/lib/python3.7/site-packages/airflow/example_dags/example_latest_only_with_trigger.py
[2023-09-06T04:34:59.893+0000] {processor.py:743} INFO - Processing file /home/airflow/.local/lib/python3.7/site-packages/airflow/example_dags/example_latest_only_with_trigger.py for tasks to queue
[2023-09-06T04:34:59.896+0000] {logging_mixin.py:137} INFO - [2023-09-06T04:34:59.896+0000] {dagbag.py:538} INFO - Filling up the DagBag from /home/airflow/.local/lib/python3.7/site-packages/airflow/example_dags/example_latest_only_with_trigger.py
[2023-09-06T04:34:59.964+0000] {processor.py:753} INFO - DAG(s) dict_keys(['latest_only_with_trigger']) retrieved from /home/airflow/.local/lib/python3.7/site-packages/airflow/example_dags/example_latest_only_with_trigger.py
[2023-09-06T04:35:00.065+0000] {logging_mixin.py:137} INFO - [2023-09-06T04:35:00.064+0000] {dag.py:2690} INFO - Sync 1 DAGs
[2023-09-06T04:35:00.139+0000] {logging_mixin.py:137} INFO - [2023-09-06T04:35:00.139+0000] {dag.py:3441} INFO - Setting next_dagrun for latest_only_with_trigger to 2023-09-06T00:35:00.138694+00:00, run_after=2023-09-06T04:35:00.138694+00:00
[2023-09-06T04:35:00.211+0000] {processor.py:175} INFO - Processing /home/airflow/.local/lib/python3.7/site-packages/airflow/example_dags/example_latest_only_with_trigger.py took 0.327 seconds
[2023-09-06T04:35:31.631+0000] {processor.py:153} INFO - Started process (PID=140) to work on /home/airflow/.local/lib/python3.7/site-packages/airflow/example_dags/example_latest_only_with_trigger.py
[2023-09-06T04:35:31.651+0000] {processor.py:743} INFO - Processing file /home/airflow/.local/lib/python3.7/site-packages/airflow/example_dags/example_latest_only_with_trigger.py for tasks to queue
[2023-09-06T04:35:31.655+0000] {logging_mixin.py:137} INFO - [2023-09-06T04:35:31.655+0000] {dagbag.py:538} INFO - Filling up the DagBag from /home/airflow/.local/lib/python3.7/site-packages/airflow/example_dags/example_latest_only_with_trigger.py
[2023-09-06T04:35:31.734+0000] {processor.py:753} INFO - DAG(s) dict_keys(['latest_only_with_trigger']) retrieved from /home/airflow/.local/lib/python3.7/site-packages/airflow/example_dags/example_latest_only_with_trigger.py
[2023-09-06T04:35:31.807+0000] {logging_mixin.py:137} INFO - [2023-09-06T04:35:31.807+0000] {dag.py:2690} INFO - Sync 1 DAGs
[2023-09-06T04:35:31.954+0000] {logging_mixin.py:137} INFO - [2023-09-06T04:35:31.953+0000] {dag.py:3441} INFO - Setting next_dagrun for latest_only_with_trigger to 2023-09-06T00:35:31.953433+00:00, run_after=2023-09-06T04:35:31.953433+00:00
[2023-09-06T04:35:32.025+0000] {processor.py:175} INFO - Processing /home/airflow/.local/lib/python3.7/site-packages/airflow/example_dags/example_latest_only_with_trigger.py took 0.398 seconds
[2023-09-06T04:36:02.372+0000] {processor.py:153} INFO - Started process (PID=201) to work on /home/airflow/.local/lib/python3.7/site-packages/airflow/example_dags/example_latest_only_with_trigger.py
[2023-09-06T04:36:02.374+0000] {processor.py:743} INFO - Processing file /home/airflow/.local/lib/python3.7/site-packages/airflow/example_dags/example_latest_only_with_trigger.py for tasks to queue
[2023-09-06T04:36:02.375+0000] {logging_mixin.py:137} INFO - [2023-09-06T04:36:02.375+0000] {dagbag.py:538} INFO - Filling up the DagBag from /home/airflow/.local/lib/python3.7/site-packages/airflow/example_dags/example_latest_only_with_trigger.py
[2023-09-06T04:36:02.394+0000] {processor.py:753} INFO - DAG(s) dict_keys(['latest_only_with_trigger']) retrieved from /home/airflow/.local/lib/python3.7/site-packages/airflow/example_dags/example_latest_only_with_trigger.py
[2023-09-06T04:36:02.433+0000] {logging_mixin.py:137} INFO - [2023-09-06T04:36:02.433+0000] {dag.py:2690} INFO - Sync 1 DAGs
[2023-09-06T04:36:02.483+0000] {logging_mixin.py:137} INFO - [2023-09-06T04:36:02.483+0000] {dag.py:3441} INFO - Setting next_dagrun for latest_only_with_trigger to 2023-09-06T00:36:02.483323+00:00, run_after=2023-09-06T04:36:02.483323+00:00
[2023-09-06T04:36:02.519+0000] {processor.py:175} INFO - Processing /home/airflow/.local/lib/python3.7/site-packages/airflow/example_dags/example_latest_only_with_trigger.py took 0.161 seconds
[2023-09-06T04:36:33.341+0000] {processor.py:153} INFO - Started process (PID=261) to work on /home/airflow/.local/lib/python3.7/site-packages/airflow/example_dags/example_latest_only_with_trigger.py
[2023-09-06T04:36:33.349+0000] {processor.py:743} INFO - Processing file /home/airflow/.local/lib/python3.7/site-packages/airflow/example_dags/example_latest_only_with_trigger.py for tasks to queue
[2023-09-06T04:36:33.353+0000] {logging_mixin.py:137} INFO - [2023-09-06T04:36:33.352+0000] {dagbag.py:538} INFO - Filling up the DagBag from /home/airflow/.local/lib/python3.7/site-packages/airflow/example_dags/example_latest_only_with_trigger.py
[2023-09-06T04:36:33.406+0000] {processor.py:753} INFO - DAG(s) dict_keys(['latest_only_with_trigger']) retrieved from /home/airflow/.local/lib/python3.7/site-packages/airflow/example_dags/example_latest_only_with_trigger.py
[2023-09-06T04:36:33.491+0000] {logging_mixin.py:137} INFO - [2023-09-06T04:36:33.491+0000] {dag.py:2690} INFO - Sync 1 DAGs
[2023-09-06T04:36:33.608+0000] {logging_mixin.py:137} INFO - [2023-09-06T04:36:33.608+0000] {dag.py:3441} INFO - Setting next_dagrun for latest_only_with_trigger to 2023-09-06T00:36:33.608414+00:00, run_after=2023-09-06T04:36:33.608414+00:00
[2023-09-06T04:36:33.658+0000] {processor.py:175} INFO - Processing /home/airflow/.local/lib/python3.7/site-packages/airflow/example_dags/example_latest_only_with_trigger.py took 0.321 seconds
[2023-09-06T04:37:03.919+0000] {processor.py:153} INFO - Started process (PID=320) to work on /home/airflow/.local/lib/python3.7/site-packages/airflow/example_dags/example_latest_only_with_trigger.py
[2023-09-06T04:37:03.924+0000] {processor.py:743} INFO - Processing file /home/airflow/.local/lib/python3.7/site-packages/airflow/example_dags/example_latest_only_with_trigger.py for tasks to queue
[2023-09-06T04:37:03.928+0000] {logging_mixin.py:137} INFO - [2023-09-06T04:37:03.928+0000] {dagbag.py:538} INFO - Filling up the DagBag from /home/airflow/.local/lib/python3.7/site-packages/airflow/example_dags/example_latest_only_with_trigger.py
[2023-09-06T04:37:03.975+0000] {processor.py:753} INFO - DAG(s) dict_keys(['latest_only_with_trigger']) retrieved from /home/airflow/.local/lib/python3.7/site-packages/airflow/example_dags/example_latest_only_with_trigger.py
[2023-09-06T04:37:04.044+0000] {logging_mixin.py:137} INFO - [2023-09-06T04:37:04.044+0000] {dag.py:2690} INFO - Sync 1 DAGs
[2023-09-06T04:37:04.103+0000] {logging_mixin.py:137} INFO - [2023-09-06T04:37:04.103+0000] {dag.py:3441} INFO - Setting next_dagrun for latest_only_with_trigger to 2023-09-06T00:37:04.103283+00:00, run_after=2023-09-06T04:37:04.103283+00:00
[2023-09-06T04:37:04.154+0000] {processor.py:175} INFO - Processing /home/airflow/.local/lib/python3.7/site-packages/airflow/example_dags/example_latest_only_with_trigger.py took 0.242 seconds
[2023-09-06T04:37:34.925+0000] {processor.py:153} INFO - Started process (PID=389) to work on /home/airflow/.local/lib/python3.7/site-packages/airflow/example_dags/example_latest_only_with_trigger.py
[2023-09-06T04:37:34.935+0000] {processor.py:743} INFO - Processing file /home/airflow/.local/lib/python3.7/site-packages/airflow/example_dags/example_latest_only_with_trigger.py for tasks to queue
[2023-09-06T04:37:34.937+0000] {logging_mixin.py:137} INFO - [2023-09-06T04:37:34.936+0000] {dagbag.py:538} INFO - Filling up the DagBag from /home/airflow/.local/lib/python3.7/site-packages/airflow/example_dags/example_latest_only_with_trigger.py
[2023-09-06T04:37:34.977+0000] {processor.py:753} INFO - DAG(s) dict_keys(['latest_only_with_trigger']) retrieved from /home/airflow/.local/lib/python3.7/site-packages/airflow/example_dags/example_latest_only_with_trigger.py
[2023-09-06T04:37:35.047+0000] {logging_mixin.py:137} INFO - [2023-09-06T04:37:35.046+0000] {dag.py:2690} INFO - Sync 1 DAGs
[2023-09-06T04:37:35.144+0000] {logging_mixin.py:137} INFO - [2023-09-06T04:37:35.144+0000] {dag.py:3441} INFO - Setting next_dagrun for latest_only_with_trigger to 2023-09-06T00:37:35.144115+00:00, run_after=2023-09-06T04:37:35.144115+00:00
[2023-09-06T04:37:35.215+0000] {processor.py:175} INFO - Processing /home/airflow/.local/lib/python3.7/site-packages/airflow/example_dags/example_latest_only_with_trigger.py took 0.294 seconds
[2023-09-06T04:38:05.662+0000] {processor.py:153} INFO - Started process (PID=448) to work on /home/airflow/.local/lib/python3.7/site-packages/airflow/example_dags/example_latest_only_with_trigger.py
[2023-09-06T04:38:05.663+0000] {processor.py:743} INFO - Processing file /home/airflow/.local/lib/python3.7/site-packages/airflow/example_dags/example_latest_only_with_trigger.py for tasks to queue
[2023-09-06T04:38:05.664+0000] {logging_mixin.py:137} INFO - [2023-09-06T04:38:05.664+0000] {dagbag.py:538} INFO - Filling up the DagBag from /home/airflow/.local/lib/python3.7/site-packages/airflow/example_dags/example_latest_only_with_trigger.py
[2023-09-06T04:38:05.689+0000] {processor.py:753} INFO - DAG(s) dict_keys(['latest_only_with_trigger']) retrieved from /home/airflow/.local/lib/python3.7/site-packages/airflow/example_dags/example_latest_only_with_trigger.py
[2023-09-06T04:38:05.736+0000] {logging_mixin.py:137} INFO - [2023-09-06T04:38:05.732+0000] {dag.py:2690} INFO - Sync 1 DAGs
[2023-09-06T04:38:05.805+0000] {logging_mixin.py:137} INFO - [2023-09-06T04:38:05.805+0000] {dag.py:3441} INFO - Setting next_dagrun for latest_only_with_trigger to 2023-09-06T00:38:05.804763+00:00, run_after=2023-09-06T04:38:05.804763+00:00
[2023-09-06T04:38:05.851+0000] {processor.py:175} INFO - Processing /home/airflow/.local/lib/python3.7/site-packages/airflow/example_dags/example_latest_only_with_trigger.py took 0.193 seconds
[2023-09-06T04:38:37.907+0000] {processor.py:153} INFO - Started process (PID=507) to work on /home/airflow/.local/lib/python3.7/site-packages/airflow/example_dags/example_latest_only_with_trigger.py
[2023-09-06T04:38:37.919+0000] {processor.py:743} INFO - Processing file /home/airflow/.local/lib/python3.7/site-packages/airflow/example_dags/example_latest_only_with_trigger.py for tasks to queue
[2023-09-06T04:38:37.928+0000] {logging_mixin.py:137} INFO - [2023-09-06T04:38:37.928+0000] {dagbag.py:538} INFO - Filling up the DagBag from /home/airflow/.local/lib/python3.7/site-packages/airflow/example_dags/example_latest_only_with_trigger.py
[2023-09-06T04:38:38.000+0000] {processor.py:753} INFO - DAG(s) dict_keys(['latest_only_with_trigger']) retrieved from /home/airflow/.local/lib/python3.7/site-packages/airflow/example_dags/example_latest_only_with_trigger.py
[2023-09-06T04:38:38.107+0000] {logging_mixin.py:137} INFO - [2023-09-06T04:38:38.107+0000] {dag.py:2690} INFO - Sync 1 DAGs
[2023-09-06T04:38:38.246+0000] {logging_mixin.py:137} INFO - [2023-09-06T04:38:38.245+0000] {dag.py:3441} INFO - Setting next_dagrun for latest_only_with_trigger to 2023-09-06T00:38:38.245516+00:00, run_after=2023-09-06T04:38:38.245516+00:00
[2023-09-06T04:38:38.355+0000] {processor.py:175} INFO - Processing /home/airflow/.local/lib/python3.7/site-packages/airflow/example_dags/example_latest_only_with_trigger.py took 0.453 seconds
[2023-09-06T04:39:09.213+0000] {processor.py:153} INFO - Started process (PID=575) to work on /home/airflow/.local/lib/python3.7/site-packages/airflow/example_dags/example_latest_only_with_trigger.py
[2023-09-06T04:39:09.218+0000] {processor.py:743} INFO - Processing file /home/airflow/.local/lib/python3.7/site-packages/airflow/example_dags/example_latest_only_with_trigger.py for tasks to queue
[2023-09-06T04:39:09.220+0000] {logging_mixin.py:137} INFO - [2023-09-06T04:39:09.220+0000] {dagbag.py:538} INFO - Filling up the DagBag from /home/airflow/.local/lib/python3.7/site-packages/airflow/example_dags/example_latest_only_with_trigger.py
[2023-09-06T04:39:09.288+0000] {processor.py:753} INFO - DAG(s) dict_keys(['latest_only_with_trigger']) retrieved from /home/airflow/.local/lib/python3.7/site-packages/airflow/example_dags/example_latest_only_with_trigger.py
[2023-09-06T04:39:09.342+0000] {logging_mixin.py:137} INFO - [2023-09-06T04:39:09.342+0000] {dag.py:2690} INFO - Sync 1 DAGs
[2023-09-06T04:39:09.408+0000] {logging_mixin.py:137} INFO - [2023-09-06T04:39:09.408+0000] {dag.py:3441} INFO - Setting next_dagrun for latest_only_with_trigger to 2023-09-06T00:39:09.408086+00:00, run_after=2023-09-06T04:39:09.408086+00:00
[2023-09-06T04:39:09.468+0000] {processor.py:175} INFO - Processing /home/airflow/.local/lib/python3.7/site-packages/airflow/example_dags/example_latest_only_with_trigger.py took 0.261 seconds
[2023-09-06T04:39:39.954+0000] {processor.py:153} INFO - Started process (PID=636) to work on /home/airflow/.local/lib/python3.7/site-packages/airflow/example_dags/example_latest_only_with_trigger.py
[2023-09-06T04:39:39.955+0000] {processor.py:743} INFO - Processing file /home/airflow/.local/lib/python3.7/site-packages/airflow/example_dags/example_latest_only_with_trigger.py for tasks to queue
[2023-09-06T04:39:39.956+0000] {logging_mixin.py:137} INFO - [2023-09-06T04:39:39.956+0000] {dagbag.py:538} INFO - Filling up the DagBag from /home/airflow/.local/lib/python3.7/site-packages/airflow/example_dags/example_latest_only_with_trigger.py
[2023-09-06T04:39:39.974+0000] {processor.py:753} INFO - DAG(s) dict_keys(['latest_only_with_trigger']) retrieved from /home/airflow/.local/lib/python3.7/site-packages/airflow/example_dags/example_latest_only_with_trigger.py
[2023-09-06T04:39:40.002+0000] {logging_mixin.py:137} INFO - [2023-09-06T04:39:40.002+0000] {dag.py:2690} INFO - Sync 1 DAGs
[2023-09-06T04:39:40.030+0000] {logging_mixin.py:137} INFO - [2023-09-06T04:39:40.030+0000] {dag.py:3441} INFO - Setting next_dagrun for latest_only_with_trigger to 2023-09-06T00:39:40.030438+00:00, run_after=2023-09-06T04:39:40.030438+00:00
[2023-09-06T04:39:40.059+0000] {processor.py:175} INFO - Processing /home/airflow/.local/lib/python3.7/site-packages/airflow/example_dags/example_latest_only_with_trigger.py took 0.111 seconds
[2023-09-06T04:40:10.407+0000] {processor.py:153} INFO - Started process (PID=695) to work on /home/airflow/.local/lib/python3.7/site-packages/airflow/example_dags/example_latest_only_with_trigger.py
[2023-09-06T04:40:10.409+0000] {processor.py:743} INFO - Processing file /home/airflow/.local/lib/python3.7/site-packages/airflow/example_dags/example_latest_only_with_trigger.py for tasks to queue
[2023-09-06T04:40:10.410+0000] {logging_mixin.py:137} INFO - [2023-09-06T04:40:10.410+0000] {dagbag.py:538} INFO - Filling up the DagBag from /home/airflow/.local/lib/python3.7/site-packages/airflow/example_dags/example_latest_only_with_trigger.py
[2023-09-06T04:40:10.465+0000] {processor.py:753} INFO - DAG(s) dict_keys(['latest_only_with_trigger']) retrieved from /home/airflow/.local/lib/python3.7/site-packages/airflow/example_dags/example_latest_only_with_trigger.py
[2023-09-06T04:40:10.524+0000] {logging_mixin.py:137} INFO - [2023-09-06T04:40:10.523+0000] {dag.py:2690} INFO - Sync 1 DAGs
[2023-09-06T04:40:10.587+0000] {logging_mixin.py:137} INFO - [2023-09-06T04:40:10.587+0000] {dag.py:3441} INFO - Setting next_dagrun for latest_only_with_trigger to 2023-09-06T00:40:10.586778+00:00, run_after=2023-09-06T04:40:10.586778+00:00
[2023-09-06T04:40:10.618+0000] {processor.py:175} INFO - Processing /home/airflow/.local/lib/python3.7/site-packages/airflow/example_dags/example_latest_only_with_trigger.py took 0.216 seconds
[2023-09-06T04:40:41.300+0000] {processor.py:153} INFO - Started process (PID=763) to work on /home/airflow/.local/lib/python3.7/site-packages/airflow/example_dags/example_latest_only_with_trigger.py
[2023-09-06T04:40:41.314+0000] {processor.py:743} INFO - Processing file /home/airflow/.local/lib/python3.7/site-packages/airflow/example_dags/example_latest_only_with_trigger.py for tasks to queue
[2023-09-06T04:40:41.319+0000] {logging_mixin.py:137} INFO - [2023-09-06T04:40:41.318+0000] {dagbag.py:538} INFO - Filling up the DagBag from /home/airflow/.local/lib/python3.7/site-packages/airflow/example_dags/example_latest_only_with_trigger.py
[2023-09-06T04:40:41.357+0000] {processor.py:753} INFO - DAG(s) dict_keys(['latest_only_with_trigger']) retrieved from /home/airflow/.local/lib/python3.7/site-packages/airflow/example_dags/example_latest_only_with_trigger.py
[2023-09-06T04:40:41.405+0000] {logging_mixin.py:137} INFO - [2023-09-06T04:40:41.405+0000] {dag.py:2690} INFO - Sync 1 DAGs
[2023-09-06T04:40:41.462+0000] {logging_mixin.py:137} INFO - [2023-09-06T04:40:41.462+0000] {dag.py:3441} INFO - Setting next_dagrun for latest_only_with_trigger to 2023-09-06T00:40:41.462497+00:00, run_after=2023-09-06T04:40:41.462497+00:00
[2023-09-06T04:40:41.522+0000] {processor.py:175} INFO - Processing /home/airflow/.local/lib/python3.7/site-packages/airflow/example_dags/example_latest_only_with_trigger.py took 0.232 seconds
[2023-09-06T04:41:12.320+0000] {processor.py:153} INFO - Started process (PID=824) to work on /home/airflow/.local/lib/python3.7/site-packages/airflow/example_dags/example_latest_only_with_trigger.py
[2023-09-06T04:41:12.322+0000] {processor.py:743} INFO - Processing file /home/airflow/.local/lib/python3.7/site-packages/airflow/example_dags/example_latest_only_with_trigger.py for tasks to queue
[2023-09-06T04:41:12.324+0000] {logging_mixin.py:137} INFO - [2023-09-06T04:41:12.324+0000] {dagbag.py:538} INFO - Filling up the DagBag from /home/airflow/.local/lib/python3.7/site-packages/airflow/example_dags/example_latest_only_with_trigger.py
[2023-09-06T04:41:12.345+0000] {processor.py:753} INFO - DAG(s) dict_keys(['latest_only_with_trigger']) retrieved from /home/airflow/.local/lib/python3.7/site-packages/airflow/example_dags/example_latest_only_with_trigger.py
[2023-09-06T04:41:12.375+0000] {logging_mixin.py:137} INFO - [2023-09-06T04:41:12.375+0000] {dag.py:2690} INFO - Sync 1 DAGs
[2023-09-06T04:41:12.401+0000] {logging_mixin.py:137} INFO - [2023-09-06T04:41:12.401+0000] {dag.py:3441} INFO - Setting next_dagrun for latest_only_with_trigger to 2023-09-06T00:41:12.401543+00:00, run_after=2023-09-06T04:41:12.401543+00:00
[2023-09-06T04:41:12.424+0000] {processor.py:175} INFO - Processing /home/airflow/.local/lib/python3.7/site-packages/airflow/example_dags/example_latest_only_with_trigger.py took 0.108 seconds
[2023-09-06T04:41:42.511+0000] {processor.py:153} INFO - Started process (PID=883) to work on /home/airflow/.local/lib/python3.7/site-packages/airflow/example_dags/example_latest_only_with_trigger.py
[2023-09-06T04:41:42.513+0000] {processor.py:743} INFO - Processing file /home/airflow/.local/lib/python3.7/site-packages/airflow/example_dags/example_latest_only_with_trigger.py for tasks to queue
[2023-09-06T04:41:42.514+0000] {logging_mixin.py:137} INFO - [2023-09-06T04:41:42.514+0000] {dagbag.py:538} INFO - Filling up the DagBag from /home/airflow/.local/lib/python3.7/site-packages/airflow/example_dags/example_latest_only_with_trigger.py
[2023-09-06T04:41:42.532+0000] {processor.py:753} INFO - DAG(s) dict_keys(['latest_only_with_trigger']) retrieved from /home/airflow/.local/lib/python3.7/site-packages/airflow/example_dags/example_latest_only_with_trigger.py
[2023-09-06T04:41:42.564+0000] {logging_mixin.py:137} INFO - [2023-09-06T04:41:42.564+0000] {dag.py:2690} INFO - Sync 1 DAGs
[2023-09-06T04:41:42.591+0000] {logging_mixin.py:137} INFO - [2023-09-06T04:41:42.591+0000] {dag.py:3441} INFO - Setting next_dagrun for latest_only_with_trigger to 2023-09-06T00:41:42.590715+00:00, run_after=2023-09-06T04:41:42.590715+00:00
[2023-09-06T04:41:42.617+0000] {processor.py:175} INFO - Processing /home/airflow/.local/lib/python3.7/site-packages/airflow/example_dags/example_latest_only_with_trigger.py took 0.109 seconds
[2023-09-06T04:42:13.095+0000] {processor.py:153} INFO - Started process (PID=954) to work on /home/airflow/.local/lib/python3.7/site-packages/airflow/example_dags/example_latest_only_with_trigger.py
[2023-09-06T04:42:13.100+0000] {processor.py:743} INFO - Processing file /home/airflow/.local/lib/python3.7/site-packages/airflow/example_dags/example_latest_only_with_trigger.py for tasks to queue
[2023-09-06T04:42:13.115+0000] {logging_mixin.py:137} INFO - [2023-09-06T04:42:13.114+0000] {dagbag.py:538} INFO - Filling up the DagBag from /home/airflow/.local/lib/python3.7/site-packages/airflow/example_dags/example_latest_only_with_trigger.py
[2023-09-06T04:42:13.144+0000] {processor.py:753} INFO - DAG(s) dict_keys(['latest_only_with_trigger']) retrieved from /home/airflow/.local/lib/python3.7/site-packages/airflow/example_dags/example_latest_only_with_trigger.py
[2023-09-06T04:42:13.239+0000] {logging_mixin.py:137} INFO - [2023-09-06T04:42:13.238+0000] {dag.py:2690} INFO - Sync 1 DAGs
[2023-09-06T04:42:13.335+0000] {logging_mixin.py:137} INFO - [2023-09-06T04:42:13.335+0000] {dag.py:3441} INFO - Setting next_dagrun for latest_only_with_trigger to 2023-09-06T00:42:13.334933+00:00, run_after=2023-09-06T04:42:13.334933+00:00
[2023-09-06T04:42:13.413+0000] {processor.py:175} INFO - Processing /home/airflow/.local/lib/python3.7/site-packages/airflow/example_dags/example_latest_only_with_trigger.py took 0.322 seconds
[2023-09-06T04:42:44.155+0000] {processor.py:153} INFO - Started process (PID=1014) to work on /home/airflow/.local/lib/python3.7/site-packages/airflow/example_dags/example_latest_only_with_trigger.py
[2023-09-06T04:42:44.157+0000] {processor.py:743} INFO - Processing file /home/airflow/.local/lib/python3.7/site-packages/airflow/example_dags/example_latest_only_with_trigger.py for tasks to queue
[2023-09-06T04:42:44.158+0000] {logging_mixin.py:137} INFO - [2023-09-06T04:42:44.158+0000] {dagbag.py:538} INFO - Filling up the DagBag from /home/airflow/.local/lib/python3.7/site-packages/airflow/example_dags/example_latest_only_with_trigger.py
[2023-09-06T04:42:44.181+0000] {processor.py:753} INFO - DAG(s) dict_keys(['latest_only_with_trigger']) retrieved from /home/airflow/.local/lib/python3.7/site-packages/airflow/example_dags/example_latest_only_with_trigger.py
[2023-09-06T04:42:44.258+0000] {logging_mixin.py:137} INFO - [2023-09-06T04:42:44.258+0000] {dag.py:2690} INFO - Sync 1 DAGs
[2023-09-06T04:42:44.320+0000] {logging_mixin.py:137} INFO - [2023-09-06T04:42:44.320+0000] {dag.py:3441} INFO - Setting next_dagrun for latest_only_with_trigger to 2023-09-06T00:42:44.319964+00:00, run_after=2023-09-06T04:42:44.319964+00:00
[2023-09-06T04:42:44.370+0000] {processor.py:175} INFO - Processing /home/airflow/.local/lib/python3.7/site-packages/airflow/example_dags/example_latest_only_with_trigger.py took 0.220 seconds
