[2023-09-06T04:26:15.412+0000] {processor.py:153} INFO - Started process (PID=64) to work on /home/airflow/.local/lib/python3.7/site-packages/airflow/example_dags/example_short_circuit_operator.py
[2023-09-06T04:26:15.447+0000] {processor.py:743} INFO - Processing file /home/airflow/.local/lib/python3.7/site-packages/airflow/example_dags/example_short_circuit_operator.py for tasks to queue
[2023-09-06T04:26:15.449+0000] {logging_mixin.py:137} INFO - [2023-09-06T04:26:15.449+0000] {dagbag.py:538} INFO - Filling up the DagBag from /home/airflow/.local/lib/python3.7/site-packages/airflow/example_dags/example_short_circuit_operator.py
[2023-09-06T04:26:15.885+0000] {processor.py:753} INFO - DAG(s) dict_keys(['example_short_circuit_operator']) retrieved from /home/airflow/.local/lib/python3.7/site-packages/airflow/example_dags/example_short_circuit_operator.py
[2023-09-06T04:26:16.050+0000] {logging_mixin.py:137} INFO - [2023-09-06T04:26:16.050+0000] {dag.py:2690} INFO - Sync 1 DAGs
[2023-09-06T04:26:16.335+0000] {logging_mixin.py:137} INFO - [2023-09-06T04:26:16.335+0000] {dag.py:3441} INFO - Setting next_dagrun for example_short_circuit_operator to 2023-09-05T04:26:16.335507+00:00, run_after=2023-09-06T04:26:16.335507+00:00
[2023-09-06T04:26:16.508+0000] {processor.py:175} INFO - Processing /home/airflow/.local/lib/python3.7/site-packages/airflow/example_dags/example_short_circuit_operator.py took 1.107 seconds
[2023-09-06T04:26:47.327+0000] {processor.py:153} INFO - Started process (PID=124) to work on /home/airflow/.local/lib/python3.7/site-packages/airflow/example_dags/example_short_circuit_operator.py
[2023-09-06T04:26:47.328+0000] {processor.py:743} INFO - Processing file /home/airflow/.local/lib/python3.7/site-packages/airflow/example_dags/example_short_circuit_operator.py for tasks to queue
[2023-09-06T04:26:47.330+0000] {logging_mixin.py:137} INFO - [2023-09-06T04:26:47.330+0000] {dagbag.py:538} INFO - Filling up the DagBag from /home/airflow/.local/lib/python3.7/site-packages/airflow/example_dags/example_short_circuit_operator.py
[2023-09-06T04:26:47.360+0000] {processor.py:753} INFO - DAG(s) dict_keys(['example_short_circuit_operator']) retrieved from /home/airflow/.local/lib/python3.7/site-packages/airflow/example_dags/example_short_circuit_operator.py
[2023-09-06T04:26:47.400+0000] {logging_mixin.py:137} INFO - [2023-09-06T04:26:47.399+0000] {dag.py:2690} INFO - Sync 1 DAGs
[2023-09-06T04:26:47.439+0000] {logging_mixin.py:137} INFO - [2023-09-06T04:26:47.439+0000] {dag.py:3441} INFO - Setting next_dagrun for example_short_circuit_operator to 2023-09-05T04:26:47.438974+00:00, run_after=2023-09-06T04:26:47.438974+00:00
[2023-09-06T04:26:47.496+0000] {processor.py:175} INFO - Processing /home/airflow/.local/lib/python3.7/site-packages/airflow/example_dags/example_short_circuit_operator.py took 0.173 seconds
[2023-09-06T04:27:17.553+0000] {processor.py:153} INFO - Started process (PID=182) to work on /home/airflow/.local/lib/python3.7/site-packages/airflow/example_dags/example_short_circuit_operator.py
[2023-09-06T04:27:17.554+0000] {processor.py:743} INFO - Processing file /home/airflow/.local/lib/python3.7/site-packages/airflow/example_dags/example_short_circuit_operator.py for tasks to queue
[2023-09-06T04:27:17.554+0000] {logging_mixin.py:137} INFO - [2023-09-06T04:27:17.554+0000] {dagbag.py:538} INFO - Filling up the DagBag from /home/airflow/.local/lib/python3.7/site-packages/airflow/example_dags/example_short_circuit_operator.py
[2023-09-06T04:27:17.575+0000] {processor.py:753} INFO - DAG(s) dict_keys(['example_short_circuit_operator']) retrieved from /home/airflow/.local/lib/python3.7/site-packages/airflow/example_dags/example_short_circuit_operator.py
[2023-09-06T04:27:17.604+0000] {logging_mixin.py:137} INFO - [2023-09-06T04:27:17.604+0000] {dag.py:2690} INFO - Sync 1 DAGs
[2023-09-06T04:27:17.631+0000] {logging_mixin.py:137} INFO - [2023-09-06T04:27:17.630+0000] {dag.py:3441} INFO - Setting next_dagrun for example_short_circuit_operator to 2023-09-05T04:27:17.630664+00:00, run_after=2023-09-06T04:27:17.630664+00:00
[2023-09-06T04:27:17.669+0000] {processor.py:175} INFO - Processing /home/airflow/.local/lib/python3.7/site-packages/airflow/example_dags/example_short_circuit_operator.py took 0.121 seconds
[2023-09-06T04:27:48.351+0000] {processor.py:153} INFO - Started process (PID=251) to work on /home/airflow/.local/lib/python3.7/site-packages/airflow/example_dags/example_short_circuit_operator.py
[2023-09-06T04:27:48.353+0000] {processor.py:743} INFO - Processing file /home/airflow/.local/lib/python3.7/site-packages/airflow/example_dags/example_short_circuit_operator.py for tasks to queue
[2023-09-06T04:27:48.355+0000] {logging_mixin.py:137} INFO - [2023-09-06T04:27:48.355+0000] {dagbag.py:538} INFO - Filling up the DagBag from /home/airflow/.local/lib/python3.7/site-packages/airflow/example_dags/example_short_circuit_operator.py
[2023-09-06T04:27:48.392+0000] {processor.py:753} INFO - DAG(s) dict_keys(['example_short_circuit_operator']) retrieved from /home/airflow/.local/lib/python3.7/site-packages/airflow/example_dags/example_short_circuit_operator.py
[2023-09-06T04:27:48.455+0000] {logging_mixin.py:137} INFO - [2023-09-06T04:27:48.455+0000] {dag.py:2690} INFO - Sync 1 DAGs
[2023-09-06T04:27:48.505+0000] {logging_mixin.py:137} INFO - [2023-09-06T04:27:48.505+0000] {dag.py:3441} INFO - Setting next_dagrun for example_short_circuit_operator to 2023-09-05T04:27:48.505212+00:00, run_after=2023-09-06T04:27:48.505212+00:00
[2023-09-06T04:27:48.548+0000] {processor.py:175} INFO - Processing /home/airflow/.local/lib/python3.7/site-packages/airflow/example_dags/example_short_circuit_operator.py took 0.202 seconds
[2023-09-06T04:28:18.705+0000] {processor.py:153} INFO - Started process (PID=311) to work on /home/airflow/.local/lib/python3.7/site-packages/airflow/example_dags/example_short_circuit_operator.py
[2023-09-06T04:28:18.706+0000] {processor.py:743} INFO - Processing file /home/airflow/.local/lib/python3.7/site-packages/airflow/example_dags/example_short_circuit_operator.py for tasks to queue
[2023-09-06T04:28:18.707+0000] {logging_mixin.py:137} INFO - [2023-09-06T04:28:18.707+0000] {dagbag.py:538} INFO - Filling up the DagBag from /home/airflow/.local/lib/python3.7/site-packages/airflow/example_dags/example_short_circuit_operator.py
[2023-09-06T04:28:18.726+0000] {processor.py:753} INFO - DAG(s) dict_keys(['example_short_circuit_operator']) retrieved from /home/airflow/.local/lib/python3.7/site-packages/airflow/example_dags/example_short_circuit_operator.py
[2023-09-06T04:28:18.757+0000] {logging_mixin.py:137} INFO - [2023-09-06T04:28:18.757+0000] {dag.py:2690} INFO - Sync 1 DAGs
[2023-09-06T04:28:18.794+0000] {logging_mixin.py:137} INFO - [2023-09-06T04:28:18.794+0000] {dag.py:3441} INFO - Setting next_dagrun for example_short_circuit_operator to 2023-09-05T04:28:18.789209+00:00, run_after=2023-09-06T04:28:18.789209+00:00
[2023-09-06T04:28:18.828+0000] {processor.py:175} INFO - Processing /home/airflow/.local/lib/python3.7/site-packages/airflow/example_dags/example_short_circuit_operator.py took 0.128 seconds
[2023-09-06T04:29:04.421+0000] {processor.py:153} INFO - Started process (PID=43) to work on /home/airflow/.local/lib/python3.7/site-packages/airflow/example_dags/example_short_circuit_operator.py
[2023-09-06T04:29:04.475+0000] {processor.py:743} INFO - Processing file /home/airflow/.local/lib/python3.7/site-packages/airflow/example_dags/example_short_circuit_operator.py for tasks to queue
[2023-09-06T04:29:04.490+0000] {logging_mixin.py:137} INFO - [2023-09-06T04:29:04.490+0000] {dagbag.py:538} INFO - Filling up the DagBag from /home/airflow/.local/lib/python3.7/site-packages/airflow/example_dags/example_short_circuit_operator.py
[2023-09-06T04:29:04.641+0000] {processor.py:753} INFO - DAG(s) dict_keys(['example_short_circuit_operator']) retrieved from /home/airflow/.local/lib/python3.7/site-packages/airflow/example_dags/example_short_circuit_operator.py
[2023-09-06T04:29:04.935+0000] {logging_mixin.py:137} INFO - [2023-09-06T04:29:04.935+0000] {dag.py:2690} INFO - Sync 1 DAGs
[2023-09-06T04:29:05.088+0000] {logging_mixin.py:137} INFO - [2023-09-06T04:29:05.088+0000] {dag.py:3441} INFO - Setting next_dagrun for example_short_circuit_operator to 2023-09-05T04:29:05.088174+00:00, run_after=2023-09-06T04:29:05.088174+00:00
[2023-09-06T04:29:05.289+0000] {processor.py:175} INFO - Processing /home/airflow/.local/lib/python3.7/site-packages/airflow/example_dags/example_short_circuit_operator.py took 0.890 seconds
[2023-09-06T04:29:35.595+0000] {processor.py:153} INFO - Started process (PID=101) to work on /home/airflow/.local/lib/python3.7/site-packages/airflow/example_dags/example_short_circuit_operator.py
[2023-09-06T04:29:35.597+0000] {processor.py:743} INFO - Processing file /home/airflow/.local/lib/python3.7/site-packages/airflow/example_dags/example_short_circuit_operator.py for tasks to queue
[2023-09-06T04:29:35.599+0000] {logging_mixin.py:137} INFO - [2023-09-06T04:29:35.599+0000] {dagbag.py:538} INFO - Filling up the DagBag from /home/airflow/.local/lib/python3.7/site-packages/airflow/example_dags/example_short_circuit_operator.py
[2023-09-06T04:29:35.641+0000] {processor.py:753} INFO - DAG(s) dict_keys(['example_short_circuit_operator']) retrieved from /home/airflow/.local/lib/python3.7/site-packages/airflow/example_dags/example_short_circuit_operator.py
[2023-09-06T04:29:35.692+0000] {logging_mixin.py:137} INFO - [2023-09-06T04:29:35.692+0000] {dag.py:2690} INFO - Sync 1 DAGs
[2023-09-06T04:29:35.748+0000] {logging_mixin.py:137} INFO - [2023-09-06T04:29:35.748+0000] {dag.py:3441} INFO - Setting next_dagrun for example_short_circuit_operator to 2023-09-05T04:29:35.748242+00:00, run_after=2023-09-06T04:29:35.748242+00:00
[2023-09-06T04:29:35.793+0000] {processor.py:175} INFO - Processing /home/airflow/.local/lib/python3.7/site-packages/airflow/example_dags/example_short_circuit_operator.py took 0.202 seconds
[2023-09-06T04:30:06.060+0000] {processor.py:153} INFO - Started process (PID=170) to work on /home/airflow/.local/lib/python3.7/site-packages/airflow/example_dags/example_short_circuit_operator.py
[2023-09-06T04:30:06.061+0000] {processor.py:743} INFO - Processing file /home/airflow/.local/lib/python3.7/site-packages/airflow/example_dags/example_short_circuit_operator.py for tasks to queue
[2023-09-06T04:30:06.062+0000] {logging_mixin.py:137} INFO - [2023-09-06T04:30:06.062+0000] {dagbag.py:538} INFO - Filling up the DagBag from /home/airflow/.local/lib/python3.7/site-packages/airflow/example_dags/example_short_circuit_operator.py
[2023-09-06T04:30:06.083+0000] {processor.py:753} INFO - DAG(s) dict_keys(['example_short_circuit_operator']) retrieved from /home/airflow/.local/lib/python3.7/site-packages/airflow/example_dags/example_short_circuit_operator.py
[2023-09-06T04:30:06.112+0000] {logging_mixin.py:137} INFO - [2023-09-06T04:30:06.112+0000] {dag.py:2690} INFO - Sync 1 DAGs
[2023-09-06T04:30:06.138+0000] {logging_mixin.py:137} INFO - [2023-09-06T04:30:06.138+0000] {dag.py:3441} INFO - Setting next_dagrun for example_short_circuit_operator to 2023-09-05T04:30:06.138325+00:00, run_after=2023-09-06T04:30:06.138325+00:00
[2023-09-06T04:30:06.168+0000] {processor.py:175} INFO - Processing /home/airflow/.local/lib/python3.7/site-packages/airflow/example_dags/example_short_circuit_operator.py took 0.112 seconds
[2023-09-06T04:30:36.933+0000] {processor.py:153} INFO - Started process (PID=230) to work on /home/airflow/.local/lib/python3.7/site-packages/airflow/example_dags/example_short_circuit_operator.py
[2023-09-06T04:30:36.942+0000] {processor.py:743} INFO - Processing file /home/airflow/.local/lib/python3.7/site-packages/airflow/example_dags/example_short_circuit_operator.py for tasks to queue
[2023-09-06T04:30:36.944+0000] {logging_mixin.py:137} INFO - [2023-09-06T04:30:36.944+0000] {dagbag.py:538} INFO - Filling up the DagBag from /home/airflow/.local/lib/python3.7/site-packages/airflow/example_dags/example_short_circuit_operator.py
[2023-09-06T04:30:36.982+0000] {processor.py:753} INFO - DAG(s) dict_keys(['example_short_circuit_operator']) retrieved from /home/airflow/.local/lib/python3.7/site-packages/airflow/example_dags/example_short_circuit_operator.py
[2023-09-06T04:30:37.099+0000] {logging_mixin.py:137} INFO - [2023-09-06T04:30:37.098+0000] {dag.py:2690} INFO - Sync 1 DAGs
[2023-09-06T04:30:37.179+0000] {logging_mixin.py:137} INFO - [2023-09-06T04:30:37.179+0000] {dag.py:3441} INFO - Setting next_dagrun for example_short_circuit_operator to 2023-09-05T04:30:37.178649+00:00, run_after=2023-09-06T04:30:37.178649+00:00
[2023-09-06T04:30:37.255+0000] {processor.py:175} INFO - Processing /home/airflow/.local/lib/python3.7/site-packages/airflow/example_dags/example_short_circuit_operator.py took 0.329 seconds
[2023-09-06T04:31:07.860+0000] {processor.py:153} INFO - Started process (PID=299) to work on /home/airflow/.local/lib/python3.7/site-packages/airflow/example_dags/example_short_circuit_operator.py
[2023-09-06T04:31:07.865+0000] {processor.py:743} INFO - Processing file /home/airflow/.local/lib/python3.7/site-packages/airflow/example_dags/example_short_circuit_operator.py for tasks to queue
[2023-09-06T04:31:07.866+0000] {logging_mixin.py:137} INFO - [2023-09-06T04:31:07.866+0000] {dagbag.py:538} INFO - Filling up the DagBag from /home/airflow/.local/lib/python3.7/site-packages/airflow/example_dags/example_short_circuit_operator.py
[2023-09-06T04:31:07.938+0000] {processor.py:753} INFO - DAG(s) dict_keys(['example_short_circuit_operator']) retrieved from /home/airflow/.local/lib/python3.7/site-packages/airflow/example_dags/example_short_circuit_operator.py
[2023-09-06T04:31:08.025+0000] {logging_mixin.py:137} INFO - [2023-09-06T04:31:08.025+0000] {dag.py:2690} INFO - Sync 1 DAGs
[2023-09-06T04:31:08.085+0000] {logging_mixin.py:137} INFO - [2023-09-06T04:31:08.085+0000] {dag.py:3441} INFO - Setting next_dagrun for example_short_circuit_operator to 2023-09-05T04:31:08.085244+00:00, run_after=2023-09-06T04:31:08.085244+00:00
[2023-09-06T04:31:08.131+0000] {processor.py:175} INFO - Processing /home/airflow/.local/lib/python3.7/site-packages/airflow/example_dags/example_short_circuit_operator.py took 0.275 seconds
[2023-09-06T04:31:38.193+0000] {processor.py:153} INFO - Started process (PID=357) to work on /home/airflow/.local/lib/python3.7/site-packages/airflow/example_dags/example_short_circuit_operator.py
[2023-09-06T04:31:38.195+0000] {processor.py:743} INFO - Processing file /home/airflow/.local/lib/python3.7/site-packages/airflow/example_dags/example_short_circuit_operator.py for tasks to queue
[2023-09-06T04:31:38.196+0000] {logging_mixin.py:137} INFO - [2023-09-06T04:31:38.196+0000] {dagbag.py:538} INFO - Filling up the DagBag from /home/airflow/.local/lib/python3.7/site-packages/airflow/example_dags/example_short_circuit_operator.py
[2023-09-06T04:31:38.216+0000] {processor.py:753} INFO - DAG(s) dict_keys(['example_short_circuit_operator']) retrieved from /home/airflow/.local/lib/python3.7/site-packages/airflow/example_dags/example_short_circuit_operator.py
[2023-09-06T04:31:38.258+0000] {logging_mixin.py:137} INFO - [2023-09-06T04:31:38.258+0000] {dag.py:2690} INFO - Sync 1 DAGs
[2023-09-06T04:31:38.306+0000] {logging_mixin.py:137} INFO - [2023-09-06T04:31:38.306+0000] {dag.py:3441} INFO - Setting next_dagrun for example_short_circuit_operator to 2023-09-05T04:31:38.305539+00:00, run_after=2023-09-06T04:31:38.305539+00:00
[2023-09-06T04:31:38.353+0000] {processor.py:175} INFO - Processing /home/airflow/.local/lib/python3.7/site-packages/airflow/example_dags/example_short_circuit_operator.py took 0.163 seconds
[2023-09-06T04:32:08.418+0000] {processor.py:153} INFO - Started process (PID=416) to work on /home/airflow/.local/lib/python3.7/site-packages/airflow/example_dags/example_short_circuit_operator.py
[2023-09-06T04:32:08.419+0000] {processor.py:743} INFO - Processing file /home/airflow/.local/lib/python3.7/site-packages/airflow/example_dags/example_short_circuit_operator.py for tasks to queue
[2023-09-06T04:32:08.420+0000] {logging_mixin.py:137} INFO - [2023-09-06T04:32:08.420+0000] {dagbag.py:538} INFO - Filling up the DagBag from /home/airflow/.local/lib/python3.7/site-packages/airflow/example_dags/example_short_circuit_operator.py
[2023-09-06T04:32:08.437+0000] {processor.py:753} INFO - DAG(s) dict_keys(['example_short_circuit_operator']) retrieved from /home/airflow/.local/lib/python3.7/site-packages/airflow/example_dags/example_short_circuit_operator.py
[2023-09-06T04:32:08.467+0000] {logging_mixin.py:137} INFO - [2023-09-06T04:32:08.467+0000] {dag.py:2690} INFO - Sync 1 DAGs
[2023-09-06T04:32:08.491+0000] {logging_mixin.py:137} INFO - [2023-09-06T04:32:08.491+0000] {dag.py:3441} INFO - Setting next_dagrun for example_short_circuit_operator to 2023-09-05T04:32:08.491072+00:00, run_after=2023-09-06T04:32:08.491072+00:00
[2023-09-06T04:32:08.524+0000] {processor.py:175} INFO - Processing /home/airflow/.local/lib/python3.7/site-packages/airflow/example_dags/example_short_circuit_operator.py took 0.110 seconds
[2023-09-06T04:32:39.099+0000] {processor.py:153} INFO - Started process (PID=486) to work on /home/airflow/.local/lib/python3.7/site-packages/airflow/example_dags/example_short_circuit_operator.py
[2023-09-06T04:32:39.102+0000] {processor.py:743} INFO - Processing file /home/airflow/.local/lib/python3.7/site-packages/airflow/example_dags/example_short_circuit_operator.py for tasks to queue
[2023-09-06T04:32:39.103+0000] {logging_mixin.py:137} INFO - [2023-09-06T04:32:39.103+0000] {dagbag.py:538} INFO - Filling up the DagBag from /home/airflow/.local/lib/python3.7/site-packages/airflow/example_dags/example_short_circuit_operator.py
[2023-09-06T04:32:39.159+0000] {processor.py:753} INFO - DAG(s) dict_keys(['example_short_circuit_operator']) retrieved from /home/airflow/.local/lib/python3.7/site-packages/airflow/example_dags/example_short_circuit_operator.py
[2023-09-06T04:32:39.194+0000] {logging_mixin.py:137} INFO - [2023-09-06T04:32:39.194+0000] {dag.py:2690} INFO - Sync 1 DAGs
[2023-09-06T04:32:39.251+0000] {logging_mixin.py:137} INFO - [2023-09-06T04:32:39.251+0000] {dag.py:3441} INFO - Setting next_dagrun for example_short_circuit_operator to 2023-09-05T04:32:39.251224+00:00, run_after=2023-09-06T04:32:39.251224+00:00
[2023-09-06T04:32:39.301+0000] {processor.py:175} INFO - Processing /home/airflow/.local/lib/python3.7/site-packages/airflow/example_dags/example_short_circuit_operator.py took 0.207 seconds
[2023-09-06T04:33:09.661+0000] {processor.py:153} INFO - Started process (PID=546) to work on /home/airflow/.local/lib/python3.7/site-packages/airflow/example_dags/example_short_circuit_operator.py
[2023-09-06T04:33:09.662+0000] {processor.py:743} INFO - Processing file /home/airflow/.local/lib/python3.7/site-packages/airflow/example_dags/example_short_circuit_operator.py for tasks to queue
[2023-09-06T04:33:09.664+0000] {logging_mixin.py:137} INFO - [2023-09-06T04:33:09.663+0000] {dagbag.py:538} INFO - Filling up the DagBag from /home/airflow/.local/lib/python3.7/site-packages/airflow/example_dags/example_short_circuit_operator.py
[2023-09-06T04:33:09.689+0000] {processor.py:753} INFO - DAG(s) dict_keys(['example_short_circuit_operator']) retrieved from /home/airflow/.local/lib/python3.7/site-packages/airflow/example_dags/example_short_circuit_operator.py
[2023-09-06T04:33:09.733+0000] {logging_mixin.py:137} INFO - [2023-09-06T04:33:09.733+0000] {dag.py:2690} INFO - Sync 1 DAGs
[2023-09-06T04:33:09.770+0000] {logging_mixin.py:137} INFO - [2023-09-06T04:33:09.770+0000] {dag.py:3441} INFO - Setting next_dagrun for example_short_circuit_operator to 2023-09-05T04:33:09.770290+00:00, run_after=2023-09-06T04:33:09.770290+00:00
[2023-09-06T04:33:09.824+0000] {processor.py:175} INFO - Processing /home/airflow/.local/lib/python3.7/site-packages/airflow/example_dags/example_short_circuit_operator.py took 0.168 seconds
[2023-09-06T04:33:39.884+0000] {processor.py:153} INFO - Started process (PID=605) to work on /home/airflow/.local/lib/python3.7/site-packages/airflow/example_dags/example_short_circuit_operator.py
[2023-09-06T04:33:39.885+0000] {processor.py:743} INFO - Processing file /home/airflow/.local/lib/python3.7/site-packages/airflow/example_dags/example_short_circuit_operator.py for tasks to queue
[2023-09-06T04:33:39.886+0000] {logging_mixin.py:137} INFO - [2023-09-06T04:33:39.886+0000] {dagbag.py:538} INFO - Filling up the DagBag from /home/airflow/.local/lib/python3.7/site-packages/airflow/example_dags/example_short_circuit_operator.py
[2023-09-06T04:33:39.906+0000] {processor.py:753} INFO - DAG(s) dict_keys(['example_short_circuit_operator']) retrieved from /home/airflow/.local/lib/python3.7/site-packages/airflow/example_dags/example_short_circuit_operator.py
[2023-09-06T04:33:39.946+0000] {logging_mixin.py:137} INFO - [2023-09-06T04:33:39.946+0000] {dag.py:2690} INFO - Sync 1 DAGs
[2023-09-06T04:33:39.983+0000] {logging_mixin.py:137} INFO - [2023-09-06T04:33:39.982+0000] {dag.py:3441} INFO - Setting next_dagrun for example_short_circuit_operator to 2023-09-05T04:33:39.982628+00:00, run_after=2023-09-06T04:33:39.982628+00:00
[2023-09-06T04:33:40.008+0000] {processor.py:175} INFO - Processing /home/airflow/.local/lib/python3.7/site-packages/airflow/example_dags/example_short_circuit_operator.py took 0.128 seconds
[2023-09-06T04:34:51.274+0000] {processor.py:153} INFO - Started process (PID=41) to work on /home/airflow/.local/lib/python3.7/site-packages/airflow/example_dags/example_short_circuit_operator.py
[2023-09-06T04:34:51.284+0000] {processor.py:743} INFO - Processing file /home/airflow/.local/lib/python3.7/site-packages/airflow/example_dags/example_short_circuit_operator.py for tasks to queue
[2023-09-06T04:34:51.286+0000] {logging_mixin.py:137} INFO - [2023-09-06T04:34:51.286+0000] {dagbag.py:538} INFO - Filling up the DagBag from /home/airflow/.local/lib/python3.7/site-packages/airflow/example_dags/example_short_circuit_operator.py
[2023-09-06T04:34:51.441+0000] {processor.py:753} INFO - DAG(s) dict_keys(['example_short_circuit_operator']) retrieved from /home/airflow/.local/lib/python3.7/site-packages/airflow/example_dags/example_short_circuit_operator.py
[2023-09-06T04:34:51.861+0000] {logging_mixin.py:137} INFO - [2023-09-06T04:34:51.861+0000] {dag.py:2690} INFO - Sync 1 DAGs
[2023-09-06T04:34:52.075+0000] {logging_mixin.py:137} INFO - [2023-09-06T04:34:52.075+0000] {dag.py:3441} INFO - Setting next_dagrun for example_short_circuit_operator to 2023-09-05T04:34:52.075215+00:00, run_after=2023-09-06T04:34:52.075215+00:00
[2023-09-06T04:34:52.205+0000] {processor.py:175} INFO - Processing /home/airflow/.local/lib/python3.7/site-packages/airflow/example_dags/example_short_circuit_operator.py took 0.959 seconds
[2023-09-06T04:35:22.253+0000] {processor.py:153} INFO - Started process (PID=99) to work on /home/airflow/.local/lib/python3.7/site-packages/airflow/example_dags/example_short_circuit_operator.py
[2023-09-06T04:35:22.255+0000] {processor.py:743} INFO - Processing file /home/airflow/.local/lib/python3.7/site-packages/airflow/example_dags/example_short_circuit_operator.py for tasks to queue
[2023-09-06T04:35:22.256+0000] {logging_mixin.py:137} INFO - [2023-09-06T04:35:22.256+0000] {dagbag.py:538} INFO - Filling up the DagBag from /home/airflow/.local/lib/python3.7/site-packages/airflow/example_dags/example_short_circuit_operator.py
[2023-09-06T04:35:22.279+0000] {processor.py:753} INFO - DAG(s) dict_keys(['example_short_circuit_operator']) retrieved from /home/airflow/.local/lib/python3.7/site-packages/airflow/example_dags/example_short_circuit_operator.py
[2023-09-06T04:35:22.296+0000] {logging_mixin.py:137} INFO - [2023-09-06T04:35:22.295+0000] {dag.py:2690} INFO - Sync 1 DAGs
[2023-09-06T04:35:22.325+0000] {logging_mixin.py:137} INFO - [2023-09-06T04:35:22.325+0000] {dag.py:3441} INFO - Setting next_dagrun for example_short_circuit_operator to 2023-09-05T04:35:22.325181+00:00, run_after=2023-09-06T04:35:22.325181+00:00
[2023-09-06T04:35:22.349+0000] {processor.py:175} INFO - Processing /home/airflow/.local/lib/python3.7/site-packages/airflow/example_dags/example_short_circuit_operator.py took 0.099 seconds
[2023-09-06T04:35:52.482+0000] {processor.py:153} INFO - Started process (PID=159) to work on /home/airflow/.local/lib/python3.7/site-packages/airflow/example_dags/example_short_circuit_operator.py
[2023-09-06T04:35:52.483+0000] {processor.py:743} INFO - Processing file /home/airflow/.local/lib/python3.7/site-packages/airflow/example_dags/example_short_circuit_operator.py for tasks to queue
[2023-09-06T04:35:52.484+0000] {logging_mixin.py:137} INFO - [2023-09-06T04:35:52.484+0000] {dagbag.py:538} INFO - Filling up the DagBag from /home/airflow/.local/lib/python3.7/site-packages/airflow/example_dags/example_short_circuit_operator.py
[2023-09-06T04:35:52.504+0000] {processor.py:753} INFO - DAG(s) dict_keys(['example_short_circuit_operator']) retrieved from /home/airflow/.local/lib/python3.7/site-packages/airflow/example_dags/example_short_circuit_operator.py
[2023-09-06T04:35:52.554+0000] {logging_mixin.py:137} INFO - [2023-09-06T04:35:52.554+0000] {dag.py:2690} INFO - Sync 1 DAGs
[2023-09-06T04:35:52.598+0000] {logging_mixin.py:137} INFO - [2023-09-06T04:35:52.598+0000] {dag.py:3441} INFO - Setting next_dagrun for example_short_circuit_operator to 2023-09-05T04:35:52.597943+00:00, run_after=2023-09-06T04:35:52.597943+00:00
[2023-09-06T04:35:52.621+0000] {processor.py:175} INFO - Processing /home/airflow/.local/lib/python3.7/site-packages/airflow/example_dags/example_short_circuit_operator.py took 0.143 seconds
[2023-09-06T04:36:23.118+0000] {processor.py:153} INFO - Started process (PID=220) to work on /home/airflow/.local/lib/python3.7/site-packages/airflow/example_dags/example_short_circuit_operator.py
[2023-09-06T04:36:23.141+0000] {processor.py:743} INFO - Processing file /home/airflow/.local/lib/python3.7/site-packages/airflow/example_dags/example_short_circuit_operator.py for tasks to queue
[2023-09-06T04:36:23.150+0000] {logging_mixin.py:137} INFO - [2023-09-06T04:36:23.149+0000] {dagbag.py:538} INFO - Filling up the DagBag from /home/airflow/.local/lib/python3.7/site-packages/airflow/example_dags/example_short_circuit_operator.py
[2023-09-06T04:36:23.335+0000] {processor.py:753} INFO - DAG(s) dict_keys(['example_short_circuit_operator']) retrieved from /home/airflow/.local/lib/python3.7/site-packages/airflow/example_dags/example_short_circuit_operator.py
[2023-09-06T04:36:23.896+0000] {logging_mixin.py:137} INFO - [2023-09-06T04:36:23.896+0000] {dag.py:2690} INFO - Sync 1 DAGs
[2023-09-06T04:36:24.134+0000] {logging_mixin.py:137} INFO - [2023-09-06T04:36:24.134+0000] {dag.py:3441} INFO - Setting next_dagrun for example_short_circuit_operator to 2023-09-05T04:36:24.133470+00:00, run_after=2023-09-06T04:36:24.133470+00:00
[2023-09-06T04:36:24.261+0000] {processor.py:175} INFO - Processing /home/airflow/.local/lib/python3.7/site-packages/airflow/example_dags/example_short_circuit_operator.py took 1.151 seconds
[2023-09-06T04:36:54.787+0000] {processor.py:153} INFO - Started process (PID=289) to work on /home/airflow/.local/lib/python3.7/site-packages/airflow/example_dags/example_short_circuit_operator.py
[2023-09-06T04:36:54.792+0000] {processor.py:743} INFO - Processing file /home/airflow/.local/lib/python3.7/site-packages/airflow/example_dags/example_short_circuit_operator.py for tasks to queue
[2023-09-06T04:36:54.805+0000] {logging_mixin.py:137} INFO - [2023-09-06T04:36:54.804+0000] {dagbag.py:538} INFO - Filling up the DagBag from /home/airflow/.local/lib/python3.7/site-packages/airflow/example_dags/example_short_circuit_operator.py
[2023-09-06T04:36:54.839+0000] {processor.py:753} INFO - DAG(s) dict_keys(['example_short_circuit_operator']) retrieved from /home/airflow/.local/lib/python3.7/site-packages/airflow/example_dags/example_short_circuit_operator.py
[2023-09-06T04:36:54.886+0000] {logging_mixin.py:137} INFO - [2023-09-06T04:36:54.886+0000] {dag.py:2690} INFO - Sync 1 DAGs
[2023-09-06T04:36:54.949+0000] {logging_mixin.py:137} INFO - [2023-09-06T04:36:54.949+0000] {dag.py:3441} INFO - Setting next_dagrun for example_short_circuit_operator to 2023-09-05T04:36:54.948426+00:00, run_after=2023-09-06T04:36:54.948426+00:00
[2023-09-06T04:36:55.013+0000] {processor.py:175} INFO - Processing /home/airflow/.local/lib/python3.7/site-packages/airflow/example_dags/example_short_circuit_operator.py took 0.232 seconds
[2023-09-06T04:37:25.078+0000] {processor.py:153} INFO - Started process (PID=347) to work on /home/airflow/.local/lib/python3.7/site-packages/airflow/example_dags/example_short_circuit_operator.py
[2023-09-06T04:37:25.080+0000] {processor.py:743} INFO - Processing file /home/airflow/.local/lib/python3.7/site-packages/airflow/example_dags/example_short_circuit_operator.py for tasks to queue
[2023-09-06T04:37:25.081+0000] {logging_mixin.py:137} INFO - [2023-09-06T04:37:25.081+0000] {dagbag.py:538} INFO - Filling up the DagBag from /home/airflow/.local/lib/python3.7/site-packages/airflow/example_dags/example_short_circuit_operator.py
[2023-09-06T04:37:25.178+0000] {processor.py:753} INFO - DAG(s) dict_keys(['example_short_circuit_operator']) retrieved from /home/airflow/.local/lib/python3.7/site-packages/airflow/example_dags/example_short_circuit_operator.py
[2023-09-06T04:37:25.265+0000] {logging_mixin.py:137} INFO - [2023-09-06T04:37:25.265+0000] {dag.py:2690} INFO - Sync 1 DAGs
[2023-09-06T04:37:25.358+0000] {logging_mixin.py:137} INFO - [2023-09-06T04:37:25.358+0000] {dag.py:3441} INFO - Setting next_dagrun for example_short_circuit_operator to 2023-09-05T04:37:25.357880+00:00, run_after=2023-09-06T04:37:25.357880+00:00
[2023-09-06T04:37:25.415+0000] {processor.py:175} INFO - Processing /home/airflow/.local/lib/python3.7/site-packages/airflow/example_dags/example_short_circuit_operator.py took 0.340 seconds
[2023-09-06T04:37:56.137+0000] {processor.py:153} INFO - Started process (PID=407) to work on /home/airflow/.local/lib/python3.7/site-packages/airflow/example_dags/example_short_circuit_operator.py
[2023-09-06T04:37:56.139+0000] {processor.py:743} INFO - Processing file /home/airflow/.local/lib/python3.7/site-packages/airflow/example_dags/example_short_circuit_operator.py for tasks to queue
[2023-09-06T04:37:56.141+0000] {logging_mixin.py:137} INFO - [2023-09-06T04:37:56.141+0000] {dagbag.py:538} INFO - Filling up the DagBag from /home/airflow/.local/lib/python3.7/site-packages/airflow/example_dags/example_short_circuit_operator.py
[2023-09-06T04:37:56.207+0000] {processor.py:753} INFO - DAG(s) dict_keys(['example_short_circuit_operator']) retrieved from /home/airflow/.local/lib/python3.7/site-packages/airflow/example_dags/example_short_circuit_operator.py
[2023-09-06T04:37:56.278+0000] {logging_mixin.py:137} INFO - [2023-09-06T04:37:56.278+0000] {dag.py:2690} INFO - Sync 1 DAGs
[2023-09-06T04:37:56.394+0000] {logging_mixin.py:137} INFO - [2023-09-06T04:37:56.394+0000] {dag.py:3441} INFO - Setting next_dagrun for example_short_circuit_operator to 2023-09-05T04:37:56.380922+00:00, run_after=2023-09-06T04:37:56.380922+00:00
[2023-09-06T04:37:56.455+0000] {processor.py:175} INFO - Processing /home/airflow/.local/lib/python3.7/site-packages/airflow/example_dags/example_short_circuit_operator.py took 0.323 seconds
[2023-09-06T04:38:27.010+0000] {processor.py:153} INFO - Started process (PID=466) to work on /home/airflow/.local/lib/python3.7/site-packages/airflow/example_dags/example_short_circuit_operator.py
[2023-09-06T04:38:27.012+0000] {processor.py:743} INFO - Processing file /home/airflow/.local/lib/python3.7/site-packages/airflow/example_dags/example_short_circuit_operator.py for tasks to queue
[2023-09-06T04:38:27.014+0000] {logging_mixin.py:137} INFO - [2023-09-06T04:38:27.013+0000] {dagbag.py:538} INFO - Filling up the DagBag from /home/airflow/.local/lib/python3.7/site-packages/airflow/example_dags/example_short_circuit_operator.py
[2023-09-06T04:38:27.046+0000] {processor.py:753} INFO - DAG(s) dict_keys(['example_short_circuit_operator']) retrieved from /home/airflow/.local/lib/python3.7/site-packages/airflow/example_dags/example_short_circuit_operator.py
[2023-09-06T04:38:27.097+0000] {logging_mixin.py:137} INFO - [2023-09-06T04:38:27.097+0000] {dag.py:2690} INFO - Sync 1 DAGs
[2023-09-06T04:38:27.244+0000] {logging_mixin.py:137} INFO - [2023-09-06T04:38:27.243+0000] {dag.py:3441} INFO - Setting next_dagrun for example_short_circuit_operator to 2023-09-05T04:38:27.243605+00:00, run_after=2023-09-06T04:38:27.243605+00:00
[2023-09-06T04:38:27.295+0000] {processor.py:175} INFO - Processing /home/airflow/.local/lib/python3.7/site-packages/airflow/example_dags/example_short_circuit_operator.py took 0.291 seconds
[2023-09-06T04:38:58.001+0000] {processor.py:153} INFO - Started process (PID=535) to work on /home/airflow/.local/lib/python3.7/site-packages/airflow/example_dags/example_short_circuit_operator.py
[2023-09-06T04:38:58.004+0000] {processor.py:743} INFO - Processing file /home/airflow/.local/lib/python3.7/site-packages/airflow/example_dags/example_short_circuit_operator.py for tasks to queue
[2023-09-06T04:38:58.021+0000] {logging_mixin.py:137} INFO - [2023-09-06T04:38:58.021+0000] {dagbag.py:538} INFO - Filling up the DagBag from /home/airflow/.local/lib/python3.7/site-packages/airflow/example_dags/example_short_circuit_operator.py
[2023-09-06T04:38:58.079+0000] {processor.py:753} INFO - DAG(s) dict_keys(['example_short_circuit_operator']) retrieved from /home/airflow/.local/lib/python3.7/site-packages/airflow/example_dags/example_short_circuit_operator.py
[2023-09-06T04:38:58.124+0000] {logging_mixin.py:137} INFO - [2023-09-06T04:38:58.124+0000] {dag.py:2690} INFO - Sync 1 DAGs
[2023-09-06T04:38:58.177+0000] {logging_mixin.py:137} INFO - [2023-09-06T04:38:58.176+0000] {dag.py:3441} INFO - Setting next_dagrun for example_short_circuit_operator to 2023-09-05T04:38:58.176734+00:00, run_after=2023-09-06T04:38:58.176734+00:00
[2023-09-06T04:38:58.227+0000] {processor.py:175} INFO - Processing /home/airflow/.local/lib/python3.7/site-packages/airflow/example_dags/example_short_circuit_operator.py took 0.234 seconds
[2023-09-06T04:39:28.815+0000] {processor.py:153} INFO - Started process (PID=594) to work on /home/airflow/.local/lib/python3.7/site-packages/airflow/example_dags/example_short_circuit_operator.py
[2023-09-06T04:39:28.816+0000] {processor.py:743} INFO - Processing file /home/airflow/.local/lib/python3.7/site-packages/airflow/example_dags/example_short_circuit_operator.py for tasks to queue
[2023-09-06T04:39:28.818+0000] {logging_mixin.py:137} INFO - [2023-09-06T04:39:28.817+0000] {dagbag.py:538} INFO - Filling up the DagBag from /home/airflow/.local/lib/python3.7/site-packages/airflow/example_dags/example_short_circuit_operator.py
[2023-09-06T04:39:28.857+0000] {processor.py:753} INFO - DAG(s) dict_keys(['example_short_circuit_operator']) retrieved from /home/airflow/.local/lib/python3.7/site-packages/airflow/example_dags/example_short_circuit_operator.py
[2023-09-06T04:39:28.911+0000] {logging_mixin.py:137} INFO - [2023-09-06T04:39:28.911+0000] {dag.py:2690} INFO - Sync 1 DAGs
[2023-09-06T04:39:28.985+0000] {logging_mixin.py:137} INFO - [2023-09-06T04:39:28.985+0000] {dag.py:3441} INFO - Setting next_dagrun for example_short_circuit_operator to 2023-09-05T04:39:28.985053+00:00, run_after=2023-09-06T04:39:28.985053+00:00
[2023-09-06T04:39:29.022+0000] {processor.py:175} INFO - Processing /home/airflow/.local/lib/python3.7/site-packages/airflow/example_dags/example_short_circuit_operator.py took 0.211 seconds
[2023-09-06T04:39:59.509+0000] {processor.py:153} INFO - Started process (PID=654) to work on /home/airflow/.local/lib/python3.7/site-packages/airflow/example_dags/example_short_circuit_operator.py
[2023-09-06T04:39:59.511+0000] {processor.py:743} INFO - Processing file /home/airflow/.local/lib/python3.7/site-packages/airflow/example_dags/example_short_circuit_operator.py for tasks to queue
[2023-09-06T04:39:59.513+0000] {logging_mixin.py:137} INFO - [2023-09-06T04:39:59.513+0000] {dagbag.py:538} INFO - Filling up the DagBag from /home/airflow/.local/lib/python3.7/site-packages/airflow/example_dags/example_short_circuit_operator.py
[2023-09-06T04:39:59.534+0000] {processor.py:753} INFO - DAG(s) dict_keys(['example_short_circuit_operator']) retrieved from /home/airflow/.local/lib/python3.7/site-packages/airflow/example_dags/example_short_circuit_operator.py
[2023-09-06T04:39:59.566+0000] {logging_mixin.py:137} INFO - [2023-09-06T04:39:59.565+0000] {dag.py:2690} INFO - Sync 1 DAGs
[2023-09-06T04:39:59.595+0000] {logging_mixin.py:137} INFO - [2023-09-06T04:39:59.595+0000] {dag.py:3441} INFO - Setting next_dagrun for example_short_circuit_operator to 2023-09-05T04:39:59.595094+00:00, run_after=2023-09-06T04:39:59.595094+00:00
[2023-09-06T04:39:59.629+0000] {processor.py:175} INFO - Processing /home/airflow/.local/lib/python3.7/site-packages/airflow/example_dags/example_short_circuit_operator.py took 0.128 seconds
[2023-09-06T04:40:30.271+0000] {processor.py:153} INFO - Started process (PID=723) to work on /home/airflow/.local/lib/python3.7/site-packages/airflow/example_dags/example_short_circuit_operator.py
[2023-09-06T04:40:30.272+0000] {processor.py:743} INFO - Processing file /home/airflow/.local/lib/python3.7/site-packages/airflow/example_dags/example_short_circuit_operator.py for tasks to queue
[2023-09-06T04:40:30.274+0000] {logging_mixin.py:137} INFO - [2023-09-06T04:40:30.274+0000] {dagbag.py:538} INFO - Filling up the DagBag from /home/airflow/.local/lib/python3.7/site-packages/airflow/example_dags/example_short_circuit_operator.py
[2023-09-06T04:40:30.328+0000] {processor.py:753} INFO - DAG(s) dict_keys(['example_short_circuit_operator']) retrieved from /home/airflow/.local/lib/python3.7/site-packages/airflow/example_dags/example_short_circuit_operator.py
[2023-09-06T04:40:30.386+0000] {logging_mixin.py:137} INFO - [2023-09-06T04:40:30.385+0000] {dag.py:2690} INFO - Sync 1 DAGs
[2023-09-06T04:40:30.434+0000] {logging_mixin.py:137} INFO - [2023-09-06T04:40:30.434+0000] {dag.py:3441} INFO - Setting next_dagrun for example_short_circuit_operator to 2023-09-05T04:40:30.434435+00:00, run_after=2023-09-06T04:40:30.434435+00:00
[2023-09-06T04:40:30.456+0000] {processor.py:175} INFO - Processing /home/airflow/.local/lib/python3.7/site-packages/airflow/example_dags/example_short_circuit_operator.py took 0.188 seconds
[2023-09-06T04:41:01.314+0000] {processor.py:153} INFO - Started process (PID=783) to work on /home/airflow/.local/lib/python3.7/site-packages/airflow/example_dags/example_short_circuit_operator.py
[2023-09-06T04:41:01.324+0000] {processor.py:743} INFO - Processing file /home/airflow/.local/lib/python3.7/site-packages/airflow/example_dags/example_short_circuit_operator.py for tasks to queue
[2023-09-06T04:41:01.327+0000] {logging_mixin.py:137} INFO - [2023-09-06T04:41:01.327+0000] {dagbag.py:538} INFO - Filling up the DagBag from /home/airflow/.local/lib/python3.7/site-packages/airflow/example_dags/example_short_circuit_operator.py
[2023-09-06T04:41:01.404+0000] {processor.py:753} INFO - DAG(s) dict_keys(['example_short_circuit_operator']) retrieved from /home/airflow/.local/lib/python3.7/site-packages/airflow/example_dags/example_short_circuit_operator.py
[2023-09-06T04:41:01.475+0000] {logging_mixin.py:137} INFO - [2023-09-06T04:41:01.475+0000] {dag.py:2690} INFO - Sync 1 DAGs
[2023-09-06T04:41:01.570+0000] {logging_mixin.py:137} INFO - [2023-09-06T04:41:01.570+0000] {dag.py:3441} INFO - Setting next_dagrun for example_short_circuit_operator to 2023-09-05T04:41:01.569758+00:00, run_after=2023-09-06T04:41:01.569758+00:00
[2023-09-06T04:41:01.649+0000] {processor.py:175} INFO - Processing /home/airflow/.local/lib/python3.7/site-packages/airflow/example_dags/example_short_circuit_operator.py took 0.346 seconds
[2023-09-06T04:41:31.989+0000] {processor.py:153} INFO - Started process (PID=842) to work on /home/airflow/.local/lib/python3.7/site-packages/airflow/example_dags/example_short_circuit_operator.py
[2023-09-06T04:41:31.992+0000] {processor.py:743} INFO - Processing file /home/airflow/.local/lib/python3.7/site-packages/airflow/example_dags/example_short_circuit_operator.py for tasks to queue
[2023-09-06T04:41:31.993+0000] {logging_mixin.py:137} INFO - [2023-09-06T04:41:31.993+0000] {dagbag.py:538} INFO - Filling up the DagBag from /home/airflow/.local/lib/python3.7/site-packages/airflow/example_dags/example_short_circuit_operator.py
[2023-09-06T04:41:32.016+0000] {processor.py:753} INFO - DAG(s) dict_keys(['example_short_circuit_operator']) retrieved from /home/airflow/.local/lib/python3.7/site-packages/airflow/example_dags/example_short_circuit_operator.py
[2023-09-06T04:41:32.066+0000] {logging_mixin.py:137} INFO - [2023-09-06T04:41:32.065+0000] {dag.py:2690} INFO - Sync 1 DAGs
[2023-09-06T04:41:32.139+0000] {logging_mixin.py:137} INFO - [2023-09-06T04:41:32.138+0000] {dag.py:3441} INFO - Setting next_dagrun for example_short_circuit_operator to 2023-09-05T04:41:32.138673+00:00, run_after=2023-09-06T04:41:32.138673+00:00
[2023-09-06T04:41:32.203+0000] {processor.py:175} INFO - Processing /home/airflow/.local/lib/python3.7/site-packages/airflow/example_dags/example_short_circuit_operator.py took 0.220 seconds
[2023-09-06T04:42:03.081+0000] {processor.py:153} INFO - Started process (PID=913) to work on /home/airflow/.local/lib/python3.7/site-packages/airflow/example_dags/example_short_circuit_operator.py
[2023-09-06T04:42:03.082+0000] {processor.py:743} INFO - Processing file /home/airflow/.local/lib/python3.7/site-packages/airflow/example_dags/example_short_circuit_operator.py for tasks to queue
[2023-09-06T04:42:03.083+0000] {logging_mixin.py:137} INFO - [2023-09-06T04:42:03.083+0000] {dagbag.py:538} INFO - Filling up the DagBag from /home/airflow/.local/lib/python3.7/site-packages/airflow/example_dags/example_short_circuit_operator.py
[2023-09-06T04:42:03.104+0000] {processor.py:753} INFO - DAG(s) dict_keys(['example_short_circuit_operator']) retrieved from /home/airflow/.local/lib/python3.7/site-packages/airflow/example_dags/example_short_circuit_operator.py
[2023-09-06T04:42:03.139+0000] {logging_mixin.py:137} INFO - [2023-09-06T04:42:03.139+0000] {dag.py:2690} INFO - Sync 1 DAGs
[2023-09-06T04:42:03.175+0000] {logging_mixin.py:137} INFO - [2023-09-06T04:42:03.175+0000] {dag.py:3441} INFO - Setting next_dagrun for example_short_circuit_operator to 2023-09-05T04:42:03.174893+00:00, run_after=2023-09-06T04:42:03.174893+00:00
[2023-09-06T04:42:03.202+0000] {processor.py:175} INFO - Processing /home/airflow/.local/lib/python3.7/site-packages/airflow/example_dags/example_short_circuit_operator.py took 0.126 seconds
[2023-09-06T04:42:33.363+0000] {processor.py:153} INFO - Started process (PID=973) to work on /home/airflow/.local/lib/python3.7/site-packages/airflow/example_dags/example_short_circuit_operator.py
[2023-09-06T04:42:33.365+0000] {processor.py:743} INFO - Processing file /home/airflow/.local/lib/python3.7/site-packages/airflow/example_dags/example_short_circuit_operator.py for tasks to queue
[2023-09-06T04:42:33.366+0000] {logging_mixin.py:137} INFO - [2023-09-06T04:42:33.366+0000] {dagbag.py:538} INFO - Filling up the DagBag from /home/airflow/.local/lib/python3.7/site-packages/airflow/example_dags/example_short_circuit_operator.py
[2023-09-06T04:42:33.394+0000] {processor.py:753} INFO - DAG(s) dict_keys(['example_short_circuit_operator']) retrieved from /home/airflow/.local/lib/python3.7/site-packages/airflow/example_dags/example_short_circuit_operator.py
[2023-09-06T04:42:33.448+0000] {logging_mixin.py:137} INFO - [2023-09-06T04:42:33.448+0000] {dag.py:2690} INFO - Sync 1 DAGs
[2023-09-06T04:42:33.500+0000] {logging_mixin.py:137} INFO - [2023-09-06T04:42:33.500+0000] {dag.py:3441} INFO - Setting next_dagrun for example_short_circuit_operator to 2023-09-05T04:42:33.500262+00:00, run_after=2023-09-06T04:42:33.500262+00:00
[2023-09-06T04:42:33.543+0000] {processor.py:175} INFO - Processing /home/airflow/.local/lib/python3.7/site-packages/airflow/example_dags/example_short_circuit_operator.py took 0.185 seconds
