[2023-09-06T04:26:33.143+0000] {processor.py:153} INFO - Started process (PID=106) to work on /home/airflow/.local/lib/python3.7/site-packages/airflow/example_dags/example_trigger_target_dag.py
[2023-09-06T04:26:33.158+0000] {processor.py:743} INFO - Processing file /home/airflow/.local/lib/python3.7/site-packages/airflow/example_dags/example_trigger_target_dag.py for tasks to queue
[2023-09-06T04:26:33.160+0000] {logging_mixin.py:137} INFO - [2023-09-06T04:26:33.159+0000] {dagbag.py:538} INFO - Filling up the DagBag from /home/airflow/.local/lib/python3.7/site-packages/airflow/example_dags/example_trigger_target_dag.py
[2023-09-06T04:26:33.267+0000] {processor.py:753} INFO - DAG(s) dict_keys(['example_trigger_target_dag']) retrieved from /home/airflow/.local/lib/python3.7/site-packages/airflow/example_dags/example_trigger_target_dag.py
[2023-09-06T04:26:33.324+0000] {logging_mixin.py:137} INFO - [2023-09-06T04:26:33.323+0000] {dag.py:2690} INFO - Sync 1 DAGs
[2023-09-06T04:26:33.363+0000] {logging_mixin.py:137} INFO - [2023-09-06T04:26:33.363+0000] {dag.py:3441} INFO - Setting next_dagrun for example_trigger_target_dag to None, run_after=None
[2023-09-06T04:26:33.407+0000] {processor.py:175} INFO - Processing /home/airflow/.local/lib/python3.7/site-packages/airflow/example_dags/example_trigger_target_dag.py took 0.270 seconds
[2023-09-06T04:27:03.727+0000] {processor.py:153} INFO - Started process (PID=165) to work on /home/airflow/.local/lib/python3.7/site-packages/airflow/example_dags/example_trigger_target_dag.py
[2023-09-06T04:27:03.729+0000] {processor.py:743} INFO - Processing file /home/airflow/.local/lib/python3.7/site-packages/airflow/example_dags/example_trigger_target_dag.py for tasks to queue
[2023-09-06T04:27:03.730+0000] {logging_mixin.py:137} INFO - [2023-09-06T04:27:03.730+0000] {dagbag.py:538} INFO - Filling up the DagBag from /home/airflow/.local/lib/python3.7/site-packages/airflow/example_dags/example_trigger_target_dag.py
[2023-09-06T04:27:03.769+0000] {processor.py:753} INFO - DAG(s) dict_keys(['example_trigger_target_dag']) retrieved from /home/airflow/.local/lib/python3.7/site-packages/airflow/example_dags/example_trigger_target_dag.py
[2023-09-06T04:27:03.801+0000] {logging_mixin.py:137} INFO - [2023-09-06T04:27:03.801+0000] {dag.py:2690} INFO - Sync 1 DAGs
[2023-09-06T04:27:03.832+0000] {logging_mixin.py:137} INFO - [2023-09-06T04:27:03.832+0000] {dag.py:3441} INFO - Setting next_dagrun for example_trigger_target_dag to None, run_after=None
[2023-09-06T04:27:03.857+0000] {processor.py:175} INFO - Processing /home/airflow/.local/lib/python3.7/site-packages/airflow/example_dags/example_trigger_target_dag.py took 0.133 seconds
[2023-09-06T04:27:34.494+0000] {processor.py:153} INFO - Started process (PID=231) to work on /home/airflow/.local/lib/python3.7/site-packages/airflow/example_dags/example_trigger_target_dag.py
[2023-09-06T04:27:34.495+0000] {processor.py:743} INFO - Processing file /home/airflow/.local/lib/python3.7/site-packages/airflow/example_dags/example_trigger_target_dag.py for tasks to queue
[2023-09-06T04:27:34.508+0000] {logging_mixin.py:137} INFO - [2023-09-06T04:27:34.506+0000] {dagbag.py:538} INFO - Filling up the DagBag from /home/airflow/.local/lib/python3.7/site-packages/airflow/example_dags/example_trigger_target_dag.py
[2023-09-06T04:27:34.578+0000] {processor.py:753} INFO - DAG(s) dict_keys(['example_trigger_target_dag']) retrieved from /home/airflow/.local/lib/python3.7/site-packages/airflow/example_dags/example_trigger_target_dag.py
[2023-09-06T04:27:34.619+0000] {logging_mixin.py:137} INFO - [2023-09-06T04:27:34.619+0000] {dag.py:2690} INFO - Sync 1 DAGs
[2023-09-06T04:27:34.685+0000] {logging_mixin.py:137} INFO - [2023-09-06T04:27:34.684+0000] {dag.py:3441} INFO - Setting next_dagrun for example_trigger_target_dag to None, run_after=None
[2023-09-06T04:27:34.733+0000] {processor.py:175} INFO - Processing /home/airflow/.local/lib/python3.7/site-packages/airflow/example_dags/example_trigger_target_dag.py took 0.243 seconds
[2023-09-06T04:28:05.020+0000] {processor.py:153} INFO - Started process (PID=294) to work on /home/airflow/.local/lib/python3.7/site-packages/airflow/example_dags/example_trigger_target_dag.py
[2023-09-06T04:28:05.022+0000] {processor.py:743} INFO - Processing file /home/airflow/.local/lib/python3.7/site-packages/airflow/example_dags/example_trigger_target_dag.py for tasks to queue
[2023-09-06T04:28:05.024+0000] {logging_mixin.py:137} INFO - [2023-09-06T04:28:05.024+0000] {dagbag.py:538} INFO - Filling up the DagBag from /home/airflow/.local/lib/python3.7/site-packages/airflow/example_dags/example_trigger_target_dag.py
[2023-09-06T04:28:05.063+0000] {processor.py:753} INFO - DAG(s) dict_keys(['example_trigger_target_dag']) retrieved from /home/airflow/.local/lib/python3.7/site-packages/airflow/example_dags/example_trigger_target_dag.py
[2023-09-06T04:28:05.105+0000] {logging_mixin.py:137} INFO - [2023-09-06T04:28:05.105+0000] {dag.py:2690} INFO - Sync 1 DAGs
[2023-09-06T04:28:05.158+0000] {logging_mixin.py:137} INFO - [2023-09-06T04:28:05.158+0000] {dag.py:3441} INFO - Setting next_dagrun for example_trigger_target_dag to None, run_after=None
[2023-09-06T04:28:05.192+0000] {processor.py:175} INFO - Processing /home/airflow/.local/lib/python3.7/site-packages/airflow/example_dags/example_trigger_target_dag.py took 0.179 seconds
[2023-09-06T04:29:18.106+0000] {processor.py:153} INFO - Started process (PID=85) to work on /home/airflow/.local/lib/python3.7/site-packages/airflow/example_dags/example_trigger_target_dag.py
[2023-09-06T04:29:18.108+0000] {processor.py:743} INFO - Processing file /home/airflow/.local/lib/python3.7/site-packages/airflow/example_dags/example_trigger_target_dag.py for tasks to queue
[2023-09-06T04:29:18.109+0000] {logging_mixin.py:137} INFO - [2023-09-06T04:29:18.109+0000] {dagbag.py:538} INFO - Filling up the DagBag from /home/airflow/.local/lib/python3.7/site-packages/airflow/example_dags/example_trigger_target_dag.py
[2023-09-06T04:29:18.172+0000] {processor.py:753} INFO - DAG(s) dict_keys(['example_trigger_target_dag']) retrieved from /home/airflow/.local/lib/python3.7/site-packages/airflow/example_dags/example_trigger_target_dag.py
[2023-09-06T04:29:18.275+0000] {logging_mixin.py:137} INFO - [2023-09-06T04:29:18.275+0000] {dag.py:2690} INFO - Sync 1 DAGs
[2023-09-06T04:29:18.369+0000] {logging_mixin.py:137} INFO - [2023-09-06T04:29:18.369+0000] {dag.py:3441} INFO - Setting next_dagrun for example_trigger_target_dag to None, run_after=None
[2023-09-06T04:29:18.455+0000] {processor.py:175} INFO - Processing /home/airflow/.local/lib/python3.7/site-packages/airflow/example_dags/example_trigger_target_dag.py took 0.354 seconds
[2023-09-06T04:29:48.586+0000] {processor.py:153} INFO - Started process (PID=143) to work on /home/airflow/.local/lib/python3.7/site-packages/airflow/example_dags/example_trigger_target_dag.py
[2023-09-06T04:29:48.588+0000] {processor.py:743} INFO - Processing file /home/airflow/.local/lib/python3.7/site-packages/airflow/example_dags/example_trigger_target_dag.py for tasks to queue
[2023-09-06T04:29:48.589+0000] {logging_mixin.py:137} INFO - [2023-09-06T04:29:48.589+0000] {dagbag.py:538} INFO - Filling up the DagBag from /home/airflow/.local/lib/python3.7/site-packages/airflow/example_dags/example_trigger_target_dag.py
[2023-09-06T04:29:48.614+0000] {processor.py:753} INFO - DAG(s) dict_keys(['example_trigger_target_dag']) retrieved from /home/airflow/.local/lib/python3.7/site-packages/airflow/example_dags/example_trigger_target_dag.py
[2023-09-06T04:29:48.641+0000] {logging_mixin.py:137} INFO - [2023-09-06T04:29:48.641+0000] {dag.py:2690} INFO - Sync 1 DAGs
[2023-09-06T04:29:48.665+0000] {logging_mixin.py:137} INFO - [2023-09-06T04:29:48.665+0000] {dag.py:3441} INFO - Setting next_dagrun for example_trigger_target_dag to None, run_after=None
[2023-09-06T04:29:48.686+0000] {processor.py:175} INFO - Processing /home/airflow/.local/lib/python3.7/site-packages/airflow/example_dags/example_trigger_target_dag.py took 0.104 seconds
[2023-09-06T04:30:19.366+0000] {processor.py:153} INFO - Started process (PID=212) to work on /home/airflow/.local/lib/python3.7/site-packages/airflow/example_dags/example_trigger_target_dag.py
[2023-09-06T04:30:19.368+0000] {processor.py:743} INFO - Processing file /home/airflow/.local/lib/python3.7/site-packages/airflow/example_dags/example_trigger_target_dag.py for tasks to queue
[2023-09-06T04:30:19.369+0000] {logging_mixin.py:137} INFO - [2023-09-06T04:30:19.369+0000] {dagbag.py:538} INFO - Filling up the DagBag from /home/airflow/.local/lib/python3.7/site-packages/airflow/example_dags/example_trigger_target_dag.py
[2023-09-06T04:30:19.391+0000] {processor.py:753} INFO - DAG(s) dict_keys(['example_trigger_target_dag']) retrieved from /home/airflow/.local/lib/python3.7/site-packages/airflow/example_dags/example_trigger_target_dag.py
[2023-09-06T04:30:19.419+0000] {logging_mixin.py:137} INFO - [2023-09-06T04:30:19.418+0000] {dag.py:2690} INFO - Sync 1 DAGs
[2023-09-06T04:30:19.444+0000] {logging_mixin.py:137} INFO - [2023-09-06T04:30:19.443+0000] {dag.py:3441} INFO - Setting next_dagrun for example_trigger_target_dag to None, run_after=None
[2023-09-06T04:30:19.472+0000] {processor.py:175} INFO - Processing /home/airflow/.local/lib/python3.7/site-packages/airflow/example_dags/example_trigger_target_dag.py took 0.109 seconds
[2023-09-06T04:30:50.012+0000] {processor.py:153} INFO - Started process (PID=272) to work on /home/airflow/.local/lib/python3.7/site-packages/airflow/example_dags/example_trigger_target_dag.py
[2023-09-06T04:30:50.014+0000] {processor.py:743} INFO - Processing file /home/airflow/.local/lib/python3.7/site-packages/airflow/example_dags/example_trigger_target_dag.py for tasks to queue
[2023-09-06T04:30:50.015+0000] {logging_mixin.py:137} INFO - [2023-09-06T04:30:50.015+0000] {dagbag.py:538} INFO - Filling up the DagBag from /home/airflow/.local/lib/python3.7/site-packages/airflow/example_dags/example_trigger_target_dag.py
[2023-09-06T04:30:50.041+0000] {processor.py:753} INFO - DAG(s) dict_keys(['example_trigger_target_dag']) retrieved from /home/airflow/.local/lib/python3.7/site-packages/airflow/example_dags/example_trigger_target_dag.py
[2023-09-06T04:30:50.081+0000] {logging_mixin.py:137} INFO - [2023-09-06T04:30:50.080+0000] {dag.py:2690} INFO - Sync 1 DAGs
[2023-09-06T04:30:50.119+0000] {logging_mixin.py:137} INFO - [2023-09-06T04:30:50.118+0000] {dag.py:3441} INFO - Setting next_dagrun for example_trigger_target_dag to None, run_after=None
[2023-09-06T04:30:50.148+0000] {processor.py:175} INFO - Processing /home/airflow/.local/lib/python3.7/site-packages/airflow/example_dags/example_trigger_target_dag.py took 0.142 seconds
[2023-09-06T04:31:21.092+0000] {processor.py:153} INFO - Started process (PID=339) to work on /home/airflow/.local/lib/python3.7/site-packages/airflow/example_dags/example_trigger_target_dag.py
[2023-09-06T04:31:21.094+0000] {processor.py:743} INFO - Processing file /home/airflow/.local/lib/python3.7/site-packages/airflow/example_dags/example_trigger_target_dag.py for tasks to queue
[2023-09-06T04:31:21.105+0000] {logging_mixin.py:137} INFO - [2023-09-06T04:31:21.105+0000] {dagbag.py:538} INFO - Filling up the DagBag from /home/airflow/.local/lib/python3.7/site-packages/airflow/example_dags/example_trigger_target_dag.py
[2023-09-06T04:31:21.199+0000] {processor.py:753} INFO - DAG(s) dict_keys(['example_trigger_target_dag']) retrieved from /home/airflow/.local/lib/python3.7/site-packages/airflow/example_dags/example_trigger_target_dag.py
[2023-09-06T04:31:21.276+0000] {logging_mixin.py:137} INFO - [2023-09-06T04:31:21.275+0000] {dag.py:2690} INFO - Sync 1 DAGs
[2023-09-06T04:31:21.409+0000] {logging_mixin.py:137} INFO - [2023-09-06T04:31:21.408+0000] {dag.py:3441} INFO - Setting next_dagrun for example_trigger_target_dag to None, run_after=None
[2023-09-06T04:31:21.456+0000] {processor.py:175} INFO - Processing /home/airflow/.local/lib/python3.7/site-packages/airflow/example_dags/example_trigger_target_dag.py took 0.368 seconds
[2023-09-06T04:31:51.638+0000] {processor.py:153} INFO - Started process (PID=399) to work on /home/airflow/.local/lib/python3.7/site-packages/airflow/example_dags/example_trigger_target_dag.py
[2023-09-06T04:31:51.640+0000] {processor.py:743} INFO - Processing file /home/airflow/.local/lib/python3.7/site-packages/airflow/example_dags/example_trigger_target_dag.py for tasks to queue
[2023-09-06T04:31:51.641+0000] {logging_mixin.py:137} INFO - [2023-09-06T04:31:51.641+0000] {dagbag.py:538} INFO - Filling up the DagBag from /home/airflow/.local/lib/python3.7/site-packages/airflow/example_dags/example_trigger_target_dag.py
[2023-09-06T04:31:51.671+0000] {processor.py:753} INFO - DAG(s) dict_keys(['example_trigger_target_dag']) retrieved from /home/airflow/.local/lib/python3.7/site-packages/airflow/example_dags/example_trigger_target_dag.py
[2023-09-06T04:31:51.707+0000] {logging_mixin.py:137} INFO - [2023-09-06T04:31:51.706+0000] {dag.py:2690} INFO - Sync 1 DAGs
[2023-09-06T04:31:51.738+0000] {logging_mixin.py:137} INFO - [2023-09-06T04:31:51.738+0000] {dag.py:3441} INFO - Setting next_dagrun for example_trigger_target_dag to None, run_after=None
[2023-09-06T04:31:51.776+0000] {processor.py:175} INFO - Processing /home/airflow/.local/lib/python3.7/site-packages/airflow/example_dags/example_trigger_target_dag.py took 0.141 seconds
[2023-09-06T04:32:22.223+0000] {processor.py:153} INFO - Started process (PID=459) to work on /home/airflow/.local/lib/python3.7/site-packages/airflow/example_dags/example_trigger_target_dag.py
[2023-09-06T04:32:22.224+0000] {processor.py:743} INFO - Processing file /home/airflow/.local/lib/python3.7/site-packages/airflow/example_dags/example_trigger_target_dag.py for tasks to queue
[2023-09-06T04:32:22.226+0000] {logging_mixin.py:137} INFO - [2023-09-06T04:32:22.225+0000] {dagbag.py:538} INFO - Filling up the DagBag from /home/airflow/.local/lib/python3.7/site-packages/airflow/example_dags/example_trigger_target_dag.py
[2023-09-06T04:32:22.292+0000] {processor.py:753} INFO - DAG(s) dict_keys(['example_trigger_target_dag']) retrieved from /home/airflow/.local/lib/python3.7/site-packages/airflow/example_dags/example_trigger_target_dag.py
[2023-09-06T04:32:22.365+0000] {logging_mixin.py:137} INFO - [2023-09-06T04:32:22.365+0000] {dag.py:2690} INFO - Sync 1 DAGs
[2023-09-06T04:32:22.427+0000] {logging_mixin.py:137} INFO - [2023-09-06T04:32:22.427+0000] {dag.py:3441} INFO - Setting next_dagrun for example_trigger_target_dag to None, run_after=None
[2023-09-06T04:32:22.461+0000] {processor.py:175} INFO - Processing /home/airflow/.local/lib/python3.7/site-packages/airflow/example_dags/example_trigger_target_dag.py took 0.241 seconds
[2023-09-06T04:32:52.958+0000] {processor.py:153} INFO - Started process (PID=529) to work on /home/airflow/.local/lib/python3.7/site-packages/airflow/example_dags/example_trigger_target_dag.py
[2023-09-06T04:32:52.960+0000] {processor.py:743} INFO - Processing file /home/airflow/.local/lib/python3.7/site-packages/airflow/example_dags/example_trigger_target_dag.py for tasks to queue
[2023-09-06T04:32:52.962+0000] {logging_mixin.py:137} INFO - [2023-09-06T04:32:52.962+0000] {dagbag.py:538} INFO - Filling up the DagBag from /home/airflow/.local/lib/python3.7/site-packages/airflow/example_dags/example_trigger_target_dag.py
[2023-09-06T04:32:53.015+0000] {processor.py:753} INFO - DAG(s) dict_keys(['example_trigger_target_dag']) retrieved from /home/airflow/.local/lib/python3.7/site-packages/airflow/example_dags/example_trigger_target_dag.py
[2023-09-06T04:32:53.067+0000] {logging_mixin.py:137} INFO - [2023-09-06T04:32:53.067+0000] {dag.py:2690} INFO - Sync 1 DAGs
[2023-09-06T04:32:53.129+0000] {logging_mixin.py:137} INFO - [2023-09-06T04:32:53.129+0000] {dag.py:3441} INFO - Setting next_dagrun for example_trigger_target_dag to None, run_after=None
[2023-09-06T04:32:53.153+0000] {processor.py:175} INFO - Processing /home/airflow/.local/lib/python3.7/site-packages/airflow/example_dags/example_trigger_target_dag.py took 0.199 seconds
[2023-09-06T04:33:23.305+0000] {processor.py:153} INFO - Started process (PID=589) to work on /home/airflow/.local/lib/python3.7/site-packages/airflow/example_dags/example_trigger_target_dag.py
[2023-09-06T04:33:23.306+0000] {processor.py:743} INFO - Processing file /home/airflow/.local/lib/python3.7/site-packages/airflow/example_dags/example_trigger_target_dag.py for tasks to queue
[2023-09-06T04:33:23.309+0000] {logging_mixin.py:137} INFO - [2023-09-06T04:33:23.308+0000] {dagbag.py:538} INFO - Filling up the DagBag from /home/airflow/.local/lib/python3.7/site-packages/airflow/example_dags/example_trigger_target_dag.py
[2023-09-06T04:33:23.338+0000] {processor.py:753} INFO - DAG(s) dict_keys(['example_trigger_target_dag']) retrieved from /home/airflow/.local/lib/python3.7/site-packages/airflow/example_dags/example_trigger_target_dag.py
[2023-09-06T04:33:23.382+0000] {logging_mixin.py:137} INFO - [2023-09-06T04:33:23.382+0000] {dag.py:2690} INFO - Sync 1 DAGs
[2023-09-06T04:33:23.416+0000] {logging_mixin.py:137} INFO - [2023-09-06T04:33:23.416+0000] {dag.py:3441} INFO - Setting next_dagrun for example_trigger_target_dag to None, run_after=None
[2023-09-06T04:33:23.444+0000] {processor.py:175} INFO - Processing /home/airflow/.local/lib/python3.7/site-packages/airflow/example_dags/example_trigger_target_dag.py took 0.143 seconds
[2023-09-06T04:33:53.552+0000] {processor.py:153} INFO - Started process (PID=648) to work on /home/airflow/.local/lib/python3.7/site-packages/airflow/example_dags/example_trigger_target_dag.py
[2023-09-06T04:33:53.554+0000] {processor.py:743} INFO - Processing file /home/airflow/.local/lib/python3.7/site-packages/airflow/example_dags/example_trigger_target_dag.py for tasks to queue
[2023-09-06T04:33:53.556+0000] {logging_mixin.py:137} INFO - [2023-09-06T04:33:53.556+0000] {dagbag.py:538} INFO - Filling up the DagBag from /home/airflow/.local/lib/python3.7/site-packages/airflow/example_dags/example_trigger_target_dag.py
[2023-09-06T04:33:53.600+0000] {processor.py:753} INFO - DAG(s) dict_keys(['example_trigger_target_dag']) retrieved from /home/airflow/.local/lib/python3.7/site-packages/airflow/example_dags/example_trigger_target_dag.py
[2023-09-06T04:33:53.638+0000] {logging_mixin.py:137} INFO - [2023-09-06T04:33:53.638+0000] {dag.py:2690} INFO - Sync 1 DAGs
[2023-09-06T04:33:53.688+0000] {logging_mixin.py:137} INFO - [2023-09-06T04:33:53.688+0000] {dag.py:3441} INFO - Setting next_dagrun for example_trigger_target_dag to None, run_after=None
[2023-09-06T04:33:53.723+0000] {processor.py:175} INFO - Processing /home/airflow/.local/lib/python3.7/site-packages/airflow/example_dags/example_trigger_target_dag.py took 0.177 seconds
[2023-09-06T04:34:59.999+0000] {processor.py:153} INFO - Started process (PID=73) to work on /home/airflow/.local/lib/python3.7/site-packages/airflow/example_dags/example_trigger_target_dag.py
[2023-09-06T04:35:00.004+0000] {processor.py:743} INFO - Processing file /home/airflow/.local/lib/python3.7/site-packages/airflow/example_dags/example_trigger_target_dag.py for tasks to queue
[2023-09-06T04:35:00.016+0000] {logging_mixin.py:137} INFO - [2023-09-06T04:35:00.015+0000] {dagbag.py:538} INFO - Filling up the DagBag from /home/airflow/.local/lib/python3.7/site-packages/airflow/example_dags/example_trigger_target_dag.py
[2023-09-06T04:35:00.076+0000] {processor.py:753} INFO - DAG(s) dict_keys(['example_trigger_target_dag']) retrieved from /home/airflow/.local/lib/python3.7/site-packages/airflow/example_dags/example_trigger_target_dag.py
[2023-09-06T04:35:00.212+0000] {logging_mixin.py:137} INFO - [2023-09-06T04:35:00.212+0000] {dag.py:2690} INFO - Sync 1 DAGs
[2023-09-06T04:35:00.272+0000] {logging_mixin.py:137} INFO - [2023-09-06T04:35:00.272+0000] {dag.py:3441} INFO - Setting next_dagrun for example_trigger_target_dag to None, run_after=None
[2023-09-06T04:35:00.335+0000] {processor.py:175} INFO - Processing /home/airflow/.local/lib/python3.7/site-packages/airflow/example_dags/example_trigger_target_dag.py took 0.343 seconds
[2023-09-06T04:35:31.740+0000] {processor.py:153} INFO - Started process (PID=141) to work on /home/airflow/.local/lib/python3.7/site-packages/airflow/example_dags/example_trigger_target_dag.py
[2023-09-06T04:35:31.751+0000] {processor.py:743} INFO - Processing file /home/airflow/.local/lib/python3.7/site-packages/airflow/example_dags/example_trigger_target_dag.py for tasks to queue
[2023-09-06T04:35:31.754+0000] {logging_mixin.py:137} INFO - [2023-09-06T04:35:31.754+0000] {dagbag.py:538} INFO - Filling up the DagBag from /home/airflow/.local/lib/python3.7/site-packages/airflow/example_dags/example_trigger_target_dag.py
[2023-09-06T04:35:31.921+0000] {processor.py:753} INFO - DAG(s) dict_keys(['example_trigger_target_dag']) retrieved from /home/airflow/.local/lib/python3.7/site-packages/airflow/example_dags/example_trigger_target_dag.py
[2023-09-06T04:35:32.009+0000] {logging_mixin.py:137} INFO - [2023-09-06T04:35:32.009+0000] {dag.py:2690} INFO - Sync 1 DAGs
[2023-09-06T04:35:32.105+0000] {logging_mixin.py:137} INFO - [2023-09-06T04:35:32.104+0000] {dag.py:3441} INFO - Setting next_dagrun for example_trigger_target_dag to None, run_after=None
[2023-09-06T04:35:32.277+0000] {processor.py:175} INFO - Processing /home/airflow/.local/lib/python3.7/site-packages/airflow/example_dags/example_trigger_target_dag.py took 0.541 seconds
[2023-09-06T04:36:02.402+0000] {processor.py:153} INFO - Started process (PID=202) to work on /home/airflow/.local/lib/python3.7/site-packages/airflow/example_dags/example_trigger_target_dag.py
[2023-09-06T04:36:02.404+0000] {processor.py:743} INFO - Processing file /home/airflow/.local/lib/python3.7/site-packages/airflow/example_dags/example_trigger_target_dag.py for tasks to queue
[2023-09-06T04:36:02.406+0000] {logging_mixin.py:137} INFO - [2023-09-06T04:36:02.405+0000] {dagbag.py:538} INFO - Filling up the DagBag from /home/airflow/.local/lib/python3.7/site-packages/airflow/example_dags/example_trigger_target_dag.py
[2023-09-06T04:36:02.440+0000] {processor.py:753} INFO - DAG(s) dict_keys(['example_trigger_target_dag']) retrieved from /home/airflow/.local/lib/python3.7/site-packages/airflow/example_dags/example_trigger_target_dag.py
[2023-09-06T04:36:02.483+0000] {logging_mixin.py:137} INFO - [2023-09-06T04:36:02.483+0000] {dag.py:2690} INFO - Sync 1 DAGs
[2023-09-06T04:36:02.532+0000] {logging_mixin.py:137} INFO - [2023-09-06T04:36:02.532+0000] {dag.py:3441} INFO - Setting next_dagrun for example_trigger_target_dag to None, run_after=None
[2023-09-06T04:36:02.569+0000] {processor.py:175} INFO - Processing /home/airflow/.local/lib/python3.7/site-packages/airflow/example_dags/example_trigger_target_dag.py took 0.172 seconds
[2023-09-06T04:36:33.639+0000] {processor.py:153} INFO - Started process (PID=262) to work on /home/airflow/.local/lib/python3.7/site-packages/airflow/example_dags/example_trigger_target_dag.py
[2023-09-06T04:36:33.643+0000] {processor.py:743} INFO - Processing file /home/airflow/.local/lib/python3.7/site-packages/airflow/example_dags/example_trigger_target_dag.py for tasks to queue
[2023-09-06T04:36:33.644+0000] {logging_mixin.py:137} INFO - [2023-09-06T04:36:33.644+0000] {dagbag.py:538} INFO - Filling up the DagBag from /home/airflow/.local/lib/python3.7/site-packages/airflow/example_dags/example_trigger_target_dag.py
[2023-09-06T04:36:33.701+0000] {processor.py:753} INFO - DAG(s) dict_keys(['example_trigger_target_dag']) retrieved from /home/airflow/.local/lib/python3.7/site-packages/airflow/example_dags/example_trigger_target_dag.py
[2023-09-06T04:36:33.742+0000] {logging_mixin.py:137} INFO - [2023-09-06T04:36:33.741+0000] {dag.py:2690} INFO - Sync 1 DAGs
[2023-09-06T04:36:33.792+0000] {logging_mixin.py:137} INFO - [2023-09-06T04:36:33.792+0000] {dag.py:3441} INFO - Setting next_dagrun for example_trigger_target_dag to None, run_after=None
[2023-09-06T04:36:33.836+0000] {processor.py:175} INFO - Processing /home/airflow/.local/lib/python3.7/site-packages/airflow/example_dags/example_trigger_target_dag.py took 0.207 seconds
[2023-09-06T04:37:04.149+0000] {processor.py:153} INFO - Started process (PID=321) to work on /home/airflow/.local/lib/python3.7/site-packages/airflow/example_dags/example_trigger_target_dag.py
[2023-09-06T04:37:04.151+0000] {processor.py:743} INFO - Processing file /home/airflow/.local/lib/python3.7/site-packages/airflow/example_dags/example_trigger_target_dag.py for tasks to queue
[2023-09-06T04:37:04.152+0000] {logging_mixin.py:137} INFO - [2023-09-06T04:37:04.152+0000] {dagbag.py:538} INFO - Filling up the DagBag from /home/airflow/.local/lib/python3.7/site-packages/airflow/example_dags/example_trigger_target_dag.py
[2023-09-06T04:37:04.195+0000] {processor.py:753} INFO - DAG(s) dict_keys(['example_trigger_target_dag']) retrieved from /home/airflow/.local/lib/python3.7/site-packages/airflow/example_dags/example_trigger_target_dag.py
[2023-09-06T04:37:04.227+0000] {logging_mixin.py:137} INFO - [2023-09-06T04:37:04.227+0000] {dag.py:2690} INFO - Sync 1 DAGs
[2023-09-06T04:37:04.260+0000] {logging_mixin.py:137} INFO - [2023-09-06T04:37:04.260+0000] {dag.py:3441} INFO - Setting next_dagrun for example_trigger_target_dag to None, run_after=None
[2023-09-06T04:37:04.290+0000] {processor.py:175} INFO - Processing /home/airflow/.local/lib/python3.7/site-packages/airflow/example_dags/example_trigger_target_dag.py took 0.145 seconds
[2023-09-06T04:37:35.056+0000] {processor.py:153} INFO - Started process (PID=390) to work on /home/airflow/.local/lib/python3.7/site-packages/airflow/example_dags/example_trigger_target_dag.py
[2023-09-06T04:37:35.063+0000] {processor.py:743} INFO - Processing file /home/airflow/.local/lib/python3.7/site-packages/airflow/example_dags/example_trigger_target_dag.py for tasks to queue
[2023-09-06T04:37:35.065+0000] {logging_mixin.py:137} INFO - [2023-09-06T04:37:35.065+0000] {dagbag.py:538} INFO - Filling up the DagBag from /home/airflow/.local/lib/python3.7/site-packages/airflow/example_dags/example_trigger_target_dag.py
[2023-09-06T04:37:35.132+0000] {processor.py:753} INFO - DAG(s) dict_keys(['example_trigger_target_dag']) retrieved from /home/airflow/.local/lib/python3.7/site-packages/airflow/example_dags/example_trigger_target_dag.py
[2023-09-06T04:37:35.204+0000] {logging_mixin.py:137} INFO - [2023-09-06T04:37:35.204+0000] {dag.py:2690} INFO - Sync 1 DAGs
[2023-09-06T04:37:35.279+0000] {logging_mixin.py:137} INFO - [2023-09-06T04:37:35.279+0000] {dag.py:3441} INFO - Setting next_dagrun for example_trigger_target_dag to None, run_after=None
[2023-09-06T04:37:35.339+0000] {processor.py:175} INFO - Processing /home/airflow/.local/lib/python3.7/site-packages/airflow/example_dags/example_trigger_target_dag.py took 0.288 seconds
[2023-09-06T04:38:05.895+0000] {processor.py:153} INFO - Started process (PID=449) to work on /home/airflow/.local/lib/python3.7/site-packages/airflow/example_dags/example_trigger_target_dag.py
[2023-09-06T04:38:05.897+0000] {processor.py:743} INFO - Processing file /home/airflow/.local/lib/python3.7/site-packages/airflow/example_dags/example_trigger_target_dag.py for tasks to queue
[2023-09-06T04:38:05.907+0000] {logging_mixin.py:137} INFO - [2023-09-06T04:38:05.907+0000] {dagbag.py:538} INFO - Filling up the DagBag from /home/airflow/.local/lib/python3.7/site-packages/airflow/example_dags/example_trigger_target_dag.py
[2023-09-06T04:38:05.982+0000] {processor.py:753} INFO - DAG(s) dict_keys(['example_trigger_target_dag']) retrieved from /home/airflow/.local/lib/python3.7/site-packages/airflow/example_dags/example_trigger_target_dag.py
[2023-09-06T04:38:06.060+0000] {logging_mixin.py:137} INFO - [2023-09-06T04:38:06.060+0000] {dag.py:2690} INFO - Sync 1 DAGs
[2023-09-06T04:38:06.175+0000] {logging_mixin.py:137} INFO - [2023-09-06T04:38:06.175+0000] {dag.py:3441} INFO - Setting next_dagrun for example_trigger_target_dag to None, run_after=None
[2023-09-06T04:38:06.243+0000] {processor.py:175} INFO - Processing /home/airflow/.local/lib/python3.7/site-packages/airflow/example_dags/example_trigger_target_dag.py took 0.353 seconds
[2023-09-06T04:38:37.993+0000] {processor.py:153} INFO - Started process (PID=508) to work on /home/airflow/.local/lib/python3.7/site-packages/airflow/example_dags/example_trigger_target_dag.py
[2023-09-06T04:38:38.006+0000] {processor.py:743} INFO - Processing file /home/airflow/.local/lib/python3.7/site-packages/airflow/example_dags/example_trigger_target_dag.py for tasks to queue
[2023-09-06T04:38:38.008+0000] {logging_mixin.py:137} INFO - [2023-09-06T04:38:38.008+0000] {dagbag.py:538} INFO - Filling up the DagBag from /home/airflow/.local/lib/python3.7/site-packages/airflow/example_dags/example_trigger_target_dag.py
[2023-09-06T04:38:38.116+0000] {processor.py:753} INFO - DAG(s) dict_keys(['example_trigger_target_dag']) retrieved from /home/airflow/.local/lib/python3.7/site-packages/airflow/example_dags/example_trigger_target_dag.py
[2023-09-06T04:38:38.292+0000] {logging_mixin.py:137} INFO - [2023-09-06T04:38:38.292+0000] {dag.py:2690} INFO - Sync 1 DAGs
[2023-09-06T04:38:38.499+0000] {logging_mixin.py:137} INFO - [2023-09-06T04:38:38.494+0000] {dag.py:3441} INFO - Setting next_dagrun for example_trigger_target_dag to None, run_after=None
[2023-09-06T04:38:38.654+0000] {processor.py:175} INFO - Processing /home/airflow/.local/lib/python3.7/site-packages/airflow/example_dags/example_trigger_target_dag.py took 0.665 seconds
[2023-09-06T04:39:09.218+0000] {processor.py:153} INFO - Started process (PID=576) to work on /home/airflow/.local/lib/python3.7/site-packages/airflow/example_dags/example_trigger_target_dag.py
[2023-09-06T04:39:09.219+0000] {processor.py:743} INFO - Processing file /home/airflow/.local/lib/python3.7/site-packages/airflow/example_dags/example_trigger_target_dag.py for tasks to queue
[2023-09-06T04:39:09.220+0000] {logging_mixin.py:137} INFO - [2023-09-06T04:39:09.220+0000] {dagbag.py:538} INFO - Filling up the DagBag from /home/airflow/.local/lib/python3.7/site-packages/airflow/example_dags/example_trigger_target_dag.py
[2023-09-06T04:39:09.263+0000] {processor.py:753} INFO - DAG(s) dict_keys(['example_trigger_target_dag']) retrieved from /home/airflow/.local/lib/python3.7/site-packages/airflow/example_dags/example_trigger_target_dag.py
[2023-09-06T04:39:09.297+0000] {logging_mixin.py:137} INFO - [2023-09-06T04:39:09.297+0000] {dag.py:2690} INFO - Sync 1 DAGs
[2023-09-06T04:39:09.334+0000] {logging_mixin.py:137} INFO - [2023-09-06T04:39:09.334+0000] {dag.py:3441} INFO - Setting next_dagrun for example_trigger_target_dag to None, run_after=None
[2023-09-06T04:39:09.371+0000] {processor.py:175} INFO - Processing /home/airflow/.local/lib/python3.7/site-packages/airflow/example_dags/example_trigger_target_dag.py took 0.157 seconds
[2023-09-06T04:39:39.953+0000] {processor.py:153} INFO - Started process (PID=637) to work on /home/airflow/.local/lib/python3.7/site-packages/airflow/example_dags/example_trigger_target_dag.py
[2023-09-06T04:39:39.955+0000] {processor.py:743} INFO - Processing file /home/airflow/.local/lib/python3.7/site-packages/airflow/example_dags/example_trigger_target_dag.py for tasks to queue
[2023-09-06T04:39:39.956+0000] {logging_mixin.py:137} INFO - [2023-09-06T04:39:39.956+0000] {dagbag.py:538} INFO - Filling up the DagBag from /home/airflow/.local/lib/python3.7/site-packages/airflow/example_dags/example_trigger_target_dag.py
[2023-09-06T04:39:39.985+0000] {processor.py:753} INFO - DAG(s) dict_keys(['example_trigger_target_dag']) retrieved from /home/airflow/.local/lib/python3.7/site-packages/airflow/example_dags/example_trigger_target_dag.py
[2023-09-06T04:39:40.014+0000] {logging_mixin.py:137} INFO - [2023-09-06T04:39:40.014+0000] {dag.py:2690} INFO - Sync 1 DAGs
[2023-09-06T04:39:40.041+0000] {logging_mixin.py:137} INFO - [2023-09-06T04:39:40.041+0000] {dag.py:3441} INFO - Setting next_dagrun for example_trigger_target_dag to None, run_after=None
[2023-09-06T04:39:40.077+0000] {processor.py:175} INFO - Processing /home/airflow/.local/lib/python3.7/site-packages/airflow/example_dags/example_trigger_target_dag.py took 0.128 seconds
[2023-09-06T04:40:10.423+0000] {processor.py:153} INFO - Started process (PID=696) to work on /home/airflow/.local/lib/python3.7/site-packages/airflow/example_dags/example_trigger_target_dag.py
[2023-09-06T04:40:10.432+0000] {processor.py:743} INFO - Processing file /home/airflow/.local/lib/python3.7/site-packages/airflow/example_dags/example_trigger_target_dag.py for tasks to queue
[2023-09-06T04:40:10.434+0000] {logging_mixin.py:137} INFO - [2023-09-06T04:40:10.434+0000] {dagbag.py:538} INFO - Filling up the DagBag from /home/airflow/.local/lib/python3.7/site-packages/airflow/example_dags/example_trigger_target_dag.py
[2023-09-06T04:40:10.479+0000] {processor.py:753} INFO - DAG(s) dict_keys(['example_trigger_target_dag']) retrieved from /home/airflow/.local/lib/python3.7/site-packages/airflow/example_dags/example_trigger_target_dag.py
[2023-09-06T04:40:10.545+0000] {logging_mixin.py:137} INFO - [2023-09-06T04:40:10.545+0000] {dag.py:2690} INFO - Sync 1 DAGs
[2023-09-06T04:40:10.601+0000] {logging_mixin.py:137} INFO - [2023-09-06T04:40:10.601+0000] {dag.py:3441} INFO - Setting next_dagrun for example_trigger_target_dag to None, run_after=None
[2023-09-06T04:40:10.650+0000] {processor.py:175} INFO - Processing /home/airflow/.local/lib/python3.7/site-packages/airflow/example_dags/example_trigger_target_dag.py took 0.233 seconds
[2023-09-06T04:40:41.327+0000] {processor.py:153} INFO - Started process (PID=764) to work on /home/airflow/.local/lib/python3.7/site-packages/airflow/example_dags/example_trigger_target_dag.py
[2023-09-06T04:40:41.333+0000] {processor.py:743} INFO - Processing file /home/airflow/.local/lib/python3.7/site-packages/airflow/example_dags/example_trigger_target_dag.py for tasks to queue
[2023-09-06T04:40:41.335+0000] {logging_mixin.py:137} INFO - [2023-09-06T04:40:41.335+0000] {dagbag.py:538} INFO - Filling up the DagBag from /home/airflow/.local/lib/python3.7/site-packages/airflow/example_dags/example_trigger_target_dag.py
[2023-09-06T04:40:41.409+0000] {processor.py:753} INFO - DAG(s) dict_keys(['example_trigger_target_dag']) retrieved from /home/airflow/.local/lib/python3.7/site-packages/airflow/example_dags/example_trigger_target_dag.py
[2023-09-06T04:40:41.463+0000] {logging_mixin.py:137} INFO - [2023-09-06T04:40:41.461+0000] {dag.py:2690} INFO - Sync 1 DAGs
[2023-09-06T04:40:41.515+0000] {logging_mixin.py:137} INFO - [2023-09-06T04:40:41.514+0000] {dag.py:3441} INFO - Setting next_dagrun for example_trigger_target_dag to None, run_after=None
[2023-09-06T04:40:41.601+0000] {processor.py:175} INFO - Processing /home/airflow/.local/lib/python3.7/site-packages/airflow/example_dags/example_trigger_target_dag.py took 0.306 seconds
[2023-09-06T04:41:12.320+0000] {processor.py:153} INFO - Started process (PID=825) to work on /home/airflow/.local/lib/python3.7/site-packages/airflow/example_dags/example_trigger_target_dag.py
[2023-09-06T04:41:12.322+0000] {processor.py:743} INFO - Processing file /home/airflow/.local/lib/python3.7/site-packages/airflow/example_dags/example_trigger_target_dag.py for tasks to queue
[2023-09-06T04:41:12.324+0000] {logging_mixin.py:137} INFO - [2023-09-06T04:41:12.324+0000] {dagbag.py:538} INFO - Filling up the DagBag from /home/airflow/.local/lib/python3.7/site-packages/airflow/example_dags/example_trigger_target_dag.py
[2023-09-06T04:41:12.348+0000] {processor.py:753} INFO - DAG(s) dict_keys(['example_trigger_target_dag']) retrieved from /home/airflow/.local/lib/python3.7/site-packages/airflow/example_dags/example_trigger_target_dag.py
[2023-09-06T04:41:12.375+0000] {logging_mixin.py:137} INFO - [2023-09-06T04:41:12.375+0000] {dag.py:2690} INFO - Sync 1 DAGs
[2023-09-06T04:41:12.401+0000] {logging_mixin.py:137} INFO - [2023-09-06T04:41:12.401+0000] {dag.py:3441} INFO - Setting next_dagrun for example_trigger_target_dag to None, run_after=None
[2023-09-06T04:41:12.426+0000] {processor.py:175} INFO - Processing /home/airflow/.local/lib/python3.7/site-packages/airflow/example_dags/example_trigger_target_dag.py took 0.110 seconds
[2023-09-06T04:41:42.512+0000] {processor.py:153} INFO - Started process (PID=884) to work on /home/airflow/.local/lib/python3.7/site-packages/airflow/example_dags/example_trigger_target_dag.py
[2023-09-06T04:41:42.513+0000] {processor.py:743} INFO - Processing file /home/airflow/.local/lib/python3.7/site-packages/airflow/example_dags/example_trigger_target_dag.py for tasks to queue
[2023-09-06T04:41:42.514+0000] {logging_mixin.py:137} INFO - [2023-09-06T04:41:42.514+0000] {dagbag.py:538} INFO - Filling up the DagBag from /home/airflow/.local/lib/python3.7/site-packages/airflow/example_dags/example_trigger_target_dag.py
[2023-09-06T04:41:42.548+0000] {processor.py:753} INFO - DAG(s) dict_keys(['example_trigger_target_dag']) retrieved from /home/airflow/.local/lib/python3.7/site-packages/airflow/example_dags/example_trigger_target_dag.py
[2023-09-06T04:41:42.577+0000] {logging_mixin.py:137} INFO - [2023-09-06T04:41:42.577+0000] {dag.py:2690} INFO - Sync 1 DAGs
[2023-09-06T04:41:42.612+0000] {logging_mixin.py:137} INFO - [2023-09-06T04:41:42.612+0000] {dag.py:3441} INFO - Setting next_dagrun for example_trigger_target_dag to None, run_after=None
[2023-09-06T04:41:42.645+0000] {processor.py:175} INFO - Processing /home/airflow/.local/lib/python3.7/site-packages/airflow/example_dags/example_trigger_target_dag.py took 0.137 seconds
[2023-09-06T04:42:13.138+0000] {processor.py:153} INFO - Started process (PID=955) to work on /home/airflow/.local/lib/python3.7/site-packages/airflow/example_dags/example_trigger_target_dag.py
[2023-09-06T04:42:13.141+0000] {processor.py:743} INFO - Processing file /home/airflow/.local/lib/python3.7/site-packages/airflow/example_dags/example_trigger_target_dag.py for tasks to queue
[2023-09-06T04:42:13.148+0000] {logging_mixin.py:137} INFO - [2023-09-06T04:42:13.148+0000] {dagbag.py:538} INFO - Filling up the DagBag from /home/airflow/.local/lib/python3.7/site-packages/airflow/example_dags/example_trigger_target_dag.py
[2023-09-06T04:42:13.214+0000] {processor.py:753} INFO - DAG(s) dict_keys(['example_trigger_target_dag']) retrieved from /home/airflow/.local/lib/python3.7/site-packages/airflow/example_dags/example_trigger_target_dag.py
[2023-09-06T04:42:13.295+0000] {logging_mixin.py:137} INFO - [2023-09-06T04:42:13.294+0000] {dag.py:2690} INFO - Sync 1 DAGs
[2023-09-06T04:42:13.345+0000] {logging_mixin.py:137} INFO - [2023-09-06T04:42:13.345+0000] {dag.py:3441} INFO - Setting next_dagrun for example_trigger_target_dag to None, run_after=None
[2023-09-06T04:42:13.412+0000] {processor.py:175} INFO - Processing /home/airflow/.local/lib/python3.7/site-packages/airflow/example_dags/example_trigger_target_dag.py took 0.279 seconds
[2023-09-06T04:42:44.182+0000] {processor.py:153} INFO - Started process (PID=1015) to work on /home/airflow/.local/lib/python3.7/site-packages/airflow/example_dags/example_trigger_target_dag.py
[2023-09-06T04:42:44.186+0000] {processor.py:743} INFO - Processing file /home/airflow/.local/lib/python3.7/site-packages/airflow/example_dags/example_trigger_target_dag.py for tasks to queue
[2023-09-06T04:42:44.189+0000] {logging_mixin.py:137} INFO - [2023-09-06T04:42:44.188+0000] {dagbag.py:538} INFO - Filling up the DagBag from /home/airflow/.local/lib/python3.7/site-packages/airflow/example_dags/example_trigger_target_dag.py
[2023-09-06T04:42:44.249+0000] {processor.py:753} INFO - DAG(s) dict_keys(['example_trigger_target_dag']) retrieved from /home/airflow/.local/lib/python3.7/site-packages/airflow/example_dags/example_trigger_target_dag.py
[2023-09-06T04:42:44.319+0000] {logging_mixin.py:137} INFO - [2023-09-06T04:42:44.319+0000] {dag.py:2690} INFO - Sync 1 DAGs
[2023-09-06T04:42:44.383+0000] {logging_mixin.py:137} INFO - [2023-09-06T04:42:44.383+0000] {dag.py:3441} INFO - Setting next_dagrun for example_trigger_target_dag to None, run_after=None
[2023-09-06T04:42:44.470+0000] {processor.py:175} INFO - Processing /home/airflow/.local/lib/python3.7/site-packages/airflow/example_dags/example_trigger_target_dag.py took 0.294 seconds
