[2023-09-06T04:26:19.362+0000] {processor.py:153} INFO - Started process (PID=70) to work on /home/airflow/.local/lib/python3.7/site-packages/airflow/example_dags/example_dag_decorator.py
[2023-09-06T04:26:19.385+0000] {processor.py:743} INFO - Processing file /home/airflow/.local/lib/python3.7/site-packages/airflow/example_dags/example_dag_decorator.py for tasks to queue
[2023-09-06T04:26:19.395+0000] {logging_mixin.py:137} INFO - [2023-09-06T04:26:19.395+0000] {dagbag.py:538} INFO - Filling up the DagBag from /home/airflow/.local/lib/python3.7/site-packages/airflow/example_dags/example_dag_decorator.py
[2023-09-06T04:26:19.523+0000] {logging_mixin.py:137} INFO - [2023-09-06T04:26:19.523+0000] {taskmixin.py:205} WARNING - Dependency <Task(_PythonDecoratedOperator): prepare_email>, send_email already registered for DAG: example_dag_decorator
[2023-09-06T04:26:19.575+0000] {logging_mixin.py:137} INFO - [2023-09-06T04:26:19.574+0000] {taskmixin.py:205} WARNING - Dependency <Task(EmailOperator): send_email>, prepare_email already registered for DAG: example_dag_decorator
[2023-09-06T04:26:19.724+0000] {processor.py:753} INFO - DAG(s) dict_keys(['example_dag_decorator']) retrieved from /home/airflow/.local/lib/python3.7/site-packages/airflow/example_dags/example_dag_decorator.py
[2023-09-06T04:26:19.943+0000] {logging_mixin.py:137} INFO - [2023-09-06T04:26:19.938+0000] {dag.py:2690} INFO - Sync 1 DAGs
[2023-09-06T04:26:20.548+0000] {logging_mixin.py:137} INFO - [2023-09-06T04:26:20.547+0000] {dag.py:3441} INFO - Setting next_dagrun for example_dag_decorator to None, run_after=None
[2023-09-06T04:26:20.849+0000] {processor.py:175} INFO - Processing /home/airflow/.local/lib/python3.7/site-packages/airflow/example_dags/example_dag_decorator.py took 1.491 seconds
[2023-09-06T04:26:51.032+0000] {processor.py:153} INFO - Started process (PID=130) to work on /home/airflow/.local/lib/python3.7/site-packages/airflow/example_dags/example_dag_decorator.py
[2023-09-06T04:26:51.033+0000] {processor.py:743} INFO - Processing file /home/airflow/.local/lib/python3.7/site-packages/airflow/example_dags/example_dag_decorator.py for tasks to queue
[2023-09-06T04:26:51.035+0000] {logging_mixin.py:137} INFO - [2023-09-06T04:26:51.035+0000] {dagbag.py:538} INFO - Filling up the DagBag from /home/airflow/.local/lib/python3.7/site-packages/airflow/example_dags/example_dag_decorator.py
[2023-09-06T04:26:51.058+0000] {logging_mixin.py:137} INFO - [2023-09-06T04:26:51.058+0000] {taskmixin.py:205} WARNING - Dependency <Task(_PythonDecoratedOperator): prepare_email>, send_email already registered for DAG: example_dag_decorator
[2023-09-06T04:26:51.059+0000] {logging_mixin.py:137} INFO - [2023-09-06T04:26:51.059+0000] {taskmixin.py:205} WARNING - Dependency <Task(EmailOperator): send_email>, prepare_email already registered for DAG: example_dag_decorator
[2023-09-06T04:26:51.076+0000] {processor.py:753} INFO - DAG(s) dict_keys(['example_dag_decorator']) retrieved from /home/airflow/.local/lib/python3.7/site-packages/airflow/example_dags/example_dag_decorator.py
[2023-09-06T04:26:51.167+0000] {logging_mixin.py:137} INFO - [2023-09-06T04:26:51.167+0000] {dag.py:2690} INFO - Sync 1 DAGs
[2023-09-06T04:26:51.203+0000] {logging_mixin.py:137} INFO - [2023-09-06T04:26:51.202+0000] {dag.py:3441} INFO - Setting next_dagrun for example_dag_decorator to None, run_after=None
[2023-09-06T04:26:51.230+0000] {processor.py:175} INFO - Processing /home/airflow/.local/lib/python3.7/site-packages/airflow/example_dags/example_dag_decorator.py took 0.203 seconds
[2023-09-06T04:27:21.352+0000] {processor.py:153} INFO - Started process (PID=197) to work on /home/airflow/.local/lib/python3.7/site-packages/airflow/example_dags/example_dag_decorator.py
[2023-09-06T04:27:21.375+0000] {processor.py:743} INFO - Processing file /home/airflow/.local/lib/python3.7/site-packages/airflow/example_dags/example_dag_decorator.py for tasks to queue
[2023-09-06T04:27:21.377+0000] {logging_mixin.py:137} INFO - [2023-09-06T04:27:21.377+0000] {dagbag.py:538} INFO - Filling up the DagBag from /home/airflow/.local/lib/python3.7/site-packages/airflow/example_dags/example_dag_decorator.py
[2023-09-06T04:27:21.430+0000] {logging_mixin.py:137} INFO - [2023-09-06T04:27:21.430+0000] {taskmixin.py:205} WARNING - Dependency <Task(_PythonDecoratedOperator): prepare_email>, send_email already registered for DAG: example_dag_decorator
[2023-09-06T04:27:21.431+0000] {logging_mixin.py:137} INFO - [2023-09-06T04:27:21.431+0000] {taskmixin.py:205} WARNING - Dependency <Task(EmailOperator): send_email>, prepare_email already registered for DAG: example_dag_decorator
[2023-09-06T04:27:21.460+0000] {processor.py:753} INFO - DAG(s) dict_keys(['example_dag_decorator']) retrieved from /home/airflow/.local/lib/python3.7/site-packages/airflow/example_dags/example_dag_decorator.py
[2023-09-06T04:27:21.660+0000] {logging_mixin.py:137} INFO - [2023-09-06T04:27:21.659+0000] {dag.py:2690} INFO - Sync 1 DAGs
[2023-09-06T04:27:21.719+0000] {logging_mixin.py:137} INFO - [2023-09-06T04:27:21.719+0000] {dag.py:3441} INFO - Setting next_dagrun for example_dag_decorator to None, run_after=None
[2023-09-06T04:27:21.776+0000] {processor.py:175} INFO - Processing /home/airflow/.local/lib/python3.7/site-packages/airflow/example_dags/example_dag_decorator.py took 0.429 seconds
[2023-09-06T04:27:52.274+0000] {processor.py:153} INFO - Started process (PID=258) to work on /home/airflow/.local/lib/python3.7/site-packages/airflow/example_dags/example_dag_decorator.py
[2023-09-06T04:27:52.275+0000] {processor.py:743} INFO - Processing file /home/airflow/.local/lib/python3.7/site-packages/airflow/example_dags/example_dag_decorator.py for tasks to queue
[2023-09-06T04:27:52.276+0000] {logging_mixin.py:137} INFO - [2023-09-06T04:27:52.276+0000] {dagbag.py:538} INFO - Filling up the DagBag from /home/airflow/.local/lib/python3.7/site-packages/airflow/example_dags/example_dag_decorator.py
[2023-09-06T04:27:52.293+0000] {logging_mixin.py:137} INFO - [2023-09-06T04:27:52.293+0000] {taskmixin.py:205} WARNING - Dependency <Task(_PythonDecoratedOperator): prepare_email>, send_email already registered for DAG: example_dag_decorator
[2023-09-06T04:27:52.294+0000] {logging_mixin.py:137} INFO - [2023-09-06T04:27:52.294+0000] {taskmixin.py:205} WARNING - Dependency <Task(EmailOperator): send_email>, prepare_email already registered for DAG: example_dag_decorator
[2023-09-06T04:27:52.306+0000] {processor.py:753} INFO - DAG(s) dict_keys(['example_dag_decorator']) retrieved from /home/airflow/.local/lib/python3.7/site-packages/airflow/example_dags/example_dag_decorator.py
[2023-09-06T04:27:52.378+0000] {logging_mixin.py:137} INFO - [2023-09-06T04:27:52.378+0000] {dag.py:2690} INFO - Sync 1 DAGs
[2023-09-06T04:27:52.403+0000] {logging_mixin.py:137} INFO - [2023-09-06T04:27:52.403+0000] {dag.py:3441} INFO - Setting next_dagrun for example_dag_decorator to None, run_after=None
[2023-09-06T04:27:52.439+0000] {processor.py:175} INFO - Processing /home/airflow/.local/lib/python3.7/site-packages/airflow/example_dags/example_dag_decorator.py took 0.169 seconds
[2023-09-06T04:28:23.279+0000] {processor.py:153} INFO - Started process (PID=317) to work on /home/airflow/.local/lib/python3.7/site-packages/airflow/example_dags/example_dag_decorator.py
[2023-09-06T04:28:23.281+0000] {processor.py:743} INFO - Processing file /home/airflow/.local/lib/python3.7/site-packages/airflow/example_dags/example_dag_decorator.py for tasks to queue
[2023-09-06T04:28:23.283+0000] {logging_mixin.py:137} INFO - [2023-09-06T04:28:23.283+0000] {dagbag.py:538} INFO - Filling up the DagBag from /home/airflow/.local/lib/python3.7/site-packages/airflow/example_dags/example_dag_decorator.py
[2023-09-06T04:28:23.327+0000] {logging_mixin.py:137} INFO - [2023-09-06T04:28:23.327+0000] {taskmixin.py:205} WARNING - Dependency <Task(_PythonDecoratedOperator): prepare_email>, send_email already registered for DAG: example_dag_decorator
[2023-09-06T04:28:23.328+0000] {logging_mixin.py:137} INFO - [2023-09-06T04:28:23.328+0000] {taskmixin.py:205} WARNING - Dependency <Task(EmailOperator): send_email>, prepare_email already registered for DAG: example_dag_decorator
[2023-09-06T04:28:23.355+0000] {processor.py:753} INFO - DAG(s) dict_keys(['example_dag_decorator']) retrieved from /home/airflow/.local/lib/python3.7/site-packages/airflow/example_dags/example_dag_decorator.py
[2023-09-06T04:28:23.520+0000] {logging_mixin.py:137} INFO - [2023-09-06T04:28:23.519+0000] {dag.py:2690} INFO - Sync 1 DAGs
[2023-09-06T04:28:23.606+0000] {logging_mixin.py:137} INFO - [2023-09-06T04:28:23.605+0000] {dag.py:3441} INFO - Setting next_dagrun for example_dag_decorator to None, run_after=None
[2023-09-06T04:28:23.677+0000] {processor.py:175} INFO - Processing /home/airflow/.local/lib/python3.7/site-packages/airflow/example_dags/example_dag_decorator.py took 0.403 seconds
[2023-09-06T04:29:07.829+0000] {processor.py:153} INFO - Started process (PID=58) to work on /home/airflow/.local/lib/python3.7/site-packages/airflow/example_dags/example_dag_decorator.py
[2023-09-06T04:29:07.834+0000] {processor.py:743} INFO - Processing file /home/airflow/.local/lib/python3.7/site-packages/airflow/example_dags/example_dag_decorator.py for tasks to queue
[2023-09-06T04:29:07.845+0000] {logging_mixin.py:137} INFO - [2023-09-06T04:29:07.845+0000] {dagbag.py:538} INFO - Filling up the DagBag from /home/airflow/.local/lib/python3.7/site-packages/airflow/example_dags/example_dag_decorator.py
[2023-09-06T04:29:07.994+0000] {logging_mixin.py:137} INFO - [2023-09-06T04:29:07.993+0000] {taskmixin.py:205} WARNING - Dependency <Task(_PythonDecoratedOperator): prepare_email>, send_email already registered for DAG: example_dag_decorator
[2023-09-06T04:29:08.024+0000] {logging_mixin.py:137} INFO - [2023-09-06T04:29:08.024+0000] {taskmixin.py:205} WARNING - Dependency <Task(EmailOperator): send_email>, prepare_email already registered for DAG: example_dag_decorator
[2023-09-06T04:29:08.070+0000] {processor.py:753} INFO - DAG(s) dict_keys(['example_dag_decorator']) retrieved from /home/airflow/.local/lib/python3.7/site-packages/airflow/example_dags/example_dag_decorator.py
[2023-09-06T04:29:08.740+0000] {logging_mixin.py:137} INFO - [2023-09-06T04:29:08.740+0000] {dag.py:2690} INFO - Sync 1 DAGs
[2023-09-06T04:29:09.045+0000] {logging_mixin.py:137} INFO - [2023-09-06T04:29:09.045+0000] {dag.py:3441} INFO - Setting next_dagrun for example_dag_decorator to None, run_after=None
[2023-09-06T04:29:09.224+0000] {processor.py:175} INFO - Processing /home/airflow/.local/lib/python3.7/site-packages/airflow/example_dags/example_dag_decorator.py took 1.435 seconds
[2023-09-06T04:29:39.473+0000] {processor.py:153} INFO - Started process (PID=117) to work on /home/airflow/.local/lib/python3.7/site-packages/airflow/example_dags/example_dag_decorator.py
[2023-09-06T04:29:39.476+0000] {processor.py:743} INFO - Processing file /home/airflow/.local/lib/python3.7/site-packages/airflow/example_dags/example_dag_decorator.py for tasks to queue
[2023-09-06T04:29:39.482+0000] {logging_mixin.py:137} INFO - [2023-09-06T04:29:39.482+0000] {dagbag.py:538} INFO - Filling up the DagBag from /home/airflow/.local/lib/python3.7/site-packages/airflow/example_dags/example_dag_decorator.py
[2023-09-06T04:29:39.510+0000] {logging_mixin.py:137} INFO - [2023-09-06T04:29:39.510+0000] {taskmixin.py:205} WARNING - Dependency <Task(_PythonDecoratedOperator): prepare_email>, send_email already registered for DAG: example_dag_decorator
[2023-09-06T04:29:39.511+0000] {logging_mixin.py:137} INFO - [2023-09-06T04:29:39.511+0000] {taskmixin.py:205} WARNING - Dependency <Task(EmailOperator): send_email>, prepare_email already registered for DAG: example_dag_decorator
[2023-09-06T04:29:39.531+0000] {processor.py:753} INFO - DAG(s) dict_keys(['example_dag_decorator']) retrieved from /home/airflow/.local/lib/python3.7/site-packages/airflow/example_dags/example_dag_decorator.py
[2023-09-06T04:29:39.641+0000] {logging_mixin.py:137} INFO - [2023-09-06T04:29:39.641+0000] {dag.py:2690} INFO - Sync 1 DAGs
[2023-09-06T04:29:39.678+0000] {logging_mixin.py:137} INFO - [2023-09-06T04:29:39.677+0000] {dag.py:3441} INFO - Setting next_dagrun for example_dag_decorator to None, run_after=None
[2023-09-06T04:29:39.707+0000] {processor.py:175} INFO - Processing /home/airflow/.local/lib/python3.7/site-packages/airflow/example_dags/example_dag_decorator.py took 0.239 seconds
[2023-09-06T04:30:09.782+0000] {processor.py:153} INFO - Started process (PID=176) to work on /home/airflow/.local/lib/python3.7/site-packages/airflow/example_dags/example_dag_decorator.py
[2023-09-06T04:30:09.783+0000] {processor.py:743} INFO - Processing file /home/airflow/.local/lib/python3.7/site-packages/airflow/example_dags/example_dag_decorator.py for tasks to queue
[2023-09-06T04:30:09.784+0000] {logging_mixin.py:137} INFO - [2023-09-06T04:30:09.784+0000] {dagbag.py:538} INFO - Filling up the DagBag from /home/airflow/.local/lib/python3.7/site-packages/airflow/example_dags/example_dag_decorator.py
[2023-09-06T04:30:09.801+0000] {logging_mixin.py:137} INFO - [2023-09-06T04:30:09.800+0000] {taskmixin.py:205} WARNING - Dependency <Task(_PythonDecoratedOperator): prepare_email>, send_email already registered for DAG: example_dag_decorator
[2023-09-06T04:30:09.801+0000] {logging_mixin.py:137} INFO - [2023-09-06T04:30:09.801+0000] {taskmixin.py:205} WARNING - Dependency <Task(EmailOperator): send_email>, prepare_email already registered for DAG: example_dag_decorator
[2023-09-06T04:30:09.812+0000] {processor.py:753} INFO - DAG(s) dict_keys(['example_dag_decorator']) retrieved from /home/airflow/.local/lib/python3.7/site-packages/airflow/example_dags/example_dag_decorator.py
[2023-09-06T04:30:09.877+0000] {logging_mixin.py:137} INFO - [2023-09-06T04:30:09.877+0000] {dag.py:2690} INFO - Sync 1 DAGs
[2023-09-06T04:30:09.902+0000] {logging_mixin.py:137} INFO - [2023-09-06T04:30:09.902+0000] {dag.py:3441} INFO - Setting next_dagrun for example_dag_decorator to None, run_after=None
[2023-09-06T04:30:09.933+0000] {processor.py:175} INFO - Processing /home/airflow/.local/lib/python3.7/site-packages/airflow/example_dags/example_dag_decorator.py took 0.154 seconds
[2023-09-06T04:30:40.256+0000] {processor.py:153} INFO - Started process (PID=243) to work on /home/airflow/.local/lib/python3.7/site-packages/airflow/example_dags/example_dag_decorator.py
[2023-09-06T04:30:40.258+0000] {processor.py:743} INFO - Processing file /home/airflow/.local/lib/python3.7/site-packages/airflow/example_dags/example_dag_decorator.py for tasks to queue
[2023-09-06T04:30:40.272+0000] {logging_mixin.py:137} INFO - [2023-09-06T04:30:40.272+0000] {dagbag.py:538} INFO - Filling up the DagBag from /home/airflow/.local/lib/python3.7/site-packages/airflow/example_dags/example_dag_decorator.py
[2023-09-06T04:30:40.350+0000] {logging_mixin.py:137} INFO - [2023-09-06T04:30:40.350+0000] {taskmixin.py:205} WARNING - Dependency <Task(_PythonDecoratedOperator): prepare_email>, send_email already registered for DAG: example_dag_decorator
[2023-09-06T04:30:40.364+0000] {logging_mixin.py:137} INFO - [2023-09-06T04:30:40.364+0000] {taskmixin.py:205} WARNING - Dependency <Task(EmailOperator): send_email>, prepare_email already registered for DAG: example_dag_decorator
[2023-09-06T04:30:40.432+0000] {processor.py:753} INFO - DAG(s) dict_keys(['example_dag_decorator']) retrieved from /home/airflow/.local/lib/python3.7/site-packages/airflow/example_dags/example_dag_decorator.py
[2023-09-06T04:30:40.645+0000] {logging_mixin.py:137} INFO - [2023-09-06T04:30:40.645+0000] {dag.py:2690} INFO - Sync 1 DAGs
[2023-09-06T04:30:40.728+0000] {logging_mixin.py:137} INFO - [2023-09-06T04:30:40.728+0000] {dag.py:3441} INFO - Setting next_dagrun for example_dag_decorator to None, run_after=None
[2023-09-06T04:30:40.797+0000] {processor.py:175} INFO - Processing /home/airflow/.local/lib/python3.7/site-packages/airflow/example_dags/example_dag_decorator.py took 0.553 seconds
[2023-09-06T04:31:10.999+0000] {processor.py:153} INFO - Started process (PID=305) to work on /home/airflow/.local/lib/python3.7/site-packages/airflow/example_dags/example_dag_decorator.py
[2023-09-06T04:31:11.000+0000] {processor.py:743} INFO - Processing file /home/airflow/.local/lib/python3.7/site-packages/airflow/example_dags/example_dag_decorator.py for tasks to queue
[2023-09-06T04:31:11.001+0000] {logging_mixin.py:137} INFO - [2023-09-06T04:31:11.001+0000] {dagbag.py:538} INFO - Filling up the DagBag from /home/airflow/.local/lib/python3.7/site-packages/airflow/example_dags/example_dag_decorator.py
[2023-09-06T04:31:11.019+0000] {logging_mixin.py:137} INFO - [2023-09-06T04:31:11.019+0000] {taskmixin.py:205} WARNING - Dependency <Task(_PythonDecoratedOperator): prepare_email>, send_email already registered for DAG: example_dag_decorator
[2023-09-06T04:31:11.020+0000] {logging_mixin.py:137} INFO - [2023-09-06T04:31:11.020+0000] {taskmixin.py:205} WARNING - Dependency <Task(EmailOperator): send_email>, prepare_email already registered for DAG: example_dag_decorator
[2023-09-06T04:31:11.030+0000] {processor.py:753} INFO - DAG(s) dict_keys(['example_dag_decorator']) retrieved from /home/airflow/.local/lib/python3.7/site-packages/airflow/example_dags/example_dag_decorator.py
[2023-09-06T04:31:11.100+0000] {logging_mixin.py:137} INFO - [2023-09-06T04:31:11.100+0000] {dag.py:2690} INFO - Sync 1 DAGs
[2023-09-06T04:31:11.132+0000] {logging_mixin.py:137} INFO - [2023-09-06T04:31:11.131+0000] {dag.py:3441} INFO - Setting next_dagrun for example_dag_decorator to None, run_after=None
[2023-09-06T04:31:11.164+0000] {processor.py:175} INFO - Processing /home/airflow/.local/lib/python3.7/site-packages/airflow/example_dags/example_dag_decorator.py took 0.169 seconds
[2023-09-06T04:31:41.825+0000] {processor.py:153} INFO - Started process (PID=363) to work on /home/airflow/.local/lib/python3.7/site-packages/airflow/example_dags/example_dag_decorator.py
[2023-09-06T04:31:41.836+0000] {processor.py:743} INFO - Processing file /home/airflow/.local/lib/python3.7/site-packages/airflow/example_dags/example_dag_decorator.py for tasks to queue
[2023-09-06T04:31:41.838+0000] {logging_mixin.py:137} INFO - [2023-09-06T04:31:41.838+0000] {dagbag.py:538} INFO - Filling up the DagBag from /home/airflow/.local/lib/python3.7/site-packages/airflow/example_dags/example_dag_decorator.py
[2023-09-06T04:31:41.894+0000] {logging_mixin.py:137} INFO - [2023-09-06T04:31:41.894+0000] {taskmixin.py:205} WARNING - Dependency <Task(_PythonDecoratedOperator): prepare_email>, send_email already registered for DAG: example_dag_decorator
[2023-09-06T04:31:41.895+0000] {logging_mixin.py:137} INFO - [2023-09-06T04:31:41.895+0000] {taskmixin.py:205} WARNING - Dependency <Task(EmailOperator): send_email>, prepare_email already registered for DAG: example_dag_decorator
[2023-09-06T04:31:41.916+0000] {processor.py:753} INFO - DAG(s) dict_keys(['example_dag_decorator']) retrieved from /home/airflow/.local/lib/python3.7/site-packages/airflow/example_dags/example_dag_decorator.py
[2023-09-06T04:31:42.049+0000] {logging_mixin.py:137} INFO - [2023-09-06T04:31:42.049+0000] {dag.py:2690} INFO - Sync 1 DAGs
[2023-09-06T04:31:42.124+0000] {logging_mixin.py:137} INFO - [2023-09-06T04:31:42.124+0000] {dag.py:3441} INFO - Setting next_dagrun for example_dag_decorator to None, run_after=None
[2023-09-06T04:31:42.197+0000] {processor.py:175} INFO - Processing /home/airflow/.local/lib/python3.7/site-packages/airflow/example_dags/example_dag_decorator.py took 0.379 seconds
[2023-09-06T04:32:12.355+0000] {processor.py:153} INFO - Started process (PID=432) to work on /home/airflow/.local/lib/python3.7/site-packages/airflow/example_dags/example_dag_decorator.py
[2023-09-06T04:32:12.356+0000] {processor.py:743} INFO - Processing file /home/airflow/.local/lib/python3.7/site-packages/airflow/example_dags/example_dag_decorator.py for tasks to queue
[2023-09-06T04:32:12.358+0000] {logging_mixin.py:137} INFO - [2023-09-06T04:32:12.358+0000] {dagbag.py:538} INFO - Filling up the DagBag from /home/airflow/.local/lib/python3.7/site-packages/airflow/example_dags/example_dag_decorator.py
[2023-09-06T04:32:12.400+0000] {logging_mixin.py:137} INFO - [2023-09-06T04:32:12.400+0000] {taskmixin.py:205} WARNING - Dependency <Task(_PythonDecoratedOperator): prepare_email>, send_email already registered for DAG: example_dag_decorator
[2023-09-06T04:32:12.401+0000] {logging_mixin.py:137} INFO - [2023-09-06T04:32:12.401+0000] {taskmixin.py:205} WARNING - Dependency <Task(EmailOperator): send_email>, prepare_email already registered for DAG: example_dag_decorator
[2023-09-06T04:32:12.431+0000] {processor.py:753} INFO - DAG(s) dict_keys(['example_dag_decorator']) retrieved from /home/airflow/.local/lib/python3.7/site-packages/airflow/example_dags/example_dag_decorator.py
[2023-09-06T04:32:12.538+0000] {logging_mixin.py:137} INFO - [2023-09-06T04:32:12.538+0000] {dag.py:2690} INFO - Sync 1 DAGs
[2023-09-06T04:32:12.567+0000] {logging_mixin.py:137} INFO - [2023-09-06T04:32:12.567+0000] {dag.py:3441} INFO - Setting next_dagrun for example_dag_decorator to None, run_after=None
[2023-09-06T04:32:12.587+0000] {processor.py:175} INFO - Processing /home/airflow/.local/lib/python3.7/site-packages/airflow/example_dags/example_dag_decorator.py took 0.248 seconds
[2023-09-06T04:32:42.971+0000] {processor.py:153} INFO - Started process (PID=492) to work on /home/airflow/.local/lib/python3.7/site-packages/airflow/example_dags/example_dag_decorator.py
[2023-09-06T04:32:42.987+0000] {processor.py:743} INFO - Processing file /home/airflow/.local/lib/python3.7/site-packages/airflow/example_dags/example_dag_decorator.py for tasks to queue
[2023-09-06T04:32:42.997+0000] {logging_mixin.py:137} INFO - [2023-09-06T04:32:42.996+0000] {dagbag.py:538} INFO - Filling up the DagBag from /home/airflow/.local/lib/python3.7/site-packages/airflow/example_dags/example_dag_decorator.py
[2023-09-06T04:32:43.032+0000] {logging_mixin.py:137} INFO - [2023-09-06T04:32:43.032+0000] {taskmixin.py:205} WARNING - Dependency <Task(_PythonDecoratedOperator): prepare_email>, send_email already registered for DAG: example_dag_decorator
[2023-09-06T04:32:43.044+0000] {logging_mixin.py:137} INFO - [2023-09-06T04:32:43.044+0000] {taskmixin.py:205} WARNING - Dependency <Task(EmailOperator): send_email>, prepare_email already registered for DAG: example_dag_decorator
[2023-09-06T04:32:43.078+0000] {processor.py:753} INFO - DAG(s) dict_keys(['example_dag_decorator']) retrieved from /home/airflow/.local/lib/python3.7/site-packages/airflow/example_dags/example_dag_decorator.py
[2023-09-06T04:32:43.394+0000] {logging_mixin.py:137} INFO - [2023-09-06T04:32:43.394+0000] {dag.py:2690} INFO - Sync 1 DAGs
[2023-09-06T04:32:43.469+0000] {logging_mixin.py:137} INFO - [2023-09-06T04:32:43.469+0000] {dag.py:3441} INFO - Setting next_dagrun for example_dag_decorator to None, run_after=None
[2023-09-06T04:32:43.516+0000] {processor.py:175} INFO - Processing /home/airflow/.local/lib/python3.7/site-packages/airflow/example_dags/example_dag_decorator.py took 0.551 seconds
[2023-09-06T04:33:14.238+0000] {processor.py:153} INFO - Started process (PID=552) to work on /home/airflow/.local/lib/python3.7/site-packages/airflow/example_dags/example_dag_decorator.py
[2023-09-06T04:33:14.239+0000] {processor.py:743} INFO - Processing file /home/airflow/.local/lib/python3.7/site-packages/airflow/example_dags/example_dag_decorator.py for tasks to queue
[2023-09-06T04:33:14.240+0000] {logging_mixin.py:137} INFO - [2023-09-06T04:33:14.240+0000] {dagbag.py:538} INFO - Filling up the DagBag from /home/airflow/.local/lib/python3.7/site-packages/airflow/example_dags/example_dag_decorator.py
[2023-09-06T04:33:14.258+0000] {logging_mixin.py:137} INFO - [2023-09-06T04:33:14.257+0000] {taskmixin.py:205} WARNING - Dependency <Task(_PythonDecoratedOperator): prepare_email>, send_email already registered for DAG: example_dag_decorator
[2023-09-06T04:33:14.259+0000] {logging_mixin.py:137} INFO - [2023-09-06T04:33:14.258+0000] {taskmixin.py:205} WARNING - Dependency <Task(EmailOperator): send_email>, prepare_email already registered for DAG: example_dag_decorator
[2023-09-06T04:33:14.272+0000] {processor.py:753} INFO - DAG(s) dict_keys(['example_dag_decorator']) retrieved from /home/airflow/.local/lib/python3.7/site-packages/airflow/example_dags/example_dag_decorator.py
[2023-09-06T04:33:14.344+0000] {logging_mixin.py:137} INFO - [2023-09-06T04:33:14.344+0000] {dag.py:2690} INFO - Sync 1 DAGs
[2023-09-06T04:33:14.367+0000] {logging_mixin.py:137} INFO - [2023-09-06T04:33:14.367+0000] {dag.py:3441} INFO - Setting next_dagrun for example_dag_decorator to None, run_after=None
[2023-09-06T04:33:14.391+0000] {processor.py:175} INFO - Processing /home/airflow/.local/lib/python3.7/site-packages/airflow/example_dags/example_dag_decorator.py took 0.157 seconds
[2023-09-06T04:33:44.574+0000] {processor.py:153} INFO - Started process (PID=622) to work on /home/airflow/.local/lib/python3.7/site-packages/airflow/example_dags/example_dag_decorator.py
[2023-09-06T04:33:44.579+0000] {processor.py:743} INFO - Processing file /home/airflow/.local/lib/python3.7/site-packages/airflow/example_dags/example_dag_decorator.py for tasks to queue
[2023-09-06T04:33:44.580+0000] {logging_mixin.py:137} INFO - [2023-09-06T04:33:44.580+0000] {dagbag.py:538} INFO - Filling up the DagBag from /home/airflow/.local/lib/python3.7/site-packages/airflow/example_dags/example_dag_decorator.py
[2023-09-06T04:33:44.611+0000] {logging_mixin.py:137} INFO - [2023-09-06T04:33:44.611+0000] {taskmixin.py:205} WARNING - Dependency <Task(_PythonDecoratedOperator): prepare_email>, send_email already registered for DAG: example_dag_decorator
[2023-09-06T04:33:44.624+0000] {logging_mixin.py:137} INFO - [2023-09-06T04:33:44.624+0000] {taskmixin.py:205} WARNING - Dependency <Task(EmailOperator): send_email>, prepare_email already registered for DAG: example_dag_decorator
[2023-09-06T04:33:44.649+0000] {processor.py:753} INFO - DAG(s) dict_keys(['example_dag_decorator']) retrieved from /home/airflow/.local/lib/python3.7/site-packages/airflow/example_dags/example_dag_decorator.py
[2023-09-06T04:33:44.780+0000] {logging_mixin.py:137} INFO - [2023-09-06T04:33:44.780+0000] {dag.py:2690} INFO - Sync 1 DAGs
[2023-09-06T04:33:44.840+0000] {logging_mixin.py:137} INFO - [2023-09-06T04:33:44.840+0000] {dag.py:3441} INFO - Setting next_dagrun for example_dag_decorator to None, run_after=None
[2023-09-06T04:33:44.868+0000] {processor.py:175} INFO - Processing /home/airflow/.local/lib/python3.7/site-packages/airflow/example_dags/example_dag_decorator.py took 0.298 seconds
[2023-09-06T04:34:54.031+0000] {processor.py:153} INFO - Started process (PID=47) to work on /home/airflow/.local/lib/python3.7/site-packages/airflow/example_dags/example_dag_decorator.py
[2023-09-06T04:34:54.041+0000] {processor.py:743} INFO - Processing file /home/airflow/.local/lib/python3.7/site-packages/airflow/example_dags/example_dag_decorator.py for tasks to queue
[2023-09-06T04:34:54.042+0000] {logging_mixin.py:137} INFO - [2023-09-06T04:34:54.042+0000] {dagbag.py:538} INFO - Filling up the DagBag from /home/airflow/.local/lib/python3.7/site-packages/airflow/example_dags/example_dag_decorator.py
[2023-09-06T04:34:54.110+0000] {logging_mixin.py:137} INFO - [2023-09-06T04:34:54.110+0000] {taskmixin.py:205} WARNING - Dependency <Task(_PythonDecoratedOperator): prepare_email>, send_email already registered for DAG: example_dag_decorator
[2023-09-06T04:34:54.110+0000] {logging_mixin.py:137} INFO - [2023-09-06T04:34:54.110+0000] {taskmixin.py:205} WARNING - Dependency <Task(EmailOperator): send_email>, prepare_email already registered for DAG: example_dag_decorator
[2023-09-06T04:34:54.139+0000] {processor.py:753} INFO - DAG(s) dict_keys(['example_dag_decorator']) retrieved from /home/airflow/.local/lib/python3.7/site-packages/airflow/example_dags/example_dag_decorator.py
[2023-09-06T04:34:54.346+0000] {logging_mixin.py:137} INFO - [2023-09-06T04:34:54.346+0000] {dag.py:2690} INFO - Sync 1 DAGs
[2023-09-06T04:34:54.412+0000] {logging_mixin.py:137} INFO - [2023-09-06T04:34:54.412+0000] {dag.py:3441} INFO - Setting next_dagrun for example_dag_decorator to None, run_after=None
[2023-09-06T04:34:54.470+0000] {processor.py:175} INFO - Processing /home/airflow/.local/lib/python3.7/site-packages/airflow/example_dags/example_dag_decorator.py took 0.447 seconds
[2023-09-06T04:35:25.065+0000] {processor.py:153} INFO - Started process (PID=106) to work on /home/airflow/.local/lib/python3.7/site-packages/airflow/example_dags/example_dag_decorator.py
[2023-09-06T04:35:25.066+0000] {processor.py:743} INFO - Processing file /home/airflow/.local/lib/python3.7/site-packages/airflow/example_dags/example_dag_decorator.py for tasks to queue
[2023-09-06T04:35:25.075+0000] {logging_mixin.py:137} INFO - [2023-09-06T04:35:25.074+0000] {dagbag.py:538} INFO - Filling up the DagBag from /home/airflow/.local/lib/python3.7/site-packages/airflow/example_dags/example_dag_decorator.py
[2023-09-06T04:35:25.133+0000] {logging_mixin.py:137} INFO - [2023-09-06T04:35:25.133+0000] {taskmixin.py:205} WARNING - Dependency <Task(_PythonDecoratedOperator): prepare_email>, send_email already registered for DAG: example_dag_decorator
[2023-09-06T04:35:25.144+0000] {logging_mixin.py:137} INFO - [2023-09-06T04:35:25.144+0000] {taskmixin.py:205} WARNING - Dependency <Task(EmailOperator): send_email>, prepare_email already registered for DAG: example_dag_decorator
[2023-09-06T04:35:25.185+0000] {processor.py:753} INFO - DAG(s) dict_keys(['example_dag_decorator']) retrieved from /home/airflow/.local/lib/python3.7/site-packages/airflow/example_dags/example_dag_decorator.py
[2023-09-06T04:35:25.229+0000] {logging_mixin.py:137} INFO - [2023-09-06T04:35:25.228+0000] {dag.py:2690} INFO - Sync 1 DAGs
[2023-09-06T04:35:25.306+0000] {logging_mixin.py:137} INFO - [2023-09-06T04:35:25.305+0000] {dag.py:3441} INFO - Setting next_dagrun for example_dag_decorator to None, run_after=None
[2023-09-06T04:35:25.340+0000] {processor.py:175} INFO - Processing /home/airflow/.local/lib/python3.7/site-packages/airflow/example_dags/example_dag_decorator.py took 0.288 seconds
[2023-09-06T04:35:55.487+0000] {processor.py:153} INFO - Started process (PID=166) to work on /home/airflow/.local/lib/python3.7/site-packages/airflow/example_dags/example_dag_decorator.py
[2023-09-06T04:35:55.488+0000] {processor.py:743} INFO - Processing file /home/airflow/.local/lib/python3.7/site-packages/airflow/example_dags/example_dag_decorator.py for tasks to queue
[2023-09-06T04:35:55.489+0000] {logging_mixin.py:137} INFO - [2023-09-06T04:35:55.489+0000] {dagbag.py:538} INFO - Filling up the DagBag from /home/airflow/.local/lib/python3.7/site-packages/airflow/example_dags/example_dag_decorator.py
[2023-09-06T04:35:55.521+0000] {logging_mixin.py:137} INFO - [2023-09-06T04:35:55.521+0000] {taskmixin.py:205} WARNING - Dependency <Task(_PythonDecoratedOperator): prepare_email>, send_email already registered for DAG: example_dag_decorator
[2023-09-06T04:35:55.530+0000] {logging_mixin.py:137} INFO - [2023-09-06T04:35:55.530+0000] {taskmixin.py:205} WARNING - Dependency <Task(EmailOperator): send_email>, prepare_email already registered for DAG: example_dag_decorator
[2023-09-06T04:35:55.567+0000] {processor.py:753} INFO - DAG(s) dict_keys(['example_dag_decorator']) retrieved from /home/airflow/.local/lib/python3.7/site-packages/airflow/example_dags/example_dag_decorator.py
[2023-09-06T04:35:55.648+0000] {logging_mixin.py:137} INFO - [2023-09-06T04:35:55.648+0000] {dag.py:2690} INFO - Sync 1 DAGs
[2023-09-06T04:35:55.704+0000] {logging_mixin.py:137} INFO - [2023-09-06T04:35:55.704+0000] {dag.py:3441} INFO - Setting next_dagrun for example_dag_decorator to None, run_after=None
[2023-09-06T04:35:55.754+0000] {processor.py:175} INFO - Processing /home/airflow/.local/lib/python3.7/site-packages/airflow/example_dags/example_dag_decorator.py took 0.270 seconds
[2023-09-06T04:36:26.207+0000] {processor.py:153} INFO - Started process (PID=235) to work on /home/airflow/.local/lib/python3.7/site-packages/airflow/example_dags/example_dag_decorator.py
[2023-09-06T04:36:26.217+0000] {processor.py:743} INFO - Processing file /home/airflow/.local/lib/python3.7/site-packages/airflow/example_dags/example_dag_decorator.py for tasks to queue
[2023-09-06T04:36:26.223+0000] {logging_mixin.py:137} INFO - [2023-09-06T04:36:26.223+0000] {dagbag.py:538} INFO - Filling up the DagBag from /home/airflow/.local/lib/python3.7/site-packages/airflow/example_dags/example_dag_decorator.py
[2023-09-06T04:36:26.320+0000] {logging_mixin.py:137} INFO - [2023-09-06T04:36:26.319+0000] {taskmixin.py:205} WARNING - Dependency <Task(_PythonDecoratedOperator): prepare_email>, send_email already registered for DAG: example_dag_decorator
[2023-09-06T04:36:26.321+0000] {logging_mixin.py:137} INFO - [2023-09-06T04:36:26.321+0000] {taskmixin.py:205} WARNING - Dependency <Task(EmailOperator): send_email>, prepare_email already registered for DAG: example_dag_decorator
[2023-09-06T04:36:26.360+0000] {processor.py:753} INFO - DAG(s) dict_keys(['example_dag_decorator']) retrieved from /home/airflow/.local/lib/python3.7/site-packages/airflow/example_dags/example_dag_decorator.py
[2023-09-06T04:36:26.559+0000] {logging_mixin.py:137} INFO - [2023-09-06T04:36:26.558+0000] {dag.py:2690} INFO - Sync 1 DAGs
[2023-09-06T04:36:26.610+0000] {logging_mixin.py:137} INFO - [2023-09-06T04:36:26.610+0000] {dag.py:3441} INFO - Setting next_dagrun for example_dag_decorator to None, run_after=None
[2023-09-06T04:36:26.662+0000] {processor.py:175} INFO - Processing /home/airflow/.local/lib/python3.7/site-packages/airflow/example_dags/example_dag_decorator.py took 0.460 seconds
[2023-09-06T04:36:56.739+0000] {processor.py:153} INFO - Started process (PID=295) to work on /home/airflow/.local/lib/python3.7/site-packages/airflow/example_dags/example_dag_decorator.py
[2023-09-06T04:36:56.741+0000] {processor.py:743} INFO - Processing file /home/airflow/.local/lib/python3.7/site-packages/airflow/example_dags/example_dag_decorator.py for tasks to queue
[2023-09-06T04:36:56.742+0000] {logging_mixin.py:137} INFO - [2023-09-06T04:36:56.741+0000] {dagbag.py:538} INFO - Filling up the DagBag from /home/airflow/.local/lib/python3.7/site-packages/airflow/example_dags/example_dag_decorator.py
[2023-09-06T04:36:56.764+0000] {logging_mixin.py:137} INFO - [2023-09-06T04:36:56.764+0000] {taskmixin.py:205} WARNING - Dependency <Task(_PythonDecoratedOperator): prepare_email>, send_email already registered for DAG: example_dag_decorator
[2023-09-06T04:36:56.765+0000] {logging_mixin.py:137} INFO - [2023-09-06T04:36:56.765+0000] {taskmixin.py:205} WARNING - Dependency <Task(EmailOperator): send_email>, prepare_email already registered for DAG: example_dag_decorator
[2023-09-06T04:36:56.785+0000] {processor.py:753} INFO - DAG(s) dict_keys(['example_dag_decorator']) retrieved from /home/airflow/.local/lib/python3.7/site-packages/airflow/example_dags/example_dag_decorator.py
[2023-09-06T04:36:56.883+0000] {logging_mixin.py:137} INFO - [2023-09-06T04:36:56.883+0000] {dag.py:2690} INFO - Sync 1 DAGs
[2023-09-06T04:36:56.912+0000] {logging_mixin.py:137} INFO - [2023-09-06T04:36:56.912+0000] {dag.py:3441} INFO - Setting next_dagrun for example_dag_decorator to None, run_after=None
[2023-09-06T04:36:56.935+0000] {processor.py:175} INFO - Processing /home/airflow/.local/lib/python3.7/site-packages/airflow/example_dags/example_dag_decorator.py took 0.201 seconds
[2023-09-06T04:37:27.245+0000] {processor.py:153} INFO - Started process (PID=354) to work on /home/airflow/.local/lib/python3.7/site-packages/airflow/example_dags/example_dag_decorator.py
[2023-09-06T04:37:27.247+0000] {processor.py:743} INFO - Processing file /home/airflow/.local/lib/python3.7/site-packages/airflow/example_dags/example_dag_decorator.py for tasks to queue
[2023-09-06T04:37:27.253+0000] {logging_mixin.py:137} INFO - [2023-09-06T04:37:27.252+0000] {dagbag.py:538} INFO - Filling up the DagBag from /home/airflow/.local/lib/python3.7/site-packages/airflow/example_dags/example_dag_decorator.py
[2023-09-06T04:37:27.361+0000] {logging_mixin.py:137} INFO - [2023-09-06T04:37:27.361+0000] {taskmixin.py:205} WARNING - Dependency <Task(_PythonDecoratedOperator): prepare_email>, send_email already registered for DAG: example_dag_decorator
[2023-09-06T04:37:27.374+0000] {logging_mixin.py:137} INFO - [2023-09-06T04:37:27.373+0000] {taskmixin.py:205} WARNING - Dependency <Task(EmailOperator): send_email>, prepare_email already registered for DAG: example_dag_decorator
[2023-09-06T04:37:27.411+0000] {processor.py:753} INFO - DAG(s) dict_keys(['example_dag_decorator']) retrieved from /home/airflow/.local/lib/python3.7/site-packages/airflow/example_dags/example_dag_decorator.py
[2023-09-06T04:37:27.722+0000] {logging_mixin.py:137} INFO - [2023-09-06T04:37:27.722+0000] {dag.py:2690} INFO - Sync 1 DAGs
[2023-09-06T04:37:27.820+0000] {logging_mixin.py:137} INFO - [2023-09-06T04:37:27.819+0000] {dag.py:3441} INFO - Setting next_dagrun for example_dag_decorator to None, run_after=None
[2023-09-06T04:37:27.932+0000] {processor.py:175} INFO - Processing /home/airflow/.local/lib/python3.7/site-packages/airflow/example_dags/example_dag_decorator.py took 0.706 seconds
[2023-09-06T04:37:58.124+0000] {processor.py:153} INFO - Started process (PID=413) to work on /home/airflow/.local/lib/python3.7/site-packages/airflow/example_dags/example_dag_decorator.py
[2023-09-06T04:37:58.126+0000] {processor.py:743} INFO - Processing file /home/airflow/.local/lib/python3.7/site-packages/airflow/example_dags/example_dag_decorator.py for tasks to queue
[2023-09-06T04:37:58.127+0000] {logging_mixin.py:137} INFO - [2023-09-06T04:37:58.127+0000] {dagbag.py:538} INFO - Filling up the DagBag from /home/airflow/.local/lib/python3.7/site-packages/airflow/example_dags/example_dag_decorator.py
[2023-09-06T04:37:58.162+0000] {logging_mixin.py:137} INFO - [2023-09-06T04:37:58.162+0000] {taskmixin.py:205} WARNING - Dependency <Task(_PythonDecoratedOperator): prepare_email>, send_email already registered for DAG: example_dag_decorator
[2023-09-06T04:37:58.163+0000] {logging_mixin.py:137} INFO - [2023-09-06T04:37:58.163+0000] {taskmixin.py:205} WARNING - Dependency <Task(EmailOperator): send_email>, prepare_email already registered for DAG: example_dag_decorator
[2023-09-06T04:37:58.185+0000] {processor.py:753} INFO - DAG(s) dict_keys(['example_dag_decorator']) retrieved from /home/airflow/.local/lib/python3.7/site-packages/airflow/example_dags/example_dag_decorator.py
[2023-09-06T04:37:58.294+0000] {logging_mixin.py:137} INFO - [2023-09-06T04:37:58.293+0000] {dag.py:2690} INFO - Sync 1 DAGs
[2023-09-06T04:37:58.329+0000] {logging_mixin.py:137} INFO - [2023-09-06T04:37:58.329+0000] {dag.py:3441} INFO - Setting next_dagrun for example_dag_decorator to None, run_after=None
[2023-09-06T04:37:58.360+0000] {processor.py:175} INFO - Processing /home/airflow/.local/lib/python3.7/site-packages/airflow/example_dags/example_dag_decorator.py took 0.246 seconds
[2023-09-06T04:38:29.247+0000] {processor.py:153} INFO - Started process (PID=482) to work on /home/airflow/.local/lib/python3.7/site-packages/airflow/example_dags/example_dag_decorator.py
[2023-09-06T04:38:29.249+0000] {processor.py:743} INFO - Processing file /home/airflow/.local/lib/python3.7/site-packages/airflow/example_dags/example_dag_decorator.py for tasks to queue
[2023-09-06T04:38:29.251+0000] {logging_mixin.py:137} INFO - [2023-09-06T04:38:29.251+0000] {dagbag.py:538} INFO - Filling up the DagBag from /home/airflow/.local/lib/python3.7/site-packages/airflow/example_dags/example_dag_decorator.py
[2023-09-06T04:38:29.294+0000] {logging_mixin.py:137} INFO - [2023-09-06T04:38:29.294+0000] {taskmixin.py:205} WARNING - Dependency <Task(_PythonDecoratedOperator): prepare_email>, send_email already registered for DAG: example_dag_decorator
[2023-09-06T04:38:29.295+0000] {logging_mixin.py:137} INFO - [2023-09-06T04:38:29.295+0000] {taskmixin.py:205} WARNING - Dependency <Task(EmailOperator): send_email>, prepare_email already registered for DAG: example_dag_decorator
[2023-09-06T04:38:29.341+0000] {processor.py:753} INFO - DAG(s) dict_keys(['example_dag_decorator']) retrieved from /home/airflow/.local/lib/python3.7/site-packages/airflow/example_dags/example_dag_decorator.py
[2023-09-06T04:38:29.529+0000] {logging_mixin.py:137} INFO - [2023-09-06T04:38:29.528+0000] {dag.py:2690} INFO - Sync 1 DAGs
[2023-09-06T04:38:29.609+0000] {logging_mixin.py:137} INFO - [2023-09-06T04:38:29.609+0000] {dag.py:3441} INFO - Setting next_dagrun for example_dag_decorator to None, run_after=None
[2023-09-06T04:38:29.669+0000] {processor.py:175} INFO - Processing /home/airflow/.local/lib/python3.7/site-packages/airflow/example_dags/example_dag_decorator.py took 0.442 seconds
[2023-09-06T04:39:00.600+0000] {processor.py:153} INFO - Started process (PID=541) to work on /home/airflow/.local/lib/python3.7/site-packages/airflow/example_dags/example_dag_decorator.py
[2023-09-06T04:39:00.602+0000] {processor.py:743} INFO - Processing file /home/airflow/.local/lib/python3.7/site-packages/airflow/example_dags/example_dag_decorator.py for tasks to queue
[2023-09-06T04:39:00.604+0000] {logging_mixin.py:137} INFO - [2023-09-06T04:39:00.604+0000] {dagbag.py:538} INFO - Filling up the DagBag from /home/airflow/.local/lib/python3.7/site-packages/airflow/example_dags/example_dag_decorator.py
[2023-09-06T04:39:00.626+0000] {logging_mixin.py:137} INFO - [2023-09-06T04:39:00.626+0000] {taskmixin.py:205} WARNING - Dependency <Task(_PythonDecoratedOperator): prepare_email>, send_email already registered for DAG: example_dag_decorator
[2023-09-06T04:39:00.627+0000] {logging_mixin.py:137} INFO - [2023-09-06T04:39:00.627+0000] {taskmixin.py:205} WARNING - Dependency <Task(EmailOperator): send_email>, prepare_email already registered for DAG: example_dag_decorator
[2023-09-06T04:39:00.650+0000] {processor.py:753} INFO - DAG(s) dict_keys(['example_dag_decorator']) retrieved from /home/airflow/.local/lib/python3.7/site-packages/airflow/example_dags/example_dag_decorator.py
[2023-09-06T04:39:00.666+0000] {logging_mixin.py:137} INFO - [2023-09-06T04:39:00.665+0000] {dag.py:2690} INFO - Sync 1 DAGs
[2023-09-06T04:39:00.708+0000] {logging_mixin.py:137} INFO - [2023-09-06T04:39:00.708+0000] {dag.py:3441} INFO - Setting next_dagrun for example_dag_decorator to None, run_after=None
[2023-09-06T04:39:00.742+0000] {processor.py:175} INFO - Processing /home/airflow/.local/lib/python3.7/site-packages/airflow/example_dags/example_dag_decorator.py took 0.145 seconds
[2023-09-06T04:39:31.277+0000] {processor.py:153} INFO - Started process (PID=600) to work on /home/airflow/.local/lib/python3.7/site-packages/airflow/example_dags/example_dag_decorator.py
[2023-09-06T04:39:31.285+0000] {processor.py:743} INFO - Processing file /home/airflow/.local/lib/python3.7/site-packages/airflow/example_dags/example_dag_decorator.py for tasks to queue
[2023-09-06T04:39:31.287+0000] {logging_mixin.py:137} INFO - [2023-09-06T04:39:31.287+0000] {dagbag.py:538} INFO - Filling up the DagBag from /home/airflow/.local/lib/python3.7/site-packages/airflow/example_dags/example_dag_decorator.py
[2023-09-06T04:39:31.348+0000] {logging_mixin.py:137} INFO - [2023-09-06T04:39:31.334+0000] {taskmixin.py:205} WARNING - Dependency <Task(_PythonDecoratedOperator): prepare_email>, send_email already registered for DAG: example_dag_decorator
[2023-09-06T04:39:31.355+0000] {logging_mixin.py:137} INFO - [2023-09-06T04:39:31.354+0000] {taskmixin.py:205} WARNING - Dependency <Task(EmailOperator): send_email>, prepare_email already registered for DAG: example_dag_decorator
[2023-09-06T04:39:31.400+0000] {processor.py:753} INFO - DAG(s) dict_keys(['example_dag_decorator']) retrieved from /home/airflow/.local/lib/python3.7/site-packages/airflow/example_dags/example_dag_decorator.py
[2023-09-06T04:39:31.605+0000] {logging_mixin.py:137} INFO - [2023-09-06T04:39:31.605+0000] {dag.py:2690} INFO - Sync 1 DAGs
[2023-09-06T04:39:31.685+0000] {logging_mixin.py:137} INFO - [2023-09-06T04:39:31.685+0000] {dag.py:3441} INFO - Setting next_dagrun for example_dag_decorator to None, run_after=None
[2023-09-06T04:39:31.778+0000] {processor.py:175} INFO - Processing /home/airflow/.local/lib/python3.7/site-packages/airflow/example_dags/example_dag_decorator.py took 0.506 seconds
[2023-09-06T04:40:02.051+0000] {processor.py:153} INFO - Started process (PID=669) to work on /home/airflow/.local/lib/python3.7/site-packages/airflow/example_dags/example_dag_decorator.py
[2023-09-06T04:40:02.052+0000] {processor.py:743} INFO - Processing file /home/airflow/.local/lib/python3.7/site-packages/airflow/example_dags/example_dag_decorator.py for tasks to queue
[2023-09-06T04:40:02.055+0000] {logging_mixin.py:137} INFO - [2023-09-06T04:40:02.054+0000] {dagbag.py:538} INFO - Filling up the DagBag from /home/airflow/.local/lib/python3.7/site-packages/airflow/example_dags/example_dag_decorator.py
[2023-09-06T04:40:02.113+0000] {logging_mixin.py:137} INFO - [2023-09-06T04:40:02.113+0000] {taskmixin.py:205} WARNING - Dependency <Task(_PythonDecoratedOperator): prepare_email>, send_email already registered for DAG: example_dag_decorator
[2023-09-06T04:40:02.114+0000] {logging_mixin.py:137} INFO - [2023-09-06T04:40:02.114+0000] {taskmixin.py:205} WARNING - Dependency <Task(EmailOperator): send_email>, prepare_email already registered for DAG: example_dag_decorator
[2023-09-06T04:40:02.178+0000] {processor.py:753} INFO - DAG(s) dict_keys(['example_dag_decorator']) retrieved from /home/airflow/.local/lib/python3.7/site-packages/airflow/example_dags/example_dag_decorator.py
[2023-09-06T04:40:02.373+0000] {logging_mixin.py:137} INFO - [2023-09-06T04:40:02.373+0000] {dag.py:2690} INFO - Sync 1 DAGs
[2023-09-06T04:40:02.454+0000] {logging_mixin.py:137} INFO - [2023-09-06T04:40:02.440+0000] {dag.py:3441} INFO - Setting next_dagrun for example_dag_decorator to None, run_after=None
[2023-09-06T04:40:02.514+0000] {processor.py:175} INFO - Processing /home/airflow/.local/lib/python3.7/site-packages/airflow/example_dags/example_dag_decorator.py took 0.469 seconds
[2023-09-06T04:40:32.831+0000] {processor.py:153} INFO - Started process (PID=729) to work on /home/airflow/.local/lib/python3.7/site-packages/airflow/example_dags/example_dag_decorator.py
[2023-09-06T04:40:32.832+0000] {processor.py:743} INFO - Processing file /home/airflow/.local/lib/python3.7/site-packages/airflow/example_dags/example_dag_decorator.py for tasks to queue
[2023-09-06T04:40:32.845+0000] {logging_mixin.py:137} INFO - [2023-09-06T04:40:32.844+0000] {dagbag.py:538} INFO - Filling up the DagBag from /home/airflow/.local/lib/python3.7/site-packages/airflow/example_dags/example_dag_decorator.py
[2023-09-06T04:40:32.880+0000] {logging_mixin.py:137} INFO - [2023-09-06T04:40:32.880+0000] {taskmixin.py:205} WARNING - Dependency <Task(_PythonDecoratedOperator): prepare_email>, send_email already registered for DAG: example_dag_decorator
[2023-09-06T04:40:32.894+0000] {logging_mixin.py:137} INFO - [2023-09-06T04:40:32.894+0000] {taskmixin.py:205} WARNING - Dependency <Task(EmailOperator): send_email>, prepare_email already registered for DAG: example_dag_decorator
[2023-09-06T04:40:32.925+0000] {processor.py:753} INFO - DAG(s) dict_keys(['example_dag_decorator']) retrieved from /home/airflow/.local/lib/python3.7/site-packages/airflow/example_dags/example_dag_decorator.py
[2023-09-06T04:40:33.072+0000] {logging_mixin.py:137} INFO - [2023-09-06T04:40:33.072+0000] {dag.py:2690} INFO - Sync 1 DAGs
[2023-09-06T04:40:33.148+0000] {logging_mixin.py:137} INFO - [2023-09-06T04:40:33.148+0000] {dag.py:3441} INFO - Setting next_dagrun for example_dag_decorator to None, run_after=None
[2023-09-06T04:40:33.187+0000] {processor.py:175} INFO - Processing /home/airflow/.local/lib/python3.7/site-packages/airflow/example_dags/example_dag_decorator.py took 0.361 seconds
[2023-09-06T04:41:03.298+0000] {processor.py:153} INFO - Started process (PID=789) to work on /home/airflow/.local/lib/python3.7/site-packages/airflow/example_dags/example_dag_decorator.py
[2023-09-06T04:41:03.300+0000] {processor.py:743} INFO - Processing file /home/airflow/.local/lib/python3.7/site-packages/airflow/example_dags/example_dag_decorator.py for tasks to queue
[2023-09-06T04:41:03.301+0000] {logging_mixin.py:137} INFO - [2023-09-06T04:41:03.301+0000] {dagbag.py:538} INFO - Filling up the DagBag from /home/airflow/.local/lib/python3.7/site-packages/airflow/example_dags/example_dag_decorator.py
[2023-09-06T04:41:03.329+0000] {logging_mixin.py:137} INFO - [2023-09-06T04:41:03.329+0000] {taskmixin.py:205} WARNING - Dependency <Task(_PythonDecoratedOperator): prepare_email>, send_email already registered for DAG: example_dag_decorator
[2023-09-06T04:41:03.330+0000] {logging_mixin.py:137} INFO - [2023-09-06T04:41:03.330+0000] {taskmixin.py:205} WARNING - Dependency <Task(EmailOperator): send_email>, prepare_email already registered for DAG: example_dag_decorator
[2023-09-06T04:41:03.348+0000] {processor.py:753} INFO - DAG(s) dict_keys(['example_dag_decorator']) retrieved from /home/airflow/.local/lib/python3.7/site-packages/airflow/example_dags/example_dag_decorator.py
[2023-09-06T04:41:03.435+0000] {logging_mixin.py:137} INFO - [2023-09-06T04:41:03.435+0000] {dag.py:2690} INFO - Sync 1 DAGs
[2023-09-06T04:41:03.461+0000] {logging_mixin.py:137} INFO - [2023-09-06T04:41:03.460+0000] {dag.py:3441} INFO - Setting next_dagrun for example_dag_decorator to None, run_after=None
[2023-09-06T04:41:03.483+0000] {processor.py:175} INFO - Processing /home/airflow/.local/lib/python3.7/site-packages/airflow/example_dags/example_dag_decorator.py took 0.189 seconds
[2023-09-06T04:41:33.692+0000] {processor.py:153} INFO - Started process (PID=858) to work on /home/airflow/.local/lib/python3.7/site-packages/airflow/example_dags/example_dag_decorator.py
[2023-09-06T04:41:33.694+0000] {processor.py:743} INFO - Processing file /home/airflow/.local/lib/python3.7/site-packages/airflow/example_dags/example_dag_decorator.py for tasks to queue
[2023-09-06T04:41:33.695+0000] {logging_mixin.py:137} INFO - [2023-09-06T04:41:33.695+0000] {dagbag.py:538} INFO - Filling up the DagBag from /home/airflow/.local/lib/python3.7/site-packages/airflow/example_dags/example_dag_decorator.py
[2023-09-06T04:41:33.738+0000] {logging_mixin.py:137} INFO - [2023-09-06T04:41:33.738+0000] {taskmixin.py:205} WARNING - Dependency <Task(_PythonDecoratedOperator): prepare_email>, send_email already registered for DAG: example_dag_decorator
[2023-09-06T04:41:33.739+0000] {logging_mixin.py:137} INFO - [2023-09-06T04:41:33.739+0000] {taskmixin.py:205} WARNING - Dependency <Task(EmailOperator): send_email>, prepare_email already registered for DAG: example_dag_decorator
[2023-09-06T04:41:33.753+0000] {processor.py:753} INFO - DAG(s) dict_keys(['example_dag_decorator']) retrieved from /home/airflow/.local/lib/python3.7/site-packages/airflow/example_dags/example_dag_decorator.py
[2023-09-06T04:41:33.992+0000] {logging_mixin.py:137} INFO - [2023-09-06T04:41:33.991+0000] {dag.py:2690} INFO - Sync 1 DAGs
[2023-09-06T04:41:34.036+0000] {logging_mixin.py:137} INFO - [2023-09-06T04:41:34.036+0000] {dag.py:3441} INFO - Setting next_dagrun for example_dag_decorator to None, run_after=None
[2023-09-06T04:41:34.122+0000] {processor.py:175} INFO - Processing /home/airflow/.local/lib/python3.7/site-packages/airflow/example_dags/example_dag_decorator.py took 0.434 seconds
[2023-09-06T04:42:04.833+0000] {processor.py:153} INFO - Started process (PID=919) to work on /home/airflow/.local/lib/python3.7/site-packages/airflow/example_dags/example_dag_decorator.py
[2023-09-06T04:42:04.845+0000] {processor.py:743} INFO - Processing file /home/airflow/.local/lib/python3.7/site-packages/airflow/example_dags/example_dag_decorator.py for tasks to queue
[2023-09-06T04:42:04.846+0000] {logging_mixin.py:137} INFO - [2023-09-06T04:42:04.846+0000] {dagbag.py:538} INFO - Filling up the DagBag from /home/airflow/.local/lib/python3.7/site-packages/airflow/example_dags/example_dag_decorator.py
[2023-09-06T04:42:04.880+0000] {logging_mixin.py:137} INFO - [2023-09-06T04:42:04.879+0000] {taskmixin.py:205} WARNING - Dependency <Task(_PythonDecoratedOperator): prepare_email>, send_email already registered for DAG: example_dag_decorator
[2023-09-06T04:42:04.894+0000] {logging_mixin.py:137} INFO - [2023-09-06T04:42:04.894+0000] {taskmixin.py:205} WARNING - Dependency <Task(EmailOperator): send_email>, prepare_email already registered for DAG: example_dag_decorator
[2023-09-06T04:42:04.918+0000] {processor.py:753} INFO - DAG(s) dict_keys(['example_dag_decorator']) retrieved from /home/airflow/.local/lib/python3.7/site-packages/airflow/example_dags/example_dag_decorator.py
[2023-09-06T04:42:05.080+0000] {logging_mixin.py:137} INFO - [2023-09-06T04:42:05.080+0000] {dag.py:2690} INFO - Sync 1 DAGs
[2023-09-06T04:42:05.135+0000] {logging_mixin.py:137} INFO - [2023-09-06T04:42:05.135+0000] {dag.py:3441} INFO - Setting next_dagrun for example_dag_decorator to None, run_after=None
[2023-09-06T04:42:05.186+0000] {processor.py:175} INFO - Processing /home/airflow/.local/lib/python3.7/site-packages/airflow/example_dags/example_dag_decorator.py took 0.356 seconds
[2023-09-06T04:42:35.232+0000] {processor.py:153} INFO - Started process (PID=979) to work on /home/airflow/.local/lib/python3.7/site-packages/airflow/example_dags/example_dag_decorator.py
[2023-09-06T04:42:35.233+0000] {processor.py:743} INFO - Processing file /home/airflow/.local/lib/python3.7/site-packages/airflow/example_dags/example_dag_decorator.py for tasks to queue
[2023-09-06T04:42:35.235+0000] {logging_mixin.py:137} INFO - [2023-09-06T04:42:35.234+0000] {dagbag.py:538} INFO - Filling up the DagBag from /home/airflow/.local/lib/python3.7/site-packages/airflow/example_dags/example_dag_decorator.py
[2023-09-06T04:42:35.261+0000] {logging_mixin.py:137} INFO - [2023-09-06T04:42:35.261+0000] {taskmixin.py:205} WARNING - Dependency <Task(_PythonDecoratedOperator): prepare_email>, send_email already registered for DAG: example_dag_decorator
[2023-09-06T04:42:35.262+0000] {logging_mixin.py:137} INFO - [2023-09-06T04:42:35.262+0000] {taskmixin.py:205} WARNING - Dependency <Task(EmailOperator): send_email>, prepare_email already registered for DAG: example_dag_decorator
[2023-09-06T04:42:35.287+0000] {processor.py:753} INFO - DAG(s) dict_keys(['example_dag_decorator']) retrieved from /home/airflow/.local/lib/python3.7/site-packages/airflow/example_dags/example_dag_decorator.py
[2023-09-06T04:42:35.416+0000] {logging_mixin.py:137} INFO - [2023-09-06T04:42:35.416+0000] {dag.py:2690} INFO - Sync 1 DAGs
[2023-09-06T04:42:35.468+0000] {logging_mixin.py:137} INFO - [2023-09-06T04:42:35.468+0000] {dag.py:3441} INFO - Setting next_dagrun for example_dag_decorator to None, run_after=None
[2023-09-06T04:42:35.524+0000] {processor.py:175} INFO - Processing /home/airflow/.local/lib/python3.7/site-packages/airflow/example_dags/example_dag_decorator.py took 0.297 seconds
