[2023-09-06T04:26:26.729+0000] {processor.py:153} INFO - Started process (PID=91) to work on /home/airflow/.local/lib/python3.7/site-packages/airflow/example_dags/example_latest_only.py
[2023-09-06T04:26:26.767+0000] {processor.py:743} INFO - Processing file /home/airflow/.local/lib/python3.7/site-packages/airflow/example_dags/example_latest_only.py for tasks to queue
[2023-09-06T04:26:26.780+0000] {logging_mixin.py:137} INFO - [2023-09-06T04:26:26.780+0000] {dagbag.py:538} INFO - Filling up the DagBag from /home/airflow/.local/lib/python3.7/site-packages/airflow/example_dags/example_latest_only.py
[2023-09-06T04:26:27.178+0000] {processor.py:753} INFO - DAG(s) dict_keys(['latest_only']) retrieved from /home/airflow/.local/lib/python3.7/site-packages/airflow/example_dags/example_latest_only.py
[2023-09-06T04:26:27.425+0000] {logging_mixin.py:137} INFO - [2023-09-06T04:26:27.425+0000] {dag.py:2690} INFO - Sync 1 DAGs
[2023-09-06T04:26:27.633+0000] {logging_mixin.py:137} INFO - [2023-09-06T04:26:27.632+0000] {dag.py:3441} INFO - Setting next_dagrun for latest_only to 2023-09-06T00:26:27.632546+00:00, run_after=2023-09-06T04:26:27.632546+00:00
[2023-09-06T04:26:27.888+0000] {processor.py:175} INFO - Processing /home/airflow/.local/lib/python3.7/site-packages/airflow/example_dags/example_latest_only.py took 1.163 seconds
[2023-09-06T04:26:58.426+0000] {processor.py:153} INFO - Started process (PID=151) to work on /home/airflow/.local/lib/python3.7/site-packages/airflow/example_dags/example_latest_only.py
[2023-09-06T04:26:58.428+0000] {processor.py:743} INFO - Processing file /home/airflow/.local/lib/python3.7/site-packages/airflow/example_dags/example_latest_only.py for tasks to queue
[2023-09-06T04:26:58.429+0000] {logging_mixin.py:137} INFO - [2023-09-06T04:26:58.429+0000] {dagbag.py:538} INFO - Filling up the DagBag from /home/airflow/.local/lib/python3.7/site-packages/airflow/example_dags/example_latest_only.py
[2023-09-06T04:26:58.455+0000] {processor.py:753} INFO - DAG(s) dict_keys(['latest_only']) retrieved from /home/airflow/.local/lib/python3.7/site-packages/airflow/example_dags/example_latest_only.py
[2023-09-06T04:26:58.498+0000] {logging_mixin.py:137} INFO - [2023-09-06T04:26:58.498+0000] {dag.py:2690} INFO - Sync 1 DAGs
[2023-09-06T04:26:58.545+0000] {logging_mixin.py:137} INFO - [2023-09-06T04:26:58.544+0000] {dag.py:3441} INFO - Setting next_dagrun for latest_only to 2023-09-06T00:26:58.544546+00:00, run_after=2023-09-06T04:26:58.544546+00:00
[2023-09-06T04:26:58.572+0000] {processor.py:175} INFO - Processing /home/airflow/.local/lib/python3.7/site-packages/airflow/example_dags/example_latest_only.py took 0.151 seconds
[2023-09-06T04:27:28.663+0000] {processor.py:153} INFO - Started process (PID=210) to work on /home/airflow/.local/lib/python3.7/site-packages/airflow/example_dags/example_latest_only.py
[2023-09-06T04:27:28.664+0000] {processor.py:743} INFO - Processing file /home/airflow/.local/lib/python3.7/site-packages/airflow/example_dags/example_latest_only.py for tasks to queue
[2023-09-06T04:27:28.665+0000] {logging_mixin.py:137} INFO - [2023-09-06T04:27:28.665+0000] {dagbag.py:538} INFO - Filling up the DagBag from /home/airflow/.local/lib/python3.7/site-packages/airflow/example_dags/example_latest_only.py
[2023-09-06T04:27:28.677+0000] {processor.py:753} INFO - DAG(s) dict_keys(['latest_only']) retrieved from /home/airflow/.local/lib/python3.7/site-packages/airflow/example_dags/example_latest_only.py
[2023-09-06T04:27:28.699+0000] {logging_mixin.py:137} INFO - [2023-09-06T04:27:28.699+0000] {dag.py:2690} INFO - Sync 1 DAGs
[2023-09-06T04:27:28.720+0000] {logging_mixin.py:137} INFO - [2023-09-06T04:27:28.720+0000] {dag.py:3441} INFO - Setting next_dagrun for latest_only to 2023-09-06T00:27:28.720622+00:00, run_after=2023-09-06T04:27:28.720622+00:00
[2023-09-06T04:27:28.750+0000] {processor.py:175} INFO - Processing /home/airflow/.local/lib/python3.7/site-packages/airflow/example_dags/example_latest_only.py took 0.091 seconds
[2023-09-06T04:27:59.001+0000] {processor.py:153} INFO - Started process (PID=270) to work on /home/airflow/.local/lib/python3.7/site-packages/airflow/example_dags/example_latest_only.py
[2023-09-06T04:27:59.015+0000] {processor.py:743} INFO - Processing file /home/airflow/.local/lib/python3.7/site-packages/airflow/example_dags/example_latest_only.py for tasks to queue
[2023-09-06T04:27:59.023+0000] {logging_mixin.py:137} INFO - [2023-09-06T04:27:59.023+0000] {dagbag.py:538} INFO - Filling up the DagBag from /home/airflow/.local/lib/python3.7/site-packages/airflow/example_dags/example_latest_only.py
[2023-09-06T04:27:59.069+0000] {processor.py:753} INFO - DAG(s) dict_keys(['latest_only']) retrieved from /home/airflow/.local/lib/python3.7/site-packages/airflow/example_dags/example_latest_only.py
[2023-09-06T04:27:59.165+0000] {logging_mixin.py:137} INFO - [2023-09-06T04:27:59.165+0000] {dag.py:2690} INFO - Sync 1 DAGs
[2023-09-06T04:27:59.295+0000] {logging_mixin.py:137} INFO - [2023-09-06T04:27:59.295+0000] {dag.py:3441} INFO - Setting next_dagrun for latest_only to 2023-09-06T00:27:59.295320+00:00, run_after=2023-09-06T04:27:59.295320+00:00
[2023-09-06T04:27:59.364+0000] {processor.py:175} INFO - Processing /home/airflow/.local/lib/python3.7/site-packages/airflow/example_dags/example_latest_only.py took 0.368 seconds
[2023-09-06T04:29:13.533+0000] {processor.py:153} INFO - Started process (PID=71) to work on /home/airflow/.local/lib/python3.7/site-packages/airflow/example_dags/example_latest_only.py
[2023-09-06T04:29:13.549+0000] {processor.py:743} INFO - Processing file /home/airflow/.local/lib/python3.7/site-packages/airflow/example_dags/example_latest_only.py for tasks to queue
[2023-09-06T04:29:13.558+0000] {logging_mixin.py:137} INFO - [2023-09-06T04:29:13.555+0000] {dagbag.py:538} INFO - Filling up the DagBag from /home/airflow/.local/lib/python3.7/site-packages/airflow/example_dags/example_latest_only.py
[2023-09-06T04:29:13.654+0000] {processor.py:753} INFO - DAG(s) dict_keys(['latest_only']) retrieved from /home/airflow/.local/lib/python3.7/site-packages/airflow/example_dags/example_latest_only.py
[2023-09-06T04:29:13.818+0000] {logging_mixin.py:137} INFO - [2023-09-06T04:29:13.818+0000] {dag.py:2690} INFO - Sync 1 DAGs
[2023-09-06T04:29:13.945+0000] {logging_mixin.py:137} INFO - [2023-09-06T04:29:13.945+0000] {dag.py:3441} INFO - Setting next_dagrun for latest_only to 2023-09-06T00:29:13.945130+00:00, run_after=2023-09-06T04:29:13.945130+00:00
[2023-09-06T04:29:14.114+0000] {processor.py:175} INFO - Processing /home/airflow/.local/lib/python3.7/site-packages/airflow/example_dags/example_latest_only.py took 0.586 seconds
[2023-09-06T04:29:44.207+0000] {processor.py:153} INFO - Started process (PID=129) to work on /home/airflow/.local/lib/python3.7/site-packages/airflow/example_dags/example_latest_only.py
[2023-09-06T04:29:44.209+0000] {processor.py:743} INFO - Processing file /home/airflow/.local/lib/python3.7/site-packages/airflow/example_dags/example_latest_only.py for tasks to queue
[2023-09-06T04:29:44.210+0000] {logging_mixin.py:137} INFO - [2023-09-06T04:29:44.210+0000] {dagbag.py:538} INFO - Filling up the DagBag from /home/airflow/.local/lib/python3.7/site-packages/airflow/example_dags/example_latest_only.py
[2023-09-06T04:29:44.227+0000] {processor.py:753} INFO - DAG(s) dict_keys(['latest_only']) retrieved from /home/airflow/.local/lib/python3.7/site-packages/airflow/example_dags/example_latest_only.py
[2023-09-06T04:29:44.258+0000] {logging_mixin.py:137} INFO - [2023-09-06T04:29:44.258+0000] {dag.py:2690} INFO - Sync 1 DAGs
[2023-09-06T04:29:44.286+0000] {logging_mixin.py:137} INFO - [2023-09-06T04:29:44.286+0000] {dag.py:3441} INFO - Setting next_dagrun for latest_only to 2023-09-06T00:29:44.286206+00:00, run_after=2023-09-06T04:29:44.286206+00:00
[2023-09-06T04:29:44.314+0000] {processor.py:175} INFO - Processing /home/airflow/.local/lib/python3.7/site-packages/airflow/example_dags/example_latest_only.py took 0.114 seconds
[2023-09-06T04:30:14.958+0000] {processor.py:153} INFO - Started process (PID=188) to work on /home/airflow/.local/lib/python3.7/site-packages/airflow/example_dags/example_latest_only.py
[2023-09-06T04:30:14.960+0000] {processor.py:743} INFO - Processing file /home/airflow/.local/lib/python3.7/site-packages/airflow/example_dags/example_latest_only.py for tasks to queue
[2023-09-06T04:30:14.961+0000] {logging_mixin.py:137} INFO - [2023-09-06T04:30:14.961+0000] {dagbag.py:538} INFO - Filling up the DagBag from /home/airflow/.local/lib/python3.7/site-packages/airflow/example_dags/example_latest_only.py
[2023-09-06T04:30:14.975+0000] {processor.py:753} INFO - DAG(s) dict_keys(['latest_only']) retrieved from /home/airflow/.local/lib/python3.7/site-packages/airflow/example_dags/example_latest_only.py
[2023-09-06T04:30:15.005+0000] {logging_mixin.py:137} INFO - [2023-09-06T04:30:15.004+0000] {dag.py:2690} INFO - Sync 1 DAGs
[2023-09-06T04:30:15.030+0000] {logging_mixin.py:137} INFO - [2023-09-06T04:30:15.029+0000] {dag.py:3441} INFO - Setting next_dagrun for latest_only to 2023-09-06T00:30:15.029667+00:00, run_after=2023-09-06T04:30:15.029667+00:00
[2023-09-06T04:30:15.062+0000] {processor.py:175} INFO - Processing /home/airflow/.local/lib/python3.7/site-packages/airflow/example_dags/example_latest_only.py took 0.107 seconds
[2023-09-06T04:30:45.777+0000] {processor.py:153} INFO - Started process (PID=258) to work on /home/airflow/.local/lib/python3.7/site-packages/airflow/example_dags/example_latest_only.py
[2023-09-06T04:30:45.779+0000] {processor.py:743} INFO - Processing file /home/airflow/.local/lib/python3.7/site-packages/airflow/example_dags/example_latest_only.py for tasks to queue
[2023-09-06T04:30:45.780+0000] {logging_mixin.py:137} INFO - [2023-09-06T04:30:45.780+0000] {dagbag.py:538} INFO - Filling up the DagBag from /home/airflow/.local/lib/python3.7/site-packages/airflow/example_dags/example_latest_only.py
[2023-09-06T04:30:45.794+0000] {processor.py:753} INFO - DAG(s) dict_keys(['latest_only']) retrieved from /home/airflow/.local/lib/python3.7/site-packages/airflow/example_dags/example_latest_only.py
[2023-09-06T04:30:45.822+0000] {logging_mixin.py:137} INFO - [2023-09-06T04:30:45.822+0000] {dag.py:2690} INFO - Sync 1 DAGs
[2023-09-06T04:30:45.850+0000] {logging_mixin.py:137} INFO - [2023-09-06T04:30:45.850+0000] {dag.py:3441} INFO - Setting next_dagrun for latest_only to 2023-09-06T00:30:45.850095+00:00, run_after=2023-09-06T04:30:45.850095+00:00
[2023-09-06T04:30:45.870+0000] {processor.py:175} INFO - Processing /home/airflow/.local/lib/python3.7/site-packages/airflow/example_dags/example_latest_only.py took 0.097 seconds
[2023-09-06T04:31:15.934+0000] {processor.py:153} INFO - Started process (PID=317) to work on /home/airflow/.local/lib/python3.7/site-packages/airflow/example_dags/example_latest_only.py
[2023-09-06T04:31:15.936+0000] {processor.py:743} INFO - Processing file /home/airflow/.local/lib/python3.7/site-packages/airflow/example_dags/example_latest_only.py for tasks to queue
[2023-09-06T04:31:15.937+0000] {logging_mixin.py:137} INFO - [2023-09-06T04:31:15.937+0000] {dagbag.py:538} INFO - Filling up the DagBag from /home/airflow/.local/lib/python3.7/site-packages/airflow/example_dags/example_latest_only.py
[2023-09-06T04:31:15.952+0000] {processor.py:753} INFO - DAG(s) dict_keys(['latest_only']) retrieved from /home/airflow/.local/lib/python3.7/site-packages/airflow/example_dags/example_latest_only.py
[2023-09-06T04:31:15.980+0000] {logging_mixin.py:137} INFO - [2023-09-06T04:31:15.980+0000] {dag.py:2690} INFO - Sync 1 DAGs
[2023-09-06T04:31:16.004+0000] {logging_mixin.py:137} INFO - [2023-09-06T04:31:16.003+0000] {dag.py:3441} INFO - Setting next_dagrun for latest_only to 2023-09-06T00:31:16.003754+00:00, run_after=2023-09-06T04:31:16.003754+00:00
[2023-09-06T04:31:16.024+0000] {processor.py:175} INFO - Processing /home/airflow/.local/lib/python3.7/site-packages/airflow/example_dags/example_latest_only.py took 0.097 seconds
[2023-09-06T04:31:46.843+0000] {processor.py:153} INFO - Started process (PID=384) to work on /home/airflow/.local/lib/python3.7/site-packages/airflow/example_dags/example_latest_only.py
[2023-09-06T04:31:46.849+0000] {processor.py:743} INFO - Processing file /home/airflow/.local/lib/python3.7/site-packages/airflow/example_dags/example_latest_only.py for tasks to queue
[2023-09-06T04:31:46.854+0000] {logging_mixin.py:137} INFO - [2023-09-06T04:31:46.854+0000] {dagbag.py:538} INFO - Filling up the DagBag from /home/airflow/.local/lib/python3.7/site-packages/airflow/example_dags/example_latest_only.py
[2023-09-06T04:31:46.875+0000] {processor.py:753} INFO - DAG(s) dict_keys(['latest_only']) retrieved from /home/airflow/.local/lib/python3.7/site-packages/airflow/example_dags/example_latest_only.py
[2023-09-06T04:31:46.910+0000] {logging_mixin.py:137} INFO - [2023-09-06T04:31:46.910+0000] {dag.py:2690} INFO - Sync 1 DAGs
[2023-09-06T04:31:46.950+0000] {logging_mixin.py:137} INFO - [2023-09-06T04:31:46.949+0000] {dag.py:3441} INFO - Setting next_dagrun for latest_only to 2023-09-06T00:31:46.949529+00:00, run_after=2023-09-06T04:31:46.949529+00:00
[2023-09-06T04:31:46.976+0000] {processor.py:175} INFO - Processing /home/airflow/.local/lib/python3.7/site-packages/airflow/example_dags/example_latest_only.py took 0.137 seconds
[2023-09-06T04:32:17.052+0000] {processor.py:153} INFO - Started process (PID=445) to work on /home/airflow/.local/lib/python3.7/site-packages/airflow/example_dags/example_latest_only.py
[2023-09-06T04:32:17.054+0000] {processor.py:743} INFO - Processing file /home/airflow/.local/lib/python3.7/site-packages/airflow/example_dags/example_latest_only.py for tasks to queue
[2023-09-06T04:32:17.055+0000] {logging_mixin.py:137} INFO - [2023-09-06T04:32:17.055+0000] {dagbag.py:538} INFO - Filling up the DagBag from /home/airflow/.local/lib/python3.7/site-packages/airflow/example_dags/example_latest_only.py
[2023-09-06T04:32:17.073+0000] {processor.py:753} INFO - DAG(s) dict_keys(['latest_only']) retrieved from /home/airflow/.local/lib/python3.7/site-packages/airflow/example_dags/example_latest_only.py
[2023-09-06T04:32:17.105+0000] {logging_mixin.py:137} INFO - [2023-09-06T04:32:17.105+0000] {dag.py:2690} INFO - Sync 1 DAGs
[2023-09-06T04:32:17.137+0000] {logging_mixin.py:137} INFO - [2023-09-06T04:32:17.137+0000] {dag.py:3441} INFO - Setting next_dagrun for latest_only to 2023-09-06T00:32:17.137118+00:00, run_after=2023-09-06T04:32:17.137118+00:00
[2023-09-06T04:32:17.174+0000] {processor.py:175} INFO - Processing /home/airflow/.local/lib/python3.7/site-packages/airflow/example_dags/example_latest_only.py took 0.125 seconds
[2023-09-06T04:32:47.648+0000] {processor.py:153} INFO - Started process (PID=504) to work on /home/airflow/.local/lib/python3.7/site-packages/airflow/example_dags/example_latest_only.py
[2023-09-06T04:32:47.649+0000] {processor.py:743} INFO - Processing file /home/airflow/.local/lib/python3.7/site-packages/airflow/example_dags/example_latest_only.py for tasks to queue
[2023-09-06T04:32:47.650+0000] {logging_mixin.py:137} INFO - [2023-09-06T04:32:47.650+0000] {dagbag.py:538} INFO - Filling up the DagBag from /home/airflow/.local/lib/python3.7/site-packages/airflow/example_dags/example_latest_only.py
[2023-09-06T04:32:47.685+0000] {processor.py:753} INFO - DAG(s) dict_keys(['latest_only']) retrieved from /home/airflow/.local/lib/python3.7/site-packages/airflow/example_dags/example_latest_only.py
[2023-09-06T04:32:47.758+0000] {logging_mixin.py:137} INFO - [2023-09-06T04:32:47.758+0000] {dag.py:2690} INFO - Sync 1 DAGs
[2023-09-06T04:32:47.787+0000] {logging_mixin.py:137} INFO - [2023-09-06T04:32:47.787+0000] {dag.py:3441} INFO - Setting next_dagrun for latest_only to 2023-09-06T00:32:47.787174+00:00, run_after=2023-09-06T04:32:47.787174+00:00
[2023-09-06T04:32:47.810+0000] {processor.py:175} INFO - Processing /home/airflow/.local/lib/python3.7/site-packages/airflow/example_dags/example_latest_only.py took 0.167 seconds
[2023-09-06T04:33:18.681+0000] {processor.py:153} INFO - Started process (PID=575) to work on /home/airflow/.local/lib/python3.7/site-packages/airflow/example_dags/example_latest_only.py
[2023-09-06T04:33:18.683+0000] {processor.py:743} INFO - Processing file /home/airflow/.local/lib/python3.7/site-packages/airflow/example_dags/example_latest_only.py for tasks to queue
[2023-09-06T04:33:18.684+0000] {logging_mixin.py:137} INFO - [2023-09-06T04:33:18.683+0000] {dagbag.py:538} INFO - Filling up the DagBag from /home/airflow/.local/lib/python3.7/site-packages/airflow/example_dags/example_latest_only.py
[2023-09-06T04:33:18.699+0000] {processor.py:753} INFO - DAG(s) dict_keys(['latest_only']) retrieved from /home/airflow/.local/lib/python3.7/site-packages/airflow/example_dags/example_latest_only.py
[2023-09-06T04:33:18.761+0000] {logging_mixin.py:137} INFO - [2023-09-06T04:33:18.761+0000] {dag.py:2690} INFO - Sync 1 DAGs
[2023-09-06T04:33:18.810+0000] {logging_mixin.py:137} INFO - [2023-09-06T04:33:18.810+0000] {dag.py:3441} INFO - Setting next_dagrun for latest_only to 2023-09-06T00:33:18.810224+00:00, run_after=2023-09-06T04:33:18.810224+00:00
[2023-09-06T04:33:18.860+0000] {processor.py:175} INFO - Processing /home/airflow/.local/lib/python3.7/site-packages/airflow/example_dags/example_latest_only.py took 0.184 seconds
[2023-09-06T04:33:49.112+0000] {processor.py:153} INFO - Started process (PID=634) to work on /home/airflow/.local/lib/python3.7/site-packages/airflow/example_dags/example_latest_only.py
[2023-09-06T04:33:49.113+0000] {processor.py:743} INFO - Processing file /home/airflow/.local/lib/python3.7/site-packages/airflow/example_dags/example_latest_only.py for tasks to queue
[2023-09-06T04:33:49.115+0000] {logging_mixin.py:137} INFO - [2023-09-06T04:33:49.115+0000] {dagbag.py:538} INFO - Filling up the DagBag from /home/airflow/.local/lib/python3.7/site-packages/airflow/example_dags/example_latest_only.py
[2023-09-06T04:33:49.129+0000] {processor.py:753} INFO - DAG(s) dict_keys(['latest_only']) retrieved from /home/airflow/.local/lib/python3.7/site-packages/airflow/example_dags/example_latest_only.py
[2023-09-06T04:33:49.161+0000] {logging_mixin.py:137} INFO - [2023-09-06T04:33:49.161+0000] {dag.py:2690} INFO - Sync 1 DAGs
[2023-09-06T04:33:49.189+0000] {logging_mixin.py:137} INFO - [2023-09-06T04:33:49.189+0000] {dag.py:3441} INFO - Setting next_dagrun for latest_only to 2023-09-06T00:33:49.189239+00:00, run_after=2023-09-06T04:33:49.189239+00:00
[2023-09-06T04:33:49.218+0000] {processor.py:175} INFO - Processing /home/airflow/.local/lib/python3.7/site-packages/airflow/example_dags/example_latest_only.py took 0.109 seconds
[2023-09-06T04:34:56.718+0000] {processor.py:153} INFO - Started process (PID=59) to work on /home/airflow/.local/lib/python3.7/site-packages/airflow/example_dags/example_latest_only.py
[2023-09-06T04:34:56.728+0000] {processor.py:743} INFO - Processing file /home/airflow/.local/lib/python3.7/site-packages/airflow/example_dags/example_latest_only.py for tasks to queue
[2023-09-06T04:34:56.730+0000] {logging_mixin.py:137} INFO - [2023-09-06T04:34:56.730+0000] {dagbag.py:538} INFO - Filling up the DagBag from /home/airflow/.local/lib/python3.7/site-packages/airflow/example_dags/example_latest_only.py
[2023-09-06T04:34:56.763+0000] {processor.py:753} INFO - DAG(s) dict_keys(['latest_only']) retrieved from /home/airflow/.local/lib/python3.7/site-packages/airflow/example_dags/example_latest_only.py
[2023-09-06T04:34:56.824+0000] {logging_mixin.py:137} INFO - [2023-09-06T04:34:56.824+0000] {dag.py:2690} INFO - Sync 1 DAGs
[2023-09-06T04:34:56.890+0000] {logging_mixin.py:137} INFO - [2023-09-06T04:34:56.890+0000] {dag.py:3441} INFO - Setting next_dagrun for latest_only to 2023-09-06T00:34:56.889755+00:00, run_after=2023-09-06T04:34:56.889755+00:00
[2023-09-06T04:34:56.957+0000] {processor.py:175} INFO - Processing /home/airflow/.local/lib/python3.7/site-packages/airflow/example_dags/example_latest_only.py took 0.243 seconds
[2023-09-06T04:35:27.064+0000] {processor.py:153} INFO - Started process (PID=118) to work on /home/airflow/.local/lib/python3.7/site-packages/airflow/example_dags/example_latest_only.py
[2023-09-06T04:35:27.082+0000] {processor.py:743} INFO - Processing file /home/airflow/.local/lib/python3.7/site-packages/airflow/example_dags/example_latest_only.py for tasks to queue
[2023-09-06T04:35:27.083+0000] {logging_mixin.py:137} INFO - [2023-09-06T04:35:27.083+0000] {dagbag.py:538} INFO - Filling up the DagBag from /home/airflow/.local/lib/python3.7/site-packages/airflow/example_dags/example_latest_only.py
[2023-09-06T04:35:27.142+0000] {processor.py:753} INFO - DAG(s) dict_keys(['latest_only']) retrieved from /home/airflow/.local/lib/python3.7/site-packages/airflow/example_dags/example_latest_only.py
[2023-09-06T04:35:27.193+0000] {logging_mixin.py:137} INFO - [2023-09-06T04:35:27.193+0000] {dag.py:2690} INFO - Sync 1 DAGs
[2023-09-06T04:35:27.278+0000] {logging_mixin.py:137} INFO - [2023-09-06T04:35:27.278+0000] {dag.py:3441} INFO - Setting next_dagrun for latest_only to 2023-09-06T00:35:27.278085+00:00, run_after=2023-09-06T04:35:27.278085+00:00
[2023-09-06T04:35:27.345+0000] {processor.py:175} INFO - Processing /home/airflow/.local/lib/python3.7/site-packages/airflow/example_dags/example_latest_only.py took 0.286 seconds
[2023-09-06T04:35:57.962+0000] {processor.py:153} INFO - Started process (PID=185) to work on /home/airflow/.local/lib/python3.7/site-packages/airflow/example_dags/example_latest_only.py
[2023-09-06T04:35:57.963+0000] {processor.py:743} INFO - Processing file /home/airflow/.local/lib/python3.7/site-packages/airflow/example_dags/example_latest_only.py for tasks to queue
[2023-09-06T04:35:57.965+0000] {logging_mixin.py:137} INFO - [2023-09-06T04:35:57.965+0000] {dagbag.py:538} INFO - Filling up the DagBag from /home/airflow/.local/lib/python3.7/site-packages/airflow/example_dags/example_latest_only.py
[2023-09-06T04:35:57.998+0000] {processor.py:753} INFO - DAG(s) dict_keys(['latest_only']) retrieved from /home/airflow/.local/lib/python3.7/site-packages/airflow/example_dags/example_latest_only.py
[2023-09-06T04:35:58.071+0000] {logging_mixin.py:137} INFO - [2023-09-06T04:35:58.071+0000] {dag.py:2690} INFO - Sync 1 DAGs
[2023-09-06T04:35:58.097+0000] {logging_mixin.py:137} INFO - [2023-09-06T04:35:58.097+0000] {dag.py:3441} INFO - Setting next_dagrun for latest_only to 2023-09-06T00:35:58.097531+00:00, run_after=2023-09-06T04:35:58.097531+00:00
[2023-09-06T04:35:58.119+0000] {processor.py:175} INFO - Processing /home/airflow/.local/lib/python3.7/site-packages/airflow/example_dags/example_latest_only.py took 0.160 seconds
[2023-09-06T04:36:29.552+0000] {processor.py:153} INFO - Started process (PID=248) to work on /home/airflow/.local/lib/python3.7/site-packages/airflow/example_dags/example_latest_only.py
[2023-09-06T04:36:29.560+0000] {processor.py:743} INFO - Processing file /home/airflow/.local/lib/python3.7/site-packages/airflow/example_dags/example_latest_only.py for tasks to queue
[2023-09-06T04:36:29.561+0000] {logging_mixin.py:137} INFO - [2023-09-06T04:36:29.561+0000] {dagbag.py:538} INFO - Filling up the DagBag from /home/airflow/.local/lib/python3.7/site-packages/airflow/example_dags/example_latest_only.py
[2023-09-06T04:36:29.604+0000] {processor.py:753} INFO - DAG(s) dict_keys(['latest_only']) retrieved from /home/airflow/.local/lib/python3.7/site-packages/airflow/example_dags/example_latest_only.py
[2023-09-06T04:36:29.667+0000] {logging_mixin.py:137} INFO - [2023-09-06T04:36:29.667+0000] {dag.py:2690} INFO - Sync 1 DAGs
[2023-09-06T04:36:29.701+0000] {logging_mixin.py:137} INFO - [2023-09-06T04:36:29.701+0000] {dag.py:3441} INFO - Setting next_dagrun for latest_only to 2023-09-06T00:36:29.700654+00:00, run_after=2023-09-06T04:36:29.700654+00:00
[2023-09-06T04:36:29.733+0000] {processor.py:175} INFO - Processing /home/airflow/.local/lib/python3.7/site-packages/airflow/example_dags/example_latest_only.py took 0.188 seconds
[2023-09-06T04:37:00.505+0000] {processor.py:153} INFO - Started process (PID=307) to work on /home/airflow/.local/lib/python3.7/site-packages/airflow/example_dags/example_latest_only.py
[2023-09-06T04:37:00.507+0000] {processor.py:743} INFO - Processing file /home/airflow/.local/lib/python3.7/site-packages/airflow/example_dags/example_latest_only.py for tasks to queue
[2023-09-06T04:37:00.508+0000] {logging_mixin.py:137} INFO - [2023-09-06T04:37:00.508+0000] {dagbag.py:538} INFO - Filling up the DagBag from /home/airflow/.local/lib/python3.7/site-packages/airflow/example_dags/example_latest_only.py
[2023-09-06T04:37:00.528+0000] {processor.py:753} INFO - DAG(s) dict_keys(['latest_only']) retrieved from /home/airflow/.local/lib/python3.7/site-packages/airflow/example_dags/example_latest_only.py
[2023-09-06T04:37:00.606+0000] {logging_mixin.py:137} INFO - [2023-09-06T04:37:00.604+0000] {dag.py:2690} INFO - Sync 1 DAGs
[2023-09-06T04:37:00.665+0000] {logging_mixin.py:137} INFO - [2023-09-06T04:37:00.664+0000] {dag.py:3441} INFO - Setting next_dagrun for latest_only to 2023-09-06T00:37:00.664243+00:00, run_after=2023-09-06T04:37:00.664243+00:00
[2023-09-06T04:37:00.710+0000] {processor.py:175} INFO - Processing /home/airflow/.local/lib/python3.7/site-packages/airflow/example_dags/example_latest_only.py took 0.213 seconds
[2023-09-06T04:37:31.125+0000] {processor.py:153} INFO - Started process (PID=366) to work on /home/airflow/.local/lib/python3.7/site-packages/airflow/example_dags/example_latest_only.py
[2023-09-06T04:37:31.126+0000] {processor.py:743} INFO - Processing file /home/airflow/.local/lib/python3.7/site-packages/airflow/example_dags/example_latest_only.py for tasks to queue
[2023-09-06T04:37:31.128+0000] {logging_mixin.py:137} INFO - [2023-09-06T04:37:31.128+0000] {dagbag.py:538} INFO - Filling up the DagBag from /home/airflow/.local/lib/python3.7/site-packages/airflow/example_dags/example_latest_only.py
[2023-09-06T04:37:31.147+0000] {processor.py:753} INFO - DAG(s) dict_keys(['latest_only']) retrieved from /home/airflow/.local/lib/python3.7/site-packages/airflow/example_dags/example_latest_only.py
[2023-09-06T04:37:31.190+0000] {logging_mixin.py:137} INFO - [2023-09-06T04:37:31.190+0000] {dag.py:2690} INFO - Sync 1 DAGs
[2023-09-06T04:37:31.232+0000] {logging_mixin.py:137} INFO - [2023-09-06T04:37:31.232+0000] {dag.py:3441} INFO - Setting next_dagrun for latest_only to 2023-09-06T00:37:31.231568+00:00, run_after=2023-09-06T04:37:31.231568+00:00
[2023-09-06T04:37:31.263+0000] {processor.py:175} INFO - Processing /home/airflow/.local/lib/python3.7/site-packages/airflow/example_dags/example_latest_only.py took 0.142 seconds
[2023-09-06T04:38:01.729+0000] {processor.py:153} INFO - Started process (PID=435) to work on /home/airflow/.local/lib/python3.7/site-packages/airflow/example_dags/example_latest_only.py
[2023-09-06T04:38:01.739+0000] {processor.py:743} INFO - Processing file /home/airflow/.local/lib/python3.7/site-packages/airflow/example_dags/example_latest_only.py for tasks to queue
[2023-09-06T04:38:01.743+0000] {logging_mixin.py:137} INFO - [2023-09-06T04:38:01.742+0000] {dagbag.py:538} INFO - Filling up the DagBag from /home/airflow/.local/lib/python3.7/site-packages/airflow/example_dags/example_latest_only.py
[2023-09-06T04:38:01.807+0000] {processor.py:753} INFO - DAG(s) dict_keys(['latest_only']) retrieved from /home/airflow/.local/lib/python3.7/site-packages/airflow/example_dags/example_latest_only.py
[2023-09-06T04:38:01.877+0000] {logging_mixin.py:137} INFO - [2023-09-06T04:38:01.877+0000] {dag.py:2690} INFO - Sync 1 DAGs
[2023-09-06T04:38:01.932+0000] {logging_mixin.py:137} INFO - [2023-09-06T04:38:01.931+0000] {dag.py:3441} INFO - Setting next_dagrun for latest_only to 2023-09-06T00:38:01.931582+00:00, run_after=2023-09-06T04:38:01.931582+00:00
[2023-09-06T04:38:01.979+0000] {processor.py:175} INFO - Processing /home/airflow/.local/lib/python3.7/site-packages/airflow/example_dags/example_latest_only.py took 0.253 seconds
[2023-09-06T04:38:32.937+0000] {processor.py:153} INFO - Started process (PID=494) to work on /home/airflow/.local/lib/python3.7/site-packages/airflow/example_dags/example_latest_only.py
[2023-09-06T04:38:32.941+0000] {processor.py:743} INFO - Processing file /home/airflow/.local/lib/python3.7/site-packages/airflow/example_dags/example_latest_only.py for tasks to queue
[2023-09-06T04:38:32.946+0000] {logging_mixin.py:137} INFO - [2023-09-06T04:38:32.945+0000] {dagbag.py:538} INFO - Filling up the DagBag from /home/airflow/.local/lib/python3.7/site-packages/airflow/example_dags/example_latest_only.py
[2023-09-06T04:38:32.978+0000] {processor.py:753} INFO - DAG(s) dict_keys(['latest_only']) retrieved from /home/airflow/.local/lib/python3.7/site-packages/airflow/example_dags/example_latest_only.py
[2023-09-06T04:38:33.014+0000] {logging_mixin.py:137} INFO - [2023-09-06T04:38:33.014+0000] {dag.py:2690} INFO - Sync 1 DAGs
[2023-09-06T04:38:33.094+0000] {logging_mixin.py:137} INFO - [2023-09-06T04:38:33.094+0000] {dag.py:3441} INFO - Setting next_dagrun for latest_only to 2023-09-06T00:38:33.093852+00:00, run_after=2023-09-06T04:38:33.093852+00:00
[2023-09-06T04:38:33.138+0000] {processor.py:175} INFO - Processing /home/airflow/.local/lib/python3.7/site-packages/airflow/example_dags/example_latest_only.py took 0.206 seconds
[2023-09-06T04:39:03.693+0000] {processor.py:153} INFO - Started process (PID=553) to work on /home/airflow/.local/lib/python3.7/site-packages/airflow/example_dags/example_latest_only.py
[2023-09-06T04:39:03.704+0000] {processor.py:743} INFO - Processing file /home/airflow/.local/lib/python3.7/site-packages/airflow/example_dags/example_latest_only.py for tasks to queue
[2023-09-06T04:39:03.706+0000] {logging_mixin.py:137} INFO - [2023-09-06T04:39:03.706+0000] {dagbag.py:538} INFO - Filling up the DagBag from /home/airflow/.local/lib/python3.7/site-packages/airflow/example_dags/example_latest_only.py
[2023-09-06T04:39:03.733+0000] {processor.py:753} INFO - DAG(s) dict_keys(['latest_only']) retrieved from /home/airflow/.local/lib/python3.7/site-packages/airflow/example_dags/example_latest_only.py
[2023-09-06T04:39:03.763+0000] {logging_mixin.py:137} INFO - [2023-09-06T04:39:03.758+0000] {dag.py:2690} INFO - Sync 1 DAGs
[2023-09-06T04:39:03.818+0000] {logging_mixin.py:137} INFO - [2023-09-06T04:39:03.818+0000] {dag.py:3441} INFO - Setting next_dagrun for latest_only to 2023-09-06T00:39:03.817925+00:00, run_after=2023-09-06T04:39:03.817925+00:00
[2023-09-06T04:39:03.862+0000] {processor.py:175} INFO - Processing /home/airflow/.local/lib/python3.7/site-packages/airflow/example_dags/example_latest_only.py took 0.175 seconds
[2023-09-06T04:39:34.152+0000] {processor.py:153} INFO - Started process (PID=620) to work on /home/airflow/.local/lib/python3.7/site-packages/airflow/example_dags/example_latest_only.py
[2023-09-06T04:39:34.157+0000] {processor.py:743} INFO - Processing file /home/airflow/.local/lib/python3.7/site-packages/airflow/example_dags/example_latest_only.py for tasks to queue
[2023-09-06T04:39:34.158+0000] {logging_mixin.py:137} INFO - [2023-09-06T04:39:34.158+0000] {dagbag.py:538} INFO - Filling up the DagBag from /home/airflow/.local/lib/python3.7/site-packages/airflow/example_dags/example_latest_only.py
[2023-09-06T04:39:34.192+0000] {processor.py:753} INFO - DAG(s) dict_keys(['latest_only']) retrieved from /home/airflow/.local/lib/python3.7/site-packages/airflow/example_dags/example_latest_only.py
[2023-09-06T04:39:34.269+0000] {logging_mixin.py:137} INFO - [2023-09-06T04:39:34.268+0000] {dag.py:2690} INFO - Sync 1 DAGs
[2023-09-06T04:39:34.332+0000] {logging_mixin.py:137} INFO - [2023-09-06T04:39:34.332+0000] {dag.py:3441} INFO - Setting next_dagrun for latest_only to 2023-09-06T00:39:34.331824+00:00, run_after=2023-09-06T04:39:34.331824+00:00
[2023-09-06T04:39:34.378+0000] {processor.py:175} INFO - Processing /home/airflow/.local/lib/python3.7/site-packages/airflow/example_dags/example_latest_only.py took 0.231 seconds
[2023-09-06T04:40:05.164+0000] {processor.py:153} INFO - Started process (PID=682) to work on /home/airflow/.local/lib/python3.7/site-packages/airflow/example_dags/example_latest_only.py
[2023-09-06T04:40:05.165+0000] {processor.py:743} INFO - Processing file /home/airflow/.local/lib/python3.7/site-packages/airflow/example_dags/example_latest_only.py for tasks to queue
[2023-09-06T04:40:05.175+0000] {logging_mixin.py:137} INFO - [2023-09-06T04:40:05.175+0000] {dagbag.py:538} INFO - Filling up the DagBag from /home/airflow/.local/lib/python3.7/site-packages/airflow/example_dags/example_latest_only.py
[2023-09-06T04:40:05.209+0000] {processor.py:753} INFO - DAG(s) dict_keys(['latest_only']) retrieved from /home/airflow/.local/lib/python3.7/site-packages/airflow/example_dags/example_latest_only.py
[2023-09-06T04:40:05.286+0000] {logging_mixin.py:137} INFO - [2023-09-06T04:40:05.286+0000] {dag.py:2690} INFO - Sync 1 DAGs
[2023-09-06T04:40:05.384+0000] {logging_mixin.py:137} INFO - [2023-09-06T04:40:05.384+0000] {dag.py:3441} INFO - Setting next_dagrun for latest_only to 2023-09-06T00:40:05.384142+00:00, run_after=2023-09-06T04:40:05.384142+00:00
[2023-09-06T04:40:05.437+0000] {processor.py:175} INFO - Processing /home/airflow/.local/lib/python3.7/site-packages/airflow/example_dags/example_latest_only.py took 0.280 seconds
[2023-09-06T04:40:36.251+0000] {processor.py:153} INFO - Started process (PID=741) to work on /home/airflow/.local/lib/python3.7/site-packages/airflow/example_dags/example_latest_only.py
[2023-09-06T04:40:36.253+0000] {processor.py:743} INFO - Processing file /home/airflow/.local/lib/python3.7/site-packages/airflow/example_dags/example_latest_only.py for tasks to queue
[2023-09-06T04:40:36.255+0000] {logging_mixin.py:137} INFO - [2023-09-06T04:40:36.255+0000] {dagbag.py:538} INFO - Filling up the DagBag from /home/airflow/.local/lib/python3.7/site-packages/airflow/example_dags/example_latest_only.py
[2023-09-06T04:40:36.276+0000] {processor.py:753} INFO - DAG(s) dict_keys(['latest_only']) retrieved from /home/airflow/.local/lib/python3.7/site-packages/airflow/example_dags/example_latest_only.py
[2023-09-06T04:40:36.326+0000] {logging_mixin.py:137} INFO - [2023-09-06T04:40:36.326+0000] {dag.py:2690} INFO - Sync 1 DAGs
[2023-09-06T04:40:36.399+0000] {logging_mixin.py:137} INFO - [2023-09-06T04:40:36.399+0000] {dag.py:3441} INFO - Setting next_dagrun for latest_only to 2023-09-06T00:40:36.399550+00:00, run_after=2023-09-06T04:40:36.399550+00:00
[2023-09-06T04:40:36.485+0000] {processor.py:175} INFO - Processing /home/airflow/.local/lib/python3.7/site-packages/airflow/example_dags/example_latest_only.py took 0.238 seconds
[2023-09-06T04:41:06.610+0000] {processor.py:153} INFO - Started process (PID=801) to work on /home/airflow/.local/lib/python3.7/site-packages/airflow/example_dags/example_latest_only.py
[2023-09-06T04:41:06.613+0000] {processor.py:743} INFO - Processing file /home/airflow/.local/lib/python3.7/site-packages/airflow/example_dags/example_latest_only.py for tasks to queue
[2023-09-06T04:41:06.615+0000] {logging_mixin.py:137} INFO - [2023-09-06T04:41:06.615+0000] {dagbag.py:538} INFO - Filling up the DagBag from /home/airflow/.local/lib/python3.7/site-packages/airflow/example_dags/example_latest_only.py
[2023-09-06T04:41:06.653+0000] {processor.py:753} INFO - DAG(s) dict_keys(['latest_only']) retrieved from /home/airflow/.local/lib/python3.7/site-packages/airflow/example_dags/example_latest_only.py
[2023-09-06T04:41:06.725+0000] {logging_mixin.py:137} INFO - [2023-09-06T04:41:06.724+0000] {dag.py:2690} INFO - Sync 1 DAGs
[2023-09-06T04:41:06.774+0000] {logging_mixin.py:137} INFO - [2023-09-06T04:41:06.774+0000] {dag.py:3441} INFO - Setting next_dagrun for latest_only to 2023-09-06T00:41:06.773972+00:00, run_after=2023-09-06T04:41:06.773972+00:00
[2023-09-06T04:41:06.817+0000] {processor.py:175} INFO - Processing /home/airflow/.local/lib/python3.7/site-packages/airflow/example_dags/example_latest_only.py took 0.226 seconds
[2023-09-06T04:41:37.128+0000] {processor.py:153} INFO - Started process (PID=870) to work on /home/airflow/.local/lib/python3.7/site-packages/airflow/example_dags/example_latest_only.py
[2023-09-06T04:41:37.129+0000] {processor.py:743} INFO - Processing file /home/airflow/.local/lib/python3.7/site-packages/airflow/example_dags/example_latest_only.py for tasks to queue
[2023-09-06T04:41:37.130+0000] {logging_mixin.py:137} INFO - [2023-09-06T04:41:37.130+0000] {dagbag.py:538} INFO - Filling up the DagBag from /home/airflow/.local/lib/python3.7/site-packages/airflow/example_dags/example_latest_only.py
[2023-09-06T04:41:37.146+0000] {processor.py:753} INFO - DAG(s) dict_keys(['latest_only']) retrieved from /home/airflow/.local/lib/python3.7/site-packages/airflow/example_dags/example_latest_only.py
[2023-09-06T04:41:37.177+0000] {logging_mixin.py:137} INFO - [2023-09-06T04:41:37.177+0000] {dag.py:2690} INFO - Sync 1 DAGs
[2023-09-06T04:41:37.218+0000] {logging_mixin.py:137} INFO - [2023-09-06T04:41:37.218+0000] {dag.py:3441} INFO - Setting next_dagrun for latest_only to 2023-09-06T00:41:37.217972+00:00, run_after=2023-09-06T04:41:37.217972+00:00
[2023-09-06T04:41:37.247+0000] {processor.py:175} INFO - Processing /home/airflow/.local/lib/python3.7/site-packages/airflow/example_dags/example_latest_only.py took 0.123 seconds
[2023-09-06T04:42:08.174+0000] {processor.py:153} INFO - Started process (PID=931) to work on /home/airflow/.local/lib/python3.7/site-packages/airflow/example_dags/example_latest_only.py
[2023-09-06T04:42:08.176+0000] {processor.py:743} INFO - Processing file /home/airflow/.local/lib/python3.7/site-packages/airflow/example_dags/example_latest_only.py for tasks to queue
[2023-09-06T04:42:08.177+0000] {logging_mixin.py:137} INFO - [2023-09-06T04:42:08.177+0000] {dagbag.py:538} INFO - Filling up the DagBag from /home/airflow/.local/lib/python3.7/site-packages/airflow/example_dags/example_latest_only.py
[2023-09-06T04:42:08.198+0000] {processor.py:753} INFO - DAG(s) dict_keys(['latest_only']) retrieved from /home/airflow/.local/lib/python3.7/site-packages/airflow/example_dags/example_latest_only.py
[2023-09-06T04:42:08.239+0000] {logging_mixin.py:137} INFO - [2023-09-06T04:42:08.239+0000] {dag.py:2690} INFO - Sync 1 DAGs
[2023-09-06T04:42:08.289+0000] {logging_mixin.py:137} INFO - [2023-09-06T04:42:08.289+0000] {dag.py:3441} INFO - Setting next_dagrun for latest_only to 2023-09-06T00:42:08.289264+00:00, run_after=2023-09-06T04:42:08.289264+00:00
[2023-09-06T04:42:08.318+0000] {processor.py:175} INFO - Processing /home/airflow/.local/lib/python3.7/site-packages/airflow/example_dags/example_latest_only.py took 0.148 seconds
[2023-09-06T04:42:38.773+0000] {processor.py:153} INFO - Started process (PID=991) to work on /home/airflow/.local/lib/python3.7/site-packages/airflow/example_dags/example_latest_only.py
[2023-09-06T04:42:38.778+0000] {processor.py:743} INFO - Processing file /home/airflow/.local/lib/python3.7/site-packages/airflow/example_dags/example_latest_only.py for tasks to queue
[2023-09-06T04:42:38.781+0000] {logging_mixin.py:137} INFO - [2023-09-06T04:42:38.781+0000] {dagbag.py:538} INFO - Filling up the DagBag from /home/airflow/.local/lib/python3.7/site-packages/airflow/example_dags/example_latest_only.py
[2023-09-06T04:42:38.821+0000] {processor.py:753} INFO - DAG(s) dict_keys(['latest_only']) retrieved from /home/airflow/.local/lib/python3.7/site-packages/airflow/example_dags/example_latest_only.py
[2023-09-06T04:42:38.891+0000] {logging_mixin.py:137} INFO - [2023-09-06T04:42:38.891+0000] {dag.py:2690} INFO - Sync 1 DAGs
[2023-09-06T04:42:38.982+0000] {logging_mixin.py:137} INFO - [2023-09-06T04:42:38.982+0000] {dag.py:3441} INFO - Setting next_dagrun for latest_only to 2023-09-06T00:42:38.982135+00:00, run_after=2023-09-06T04:42:38.982135+00:00
[2023-09-06T04:42:39.035+0000] {processor.py:175} INFO - Processing /home/airflow/.local/lib/python3.7/site-packages/airflow/example_dags/example_latest_only.py took 0.266 seconds
