[2023-09-06T04:26:25.316+0000] {processor.py:153} INFO - Started process (PID=88) to work on /home/airflow/.local/lib/python3.7/site-packages/airflow/example_dags/example_short_circuit_decorator.py
[2023-09-06T04:26:25.354+0000] {processor.py:743} INFO - Processing file /home/airflow/.local/lib/python3.7/site-packages/airflow/example_dags/example_short_circuit_decorator.py for tasks to queue
[2023-09-06T04:26:25.360+0000] {logging_mixin.py:137} INFO - [2023-09-06T04:26:25.360+0000] {dagbag.py:538} INFO - Filling up the DagBag from /home/airflow/.local/lib/python3.7/site-packages/airflow/example_dags/example_short_circuit_decorator.py
[2023-09-06T04:26:25.602+0000] {processor.py:753} INFO - DAG(s) dict_keys(['example_short_circuit_decorator']) retrieved from /home/airflow/.local/lib/python3.7/site-packages/airflow/example_dags/example_short_circuit_decorator.py
[2023-09-06T04:26:25.777+0000] {logging_mixin.py:137} INFO - [2023-09-06T04:26:25.777+0000] {dag.py:2690} INFO - Sync 1 DAGs
[2023-09-06T04:26:26.035+0000] {logging_mixin.py:137} INFO - [2023-09-06T04:26:26.035+0000] {dag.py:3441} INFO - Setting next_dagrun for example_short_circuit_decorator to 2023-09-05T04:26:26.034729+00:00, run_after=2023-09-06T04:26:26.034729+00:00
[2023-09-06T04:26:26.215+0000] {processor.py:175} INFO - Processing /home/airflow/.local/lib/python3.7/site-packages/airflow/example_dags/example_short_circuit_decorator.py took 0.909 seconds
[2023-09-06T04:26:57.060+0000] {processor.py:153} INFO - Started process (PID=148) to work on /home/airflow/.local/lib/python3.7/site-packages/airflow/example_dags/example_short_circuit_decorator.py
[2023-09-06T04:26:57.064+0000] {processor.py:743} INFO - Processing file /home/airflow/.local/lib/python3.7/site-packages/airflow/example_dags/example_short_circuit_decorator.py for tasks to queue
[2023-09-06T04:26:57.070+0000] {logging_mixin.py:137} INFO - [2023-09-06T04:26:57.069+0000] {dagbag.py:538} INFO - Filling up the DagBag from /home/airflow/.local/lib/python3.7/site-packages/airflow/example_dags/example_short_circuit_decorator.py
[2023-09-06T04:26:57.143+0000] {processor.py:753} INFO - DAG(s) dict_keys(['example_short_circuit_decorator']) retrieved from /home/airflow/.local/lib/python3.7/site-packages/airflow/example_dags/example_short_circuit_decorator.py
[2023-09-06T04:26:57.217+0000] {logging_mixin.py:137} INFO - [2023-09-06T04:26:57.217+0000] {dag.py:2690} INFO - Sync 1 DAGs
[2023-09-06T04:26:57.302+0000] {logging_mixin.py:137} INFO - [2023-09-06T04:26:57.302+0000] {dag.py:3441} INFO - Setting next_dagrun for example_short_circuit_decorator to 2023-09-05T04:26:57.301691+00:00, run_after=2023-09-06T04:26:57.301691+00:00
[2023-09-06T04:26:57.364+0000] {processor.py:175} INFO - Processing /home/airflow/.local/lib/python3.7/site-packages/airflow/example_dags/example_short_circuit_decorator.py took 0.308 seconds
[2023-09-06T04:27:27.465+0000] {processor.py:153} INFO - Started process (PID=207) to work on /home/airflow/.local/lib/python3.7/site-packages/airflow/example_dags/example_short_circuit_decorator.py
[2023-09-06T04:27:27.466+0000] {processor.py:743} INFO - Processing file /home/airflow/.local/lib/python3.7/site-packages/airflow/example_dags/example_short_circuit_decorator.py for tasks to queue
[2023-09-06T04:27:27.467+0000] {logging_mixin.py:137} INFO - [2023-09-06T04:27:27.467+0000] {dagbag.py:538} INFO - Filling up the DagBag from /home/airflow/.local/lib/python3.7/site-packages/airflow/example_dags/example_short_circuit_decorator.py
[2023-09-06T04:27:27.505+0000] {processor.py:753} INFO - DAG(s) dict_keys(['example_short_circuit_decorator']) retrieved from /home/airflow/.local/lib/python3.7/site-packages/airflow/example_dags/example_short_circuit_decorator.py
[2023-09-06T04:27:27.538+0000] {logging_mixin.py:137} INFO - [2023-09-06T04:27:27.538+0000] {dag.py:2690} INFO - Sync 1 DAGs
[2023-09-06T04:27:27.582+0000] {logging_mixin.py:137} INFO - [2023-09-06T04:27:27.582+0000] {dag.py:3441} INFO - Setting next_dagrun for example_short_circuit_decorator to 2023-09-05T04:27:27.581815+00:00, run_after=2023-09-06T04:27:27.581815+00:00
[2023-09-06T04:27:27.621+0000] {processor.py:175} INFO - Processing /home/airflow/.local/lib/python3.7/site-packages/airflow/example_dags/example_short_circuit_decorator.py took 0.161 seconds
[2023-09-06T04:27:58.051+0000] {processor.py:153} INFO - Started process (PID=267) to work on /home/airflow/.local/lib/python3.7/site-packages/airflow/example_dags/example_short_circuit_decorator.py
[2023-09-06T04:27:58.053+0000] {processor.py:743} INFO - Processing file /home/airflow/.local/lib/python3.7/site-packages/airflow/example_dags/example_short_circuit_decorator.py for tasks to queue
[2023-09-06T04:27:58.055+0000] {logging_mixin.py:137} INFO - [2023-09-06T04:27:58.054+0000] {dagbag.py:538} INFO - Filling up the DagBag from /home/airflow/.local/lib/python3.7/site-packages/airflow/example_dags/example_short_circuit_decorator.py
[2023-09-06T04:27:58.146+0000] {processor.py:753} INFO - DAG(s) dict_keys(['example_short_circuit_decorator']) retrieved from /home/airflow/.local/lib/python3.7/site-packages/airflow/example_dags/example_short_circuit_decorator.py
[2023-09-06T04:27:58.266+0000] {logging_mixin.py:137} INFO - [2023-09-06T04:27:58.266+0000] {dag.py:2690} INFO - Sync 1 DAGs
[2023-09-06T04:27:58.370+0000] {logging_mixin.py:137} INFO - [2023-09-06T04:27:58.370+0000] {dag.py:3441} INFO - Setting next_dagrun for example_short_circuit_decorator to 2023-09-05T04:27:58.369596+00:00, run_after=2023-09-06T04:27:58.369596+00:00
[2023-09-06T04:27:58.516+0000] {processor.py:175} INFO - Processing /home/airflow/.local/lib/python3.7/site-packages/airflow/example_dags/example_short_circuit_decorator.py took 0.476 seconds
[2023-09-06T04:29:12.361+0000] {processor.py:153} INFO - Started process (PID=67) to work on /home/airflow/.local/lib/python3.7/site-packages/airflow/example_dags/example_short_circuit_decorator.py
[2023-09-06T04:29:12.363+0000] {processor.py:743} INFO - Processing file /home/airflow/.local/lib/python3.7/site-packages/airflow/example_dags/example_short_circuit_decorator.py for tasks to queue
[2023-09-06T04:29:12.364+0000] {logging_mixin.py:137} INFO - [2023-09-06T04:29:12.364+0000] {dagbag.py:538} INFO - Filling up the DagBag from /home/airflow/.local/lib/python3.7/site-packages/airflow/example_dags/example_short_circuit_decorator.py
[2023-09-06T04:29:12.561+0000] {processor.py:753} INFO - DAG(s) dict_keys(['example_short_circuit_decorator']) retrieved from /home/airflow/.local/lib/python3.7/site-packages/airflow/example_dags/example_short_circuit_decorator.py
[2023-09-06T04:29:12.805+0000] {logging_mixin.py:137} INFO - [2023-09-06T04:29:12.805+0000] {dag.py:2690} INFO - Sync 1 DAGs
[2023-09-06T04:29:13.020+0000] {logging_mixin.py:137} INFO - [2023-09-06T04:29:13.020+0000] {dag.py:3441} INFO - Setting next_dagrun for example_short_circuit_decorator to 2023-09-05T04:29:13.019784+00:00, run_after=2023-09-06T04:29:13.019784+00:00
[2023-09-06T04:29:13.169+0000] {processor.py:175} INFO - Processing /home/airflow/.local/lib/python3.7/site-packages/airflow/example_dags/example_short_circuit_decorator.py took 0.838 seconds
[2023-09-06T04:29:44.021+0000] {processor.py:153} INFO - Started process (PID=126) to work on /home/airflow/.local/lib/python3.7/site-packages/airflow/example_dags/example_short_circuit_decorator.py
[2023-09-06T04:29:44.023+0000] {processor.py:743} INFO - Processing file /home/airflow/.local/lib/python3.7/site-packages/airflow/example_dags/example_short_circuit_decorator.py for tasks to queue
[2023-09-06T04:29:44.024+0000] {logging_mixin.py:137} INFO - [2023-09-06T04:29:44.024+0000] {dagbag.py:538} INFO - Filling up the DagBag from /home/airflow/.local/lib/python3.7/site-packages/airflow/example_dags/example_short_circuit_decorator.py
[2023-09-06T04:29:44.056+0000] {processor.py:753} INFO - DAG(s) dict_keys(['example_short_circuit_decorator']) retrieved from /home/airflow/.local/lib/python3.7/site-packages/airflow/example_dags/example_short_circuit_decorator.py
[2023-09-06T04:29:44.089+0000] {logging_mixin.py:137} INFO - [2023-09-06T04:29:44.087+0000] {dag.py:2690} INFO - Sync 1 DAGs
[2023-09-06T04:29:44.120+0000] {logging_mixin.py:137} INFO - [2023-09-06T04:29:44.120+0000] {dag.py:3441} INFO - Setting next_dagrun for example_short_circuit_decorator to 2023-09-05T04:29:44.119997+00:00, run_after=2023-09-06T04:29:44.119997+00:00
[2023-09-06T04:29:44.153+0000] {processor.py:175} INFO - Processing /home/airflow/.local/lib/python3.7/site-packages/airflow/example_dags/example_short_circuit_decorator.py took 0.137 seconds
[2023-09-06T04:30:14.609+0000] {processor.py:153} INFO - Started process (PID=185) to work on /home/airflow/.local/lib/python3.7/site-packages/airflow/example_dags/example_short_circuit_decorator.py
[2023-09-06T04:30:14.611+0000] {processor.py:743} INFO - Processing file /home/airflow/.local/lib/python3.7/site-packages/airflow/example_dags/example_short_circuit_decorator.py for tasks to queue
[2023-09-06T04:30:14.618+0000] {logging_mixin.py:137} INFO - [2023-09-06T04:30:14.617+0000] {dagbag.py:538} INFO - Filling up the DagBag from /home/airflow/.local/lib/python3.7/site-packages/airflow/example_dags/example_short_circuit_decorator.py
[2023-09-06T04:30:14.676+0000] {processor.py:753} INFO - DAG(s) dict_keys(['example_short_circuit_decorator']) retrieved from /home/airflow/.local/lib/python3.7/site-packages/airflow/example_dags/example_short_circuit_decorator.py
[2023-09-06T04:30:14.708+0000] {logging_mixin.py:137} INFO - [2023-09-06T04:30:14.707+0000] {dag.py:2690} INFO - Sync 1 DAGs
[2023-09-06T04:30:14.736+0000] {logging_mixin.py:137} INFO - [2023-09-06T04:30:14.736+0000] {dag.py:3441} INFO - Setting next_dagrun for example_short_circuit_decorator to 2023-09-05T04:30:14.735768+00:00, run_after=2023-09-06T04:30:14.735768+00:00
[2023-09-06T04:30:14.758+0000] {processor.py:175} INFO - Processing /home/airflow/.local/lib/python3.7/site-packages/airflow/example_dags/example_short_circuit_decorator.py took 0.153 seconds
[2023-09-06T04:30:45.389+0000] {processor.py:153} INFO - Started process (PID=255) to work on /home/airflow/.local/lib/python3.7/site-packages/airflow/example_dags/example_short_circuit_decorator.py
[2023-09-06T04:30:45.391+0000] {processor.py:743} INFO - Processing file /home/airflow/.local/lib/python3.7/site-packages/airflow/example_dags/example_short_circuit_decorator.py for tasks to queue
[2023-09-06T04:30:45.392+0000] {logging_mixin.py:137} INFO - [2023-09-06T04:30:45.392+0000] {dagbag.py:538} INFO - Filling up the DagBag from /home/airflow/.local/lib/python3.7/site-packages/airflow/example_dags/example_short_circuit_decorator.py
[2023-09-06T04:30:45.431+0000] {processor.py:753} INFO - DAG(s) dict_keys(['example_short_circuit_decorator']) retrieved from /home/airflow/.local/lib/python3.7/site-packages/airflow/example_dags/example_short_circuit_decorator.py
[2023-09-06T04:30:45.472+0000] {logging_mixin.py:137} INFO - [2023-09-06T04:30:45.472+0000] {dag.py:2690} INFO - Sync 1 DAGs
[2023-09-06T04:30:45.505+0000] {logging_mixin.py:137} INFO - [2023-09-06T04:30:45.504+0000] {dag.py:3441} INFO - Setting next_dagrun for example_short_circuit_decorator to 2023-09-05T04:30:45.504580+00:00, run_after=2023-09-06T04:30:45.504580+00:00
[2023-09-06T04:30:45.542+0000] {processor.py:175} INFO - Processing /home/airflow/.local/lib/python3.7/site-packages/airflow/example_dags/example_short_circuit_decorator.py took 0.158 seconds
[2023-09-06T04:31:15.652+0000] {processor.py:153} INFO - Started process (PID=314) to work on /home/airflow/.local/lib/python3.7/site-packages/airflow/example_dags/example_short_circuit_decorator.py
[2023-09-06T04:31:15.654+0000] {processor.py:743} INFO - Processing file /home/airflow/.local/lib/python3.7/site-packages/airflow/example_dags/example_short_circuit_decorator.py for tasks to queue
[2023-09-06T04:31:15.655+0000] {logging_mixin.py:137} INFO - [2023-09-06T04:31:15.655+0000] {dagbag.py:538} INFO - Filling up the DagBag from /home/airflow/.local/lib/python3.7/site-packages/airflow/example_dags/example_short_circuit_decorator.py
[2023-09-06T04:31:15.680+0000] {processor.py:753} INFO - DAG(s) dict_keys(['example_short_circuit_decorator']) retrieved from /home/airflow/.local/lib/python3.7/site-packages/airflow/example_dags/example_short_circuit_decorator.py
[2023-09-06T04:31:15.709+0000] {logging_mixin.py:137} INFO - [2023-09-06T04:31:15.709+0000] {dag.py:2690} INFO - Sync 1 DAGs
[2023-09-06T04:31:15.742+0000] {logging_mixin.py:137} INFO - [2023-09-06T04:31:15.741+0000] {dag.py:3441} INFO - Setting next_dagrun for example_short_circuit_decorator to 2023-09-05T04:31:15.741718+00:00, run_after=2023-09-06T04:31:15.741718+00:00
[2023-09-06T04:31:15.770+0000] {processor.py:175} INFO - Processing /home/airflow/.local/lib/python3.7/site-packages/airflow/example_dags/example_short_circuit_decorator.py took 0.122 seconds
[2023-09-06T04:31:46.295+0000] {processor.py:153} INFO - Started process (PID=381) to work on /home/airflow/.local/lib/python3.7/site-packages/airflow/example_dags/example_short_circuit_decorator.py
[2023-09-06T04:31:46.315+0000] {processor.py:743} INFO - Processing file /home/airflow/.local/lib/python3.7/site-packages/airflow/example_dags/example_short_circuit_decorator.py for tasks to queue
[2023-09-06T04:31:46.316+0000] {logging_mixin.py:137} INFO - [2023-09-06T04:31:46.316+0000] {dagbag.py:538} INFO - Filling up the DagBag from /home/airflow/.local/lib/python3.7/site-packages/airflow/example_dags/example_short_circuit_decorator.py
[2023-09-06T04:31:46.417+0000] {processor.py:753} INFO - DAG(s) dict_keys(['example_short_circuit_decorator']) retrieved from /home/airflow/.local/lib/python3.7/site-packages/airflow/example_dags/example_short_circuit_decorator.py
[2023-09-06T04:31:46.483+0000] {logging_mixin.py:137} INFO - [2023-09-06T04:31:46.483+0000] {dag.py:2690} INFO - Sync 1 DAGs
[2023-09-06T04:31:46.547+0000] {logging_mixin.py:137} INFO - [2023-09-06T04:31:46.547+0000] {dag.py:3441} INFO - Setting next_dagrun for example_short_circuit_decorator to 2023-09-05T04:31:46.547147+00:00, run_after=2023-09-06T04:31:46.547147+00:00
[2023-09-06T04:31:46.586+0000] {processor.py:175} INFO - Processing /home/airflow/.local/lib/python3.7/site-packages/airflow/example_dags/example_short_circuit_decorator.py took 0.294 seconds
[2023-09-06T04:32:16.720+0000] {processor.py:153} INFO - Started process (PID=442) to work on /home/airflow/.local/lib/python3.7/site-packages/airflow/example_dags/example_short_circuit_decorator.py
[2023-09-06T04:32:16.723+0000] {processor.py:743} INFO - Processing file /home/airflow/.local/lib/python3.7/site-packages/airflow/example_dags/example_short_circuit_decorator.py for tasks to queue
[2023-09-06T04:32:16.727+0000] {logging_mixin.py:137} INFO - [2023-09-06T04:32:16.725+0000] {dagbag.py:538} INFO - Filling up the DagBag from /home/airflow/.local/lib/python3.7/site-packages/airflow/example_dags/example_short_circuit_decorator.py
[2023-09-06T04:32:16.776+0000] {processor.py:753} INFO - DAG(s) dict_keys(['example_short_circuit_decorator']) retrieved from /home/airflow/.local/lib/python3.7/site-packages/airflow/example_dags/example_short_circuit_decorator.py
[2023-09-06T04:32:16.813+0000] {logging_mixin.py:137} INFO - [2023-09-06T04:32:16.812+0000] {dag.py:2690} INFO - Sync 1 DAGs
[2023-09-06T04:32:16.842+0000] {logging_mixin.py:137} INFO - [2023-09-06T04:32:16.842+0000] {dag.py:3441} INFO - Setting next_dagrun for example_short_circuit_decorator to 2023-09-05T04:32:16.841933+00:00, run_after=2023-09-06T04:32:16.841933+00:00
[2023-09-06T04:32:16.868+0000] {processor.py:175} INFO - Processing /home/airflow/.local/lib/python3.7/site-packages/airflow/example_dags/example_short_circuit_decorator.py took 0.154 seconds
[2023-09-06T04:32:47.100+0000] {processor.py:153} INFO - Started process (PID=501) to work on /home/airflow/.local/lib/python3.7/site-packages/airflow/example_dags/example_short_circuit_decorator.py
[2023-09-06T04:32:47.105+0000] {processor.py:743} INFO - Processing file /home/airflow/.local/lib/python3.7/site-packages/airflow/example_dags/example_short_circuit_decorator.py for tasks to queue
[2023-09-06T04:32:47.116+0000] {logging_mixin.py:137} INFO - [2023-09-06T04:32:47.115+0000] {dagbag.py:538} INFO - Filling up the DagBag from /home/airflow/.local/lib/python3.7/site-packages/airflow/example_dags/example_short_circuit_decorator.py
[2023-09-06T04:32:47.157+0000] {processor.py:753} INFO - DAG(s) dict_keys(['example_short_circuit_decorator']) retrieved from /home/airflow/.local/lib/python3.7/site-packages/airflow/example_dags/example_short_circuit_decorator.py
[2023-09-06T04:32:47.228+0000] {logging_mixin.py:137} INFO - [2023-09-06T04:32:47.228+0000] {dag.py:2690} INFO - Sync 1 DAGs
[2023-09-06T04:32:47.293+0000] {logging_mixin.py:137} INFO - [2023-09-06T04:32:47.293+0000] {dag.py:3441} INFO - Setting next_dagrun for example_short_circuit_decorator to 2023-09-05T04:32:47.293236+00:00, run_after=2023-09-06T04:32:47.293236+00:00
[2023-09-06T04:32:47.348+0000] {processor.py:175} INFO - Processing /home/airflow/.local/lib/python3.7/site-packages/airflow/example_dags/example_short_circuit_decorator.py took 0.252 seconds
[2023-09-06T04:33:18.278+0000] {processor.py:153} INFO - Started process (PID=572) to work on /home/airflow/.local/lib/python3.7/site-packages/airflow/example_dags/example_short_circuit_decorator.py
[2023-09-06T04:33:18.294+0000] {processor.py:743} INFO - Processing file /home/airflow/.local/lib/python3.7/site-packages/airflow/example_dags/example_short_circuit_decorator.py for tasks to queue
[2023-09-06T04:33:18.296+0000] {logging_mixin.py:137} INFO - [2023-09-06T04:33:18.295+0000] {dagbag.py:538} INFO - Filling up the DagBag from /home/airflow/.local/lib/python3.7/site-packages/airflow/example_dags/example_short_circuit_decorator.py
[2023-09-06T04:33:18.365+0000] {processor.py:753} INFO - DAG(s) dict_keys(['example_short_circuit_decorator']) retrieved from /home/airflow/.local/lib/python3.7/site-packages/airflow/example_dags/example_short_circuit_decorator.py
[2023-09-06T04:33:18.435+0000] {logging_mixin.py:137} INFO - [2023-09-06T04:33:18.435+0000] {dag.py:2690} INFO - Sync 1 DAGs
[2023-09-06T04:33:18.495+0000] {logging_mixin.py:137} INFO - [2023-09-06T04:33:18.495+0000] {dag.py:3441} INFO - Setting next_dagrun for example_short_circuit_decorator to 2023-09-05T04:33:18.494862+00:00, run_after=2023-09-06T04:33:18.494862+00:00
[2023-09-06T04:33:18.534+0000] {processor.py:175} INFO - Processing /home/airflow/.local/lib/python3.7/site-packages/airflow/example_dags/example_short_circuit_decorator.py took 0.262 seconds
[2023-09-06T04:33:48.755+0000] {processor.py:153} INFO - Started process (PID=631) to work on /home/airflow/.local/lib/python3.7/site-packages/airflow/example_dags/example_short_circuit_decorator.py
[2023-09-06T04:33:48.756+0000] {processor.py:743} INFO - Processing file /home/airflow/.local/lib/python3.7/site-packages/airflow/example_dags/example_short_circuit_decorator.py for tasks to queue
[2023-09-06T04:33:48.758+0000] {logging_mixin.py:137} INFO - [2023-09-06T04:33:48.757+0000] {dagbag.py:538} INFO - Filling up the DagBag from /home/airflow/.local/lib/python3.7/site-packages/airflow/example_dags/example_short_circuit_decorator.py
[2023-09-06T04:33:48.789+0000] {processor.py:753} INFO - DAG(s) dict_keys(['example_short_circuit_decorator']) retrieved from /home/airflow/.local/lib/python3.7/site-packages/airflow/example_dags/example_short_circuit_decorator.py
[2023-09-06T04:33:48.824+0000] {logging_mixin.py:137} INFO - [2023-09-06T04:33:48.824+0000] {dag.py:2690} INFO - Sync 1 DAGs
[2023-09-06T04:33:48.853+0000] {logging_mixin.py:137} INFO - [2023-09-06T04:33:48.853+0000] {dag.py:3441} INFO - Setting next_dagrun for example_short_circuit_decorator to 2023-09-05T04:33:48.853077+00:00, run_after=2023-09-06T04:33:48.853077+00:00
[2023-09-06T04:33:48.887+0000] {processor.py:175} INFO - Processing /home/airflow/.local/lib/python3.7/site-packages/airflow/example_dags/example_short_circuit_decorator.py took 0.136 seconds
[2023-09-06T04:34:55.909+0000] {processor.py:153} INFO - Started process (PID=56) to work on /home/airflow/.local/lib/python3.7/site-packages/airflow/example_dags/example_short_circuit_decorator.py
[2023-09-06T04:34:55.914+0000] {processor.py:743} INFO - Processing file /home/airflow/.local/lib/python3.7/site-packages/airflow/example_dags/example_short_circuit_decorator.py for tasks to queue
[2023-09-06T04:34:55.934+0000] {logging_mixin.py:137} INFO - [2023-09-06T04:34:55.934+0000] {dagbag.py:538} INFO - Filling up the DagBag from /home/airflow/.local/lib/python3.7/site-packages/airflow/example_dags/example_short_circuit_decorator.py
[2023-09-06T04:34:56.027+0000] {processor.py:753} INFO - DAG(s) dict_keys(['example_short_circuit_decorator']) retrieved from /home/airflow/.local/lib/python3.7/site-packages/airflow/example_dags/example_short_circuit_decorator.py
[2023-09-06T04:34:56.147+0000] {logging_mixin.py:137} INFO - [2023-09-06T04:34:56.147+0000] {dag.py:2690} INFO - Sync 1 DAGs
[2023-09-06T04:34:56.225+0000] {logging_mixin.py:137} INFO - [2023-09-06T04:34:56.224+0000] {dag.py:3441} INFO - Setting next_dagrun for example_short_circuit_decorator to 2023-09-05T04:34:56.224216+00:00, run_after=2023-09-06T04:34:56.224216+00:00
[2023-09-06T04:34:56.307+0000] {processor.py:175} INFO - Processing /home/airflow/.local/lib/python3.7/site-packages/airflow/example_dags/example_short_circuit_decorator.py took 0.402 seconds
[2023-09-06T04:35:26.637+0000] {processor.py:153} INFO - Started process (PID=115) to work on /home/airflow/.local/lib/python3.7/site-packages/airflow/example_dags/example_short_circuit_decorator.py
[2023-09-06T04:35:26.639+0000] {processor.py:743} INFO - Processing file /home/airflow/.local/lib/python3.7/site-packages/airflow/example_dags/example_short_circuit_decorator.py for tasks to queue
[2023-09-06T04:35:26.641+0000] {logging_mixin.py:137} INFO - [2023-09-06T04:35:26.641+0000] {dagbag.py:538} INFO - Filling up the DagBag from /home/airflow/.local/lib/python3.7/site-packages/airflow/example_dags/example_short_circuit_decorator.py
[2023-09-06T04:35:26.711+0000] {processor.py:753} INFO - DAG(s) dict_keys(['example_short_circuit_decorator']) retrieved from /home/airflow/.local/lib/python3.7/site-packages/airflow/example_dags/example_short_circuit_decorator.py
[2023-09-06T04:35:26.739+0000] {logging_mixin.py:137} INFO - [2023-09-06T04:35:26.739+0000] {dag.py:2690} INFO - Sync 1 DAGs
[2023-09-06T04:35:26.825+0000] {logging_mixin.py:137} INFO - [2023-09-06T04:35:26.825+0000] {dag.py:3441} INFO - Setting next_dagrun for example_short_circuit_decorator to 2023-09-05T04:35:26.825100+00:00, run_after=2023-09-06T04:35:26.825100+00:00
[2023-09-06T04:35:26.861+0000] {processor.py:175} INFO - Processing /home/airflow/.local/lib/python3.7/site-packages/airflow/example_dags/example_short_circuit_decorator.py took 0.229 seconds
[2023-09-06T04:35:57.659+0000] {processor.py:153} INFO - Started process (PID=181) to work on /home/airflow/.local/lib/python3.7/site-packages/airflow/example_dags/example_short_circuit_decorator.py
[2023-09-06T04:35:57.664+0000] {processor.py:743} INFO - Processing file /home/airflow/.local/lib/python3.7/site-packages/airflow/example_dags/example_short_circuit_decorator.py for tasks to queue
[2023-09-06T04:35:57.665+0000] {logging_mixin.py:137} INFO - [2023-09-06T04:35:57.665+0000] {dagbag.py:538} INFO - Filling up the DagBag from /home/airflow/.local/lib/python3.7/site-packages/airflow/example_dags/example_short_circuit_decorator.py
[2023-09-06T04:35:57.712+0000] {processor.py:753} INFO - DAG(s) dict_keys(['example_short_circuit_decorator']) retrieved from /home/airflow/.local/lib/python3.7/site-packages/airflow/example_dags/example_short_circuit_decorator.py
[2023-09-06T04:35:57.741+0000] {logging_mixin.py:137} INFO - [2023-09-06T04:35:57.741+0000] {dag.py:2690} INFO - Sync 1 DAGs
[2023-09-06T04:35:57.772+0000] {logging_mixin.py:137} INFO - [2023-09-06T04:35:57.771+0000] {dag.py:3441} INFO - Setting next_dagrun for example_short_circuit_decorator to 2023-09-05T04:35:57.771751+00:00, run_after=2023-09-06T04:35:57.771751+00:00
[2023-09-06T04:35:57.793+0000] {processor.py:175} INFO - Processing /home/airflow/.local/lib/python3.7/site-packages/airflow/example_dags/example_short_circuit_decorator.py took 0.139 seconds
[2023-09-06T04:36:29.069+0000] {processor.py:153} INFO - Started process (PID=245) to work on /home/airflow/.local/lib/python3.7/site-packages/airflow/example_dags/example_short_circuit_decorator.py
[2023-09-06T04:36:29.071+0000] {processor.py:743} INFO - Processing file /home/airflow/.local/lib/python3.7/site-packages/airflow/example_dags/example_short_circuit_decorator.py for tasks to queue
[2023-09-06T04:36:29.073+0000] {logging_mixin.py:137} INFO - [2023-09-06T04:36:29.072+0000] {dagbag.py:538} INFO - Filling up the DagBag from /home/airflow/.local/lib/python3.7/site-packages/airflow/example_dags/example_short_circuit_decorator.py
[2023-09-06T04:36:29.146+0000] {processor.py:753} INFO - DAG(s) dict_keys(['example_short_circuit_decorator']) retrieved from /home/airflow/.local/lib/python3.7/site-packages/airflow/example_dags/example_short_circuit_decorator.py
[2023-09-06T04:36:29.220+0000] {logging_mixin.py:137} INFO - [2023-09-06T04:36:29.220+0000] {dag.py:2690} INFO - Sync 1 DAGs
[2023-09-06T04:36:29.319+0000] {logging_mixin.py:137} INFO - [2023-09-06T04:36:29.319+0000] {dag.py:3441} INFO - Setting next_dagrun for example_short_circuit_decorator to 2023-09-05T04:36:29.319249+00:00, run_after=2023-09-06T04:36:29.319249+00:00
[2023-09-06T04:36:29.370+0000] {processor.py:175} INFO - Processing /home/airflow/.local/lib/python3.7/site-packages/airflow/example_dags/example_short_circuit_decorator.py took 0.309 seconds
[2023-09-06T04:37:00.024+0000] {processor.py:153} INFO - Started process (PID=304) to work on /home/airflow/.local/lib/python3.7/site-packages/airflow/example_dags/example_short_circuit_decorator.py
[2023-09-06T04:37:00.026+0000] {processor.py:743} INFO - Processing file /home/airflow/.local/lib/python3.7/site-packages/airflow/example_dags/example_short_circuit_decorator.py for tasks to queue
[2023-09-06T04:37:00.045+0000] {logging_mixin.py:137} INFO - [2023-09-06T04:37:00.044+0000] {dagbag.py:538} INFO - Filling up the DagBag from /home/airflow/.local/lib/python3.7/site-packages/airflow/example_dags/example_short_circuit_decorator.py
[2023-09-06T04:37:00.123+0000] {processor.py:753} INFO - DAG(s) dict_keys(['example_short_circuit_decorator']) retrieved from /home/airflow/.local/lib/python3.7/site-packages/airflow/example_dags/example_short_circuit_decorator.py
[2023-09-06T04:37:00.172+0000] {logging_mixin.py:137} INFO - [2023-09-06T04:37:00.172+0000] {dag.py:2690} INFO - Sync 1 DAGs
[2023-09-06T04:37:00.238+0000] {logging_mixin.py:137} INFO - [2023-09-06T04:37:00.237+0000] {dag.py:3441} INFO - Setting next_dagrun for example_short_circuit_decorator to 2023-09-05T04:37:00.237623+00:00, run_after=2023-09-06T04:37:00.237623+00:00
[2023-09-06T04:37:00.279+0000] {processor.py:175} INFO - Processing /home/airflow/.local/lib/python3.7/site-packages/airflow/example_dags/example_short_circuit_decorator.py took 0.267 seconds
[2023-09-06T04:37:30.607+0000] {processor.py:153} INFO - Started process (PID=363) to work on /home/airflow/.local/lib/python3.7/site-packages/airflow/example_dags/example_short_circuit_decorator.py
[2023-09-06T04:37:30.620+0000] {processor.py:743} INFO - Processing file /home/airflow/.local/lib/python3.7/site-packages/airflow/example_dags/example_short_circuit_decorator.py for tasks to queue
[2023-09-06T04:37:30.622+0000] {logging_mixin.py:137} INFO - [2023-09-06T04:37:30.622+0000] {dagbag.py:538} INFO - Filling up the DagBag from /home/airflow/.local/lib/python3.7/site-packages/airflow/example_dags/example_short_circuit_decorator.py
[2023-09-06T04:37:30.715+0000] {processor.py:753} INFO - DAG(s) dict_keys(['example_short_circuit_decorator']) retrieved from /home/airflow/.local/lib/python3.7/site-packages/airflow/example_dags/example_short_circuit_decorator.py
[2023-09-06T04:37:30.817+0000] {logging_mixin.py:137} INFO - [2023-09-06T04:37:30.817+0000] {dag.py:2690} INFO - Sync 1 DAGs
[2023-09-06T04:37:30.869+0000] {logging_mixin.py:137} INFO - [2023-09-06T04:37:30.868+0000] {dag.py:3441} INFO - Setting next_dagrun for example_short_circuit_decorator to 2023-09-05T04:37:30.868347+00:00, run_after=2023-09-06T04:37:30.868347+00:00
[2023-09-06T04:37:30.917+0000] {processor.py:175} INFO - Processing /home/airflow/.local/lib/python3.7/site-packages/airflow/example_dags/example_short_circuit_decorator.py took 0.316 seconds
[2023-09-06T04:38:01.015+0000] {processor.py:153} INFO - Started process (PID=431) to work on /home/airflow/.local/lib/python3.7/site-packages/airflow/example_dags/example_short_circuit_decorator.py
[2023-09-06T04:38:01.016+0000] {processor.py:743} INFO - Processing file /home/airflow/.local/lib/python3.7/site-packages/airflow/example_dags/example_short_circuit_decorator.py for tasks to queue
[2023-09-06T04:38:01.021+0000] {logging_mixin.py:137} INFO - [2023-09-06T04:38:01.020+0000] {dagbag.py:538} INFO - Filling up the DagBag from /home/airflow/.local/lib/python3.7/site-packages/airflow/example_dags/example_short_circuit_decorator.py
[2023-09-06T04:38:01.115+0000] {processor.py:753} INFO - DAG(s) dict_keys(['example_short_circuit_decorator']) retrieved from /home/airflow/.local/lib/python3.7/site-packages/airflow/example_dags/example_short_circuit_decorator.py
[2023-09-06T04:38:01.179+0000] {logging_mixin.py:137} INFO - [2023-09-06T04:38:01.179+0000] {dag.py:2690} INFO - Sync 1 DAGs
[2023-09-06T04:38:01.262+0000] {logging_mixin.py:137} INFO - [2023-09-06T04:38:01.261+0000] {dag.py:3441} INFO - Setting next_dagrun for example_short_circuit_decorator to 2023-09-05T04:38:01.261469+00:00, run_after=2023-09-06T04:38:01.261469+00:00
[2023-09-06T04:38:01.303+0000] {processor.py:175} INFO - Processing /home/airflow/.local/lib/python3.7/site-packages/airflow/example_dags/example_short_circuit_decorator.py took 0.296 seconds
[2023-09-06T04:38:32.489+0000] {processor.py:153} INFO - Started process (PID=491) to work on /home/airflow/.local/lib/python3.7/site-packages/airflow/example_dags/example_short_circuit_decorator.py
[2023-09-06T04:38:32.494+0000] {processor.py:743} INFO - Processing file /home/airflow/.local/lib/python3.7/site-packages/airflow/example_dags/example_short_circuit_decorator.py for tasks to queue
[2023-09-06T04:38:32.496+0000] {logging_mixin.py:137} INFO - [2023-09-06T04:38:32.495+0000] {dagbag.py:538} INFO - Filling up the DagBag from /home/airflow/.local/lib/python3.7/site-packages/airflow/example_dags/example_short_circuit_decorator.py
[2023-09-06T04:38:32.577+0000] {processor.py:753} INFO - DAG(s) dict_keys(['example_short_circuit_decorator']) retrieved from /home/airflow/.local/lib/python3.7/site-packages/airflow/example_dags/example_short_circuit_decorator.py
[2023-09-06T04:38:32.657+0000] {logging_mixin.py:137} INFO - [2023-09-06T04:38:32.657+0000] {dag.py:2690} INFO - Sync 1 DAGs
[2023-09-06T04:38:32.757+0000] {logging_mixin.py:137} INFO - [2023-09-06T04:38:32.756+0000] {dag.py:3441} INFO - Setting next_dagrun for example_short_circuit_decorator to 2023-09-05T04:38:32.756281+00:00, run_after=2023-09-06T04:38:32.756281+00:00
[2023-09-06T04:38:32.810+0000] {processor.py:175} INFO - Processing /home/airflow/.local/lib/python3.7/site-packages/airflow/example_dags/example_short_circuit_decorator.py took 0.326 seconds
[2023-09-06T04:39:03.399+0000] {processor.py:153} INFO - Started process (PID=550) to work on /home/airflow/.local/lib/python3.7/site-packages/airflow/example_dags/example_short_circuit_decorator.py
[2023-09-06T04:39:03.400+0000] {processor.py:743} INFO - Processing file /home/airflow/.local/lib/python3.7/site-packages/airflow/example_dags/example_short_circuit_decorator.py for tasks to queue
[2023-09-06T04:39:03.402+0000] {logging_mixin.py:137} INFO - [2023-09-06T04:39:03.401+0000] {dagbag.py:538} INFO - Filling up the DagBag from /home/airflow/.local/lib/python3.7/site-packages/airflow/example_dags/example_short_circuit_decorator.py
[2023-09-06T04:39:03.475+0000] {processor.py:753} INFO - DAG(s) dict_keys(['example_short_circuit_decorator']) retrieved from /home/airflow/.local/lib/python3.7/site-packages/airflow/example_dags/example_short_circuit_decorator.py
[2023-09-06T04:39:03.506+0000] {logging_mixin.py:137} INFO - [2023-09-06T04:39:03.506+0000] {dag.py:2690} INFO - Sync 1 DAGs
[2023-09-06T04:39:03.581+0000] {logging_mixin.py:137} INFO - [2023-09-06T04:39:03.581+0000] {dag.py:3441} INFO - Setting next_dagrun for example_short_circuit_decorator to 2023-09-05T04:39:03.580772+00:00, run_after=2023-09-06T04:39:03.580772+00:00
[2023-09-06T04:39:03.643+0000] {processor.py:175} INFO - Processing /home/airflow/.local/lib/python3.7/site-packages/airflow/example_dags/example_short_circuit_decorator.py took 0.249 seconds
[2023-09-06T04:39:33.863+0000] {processor.py:153} INFO - Started process (PID=609) to work on /home/airflow/.local/lib/python3.7/site-packages/airflow/example_dags/example_short_circuit_decorator.py
[2023-09-06T04:39:33.864+0000] {processor.py:743} INFO - Processing file /home/airflow/.local/lib/python3.7/site-packages/airflow/example_dags/example_short_circuit_decorator.py for tasks to queue
[2023-09-06T04:39:33.865+0000] {logging_mixin.py:137} INFO - [2023-09-06T04:39:33.865+0000] {dagbag.py:538} INFO - Filling up the DagBag from /home/airflow/.local/lib/python3.7/site-packages/airflow/example_dags/example_short_circuit_decorator.py
[2023-09-06T04:39:33.902+0000] {processor.py:753} INFO - DAG(s) dict_keys(['example_short_circuit_decorator']) retrieved from /home/airflow/.local/lib/python3.7/site-packages/airflow/example_dags/example_short_circuit_decorator.py
[2023-09-06T04:39:33.939+0000] {logging_mixin.py:137} INFO - [2023-09-06T04:39:33.939+0000] {dag.py:2690} INFO - Sync 1 DAGs
[2023-09-06T04:39:33.979+0000] {logging_mixin.py:137} INFO - [2023-09-06T04:39:33.979+0000] {dag.py:3441} INFO - Setting next_dagrun for example_short_circuit_decorator to 2023-09-05T04:39:33.978748+00:00, run_after=2023-09-06T04:39:33.978748+00:00
[2023-09-06T04:39:34.037+0000] {processor.py:175} INFO - Processing /home/airflow/.local/lib/python3.7/site-packages/airflow/example_dags/example_short_circuit_decorator.py took 0.178 seconds
[2023-09-06T04:40:04.720+0000] {processor.py:153} INFO - Started process (PID=679) to work on /home/airflow/.local/lib/python3.7/site-packages/airflow/example_dags/example_short_circuit_decorator.py
[2023-09-06T04:40:04.722+0000] {processor.py:743} INFO - Processing file /home/airflow/.local/lib/python3.7/site-packages/airflow/example_dags/example_short_circuit_decorator.py for tasks to queue
[2023-09-06T04:40:04.725+0000] {logging_mixin.py:137} INFO - [2023-09-06T04:40:04.724+0000] {dagbag.py:538} INFO - Filling up the DagBag from /home/airflow/.local/lib/python3.7/site-packages/airflow/example_dags/example_short_circuit_decorator.py
[2023-09-06T04:40:04.765+0000] {processor.py:753} INFO - DAG(s) dict_keys(['example_short_circuit_decorator']) retrieved from /home/airflow/.local/lib/python3.7/site-packages/airflow/example_dags/example_short_circuit_decorator.py
[2023-09-06T04:40:04.822+0000] {logging_mixin.py:137} INFO - [2023-09-06T04:40:04.821+0000] {dag.py:2690} INFO - Sync 1 DAGs
[2023-09-06T04:40:04.863+0000] {logging_mixin.py:137} INFO - [2023-09-06T04:40:04.863+0000] {dag.py:3441} INFO - Setting next_dagrun for example_short_circuit_decorator to 2023-09-05T04:40:04.863129+00:00, run_after=2023-09-06T04:40:04.863129+00:00
[2023-09-06T04:40:04.889+0000] {processor.py:175} INFO - Processing /home/airflow/.local/lib/python3.7/site-packages/airflow/example_dags/example_short_circuit_decorator.py took 0.174 seconds
[2023-09-06T04:40:35.830+0000] {processor.py:153} INFO - Started process (PID=738) to work on /home/airflow/.local/lib/python3.7/site-packages/airflow/example_dags/example_short_circuit_decorator.py
[2023-09-06T04:40:35.834+0000] {processor.py:743} INFO - Processing file /home/airflow/.local/lib/python3.7/site-packages/airflow/example_dags/example_short_circuit_decorator.py for tasks to queue
[2023-09-06T04:40:35.842+0000] {logging_mixin.py:137} INFO - [2023-09-06T04:40:35.842+0000] {dagbag.py:538} INFO - Filling up the DagBag from /home/airflow/.local/lib/python3.7/site-packages/airflow/example_dags/example_short_circuit_decorator.py
[2023-09-06T04:40:35.896+0000] {processor.py:753} INFO - DAG(s) dict_keys(['example_short_circuit_decorator']) retrieved from /home/airflow/.local/lib/python3.7/site-packages/airflow/example_dags/example_short_circuit_decorator.py
[2023-09-06T04:40:35.924+0000] {logging_mixin.py:137} INFO - [2023-09-06T04:40:35.924+0000] {dag.py:2690} INFO - Sync 1 DAGs
[2023-09-06T04:40:35.959+0000] {logging_mixin.py:137} INFO - [2023-09-06T04:40:35.959+0000] {dag.py:3441} INFO - Setting next_dagrun for example_short_circuit_decorator to 2023-09-05T04:40:35.958117+00:00, run_after=2023-09-06T04:40:35.958117+00:00
[2023-09-06T04:40:35.997+0000] {processor.py:175} INFO - Processing /home/airflow/.local/lib/python3.7/site-packages/airflow/example_dags/example_short_circuit_decorator.py took 0.171 seconds
[2023-09-06T04:41:06.286+0000] {processor.py:153} INFO - Started process (PID=798) to work on /home/airflow/.local/lib/python3.7/site-packages/airflow/example_dags/example_short_circuit_decorator.py
[2023-09-06T04:41:06.287+0000] {processor.py:743} INFO - Processing file /home/airflow/.local/lib/python3.7/site-packages/airflow/example_dags/example_short_circuit_decorator.py for tasks to queue
[2023-09-06T04:41:06.288+0000] {logging_mixin.py:137} INFO - [2023-09-06T04:41:06.288+0000] {dagbag.py:538} INFO - Filling up the DagBag from /home/airflow/.local/lib/python3.7/site-packages/airflow/example_dags/example_short_circuit_decorator.py
[2023-09-06T04:41:06.319+0000] {processor.py:753} INFO - DAG(s) dict_keys(['example_short_circuit_decorator']) retrieved from /home/airflow/.local/lib/python3.7/site-packages/airflow/example_dags/example_short_circuit_decorator.py
[2023-09-06T04:41:06.353+0000] {logging_mixin.py:137} INFO - [2023-09-06T04:41:06.353+0000] {dag.py:2690} INFO - Sync 1 DAGs
[2023-09-06T04:41:06.391+0000] {logging_mixin.py:137} INFO - [2023-09-06T04:41:06.391+0000] {dag.py:3441} INFO - Setting next_dagrun for example_short_circuit_decorator to 2023-09-05T04:41:06.390780+00:00, run_after=2023-09-06T04:41:06.390780+00:00
[2023-09-06T04:41:06.421+0000] {processor.py:175} INFO - Processing /home/airflow/.local/lib/python3.7/site-packages/airflow/example_dags/example_short_circuit_decorator.py took 0.139 seconds
[2023-09-06T04:41:36.935+0000] {processor.py:153} INFO - Started process (PID=867) to work on /home/airflow/.local/lib/python3.7/site-packages/airflow/example_dags/example_short_circuit_decorator.py
[2023-09-06T04:41:36.942+0000] {processor.py:743} INFO - Processing file /home/airflow/.local/lib/python3.7/site-packages/airflow/example_dags/example_short_circuit_decorator.py for tasks to queue
[2023-09-06T04:41:36.944+0000] {logging_mixin.py:137} INFO - [2023-09-06T04:41:36.944+0000] {dagbag.py:538} INFO - Filling up the DagBag from /home/airflow/.local/lib/python3.7/site-packages/airflow/example_dags/example_short_circuit_decorator.py
[2023-09-06T04:41:37.002+0000] {processor.py:753} INFO - DAG(s) dict_keys(['example_short_circuit_decorator']) retrieved from /home/airflow/.local/lib/python3.7/site-packages/airflow/example_dags/example_short_circuit_decorator.py
[2023-09-06T04:41:37.033+0000] {logging_mixin.py:137} INFO - [2023-09-06T04:41:37.033+0000] {dag.py:2690} INFO - Sync 1 DAGs
[2023-09-06T04:41:37.071+0000] {logging_mixin.py:137} INFO - [2023-09-06T04:41:37.071+0000] {dag.py:3441} INFO - Setting next_dagrun for example_short_circuit_decorator to 2023-09-05T04:41:37.071255+00:00, run_after=2023-09-06T04:41:37.071255+00:00
[2023-09-06T04:41:37.092+0000] {processor.py:175} INFO - Processing /home/airflow/.local/lib/python3.7/site-packages/airflow/example_dags/example_short_circuit_decorator.py took 0.161 seconds
[2023-09-06T04:42:07.770+0000] {processor.py:153} INFO - Started process (PID=928) to work on /home/airflow/.local/lib/python3.7/site-packages/airflow/example_dags/example_short_circuit_decorator.py
[2023-09-06T04:42:07.772+0000] {processor.py:743} INFO - Processing file /home/airflow/.local/lib/python3.7/site-packages/airflow/example_dags/example_short_circuit_decorator.py for tasks to queue
[2023-09-06T04:42:07.773+0000] {logging_mixin.py:137} INFO - [2023-09-06T04:42:07.773+0000] {dagbag.py:538} INFO - Filling up the DagBag from /home/airflow/.local/lib/python3.7/site-packages/airflow/example_dags/example_short_circuit_decorator.py
[2023-09-06T04:42:07.809+0000] {processor.py:753} INFO - DAG(s) dict_keys(['example_short_circuit_decorator']) retrieved from /home/airflow/.local/lib/python3.7/site-packages/airflow/example_dags/example_short_circuit_decorator.py
[2023-09-06T04:42:07.841+0000] {logging_mixin.py:137} INFO - [2023-09-06T04:42:07.840+0000] {dag.py:2690} INFO - Sync 1 DAGs
[2023-09-06T04:42:07.873+0000] {logging_mixin.py:137} INFO - [2023-09-06T04:42:07.872+0000] {dag.py:3441} INFO - Setting next_dagrun for example_short_circuit_decorator to 2023-09-05T04:42:07.872693+00:00, run_after=2023-09-06T04:42:07.872693+00:00
[2023-09-06T04:42:07.903+0000] {processor.py:175} INFO - Processing /home/airflow/.local/lib/python3.7/site-packages/airflow/example_dags/example_short_circuit_decorator.py took 0.138 seconds
[2023-09-06T04:42:38.120+0000] {processor.py:153} INFO - Started process (PID=988) to work on /home/airflow/.local/lib/python3.7/site-packages/airflow/example_dags/example_short_circuit_decorator.py
[2023-09-06T04:42:38.121+0000] {processor.py:743} INFO - Processing file /home/airflow/.local/lib/python3.7/site-packages/airflow/example_dags/example_short_circuit_decorator.py for tasks to queue
[2023-09-06T04:42:38.122+0000] {logging_mixin.py:137} INFO - [2023-09-06T04:42:38.122+0000] {dagbag.py:538} INFO - Filling up the DagBag from /home/airflow/.local/lib/python3.7/site-packages/airflow/example_dags/example_short_circuit_decorator.py
[2023-09-06T04:42:38.188+0000] {processor.py:753} INFO - DAG(s) dict_keys(['example_short_circuit_decorator']) retrieved from /home/airflow/.local/lib/python3.7/site-packages/airflow/example_dags/example_short_circuit_decorator.py
[2023-09-06T04:42:38.296+0000] {logging_mixin.py:137} INFO - [2023-09-06T04:42:38.295+0000] {dag.py:2690} INFO - Sync 1 DAGs
[2023-09-06T04:42:38.385+0000] {logging_mixin.py:137} INFO - [2023-09-06T04:42:38.378+0000] {dag.py:3441} INFO - Setting next_dagrun for example_short_circuit_decorator to 2023-09-05T04:42:38.376834+00:00, run_after=2023-09-06T04:42:38.376834+00:00
[2023-09-06T04:42:38.465+0000] {processor.py:175} INFO - Processing /home/airflow/.local/lib/python3.7/site-packages/airflow/example_dags/example_short_circuit_decorator.py took 0.350 seconds
