[2023-09-06T04:26:24.993+0000] {processor.py:153} INFO - Started process (PID=87) to work on /home/airflow/.local/lib/python3.7/site-packages/airflow/example_dags/tutorial_dag.py
[2023-09-06T04:26:24.994+0000] {processor.py:743} INFO - Processing file /home/airflow/.local/lib/python3.7/site-packages/airflow/example_dags/tutorial_dag.py for tasks to queue
[2023-09-06T04:26:25.004+0000] {logging_mixin.py:137} INFO - [2023-09-06T04:26:25.003+0000] {dagbag.py:538} INFO - Filling up the DagBag from /home/airflow/.local/lib/python3.7/site-packages/airflow/example_dags/tutorial_dag.py
[2023-09-06T04:26:25.100+0000] {processor.py:753} INFO - DAG(s) dict_keys(['tutorial_dag']) retrieved from /home/airflow/.local/lib/python3.7/site-packages/airflow/example_dags/tutorial_dag.py
[2023-09-06T04:26:25.179+0000] {logging_mixin.py:137} INFO - [2023-09-06T04:26:25.179+0000] {dag.py:2690} INFO - Sync 1 DAGs
[2023-09-06T04:26:25.454+0000] {logging_mixin.py:137} INFO - [2023-09-06T04:26:25.454+0000] {dag.py:3441} INFO - Setting next_dagrun for tutorial_dag to None, run_after=None
[2023-09-06T04:26:25.639+0000] {processor.py:175} INFO - Processing /home/airflow/.local/lib/python3.7/site-packages/airflow/example_dags/tutorial_dag.py took 0.667 seconds
[2023-09-06T04:26:55.900+0000] {processor.py:153} INFO - Started process (PID=146) to work on /home/airflow/.local/lib/python3.7/site-packages/airflow/example_dags/tutorial_dag.py
[2023-09-06T04:26:55.903+0000] {processor.py:743} INFO - Processing file /home/airflow/.local/lib/python3.7/site-packages/airflow/example_dags/tutorial_dag.py for tasks to queue
[2023-09-06T04:26:55.906+0000] {logging_mixin.py:137} INFO - [2023-09-06T04:26:55.904+0000] {dagbag.py:538} INFO - Filling up the DagBag from /home/airflow/.local/lib/python3.7/site-packages/airflow/example_dags/tutorial_dag.py
[2023-09-06T04:26:55.956+0000] {processor.py:753} INFO - DAG(s) dict_keys(['tutorial_dag']) retrieved from /home/airflow/.local/lib/python3.7/site-packages/airflow/example_dags/tutorial_dag.py
[2023-09-06T04:26:56.043+0000] {logging_mixin.py:137} INFO - [2023-09-06T04:26:56.043+0000] {dag.py:2690} INFO - Sync 1 DAGs
[2023-09-06T04:26:56.077+0000] {logging_mixin.py:137} INFO - [2023-09-06T04:26:56.076+0000] {dag.py:3441} INFO - Setting next_dagrun for tutorial_dag to None, run_after=None
[2023-09-06T04:26:56.109+0000] {processor.py:175} INFO - Processing /home/airflow/.local/lib/python3.7/site-packages/airflow/example_dags/tutorial_dag.py took 0.214 seconds
[2023-09-06T04:27:26.457+0000] {processor.py:153} INFO - Started process (PID=206) to work on /home/airflow/.local/lib/python3.7/site-packages/airflow/example_dags/tutorial_dag.py
[2023-09-06T04:27:26.458+0000] {processor.py:743} INFO - Processing file /home/airflow/.local/lib/python3.7/site-packages/airflow/example_dags/tutorial_dag.py for tasks to queue
[2023-09-06T04:27:26.459+0000] {logging_mixin.py:137} INFO - [2023-09-06T04:27:26.459+0000] {dagbag.py:538} INFO - Filling up the DagBag from /home/airflow/.local/lib/python3.7/site-packages/airflow/example_dags/tutorial_dag.py
[2023-09-06T04:27:26.474+0000] {processor.py:753} INFO - DAG(s) dict_keys(['tutorial_dag']) retrieved from /home/airflow/.local/lib/python3.7/site-packages/airflow/example_dags/tutorial_dag.py
[2023-09-06T04:27:26.502+0000] {logging_mixin.py:137} INFO - [2023-09-06T04:27:26.502+0000] {dag.py:2690} INFO - Sync 1 DAGs
[2023-09-06T04:27:26.532+0000] {logging_mixin.py:137} INFO - [2023-09-06T04:27:26.532+0000] {dag.py:3441} INFO - Setting next_dagrun for tutorial_dag to None, run_after=None
[2023-09-06T04:27:26.555+0000] {processor.py:175} INFO - Processing /home/airflow/.local/lib/python3.7/site-packages/airflow/example_dags/tutorial_dag.py took 0.102 seconds
[2023-09-06T04:27:57.003+0000] {processor.py:153} INFO - Started process (PID=266) to work on /home/airflow/.local/lib/python3.7/site-packages/airflow/example_dags/tutorial_dag.py
[2023-09-06T04:27:57.005+0000] {processor.py:743} INFO - Processing file /home/airflow/.local/lib/python3.7/site-packages/airflow/example_dags/tutorial_dag.py for tasks to queue
[2023-09-06T04:27:57.006+0000] {logging_mixin.py:137} INFO - [2023-09-06T04:27:57.005+0000] {dagbag.py:538} INFO - Filling up the DagBag from /home/airflow/.local/lib/python3.7/site-packages/airflow/example_dags/tutorial_dag.py
[2023-09-06T04:27:57.021+0000] {processor.py:753} INFO - DAG(s) dict_keys(['tutorial_dag']) retrieved from /home/airflow/.local/lib/python3.7/site-packages/airflow/example_dags/tutorial_dag.py
[2023-09-06T04:27:57.049+0000] {logging_mixin.py:137} INFO - [2023-09-06T04:27:57.049+0000] {dag.py:2690} INFO - Sync 1 DAGs
[2023-09-06T04:27:57.080+0000] {logging_mixin.py:137} INFO - [2023-09-06T04:27:57.080+0000] {dag.py:3441} INFO - Setting next_dagrun for tutorial_dag to None, run_after=None
[2023-09-06T04:27:57.109+0000] {processor.py:175} INFO - Processing /home/airflow/.local/lib/python3.7/site-packages/airflow/example_dags/tutorial_dag.py took 0.113 seconds
[2023-09-06T04:29:12.009+0000] {processor.py:153} INFO - Started process (PID=66) to work on /home/airflow/.local/lib/python3.7/site-packages/airflow/example_dags/tutorial_dag.py
[2023-09-06T04:29:12.024+0000] {processor.py:743} INFO - Processing file /home/airflow/.local/lib/python3.7/site-packages/airflow/example_dags/tutorial_dag.py for tasks to queue
[2023-09-06T04:29:12.035+0000] {logging_mixin.py:137} INFO - [2023-09-06T04:29:12.034+0000] {dagbag.py:538} INFO - Filling up the DagBag from /home/airflow/.local/lib/python3.7/site-packages/airflow/example_dags/tutorial_dag.py
[2023-09-06T04:29:12.114+0000] {processor.py:753} INFO - DAG(s) dict_keys(['tutorial_dag']) retrieved from /home/airflow/.local/lib/python3.7/site-packages/airflow/example_dags/tutorial_dag.py
[2023-09-06T04:29:12.255+0000] {logging_mixin.py:137} INFO - [2023-09-06T04:29:12.255+0000] {dag.py:2690} INFO - Sync 1 DAGs
[2023-09-06T04:29:12.396+0000] {logging_mixin.py:137} INFO - [2023-09-06T04:29:12.396+0000] {dag.py:3441} INFO - Setting next_dagrun for tutorial_dag to None, run_after=None
[2023-09-06T04:29:12.567+0000] {processor.py:175} INFO - Processing /home/airflow/.local/lib/python3.7/site-packages/airflow/example_dags/tutorial_dag.py took 0.565 seconds
[2023-09-06T04:29:43.013+0000] {processor.py:153} INFO - Started process (PID=125) to work on /home/airflow/.local/lib/python3.7/site-packages/airflow/example_dags/tutorial_dag.py
[2023-09-06T04:29:43.015+0000] {processor.py:743} INFO - Processing file /home/airflow/.local/lib/python3.7/site-packages/airflow/example_dags/tutorial_dag.py for tasks to queue
[2023-09-06T04:29:43.016+0000] {logging_mixin.py:137} INFO - [2023-09-06T04:29:43.016+0000] {dagbag.py:538} INFO - Filling up the DagBag from /home/airflow/.local/lib/python3.7/site-packages/airflow/example_dags/tutorial_dag.py
[2023-09-06T04:29:43.032+0000] {processor.py:753} INFO - DAG(s) dict_keys(['tutorial_dag']) retrieved from /home/airflow/.local/lib/python3.7/site-packages/airflow/example_dags/tutorial_dag.py
[2023-09-06T04:29:43.062+0000] {logging_mixin.py:137} INFO - [2023-09-06T04:29:43.062+0000] {dag.py:2690} INFO - Sync 1 DAGs
[2023-09-06T04:29:43.092+0000] {logging_mixin.py:137} INFO - [2023-09-06T04:29:43.092+0000] {dag.py:3441} INFO - Setting next_dagrun for tutorial_dag to None, run_after=None
[2023-09-06T04:29:43.117+0000] {processor.py:175} INFO - Processing /home/airflow/.local/lib/python3.7/site-packages/airflow/example_dags/tutorial_dag.py took 0.108 seconds
[2023-09-06T04:30:14.251+0000] {processor.py:153} INFO - Started process (PID=184) to work on /home/airflow/.local/lib/python3.7/site-packages/airflow/example_dags/tutorial_dag.py
[2023-09-06T04:30:14.264+0000] {processor.py:743} INFO - Processing file /home/airflow/.local/lib/python3.7/site-packages/airflow/example_dags/tutorial_dag.py for tasks to queue
[2023-09-06T04:30:14.266+0000] {logging_mixin.py:137} INFO - [2023-09-06T04:30:14.266+0000] {dagbag.py:538} INFO - Filling up the DagBag from /home/airflow/.local/lib/python3.7/site-packages/airflow/example_dags/tutorial_dag.py
[2023-09-06T04:30:14.292+0000] {processor.py:753} INFO - DAG(s) dict_keys(['tutorial_dag']) retrieved from /home/airflow/.local/lib/python3.7/site-packages/airflow/example_dags/tutorial_dag.py
[2023-09-06T04:30:14.365+0000] {logging_mixin.py:137} INFO - [2023-09-06T04:30:14.365+0000] {dag.py:2690} INFO - Sync 1 DAGs
[2023-09-06T04:30:14.429+0000] {logging_mixin.py:137} INFO - [2023-09-06T04:30:14.429+0000] {dag.py:3441} INFO - Setting next_dagrun for tutorial_dag to None, run_after=None
[2023-09-06T04:30:14.489+0000] {processor.py:175} INFO - Processing /home/airflow/.local/lib/python3.7/site-packages/airflow/example_dags/tutorial_dag.py took 0.242 seconds
[2023-09-06T04:30:45.388+0000] {processor.py:153} INFO - Started process (PID=254) to work on /home/airflow/.local/lib/python3.7/site-packages/airflow/example_dags/tutorial_dag.py
[2023-09-06T04:30:45.389+0000] {processor.py:743} INFO - Processing file /home/airflow/.local/lib/python3.7/site-packages/airflow/example_dags/tutorial_dag.py for tasks to queue
[2023-09-06T04:30:45.391+0000] {logging_mixin.py:137} INFO - [2023-09-06T04:30:45.391+0000] {dagbag.py:538} INFO - Filling up the DagBag from /home/airflow/.local/lib/python3.7/site-packages/airflow/example_dags/tutorial_dag.py
[2023-09-06T04:30:45.411+0000] {processor.py:753} INFO - DAG(s) dict_keys(['tutorial_dag']) retrieved from /home/airflow/.local/lib/python3.7/site-packages/airflow/example_dags/tutorial_dag.py
[2023-09-06T04:30:45.451+0000] {logging_mixin.py:137} INFO - [2023-09-06T04:30:45.451+0000] {dag.py:2690} INFO - Sync 1 DAGs
[2023-09-06T04:30:45.488+0000] {logging_mixin.py:137} INFO - [2023-09-06T04:30:45.488+0000] {dag.py:3441} INFO - Setting next_dagrun for tutorial_dag to None, run_after=None
[2023-09-06T04:30:45.517+0000] {processor.py:175} INFO - Processing /home/airflow/.local/lib/python3.7/site-packages/airflow/example_dags/tutorial_dag.py took 0.134 seconds
[2023-09-06T04:31:15.652+0000] {processor.py:153} INFO - Started process (PID=313) to work on /home/airflow/.local/lib/python3.7/site-packages/airflow/example_dags/tutorial_dag.py
[2023-09-06T04:31:15.654+0000] {processor.py:743} INFO - Processing file /home/airflow/.local/lib/python3.7/site-packages/airflow/example_dags/tutorial_dag.py for tasks to queue
[2023-09-06T04:31:15.655+0000] {logging_mixin.py:137} INFO - [2023-09-06T04:31:15.655+0000] {dagbag.py:538} INFO - Filling up the DagBag from /home/airflow/.local/lib/python3.7/site-packages/airflow/example_dags/tutorial_dag.py
[2023-09-06T04:31:15.670+0000] {processor.py:753} INFO - DAG(s) dict_keys(['tutorial_dag']) retrieved from /home/airflow/.local/lib/python3.7/site-packages/airflow/example_dags/tutorial_dag.py
[2023-09-06T04:31:15.697+0000] {logging_mixin.py:137} INFO - [2023-09-06T04:31:15.697+0000] {dag.py:2690} INFO - Sync 1 DAGs
[2023-09-06T04:31:15.728+0000] {logging_mixin.py:137} INFO - [2023-09-06T04:31:15.728+0000] {dag.py:3441} INFO - Setting next_dagrun for tutorial_dag to None, run_after=None
[2023-09-06T04:31:15.760+0000] {processor.py:175} INFO - Processing /home/airflow/.local/lib/python3.7/site-packages/airflow/example_dags/tutorial_dag.py took 0.112 seconds
[2023-09-06T04:31:46.279+0000] {processor.py:153} INFO - Started process (PID=380) to work on /home/airflow/.local/lib/python3.7/site-packages/airflow/example_dags/tutorial_dag.py
[2023-09-06T04:31:46.289+0000] {processor.py:743} INFO - Processing file /home/airflow/.local/lib/python3.7/site-packages/airflow/example_dags/tutorial_dag.py for tasks to queue
[2023-09-06T04:31:46.297+0000] {logging_mixin.py:137} INFO - [2023-09-06T04:31:46.297+0000] {dagbag.py:538} INFO - Filling up the DagBag from /home/airflow/.local/lib/python3.7/site-packages/airflow/example_dags/tutorial_dag.py
[2023-09-06T04:31:46.353+0000] {processor.py:753} INFO - DAG(s) dict_keys(['tutorial_dag']) retrieved from /home/airflow/.local/lib/python3.7/site-packages/airflow/example_dags/tutorial_dag.py
[2023-09-06T04:31:46.436+0000] {logging_mixin.py:137} INFO - [2023-09-06T04:31:46.436+0000] {dag.py:2690} INFO - Sync 1 DAGs
[2023-09-06T04:31:46.509+0000] {logging_mixin.py:137} INFO - [2023-09-06T04:31:46.509+0000] {dag.py:3441} INFO - Setting next_dagrun for tutorial_dag to None, run_after=None
[2023-09-06T04:31:46.528+0000] {processor.py:175} INFO - Processing /home/airflow/.local/lib/python3.7/site-packages/airflow/example_dags/tutorial_dag.py took 0.252 seconds
[2023-09-06T04:32:16.713+0000] {processor.py:153} INFO - Started process (PID=441) to work on /home/airflow/.local/lib/python3.7/site-packages/airflow/example_dags/tutorial_dag.py
[2023-09-06T04:32:16.714+0000] {processor.py:743} INFO - Processing file /home/airflow/.local/lib/python3.7/site-packages/airflow/example_dags/tutorial_dag.py for tasks to queue
[2023-09-06T04:32:16.716+0000] {logging_mixin.py:137} INFO - [2023-09-06T04:32:16.715+0000] {dagbag.py:538} INFO - Filling up the DagBag from /home/airflow/.local/lib/python3.7/site-packages/airflow/example_dags/tutorial_dag.py
[2023-09-06T04:32:16.739+0000] {processor.py:753} INFO - DAG(s) dict_keys(['tutorial_dag']) retrieved from /home/airflow/.local/lib/python3.7/site-packages/airflow/example_dags/tutorial_dag.py
[2023-09-06T04:32:16.793+0000] {logging_mixin.py:137} INFO - [2023-09-06T04:32:16.792+0000] {dag.py:2690} INFO - Sync 1 DAGs
[2023-09-06T04:32:16.825+0000] {logging_mixin.py:137} INFO - [2023-09-06T04:32:16.824+0000] {dag.py:3441} INFO - Setting next_dagrun for tutorial_dag to None, run_after=None
[2023-09-06T04:32:16.851+0000] {processor.py:175} INFO - Processing /home/airflow/.local/lib/python3.7/site-packages/airflow/example_dags/tutorial_dag.py took 0.145 seconds
[2023-09-06T04:32:47.094+0000] {processor.py:153} INFO - Started process (PID=500) to work on /home/airflow/.local/lib/python3.7/site-packages/airflow/example_dags/tutorial_dag.py
[2023-09-06T04:32:47.101+0000] {processor.py:743} INFO - Processing file /home/airflow/.local/lib/python3.7/site-packages/airflow/example_dags/tutorial_dag.py for tasks to queue
[2023-09-06T04:32:47.102+0000] {logging_mixin.py:137} INFO - [2023-09-06T04:32:47.102+0000] {dagbag.py:538} INFO - Filling up the DagBag from /home/airflow/.local/lib/python3.7/site-packages/airflow/example_dags/tutorial_dag.py
[2023-09-06T04:32:47.127+0000] {processor.py:753} INFO - DAG(s) dict_keys(['tutorial_dag']) retrieved from /home/airflow/.local/lib/python3.7/site-packages/airflow/example_dags/tutorial_dag.py
[2023-09-06T04:32:47.182+0000] {logging_mixin.py:137} INFO - [2023-09-06T04:32:47.181+0000] {dag.py:2690} INFO - Sync 1 DAGs
[2023-09-06T04:32:47.281+0000] {logging_mixin.py:137} INFO - [2023-09-06T04:32:47.281+0000] {dag.py:3441} INFO - Setting next_dagrun for tutorial_dag to None, run_after=None
[2023-09-06T04:32:47.324+0000] {processor.py:175} INFO - Processing /home/airflow/.local/lib/python3.7/site-packages/airflow/example_dags/tutorial_dag.py took 0.234 seconds
[2023-09-06T04:33:18.266+0000] {processor.py:153} INFO - Started process (PID=571) to work on /home/airflow/.local/lib/python3.7/site-packages/airflow/example_dags/tutorial_dag.py
[2023-09-06T04:33:18.268+0000] {processor.py:743} INFO - Processing file /home/airflow/.local/lib/python3.7/site-packages/airflow/example_dags/tutorial_dag.py for tasks to queue
[2023-09-06T04:33:18.280+0000] {logging_mixin.py:137} INFO - [2023-09-06T04:33:18.280+0000] {dagbag.py:538} INFO - Filling up the DagBag from /home/airflow/.local/lib/python3.7/site-packages/airflow/example_dags/tutorial_dag.py
[2023-09-06T04:33:18.310+0000] {processor.py:753} INFO - DAG(s) dict_keys(['tutorial_dag']) retrieved from /home/airflow/.local/lib/python3.7/site-packages/airflow/example_dags/tutorial_dag.py
[2023-09-06T04:33:18.352+0000] {logging_mixin.py:137} INFO - [2023-09-06T04:33:18.352+0000] {dag.py:2690} INFO - Sync 1 DAGs
[2023-09-06T04:33:18.383+0000] {logging_mixin.py:137} INFO - [2023-09-06T04:33:18.383+0000] {dag.py:3441} INFO - Setting next_dagrun for tutorial_dag to None, run_after=None
[2023-09-06T04:33:18.432+0000] {processor.py:175} INFO - Processing /home/airflow/.local/lib/python3.7/site-packages/airflow/example_dags/tutorial_dag.py took 0.171 seconds
[2023-09-06T04:33:48.588+0000] {processor.py:153} INFO - Started process (PID=630) to work on /home/airflow/.local/lib/python3.7/site-packages/airflow/example_dags/tutorial_dag.py
[2023-09-06T04:33:48.590+0000] {processor.py:743} INFO - Processing file /home/airflow/.local/lib/python3.7/site-packages/airflow/example_dags/tutorial_dag.py for tasks to queue
[2023-09-06T04:33:48.591+0000] {logging_mixin.py:137} INFO - [2023-09-06T04:33:48.591+0000] {dagbag.py:538} INFO - Filling up the DagBag from /home/airflow/.local/lib/python3.7/site-packages/airflow/example_dags/tutorial_dag.py
[2023-09-06T04:33:48.604+0000] {processor.py:753} INFO - DAG(s) dict_keys(['tutorial_dag']) retrieved from /home/airflow/.local/lib/python3.7/site-packages/airflow/example_dags/tutorial_dag.py
[2023-09-06T04:33:48.664+0000] {logging_mixin.py:137} INFO - [2023-09-06T04:33:48.664+0000] {dag.py:2690} INFO - Sync 1 DAGs
[2023-09-06T04:33:48.688+0000] {logging_mixin.py:137} INFO - [2023-09-06T04:33:48.688+0000] {dag.py:3441} INFO - Setting next_dagrun for tutorial_dag to None, run_after=None
[2023-09-06T04:33:48.711+0000] {processor.py:175} INFO - Processing /home/airflow/.local/lib/python3.7/site-packages/airflow/example_dags/tutorial_dag.py took 0.127 seconds
[2023-09-06T04:34:55.818+0000] {processor.py:153} INFO - Started process (PID=55) to work on /home/airflow/.local/lib/python3.7/site-packages/airflow/example_dags/tutorial_dag.py
[2023-09-06T04:34:55.834+0000] {processor.py:743} INFO - Processing file /home/airflow/.local/lib/python3.7/site-packages/airflow/example_dags/tutorial_dag.py for tasks to queue
[2023-09-06T04:34:55.836+0000] {logging_mixin.py:137} INFO - [2023-09-06T04:34:55.835+0000] {dagbag.py:538} INFO - Filling up the DagBag from /home/airflow/.local/lib/python3.7/site-packages/airflow/example_dags/tutorial_dag.py
[2023-09-06T04:34:55.886+0000] {processor.py:753} INFO - DAG(s) dict_keys(['tutorial_dag']) retrieved from /home/airflow/.local/lib/python3.7/site-packages/airflow/example_dags/tutorial_dag.py
[2023-09-06T04:34:55.985+0000] {logging_mixin.py:137} INFO - [2023-09-06T04:34:55.984+0000] {dag.py:2690} INFO - Sync 1 DAGs
[2023-09-06T04:34:56.125+0000] {logging_mixin.py:137} INFO - [2023-09-06T04:34:56.125+0000] {dag.py:3441} INFO - Setting next_dagrun for tutorial_dag to None, run_after=None
[2023-09-06T04:34:56.197+0000] {processor.py:175} INFO - Processing /home/airflow/.local/lib/python3.7/site-packages/airflow/example_dags/tutorial_dag.py took 0.384 seconds
[2023-09-06T04:35:26.426+0000] {processor.py:153} INFO - Started process (PID=114) to work on /home/airflow/.local/lib/python3.7/site-packages/airflow/example_dags/tutorial_dag.py
[2023-09-06T04:35:26.444+0000] {processor.py:743} INFO - Processing file /home/airflow/.local/lib/python3.7/site-packages/airflow/example_dags/tutorial_dag.py for tasks to queue
[2023-09-06T04:35:26.446+0000] {logging_mixin.py:137} INFO - [2023-09-06T04:35:26.446+0000] {dagbag.py:538} INFO - Filling up the DagBag from /home/airflow/.local/lib/python3.7/site-packages/airflow/example_dags/tutorial_dag.py
[2023-09-06T04:35:26.507+0000] {processor.py:753} INFO - DAG(s) dict_keys(['tutorial_dag']) retrieved from /home/airflow/.local/lib/python3.7/site-packages/airflow/example_dags/tutorial_dag.py
[2023-09-06T04:35:26.541+0000] {logging_mixin.py:137} INFO - [2023-09-06T04:35:26.540+0000] {dag.py:2690} INFO - Sync 1 DAGs
[2023-09-06T04:35:26.602+0000] {logging_mixin.py:137} INFO - [2023-09-06T04:35:26.602+0000] {dag.py:3441} INFO - Setting next_dagrun for tutorial_dag to None, run_after=None
[2023-09-06T04:35:26.675+0000] {processor.py:175} INFO - Processing /home/airflow/.local/lib/python3.7/site-packages/airflow/example_dags/tutorial_dag.py took 0.254 seconds
[2023-09-06T04:35:57.553+0000] {processor.py:153} INFO - Started process (PID=174) to work on /home/airflow/.local/lib/python3.7/site-packages/airflow/example_dags/tutorial_dag.py
[2023-09-06T04:35:57.554+0000] {processor.py:743} INFO - Processing file /home/airflow/.local/lib/python3.7/site-packages/airflow/example_dags/tutorial_dag.py for tasks to queue
[2023-09-06T04:35:57.555+0000] {logging_mixin.py:137} INFO - [2023-09-06T04:35:57.555+0000] {dagbag.py:538} INFO - Filling up the DagBag from /home/airflow/.local/lib/python3.7/site-packages/airflow/example_dags/tutorial_dag.py
[2023-09-06T04:35:57.571+0000] {processor.py:753} INFO - DAG(s) dict_keys(['tutorial_dag']) retrieved from /home/airflow/.local/lib/python3.7/site-packages/airflow/example_dags/tutorial_dag.py
[2023-09-06T04:35:57.613+0000] {logging_mixin.py:137} INFO - [2023-09-06T04:35:57.613+0000] {dag.py:2690} INFO - Sync 1 DAGs
[2023-09-06T04:35:57.638+0000] {logging_mixin.py:137} INFO - [2023-09-06T04:35:57.638+0000] {dag.py:3441} INFO - Setting next_dagrun for tutorial_dag to None, run_after=None
[2023-09-06T04:35:57.689+0000] {processor.py:175} INFO - Processing /home/airflow/.local/lib/python3.7/site-packages/airflow/example_dags/tutorial_dag.py took 0.139 seconds
[2023-09-06T04:36:28.843+0000] {processor.py:153} INFO - Started process (PID=244) to work on /home/airflow/.local/lib/python3.7/site-packages/airflow/example_dags/tutorial_dag.py
[2023-09-06T04:36:28.854+0000] {processor.py:743} INFO - Processing file /home/airflow/.local/lib/python3.7/site-packages/airflow/example_dags/tutorial_dag.py for tasks to queue
[2023-09-06T04:36:28.856+0000] {logging_mixin.py:137} INFO - [2023-09-06T04:36:28.856+0000] {dagbag.py:538} INFO - Filling up the DagBag from /home/airflow/.local/lib/python3.7/site-packages/airflow/example_dags/tutorial_dag.py
[2023-09-06T04:36:28.891+0000] {processor.py:753} INFO - DAG(s) dict_keys(['tutorial_dag']) retrieved from /home/airflow/.local/lib/python3.7/site-packages/airflow/example_dags/tutorial_dag.py
[2023-09-06T04:36:28.931+0000] {logging_mixin.py:137} INFO - [2023-09-06T04:36:28.931+0000] {dag.py:2690} INFO - Sync 1 DAGs
[2023-09-06T04:36:29.012+0000] {logging_mixin.py:137} INFO - [2023-09-06T04:36:29.012+0000] {dag.py:3441} INFO - Setting next_dagrun for tutorial_dag to None, run_after=None
[2023-09-06T04:36:29.096+0000] {processor.py:175} INFO - Processing /home/airflow/.local/lib/python3.7/site-packages/airflow/example_dags/tutorial_dag.py took 0.265 seconds
[2023-09-06T04:36:59.923+0000] {processor.py:153} INFO - Started process (PID=303) to work on /home/airflow/.local/lib/python3.7/site-packages/airflow/example_dags/tutorial_dag.py
[2023-09-06T04:36:59.927+0000] {processor.py:743} INFO - Processing file /home/airflow/.local/lib/python3.7/site-packages/airflow/example_dags/tutorial_dag.py for tasks to queue
[2023-09-06T04:36:59.932+0000] {logging_mixin.py:137} INFO - [2023-09-06T04:36:59.932+0000] {dagbag.py:538} INFO - Filling up the DagBag from /home/airflow/.local/lib/python3.7/site-packages/airflow/example_dags/tutorial_dag.py
[2023-09-06T04:36:59.985+0000] {processor.py:753} INFO - DAG(s) dict_keys(['tutorial_dag']) retrieved from /home/airflow/.local/lib/python3.7/site-packages/airflow/example_dags/tutorial_dag.py
[2023-09-06T04:37:00.025+0000] {logging_mixin.py:137} INFO - [2023-09-06T04:37:00.025+0000] {dag.py:2690} INFO - Sync 1 DAGs
[2023-09-06T04:37:00.061+0000] {logging_mixin.py:137} INFO - [2023-09-06T04:37:00.061+0000] {dag.py:3441} INFO - Setting next_dagrun for tutorial_dag to None, run_after=None
[2023-09-06T04:37:00.122+0000] {processor.py:175} INFO - Processing /home/airflow/.local/lib/python3.7/site-packages/airflow/example_dags/tutorial_dag.py took 0.206 seconds
[2023-09-06T04:37:30.598+0000] {processor.py:153} INFO - Started process (PID=362) to work on /home/airflow/.local/lib/python3.7/site-packages/airflow/example_dags/tutorial_dag.py
[2023-09-06T04:37:30.603+0000] {processor.py:743} INFO - Processing file /home/airflow/.local/lib/python3.7/site-packages/airflow/example_dags/tutorial_dag.py for tasks to queue
[2023-09-06T04:37:30.605+0000] {logging_mixin.py:137} INFO - [2023-09-06T04:37:30.604+0000] {dagbag.py:538} INFO - Filling up the DagBag from /home/airflow/.local/lib/python3.7/site-packages/airflow/example_dags/tutorial_dag.py
[2023-09-06T04:37:30.641+0000] {processor.py:753} INFO - DAG(s) dict_keys(['tutorial_dag']) retrieved from /home/airflow/.local/lib/python3.7/site-packages/airflow/example_dags/tutorial_dag.py
[2023-09-06T04:37:30.722+0000] {logging_mixin.py:137} INFO - [2023-09-06T04:37:30.722+0000] {dag.py:2690} INFO - Sync 1 DAGs
[2023-09-06T04:37:30.796+0000] {logging_mixin.py:137} INFO - [2023-09-06T04:37:30.796+0000] {dag.py:3441} INFO - Setting next_dagrun for tutorial_dag to None, run_after=None
[2023-09-06T04:37:30.855+0000] {processor.py:175} INFO - Processing /home/airflow/.local/lib/python3.7/site-packages/airflow/example_dags/tutorial_dag.py took 0.261 seconds
[2023-09-06T04:38:01.012+0000] {processor.py:153} INFO - Started process (PID=430) to work on /home/airflow/.local/lib/python3.7/site-packages/airflow/example_dags/tutorial_dag.py
[2023-09-06T04:38:01.015+0000] {processor.py:743} INFO - Processing file /home/airflow/.local/lib/python3.7/site-packages/airflow/example_dags/tutorial_dag.py for tasks to queue
[2023-09-06T04:38:01.018+0000] {logging_mixin.py:137} INFO - [2023-09-06T04:38:01.018+0000] {dagbag.py:538} INFO - Filling up the DagBag from /home/airflow/.local/lib/python3.7/site-packages/airflow/example_dags/tutorial_dag.py
[2023-09-06T04:38:01.060+0000] {processor.py:753} INFO - DAG(s) dict_keys(['tutorial_dag']) retrieved from /home/airflow/.local/lib/python3.7/site-packages/airflow/example_dags/tutorial_dag.py
[2023-09-06T04:38:01.144+0000] {logging_mixin.py:137} INFO - [2023-09-06T04:38:01.144+0000] {dag.py:2690} INFO - Sync 1 DAGs
[2023-09-06T04:38:01.232+0000] {logging_mixin.py:137} INFO - [2023-09-06T04:38:01.232+0000] {dag.py:3441} INFO - Setting next_dagrun for tutorial_dag to None, run_after=None
[2023-09-06T04:38:01.300+0000] {processor.py:175} INFO - Processing /home/airflow/.local/lib/python3.7/site-packages/airflow/example_dags/tutorial_dag.py took 0.296 seconds
[2023-09-06T04:38:32.245+0000] {processor.py:153} INFO - Started process (PID=490) to work on /home/airflow/.local/lib/python3.7/site-packages/airflow/example_dags/tutorial_dag.py
[2023-09-06T04:38:32.249+0000] {processor.py:743} INFO - Processing file /home/airflow/.local/lib/python3.7/site-packages/airflow/example_dags/tutorial_dag.py for tasks to queue
[2023-09-06T04:38:32.251+0000] {logging_mixin.py:137} INFO - [2023-09-06T04:38:32.250+0000] {dagbag.py:538} INFO - Filling up the DagBag from /home/airflow/.local/lib/python3.7/site-packages/airflow/example_dags/tutorial_dag.py
[2023-09-06T04:38:32.314+0000] {processor.py:753} INFO - DAG(s) dict_keys(['tutorial_dag']) retrieved from /home/airflow/.local/lib/python3.7/site-packages/airflow/example_dags/tutorial_dag.py
[2023-09-06T04:38:32.437+0000] {logging_mixin.py:137} INFO - [2023-09-06T04:38:32.437+0000] {dag.py:2690} INFO - Sync 1 DAGs
[2023-09-06T04:38:32.511+0000] {logging_mixin.py:137} INFO - [2023-09-06T04:38:32.511+0000] {dag.py:3441} INFO - Setting next_dagrun for tutorial_dag to None, run_after=None
[2023-09-06T04:38:32.559+0000] {processor.py:175} INFO - Processing /home/airflow/.local/lib/python3.7/site-packages/airflow/example_dags/tutorial_dag.py took 0.348 seconds
[2023-09-06T04:39:03.212+0000] {processor.py:153} INFO - Started process (PID=549) to work on /home/airflow/.local/lib/python3.7/site-packages/airflow/example_dags/tutorial_dag.py
[2023-09-06T04:39:03.214+0000] {processor.py:743} INFO - Processing file /home/airflow/.local/lib/python3.7/site-packages/airflow/example_dags/tutorial_dag.py for tasks to queue
[2023-09-06T04:39:03.215+0000] {logging_mixin.py:137} INFO - [2023-09-06T04:39:03.215+0000] {dagbag.py:538} INFO - Filling up the DagBag from /home/airflow/.local/lib/python3.7/site-packages/airflow/example_dags/tutorial_dag.py
[2023-09-06T04:39:03.237+0000] {processor.py:753} INFO - DAG(s) dict_keys(['tutorial_dag']) retrieved from /home/airflow/.local/lib/python3.7/site-packages/airflow/example_dags/tutorial_dag.py
[2023-09-06T04:39:03.279+0000] {logging_mixin.py:137} INFO - [2023-09-06T04:39:03.279+0000] {dag.py:2690} INFO - Sync 1 DAGs
[2023-09-06T04:39:03.318+0000] {logging_mixin.py:137} INFO - [2023-09-06T04:39:03.318+0000] {dag.py:3441} INFO - Setting next_dagrun for tutorial_dag to None, run_after=None
[2023-09-06T04:39:03.342+0000] {processor.py:175} INFO - Processing /home/airflow/.local/lib/python3.7/site-packages/airflow/example_dags/tutorial_dag.py took 0.135 seconds
[2023-09-06T04:39:33.684+0000] {processor.py:153} INFO - Started process (PID=608) to work on /home/airflow/.local/lib/python3.7/site-packages/airflow/example_dags/tutorial_dag.py
[2023-09-06T04:39:33.686+0000] {processor.py:743} INFO - Processing file /home/airflow/.local/lib/python3.7/site-packages/airflow/example_dags/tutorial_dag.py for tasks to queue
[2023-09-06T04:39:33.695+0000] {logging_mixin.py:137} INFO - [2023-09-06T04:39:33.695+0000] {dagbag.py:538} INFO - Filling up the DagBag from /home/airflow/.local/lib/python3.7/site-packages/airflow/example_dags/tutorial_dag.py
[2023-09-06T04:39:33.754+0000] {processor.py:753} INFO - DAG(s) dict_keys(['tutorial_dag']) retrieved from /home/airflow/.local/lib/python3.7/site-packages/airflow/example_dags/tutorial_dag.py
[2023-09-06T04:39:33.803+0000] {logging_mixin.py:137} INFO - [2023-09-06T04:39:33.802+0000] {dag.py:2690} INFO - Sync 1 DAGs
[2023-09-06T04:39:33.850+0000] {logging_mixin.py:137} INFO - [2023-09-06T04:39:33.850+0000] {dag.py:3441} INFO - Setting next_dagrun for tutorial_dag to None, run_after=None
[2023-09-06T04:39:33.880+0000] {processor.py:175} INFO - Processing /home/airflow/.local/lib/python3.7/site-packages/airflow/example_dags/tutorial_dag.py took 0.201 seconds
[2023-09-06T04:40:04.687+0000] {processor.py:153} INFO - Started process (PID=678) to work on /home/airflow/.local/lib/python3.7/site-packages/airflow/example_dags/tutorial_dag.py
[2023-09-06T04:40:04.694+0000] {processor.py:743} INFO - Processing file /home/airflow/.local/lib/python3.7/site-packages/airflow/example_dags/tutorial_dag.py for tasks to queue
[2023-09-06T04:40:04.696+0000] {logging_mixin.py:137} INFO - [2023-09-06T04:40:04.696+0000] {dagbag.py:538} INFO - Filling up the DagBag from /home/airflow/.local/lib/python3.7/site-packages/airflow/example_dags/tutorial_dag.py
[2023-09-06T04:40:04.723+0000] {processor.py:753} INFO - DAG(s) dict_keys(['tutorial_dag']) retrieved from /home/airflow/.local/lib/python3.7/site-packages/airflow/example_dags/tutorial_dag.py
[2023-09-06T04:40:04.795+0000] {logging_mixin.py:137} INFO - [2023-09-06T04:40:04.793+0000] {dag.py:2690} INFO - Sync 1 DAGs
[2023-09-06T04:40:04.880+0000] {logging_mixin.py:137} INFO - [2023-09-06T04:40:04.880+0000] {dag.py:3441} INFO - Setting next_dagrun for tutorial_dag to None, run_after=None
[2023-09-06T04:40:04.913+0000] {processor.py:175} INFO - Processing /home/airflow/.local/lib/python3.7/site-packages/airflow/example_dags/tutorial_dag.py took 0.230 seconds
[2023-09-06T04:40:35.796+0000] {processor.py:153} INFO - Started process (PID=737) to work on /home/airflow/.local/lib/python3.7/site-packages/airflow/example_dags/tutorial_dag.py
[2023-09-06T04:40:35.798+0000] {processor.py:743} INFO - Processing file /home/airflow/.local/lib/python3.7/site-packages/airflow/example_dags/tutorial_dag.py for tasks to queue
[2023-09-06T04:40:35.799+0000] {logging_mixin.py:137} INFO - [2023-09-06T04:40:35.799+0000] {dagbag.py:538} INFO - Filling up the DagBag from /home/airflow/.local/lib/python3.7/site-packages/airflow/example_dags/tutorial_dag.py
[2023-09-06T04:40:35.821+0000] {processor.py:753} INFO - DAG(s) dict_keys(['tutorial_dag']) retrieved from /home/airflow/.local/lib/python3.7/site-packages/airflow/example_dags/tutorial_dag.py
[2023-09-06T04:40:35.849+0000] {logging_mixin.py:137} INFO - [2023-09-06T04:40:35.848+0000] {dag.py:2690} INFO - Sync 1 DAGs
[2023-09-06T04:40:35.880+0000] {logging_mixin.py:137} INFO - [2023-09-06T04:40:35.880+0000] {dag.py:3441} INFO - Setting next_dagrun for tutorial_dag to None, run_after=None
[2023-09-06T04:40:35.919+0000] {processor.py:175} INFO - Processing /home/airflow/.local/lib/python3.7/site-packages/airflow/example_dags/tutorial_dag.py took 0.127 seconds
[2023-09-06T04:41:06.128+0000] {processor.py:153} INFO - Started process (PID=797) to work on /home/airflow/.local/lib/python3.7/site-packages/airflow/example_dags/tutorial_dag.py
[2023-09-06T04:41:06.130+0000] {processor.py:743} INFO - Processing file /home/airflow/.local/lib/python3.7/site-packages/airflow/example_dags/tutorial_dag.py for tasks to queue
[2023-09-06T04:41:06.131+0000] {logging_mixin.py:137} INFO - [2023-09-06T04:41:06.131+0000] {dagbag.py:538} INFO - Filling up the DagBag from /home/airflow/.local/lib/python3.7/site-packages/airflow/example_dags/tutorial_dag.py
[2023-09-06T04:41:06.155+0000] {processor.py:753} INFO - DAG(s) dict_keys(['tutorial_dag']) retrieved from /home/airflow/.local/lib/python3.7/site-packages/airflow/example_dags/tutorial_dag.py
[2023-09-06T04:41:06.184+0000] {logging_mixin.py:137} INFO - [2023-09-06T04:41:06.184+0000] {dag.py:2690} INFO - Sync 1 DAGs
[2023-09-06T04:41:06.213+0000] {logging_mixin.py:137} INFO - [2023-09-06T04:41:06.213+0000] {dag.py:3441} INFO - Setting next_dagrun for tutorial_dag to None, run_after=None
[2023-09-06T04:41:06.247+0000] {processor.py:175} INFO - Processing /home/airflow/.local/lib/python3.7/site-packages/airflow/example_dags/tutorial_dag.py took 0.126 seconds
[2023-09-06T04:41:36.804+0000] {processor.py:153} INFO - Started process (PID=866) to work on /home/airflow/.local/lib/python3.7/site-packages/airflow/example_dags/tutorial_dag.py
[2023-09-06T04:41:36.806+0000] {processor.py:743} INFO - Processing file /home/airflow/.local/lib/python3.7/site-packages/airflow/example_dags/tutorial_dag.py for tasks to queue
[2023-09-06T04:41:36.807+0000] {logging_mixin.py:137} INFO - [2023-09-06T04:41:36.807+0000] {dagbag.py:538} INFO - Filling up the DagBag from /home/airflow/.local/lib/python3.7/site-packages/airflow/example_dags/tutorial_dag.py
[2023-09-06T04:41:36.820+0000] {processor.py:753} INFO - DAG(s) dict_keys(['tutorial_dag']) retrieved from /home/airflow/.local/lib/python3.7/site-packages/airflow/example_dags/tutorial_dag.py
[2023-09-06T04:41:36.850+0000] {logging_mixin.py:137} INFO - [2023-09-06T04:41:36.849+0000] {dag.py:2690} INFO - Sync 1 DAGs
[2023-09-06T04:41:36.875+0000] {logging_mixin.py:137} INFO - [2023-09-06T04:41:36.875+0000] {dag.py:3441} INFO - Setting next_dagrun for tutorial_dag to None, run_after=None
[2023-09-06T04:41:36.894+0000] {processor.py:175} INFO - Processing /home/airflow/.local/lib/python3.7/site-packages/airflow/example_dags/tutorial_dag.py took 0.096 seconds
[2023-09-06T04:42:07.745+0000] {processor.py:153} INFO - Started process (PID=927) to work on /home/airflow/.local/lib/python3.7/site-packages/airflow/example_dags/tutorial_dag.py
[2023-09-06T04:42:07.746+0000] {processor.py:743} INFO - Processing file /home/airflow/.local/lib/python3.7/site-packages/airflow/example_dags/tutorial_dag.py for tasks to queue
[2023-09-06T04:42:07.748+0000] {logging_mixin.py:137} INFO - [2023-09-06T04:42:07.748+0000] {dagbag.py:538} INFO - Filling up the DagBag from /home/airflow/.local/lib/python3.7/site-packages/airflow/example_dags/tutorial_dag.py
[2023-09-06T04:42:07.769+0000] {processor.py:753} INFO - DAG(s) dict_keys(['tutorial_dag']) retrieved from /home/airflow/.local/lib/python3.7/site-packages/airflow/example_dags/tutorial_dag.py
[2023-09-06T04:42:07.805+0000] {logging_mixin.py:137} INFO - [2023-09-06T04:42:07.805+0000] {dag.py:2690} INFO - Sync 1 DAGs
[2023-09-06T04:42:07.841+0000] {logging_mixin.py:137} INFO - [2023-09-06T04:42:07.841+0000] {dag.py:3441} INFO - Setting next_dagrun for tutorial_dag to None, run_after=None
[2023-09-06T04:42:07.873+0000] {processor.py:175} INFO - Processing /home/airflow/.local/lib/python3.7/site-packages/airflow/example_dags/tutorial_dag.py took 0.133 seconds
[2023-09-06T04:42:38.090+0000] {processor.py:153} INFO - Started process (PID=987) to work on /home/airflow/.local/lib/python3.7/site-packages/airflow/example_dags/tutorial_dag.py
[2023-09-06T04:42:38.092+0000] {processor.py:743} INFO - Processing file /home/airflow/.local/lib/python3.7/site-packages/airflow/example_dags/tutorial_dag.py for tasks to queue
[2023-09-06T04:42:38.097+0000] {logging_mixin.py:137} INFO - [2023-09-06T04:42:38.097+0000] {dagbag.py:538} INFO - Filling up the DagBag from /home/airflow/.local/lib/python3.7/site-packages/airflow/example_dags/tutorial_dag.py
[2023-09-06T04:42:38.114+0000] {processor.py:753} INFO - DAG(s) dict_keys(['tutorial_dag']) retrieved from /home/airflow/.local/lib/python3.7/site-packages/airflow/example_dags/tutorial_dag.py
[2023-09-06T04:42:38.164+0000] {logging_mixin.py:137} INFO - [2023-09-06T04:42:38.164+0000] {dag.py:2690} INFO - Sync 1 DAGs
[2023-09-06T04:42:38.220+0000] {logging_mixin.py:137} INFO - [2023-09-06T04:42:38.219+0000] {dag.py:3441} INFO - Setting next_dagrun for tutorial_dag to None, run_after=None
[2023-09-06T04:42:38.317+0000] {processor.py:175} INFO - Processing /home/airflow/.local/lib/python3.7/site-packages/airflow/example_dags/tutorial_dag.py took 0.235 seconds
