[2023-09-06T04:26:24.235+0000] {processor.py:153} INFO - Started process (PID=86) to work on /home/airflow/.local/lib/python3.7/site-packages/airflow/example_dags/tutorial.py
[2023-09-06T04:26:24.239+0000] {processor.py:743} INFO - Processing file /home/airflow/.local/lib/python3.7/site-packages/airflow/example_dags/tutorial.py for tasks to queue
[2023-09-06T04:26:24.240+0000] {logging_mixin.py:137} INFO - [2023-09-06T04:26:24.240+0000] {dagbag.py:538} INFO - Filling up the DagBag from /home/airflow/.local/lib/python3.7/site-packages/airflow/example_dags/tutorial.py
[2023-09-06T04:26:24.337+0000] {processor.py:753} INFO - DAG(s) dict_keys(['tutorial']) retrieved from /home/airflow/.local/lib/python3.7/site-packages/airflow/example_dags/tutorial.py
[2023-09-06T04:26:24.435+0000] {logging_mixin.py:137} INFO - [2023-09-06T04:26:24.435+0000] {dag.py:2690} INFO - Sync 1 DAGs
[2023-09-06T04:26:24.644+0000] {logging_mixin.py:137} INFO - [2023-09-06T04:26:24.644+0000] {dag.py:3441} INFO - Setting next_dagrun for tutorial to 2023-09-05T04:26:24.644274+00:00, run_after=2023-09-06T04:26:24.644274+00:00
[2023-09-06T04:26:24.852+0000] {processor.py:175} INFO - Processing /home/airflow/.local/lib/python3.7/site-packages/airflow/example_dags/tutorial.py took 0.649 seconds
[2023-09-06T04:26:55.704+0000] {processor.py:153} INFO - Started process (PID=145) to work on /home/airflow/.local/lib/python3.7/site-packages/airflow/example_dags/tutorial.py
[2023-09-06T04:26:55.716+0000] {processor.py:743} INFO - Processing file /home/airflow/.local/lib/python3.7/site-packages/airflow/example_dags/tutorial.py for tasks to queue
[2023-09-06T04:26:55.718+0000] {logging_mixin.py:137} INFO - [2023-09-06T04:26:55.718+0000] {dagbag.py:538} INFO - Filling up the DagBag from /home/airflow/.local/lib/python3.7/site-packages/airflow/example_dags/tutorial.py
[2023-09-06T04:26:55.761+0000] {processor.py:753} INFO - DAG(s) dict_keys(['tutorial']) retrieved from /home/airflow/.local/lib/python3.7/site-packages/airflow/example_dags/tutorial.py
[2023-09-06T04:26:55.839+0000] {logging_mixin.py:137} INFO - [2023-09-06T04:26:55.837+0000] {dag.py:2690} INFO - Sync 1 DAGs
[2023-09-06T04:26:55.936+0000] {logging_mixin.py:137} INFO - [2023-09-06T04:26:55.935+0000] {dag.py:3441} INFO - Setting next_dagrun for tutorial to 2023-09-05T04:26:55.935450+00:00, run_after=2023-09-06T04:26:55.935450+00:00
[2023-09-06T04:26:55.997+0000] {processor.py:175} INFO - Processing /home/airflow/.local/lib/python3.7/site-packages/airflow/example_dags/tutorial.py took 0.298 seconds
[2023-09-06T04:27:26.301+0000] {processor.py:153} INFO - Started process (PID=205) to work on /home/airflow/.local/lib/python3.7/site-packages/airflow/example_dags/tutorial.py
[2023-09-06T04:27:26.303+0000] {processor.py:743} INFO - Processing file /home/airflow/.local/lib/python3.7/site-packages/airflow/example_dags/tutorial.py for tasks to queue
[2023-09-06T04:27:26.304+0000] {logging_mixin.py:137} INFO - [2023-09-06T04:27:26.304+0000] {dagbag.py:538} INFO - Filling up the DagBag from /home/airflow/.local/lib/python3.7/site-packages/airflow/example_dags/tutorial.py
[2023-09-06T04:27:26.324+0000] {processor.py:753} INFO - DAG(s) dict_keys(['tutorial']) retrieved from /home/airflow/.local/lib/python3.7/site-packages/airflow/example_dags/tutorial.py
[2023-09-06T04:27:26.353+0000] {logging_mixin.py:137} INFO - [2023-09-06T04:27:26.353+0000] {dag.py:2690} INFO - Sync 1 DAGs
[2023-09-06T04:27:26.390+0000] {logging_mixin.py:137} INFO - [2023-09-06T04:27:26.389+0000] {dag.py:3441} INFO - Setting next_dagrun for tutorial to 2023-09-05T04:27:26.389630+00:00, run_after=2023-09-06T04:27:26.389630+00:00
[2023-09-06T04:27:26.411+0000] {processor.py:175} INFO - Processing /home/airflow/.local/lib/python3.7/site-packages/airflow/example_dags/tutorial.py took 0.115 seconds
[2023-09-06T04:27:56.797+0000] {processor.py:153} INFO - Started process (PID=265) to work on /home/airflow/.local/lib/python3.7/site-packages/airflow/example_dags/tutorial.py
[2023-09-06T04:27:56.799+0000] {processor.py:743} INFO - Processing file /home/airflow/.local/lib/python3.7/site-packages/airflow/example_dags/tutorial.py for tasks to queue
[2023-09-06T04:27:56.801+0000] {logging_mixin.py:137} INFO - [2023-09-06T04:27:56.800+0000] {dagbag.py:538} INFO - Filling up the DagBag from /home/airflow/.local/lib/python3.7/site-packages/airflow/example_dags/tutorial.py
[2023-09-06T04:27:56.840+0000] {processor.py:753} INFO - DAG(s) dict_keys(['tutorial']) retrieved from /home/airflow/.local/lib/python3.7/site-packages/airflow/example_dags/tutorial.py
[2023-09-06T04:27:56.892+0000] {logging_mixin.py:137} INFO - [2023-09-06T04:27:56.892+0000] {dag.py:2690} INFO - Sync 1 DAGs
[2023-09-06T04:27:56.928+0000] {logging_mixin.py:137} INFO - [2023-09-06T04:27:56.928+0000] {dag.py:3441} INFO - Setting next_dagrun for tutorial to 2023-09-05T04:27:56.927800+00:00, run_after=2023-09-06T04:27:56.927800+00:00
[2023-09-06T04:27:56.963+0000] {processor.py:175} INFO - Processing /home/airflow/.local/lib/python3.7/site-packages/airflow/example_dags/tutorial.py took 0.173 seconds
[2023-09-06T04:29:11.503+0000] {processor.py:153} INFO - Started process (PID=65) to work on /home/airflow/.local/lib/python3.7/site-packages/airflow/example_dags/tutorial.py
[2023-09-06T04:29:11.514+0000] {processor.py:743} INFO - Processing file /home/airflow/.local/lib/python3.7/site-packages/airflow/example_dags/tutorial.py for tasks to queue
[2023-09-06T04:29:11.524+0000] {logging_mixin.py:137} INFO - [2023-09-06T04:29:11.524+0000] {dagbag.py:538} INFO - Filling up the DagBag from /home/airflow/.local/lib/python3.7/site-packages/airflow/example_dags/tutorial.py
[2023-09-06T04:29:11.603+0000] {processor.py:753} INFO - DAG(s) dict_keys(['tutorial']) retrieved from /home/airflow/.local/lib/python3.7/site-packages/airflow/example_dags/tutorial.py
[2023-09-06T04:29:11.825+0000] {logging_mixin.py:137} INFO - [2023-09-06T04:29:11.825+0000] {dag.py:2690} INFO - Sync 1 DAGs
[2023-09-06T04:29:11.991+0000] {logging_mixin.py:137} INFO - [2023-09-06T04:29:11.991+0000] {dag.py:3441} INFO - Setting next_dagrun for tutorial to 2023-09-05T04:29:11.991218+00:00, run_after=2023-09-06T04:29:11.991218+00:00
[2023-09-06T04:29:12.095+0000] {processor.py:175} INFO - Processing /home/airflow/.local/lib/python3.7/site-packages/airflow/example_dags/tutorial.py took 0.597 seconds
[2023-09-06T04:29:42.819+0000] {processor.py:153} INFO - Started process (PID=124) to work on /home/airflow/.local/lib/python3.7/site-packages/airflow/example_dags/tutorial.py
[2023-09-06T04:29:42.820+0000] {processor.py:743} INFO - Processing file /home/airflow/.local/lib/python3.7/site-packages/airflow/example_dags/tutorial.py for tasks to queue
[2023-09-06T04:29:42.821+0000] {logging_mixin.py:137} INFO - [2023-09-06T04:29:42.821+0000] {dagbag.py:538} INFO - Filling up the DagBag from /home/airflow/.local/lib/python3.7/site-packages/airflow/example_dags/tutorial.py
[2023-09-06T04:29:42.843+0000] {processor.py:753} INFO - DAG(s) dict_keys(['tutorial']) retrieved from /home/airflow/.local/lib/python3.7/site-packages/airflow/example_dags/tutorial.py
[2023-09-06T04:29:42.879+0000] {logging_mixin.py:137} INFO - [2023-09-06T04:29:42.878+0000] {dag.py:2690} INFO - Sync 1 DAGs
[2023-09-06T04:29:42.915+0000] {logging_mixin.py:137} INFO - [2023-09-06T04:29:42.914+0000] {dag.py:3441} INFO - Setting next_dagrun for tutorial to 2023-09-05T04:29:42.914677+00:00, run_after=2023-09-06T04:29:42.914677+00:00
[2023-09-06T04:29:42.948+0000] {processor.py:175} INFO - Processing /home/airflow/.local/lib/python3.7/site-packages/airflow/example_dags/tutorial.py took 0.134 seconds
[2023-09-06T04:30:13.800+0000] {processor.py:153} INFO - Started process (PID=183) to work on /home/airflow/.local/lib/python3.7/site-packages/airflow/example_dags/tutorial.py
[2023-09-06T04:30:13.813+0000] {processor.py:743} INFO - Processing file /home/airflow/.local/lib/python3.7/site-packages/airflow/example_dags/tutorial.py for tasks to queue
[2023-09-06T04:30:13.815+0000] {logging_mixin.py:137} INFO - [2023-09-06T04:30:13.814+0000] {dagbag.py:538} INFO - Filling up the DagBag from /home/airflow/.local/lib/python3.7/site-packages/airflow/example_dags/tutorial.py
[2023-09-06T04:30:13.861+0000] {processor.py:753} INFO - DAG(s) dict_keys(['tutorial']) retrieved from /home/airflow/.local/lib/python3.7/site-packages/airflow/example_dags/tutorial.py
[2023-09-06T04:30:13.992+0000] {logging_mixin.py:137} INFO - [2023-09-06T04:30:13.992+0000] {dag.py:2690} INFO - Sync 1 DAGs
[2023-09-06T04:30:14.095+0000] {logging_mixin.py:137} INFO - [2023-09-06T04:30:14.095+0000] {dag.py:3441} INFO - Setting next_dagrun for tutorial to 2023-09-05T04:30:14.094766+00:00, run_after=2023-09-06T04:30:14.094766+00:00
[2023-09-06T04:30:14.161+0000] {processor.py:175} INFO - Processing /home/airflow/.local/lib/python3.7/site-packages/airflow/example_dags/tutorial.py took 0.364 seconds
[2023-09-06T04:30:44.335+0000] {processor.py:153} INFO - Started process (PID=253) to work on /home/airflow/.local/lib/python3.7/site-packages/airflow/example_dags/tutorial.py
[2023-09-06T04:30:44.337+0000] {processor.py:743} INFO - Processing file /home/airflow/.local/lib/python3.7/site-packages/airflow/example_dags/tutorial.py for tasks to queue
[2023-09-06T04:30:44.339+0000] {logging_mixin.py:137} INFO - [2023-09-06T04:30:44.338+0000] {dagbag.py:538} INFO - Filling up the DagBag from /home/airflow/.local/lib/python3.7/site-packages/airflow/example_dags/tutorial.py
[2023-09-06T04:30:44.360+0000] {processor.py:753} INFO - DAG(s) dict_keys(['tutorial']) retrieved from /home/airflow/.local/lib/python3.7/site-packages/airflow/example_dags/tutorial.py
[2023-09-06T04:30:44.389+0000] {logging_mixin.py:137} INFO - [2023-09-06T04:30:44.388+0000] {dag.py:2690} INFO - Sync 1 DAGs
[2023-09-06T04:30:44.415+0000] {logging_mixin.py:137} INFO - [2023-09-06T04:30:44.415+0000] {dag.py:3441} INFO - Setting next_dagrun for tutorial to 2023-09-05T04:30:44.414936+00:00, run_after=2023-09-06T04:30:44.414936+00:00
[2023-09-06T04:30:44.446+0000] {processor.py:175} INFO - Processing /home/airflow/.local/lib/python3.7/site-packages/airflow/example_dags/tutorial.py took 0.116 seconds
[2023-09-06T04:31:14.609+0000] {processor.py:153} INFO - Started process (PID=312) to work on /home/airflow/.local/lib/python3.7/site-packages/airflow/example_dags/tutorial.py
[2023-09-06T04:31:14.611+0000] {processor.py:743} INFO - Processing file /home/airflow/.local/lib/python3.7/site-packages/airflow/example_dags/tutorial.py for tasks to queue
[2023-09-06T04:31:14.613+0000] {logging_mixin.py:137} INFO - [2023-09-06T04:31:14.613+0000] {dagbag.py:538} INFO - Filling up the DagBag from /home/airflow/.local/lib/python3.7/site-packages/airflow/example_dags/tutorial.py
[2023-09-06T04:31:14.629+0000] {processor.py:753} INFO - DAG(s) dict_keys(['tutorial']) retrieved from /home/airflow/.local/lib/python3.7/site-packages/airflow/example_dags/tutorial.py
[2023-09-06T04:31:14.663+0000] {logging_mixin.py:137} INFO - [2023-09-06T04:31:14.662+0000] {dag.py:2690} INFO - Sync 1 DAGs
[2023-09-06T04:31:14.698+0000] {logging_mixin.py:137} INFO - [2023-09-06T04:31:14.697+0000] {dag.py:3441} INFO - Setting next_dagrun for tutorial to 2023-09-05T04:31:14.697631+00:00, run_after=2023-09-06T04:31:14.697631+00:00
[2023-09-06T04:31:14.720+0000] {processor.py:175} INFO - Processing /home/airflow/.local/lib/python3.7/site-packages/airflow/example_dags/tutorial.py took 0.121 seconds
[2023-09-06T04:31:45.067+0000] {processor.py:153} INFO - Started process (PID=370) to work on /home/airflow/.local/lib/python3.7/site-packages/airflow/example_dags/tutorial.py
[2023-09-06T04:31:45.072+0000] {processor.py:743} INFO - Processing file /home/airflow/.local/lib/python3.7/site-packages/airflow/example_dags/tutorial.py for tasks to queue
[2023-09-06T04:31:45.073+0000] {logging_mixin.py:137} INFO - [2023-09-06T04:31:45.073+0000] {dagbag.py:538} INFO - Filling up the DagBag from /home/airflow/.local/lib/python3.7/site-packages/airflow/example_dags/tutorial.py
[2023-09-06T04:31:45.122+0000] {processor.py:753} INFO - DAG(s) dict_keys(['tutorial']) retrieved from /home/airflow/.local/lib/python3.7/site-packages/airflow/example_dags/tutorial.py
[2023-09-06T04:31:45.163+0000] {logging_mixin.py:137} INFO - [2023-09-06T04:31:45.163+0000] {dag.py:2690} INFO - Sync 1 DAGs
[2023-09-06T04:31:45.222+0000] {logging_mixin.py:137} INFO - [2023-09-06T04:31:45.222+0000] {dag.py:3441} INFO - Setting next_dagrun for tutorial to 2023-09-05T04:31:45.221990+00:00, run_after=2023-09-06T04:31:45.221990+00:00
[2023-09-06T04:31:45.261+0000] {processor.py:175} INFO - Processing /home/airflow/.local/lib/python3.7/site-packages/airflow/example_dags/tutorial.py took 0.198 seconds
[2023-09-06T04:32:15.699+0000] {processor.py:153} INFO - Started process (PID=440) to work on /home/airflow/.local/lib/python3.7/site-packages/airflow/example_dags/tutorial.py
[2023-09-06T04:32:15.703+0000] {processor.py:743} INFO - Processing file /home/airflow/.local/lib/python3.7/site-packages/airflow/example_dags/tutorial.py for tasks to queue
[2023-09-06T04:32:15.704+0000] {logging_mixin.py:137} INFO - [2023-09-06T04:32:15.704+0000] {dagbag.py:538} INFO - Filling up the DagBag from /home/airflow/.local/lib/python3.7/site-packages/airflow/example_dags/tutorial.py
[2023-09-06T04:32:15.723+0000] {processor.py:753} INFO - DAG(s) dict_keys(['tutorial']) retrieved from /home/airflow/.local/lib/python3.7/site-packages/airflow/example_dags/tutorial.py
[2023-09-06T04:32:15.754+0000] {logging_mixin.py:137} INFO - [2023-09-06T04:32:15.754+0000] {dag.py:2690} INFO - Sync 1 DAGs
[2023-09-06T04:32:15.784+0000] {logging_mixin.py:137} INFO - [2023-09-06T04:32:15.784+0000] {dag.py:3441} INFO - Setting next_dagrun for tutorial to 2023-09-05T04:32:15.783852+00:00, run_after=2023-09-06T04:32:15.783852+00:00
[2023-09-06T04:32:15.821+0000] {processor.py:175} INFO - Processing /home/airflow/.local/lib/python3.7/site-packages/airflow/example_dags/tutorial.py took 0.125 seconds
[2023-09-06T04:32:45.940+0000] {processor.py:153} INFO - Started process (PID=499) to work on /home/airflow/.local/lib/python3.7/site-packages/airflow/example_dags/tutorial.py
[2023-09-06T04:32:45.941+0000] {processor.py:743} INFO - Processing file /home/airflow/.local/lib/python3.7/site-packages/airflow/example_dags/tutorial.py for tasks to queue
[2023-09-06T04:32:45.942+0000] {logging_mixin.py:137} INFO - [2023-09-06T04:32:45.942+0000] {dagbag.py:538} INFO - Filling up the DagBag from /home/airflow/.local/lib/python3.7/site-packages/airflow/example_dags/tutorial.py
[2023-09-06T04:32:45.961+0000] {processor.py:753} INFO - DAG(s) dict_keys(['tutorial']) retrieved from /home/airflow/.local/lib/python3.7/site-packages/airflow/example_dags/tutorial.py
[2023-09-06T04:32:45.991+0000] {logging_mixin.py:137} INFO - [2023-09-06T04:32:45.990+0000] {dag.py:2690} INFO - Sync 1 DAGs
[2023-09-06T04:32:46.017+0000] {logging_mixin.py:137} INFO - [2023-09-06T04:32:46.017+0000] {dag.py:3441} INFO - Setting next_dagrun for tutorial to 2023-09-05T04:32:46.017090+00:00, run_after=2023-09-06T04:32:46.017090+00:00
[2023-09-06T04:32:46.037+0000] {processor.py:175} INFO - Processing /home/airflow/.local/lib/python3.7/site-packages/airflow/example_dags/tutorial.py took 0.101 seconds
[2023-09-06T04:33:17.082+0000] {processor.py:153} INFO - Started process (PID=569) to work on /home/airflow/.local/lib/python3.7/site-packages/airflow/example_dags/tutorial.py
[2023-09-06T04:33:17.083+0000] {processor.py:743} INFO - Processing file /home/airflow/.local/lib/python3.7/site-packages/airflow/example_dags/tutorial.py for tasks to queue
[2023-09-06T04:33:17.085+0000] {logging_mixin.py:137} INFO - [2023-09-06T04:33:17.085+0000] {dagbag.py:538} INFO - Filling up the DagBag from /home/airflow/.local/lib/python3.7/site-packages/airflow/example_dags/tutorial.py
[2023-09-06T04:33:17.104+0000] {processor.py:753} INFO - DAG(s) dict_keys(['tutorial']) retrieved from /home/airflow/.local/lib/python3.7/site-packages/airflow/example_dags/tutorial.py
[2023-09-06T04:33:17.138+0000] {logging_mixin.py:137} INFO - [2023-09-06T04:33:17.138+0000] {dag.py:2690} INFO - Sync 1 DAGs
[2023-09-06T04:33:17.180+0000] {logging_mixin.py:137} INFO - [2023-09-06T04:33:17.180+0000] {dag.py:3441} INFO - Setting next_dagrun for tutorial to 2023-09-05T04:33:17.180429+00:00, run_after=2023-09-06T04:33:17.180429+00:00
[2023-09-06T04:33:17.202+0000] {processor.py:175} INFO - Processing /home/airflow/.local/lib/python3.7/site-packages/airflow/example_dags/tutorial.py took 0.128 seconds
[2023-09-06T04:33:47.278+0000] {processor.py:153} INFO - Started process (PID=628) to work on /home/airflow/.local/lib/python3.7/site-packages/airflow/example_dags/tutorial.py
[2023-09-06T04:33:47.279+0000] {processor.py:743} INFO - Processing file /home/airflow/.local/lib/python3.7/site-packages/airflow/example_dags/tutorial.py for tasks to queue
[2023-09-06T04:33:47.280+0000] {logging_mixin.py:137} INFO - [2023-09-06T04:33:47.280+0000] {dagbag.py:538} INFO - Filling up the DagBag from /home/airflow/.local/lib/python3.7/site-packages/airflow/example_dags/tutorial.py
[2023-09-06T04:33:47.294+0000] {processor.py:753} INFO - DAG(s) dict_keys(['tutorial']) retrieved from /home/airflow/.local/lib/python3.7/site-packages/airflow/example_dags/tutorial.py
[2023-09-06T04:33:47.321+0000] {logging_mixin.py:137} INFO - [2023-09-06T04:33:47.321+0000] {dag.py:2690} INFO - Sync 1 DAGs
[2023-09-06T04:33:47.348+0000] {logging_mixin.py:137} INFO - [2023-09-06T04:33:47.348+0000] {dag.py:3441} INFO - Setting next_dagrun for tutorial to 2023-09-05T04:33:47.348583+00:00, run_after=2023-09-06T04:33:47.348583+00:00
[2023-09-06T04:33:47.371+0000] {processor.py:175} INFO - Processing /home/airflow/.local/lib/python3.7/site-packages/airflow/example_dags/tutorial.py took 0.096 seconds
[2023-09-06T04:34:55.549+0000] {processor.py:153} INFO - Started process (PID=54) to work on /home/airflow/.local/lib/python3.7/site-packages/airflow/example_dags/tutorial.py
[2023-09-06T04:34:55.569+0000] {processor.py:743} INFO - Processing file /home/airflow/.local/lib/python3.7/site-packages/airflow/example_dags/tutorial.py for tasks to queue
[2023-09-06T04:34:55.570+0000] {logging_mixin.py:137} INFO - [2023-09-06T04:34:55.570+0000] {dagbag.py:538} INFO - Filling up the DagBag from /home/airflow/.local/lib/python3.7/site-packages/airflow/example_dags/tutorial.py
[2023-09-06T04:34:55.645+0000] {processor.py:753} INFO - DAG(s) dict_keys(['tutorial']) retrieved from /home/airflow/.local/lib/python3.7/site-packages/airflow/example_dags/tutorial.py
[2023-09-06T04:34:55.705+0000] {logging_mixin.py:137} INFO - [2023-09-06T04:34:55.705+0000] {dag.py:2690} INFO - Sync 1 DAGs
[2023-09-06T04:34:55.802+0000] {logging_mixin.py:137} INFO - [2023-09-06T04:34:55.802+0000] {dag.py:3441} INFO - Setting next_dagrun for tutorial to 2023-09-05T04:34:55.801902+00:00, run_after=2023-09-06T04:34:55.801902+00:00
[2023-09-06T04:34:55.850+0000] {processor.py:175} INFO - Processing /home/airflow/.local/lib/python3.7/site-packages/airflow/example_dags/tutorial.py took 0.304 seconds
[2023-09-06T04:35:26.294+0000] {processor.py:153} INFO - Started process (PID=113) to work on /home/airflow/.local/lib/python3.7/site-packages/airflow/example_dags/tutorial.py
[2023-09-06T04:35:26.297+0000] {processor.py:743} INFO - Processing file /home/airflow/.local/lib/python3.7/site-packages/airflow/example_dags/tutorial.py for tasks to queue
[2023-09-06T04:35:26.298+0000] {logging_mixin.py:137} INFO - [2023-09-06T04:35:26.298+0000] {dagbag.py:538} INFO - Filling up the DagBag from /home/airflow/.local/lib/python3.7/site-packages/airflow/example_dags/tutorial.py
[2023-09-06T04:35:26.371+0000] {processor.py:753} INFO - DAG(s) dict_keys(['tutorial']) retrieved from /home/airflow/.local/lib/python3.7/site-packages/airflow/example_dags/tutorial.py
[2023-09-06T04:35:26.416+0000] {logging_mixin.py:137} INFO - [2023-09-06T04:35:26.416+0000] {dag.py:2690} INFO - Sync 1 DAGs
[2023-09-06T04:35:26.531+0000] {logging_mixin.py:137} INFO - [2023-09-06T04:35:26.531+0000] {dag.py:3441} INFO - Setting next_dagrun for tutorial to 2023-09-05T04:35:26.531066+00:00, run_after=2023-09-06T04:35:26.531066+00:00
[2023-09-06T04:35:26.594+0000] {processor.py:175} INFO - Processing /home/airflow/.local/lib/python3.7/site-packages/airflow/example_dags/tutorial.py took 0.317 seconds
[2023-09-06T04:35:57.471+0000] {processor.py:153} INFO - Started process (PID=173) to work on /home/airflow/.local/lib/python3.7/site-packages/airflow/example_dags/tutorial.py
[2023-09-06T04:35:57.472+0000] {processor.py:743} INFO - Processing file /home/airflow/.local/lib/python3.7/site-packages/airflow/example_dags/tutorial.py for tasks to queue
[2023-09-06T04:35:57.473+0000] {logging_mixin.py:137} INFO - [2023-09-06T04:35:57.473+0000] {dagbag.py:538} INFO - Filling up the DagBag from /home/airflow/.local/lib/python3.7/site-packages/airflow/example_dags/tutorial.py
[2023-09-06T04:35:57.492+0000] {processor.py:753} INFO - DAG(s) dict_keys(['tutorial']) retrieved from /home/airflow/.local/lib/python3.7/site-packages/airflow/example_dags/tutorial.py
[2023-09-06T04:35:57.521+0000] {logging_mixin.py:137} INFO - [2023-09-06T04:35:57.521+0000] {dag.py:2690} INFO - Sync 1 DAGs
[2023-09-06T04:35:57.554+0000] {logging_mixin.py:137} INFO - [2023-09-06T04:35:57.554+0000] {dag.py:3441} INFO - Setting next_dagrun for tutorial to 2023-09-05T04:35:57.554037+00:00, run_after=2023-09-06T04:35:57.554037+00:00
[2023-09-06T04:35:57.574+0000] {processor.py:175} INFO - Processing /home/airflow/.local/lib/python3.7/site-packages/airflow/example_dags/tutorial.py took 0.108 seconds
[2023-09-06T04:36:28.645+0000] {processor.py:153} INFO - Started process (PID=243) to work on /home/airflow/.local/lib/python3.7/site-packages/airflow/example_dags/tutorial.py
[2023-09-06T04:36:28.654+0000] {processor.py:743} INFO - Processing file /home/airflow/.local/lib/python3.7/site-packages/airflow/example_dags/tutorial.py for tasks to queue
[2023-09-06T04:36:28.656+0000] {logging_mixin.py:137} INFO - [2023-09-06T04:36:28.656+0000] {dagbag.py:538} INFO - Filling up the DagBag from /home/airflow/.local/lib/python3.7/site-packages/airflow/example_dags/tutorial.py
[2023-09-06T04:36:28.707+0000] {processor.py:753} INFO - DAG(s) dict_keys(['tutorial']) retrieved from /home/airflow/.local/lib/python3.7/site-packages/airflow/example_dags/tutorial.py
[2023-09-06T04:36:28.794+0000] {logging_mixin.py:137} INFO - [2023-09-06T04:36:28.793+0000] {dag.py:2690} INFO - Sync 1 DAGs
[2023-09-06T04:36:28.903+0000] {logging_mixin.py:137} INFO - [2023-09-06T04:36:28.903+0000] {dag.py:3441} INFO - Setting next_dagrun for tutorial to 2023-09-05T04:36:28.903085+00:00, run_after=2023-09-06T04:36:28.903085+00:00
[2023-09-06T04:36:29.002+0000] {processor.py:175} INFO - Processing /home/airflow/.local/lib/python3.7/site-packages/airflow/example_dags/tutorial.py took 0.379 seconds
[2023-09-06T04:36:59.711+0000] {processor.py:153} INFO - Started process (PID=302) to work on /home/airflow/.local/lib/python3.7/site-packages/airflow/example_dags/tutorial.py
[2023-09-06T04:36:59.724+0000] {processor.py:743} INFO - Processing file /home/airflow/.local/lib/python3.7/site-packages/airflow/example_dags/tutorial.py for tasks to queue
[2023-09-06T04:36:59.733+0000] {logging_mixin.py:137} INFO - [2023-09-06T04:36:59.733+0000] {dagbag.py:538} INFO - Filling up the DagBag from /home/airflow/.local/lib/python3.7/site-packages/airflow/example_dags/tutorial.py
[2023-09-06T04:36:59.754+0000] {processor.py:753} INFO - DAG(s) dict_keys(['tutorial']) retrieved from /home/airflow/.local/lib/python3.7/site-packages/airflow/example_dags/tutorial.py
[2023-09-06T04:36:59.805+0000] {logging_mixin.py:137} INFO - [2023-09-06T04:36:59.805+0000] {dag.py:2690} INFO - Sync 1 DAGs
[2023-09-06T04:36:59.893+0000] {logging_mixin.py:137} INFO - [2023-09-06T04:36:59.893+0000] {dag.py:3441} INFO - Setting next_dagrun for tutorial to 2023-09-05T04:36:59.892887+00:00, run_after=2023-09-06T04:36:59.892887+00:00
[2023-09-06T04:36:59.953+0000] {processor.py:175} INFO - Processing /home/airflow/.local/lib/python3.7/site-packages/airflow/example_dags/tutorial.py took 0.254 seconds
[2023-09-06T04:37:30.392+0000] {processor.py:153} INFO - Started process (PID=361) to work on /home/airflow/.local/lib/python3.7/site-packages/airflow/example_dags/tutorial.py
[2023-09-06T04:37:30.393+0000] {processor.py:743} INFO - Processing file /home/airflow/.local/lib/python3.7/site-packages/airflow/example_dags/tutorial.py for tasks to queue
[2023-09-06T04:37:30.395+0000] {logging_mixin.py:137} INFO - [2023-09-06T04:37:30.394+0000] {dagbag.py:538} INFO - Filling up the DagBag from /home/airflow/.local/lib/python3.7/site-packages/airflow/example_dags/tutorial.py
[2023-09-06T04:37:30.415+0000] {processor.py:753} INFO - DAG(s) dict_keys(['tutorial']) retrieved from /home/airflow/.local/lib/python3.7/site-packages/airflow/example_dags/tutorial.py
[2023-09-06T04:37:30.467+0000] {logging_mixin.py:137} INFO - [2023-09-06T04:37:30.467+0000] {dag.py:2690} INFO - Sync 1 DAGs
[2023-09-06T04:37:30.508+0000] {logging_mixin.py:137} INFO - [2023-09-06T04:37:30.508+0000] {dag.py:3441} INFO - Setting next_dagrun for tutorial to 2023-09-05T04:37:30.508382+00:00, run_after=2023-09-06T04:37:30.508382+00:00
[2023-09-06T04:37:30.546+0000] {processor.py:175} INFO - Processing /home/airflow/.local/lib/python3.7/site-packages/airflow/example_dags/tutorial.py took 0.159 seconds
[2023-09-06T04:38:00.803+0000] {processor.py:153} INFO - Started process (PID=429) to work on /home/airflow/.local/lib/python3.7/site-packages/airflow/example_dags/tutorial.py
[2023-09-06T04:38:00.807+0000] {processor.py:743} INFO - Processing file /home/airflow/.local/lib/python3.7/site-packages/airflow/example_dags/tutorial.py for tasks to queue
[2023-09-06T04:38:00.808+0000] {logging_mixin.py:137} INFO - [2023-09-06T04:38:00.808+0000] {dagbag.py:538} INFO - Filling up the DagBag from /home/airflow/.local/lib/python3.7/site-packages/airflow/example_dags/tutorial.py
[2023-09-06T04:38:00.829+0000] {processor.py:753} INFO - DAG(s) dict_keys(['tutorial']) retrieved from /home/airflow/.local/lib/python3.7/site-packages/airflow/example_dags/tutorial.py
[2023-09-06T04:38:00.872+0000] {logging_mixin.py:137} INFO - [2023-09-06T04:38:00.872+0000] {dag.py:2690} INFO - Sync 1 DAGs
[2023-09-06T04:38:00.915+0000] {logging_mixin.py:137} INFO - [2023-09-06T04:38:00.914+0000] {dag.py:3441} INFO - Setting next_dagrun for tutorial to 2023-09-05T04:38:00.914658+00:00, run_after=2023-09-06T04:38:00.914658+00:00
[2023-09-06T04:38:00.948+0000] {processor.py:175} INFO - Processing /home/airflow/.local/lib/python3.7/site-packages/airflow/example_dags/tutorial.py took 0.152 seconds
[2023-09-06T04:38:31.963+0000] {processor.py:153} INFO - Started process (PID=489) to work on /home/airflow/.local/lib/python3.7/site-packages/airflow/example_dags/tutorial.py
[2023-09-06T04:38:31.974+0000] {processor.py:743} INFO - Processing file /home/airflow/.local/lib/python3.7/site-packages/airflow/example_dags/tutorial.py for tasks to queue
[2023-09-06T04:38:31.982+0000] {logging_mixin.py:137} INFO - [2023-09-06T04:38:31.982+0000] {dagbag.py:538} INFO - Filling up the DagBag from /home/airflow/.local/lib/python3.7/site-packages/airflow/example_dags/tutorial.py
[2023-09-06T04:38:32.074+0000] {processor.py:753} INFO - DAG(s) dict_keys(['tutorial']) retrieved from /home/airflow/.local/lib/python3.7/site-packages/airflow/example_dags/tutorial.py
[2023-09-06T04:38:32.178+0000] {logging_mixin.py:137} INFO - [2023-09-06T04:38:32.178+0000] {dag.py:2690} INFO - Sync 1 DAGs
[2023-09-06T04:38:32.334+0000] {logging_mixin.py:137} INFO - [2023-09-06T04:38:32.334+0000] {dag.py:3441} INFO - Setting next_dagrun for tutorial to 2023-09-05T04:38:32.327180+00:00, run_after=2023-09-06T04:38:32.327180+00:00
[2023-09-06T04:38:32.413+0000] {processor.py:175} INFO - Processing /home/airflow/.local/lib/python3.7/site-packages/airflow/example_dags/tutorial.py took 0.454 seconds
[2023-09-06T04:39:03.214+0000] {processor.py:153} INFO - Started process (PID=548) to work on /home/airflow/.local/lib/python3.7/site-packages/airflow/example_dags/tutorial.py
[2023-09-06T04:39:03.215+0000] {processor.py:743} INFO - Processing file /home/airflow/.local/lib/python3.7/site-packages/airflow/example_dags/tutorial.py for tasks to queue
[2023-09-06T04:39:03.217+0000] {logging_mixin.py:137} INFO - [2023-09-06T04:39:03.217+0000] {dagbag.py:538} INFO - Filling up the DagBag from /home/airflow/.local/lib/python3.7/site-packages/airflow/example_dags/tutorial.py
[2023-09-06T04:39:03.238+0000] {processor.py:753} INFO - DAG(s) dict_keys(['tutorial']) retrieved from /home/airflow/.local/lib/python3.7/site-packages/airflow/example_dags/tutorial.py
[2023-09-06T04:39:03.268+0000] {logging_mixin.py:137} INFO - [2023-09-06T04:39:03.267+0000] {dag.py:2690} INFO - Sync 1 DAGs
[2023-09-06T04:39:03.306+0000] {logging_mixin.py:137} INFO - [2023-09-06T04:39:03.306+0000] {dag.py:3441} INFO - Setting next_dagrun for tutorial to 2023-09-05T04:39:03.305623+00:00, run_after=2023-09-06T04:39:03.305623+00:00
[2023-09-06T04:39:03.357+0000] {processor.py:175} INFO - Processing /home/airflow/.local/lib/python3.7/site-packages/airflow/example_dags/tutorial.py took 0.148 seconds
[2023-09-06T04:39:33.538+0000] {processor.py:153} INFO - Started process (PID=607) to work on /home/airflow/.local/lib/python3.7/site-packages/airflow/example_dags/tutorial.py
[2023-09-06T04:39:33.554+0000] {processor.py:743} INFO - Processing file /home/airflow/.local/lib/python3.7/site-packages/airflow/example_dags/tutorial.py for tasks to queue
[2023-09-06T04:39:33.556+0000] {logging_mixin.py:137} INFO - [2023-09-06T04:39:33.556+0000] {dagbag.py:538} INFO - Filling up the DagBag from /home/airflow/.local/lib/python3.7/site-packages/airflow/example_dags/tutorial.py
[2023-09-06T04:39:33.607+0000] {processor.py:753} INFO - DAG(s) dict_keys(['tutorial']) retrieved from /home/airflow/.local/lib/python3.7/site-packages/airflow/example_dags/tutorial.py
[2023-09-06T04:39:33.685+0000] {logging_mixin.py:137} INFO - [2023-09-06T04:39:33.676+0000] {dag.py:2690} INFO - Sync 1 DAGs
[2023-09-06T04:39:33.768+0000] {logging_mixin.py:137} INFO - [2023-09-06T04:39:33.768+0000] {dag.py:3441} INFO - Setting next_dagrun for tutorial to 2023-09-05T04:39:33.767542+00:00, run_after=2023-09-06T04:39:33.767542+00:00
[2023-09-06T04:39:33.832+0000] {processor.py:175} INFO - Processing /home/airflow/.local/lib/python3.7/site-packages/airflow/example_dags/tutorial.py took 0.298 seconds
[2023-09-06T04:40:04.377+0000] {processor.py:153} INFO - Started process (PID=677) to work on /home/airflow/.local/lib/python3.7/site-packages/airflow/example_dags/tutorial.py
[2023-09-06T04:40:04.379+0000] {processor.py:743} INFO - Processing file /home/airflow/.local/lib/python3.7/site-packages/airflow/example_dags/tutorial.py for tasks to queue
[2023-09-06T04:40:04.381+0000] {logging_mixin.py:137} INFO - [2023-09-06T04:40:04.381+0000] {dagbag.py:538} INFO - Filling up the DagBag from /home/airflow/.local/lib/python3.7/site-packages/airflow/example_dags/tutorial.py
[2023-09-06T04:40:04.429+0000] {processor.py:753} INFO - DAG(s) dict_keys(['tutorial']) retrieved from /home/airflow/.local/lib/python3.7/site-packages/airflow/example_dags/tutorial.py
[2023-09-06T04:40:04.486+0000] {logging_mixin.py:137} INFO - [2023-09-06T04:40:04.486+0000] {dag.py:2690} INFO - Sync 1 DAGs
[2023-09-06T04:40:04.561+0000] {logging_mixin.py:137} INFO - [2023-09-06T04:40:04.561+0000] {dag.py:3441} INFO - Setting next_dagrun for tutorial to 2023-09-05T04:40:04.559168+00:00, run_after=2023-09-06T04:40:04.559168+00:00
[2023-09-06T04:40:04.632+0000] {processor.py:175} INFO - Processing /home/airflow/.local/lib/python3.7/site-packages/airflow/example_dags/tutorial.py took 0.276 seconds
[2023-09-06T04:40:35.585+0000] {processor.py:153} INFO - Started process (PID=736) to work on /home/airflow/.local/lib/python3.7/site-packages/airflow/example_dags/tutorial.py
[2023-09-06T04:40:35.586+0000] {processor.py:743} INFO - Processing file /home/airflow/.local/lib/python3.7/site-packages/airflow/example_dags/tutorial.py for tasks to queue
[2023-09-06T04:40:35.587+0000] {logging_mixin.py:137} INFO - [2023-09-06T04:40:35.587+0000] {dagbag.py:538} INFO - Filling up the DagBag from /home/airflow/.local/lib/python3.7/site-packages/airflow/example_dags/tutorial.py
[2023-09-06T04:40:35.604+0000] {processor.py:753} INFO - DAG(s) dict_keys(['tutorial']) retrieved from /home/airflow/.local/lib/python3.7/site-packages/airflow/example_dags/tutorial.py
[2023-09-06T04:40:35.674+0000] {logging_mixin.py:137} INFO - [2023-09-06T04:40:35.674+0000] {dag.py:2690} INFO - Sync 1 DAGs
[2023-09-06T04:40:35.759+0000] {logging_mixin.py:137} INFO - [2023-09-06T04:40:35.758+0000] {dag.py:3441} INFO - Setting next_dagrun for tutorial to 2023-09-05T04:40:35.758640+00:00, run_after=2023-09-06T04:40:35.758640+00:00
[2023-09-06T04:40:35.787+0000] {processor.py:175} INFO - Processing /home/airflow/.local/lib/python3.7/site-packages/airflow/example_dags/tutorial.py took 0.206 seconds
[2023-09-06T04:41:05.910+0000] {processor.py:153} INFO - Started process (PID=796) to work on /home/airflow/.local/lib/python3.7/site-packages/airflow/example_dags/tutorial.py
[2023-09-06T04:41:05.912+0000] {processor.py:743} INFO - Processing file /home/airflow/.local/lib/python3.7/site-packages/airflow/example_dags/tutorial.py for tasks to queue
[2023-09-06T04:41:05.913+0000] {logging_mixin.py:137} INFO - [2023-09-06T04:41:05.913+0000] {dagbag.py:538} INFO - Filling up the DagBag from /home/airflow/.local/lib/python3.7/site-packages/airflow/example_dags/tutorial.py
[2023-09-06T04:41:05.942+0000] {processor.py:753} INFO - DAG(s) dict_keys(['tutorial']) retrieved from /home/airflow/.local/lib/python3.7/site-packages/airflow/example_dags/tutorial.py
[2023-09-06T04:41:05.999+0000] {logging_mixin.py:137} INFO - [2023-09-06T04:41:05.999+0000] {dag.py:2690} INFO - Sync 1 DAGs
[2023-09-06T04:41:06.036+0000] {logging_mixin.py:137} INFO - [2023-09-06T04:41:06.036+0000] {dag.py:3441} INFO - Setting next_dagrun for tutorial to 2023-09-05T04:41:06.035858+00:00, run_after=2023-09-06T04:41:06.035858+00:00
[2023-09-06T04:41:06.075+0000] {processor.py:175} INFO - Processing /home/airflow/.local/lib/python3.7/site-packages/airflow/example_dags/tutorial.py took 0.169 seconds
[2023-09-06T04:41:36.652+0000] {processor.py:153} INFO - Started process (PID=865) to work on /home/airflow/.local/lib/python3.7/site-packages/airflow/example_dags/tutorial.py
[2023-09-06T04:41:36.654+0000] {processor.py:743} INFO - Processing file /home/airflow/.local/lib/python3.7/site-packages/airflow/example_dags/tutorial.py for tasks to queue
[2023-09-06T04:41:36.655+0000] {logging_mixin.py:137} INFO - [2023-09-06T04:41:36.655+0000] {dagbag.py:538} INFO - Filling up the DagBag from /home/airflow/.local/lib/python3.7/site-packages/airflow/example_dags/tutorial.py
[2023-09-06T04:41:36.670+0000] {processor.py:753} INFO - DAG(s) dict_keys(['tutorial']) retrieved from /home/airflow/.local/lib/python3.7/site-packages/airflow/example_dags/tutorial.py
[2023-09-06T04:41:36.701+0000] {logging_mixin.py:137} INFO - [2023-09-06T04:41:36.701+0000] {dag.py:2690} INFO - Sync 1 DAGs
[2023-09-06T04:41:36.735+0000] {logging_mixin.py:137} INFO - [2023-09-06T04:41:36.735+0000] {dag.py:3441} INFO - Setting next_dagrun for tutorial to 2023-09-05T04:41:36.734899+00:00, run_after=2023-09-06T04:41:36.734899+00:00
[2023-09-06T04:41:36.757+0000] {processor.py:175} INFO - Processing /home/airflow/.local/lib/python3.7/site-packages/airflow/example_dags/tutorial.py took 0.108 seconds
[2023-09-06T04:42:07.572+0000] {processor.py:153} INFO - Started process (PID=926) to work on /home/airflow/.local/lib/python3.7/site-packages/airflow/example_dags/tutorial.py
[2023-09-06T04:42:07.575+0000] {processor.py:743} INFO - Processing file /home/airflow/.local/lib/python3.7/site-packages/airflow/example_dags/tutorial.py for tasks to queue
[2023-09-06T04:42:07.577+0000] {logging_mixin.py:137} INFO - [2023-09-06T04:42:07.577+0000] {dagbag.py:538} INFO - Filling up the DagBag from /home/airflow/.local/lib/python3.7/site-packages/airflow/example_dags/tutorial.py
[2023-09-06T04:42:07.594+0000] {processor.py:753} INFO - DAG(s) dict_keys(['tutorial']) retrieved from /home/airflow/.local/lib/python3.7/site-packages/airflow/example_dags/tutorial.py
[2023-09-06T04:42:07.631+0000] {logging_mixin.py:137} INFO - [2023-09-06T04:42:07.631+0000] {dag.py:2690} INFO - Sync 1 DAGs
[2023-09-06T04:42:07.675+0000] {logging_mixin.py:137} INFO - [2023-09-06T04:42:07.675+0000] {dag.py:3441} INFO - Setting next_dagrun for tutorial to 2023-09-05T04:42:07.674900+00:00, run_after=2023-09-06T04:42:07.674900+00:00
[2023-09-06T04:42:07.707+0000] {processor.py:175} INFO - Processing /home/airflow/.local/lib/python3.7/site-packages/airflow/example_dags/tutorial.py took 0.141 seconds
[2023-09-06T04:42:37.914+0000] {processor.py:153} INFO - Started process (PID=986) to work on /home/airflow/.local/lib/python3.7/site-packages/airflow/example_dags/tutorial.py
[2023-09-06T04:42:37.917+0000] {processor.py:743} INFO - Processing file /home/airflow/.local/lib/python3.7/site-packages/airflow/example_dags/tutorial.py for tasks to queue
[2023-09-06T04:42:37.918+0000] {logging_mixin.py:137} INFO - [2023-09-06T04:42:37.918+0000] {dagbag.py:538} INFO - Filling up the DagBag from /home/airflow/.local/lib/python3.7/site-packages/airflow/example_dags/tutorial.py
[2023-09-06T04:42:37.946+0000] {processor.py:753} INFO - DAG(s) dict_keys(['tutorial']) retrieved from /home/airflow/.local/lib/python3.7/site-packages/airflow/example_dags/tutorial.py
[2023-09-06T04:42:37.982+0000] {logging_mixin.py:137} INFO - [2023-09-06T04:42:37.982+0000] {dag.py:2690} INFO - Sync 1 DAGs
[2023-09-06T04:42:38.024+0000] {logging_mixin.py:137} INFO - [2023-09-06T04:42:38.024+0000] {dag.py:3441} INFO - Setting next_dagrun for tutorial to 2023-09-05T04:42:38.024136+00:00, run_after=2023-09-06T04:42:38.024136+00:00
[2023-09-06T04:42:38.055+0000] {processor.py:175} INFO - Processing /home/airflow/.local/lib/python3.7/site-packages/airflow/example_dags/tutorial.py took 0.145 seconds
